mod	trans_guid	split_guid	time_now	date_entered	date_posted	acc_guid	acc_name	num	description	notes	memo	action	reconciled	amount	value	date_reconciled
-----------------
===== START
D	3a80af72f19243dd87177716d96895e2	6de372d395ff4910bccb6e23663892d8	2024-01-21 16:41:39	2024-01-21 16:41:39	2024-01-21 10:59:00								n	0/1	0/100	1970-01-01 00:00:00
===== END
===== START
D	23ef5564716743efa8f56adc8b514a0d	3cdab904bef046fd9916dfb36115bbce	2024-01-21 16:41:43	2024-01-21 16:41:43	2024-01-17 10:59:00	5f8cd3d7d07f4e76916a760d36c0523b	Checking Account		POS Debit - Visa Check Card 4551 - PLAZA LIQUORS LLC TUCSON				n	-1371/100	-1371/100	1970-01-01 00:00:00
===== END
===== START
D	2c860d0b969d462c8dc4e090ab9eb0ba	70c9d07145d7457fba6a1e1e11f50be0	2024-01-21 16:41:43	2024-01-21 16:41:43	2024-01-16 10:59:00	5f8cd3d7d07f4e76916a760d36c0523b	Checking Account		eDeposit-ScanMobile				n	20000/100	20000/100	1970-01-01 00:00:00
===== END
===== START
D	ea9172dc671a45dab89487b0bddf5ad6	8c1212b6b86440ce9ea0063915fc7130	2024-01-21 16:41:43	2024-01-21 16:41:43	2024-01-16 10:59:00	5f8cd3d7d07f4e76916a760d36c0523b	Checking Account		eDeposit-ScanMobile				n	20000/100	20000/100	1970-01-01 00:00:00
===== END
===== START
D	7bfda625fda042eb9e8b69ad39cec1a5	4c3fc1bf12ef4c54b1e5a6c4323fd105	2024-01-21 16:41:43	2024-01-21 16:41:43	2024-01-16 10:59:00	5f8cd3d7d07f4e76916a760d36c0523b	Checking Account		Deposit - B6481 BASIS EDUC				n	138064/100	138064/100	1970-01-01 00:00:00
===== END
===== START
D	b5c097e576a440fda97248551be49565	a61a1e3f93aa489aa5927494db7c8a80	2024-01-21 16:41:43	2024-01-21 16:41:43	2024-01-16 10:59:00	5f8cd3d7d07f4e76916a760d36c0523b	Checking Account		eDeposit-ScanMobile				n	597644/100	597644/100	1970-01-01 00:00:00
===== END
===== START
D	d77b6d1429014ad0ba4e566bf39dc553	d2f286f04d8d4e149a286c78e0ad60b8	2024-01-21 16:41:43	2024-01-21 16:41:43	2024-01-10 10:59:00	5f8cd3d7d07f4e76916a760d36c0523b	Checking Account		Deposit - RAYTHEON COMPANY				n	242733/100	242733/100	1970-01-01 00:00:00
===== END
===== START
D	67fb4241cf234c6599b220a73e74850d	f564fef5ae264bababa664e89187437b	2024-01-21 16:41:43	2024-01-21 16:41:43	2024-01-10 10:59:00	5f8cd3d7d07f4e76916a760d36c0523b	Checking Account		Paid Check 0000000319				n	-1400000/100	-1400000/100	1970-01-01 00:00:00
===== END
===== START
D	aebf2a4c2a4a4c6eb4a9446a75a140cf	60b9d65f2888446187510fa91c36b235	2024-01-21 16:41:43	2024-01-21 16:41:43	2024-01-05 10:59:00	5f8cd3d7d07f4e76916a760d36c0523b	Checking Account		ACH Transaction - COX COMM PHX BANK DRAFT 0009100001				n	-11512/100	-11512/100	1970-01-01 00:00:00
===== END
===== START
D	16f30a60e9b949e9b47c73b9b50193c9	4f126f1dcb4344f69a0b99d98edba274	2024-01-21 16:41:43	2024-01-21 16:41:43	2024-01-03 10:59:00	5f8cd3d7d07f4e76916a760d36c0523b	Checking Account		ACH Transaction - USAA P C AUTOPAY 0002100002				n	-18969/100	-18969/100	1970-01-01 00:00:00
===== END
===== START
D	3df16eb9d29649189652a394af56352a	3bfd790e3b2a4fc58cf3dd91f3fd90c4	2024-01-21 16:41:43	2024-01-21 16:41:43	2024-01-03 10:59:00	5f8cd3d7d07f4e76916a760d36c0523b	Checking Account		ACH Transaction - USAA FSB ICPAYMENT 0031407426				n	-40957/100	-40957/100	1970-01-01 00:00:00
===== END
===== START
D	3e7d5b83959542bb9668b304073e4424	f89fc2437f2243b5886e8278afa01793	2024-01-21 16:41:43	2024-01-21 16:41:43	2024-01-02 10:59:00	5f8cd3d7d07f4e76916a760d36c0523b	Checking Account		Transfer to Mortgage				n	-120324/100	-120324/100	1970-01-01 00:00:00
===== END
===== START
D	c789d3e2a01b4af5b76d131be59ac321	16d490d86a1d41f0a517fcd53ebb33a9	2024-01-21 16:41:43	2024-01-21 16:41:43	2024-01-02 10:59:00	5f8cd3d7d07f4e76916a760d36c0523b	Checking Account		ACH Transaction - TEP Corporate De SNAP PMT 0009100001				n	-14772/100	-14772/100	1970-01-01 00:00:00
===== END
===== START
===== END
===== START
===== END
===== START
===== END
===== START
===== END
===== START
===== END
===== START
===== END
===== START
===== END
===== START
===== END
===== START
===== END
===== START
===== END
===== START
===== END
===== START
===== END
===== START
D	b85d0e1e7d774e1fb19f923dbc78a344	ea8c276b8a5f4ec1924d880fd4ff4c92	2024-01-21 16:43:28	2024-01-21 16:43:28	2024-01-17 10:59:00	5f8cd3d7d07f4e76916a760d36c0523b	Checking Account		POS Debit - Visa Check Card 4551 - PLAZA LIQUORS LLC TUCSON				n	1371/100	1371/100	1970-01-01 00:00:00
===== END
===== START
D	92b4573da2064e9682aac50ffc087a97	c150775caf3a49f1931b4ab3d60a8c5b	2024-01-21 16:43:28	2024-01-21 16:43:28	2024-01-16 10:59:00	5f8cd3d7d07f4e76916a760d36c0523b	Checking Account		eDeposit-ScanMobile				n	-20000/100	-20000/100	1970-01-01 00:00:00
===== END
===== START
D	91ea9d50e1044acd9bc10610fc59917a	dcd105e49757420d81044e60a23fa1f7	2024-01-21 16:43:28	2024-01-21 16:43:28	2024-01-16 10:59:00	5f8cd3d7d07f4e76916a760d36c0523b	Checking Account		eDeposit-ScanMobile				n	-20000/100	-20000/100	1970-01-01 00:00:00
===== END
===== START
D	5e147fa84b8142ff8b8a159dcfdec975	d99c98e64ecd4a81bcd7606d7950e1f2	2024-01-21 16:43:28	2024-01-21 16:43:28	2024-01-16 10:59:00	5f8cd3d7d07f4e76916a760d36c0523b	Checking Account		Deposit - B6481 BASIS EDUC				n	-138064/100	-138064/100	1970-01-01 00:00:00
===== END
===== START
D	46e64ea00c2f44ca87c92c5659fa1829	a73cb7c2a97645aeb8289df68301141c	2024-01-21 16:43:28	2024-01-21 16:43:28	2024-01-16 10:59:00	5f8cd3d7d07f4e76916a760d36c0523b	Checking Account		eDeposit-ScanMobile				n	-597644/100	-597644/100	1970-01-01 00:00:00
===== END
===== START
D	8561a65639924709b42e3145ead4b23a	b4761fdbc2be40fe8604d666e3cc00d6	2024-01-21 16:43:28	2024-01-21 16:43:28	2024-01-10 10:59:00	5f8cd3d7d07f4e76916a760d36c0523b	Checking Account		Deposit - RAYTHEON COMPANY				n	-242733/100	-242733/100	1970-01-01 00:00:00
===== END
===== START
D	e57a7d574c184aca9fec2653551472a2	7c73d0d3a04a42d5aa049b1739b1cee8	2024-01-21 16:43:28	2024-01-21 16:43:28	2024-01-10 10:59:00	5f8cd3d7d07f4e76916a760d36c0523b	Checking Account		Paid Check 0000000319				n	1400000/100	1400000/100	1970-01-01 00:00:00
===== END
===== START
D	786ebcd951134800a2c6c1b688c490e4	3d305efb1de04f93a23eca9d37a03428	2024-01-21 16:43:28	2024-01-21 16:43:28	2024-01-05 10:59:00	5f8cd3d7d07f4e76916a760d36c0523b	Checking Account		ACH Transaction - COX COMM PHX BANK DRAFT 0009100001				n	11512/100	11512/100	1970-01-01 00:00:00
===== END
===== START
D	8419f3cf6056470baeb633424ef2ed9e	7e935a15d3f34da889a783eaa55233ed	2024-01-21 16:43:28	2024-01-21 16:43:28	2024-01-03 10:59:00	5f8cd3d7d07f4e76916a760d36c0523b	Checking Account		ACH Transaction - USAA P C AUTOPAY 0002100002				n	18969/100	18969/100	1970-01-01 00:00:00
===== END
===== START
D	325f7a049b0344e9aa66d1de415113f3	cd087d41b89f40b1a221e7b02d11dd68	2024-01-21 16:43:28	2024-01-21 16:43:28	2024-01-03 10:59:00	5f8cd3d7d07f4e76916a760d36c0523b	Checking Account		ACH Transaction - USAA FSB ICPAYMENT 0031407426				n	40957/100	40957/100	1970-01-01 00:00:00
===== END
===== START
D	2e9f26c0201a41b5a8e173b23a255f9d	b7bddf8cff5f4d1eaf7ee00230eddda8	2024-01-21 16:43:28	2024-01-21 16:43:28	2024-01-02 10:59:00	5f8cd3d7d07f4e76916a760d36c0523b	Checking Account		Transfer to Mortgage				n	120324/100	120324/100	1970-01-01 00:00:00
===== END
===== START
D	2f43e9ab1a9748358e45198e8a48345f	003b1ee5732c4d8a93cbfac92ba22d82	2024-01-21 16:43:28	2024-01-21 16:43:28	2024-01-02 10:59:00	5f8cd3d7d07f4e76916a760d36c0523b	Checking Account		ACH Transaction - TEP Corporate De SNAP PMT 0009100001				n	14772/100	14772/100	1970-01-01 00:00:00
===== END
===== START
===== END
===== START
===== END
===== START
===== END
===== START
===== END
===== START
===== END
===== START
===== END
===== START
===== END
===== START
===== END
===== START
===== END
===== START
===== END
===== START
===== END
===== START
===== END
===== START
C	c9072363591145b5a191b6efca72f802	119ca061ea004169931c11df7af0985d	2024-01-21 16:45:03	2024-01-21 16:45:03	2024-01-02 10:59:00	5f8cd3d7d07f4e76916a760d36c0523b	Checking Account		ACH Transaction - TEP Corporate De SNAP PMT 0009100001				c	-14772/100	-14772/100	2024-01-21 16:45:03
C	c9072363591145b5a191b6efca72f802	6b20e638b68340bbb0e309217f27b8ae	2024-01-21 16:45:03	2024-01-21 16:45:03	2024-01-02 10:59:00	3323a52a32464e5db6926fdc8fbced8f	Imbalance-USD		ACH Transaction - TEP Corporate De SNAP PMT 0009100001				n	14772/100	14772/100	1970-01-01 00:00:00
===== END
===== START
C	4f64c71844824613aad4574a1be3aafc	94c525db86b4425fbac7b58a5718ba7f	2024-01-21 16:45:03	2024-01-21 16:45:03	2024-01-02 10:59:00	5f8cd3d7d07f4e76916a760d36c0523b	Checking Account		Transfer to Mortgage				c	-120324/100	-120324/100	2024-01-21 16:45:03
C	4f64c71844824613aad4574a1be3aafc	b41ec5a846b54677b0470006236e27ec	2024-01-21 16:45:03	2024-01-21 16:45:03	2024-01-02 10:59:00	3323a52a32464e5db6926fdc8fbced8f	Imbalance-USD		Transfer to Mortgage				n	120324/100	120324/100	1970-01-01 00:00:00
===== END
===== START
C	fdb4126ed35d41ef826a4f25ddc3b52f	a4df7589501043d897750b0193f0aa3d	2024-01-21 16:45:03	2024-01-21 16:45:03	2024-01-03 10:59:00	5f8cd3d7d07f4e76916a760d36c0523b	Checking Account		ACH Transaction - USAA FSB ICPAYMENT 0031407426				c	-40957/100	-40957/100	2024-01-21 16:45:03
C	fdb4126ed35d41ef826a4f25ddc3b52f	7f29d3f139194719b7a8bc9993a01062	2024-01-21 16:45:03	2024-01-21 16:45:03	2024-01-03 10:59:00	3323a52a32464e5db6926fdc8fbced8f	Imbalance-USD		ACH Transaction - USAA FSB ICPAYMENT 0031407426				n	40957/100	40957/100	1970-01-01 00:00:00
===== END
===== START
C	cdbd897327b34e499a2c4957c3099850	1b30baa32df74ae482aaf3f88080c632	2024-01-21 16:45:03	2024-01-21 16:45:03	2024-01-03 10:59:00	5f8cd3d7d07f4e76916a760d36c0523b	Checking Account		ACH Transaction - USAA P C AUTOPAY 0002100002				c	-18969/100	-18969/100	2024-01-21 16:45:03
C	cdbd897327b34e499a2c4957c3099850	526479adc2c4484fbf933959957eaeb6	2024-01-21 16:45:03	2024-01-21 16:45:03	2024-01-03 10:59:00	3323a52a32464e5db6926fdc8fbced8f	Imbalance-USD		ACH Transaction - USAA P C AUTOPAY 0002100002				n	18969/100	18969/100	1970-01-01 00:00:00
===== END
===== START
C	3fdea95e934c4862992b5efeb53bdce7	294a55c473b24d428ca143ce66eed4c6	2024-01-21 16:45:03	2024-01-21 16:45:03	2024-01-05 10:59:00	5f8cd3d7d07f4e76916a760d36c0523b	Checking Account		ACH Transaction - COX COMM PHX BANK DRAFT 0009100001				c	-11512/100	-11512/100	2024-01-21 16:45:03
C	3fdea95e934c4862992b5efeb53bdce7	253e2cd761144d228685d76e491b02cd	2024-01-21 16:45:03	2024-01-21 16:45:03	2024-01-05 10:59:00	3323a52a32464e5db6926fdc8fbced8f	Imbalance-USD		ACH Transaction - COX COMM PHX BANK DRAFT 0009100001				n	11512/100	11512/100	1970-01-01 00:00:00
===== END
===== START
C	aa061c219a294f85bd03691867ce4463	c2dbcb5b3ec84af6bd4833de60440ad1	2024-01-21 16:45:03	2024-01-21 16:45:03	2024-01-10 10:59:00	5f8cd3d7d07f4e76916a760d36c0523b	Checking Account		Paid Check 0000000319				c	-1400000/100	-1400000/100	2024-01-21 16:45:03
C	aa061c219a294f85bd03691867ce4463	8a623040a9eb470fa451bbbe681ce52f	2024-01-21 16:45:03	2024-01-21 16:45:03	2024-01-10 10:59:00	3323a52a32464e5db6926fdc8fbced8f	Imbalance-USD		Paid Check 0000000319				n	1400000/100	1400000/100	1970-01-01 00:00:00
===== END
===== START
C	3796cbaff96f4e359b95189f88adb6a2	65540b97f12b4f8e83d23de57516721f	2024-01-21 16:45:03	2024-01-21 16:45:03	2024-01-10 10:59:00	5f8cd3d7d07f4e76916a760d36c0523b	Checking Account		Deposit - RAYTHEON COMPANY				c	242733/100	242733/100	2024-01-21 16:45:03
C	3796cbaff96f4e359b95189f88adb6a2	4f76a38b41af448da2f49c0ae99af6f9	2024-01-21 16:45:03	2024-01-21 16:45:03	2024-01-10 10:59:00	3323a52a32464e5db6926fdc8fbced8f	Imbalance-USD		Deposit - RAYTHEON COMPANY				n	-242733/100	-242733/100	1970-01-01 00:00:00
===== END
===== START
C	89bb763147b94fdbbf145d93245e6a6b	9975b829db44493f8ea98875a0d4c184	2024-01-21 16:45:03	2024-01-21 16:45:03	2024-01-16 10:59:00	5f8cd3d7d07f4e76916a760d36c0523b	Checking Account		eDeposit-ScanMobile				c	597644/100	597644/100	2024-01-21 16:45:03
C	89bb763147b94fdbbf145d93245e6a6b	d7b42e4791f84292a148a22336223fbf	2024-01-21 16:45:03	2024-01-21 16:45:03	2024-01-16 10:59:00	3323a52a32464e5db6926fdc8fbced8f	Imbalance-USD		eDeposit-ScanMobile				n	-597644/100	-597644/100	1970-01-01 00:00:00
===== END
===== START
C	6b1ed22470ee48a9a5d127a827f48e0d	e3f8e6b17ce2421e826b18125a89e460	2024-01-21 16:45:04	2024-01-21 16:45:03	2024-01-16 10:59:00	5f8cd3d7d07f4e76916a760d36c0523b	Checking Account		Deposit - B6481 BASIS EDUC				c	138064/100	138064/100	2024-01-21 16:45:03
C	6b1ed22470ee48a9a5d127a827f48e0d	16f52c3b2b624b8faf4af4f9dfb5c074	2024-01-21 16:45:04	2024-01-21 16:45:03	2024-01-16 10:59:00	3323a52a32464e5db6926fdc8fbced8f	Imbalance-USD		Deposit - B6481 BASIS EDUC				n	-138064/100	-138064/100	1970-01-01 00:00:00
===== END
===== START
C	bdde9d3ff5224eb8845d0a219e599776	0f07a8dc07dd4dc0ac9edfe837585e5d	2024-01-21 16:45:04	2024-01-21 16:45:04	2024-01-16 10:59:00	5f8cd3d7d07f4e76916a760d36c0523b	Checking Account		eDeposit-ScanMobile				c	20000/100	20000/100	2024-01-21 16:45:04
C	bdde9d3ff5224eb8845d0a219e599776	09f6c55c454a46d195b74c8db287b37a	2024-01-21 16:45:04	2024-01-21 16:45:04	2024-01-16 10:59:00	3323a52a32464e5db6926fdc8fbced8f	Imbalance-USD		eDeposit-ScanMobile				n	-20000/100	-20000/100	1970-01-01 00:00:00
===== END
===== START
C	473d0710dd6740fc92a258425d94458b	c48ab2ee08d744a9a8c135914f323e27	2024-01-21 16:45:04	2024-01-21 16:45:04	2024-01-16 10:59:00	5f8cd3d7d07f4e76916a760d36c0523b	Checking Account		eDeposit-ScanMobile				c	20000/100	20000/100	2024-01-21 16:45:04
C	473d0710dd6740fc92a258425d94458b	e36ceecc76034f7fb71f04e2cf07a7b6	2024-01-21 16:45:04	2024-01-21 16:45:04	2024-01-16 10:59:00	3323a52a32464e5db6926fdc8fbced8f	Imbalance-USD		eDeposit-ScanMobile				n	-20000/100	-20000/100	1970-01-01 00:00:00
===== END
===== START
C	d62f1d56d5a14613b5e937631af7343f	1d049e68c72b4490b41bf4fc0588840a	2024-01-21 16:45:04	2024-01-21 16:45:04	2024-01-17 10:59:00	5f8cd3d7d07f4e76916a760d36c0523b	Checking Account		POS Debit - Visa Check Card 4551 - PLAZA LIQUORS LLC TUCSON				c	-1371/100	-1371/100	2024-01-21 16:45:04
C	d62f1d56d5a14613b5e937631af7343f	f31444ca57f142f4bb88cf607080d322	2024-01-21 16:45:04	2024-01-21 16:45:04	2024-01-17 10:59:00	3323a52a32464e5db6926fdc8fbced8f	Imbalance-USD		POS Debit - Visa Check Card 4551 - PLAZA LIQUORS LLC TUCSON				n	1371/100	1371/100	1970-01-01 00:00:00
===== END
===== START
===== END
