mod	trans_guid	split_guid	time_now	date_entered	date_posted	acc_guid	acc_name	num	description	notes	memo	action	reconciled	amount	value	date_reconciled
-----------------
===== START
B	4f64c71844824613aad4574a1be3aafc	b41ec5a846b54677b0470006236e27ec	2024-08-12 03:15:29	2024-01-21 16:45:03	2024-01-02 10:59:00	7602e2e17a804b4193d324c2da3f52ad	Mortgage Loan		Transfer to Mortgage				n	35387/100	35387/100	1970-01-01 00:00:00
B	4f64c71844824613aad4574a1be3aafc	ee53ebd49f0e4a8f83ad6f2066ad3fa0	2024-08-12 03:15:29	2024-01-21 16:45:03	2024-01-02 10:59:00	7602e2e17a804b4193d324c2da3f52ad	Mortgage Loan		Transfer to Mortgage		Extra Principal Interest		n	15000/100	15000/100	1970-01-01 00:00:00
B	4f64c71844824613aad4574a1be3aafc	6268a67ca73347b692a64737182432ff	2024-08-12 03:15:29	2024-01-21 16:45:03	2024-01-02 10:59:00	bc61b4f3e7b14a539b5858a72298ded2	Mortgage Interest		Transfer to Mortgage				n	38304/100	38304/100	1970-01-01 00:00:00
B	4f64c71844824613aad4574a1be3aafc	af6d0a68557e49609c746c4ed5af1cc2	2024-08-12 03:15:29	2024-01-21 16:45:03	2024-01-02 10:59:00	e168b98faf4a487e8fe04ef314cd5797	Home Insurance		Transfer to Mortgage				n	31633/100	31633/100	1970-01-01 00:00:00
B	4f64c71844824613aad4574a1be3aafc	94c525db86b4425fbac7b58a5718ba7f	2024-08-12 03:15:29	2024-01-21 16:45:03	2024-01-02 10:59:00	5f8cd3d7d07f4e76916a760d36c0523b	Checking Account		Transfer to Mortgage				c	-120324/100	-120324/100	2024-01-21 16:45:03
===== END
===== START
C	4f64c71844824613aad4574a1be3aafc	b41ec5a846b54677b0470006236e27ec	2024-08-12 03:16:05	2024-01-21 16:45:03	2024-01-02 10:59:00	44e62de6d4584063a29e51d2b286354e	Principal		Transfer to Mortgage				n	35387/100	35387/100	1970-01-01 00:00:00
C	4f64c71844824613aad4574a1be3aafc	ee53ebd49f0e4a8f83ad6f2066ad3fa0	2024-08-12 03:16:05	2024-01-21 16:45:03	2024-01-02 10:59:00	44e62de6d4584063a29e51d2b286354e	Principal		Transfer to Mortgage		Extra Principal Interest		n	15000/100	15000/100	1970-01-01 00:00:00
C	4f64c71844824613aad4574a1be3aafc	6268a67ca73347b692a64737182432ff	2024-08-12 03:16:05	2024-01-21 16:45:03	2024-01-02 10:59:00	64f62a5cdd484a45bb34183b4362e035	Interest		Transfer to Mortgage				n	38304/100	38304/100	1970-01-01 00:00:00
C	4f64c71844824613aad4574a1be3aafc	af6d0a68557e49609c746c4ed5af1cc2	2024-08-12 03:16:05	2024-01-21 16:45:03	2024-01-02 10:59:00	8a82287b7caa43b288f83bca008f5def	Escrow		Transfer to Mortgage				n	31633/100	31633/100	1970-01-01 00:00:00
C	4f64c71844824613aad4574a1be3aafc	94c525db86b4425fbac7b58a5718ba7f	2024-08-12 03:16:05	2024-01-21 16:45:03	2024-01-02 10:59:00	5f8cd3d7d07f4e76916a760d36c0523b	Checking Account		Transfer to Mortgage				c	-120324/100	-120324/100	2024-01-21 16:45:03
===== END
===== START
===== END
===== START
B	03c688ffe64e48b88d30decf4024aaef	918bf4c7867b497b8f9a37e654e2efc4	2024-08-12 03:16:45	2024-08-11 16:41:40	2024-07-01 10:59:00	c1a75babbea345e8b2348dec32de443b	Mortgage Principal		Transfer To Mortgage	OFX ext. info: |Trans type:Generic debit|Memo:Transfer To Mortgage			n	36052/100	36052/100	1970-01-01 00:00:00
B	03c688ffe64e48b88d30decf4024aaef	75dbf5247fad47c291f01aa2ff378d4d	2024-08-12 03:16:45	2024-08-11 16:41:40	2024-07-01 10:59:00	57af0c9d6678493a9e63871c4089d09d	Principal Add.		Transfer To Mortgage	OFX ext. info: |Trans type:Generic debit|Memo:Transfer To Mortgage			n	15000/100	15000/100	1970-01-01 00:00:00
B	03c688ffe64e48b88d30decf4024aaef	095d2e9c028b4163b14ca888c424541c	2024-08-12 03:16:45	2024-08-11 16:41:40	2024-07-01 10:59:00	64f62a5cdd484a45bb34183b4362e035	Interest		Transfer To Mortgage	OFX ext. info: |Trans type:Generic debit|Memo:Transfer To Mortgage			n	37639/100	37639/100	1970-01-01 00:00:00
B	03c688ffe64e48b88d30decf4024aaef	55ae5a8bf7d14c3bbf413c998cc00641	2024-08-12 03:16:45	2024-08-11 16:41:40	2024-07-01 10:59:00	8a82287b7caa43b288f83bca008f5def	Escrow		Transfer To Mortgage	OFX ext. info: |Trans type:Generic debit|Memo:Transfer To Mortgage			n	31633/100	31633/100	1970-01-01 00:00:00
B	03c688ffe64e48b88d30decf4024aaef	531c6f11ee714931b2fd8df2f4727d99	2024-08-12 03:16:45	2024-08-11 16:41:40	2024-07-01 10:59:00	5f8cd3d7d07f4e76916a760d36c0523b	Checking Account		Transfer To Mortgage	OFX ext. info: |Trans type:Generic debit|Memo:Transfer To Mortgage	Transfer To Mortgage		c	-120324/100	-120324/100	2024-08-11 16:42:20
===== END
===== START
C	03c688ffe64e48b88d30decf4024aaef	918bf4c7867b497b8f9a37e654e2efc4	2024-08-12 03:17:00	2024-08-11 16:41:40	2024-07-01 10:59:00	44e62de6d4584063a29e51d2b286354e	Principal		Transfer To Mortgage	OFX ext. info: |Trans type:Generic debit|Memo:Transfer To Mortgage			n	36052/100	36052/100	1970-01-01 00:00:00
C	03c688ffe64e48b88d30decf4024aaef	75dbf5247fad47c291f01aa2ff378d4d	2024-08-12 03:17:00	2024-08-11 16:41:40	2024-07-01 10:59:00	57af0c9d6678493a9e63871c4089d09d	Principal Add.		Transfer To Mortgage	OFX ext. info: |Trans type:Generic debit|Memo:Transfer To Mortgage			n	15000/100	15000/100	1970-01-01 00:00:00
C	03c688ffe64e48b88d30decf4024aaef	095d2e9c028b4163b14ca888c424541c	2024-08-12 03:17:00	2024-08-11 16:41:40	2024-07-01 10:59:00	64f62a5cdd484a45bb34183b4362e035	Interest		Transfer To Mortgage	OFX ext. info: |Trans type:Generic debit|Memo:Transfer To Mortgage			n	37639/100	37639/100	1970-01-01 00:00:00
C	03c688ffe64e48b88d30decf4024aaef	55ae5a8bf7d14c3bbf413c998cc00641	2024-08-12 03:17:00	2024-08-11 16:41:40	2024-07-01 10:59:00	8a82287b7caa43b288f83bca008f5def	Escrow		Transfer To Mortgage	OFX ext. info: |Trans type:Generic debit|Memo:Transfer To Mortgage			n	31633/100	31633/100	1970-01-01 00:00:00
C	03c688ffe64e48b88d30decf4024aaef	531c6f11ee714931b2fd8df2f4727d99	2024-08-12 03:17:00	2024-08-11 16:41:40	2024-07-01 10:59:00	5f8cd3d7d07f4e76916a760d36c0523b	Checking Account		Transfer To Mortgage	OFX ext. info: |Trans type:Generic debit|Memo:Transfer To Mortgage	Transfer To Mortgage		c	-120324/100	-120324/100	2024-08-11 16:42:20
===== END
===== START
D	fa35aa347e8d4c098c352337499b11f9	4f3d6eed57f6457bbe14e493598019cd	2024-08-12 03:17:07	2024-08-12 03:17:07	2024-08-11 10:59:00								n	0/1	0/100	1970-01-01 00:00:00
===== END
===== START
===== END
===== START
B	4f64c71844824613aad4574a1be3aafc	b41ec5a846b54677b0470006236e27ec	2024-08-12 03:17:42	2024-01-21 16:45:03	2024-01-02 10:59:00	44e62de6d4584063a29e51d2b286354e	Principal		Transfer to Mortgage				n	35387/100	35387/100	1970-01-01 00:00:00
B	4f64c71844824613aad4574a1be3aafc	ee53ebd49f0e4a8f83ad6f2066ad3fa0	2024-08-12 03:17:42	2024-01-21 16:45:03	2024-01-02 10:59:00	44e62de6d4584063a29e51d2b286354e	Principal		Transfer to Mortgage		Extra Principal Interest		n	15000/100	15000/100	1970-01-01 00:00:00
B	4f64c71844824613aad4574a1be3aafc	6268a67ca73347b692a64737182432ff	2024-08-12 03:17:42	2024-01-21 16:45:03	2024-01-02 10:59:00	64f62a5cdd484a45bb34183b4362e035	Interest		Transfer to Mortgage				n	38304/100	38304/100	1970-01-01 00:00:00
B	4f64c71844824613aad4574a1be3aafc	af6d0a68557e49609c746c4ed5af1cc2	2024-08-12 03:17:42	2024-01-21 16:45:03	2024-01-02 10:59:00	8a82287b7caa43b288f83bca008f5def	Escrow		Transfer to Mortgage				n	31633/100	31633/100	1970-01-01 00:00:00
B	4f64c71844824613aad4574a1be3aafc	94c525db86b4425fbac7b58a5718ba7f	2024-08-12 03:17:42	2024-01-21 16:45:03	2024-01-02 10:59:00	5f8cd3d7d07f4e76916a760d36c0523b	Checking Account		Transfer to Mortgage				c	-120324/100	-120324/100	2024-01-21 16:45:03
===== END
===== START
C	4f64c71844824613aad4574a1be3aafc	b41ec5a846b54677b0470006236e27ec	2024-08-12 03:17:42	2024-01-21 16:45:03	2024-01-02 10:59:00	44e62de6d4584063a29e51d2b286354e	Principal		Transfer to Mortgage				n	35387/100	35387/100	1970-01-01 00:00:00
C	4f64c71844824613aad4574a1be3aafc	ee53ebd49f0e4a8f83ad6f2066ad3fa0	2024-08-12 03:17:42	2024-01-21 16:45:03	2024-01-02 10:59:00	57af0c9d6678493a9e63871c4089d09d	Principal Add.		Transfer to Mortgage		Extra Principal Interest		n	15000/100	15000/100	1970-01-01 00:00:00
C	4f64c71844824613aad4574a1be3aafc	6268a67ca73347b692a64737182432ff	2024-08-12 03:17:42	2024-01-21 16:45:03	2024-01-02 10:59:00	64f62a5cdd484a45bb34183b4362e035	Interest		Transfer to Mortgage				n	38304/100	38304/100	1970-01-01 00:00:00
C	4f64c71844824613aad4574a1be3aafc	af6d0a68557e49609c746c4ed5af1cc2	2024-08-12 03:17:42	2024-01-21 16:45:03	2024-01-02 10:59:00	8a82287b7caa43b288f83bca008f5def	Escrow		Transfer to Mortgage				n	31633/100	31633/100	1970-01-01 00:00:00
C	4f64c71844824613aad4574a1be3aafc	94c525db86b4425fbac7b58a5718ba7f	2024-08-12 03:17:42	2024-01-21 16:45:03	2024-01-02 10:59:00	5f8cd3d7d07f4e76916a760d36c0523b	Checking Account		Transfer to Mortgage				c	-120324/100	-120324/100	2024-01-21 16:45:03
===== END
