mod	trans_guid	split_guid	time_now	date_entered	date_posted	acc_guid	acc_name	num	description	notes	memo	action	reconciled	amount	value	date_reconciled
-----------------
===== START
===== END
===== START
B	6603866095064c4f9ad1d56005b5ed2e	d1e9380e549a4abb8f36ff8a1b84311f	2024-08-12 03:35:57	2024-01-21 17:09:53	2024-01-03 10:59:00	1062845aaafc40eeae65b1822c287a64	Mazda CX-30	0001	JCLICK MZ EAST F&I TUCSON AZ - 0001				n	100000/100	100000/100	1970-01-01 00:00:00
B	6603866095064c4f9ad1d56005b5ed2e	4fe31db96b35418aa386e07e66063b02	2024-08-12 03:35:57	2024-01-21 17:09:53	2024-01-03 10:59:00	48c0a9bb8af04622bbb5c2e2aac3f735	Navy Rewards Card	0001	JCLICK MZ EAST F&I TUCSON AZ - 0001				c	-100000/100	-100000/100	2024-01-21 17:09:53
===== END
===== START
C	6603866095064c4f9ad1d56005b5ed2e	d1e9380e549a4abb8f36ff8a1b84311f	2024-08-12 03:35:57	2024-01-21 17:09:53	2024-01-03 10:59:00	6939935e25c74abc830e50d2fe4f7ba9	Principle	0001	JCLICK MZ EAST F&I TUCSON AZ - 0001				n	100000/100	100000/100	1970-01-01 00:00:00
C	6603866095064c4f9ad1d56005b5ed2e	4fe31db96b35418aa386e07e66063b02	2024-08-12 03:35:57	2024-01-21 17:09:53	2024-01-03 10:59:00	48c0a9bb8af04622bbb5c2e2aac3f735	Navy Rewards Card	0001	JCLICK MZ EAST F&I TUCSON AZ - 0001				c	-100000/100	-100000/100	2024-01-21 17:09:53
===== END
===== START
B	aa061c219a294f85bd03691867ce4463	8a623040a9eb470fa451bbbe681ce52f	2024-08-12 03:36:32	2024-01-21 16:45:03	2024-01-10 10:59:00	1062845aaafc40eeae65b1822c287a64	Mazda CX-30		Paid Check 0000000319				n	1400000/100	1400000/100	1970-01-01 00:00:00
B	aa061c219a294f85bd03691867ce4463	c2dbcb5b3ec84af6bd4833de60440ad1	2024-08-12 03:36:32	2024-01-21 16:45:03	2024-01-10 10:59:00	5f8cd3d7d07f4e76916a760d36c0523b	Checking Account		Paid Check 0000000319				c	-1400000/100	-1400000/100	2024-02-25 23:12:08
===== END
===== START
C	aa061c219a294f85bd03691867ce4463	8a623040a9eb470fa451bbbe681ce52f	2024-08-12 03:36:32	2024-01-21 16:45:03	2024-01-10 10:59:00	6939935e25c74abc830e50d2fe4f7ba9	Principle		Paid Check 0000000319				n	1400000/100	1400000/100	1970-01-01 00:00:00
C	aa061c219a294f85bd03691867ce4463	c2dbcb5b3ec84af6bd4833de60440ad1	2024-08-12 03:36:32	2024-01-21 16:45:03	2024-01-10 10:59:00	5f8cd3d7d07f4e76916a760d36c0523b	Checking Account		Paid Check 0000000319				c	-1400000/100	-1400000/100	2024-02-25 23:12:08
===== END
===== START
B	a2bdd84a2331415780be55d1f14468d1	4d4b7af8663b45bf96ac7ce3c2c22a56	2024-08-12 03:39:52	2024-02-25 23:11:31	2024-02-15 10:59:00	1062845aaafc40eeae65b1822c287a64	Mazda CX-30		USAA	OFX ext. info: |Trans type:Generic debit|Memo:ACH Debit - Usaa Fsb  Icpayment 31407426|Date funds available:2024-02-15 12:00:00			n	33536/100	33536/100	1970-01-01 00:00:00
B	a2bdd84a2331415780be55d1f14468d1	d06d61b5af1340f790e707426b9dfa7d	2024-08-12 03:39:52	2024-02-25 23:11:31	2024-02-15 10:59:00	5f8cd3d7d07f4e76916a760d36c0523b	Checking Account		USAA	OFX ext. info: |Trans type:Generic debit|Memo:ACH Debit - Usaa Fsb  Icpayment 31407426|Date funds available:2024-02-15 12:00:00	ACH Debit - Usaa Fsb  Icpayment 31407426		c	-33536/100	-33536/100	2024-02-25 23:12:08
===== END
===== START
C	a2bdd84a2331415780be55d1f14468d1	4d4b7af8663b45bf96ac7ce3c2c22a56	2024-08-12 03:39:52	2024-02-25 23:11:31	2024-02-15 10:59:00	e7e94c71dd214f239201435c152aa2d4	Interest		USAA	OFX ext. info: |Trans type:Generic debit|Memo:ACH Debit - Usaa Fsb  Icpayment 31407426|Date funds available:2024-02-15 12:00:00			n	22118/100	22118/100	1970-01-01 00:00:00
C	a2bdd84a2331415780be55d1f14468d1	d06d61b5af1340f790e707426b9dfa7d	2024-08-12 03:39:52	2024-02-25 23:11:31	2024-02-15 10:59:00	5f8cd3d7d07f4e76916a760d36c0523b	Checking Account		USAA	OFX ext. info: |Trans type:Generic debit|Memo:ACH Debit - Usaa Fsb  Icpayment 31407426|Date funds available:2024-02-15 12:00:00	ACH Debit - Usaa Fsb  Icpayment 31407426		c	-33536/100	-33536/100	2024-02-25 23:12:08
C	a2bdd84a2331415780be55d1f14468d1	1a4b400cb7d24fbb9f85f33d9291a7aa	2024-08-12 03:39:52	2024-02-25 23:11:31	2024-02-15 10:59:00	3323a52a32464e5db6926fdc8fbced8f	Imbalance-USD		USAA	OFX ext. info: |Trans type:Generic debit|Memo:ACH Debit - Usaa Fsb  Icpayment 31407426|Date funds available:2024-02-15 12:00:00			n	11418/100	11418/100	1970-01-01 00:00:00
===== END
===== START
B	b121d341f75b49fd9457429c6263a9b1	c65a160b89804971b7246b9b7f6ed13f	2024-08-12 03:40:19	2024-03-24 13:56:49	2024-03-15 10:59:00	1062845aaafc40eeae65b1822c287a64	Mazda CX-30		USAA	OFX ext. info: |Trans type:Generic debit|Memo:ACH Debit - Usaa Fsb  Icpayment 31407426|Date funds available:2024-03-15 12:00:00			n	33536/100	33536/100	1970-01-01 00:00:00
B	b121d341f75b49fd9457429c6263a9b1	83827198b4b44f459bec8119a010ca2a	2024-08-12 03:40:19	2024-03-24 13:56:49	2024-03-15 10:59:00	5f8cd3d7d07f4e76916a760d36c0523b	Checking Account		USAA	OFX ext. info: |Trans type:Generic debit|Memo:ACH Debit - Usaa Fsb  Icpayment 31407426|Date funds available:2024-03-15 12:00:00	ACH Debit - Usaa Fsb  Icpayment 31407426		c	-33536/100	-33536/100	2024-03-24 13:56:59
===== END
===== START
C	b121d341f75b49fd9457429c6263a9b1	c65a160b89804971b7246b9b7f6ed13f	2024-08-12 03:40:19	2024-03-24 13:56:49	2024-03-15 10:59:00	e7e94c71dd214f239201435c152aa2d4	Interest		USAA	OFX ext. info: |Trans type:Generic debit|Memo:ACH Debit - Usaa Fsb  Icpayment 31407426|Date funds available:2024-03-15 12:00:00			n	24934/100	24934/100	1970-01-01 00:00:00
C	b121d341f75b49fd9457429c6263a9b1	83827198b4b44f459bec8119a010ca2a	2024-08-12 03:40:19	2024-03-24 13:56:49	2024-03-15 10:59:00	5f8cd3d7d07f4e76916a760d36c0523b	Checking Account		USAA	OFX ext. info: |Trans type:Generic debit|Memo:ACH Debit - Usaa Fsb  Icpayment 31407426|Date funds available:2024-03-15 12:00:00	ACH Debit - Usaa Fsb  Icpayment 31407426		c	-33536/100	-33536/100	2024-03-24 13:56:59
C	b121d341f75b49fd9457429c6263a9b1	ab89203cd7a04da78ef73166c1beca19	2024-08-12 03:40:19	2024-03-24 13:56:49	2024-03-15 10:59:00	3323a52a32464e5db6926fdc8fbced8f	Imbalance-USD		USAA	OFX ext. info: |Trans type:Generic debit|Memo:ACH Debit - Usaa Fsb  Icpayment 31407426|Date funds available:2024-03-15 12:00:00			n	8602/100	8602/100	1970-01-01 00:00:00
===== END
===== START
===== END
===== START
===== END
