mod	trans_guid	split_guid	time_now	date_entered	date_posted	acc_guid	acc_name	num	description	notes	memo	action	reconciled	amount	value	date_reconciled
-----------------
===== START
B	bc183b5a08d74b959b026a11a6c57978	040f4bd1e5bd42378830c4ae8ef294d0	2024-08-12 00:11:55	2024-01-21 17:09:54	2024-01-19 10:59:00	00785621cb0d46609fa7bfc63b0654ff	Transportation	0001	Uber				n	100/100	100/100	1970-01-01 00:00:00
B	bc183b5a08d74b959b026a11a6c57978	cb44e99e6e554e9d9a0daf5f32fd9948	2024-08-12 00:11:55	2024-01-21 17:09:54	2024-01-19 10:59:00	48c0a9bb8af04622bbb5c2e2aac3f735	Navy Rewards Card	0001	Uber				c	-100/100	-100/100	2024-02-04 20:43:14
===== END
===== START
B	0573f63a57cf48a893dd53c03875c293	7068e3fcd9ea4f46963938abcb547f86	2024-08-12 00:11:55	2024-02-04 20:43:14	2024-01-22 10:59:00	00785621cb0d46609fa7bfc63b0654ff	Transportation		UBER TRIP HELPUBERCOM CA				n	699/100	699/100	1970-01-01 00:00:00
B	0573f63a57cf48a893dd53c03875c293	4244d25ca69b45e78c7a9ddc103fa0c0	2024-08-12 00:11:55	2024-02-04 20:43:14	2024-01-22 10:59:00	48c0a9bb8af04622bbb5c2e2aac3f735	Navy Rewards Card		UBER TRIP HELPUBERCOM CA				c	-699/100	-699/100	2024-02-04 20:43:14
===== END
===== START
B	2e9130c5f38e46849033129c28247a47	036c5f0675744145b62dd24ed1afbacb	2024-08-12 00:11:55	2024-02-04 20:43:14	2024-01-22 10:59:00	00785621cb0d46609fa7bfc63b0654ff	Transportation		UBER TRIP HELPUBERCOM CA				n	1199/100	1199/100	1970-01-01 00:00:00
B	2e9130c5f38e46849033129c28247a47	06207e7fdce14a6a9d20200389d450c8	2024-08-12 00:11:55	2024-02-04 20:43:14	2024-01-22 10:59:00	48c0a9bb8af04622bbb5c2e2aac3f735	Navy Rewards Card		UBER TRIP HELPUBERCOM CA				c	-1199/100	-1199/100	2024-02-04 20:43:14
===== END
===== START
B	699a6661ecad44ab916e0cde2621012c	3e986656fd2347f885fb6adb5c700d84	2024-08-12 00:11:55	2024-02-04 20:43:14	2024-01-22 10:59:00	00785621cb0d46609fa7bfc63b0654ff	Transportation		UBER TRIP HELPUBERCOM CA				n	100/100	100/100	1970-01-01 00:00:00
B	699a6661ecad44ab916e0cde2621012c	34019fbeb4d244058c8247afe4884693	2024-08-12 00:11:55	2024-02-04 20:43:14	2024-01-22 10:59:00	48c0a9bb8af04622bbb5c2e2aac3f735	Navy Rewards Card		UBER TRIP HELPUBERCOM CA				c	-100/100	-100/100	2024-02-04 20:43:14
===== END
===== START
B	5315f4daad8041ce8c05c9109d4fb253	26ece9b7e2a347bfa3180b998157db96	2024-08-12 00:11:55	2024-08-11 19:49:23	2024-04-02 10:59:00	00785621cb0d46609fa7bfc63b0654ff	Transportation		Avis	OFX ext. info: |Trans type:Generic debit|Memo:AVIS RENT-A-CAR EGLIN AFB FL - 0001			n	8814/100	8814/100	1970-01-01 00:00:00
B	5315f4daad8041ce8c05c9109d4fb253	114ce3d3c47445f7af32e50f65706d4a	2024-08-12 00:11:55	2024-08-11 19:49:23	2024-04-02 10:59:00	48c0a9bb8af04622bbb5c2e2aac3f735	Navy Rewards Card		Avis	OFX ext. info: |Trans type:Generic debit|Memo:AVIS RENT-A-CAR EGLIN AFB FL - 0001	AVIS RENT-A-CAR EGLIN AFB FL - 0001		c	-8814/100	-8814/100	2024-08-11 20:19:10
===== END
===== START
B	35368003c2ad462ba3a17e99bb0bd88d	0b6f4d65505a4822953ef8e4d9a18381	2024-08-12 00:11:55	2024-08-11 19:49:23	2024-04-08 10:59:00	00785621cb0d46609fa7bfc63b0654ff	Transportation		GoTucson - Parking XX-2500 NC -	OFX ext. info: |Trans type:Generic debit|Memo:GoTucson - Parking 704-817-2500 NC - 0001			n	230/100	230/100	1970-01-01 00:00:00
B	35368003c2ad462ba3a17e99bb0bd88d	81fb9498eacb4fefbf26631ee835d339	2024-08-12 00:11:55	2024-08-11 19:49:23	2024-04-08 10:59:00	48c0a9bb8af04622bbb5c2e2aac3f735	Navy Rewards Card		GoTucson - Parking XX-2500 NC -	OFX ext. info: |Trans type:Generic debit|Memo:GoTucson - Parking 704-817-2500 NC - 0001	GoTucson - Parking 704-817-2500 NC - 0001		c	-230/100	-230/100	2024-08-11 20:19:10
===== END
===== START
B	bb37c00eee4e4b0097ce38b7a1c54d49	dee3388211454bbdbeca521571ae4571	2024-08-12 00:11:55	2024-08-11 19:49:23	2024-04-08 10:59:00	00785621cb0d46609fa7bfc63b0654ff	Transportation		PIMA CNTY PARKING GARAGE TUCSON	OFX ext. info: |Trans type:Generic debit|Memo:PIMA CNTY PARKING GARAGE TUCSON AZ - 0001			n	200/100	200/100	1970-01-01 00:00:00
B	bb37c00eee4e4b0097ce38b7a1c54d49	f49c97f1aeff4afeae655ce7d4f8c6f5	2024-08-12 00:11:55	2024-08-11 19:49:23	2024-04-08 10:59:00	48c0a9bb8af04622bbb5c2e2aac3f735	Navy Rewards Card		PIMA CNTY PARKING GARAGE TUCSON	OFX ext. info: |Trans type:Generic debit|Memo:PIMA CNTY PARKING GARAGE TUCSON AZ - 0001	PIMA CNTY PARKING GARAGE TUCSON AZ - 0001		c	-200/100	-200/100	2024-08-11 20:19:10
===== END
===== START
B	5828bc46d90441a3a8a3e2bd9e662844	d16a38e275b74f05850576b2f3801c51	2024-08-12 00:11:55	2024-08-11 19:49:23	2024-04-11 10:59:00	00785621cb0d46609fa7bfc63b0654ff	Transportation		Uber	OFX ext. info: |Trans type:Generic debit|Memo:UBER TRIP HELP.UBER.COMCA - 0001			n	2799/100	2799/100	1970-01-01 00:00:00
B	5828bc46d90441a3a8a3e2bd9e662844	3ed74b4bf33e4f90ae8f29952a71b0c3	2024-08-12 00:11:55	2024-08-11 19:49:23	2024-04-11 10:59:00	48c0a9bb8af04622bbb5c2e2aac3f735	Navy Rewards Card		Uber	OFX ext. info: |Trans type:Generic debit|Memo:UBER TRIP HELP.UBER.COMCA - 0001	UBER TRIP HELP.UBER.COMCA - 0001		c	-2799/100	-2799/100	2024-08-11 20:19:10
===== END
===== START
B	8f6d7e66895d4f09af7c8ef8d618374e	f2dfd7e819954e9ba2c179175a21a563	2024-08-12 00:11:55	2024-08-11 19:49:23	2024-04-15 10:59:00	00785621cb0d46609fa7bfc63b0654ff	Transportation		Uber	OFX ext. info: |Trans type:Generic debit|Memo:UBER TRIP HELP.UBER.COMCA - 0001			n	1596/100	1596/100	1970-01-01 00:00:00
B	8f6d7e66895d4f09af7c8ef8d618374e	90a5e1ef44414835bd83e56c791a10b6	2024-08-12 00:11:55	2024-08-11 19:49:23	2024-04-15 10:59:00	48c0a9bb8af04622bbb5c2e2aac3f735	Navy Rewards Card		Uber	OFX ext. info: |Trans type:Generic debit|Memo:UBER TRIP HELP.UBER.COMCA - 0001	UBER TRIP HELP.UBER.COMCA - 0001		c	-1596/100	-1596/100	2024-08-11 20:19:10
===== END
===== START
C	bc183b5a08d74b959b026a11a6c57978	040f4bd1e5bd42378830c4ae8ef294d0	2024-08-12 00:11:55	2024-01-21 17:09:54	2024-01-19 10:59:00	d3c68d09f17f41fd847d470b8ca9a445	Transportation	0001	Uber				n	100/100	100/100	1970-01-01 00:00:00
C	bc183b5a08d74b959b026a11a6c57978	cb44e99e6e554e9d9a0daf5f32fd9948	2024-08-12 00:11:55	2024-01-21 17:09:54	2024-01-19 10:59:00	48c0a9bb8af04622bbb5c2e2aac3f735	Navy Rewards Card	0001	Uber				c	-100/100	-100/100	2024-02-04 20:43:14
===== END
===== START
C	0573f63a57cf48a893dd53c03875c293	7068e3fcd9ea4f46963938abcb547f86	2024-08-12 00:11:55	2024-02-04 20:43:14	2024-01-22 10:59:00	d3c68d09f17f41fd847d470b8ca9a445	Transportation		UBER TRIP HELPUBERCOM CA				n	699/100	699/100	1970-01-01 00:00:00
C	0573f63a57cf48a893dd53c03875c293	4244d25ca69b45e78c7a9ddc103fa0c0	2024-08-12 00:11:55	2024-02-04 20:43:14	2024-01-22 10:59:00	48c0a9bb8af04622bbb5c2e2aac3f735	Navy Rewards Card		UBER TRIP HELPUBERCOM CA				c	-699/100	-699/100	2024-02-04 20:43:14
===== END
===== START
C	2e9130c5f38e46849033129c28247a47	036c5f0675744145b62dd24ed1afbacb	2024-08-12 00:11:55	2024-02-04 20:43:14	2024-01-22 10:59:00	d3c68d09f17f41fd847d470b8ca9a445	Transportation		UBER TRIP HELPUBERCOM CA				n	1199/100	1199/100	1970-01-01 00:00:00
C	2e9130c5f38e46849033129c28247a47	06207e7fdce14a6a9d20200389d450c8	2024-08-12 00:11:55	2024-02-04 20:43:14	2024-01-22 10:59:00	48c0a9bb8af04622bbb5c2e2aac3f735	Navy Rewards Card		UBER TRIP HELPUBERCOM CA				c	-1199/100	-1199/100	2024-02-04 20:43:14
===== END
===== START
C	699a6661ecad44ab916e0cde2621012c	3e986656fd2347f885fb6adb5c700d84	2024-08-12 00:11:55	2024-02-04 20:43:14	2024-01-22 10:59:00	d3c68d09f17f41fd847d470b8ca9a445	Transportation		UBER TRIP HELPUBERCOM CA				n	100/100	100/100	1970-01-01 00:00:00
C	699a6661ecad44ab916e0cde2621012c	34019fbeb4d244058c8247afe4884693	2024-08-12 00:11:55	2024-02-04 20:43:14	2024-01-22 10:59:00	48c0a9bb8af04622bbb5c2e2aac3f735	Navy Rewards Card		UBER TRIP HELPUBERCOM CA				c	-100/100	-100/100	2024-02-04 20:43:14
===== END
===== START
C	5315f4daad8041ce8c05c9109d4fb253	26ece9b7e2a347bfa3180b998157db96	2024-08-12 00:11:55	2024-08-11 19:49:23	2024-04-02 10:59:00	d3c68d09f17f41fd847d470b8ca9a445	Transportation		Avis	OFX ext. info: |Trans type:Generic debit|Memo:AVIS RENT-A-CAR EGLIN AFB FL - 0001			n	8814/100	8814/100	1970-01-01 00:00:00
C	5315f4daad8041ce8c05c9109d4fb253	114ce3d3c47445f7af32e50f65706d4a	2024-08-12 00:11:55	2024-08-11 19:49:23	2024-04-02 10:59:00	48c0a9bb8af04622bbb5c2e2aac3f735	Navy Rewards Card		Avis	OFX ext. info: |Trans type:Generic debit|Memo:AVIS RENT-A-CAR EGLIN AFB FL - 0001	AVIS RENT-A-CAR EGLIN AFB FL - 0001		c	-8814/100	-8814/100	2024-08-11 20:19:10
===== END
===== START
C	35368003c2ad462ba3a17e99bb0bd88d	0b6f4d65505a4822953ef8e4d9a18381	2024-08-12 00:11:55	2024-08-11 19:49:23	2024-04-08 10:59:00	d3c68d09f17f41fd847d470b8ca9a445	Transportation		GoTucson - Parking XX-2500 NC -	OFX ext. info: |Trans type:Generic debit|Memo:GoTucson - Parking 704-817-2500 NC - 0001			n	230/100	230/100	1970-01-01 00:00:00
C	35368003c2ad462ba3a17e99bb0bd88d	81fb9498eacb4fefbf26631ee835d339	2024-08-12 00:11:55	2024-08-11 19:49:23	2024-04-08 10:59:00	48c0a9bb8af04622bbb5c2e2aac3f735	Navy Rewards Card		GoTucson - Parking XX-2500 NC -	OFX ext. info: |Trans type:Generic debit|Memo:GoTucson - Parking 704-817-2500 NC - 0001	GoTucson - Parking 704-817-2500 NC - 0001		c	-230/100	-230/100	2024-08-11 20:19:10
===== END
===== START
C	bb37c00eee4e4b0097ce38b7a1c54d49	dee3388211454bbdbeca521571ae4571	2024-08-12 00:11:55	2024-08-11 19:49:23	2024-04-08 10:59:00	d3c68d09f17f41fd847d470b8ca9a445	Transportation		PIMA CNTY PARKING GARAGE TUCSON	OFX ext. info: |Trans type:Generic debit|Memo:PIMA CNTY PARKING GARAGE TUCSON AZ - 0001			n	200/100	200/100	1970-01-01 00:00:00
C	bb37c00eee4e4b0097ce38b7a1c54d49	f49c97f1aeff4afeae655ce7d4f8c6f5	2024-08-12 00:11:55	2024-08-11 19:49:23	2024-04-08 10:59:00	48c0a9bb8af04622bbb5c2e2aac3f735	Navy Rewards Card		PIMA CNTY PARKING GARAGE TUCSON	OFX ext. info: |Trans type:Generic debit|Memo:PIMA CNTY PARKING GARAGE TUCSON AZ - 0001	PIMA CNTY PARKING GARAGE TUCSON AZ - 0001		c	-200/100	-200/100	2024-08-11 20:19:10
===== END
===== START
C	5828bc46d90441a3a8a3e2bd9e662844	d16a38e275b74f05850576b2f3801c51	2024-08-12 00:11:55	2024-08-11 19:49:23	2024-04-11 10:59:00	d3c68d09f17f41fd847d470b8ca9a445	Transportation		Uber	OFX ext. info: |Trans type:Generic debit|Memo:UBER TRIP HELP.UBER.COMCA - 0001			n	2799/100	2799/100	1970-01-01 00:00:00
C	5828bc46d90441a3a8a3e2bd9e662844	3ed74b4bf33e4f90ae8f29952a71b0c3	2024-08-12 00:11:55	2024-08-11 19:49:23	2024-04-11 10:59:00	48c0a9bb8af04622bbb5c2e2aac3f735	Navy Rewards Card		Uber	OFX ext. info: |Trans type:Generic debit|Memo:UBER TRIP HELP.UBER.COMCA - 0001	UBER TRIP HELP.UBER.COMCA - 0001		c	-2799/100	-2799/100	2024-08-11 20:19:10
===== END
===== START
C	8f6d7e66895d4f09af7c8ef8d618374e	f2dfd7e819954e9ba2c179175a21a563	2024-08-12 00:11:55	2024-08-11 19:49:23	2024-04-15 10:59:00	d3c68d09f17f41fd847d470b8ca9a445	Transportation		Uber	OFX ext. info: |Trans type:Generic debit|Memo:UBER TRIP HELP.UBER.COMCA - 0001			n	1596/100	1596/100	1970-01-01 00:00:00
C	8f6d7e66895d4f09af7c8ef8d618374e	90a5e1ef44414835bd83e56c791a10b6	2024-08-12 00:11:55	2024-08-11 19:49:23	2024-04-15 10:59:00	48c0a9bb8af04622bbb5c2e2aac3f735	Navy Rewards Card		Uber	OFX ext. info: |Trans type:Generic debit|Memo:UBER TRIP HELP.UBER.COMCA - 0001	UBER TRIP HELP.UBER.COMCA - 0001		c	-1596/100	-1596/100	2024-08-11 20:19:10
===== END
===== START
D	9a31e9d29c8843a191185de3775909cb	d37c47296cc745c4bd1d184eb4cde3c2	2024-08-12 00:11:55	2024-08-12 00:11:55	2024-08-11 10:59:00								n	0/1	0/100	1970-01-01 00:00:00
===== END
===== START
===== END
===== START
===== END
===== START
D	ea5d09098f284dbe9741ec7a13198d7f	d9de248d40eb443e8b170d6e739c5781	2024-08-12 00:12:17	2024-08-12 00:12:17	2024-08-11 10:59:00								n	0/1	0/100	1970-01-01 00:00:00
===== END
===== START
===== END
===== START
B	9ed0b34712c74f2f8e11ec1b9c2a0687	4675b3a367374a59aa2a24770888c719	2024-08-12 00:12:58	2024-08-11 19:49:23	2024-04-05 10:59:00	fc290de6495a4fd79f0a8aea25609814	Air		American Airlines	OFX ext. info: |Trans type:Generic debit|Memo:AMERICAN AIR0010648216160FORT WORTH TX - 0001			n	1922/100	1922/100	1970-01-01 00:00:00
B	9ed0b34712c74f2f8e11ec1b9c2a0687	c4e97080283445c88798a4b53b83d42a	2024-08-12 00:12:58	2024-08-11 19:49:23	2024-04-05 10:59:00	48c0a9bb8af04622bbb5c2e2aac3f735	Navy Rewards Card		American Airlines	OFX ext. info: |Trans type:Generic debit|Memo:AMERICAN AIR0010648216160FORT WORTH TX - 0001	AMERICAN AIR0010648216160FORT WORTH TX - 0001		c	-1922/100	-1922/100	2024-08-11 20:19:10
===== END
===== START
B	b86c37acdb814e17ac971911cd35dd19	5f535a953b564b009a4a48e7a9bcfee1	2024-08-12 00:12:58	2024-08-11 19:49:23	2024-04-05 10:59:00	fc290de6495a4fd79f0a8aea25609814	Air		American Airlines	OFX ext. info: |Trans type:Generic debit|Memo:AMERICAN AIR0012130374810FORT WORTH TX - 0001			n	14760/100	14760/100	1970-01-01 00:00:00
B	b86c37acdb814e17ac971911cd35dd19	9c9abedf67ee43169218272921aceb64	2024-08-12 00:12:58	2024-08-11 19:49:23	2024-04-05 10:59:00	48c0a9bb8af04622bbb5c2e2aac3f735	Navy Rewards Card		American Airlines	OFX ext. info: |Trans type:Generic debit|Memo:AMERICAN AIR0012130374810FORT WORTH TX - 0001	AMERICAN AIR0012130374810FORT WORTH TX - 0001		c	-14760/100	-14760/100	2024-08-11 20:19:10
===== END
===== START
B	bf32ee269c8043a6baed7d5c28e2711f	90a50b0481a04120aa47de4727a9d731	2024-08-12 00:12:58	2024-08-11 19:49:23	2024-04-05 10:59:00	fc290de6495a4fd79f0a8aea25609814	Air		American Airlines	OFX ext. info: |Trans type:Generic debit|Memo:AMERICAN AIR0010648216159FORT WORTH TX - 0001			n	1976/100	1976/100	1970-01-01 00:00:00
B	bf32ee269c8043a6baed7d5c28e2711f	5d0b45dacb044eff9ea1e2ad6a62ae23	2024-08-12 00:12:58	2024-08-11 19:49:23	2024-04-05 10:59:00	48c0a9bb8af04622bbb5c2e2aac3f735	Navy Rewards Card		American Airlines	OFX ext. info: |Trans type:Generic debit|Memo:AMERICAN AIR0010648216159FORT WORTH TX - 0001	AMERICAN AIR0010648216159FORT WORTH TX - 0001		c	-1976/100	-1976/100	2024-08-11 20:19:10
===== END
===== START
B	d64976f5ddb445efa64cb7c16f8764a7	ce12e024aad14093846e7c8b4e0d3479	2024-08-12 00:12:58	2024-08-11 19:49:23	2024-04-05 10:59:00	fc290de6495a4fd79f0a8aea25609814	Air		American Airlines	OFX ext. info: |Trans type:Generic debit|Memo:AMERICAN AIR0012130374811FORT WORTH TX - 0001			n	14760/100	14760/100	1970-01-01 00:00:00
B	d64976f5ddb445efa64cb7c16f8764a7	09f01204b1464c82a76e9f7164a71de8	2024-08-12 00:12:58	2024-08-11 19:49:23	2024-04-05 10:59:00	48c0a9bb8af04622bbb5c2e2aac3f735	Navy Rewards Card		American Airlines	OFX ext. info: |Trans type:Generic debit|Memo:AMERICAN AIR0012130374811FORT WORTH TX - 0001	AMERICAN AIR0012130374811FORT WORTH TX - 0001		c	-14760/100	-14760/100	2024-08-11 20:19:10
===== END
===== START
B	f247f543fe034674b6c238db110f1500	afe2aa84879f4fb49ac7198d34dd18e7	2024-08-12 00:12:58	2024-08-11 19:49:23	2024-04-05 10:59:00	fc290de6495a4fd79f0a8aea25609814	Air		American Airlines	OFX ext. info: |Trans type:Generic debit|Memo:AMERICAN AIR0012130384417FORT WORTH TX - 4430			n	30110/100	30110/100	1970-01-01 00:00:00
B	f247f543fe034674b6c238db110f1500	1ed47a2e687444dd85e51fc5a85ea1a6	2024-08-12 00:12:58	2024-08-11 19:49:23	2024-04-05 10:59:00	48c0a9bb8af04622bbb5c2e2aac3f735	Navy Rewards Card		American Airlines	OFX ext. info: |Trans type:Generic debit|Memo:AMERICAN AIR0012130384417FORT WORTH TX - 4430	AMERICAN AIR0012130384417FORT WORTH TX - 4430		c	-30110/100	-30110/100	2024-08-11 20:19:10
===== END
===== START
B	b22eebf8efaa4f3faa5083556a40670f	3c39776b53344de984a23f58e6fe6044	2024-08-12 00:12:58	2024-08-11 19:49:23	2024-04-08 10:59:00	fc290de6495a4fd79f0a8aea25609814	Air		Delta Air Lines	OFX ext. info: |Trans type:Generic debit|Memo:DELTA AIR 0062225269782800-2211212 CA - 0001			n	560/100	560/100	1970-01-01 00:00:00
B	b22eebf8efaa4f3faa5083556a40670f	1165f1d954a24109981e1117e58238d8	2024-08-12 00:12:58	2024-08-11 19:49:23	2024-04-08 10:59:00	48c0a9bb8af04622bbb5c2e2aac3f735	Navy Rewards Card		Delta Air Lines	OFX ext. info: |Trans type:Generic debit|Memo:DELTA AIR 0062225269782800-2211212 CA - 0001	DELTA AIR 0062225269782800-2211212 CA - 0001		c	-560/100	-560/100	2024-08-11 20:19:10
===== END
===== START
C	9ed0b34712c74f2f8e11ec1b9c2a0687	4675b3a367374a59aa2a24770888c719	2024-08-12 00:12:58	2024-08-11 19:49:23	2024-04-05 10:59:00	d3c68d09f17f41fd847d470b8ca9a445	Transportation		American Airlines	OFX ext. info: |Trans type:Generic debit|Memo:AMERICAN AIR0010648216160FORT WORTH TX - 0001			n	1922/100	1922/100	1970-01-01 00:00:00
C	9ed0b34712c74f2f8e11ec1b9c2a0687	c4e97080283445c88798a4b53b83d42a	2024-08-12 00:12:58	2024-08-11 19:49:23	2024-04-05 10:59:00	48c0a9bb8af04622bbb5c2e2aac3f735	Navy Rewards Card		American Airlines	OFX ext. info: |Trans type:Generic debit|Memo:AMERICAN AIR0010648216160FORT WORTH TX - 0001	AMERICAN AIR0010648216160FORT WORTH TX - 0001		c	-1922/100	-1922/100	2024-08-11 20:19:10
===== END
===== START
C	b86c37acdb814e17ac971911cd35dd19	5f535a953b564b009a4a48e7a9bcfee1	2024-08-12 00:12:58	2024-08-11 19:49:23	2024-04-05 10:59:00	d3c68d09f17f41fd847d470b8ca9a445	Transportation		American Airlines	OFX ext. info: |Trans type:Generic debit|Memo:AMERICAN AIR0012130374810FORT WORTH TX - 0001			n	14760/100	14760/100	1970-01-01 00:00:00
C	b86c37acdb814e17ac971911cd35dd19	9c9abedf67ee43169218272921aceb64	2024-08-12 00:12:58	2024-08-11 19:49:23	2024-04-05 10:59:00	48c0a9bb8af04622bbb5c2e2aac3f735	Navy Rewards Card		American Airlines	OFX ext. info: |Trans type:Generic debit|Memo:AMERICAN AIR0012130374810FORT WORTH TX - 0001	AMERICAN AIR0012130374810FORT WORTH TX - 0001		c	-14760/100	-14760/100	2024-08-11 20:19:10
===== END
===== START
C	bf32ee269c8043a6baed7d5c28e2711f	90a50b0481a04120aa47de4727a9d731	2024-08-12 00:12:58	2024-08-11 19:49:23	2024-04-05 10:59:00	d3c68d09f17f41fd847d470b8ca9a445	Transportation		American Airlines	OFX ext. info: |Trans type:Generic debit|Memo:AMERICAN AIR0010648216159FORT WORTH TX - 0001			n	1976/100	1976/100	1970-01-01 00:00:00
C	bf32ee269c8043a6baed7d5c28e2711f	5d0b45dacb044eff9ea1e2ad6a62ae23	2024-08-12 00:12:58	2024-08-11 19:49:23	2024-04-05 10:59:00	48c0a9bb8af04622bbb5c2e2aac3f735	Navy Rewards Card		American Airlines	OFX ext. info: |Trans type:Generic debit|Memo:AMERICAN AIR0010648216159FORT WORTH TX - 0001	AMERICAN AIR0010648216159FORT WORTH TX - 0001		c	-1976/100	-1976/100	2024-08-11 20:19:10
===== END
===== START
C	d64976f5ddb445efa64cb7c16f8764a7	ce12e024aad14093846e7c8b4e0d3479	2024-08-12 00:12:58	2024-08-11 19:49:23	2024-04-05 10:59:00	d3c68d09f17f41fd847d470b8ca9a445	Transportation		American Airlines	OFX ext. info: |Trans type:Generic debit|Memo:AMERICAN AIR0012130374811FORT WORTH TX - 0001			n	14760/100	14760/100	1970-01-01 00:00:00
C	d64976f5ddb445efa64cb7c16f8764a7	09f01204b1464c82a76e9f7164a71de8	2024-08-12 00:12:58	2024-08-11 19:49:23	2024-04-05 10:59:00	48c0a9bb8af04622bbb5c2e2aac3f735	Navy Rewards Card		American Airlines	OFX ext. info: |Trans type:Generic debit|Memo:AMERICAN AIR0012130374811FORT WORTH TX - 0001	AMERICAN AIR0012130374811FORT WORTH TX - 0001		c	-14760/100	-14760/100	2024-08-11 20:19:10
===== END
===== START
C	f247f543fe034674b6c238db110f1500	afe2aa84879f4fb49ac7198d34dd18e7	2024-08-12 00:12:58	2024-08-11 19:49:23	2024-04-05 10:59:00	d3c68d09f17f41fd847d470b8ca9a445	Transportation		American Airlines	OFX ext. info: |Trans type:Generic debit|Memo:AMERICAN AIR0012130384417FORT WORTH TX - 4430			n	30110/100	30110/100	1970-01-01 00:00:00
C	f247f543fe034674b6c238db110f1500	1ed47a2e687444dd85e51fc5a85ea1a6	2024-08-12 00:12:58	2024-08-11 19:49:23	2024-04-05 10:59:00	48c0a9bb8af04622bbb5c2e2aac3f735	Navy Rewards Card		American Airlines	OFX ext. info: |Trans type:Generic debit|Memo:AMERICAN AIR0012130384417FORT WORTH TX - 4430	AMERICAN AIR0012130384417FORT WORTH TX - 4430		c	-30110/100	-30110/100	2024-08-11 20:19:10
===== END
===== START
C	b22eebf8efaa4f3faa5083556a40670f	3c39776b53344de984a23f58e6fe6044	2024-08-12 00:12:58	2024-08-11 19:49:23	2024-04-08 10:59:00	d3c68d09f17f41fd847d470b8ca9a445	Transportation		Delta Air Lines	OFX ext. info: |Trans type:Generic debit|Memo:DELTA AIR 0062225269782800-2211212 CA - 0001			n	560/100	560/100	1970-01-01 00:00:00
C	b22eebf8efaa4f3faa5083556a40670f	1165f1d954a24109981e1117e58238d8	2024-08-12 00:12:58	2024-08-11 19:49:23	2024-04-08 10:59:00	48c0a9bb8af04622bbb5c2e2aac3f735	Navy Rewards Card		Delta Air Lines	OFX ext. info: |Trans type:Generic debit|Memo:DELTA AIR 0062225269782800-2211212 CA - 0001	DELTA AIR 0062225269782800-2211212 CA - 0001		c	-560/100	-560/100	2024-08-11 20:19:10
===== END
===== START
D	718e8e113fae4e118e780483cc52d0e8	b08987aed2fe49169b4720d46304df18	2024-08-12 00:12:58	2024-08-12 00:12:58	2024-08-11 10:59:00								n	0/1	0/100	1970-01-01 00:00:00
===== END
