mod	trans_guid	split_guid	time_now	date_entered	date_posted	acc_guid	acc_name	num	description	notes	memo	action	reconciled	amount	value	date_reconciled
-----------------
===== START
===== END
===== START
D	6dc4cb1a62454014a143a5a779a7a42c	e4c96f69440c47239074950c7eca0556	2024-08-11 23:39:52	2024-08-11 23:39:52	2024-08-11 10:59:00								n	0/1	0/100	1970-01-01 00:00:00
===== END
===== START
B	6ccb202f7cd84d2a91005886af8247e6	8a8218d329a546a4b6b64633defdfb42	2024-08-11 23:41:46	2024-01-21 17:09:53	2024-01-02 10:59:00	3feaad255df249169127e590b1602cd7	Subscriptions	0001	Microsoft				n	699/100	699/100	1970-01-01 00:00:00
B	6ccb202f7cd84d2a91005886af8247e6	44a95b721516461b98336e381c189198	2024-08-11 23:41:46	2024-01-21 17:09:53	2024-01-02 10:59:00	48c0a9bb8af04622bbb5c2e2aac3f735	Navy Rewards Card	0001	Microsoft				c	-699/100	-699/100	2024-01-21 17:09:53
===== END
===== START
C	6ccb202f7cd84d2a91005886af8247e6	8a8218d329a546a4b6b64633defdfb42	2024-08-11 23:41:46	2024-01-21 17:09:53	2024-01-02 10:59:00	a8011f97b19e42a095d4e55f6caf264e	Microsoft	0001	Microsoft				n	699/100	699/100	1970-01-01 00:00:00
C	6ccb202f7cd84d2a91005886af8247e6	44a95b721516461b98336e381c189198	2024-08-11 23:41:46	2024-01-21 17:09:53	2024-01-02 10:59:00	48c0a9bb8af04622bbb5c2e2aac3f735	Navy Rewards Card	0001	Microsoft				c	-699/100	-699/100	2024-01-21 17:09:53
===== END
===== START
B	ffa90934e7a24fb38e8dcfdd8193df75	940065a33f1f4938b655d8070c452a5b	2024-08-11 23:42:05	2024-01-21 17:09:53	2024-01-04 10:59:00	3feaad255df249169127e590b1602cd7	Subscriptions	4430	Apple				n	760/100	760/100	1970-01-01 00:00:00
B	ffa90934e7a24fb38e8dcfdd8193df75	743f0d89ab5244aab0adf56482d8b4fb	2024-08-11 23:42:05	2024-01-21 17:09:53	2024-01-04 10:59:00	48c0a9bb8af04622bbb5c2e2aac3f735	Navy Rewards Card	4430	Apple				c	-760/100	-760/100	2024-01-21 17:09:53
===== END
===== START
C	ffa90934e7a24fb38e8dcfdd8193df75	940065a33f1f4938b655d8070c452a5b	2024-08-11 23:42:05	2024-01-21 17:09:53	2024-01-04 10:59:00	c19f290b214c425bb0aca4756fa57eec	Apple	4430	Apple				n	760/100	760/100	1970-01-01 00:00:00
C	ffa90934e7a24fb38e8dcfdd8193df75	743f0d89ab5244aab0adf56482d8b4fb	2024-08-11 23:42:05	2024-01-21 17:09:53	2024-01-04 10:59:00	48c0a9bb8af04622bbb5c2e2aac3f735	Navy Rewards Card	4430	Apple				c	-760/100	-760/100	2024-01-21 17:09:53
===== END
===== START
B	f3315a23ca3e41f7911a3c45ac2892be	5647851b3a0f492b9fc6b68b9f3aef7a	2024-08-11 23:42:19	2024-02-11 16:41:33	2024-01-05 10:59:00	3feaad255df249169127e590b1602cd7	Subscriptions	1928	Experian				n	2674/100	2674/100	1970-01-01 00:00:00
B	f3315a23ca3e41f7911a3c45ac2892be	f6d246f47e5246a697d530ff7ae3e7f3	2024-08-11 23:42:19	2024-02-11 16:41:33	2024-01-05 10:59:00	39d3c305cefb42799b43896918986dd1	Visa Platinum	1928	Experian				c	-2674/100	-2674/100	2024-03-24 14:47:39
===== END
===== START
C	f3315a23ca3e41f7911a3c45ac2892be	5647851b3a0f492b9fc6b68b9f3aef7a	2024-08-11 23:42:19	2024-02-11 16:41:33	2024-01-05 10:59:00	047f6fc043a74d3eb7f8351cb5245272	Experian	1928	Experian				n	2674/100	2674/100	1970-01-01 00:00:00
C	f3315a23ca3e41f7911a3c45ac2892be	f6d246f47e5246a697d530ff7ae3e7f3	2024-08-11 23:42:19	2024-02-11 16:41:33	2024-01-05 10:59:00	39d3c305cefb42799b43896918986dd1	Visa Platinum	1928	Experian				c	-2674/100	-2674/100	2024-03-24 14:47:39
===== END
===== START
B	423c3266bc5c4655b5bef8269dd78135	5f802a37f06e4e769d508d5d609ac5c0	2024-08-11 23:42:30	2024-01-21 17:09:53	2024-01-08 10:59:00	3feaad255df249169127e590b1602cd7	Subscriptions	0001	Payment to Youtube Premium				n	1584/100	1584/100	1970-01-01 00:00:00
B	423c3266bc5c4655b5bef8269dd78135	5b4b8aed29924ebf8db1cefc6c5b29d5	2024-08-11 23:42:30	2024-01-21 17:09:53	2024-01-08 10:59:00	48c0a9bb8af04622bbb5c2e2aac3f735	Navy Rewards Card	0001	Payment to Youtube Premium				c	-1584/100	-1584/100	2024-01-21 17:09:53
===== END
===== START
C	423c3266bc5c4655b5bef8269dd78135	5f802a37f06e4e769d508d5d609ac5c0	2024-08-11 23:42:30	2024-01-21 17:09:53	2024-01-08 10:59:00	efb6567dbfce4421bd54a36fe00da7d6	Youtube	0001	Payment to Youtube Premium				n	1584/100	1584/100	1970-01-01 00:00:00
C	423c3266bc5c4655b5bef8269dd78135	5b4b8aed29924ebf8db1cefc6c5b29d5	2024-08-11 23:42:30	2024-01-21 17:09:53	2024-01-08 10:59:00	48c0a9bb8af04622bbb5c2e2aac3f735	Navy Rewards Card	0001	Payment to Youtube Premium				c	-1584/100	-1584/100	2024-01-21 17:09:53
===== END
===== START
B	5de8f1f0b06e49418e24ae2b0dfb1411	3087d8fb08714197a9eedabc0b24c75d	2024-08-11 23:42:41	2024-01-21 17:09:53	2024-01-09 10:59:00	3feaad255df249169127e590b1602cd7	Subscriptions	4430	Apple				n	325/100	325/100	1970-01-01 00:00:00
B	5de8f1f0b06e49418e24ae2b0dfb1411	c5f055259d96451c8f8bc8b09cb01d94	2024-08-11 23:42:41	2024-01-21 17:09:53	2024-01-09 10:59:00	48c0a9bb8af04622bbb5c2e2aac3f735	Navy Rewards Card	4430	Apple				c	-325/100	-325/100	2024-01-21 17:09:53
===== END
===== START
C	5de8f1f0b06e49418e24ae2b0dfb1411	3087d8fb08714197a9eedabc0b24c75d	2024-08-11 23:43:32	2024-01-21 17:09:53	2024-01-09 10:59:00	c19f290b214c425bb0aca4756fa57eec	Apple	4430	Apple				n	325/100	325/100	1970-01-01 00:00:00
C	5de8f1f0b06e49418e24ae2b0dfb1411	c5f055259d96451c8f8bc8b09cb01d94	2024-08-11 23:43:32	2024-01-21 17:09:53	2024-01-09 10:59:00	48c0a9bb8af04622bbb5c2e2aac3f735	Navy Rewards Card	4430	Apple				c	-325/100	-325/100	2024-01-21 17:09:53
===== END
===== START
B	0e98a0440a514a64a53ce3492088667e	7ee2f2a4ad85437e91f568e29c232264	2024-08-11 23:43:39	2024-01-21 17:09:54	2024-01-15 10:59:00	3feaad255df249169127e590b1602cd7	Subscriptions	0001	Spotify				n	1195/100	1195/100	1970-01-01 00:00:00
B	0e98a0440a514a64a53ce3492088667e	8863f4bcecd1466fbf4fa957f05c86bf	2024-08-11 23:43:39	2024-01-21 17:09:54	2024-01-15 10:59:00	48c0a9bb8af04622bbb5c2e2aac3f735	Navy Rewards Card	0001	Spotify				c	-1195/100	-1195/100	2024-01-21 17:09:54
===== END
===== START
C	0e98a0440a514a64a53ce3492088667e	7ee2f2a4ad85437e91f568e29c232264	2024-08-11 23:43:39	2024-01-21 17:09:54	2024-01-15 10:59:00	0104b0b02b804c238a26792ecc67ac8f	Spotify	0001	Spotify				n	1195/100	1195/100	1970-01-01 00:00:00
C	0e98a0440a514a64a53ce3492088667e	8863f4bcecd1466fbf4fa957f05c86bf	2024-08-11 23:43:39	2024-01-21 17:09:54	2024-01-15 10:59:00	48c0a9bb8af04622bbb5c2e2aac3f735	Navy Rewards Card	0001	Spotify				c	-1195/100	-1195/100	2024-01-21 17:09:54
===== END
===== START
B	80e2afdc4c1b4b1c92cc081d62ba8356	51d4f223c80a44bcad6b3b6e656f06e1	2024-08-11 23:44:08	2024-01-21 17:09:54	2024-01-15 10:59:00	3feaad255df249169127e590b1602cd7	Subscriptions	0001	ZEFFY-x0-30 CLUB OF TU HTTPSWWW.ZEFFDE - 0001				n	12500/100	12500/100	1970-01-01 00:00:00
B	80e2afdc4c1b4b1c92cc081d62ba8356	9724f42f161e481c9750ed7e3f0fdf60	2024-08-11 23:44:08	2024-01-21 17:09:54	2024-01-15 10:59:00	48c0a9bb8af04622bbb5c2e2aac3f735	Navy Rewards Card	0001	ZEFFY-x0-30 CLUB OF TU HTTPSWWW.ZEFFDE - 0001				c	-12500/100	-12500/100	2024-01-21 17:09:54
===== END
===== START
C	80e2afdc4c1b4b1c92cc081d62ba8356	51d4f223c80a44bcad6b3b6e656f06e1	2024-08-11 23:44:08	2024-01-21 17:09:54	2024-01-15 10:59:00	8f8bdd6b4fa74afbb727e7782acc9398	Active2030 Membership	0001	ZEFFY-x0-30 CLUB OF TU HTTPSWWW.ZEFFDE - 0001				n	12500/100	12500/100	1970-01-01 00:00:00
C	80e2afdc4c1b4b1c92cc081d62ba8356	9724f42f161e481c9750ed7e3f0fdf60	2024-08-11 23:44:08	2024-01-21 17:09:54	2024-01-15 10:59:00	48c0a9bb8af04622bbb5c2e2aac3f735	Navy Rewards Card	0001	ZEFFY-x0-30 CLUB OF TU HTTPSWWW.ZEFFDE - 0001				c	-12500/100	-12500/100	2024-01-21 17:09:54
===== END
===== START
B	c2491f98a71f45b9865cec535996967c	c7cee05b0e964b72a7e0076bd35b6b03	2024-08-11 23:44:23	2024-02-11 16:41:33	2024-01-15 10:59:00	3feaad255df249169127e590b1602cd7	Subscriptions	1928	Payment to New York Times				n	2000/100	2000/100	1970-01-01 00:00:00
B	c2491f98a71f45b9865cec535996967c	8bde0fe29b754bf68c77bfaf037d8712	2024-08-11 23:44:23	2024-02-11 16:41:33	2024-01-15 10:59:00	39d3c305cefb42799b43896918986dd1	Visa Platinum	1928	Payment to New York Times				c	-2000/100	-2000/100	2024-03-24 14:47:39
===== END
===== START
C	c2491f98a71f45b9865cec535996967c	c7cee05b0e964b72a7e0076bd35b6b03	2024-08-11 23:44:23	2024-02-11 16:41:33	2024-01-15 10:59:00	31a7d74e98d747738a6d42e6cd88f1f0	NYT	1928	Payment to New York Times				n	2000/100	2000/100	1970-01-01 00:00:00
C	c2491f98a71f45b9865cec535996967c	8bde0fe29b754bf68c77bfaf037d8712	2024-08-11 23:44:23	2024-02-11 16:41:33	2024-01-15 10:59:00	39d3c305cefb42799b43896918986dd1	Visa Platinum	1928	Payment to New York Times				c	-2000/100	-2000/100	2024-03-24 14:47:39
===== END
===== START
B	0f5abafdf4cb410d86b1e3584abfe138	5052435f5daa46968bb3d77d4c28fed4	2024-08-11 23:44:31	2024-01-21 17:09:54	2024-01-17 10:59:00	3feaad255df249169127e590b1602cd7	Subscriptions	0001	Apple				n	1738/100	1738/100	1970-01-01 00:00:00
B	0f5abafdf4cb410d86b1e3584abfe138	bb3f6a73d243453886c33d7d55aec443	2024-08-11 23:44:31	2024-01-21 17:09:54	2024-01-17 10:59:00	48c0a9bb8af04622bbb5c2e2aac3f735	Navy Rewards Card	0001	Apple				c	-1738/100	-1738/100	2024-01-21 17:09:54
===== END
===== START
C	0f5abafdf4cb410d86b1e3584abfe138	5052435f5daa46968bb3d77d4c28fed4	2024-08-11 23:44:31	2024-01-21 17:09:54	2024-01-17 10:59:00	c19f290b214c425bb0aca4756fa57eec	Apple	0001	Apple				n	1738/100	1738/100	1970-01-01 00:00:00
C	0f5abafdf4cb410d86b1e3584abfe138	bb3f6a73d243453886c33d7d55aec443	2024-08-11 23:44:31	2024-01-21 17:09:54	2024-01-17 10:59:00	48c0a9bb8af04622bbb5c2e2aac3f735	Navy Rewards Card	0001	Apple				c	-1738/100	-1738/100	2024-01-21 17:09:54
===== END
===== START
B	1eeed6bf260040c5b40e72c469519f29	7b4d0b4908c04b689340b3e710316c0a	2024-08-11 23:44:36	2024-01-21 17:09:54	2024-01-17 10:59:00	3feaad255df249169127e590b1602cd7	Subscriptions	0001	Audible				n	1625/100	1625/100	1970-01-01 00:00:00
B	1eeed6bf260040c5b40e72c469519f29	34c73cceff5b4eaca661e84f38db38f3	2024-08-11 23:44:36	2024-01-21 17:09:54	2024-01-17 10:59:00	48c0a9bb8af04622bbb5c2e2aac3f735	Navy Rewards Card	0001	Audible				c	-1625/100	-1625/100	2024-01-21 17:09:54
===== END
===== START
C	1eeed6bf260040c5b40e72c469519f29	7b4d0b4908c04b689340b3e710316c0a	2024-08-11 23:44:36	2024-01-21 17:09:54	2024-01-17 10:59:00	402922404970420ca9d906ce8618c3f9	Audible	0001	Audible				n	1625/100	1625/100	1970-01-01 00:00:00
C	1eeed6bf260040c5b40e72c469519f29	34c73cceff5b4eaca661e84f38db38f3	2024-08-11 23:44:36	2024-01-21 17:09:54	2024-01-17 10:59:00	48c0a9bb8af04622bbb5c2e2aac3f735	Navy Rewards Card	0001	Audible				c	-1625/100	-1625/100	2024-01-21 17:09:54
===== END
===== START
B	86fae77a85114039a754d51b97d66ee0	84fa67475033447bbe362ff20331e880	2024-08-11 23:44:41	2024-01-21 17:09:54	2024-01-18 10:59:00	3feaad255df249169127e590b1602cd7	Subscriptions	0001	Apple				n	108/100	108/100	1970-01-01 00:00:00
B	86fae77a85114039a754d51b97d66ee0	545126364f234fd3939e67332eff3da8	2024-08-11 23:44:41	2024-01-21 17:09:54	2024-01-18 10:59:00	48c0a9bb8af04622bbb5c2e2aac3f735	Navy Rewards Card	0001	Apple				c	-108/100	-108/100	2024-01-21 17:09:54
===== END
===== START
C	86fae77a85114039a754d51b97d66ee0	84fa67475033447bbe362ff20331e880	2024-08-11 23:44:41	2024-01-21 17:09:54	2024-01-18 10:59:00	c19f290b214c425bb0aca4756fa57eec	Apple	0001	Apple				n	108/100	108/100	1970-01-01 00:00:00
C	86fae77a85114039a754d51b97d66ee0	545126364f234fd3939e67332eff3da8	2024-08-11 23:44:41	2024-01-21 17:09:54	2024-01-18 10:59:00	48c0a9bb8af04622bbb5c2e2aac3f735	Navy Rewards Card	0001	Apple				c	-108/100	-108/100	2024-01-21 17:09:54
===== END
===== START
B	a246830a84384ebfa64ccd197b468595	ab82749477364aa3a80f10f000db32ad	2024-08-11 23:44:51	2024-02-04 20:43:14	2024-01-22 10:59:00	3feaad255df249169127e590b1602cd7	Subscriptions		D JWALL-ST-JOURNAL 800-568-7625 NJ				n	422/100	422/100	1970-01-01 00:00:00
B	a246830a84384ebfa64ccd197b468595	9c5fa13ac6af499ca2ee689718db6b43	2024-08-11 23:44:51	2024-02-04 20:43:14	2024-01-22 10:59:00	48c0a9bb8af04622bbb5c2e2aac3f735	Navy Rewards Card		D JWALL-ST-JOURNAL 800-568-7625 NJ				c	-422/100	-422/100	2024-02-04 20:43:14
===== END
===== START
C	a246830a84384ebfa64ccd197b468595	ab82749477364aa3a80f10f000db32ad	2024-08-11 23:44:51	2024-02-04 20:43:14	2024-01-22 10:59:00	f95c7d12995e473ea0e184351d7b75d9	WSJ		D JWALL-ST-JOURNAL 800-568-7625 NJ				n	422/100	422/100	1970-01-01 00:00:00
C	a246830a84384ebfa64ccd197b468595	9c5fa13ac6af499ca2ee689718db6b43	2024-08-11 23:44:51	2024-02-04 20:43:14	2024-01-22 10:59:00	48c0a9bb8af04622bbb5c2e2aac3f735	Navy Rewards Card		D JWALL-ST-JOURNAL 800-568-7625 NJ				c	-422/100	-422/100	2024-02-04 20:43:14
===== END
===== START
B	dc603e49ff094e98b30fd501f03ff7f5	231e58688ce24d2f821b37a845905ed2	2024-08-11 23:45:09	2024-02-04 20:43:14	2024-01-22 10:59:00	3feaad255df249169127e590b1602cd7	Subscriptions		SXMSIRIUSXMCOMACCT 888-635-5144 NY				n	2219/100	2219/100	1970-01-01 00:00:00
B	dc603e49ff094e98b30fd501f03ff7f5	91a6ad3e4dc9422f8dc5a7c17299a405	2024-08-11 23:45:09	2024-02-04 20:43:14	2024-01-22 10:59:00	48c0a9bb8af04622bbb5c2e2aac3f735	Navy Rewards Card		SXMSIRIUSXMCOMACCT 888-635-5144 NY				c	-2219/100	-2219/100	2024-02-04 20:43:14
===== END
===== START
C	dc603e49ff094e98b30fd501f03ff7f5	231e58688ce24d2f821b37a845905ed2	2024-08-11 23:45:09	2024-02-04 20:43:14	2024-01-22 10:59:00	e9930be2f17a435e8b086a763291322d	SirusXM		SXMSIRIUSXMCOMACCT 888-635-5144 NY				n	2219/100	2219/100	1970-01-01 00:00:00
C	dc603e49ff094e98b30fd501f03ff7f5	91a6ad3e4dc9422f8dc5a7c17299a405	2024-08-11 23:45:09	2024-02-04 20:43:14	2024-01-22 10:59:00	48c0a9bb8af04622bbb5c2e2aac3f735	Navy Rewards Card		SXMSIRIUSXMCOMACCT 888-635-5144 NY				c	-2219/100	-2219/100	2024-02-04 20:43:14
===== END
===== START
B	82c6e9982ae345078829e2fd49eee206	c772ebc5c70f4dcea99f7978d36d601e	2024-08-11 23:45:18	2024-02-11 16:41:33	2024-01-22 10:59:00	3feaad255df249169127e590b1602cd7	Subscriptions	1928	Payment to New York Times				n	695/100	695/100	1970-01-01 00:00:00
B	82c6e9982ae345078829e2fd49eee206	5ae8d6e0f7884899b061b2446e560466	2024-08-11 23:45:18	2024-02-11 16:41:33	2024-01-22 10:59:00	39d3c305cefb42799b43896918986dd1	Visa Platinum	1928	Payment to New York Times				c	-695/100	-695/100	2024-03-24 14:47:39
===== END
===== START
C	82c6e9982ae345078829e2fd49eee206	c772ebc5c70f4dcea99f7978d36d601e	2024-08-11 23:45:18	2024-02-11 16:41:33	2024-01-22 10:59:00	31a7d74e98d747738a6d42e6cd88f1f0	NYT	1928	Payment to New York Times				n	695/100	695/100	1970-01-01 00:00:00
C	82c6e9982ae345078829e2fd49eee206	5ae8d6e0f7884899b061b2446e560466	2024-08-11 23:45:18	2024-02-11 16:41:33	2024-01-22 10:59:00	39d3c305cefb42799b43896918986dd1	Visa Platinum	1928	Payment to New York Times				c	-695/100	-695/100	2024-03-24 14:47:39
===== END
===== START
B	b21390bab2d643cc8ce1346e1e702d16	7e0caa07a8b14731ac2fb3c83ebabc4b	2024-08-11 23:45:36	2024-02-04 20:43:15	2024-01-26 10:59:00	3feaad255df249169127e590b1602cd7	Subscriptions		HP INSTANT INK 855-785-2777 CA				n	651/100	651/100	1970-01-01 00:00:00
B	b21390bab2d643cc8ce1346e1e702d16	f73d684fa38b467e9a52434f30bc3662	2024-08-11 23:45:36	2024-02-04 20:43:15	2024-01-26 10:59:00	48c0a9bb8af04622bbb5c2e2aac3f735	Navy Rewards Card		HP INSTANT INK 855-785-2777 CA				c	-651/100	-651/100	2024-02-04 20:43:15
===== END
===== START
C	b21390bab2d643cc8ce1346e1e702d16	7e0caa07a8b14731ac2fb3c83ebabc4b	2024-08-11 23:45:36	2024-02-04 20:43:15	2024-01-26 10:59:00	b278de016a9d427286621db25dcb7a9f	HP Ink		HP INSTANT INK 855-785-2777 CA				n	651/100	651/100	1970-01-01 00:00:00
C	b21390bab2d643cc8ce1346e1e702d16	f73d684fa38b467e9a52434f30bc3662	2024-08-11 23:45:36	2024-02-04 20:43:15	2024-01-26 10:59:00	48c0a9bb8af04622bbb5c2e2aac3f735	Navy Rewards Card		HP INSTANT INK 855-785-2777 CA				c	-651/100	-651/100	2024-02-04 20:43:15
===== END
