mod	trans_guid	split_guid	time_now	date_entered	date_posted	acc_guid	acc_name	num	description	notes	memo	action	reconciled	amount	value	date_reconciled
-----------------
===== START
B	03c688ffe64e48b88d30decf4024aaef	918bf4c7867b497b8f9a37e654e2efc4	2024-08-11 17:46:30	2024-08-11 16:41:40	2024-07-01 10:59:00	3323a52a32464e5db6926fdc8fbced8f	Imbalance-USD		Transfer To Mortgage	OFX ext. info: |Trans type:Generic debit|Memo:Transfer To Mortgage			n	120324/100	120324/100	1970-01-01 00:00:00
B	03c688ffe64e48b88d30decf4024aaef	531c6f11ee714931b2fd8df2f4727d99	2024-08-11 17:46:30	2024-08-11 16:41:40	2024-07-01 10:59:00	5f8cd3d7d07f4e76916a760d36c0523b	Checking Account		Transfer To Mortgage	OFX ext. info: |Trans type:Generic debit|Memo:Transfer To Mortgage	Transfer To Mortgage		c	-120324/100	-120324/100	2024-08-11 16:42:20
===== END
===== START
C	03c688ffe64e48b88d30decf4024aaef	918bf4c7867b497b8f9a37e654e2efc4	2024-08-11 17:46:30	2024-08-11 16:41:40	2024-07-01 10:59:00	7602e2e17a804b4193d324c2da3f52ad	Mortgage Loan		Transfer To Mortgage	OFX ext. info: |Trans type:Generic debit|Memo:Transfer To Mortgage			n	120324/100	120324/100	1970-01-01 00:00:00
C	03c688ffe64e48b88d30decf4024aaef	531c6f11ee714931b2fd8df2f4727d99	2024-08-11 17:46:30	2024-08-11 16:41:40	2024-07-01 10:59:00	5f8cd3d7d07f4e76916a760d36c0523b	Checking Account		Transfer To Mortgage	OFX ext. info: |Trans type:Generic debit|Memo:Transfer To Mortgage	Transfer To Mortgage		c	-120324/100	-120324/100	2024-08-11 16:42:20
===== END
===== START
B	480166dde56943a182b59db774749b27	4735b5ff0cef41c285c26108a021948d	2024-08-11 17:46:59	2024-08-11 16:41:40	2024-07-02 10:59:00	afe29b9815264ab1bdb84bb218ad1d54	Auto Insurance		USAA	OFX ext. info: |Trans type:Generic debit|Memo:ACH Debit - Usaa Fsb  Icpayment 31407426			n	40957/100	40957/100	1970-01-01 00:00:00
B	480166dde56943a182b59db774749b27	5869853d527b4e66b37d71b1e9bd1315	2024-08-11 17:46:59	2024-08-11 16:41:40	2024-07-02 10:59:00	5f8cd3d7d07f4e76916a760d36c0523b	Checking Account		USAA	OFX ext. info: |Trans type:Generic debit|Memo:ACH Debit - Usaa Fsb  Icpayment 31407426	ACH Debit - Usaa Fsb  Icpayment 31407426		c	-40957/100	-40957/100	2024-08-11 16:42:20
===== END
===== START
C	480166dde56943a182b59db774749b27	4735b5ff0cef41c285c26108a021948d	2024-08-11 17:46:59	2024-08-11 16:41:40	2024-07-02 10:59:00	d21f7d0d27fd4d2eb27b2d994c3718b9	Car Payment		USAA	OFX ext. info: |Trans type:Generic debit|Memo:ACH Debit - Usaa Fsb  Icpayment 31407426			n	40957/100	40957/100	1970-01-01 00:00:00
C	480166dde56943a182b59db774749b27	5869853d527b4e66b37d71b1e9bd1315	2024-08-11 17:46:59	2024-08-11 16:41:40	2024-07-02 10:59:00	5f8cd3d7d07f4e76916a760d36c0523b	Checking Account		USAA	OFX ext. info: |Trans type:Generic debit|Memo:ACH Debit - Usaa Fsb  Icpayment 31407426	ACH Debit - Usaa Fsb  Icpayment 31407426		c	-40957/100	-40957/100	2024-08-11 16:42:20
===== END
===== START
B	480166dde56943a182b59db774749b27	4735b5ff0cef41c285c26108a021948d	2024-08-11 17:47:13	2024-08-11 16:41:40	2024-07-02 10:59:00	d21f7d0d27fd4d2eb27b2d994c3718b9	Car Payment		USAA	OFX ext. info: |Trans type:Generic debit|Memo:ACH Debit - Usaa Fsb  Icpayment 31407426			n	40957/100	40957/100	1970-01-01 00:00:00
B	480166dde56943a182b59db774749b27	5869853d527b4e66b37d71b1e9bd1315	2024-08-11 17:47:13	2024-08-11 16:41:40	2024-07-02 10:59:00	5f8cd3d7d07f4e76916a760d36c0523b	Checking Account		USAA	OFX ext. info: |Trans type:Generic debit|Memo:ACH Debit - Usaa Fsb  Icpayment 31407426	ACH Debit - Usaa Fsb  Icpayment 31407426		c	-40957/100	-40957/100	2024-08-11 16:42:20
===== END
===== START
C	480166dde56943a182b59db774749b27	4735b5ff0cef41c285c26108a021948d	2024-08-11 17:47:13	2024-08-11 16:41:40	2024-07-02 10:59:00	d21f7d0d27fd4d2eb27b2d994c3718b9	Car Payment		USAA	OFX ext. info: |Trans type:Generic debit|Memo:ACH Debit - Usaa Fsb  Icpayment 31407426			n	32861/100	32861/100	1970-01-01 00:00:00
C	480166dde56943a182b59db774749b27	5869853d527b4e66b37d71b1e9bd1315	2024-08-11 17:47:13	2024-08-11 16:41:40	2024-07-02 10:59:00	5f8cd3d7d07f4e76916a760d36c0523b	Checking Account		USAA	OFX ext. info: |Trans type:Generic debit|Memo:ACH Debit - Usaa Fsb  Icpayment 31407426	ACH Debit - Usaa Fsb  Icpayment 31407426		c	-40957/100	-40957/100	2024-08-11 16:42:20
C	480166dde56943a182b59db774749b27	440edbb933154fd79466c10c426f3953	2024-08-11 17:47:13	2024-08-11 16:41:40	2024-07-02 10:59:00	3323a52a32464e5db6926fdc8fbced8f	Imbalance-USD		USAA	OFX ext. info: |Trans type:Generic debit|Memo:ACH Debit - Usaa Fsb  Icpayment 31407426			n	8096/100	8096/100	1970-01-01 00:00:00
===== END
===== START
B	480166dde56943a182b59db774749b27	4735b5ff0cef41c285c26108a021948d	2024-08-11 17:47:29	2024-08-11 16:41:40	2024-07-02 10:59:00	d21f7d0d27fd4d2eb27b2d994c3718b9	Car Payment		USAA	OFX ext. info: |Trans type:Generic debit|Memo:ACH Debit - Usaa Fsb  Icpayment 31407426			n	32861/100	32861/100	1970-01-01 00:00:00
B	480166dde56943a182b59db774749b27	440edbb933154fd79466c10c426f3953	2024-08-11 17:47:29	2024-08-11 16:41:40	2024-07-02 10:59:00	3323a52a32464e5db6926fdc8fbced8f	Imbalance-USD		USAA	OFX ext. info: |Trans type:Generic debit|Memo:ACH Debit - Usaa Fsb  Icpayment 31407426			n	8096/100	8096/100	1970-01-01 00:00:00
B	480166dde56943a182b59db774749b27	5869853d527b4e66b37d71b1e9bd1315	2024-08-11 17:47:29	2024-08-11 16:41:40	2024-07-02 10:59:00	5f8cd3d7d07f4e76916a760d36c0523b	Checking Account		USAA	OFX ext. info: |Trans type:Generic debit|Memo:ACH Debit - Usaa Fsb  Icpayment 31407426	ACH Debit - Usaa Fsb  Icpayment 31407426		c	-40957/100	-40957/100	2024-08-11 16:42:20
===== END
===== START
C	480166dde56943a182b59db774749b27	4735b5ff0cef41c285c26108a021948d	2024-08-11 17:47:29	2024-08-11 16:41:40	2024-07-02 10:59:00	d21f7d0d27fd4d2eb27b2d994c3718b9	Car Payment		USAA	OFX ext. info: |Trans type:Generic debit|Memo:ACH Debit - Usaa Fsb  Icpayment 31407426			n	32861/100	32861/100	1970-01-01 00:00:00
C	480166dde56943a182b59db774749b27	440edbb933154fd79466c10c426f3953	2024-08-11 17:47:29	2024-08-11 16:41:40	2024-07-02 10:59:00	2affe66e455c4d78a971998e23de3f9b	Vehicle Loan Interest		USAA	OFX ext. info: |Trans type:Generic debit|Memo:ACH Debit - Usaa Fsb  Icpayment 31407426			n	8096/100	8096/100	1970-01-01 00:00:00
C	480166dde56943a182b59db774749b27	5869853d527b4e66b37d71b1e9bd1315	2024-08-11 17:47:29	2024-08-11 16:41:40	2024-07-02 10:59:00	5f8cd3d7d07f4e76916a760d36c0523b	Checking Account		USAA	OFX ext. info: |Trans type:Generic debit|Memo:ACH Debit - Usaa Fsb  Icpayment 31407426	ACH Debit - Usaa Fsb  Icpayment 31407426		c	-40957/100	-40957/100	2024-08-11 16:42:20
===== END
===== START
B	cebf0768e72d4bc69dddcf835ee1800d	cb3dd3df5f6c43a8b63fc370edb338cf	2024-08-11 17:47:41	2024-08-11 16:41:40	2024-07-03 10:59:00	5f8cd3d7d07f4e76916a760d36c0523b	Checking Account		Deposit B6481 Basis Educ Dir Dep	OFX ext. info: |Trans type:Generic credit|Memo:Deposit B6481 Basis Educ Dir Dep	Deposit B6481 Basis Educ Dir Dep		c	62028/100	62028/100	2024-08-11 16:42:20
B	cebf0768e72d4bc69dddcf835ee1800d	65fe6a9c7a1144c9b4f47d69e546a611	2024-08-11 17:47:41	2024-08-11 16:41:40	2024-07-03 10:59:00	fdc7f1bbcc004a4c96981c63fc1d9e7c	Salary (Spouse)		Deposit B6481 Basis Educ Dir Dep	OFX ext. info: |Trans type:Generic credit|Memo:Deposit B6481 Basis Educ Dir Dep			n	-62028/100	-62028/100	1970-01-01 00:00:00
===== END
===== START
C	cebf0768e72d4bc69dddcf835ee1800d	cb3dd3df5f6c43a8b63fc370edb338cf	2024-08-11 17:47:41	2024-08-11 16:41:40	2024-07-03 10:59:00	5f8cd3d7d07f4e76916a760d36c0523b	Checking Account		Deposit B6481 Basis Educ Dir Dep	OFX ext. info: |Trans type:Generic credit|Memo:Deposit B6481 Basis Educ Dir Dep	Deposit B6481 Basis Educ Dir Dep		c	62028/100	62028/100	2024-08-11 16:42:20
C	cebf0768e72d4bc69dddcf835ee1800d	65fe6a9c7a1144c9b4f47d69e546a611	2024-08-11 17:47:41	2024-08-11 16:41:40	2024-07-03 10:59:00	d835bc7b42664e728efb5f2ddf937164	Bonus		Deposit B6481 Basis Educ Dir Dep	OFX ext. info: |Trans type:Generic credit|Memo:Deposit B6481 Basis Educ Dir Dep			n	-62028/100	-62028/100	1970-01-01 00:00:00
===== END
===== START
B	dd0d0b34469c4237a274e7fd9e440808	03fdaac5085540b6b67eab56687bea4f	2024-08-11 17:47:46	2024-08-11 16:41:40	2024-07-08 10:59:00	3323a52a32464e5db6926fdc8fbced8f	Imbalance-USD		Payment to Cox Communications	OFX ext. info: |Trans type:Generic debit|Memo:ACH Debit - Cox Comm Phx  Bank Draft 9100001			n	11622/100	11622/100	1970-01-01 00:00:00
B	dd0d0b34469c4237a274e7fd9e440808	a5395fe3e3904c218d29d0d7c96b9bd1	2024-08-11 17:47:46	2024-08-11 16:41:40	2024-07-08 10:59:00	5f8cd3d7d07f4e76916a760d36c0523b	Checking Account		Payment to Cox Communications	OFX ext. info: |Trans type:Generic debit|Memo:ACH Debit - Cox Comm Phx  Bank Draft 9100001	ACH Debit - Cox Comm Phx  Bank Draft 9100001		c	-11622/100	-11622/100	2024-08-11 16:42:20
===== END
===== START
C	dd0d0b34469c4237a274e7fd9e440808	03fdaac5085540b6b67eab56687bea4f	2024-08-11 17:47:46	2024-08-11 16:41:40	2024-07-08 10:59:00	5fb458e08b3f44cd8c8eb1926266338d	internet		Payment to Cox Communications	OFX ext. info: |Trans type:Generic debit|Memo:ACH Debit - Cox Comm Phx  Bank Draft 9100001			n	11622/100	11622/100	1970-01-01 00:00:00
C	dd0d0b34469c4237a274e7fd9e440808	a5395fe3e3904c218d29d0d7c96b9bd1	2024-08-11 17:47:46	2024-08-11 16:41:40	2024-07-08 10:59:00	5f8cd3d7d07f4e76916a760d36c0523b	Checking Account		Payment to Cox Communications	OFX ext. info: |Trans type:Generic debit|Memo:ACH Debit - Cox Comm Phx  Bank Draft 9100001	ACH Debit - Cox Comm Phx  Bank Draft 9100001		c	-11622/100	-11622/100	2024-08-11 16:42:20
===== END
===== START
B	e6364c24890f4be6bd24c8c910a5c498	48cf62d69ea748ceba56b2f33af59384	2024-08-11 17:48:53	2024-08-11 16:41:40	2024-07-16 10:59:00	afe29b9815264ab1bdb84bb218ad1d54	Auto Insurance		USAA	OFX ext. info: |Trans type:Generic debit|Memo:ACH Debit - Usaa Fsb  Icpayment 31407426			n	33536/100	33536/100	1970-01-01 00:00:00
B	e6364c24890f4be6bd24c8c910a5c498	1bd654897b724d7aaab2ac890dbbde05	2024-08-11 17:48:53	2024-08-11 16:41:40	2024-07-16 10:59:00	5f8cd3d7d07f4e76916a760d36c0523b	Checking Account		USAA	OFX ext. info: |Trans type:Generic debit|Memo:ACH Debit - Usaa Fsb  Icpayment 31407426	ACH Debit - Usaa Fsb  Icpayment 31407426		c	-33536/100	-33536/100	2024-08-11 16:42:20
===== END
===== START
C	e6364c24890f4be6bd24c8c910a5c498	48cf62d69ea748ceba56b2f33af59384	2024-08-11 17:48:53	2024-08-11 16:41:40	2024-07-16 10:59:00	d21f7d0d27fd4d2eb27b2d994c3718b9	Car Payment		USAA	OFX ext. info: |Trans type:Generic debit|Memo:ACH Debit - Usaa Fsb  Icpayment 31407426			n	33536/100	33536/100	1970-01-01 00:00:00
C	e6364c24890f4be6bd24c8c910a5c498	1bd654897b724d7aaab2ac890dbbde05	2024-08-11 17:48:53	2024-08-11 16:41:40	2024-07-16 10:59:00	5f8cd3d7d07f4e76916a760d36c0523b	Checking Account		USAA	OFX ext. info: |Trans type:Generic debit|Memo:ACH Debit - Usaa Fsb  Icpayment 31407426	ACH Debit - Usaa Fsb  Icpayment 31407426		c	-33536/100	-33536/100	2024-08-11 16:42:20
===== END
===== START
B	e6364c24890f4be6bd24c8c910a5c498	48cf62d69ea748ceba56b2f33af59384	2024-08-11 17:49:08	2024-08-11 16:41:40	2024-07-16 10:59:00	d21f7d0d27fd4d2eb27b2d994c3718b9	Car Payment		USAA	OFX ext. info: |Trans type:Generic debit|Memo:ACH Debit - Usaa Fsb  Icpayment 31407426			n	33536/100	33536/100	1970-01-01 00:00:00
B	e6364c24890f4be6bd24c8c910a5c498	1bd654897b724d7aaab2ac890dbbde05	2024-08-11 17:49:08	2024-08-11 16:41:40	2024-07-16 10:59:00	5f8cd3d7d07f4e76916a760d36c0523b	Checking Account		USAA	OFX ext. info: |Trans type:Generic debit|Memo:ACH Debit - Usaa Fsb  Icpayment 31407426	ACH Debit - Usaa Fsb  Icpayment 31407426		c	-33536/100	-33536/100	2024-08-11 16:42:20
===== END
===== START
C	e6364c24890f4be6bd24c8c910a5c498	48cf62d69ea748ceba56b2f33af59384	2024-08-11 17:49:08	2024-08-11 16:41:40	2024-07-16 10:59:00	d21f7d0d27fd4d2eb27b2d994c3718b9	Car Payment		USAA	OFX ext. info: |Trans type:Generic debit|Memo:ACH Debit - Usaa Fsb  Icpayment 31407426			n	25158/100	25158/100	1970-01-01 00:00:00
C	e6364c24890f4be6bd24c8c910a5c498	1bd654897b724d7aaab2ac890dbbde05	2024-08-11 17:49:08	2024-08-11 16:41:40	2024-07-16 10:59:00	5f8cd3d7d07f4e76916a760d36c0523b	Checking Account		USAA	OFX ext. info: |Trans type:Generic debit|Memo:ACH Debit - Usaa Fsb  Icpayment 31407426	ACH Debit - Usaa Fsb  Icpayment 31407426		c	-33536/100	-33536/100	2024-08-11 16:42:20
C	e6364c24890f4be6bd24c8c910a5c498	e896e1eb80ca451ebea9771e6abdfebb	2024-08-11 17:49:08	2024-08-11 16:41:40	2024-07-16 10:59:00	3323a52a32464e5db6926fdc8fbced8f	Imbalance-USD		USAA	OFX ext. info: |Trans type:Generic debit|Memo:ACH Debit - Usaa Fsb  Icpayment 31407426			n	8378/100	8378/100	1970-01-01 00:00:00
===== END
===== START
B	e6364c24890f4be6bd24c8c910a5c498	48cf62d69ea748ceba56b2f33af59384	2024-08-11 17:49:19	2024-08-11 16:41:40	2024-07-16 10:59:00	d21f7d0d27fd4d2eb27b2d994c3718b9	Car Payment		USAA	OFX ext. info: |Trans type:Generic debit|Memo:ACH Debit - Usaa Fsb  Icpayment 31407426			n	25158/100	25158/100	1970-01-01 00:00:00
B	e6364c24890f4be6bd24c8c910a5c498	e896e1eb80ca451ebea9771e6abdfebb	2024-08-11 17:49:19	2024-08-11 16:41:40	2024-07-16 10:59:00	3323a52a32464e5db6926fdc8fbced8f	Imbalance-USD		USAA	OFX ext. info: |Trans type:Generic debit|Memo:ACH Debit - Usaa Fsb  Icpayment 31407426			n	8378/100	8378/100	1970-01-01 00:00:00
B	e6364c24890f4be6bd24c8c910a5c498	1bd654897b724d7aaab2ac890dbbde05	2024-08-11 17:49:19	2024-08-11 16:41:40	2024-07-16 10:59:00	5f8cd3d7d07f4e76916a760d36c0523b	Checking Account		USAA	OFX ext. info: |Trans type:Generic debit|Memo:ACH Debit - Usaa Fsb  Icpayment 31407426	ACH Debit - Usaa Fsb  Icpayment 31407426		c	-33536/100	-33536/100	2024-08-11 16:42:20
===== END
===== START
C	e6364c24890f4be6bd24c8c910a5c498	48cf62d69ea748ceba56b2f33af59384	2024-08-11 17:49:19	2024-08-11 16:41:40	2024-07-16 10:59:00	d21f7d0d27fd4d2eb27b2d994c3718b9	Car Payment		USAA	OFX ext. info: |Trans type:Generic debit|Memo:ACH Debit - Usaa Fsb  Icpayment 31407426			n	25158/100	25158/100	1970-01-01 00:00:00
C	e6364c24890f4be6bd24c8c910a5c498	e896e1eb80ca451ebea9771e6abdfebb	2024-08-11 17:49:19	2024-08-11 16:41:40	2024-07-16 10:59:00	2affe66e455c4d78a971998e23de3f9b	Vehicle Loan Interest		USAA	OFX ext. info: |Trans type:Generic debit|Memo:ACH Debit - Usaa Fsb  Icpayment 31407426			n	8378/100	8378/100	1970-01-01 00:00:00
C	e6364c24890f4be6bd24c8c910a5c498	1bd654897b724d7aaab2ac890dbbde05	2024-08-11 17:49:19	2024-08-11 16:41:40	2024-07-16 10:59:00	5f8cd3d7d07f4e76916a760d36c0523b	Checking Account		USAA	OFX ext. info: |Trans type:Generic debit|Memo:ACH Debit - Usaa Fsb  Icpayment 31407426	ACH Debit - Usaa Fsb  Icpayment 31407426		c	-33536/100	-33536/100	2024-08-11 16:42:20
===== END
===== START
B	333669864fb649478c105b923c78024b	db56b7dc55934acbac1b60a840afb631	2024-08-11 17:49:29	2024-08-11 16:41:40	2024-07-30 10:59:00	3323a52a32464e5db6926fdc8fbced8f	Imbalance-USD		Citibank	OFX ext. info: |Trans type:Generic debit|Memo:ACH Debit - Citibank, N.a.  Payment 12240215			n	9884/100	9884/100	1970-01-01 00:00:00
B	333669864fb649478c105b923c78024b	4020cee146f343cdb37418debe033562	2024-08-11 17:49:29	2024-08-11 16:41:40	2024-07-30 10:59:00	5f8cd3d7d07f4e76916a760d36c0523b	Checking Account		Citibank	OFX ext. info: |Trans type:Generic debit|Memo:ACH Debit - Citibank, N.a.  Payment 12240215	ACH Debit - Citibank, N.a.  Payment 12240215		c	-9884/100	-9884/100	2024-08-11 16:42:20
===== END
===== START
C	333669864fb649478c105b923c78024b	db56b7dc55934acbac1b60a840afb631	2024-08-11 17:49:29	2024-08-11 16:41:40	2024-07-30 10:59:00	f51833ab51c446f28a6ab0d10a773759	Miscellaneous		Citibank	OFX ext. info: |Trans type:Generic debit|Memo:ACH Debit - Citibank, N.a.  Payment 12240215			n	9884/100	9884/100	1970-01-01 00:00:00
C	333669864fb649478c105b923c78024b	4020cee146f343cdb37418debe033562	2024-08-11 17:49:29	2024-08-11 16:41:40	2024-07-30 10:59:00	5f8cd3d7d07f4e76916a760d36c0523b	Checking Account		Citibank	OFX ext. info: |Trans type:Generic debit|Memo:ACH Debit - Citibank, N.a.  Payment 12240215	ACH Debit - Citibank, N.a.  Payment 12240215		c	-9884/100	-9884/100	2024-08-11 16:42:20
===== END
===== START
B	9bcc499c072a4dde88cc73929f2ce0c4	b957a0dbd3004b888bfc6fd82aba60c3	2024-08-11 17:49:45	2024-08-11 16:41:40	2024-08-01 10:59:00	48c0a9bb8af04622bbb5c2e2aac3f735	Navy Rewards Card		Transfer To Credit Card -0001	OFX ext. info: |Trans type:Generic debit|Memo:Transfer To Credit Card -0001			n	497577/100	497577/100	1970-01-01 00:00:00
B	9bcc499c072a4dde88cc73929f2ce0c4	813d3924d8b343abbfd69cbcec6ef6a2	2024-08-11 17:49:45	2024-08-11 16:41:40	2024-08-01 10:59:00	5f8cd3d7d07f4e76916a760d36c0523b	Checking Account		Transfer To Credit Card -0001	OFX ext. info: |Trans type:Generic debit|Memo:Transfer To Credit Card -0001	Transfer To Credit Card -0001		c	-497577/100	-497577/100	2024-08-11 16:42:20
===== END
===== START
C	9bcc499c072a4dde88cc73929f2ce0c4	b957a0dbd3004b888bfc6fd82aba60c3	2024-08-11 17:49:45	2024-08-11 16:41:40	2024-08-01 10:59:00	3323a52a32464e5db6926fdc8fbced8f	Imbalance-USD		Transfer To Credit Card -0001	OFX ext. info: |Trans type:Generic debit|Memo:Transfer To Credit Card -0001			n	497577/100	497577/100	1970-01-01 00:00:00
C	9bcc499c072a4dde88cc73929f2ce0c4	813d3924d8b343abbfd69cbcec6ef6a2	2024-08-11 17:49:45	2024-08-11 16:41:40	2024-08-01 10:59:00	5f8cd3d7d07f4e76916a760d36c0523b	Checking Account		Transfer To Credit Card -0001	OFX ext. info: |Trans type:Generic debit|Memo:Transfer To Credit Card -0001	Transfer To Credit Card -0001		c	-497577/100	-497577/100	2024-08-11 16:42:20
===== END
===== START
B	650fbcfb3e4b42db8705e0c4ad605f36	161bc6e69b7643859ed0a2e7fa2c939a	2024-08-11 17:49:48	2024-08-11 16:41:40	2024-08-01 10:59:00	46255490a311492f8ade68f248c0dc6f	Credit Payment		Transfer To Credit Card -1928	OFX ext. info: |Trans type:Generic debit|Memo:Transfer To Credit Card -1928			n	3424/100	3424/100	1970-01-01 00:00:00
B	650fbcfb3e4b42db8705e0c4ad605f36	85690445833f43d59b6cc0f1bd2b2a00	2024-08-11 17:49:48	2024-08-11 16:41:40	2024-08-01 10:59:00	5f8cd3d7d07f4e76916a760d36c0523b	Checking Account		Transfer To Credit Card -1928	OFX ext. info: |Trans type:Generic debit|Memo:Transfer To Credit Card -1928	Transfer To Credit Card -1928		c	-3424/100	-3424/100	2024-08-11 16:42:20
===== END
===== START
C	650fbcfb3e4b42db8705e0c4ad605f36	161bc6e69b7643859ed0a2e7fa2c939a	2024-08-11 17:49:48	2024-08-11 16:41:40	2024-08-01 10:59:00	3323a52a32464e5db6926fdc8fbced8f	Imbalance-USD		Transfer To Credit Card -1928	OFX ext. info: |Trans type:Generic debit|Memo:Transfer To Credit Card -1928			n	3424/100	3424/100	1970-01-01 00:00:00
C	650fbcfb3e4b42db8705e0c4ad605f36	85690445833f43d59b6cc0f1bd2b2a00	2024-08-11 17:49:48	2024-08-11 16:41:40	2024-08-01 10:59:00	5f8cd3d7d07f4e76916a760d36c0523b	Checking Account		Transfer To Credit Card -1928	OFX ext. info: |Trans type:Generic debit|Memo:Transfer To Credit Card -1928	Transfer To Credit Card -1928		c	-3424/100	-3424/100	2024-08-11 16:42:20
===== END
===== START
B	324f335c531f426d8a5155565924bf30	3be891661d114783869d2d12b3ad7146	2024-08-11 17:50:17	2024-08-11 16:41:40	2024-08-01 10:59:00	3323a52a32464e5db6926fdc8fbced8f	Imbalance-USD		Transfer To Mortgage	OFX ext. info: |Trans type:Generic debit|Memo:Transfer To Mortgage			n	120324/100	120324/100	1970-01-01 00:00:00
B	324f335c531f426d8a5155565924bf30	933a8d0bb7f24f98937324ed7afe4135	2024-08-11 17:50:17	2024-08-11 16:41:40	2024-08-01 10:59:00	5f8cd3d7d07f4e76916a760d36c0523b	Checking Account		Transfer To Mortgage	OFX ext. info: |Trans type:Generic debit|Memo:Transfer To Mortgage	Transfer To Mortgage		c	-120324/100	-120324/100	2024-08-11 16:42:20
===== END
===== START
C	324f335c531f426d8a5155565924bf30	3be891661d114783869d2d12b3ad7146	2024-08-11 17:50:17	2024-08-11 16:41:40	2024-08-01 10:59:00	7602e2e17a804b4193d324c2da3f52ad	Mortgage Loan		Transfer To Mortgage	OFX ext. info: |Trans type:Generic debit|Memo:Transfer To Mortgage			n	120324/100	120324/100	1970-01-01 00:00:00
C	324f335c531f426d8a5155565924bf30	933a8d0bb7f24f98937324ed7afe4135	2024-08-11 17:50:17	2024-08-11 16:41:40	2024-08-01 10:59:00	5f8cd3d7d07f4e76916a760d36c0523b	Checking Account		Transfer To Mortgage	OFX ext. info: |Trans type:Generic debit|Memo:Transfer To Mortgage	Transfer To Mortgage		c	-120324/100	-120324/100	2024-08-11 16:42:20
===== END
===== START
B	3d984571a03741cc950f4398af2bba69	0becc4ad82e341f381a41c1d4c21e92e	2024-08-11 17:51:02	2024-08-11 16:41:40	2024-08-01 10:59:00	afe29b9815264ab1bdb84bb218ad1d54	Auto Insurance		USAA	OFX ext. info: |Trans type:Generic debit|Memo:ACH Debit - Usaa Fsb  Icpayment 31407426			n	40957/100	40957/100	1970-01-01 00:00:00
B	3d984571a03741cc950f4398af2bba69	26188619ee83469ca350bae88503e88a	2024-08-11 17:51:02	2024-08-11 16:41:40	2024-08-01 10:59:00	5f8cd3d7d07f4e76916a760d36c0523b	Checking Account		USAA	OFX ext. info: |Trans type:Generic debit|Memo:ACH Debit - Usaa Fsb  Icpayment 31407426	ACH Debit - Usaa Fsb  Icpayment 31407426		c	-40957/100	-40957/100	2024-08-11 16:42:20
===== END
===== START
C	3d984571a03741cc950f4398af2bba69	0becc4ad82e341f381a41c1d4c21e92e	2024-08-11 17:51:24	2024-08-11 16:41:40	2024-08-01 10:59:00	d21f7d0d27fd4d2eb27b2d994c3718b9	Car Payment		USAA	OFX ext. info: |Trans type:Generic debit|Memo:ACH Debit - Usaa Fsb  Icpayment 31407426			n	32744/100	32744/100	1970-01-01 00:00:00
C	3d984571a03741cc950f4398af2bba69	26188619ee83469ca350bae88503e88a	2024-08-11 17:51:24	2024-08-11 16:41:40	2024-08-01 10:59:00	5f8cd3d7d07f4e76916a760d36c0523b	Checking Account		USAA	OFX ext. info: |Trans type:Generic debit|Memo:ACH Debit - Usaa Fsb  Icpayment 31407426	ACH Debit - Usaa Fsb  Icpayment 31407426		c	-40957/100	-40957/100	2024-08-11 16:42:20
C	3d984571a03741cc950f4398af2bba69	5175f33618524809a40d18f32b19c9dd	2024-08-11 17:51:24	2024-08-11 16:41:40	2024-08-01 10:59:00	2affe66e455c4d78a971998e23de3f9b	Vehicle Loan Interest		USAA	OFX ext. info: |Trans type:Generic debit|Memo:ACH Debit - Usaa Fsb  Icpayment 31407426			n	8213/100	8213/100	1970-01-01 00:00:00
===== END
