mod	trans_guid	split_guid	time_now	date_entered	date_posted	acc_guid	acc_name	num	description	notes	memo	action	reconciled	amount	value	date_reconciled
-----------------
===== START
===== END
===== START
===== END
===== START
===== END
===== START
===== END
===== START
===== END
===== START
===== END
===== START
===== END
===== START
===== END
===== START
===== END
===== START
===== END
===== START
===== END
===== START
===== END
===== START
===== END
===== START
===== END
===== START
===== END
===== START
===== END
===== START
===== END
===== START
===== END
===== START
===== END
===== START
===== END
===== START
===== END
===== START
===== END
===== START
===== END
===== START
===== END
===== START
===== END
===== START
===== END
===== START
===== END
===== START
===== END
===== START
===== END
===== START
===== END
===== START
===== END
===== START
===== END
===== START
===== END
===== START
===== END
===== START
===== END
===== START
===== END
===== START
===== END
===== START
===== END
===== START
===== END
===== START
===== END
===== START
===== END
===== START
===== END
===== START
===== END
===== START
===== END
===== START
===== END
===== START
===== END
===== START
===== END
===== START
===== END
===== START
===== END
===== START
===== END
===== START
===== END
===== START
===== END
===== START
===== END
===== START
===== END
===== START
===== END
===== START
===== END
===== START
===== END
===== START
===== END
===== START
===== END
===== START
===== END
===== START
===== END
===== START
===== END
===== START
===== END
===== START
===== END
===== START
===== END
===== START
===== END
===== START
===== END
===== START
===== END
===== START
===== END
===== START
===== END
===== START
===== END
===== START
===== END
===== START
===== END
===== START
===== END
===== START
===== END
===== START
===== END
===== START
D	f4c690bbedd74440a8b77ed1731a5055	bcd6eb0118194ac2904745ddb62efc4d	2024-08-11 16:41:40	2024-08-11 16:41:40	2024-03-21 10:59:00	5f8cd3d7d07f4e76916a760d36c0523b	Checking Account		Debit- XX 4551 Weedco XX1390 AZ	OFX ext. info: |Trans type:Generic debit|Memo:Pos Debit-    4551 4551 Weedco 520-5491390 AZ	Pos Debit-    4551 4551 Weedco 520-5491390 AZ		n	-13390/100	-13390/100	1970-01-01 00:00:00
===== END
===== START
C	d0da20c238854a93abd78576990f9399	8975ac82774b4c0d941aa2c46235e3a4	2024-08-11 16:42:20	2024-08-11 16:41:40	2024-03-26 10:59:00	5f8cd3d7d07f4e76916a760d36c0523b	Checking Account		Payment to Service Finance Compa	OFX ext. info: |Trans type:Generic debit|Memo:ACH Transaction - SERVICE FINANCE PAYMENTS 37294828 Y ACH DEBIT	ACH Transaction - SERVICE FINANCE PAYMENTS 37294828 Y ACH DEBIT		c	-120000/100	-120000/100	2024-08-11 16:42:20
C	d0da20c238854a93abd78576990f9399	61247cf12c4142a29c66996899de5079	2024-08-11 16:42:20	2024-08-11 16:41:40	2024-03-26 10:59:00	e96006f03af946419f174c26ada68cf6	Home Repair		Payment to Service Finance Compa	OFX ext. info: |Trans type:Generic debit|Memo:ACH Transaction - SERVICE FINANCE PAYMENTS 37294828 Y ACH DEBIT			n	120000/100	120000/100	1970-01-01 00:00:00
===== END
===== START
C	9eb8253d12124da98edf780ee3b33baf	2ee0efd7504e4ea2bcd702ef028d8a8e	2024-08-11 16:42:20	2024-08-11 16:41:40	2024-03-29 10:59:00	5f8cd3d7d07f4e76916a760d36c0523b	Checking Account		Dividend (GT20)DIVIDEND	OFX ext. info: |Trans type:Generic credit|Memo:Dividend (GT20)DIVIDEND	Dividend (GT20)DIVIDEND		c	45/100	45/100	2024-08-11 16:42:20
C	9eb8253d12124da98edf780ee3b33baf	da1c4f5287fd46659a3c6a442f10d51a	2024-08-11 16:42:20	2024-08-11 16:41:40	2024-03-29 10:59:00	19cd0144a4154367b52e975f70af3df4	dividend		Dividend (GT20)DIVIDEND	OFX ext. info: |Trans type:Generic credit|Memo:Dividend (GT20)DIVIDEND			n	-45/100	-45/100	1970-01-01 00:00:00
===== END
===== START
C	615e8c07d160485da523f2807a116869	526127b6a3dc4c518fefbdead3cf9a56	2024-08-11 16:42:20	2024-08-11 16:41:40	2024-03-29 10:59:00	5f8cd3d7d07f4e76916a760d36c0523b	Checking Account		Deposit - B6481 BASIS EDUC B6481	OFX ext. info: |Trans type:Generic credit|Memo:Deposit - B6481 BASIS EDUC B6481 BASIS EDUC DEPOSIT	Deposit - B6481 BASIS EDUC B6481 BASIS EDUC DEPOSIT		c	138064/100	138064/100	2024-08-11 16:42:20
C	615e8c07d160485da523f2807a116869	b8c7126d2feb465f96b2670a1aac70cb	2024-08-11 16:42:20	2024-08-11 16:41:40	2024-03-29 10:59:00	fdc7f1bbcc004a4c96981c63fc1d9e7c	Salary (Spouse)		Deposit - B6481 BASIS EDUC B6481	OFX ext. info: |Trans type:Generic credit|Memo:Deposit - B6481 BASIS EDUC B6481 BASIS EDUC DEPOSIT			n	-138064/100	-138064/100	1970-01-01 00:00:00
===== END
===== START
C	d2679c17a16c4a4fb37da45de54fa761	98aef811a5894b01b4eb5714f271b841	2024-08-11 16:42:20	2024-08-11 16:41:40	2024-04-01 10:59:00	5f8cd3d7d07f4e76916a760d36c0523b	Checking Account		Payment to Tucson Electric Power	OFX ext. info: |Trans type:Generic debit|Memo:ACH Transaction - TEP Corporate De SNAP PMT 0009100001 ACH DEBIT	ACH Transaction - TEP Corporate De SNAP PMT 0009100001 ACH DEBIT		c	-13245/100	-13245/100	2024-08-11 16:42:20
C	d2679c17a16c4a4fb37da45de54fa761	4a8e29ba57f14f6aa4a954541ce58380	2024-08-11 16:42:20	2024-08-11 16:41:40	2024-04-01 10:59:00	02a2adb803174ca7979491311a508662	Electric		Payment to Tucson Electric Power	OFX ext. info: |Trans type:Generic debit|Memo:ACH Transaction - TEP Corporate De SNAP PMT 0009100001 ACH DEBIT			n	13245/100	13245/100	1970-01-01 00:00:00
===== END
===== START
C	ff389b8e2b8e4dd5a06ede6d2409622b	70bfe2eab8484166b86dd005881d31cf	2024-08-11 16:42:20	2024-08-11 16:41:40	2024-04-01 10:59:00	5f8cd3d7d07f4e76916a760d36c0523b	Checking Account		Transfer to Credit Card TRF TO O	OFX ext. info: |Trans type:Generic debit|Memo:Transfer to Credit Card TRF TO OTHER	Transfer to Credit Card TRF TO OTHER		c	-347139/100	-347139/100	2024-08-11 16:42:20
C	ff389b8e2b8e4dd5a06ede6d2409622b	637b889c92e24bec94aa014e32e921fc	2024-08-11 16:42:20	2024-08-11 16:41:40	2024-04-01 10:59:00	3323a52a32464e5db6926fdc8fbced8f	Imbalance-USD		Transfer to Credit Card TRF TO O	OFX ext. info: |Trans type:Generic debit|Memo:Transfer to Credit Card TRF TO OTHER			n	347139/100	347139/100	1970-01-01 00:00:00
===== END
===== START
C	8d11a887c9a94b6dab29e853e93e12c1	f4b8d00659c64acda6334c66c5721ef8	2024-08-11 16:42:20	2024-08-11 16:41:40	2024-04-01 10:59:00	5f8cd3d7d07f4e76916a760d36c0523b	Checking Account		Transfer to Credit Card TRF TO O	OFX ext. info: |Trans type:Generic debit|Memo:Transfer to Credit Card TRF TO OTHER	Transfer to Credit Card TRF TO OTHER		c	-14673/100	-14673/100	2024-08-11 16:42:20
C	8d11a887c9a94b6dab29e853e93e12c1	844fd561f8de4c39b34fe1a750369987	2024-08-11 16:42:20	2024-08-11 16:41:40	2024-04-01 10:59:00	3323a52a32464e5db6926fdc8fbced8f	Imbalance-USD		Transfer to Credit Card TRF TO O	OFX ext. info: |Trans type:Generic debit|Memo:Transfer to Credit Card TRF TO OTHER			n	14673/100	14673/100	1970-01-01 00:00:00
===== END
===== START
C	0c438e21027f443bb38edc02ff919354	5080233e94394bc697e56eb4c3a0c3a7	2024-08-11 16:42:20	2024-08-11 16:41:40	2024-04-01 10:59:00	5f8cd3d7d07f4e76916a760d36c0523b	Checking Account		Transfer to Mortgage TRF TO OTHE	OFX ext. info: |Trans type:Generic debit|Memo:Transfer to Mortgage TRF TO OTHER	Transfer to Mortgage TRF TO OTHER		c	-120324/100	-120324/100	2024-08-11 16:42:20
C	0c438e21027f443bb38edc02ff919354	3706da61f2c6455098e465b82f45ebe6	2024-08-11 16:42:20	2024-08-11 16:41:40	2024-04-01 10:59:00	3323a52a32464e5db6926fdc8fbced8f	Imbalance-USD		Transfer to Mortgage TRF TO OTHE	OFX ext. info: |Trans type:Generic debit|Memo:Transfer to Mortgage TRF TO OTHER			n	120324/100	120324/100	1970-01-01 00:00:00
===== END
===== START
C	fbef7428866a4fbfb0c1dc9ff2d9702b	211dc918ee244d25aa9f09ce2786ff44	2024-08-11 16:42:20	2024-08-11 16:41:40	2024-04-02 10:59:00	5f8cd3d7d07f4e76916a760d36c0523b	Checking Account		USAA	OFX ext. info: |Trans type:Generic debit|Memo:ACH Transaction - USAA FSB ICPAYMENT 0031407426 ACH DEBIT	ACH Transaction - USAA FSB ICPAYMENT 0031407426 ACH DEBIT		c	-40957/100	-40957/100	2024-08-11 16:42:20
C	fbef7428866a4fbfb0c1dc9ff2d9702b	76ff4b48381b45569475e0eeddde87d1	2024-08-11 16:42:20	2024-08-11 16:41:40	2024-04-02 10:59:00	afe29b9815264ab1bdb84bb218ad1d54	Auto Insurance		USAA	OFX ext. info: |Trans type:Generic debit|Memo:ACH Transaction - USAA FSB ICPAYMENT 0031407426 ACH DEBIT			n	40957/100	40957/100	1970-01-01 00:00:00
===== END
===== START
C	075ab1a9a4a942db841cbff50f6a61de	929aa4149c9045ec91e0395c59dd7b25	2024-08-11 16:42:20	2024-08-11 16:41:40	2024-04-02 10:59:00	5f8cd3d7d07f4e76916a760d36c0523b	Checking Account		Payment to Service Finance Compa	OFX ext. info: |Trans type:Generic debit|Memo:ACH Transaction - SERVICE FINANCE PAYMENTS 0004200001 ACH DEBIT	ACH Transaction - SERVICE FINANCE PAYMENTS 0004200001 ACH DEBIT		c	-4200/100	-4200/100	2024-08-11 16:42:20
C	075ab1a9a4a942db841cbff50f6a61de	4874f6fc7ccc4f95a1a8323ec1a7280d	2024-08-11 16:42:20	2024-08-11 16:41:40	2024-04-02 10:59:00	e96006f03af946419f174c26ada68cf6	Home Repair		Payment to Service Finance Compa	OFX ext. info: |Trans type:Generic debit|Memo:ACH Transaction - SERVICE FINANCE PAYMENTS 0004200001 ACH DEBIT			n	4200/100	4200/100	1970-01-01 00:00:00
===== END
===== START
C	fadeb9a1694d4d5c974cc5c48527fc17	202fa94c9a784db8bfd53fb903c19469	2024-08-11 16:42:20	2024-08-11 16:41:40	2024-04-02 10:59:00	5f8cd3d7d07f4e76916a760d36c0523b	Checking Account		Payment to USAA	OFX ext. info: |Trans type:Generic debit|Memo:ACH Transaction - USAA P C AUTOPAY 0002100002 ACH DEBIT	ACH Transaction - USAA P C AUTOPAY 0002100002 ACH DEBIT		c	-24229/100	-24229/100	2024-08-11 16:42:20
C	fadeb9a1694d4d5c974cc5c48527fc17	3e9558728da84329b1103d9cd447796d	2024-08-11 16:42:20	2024-08-11 16:41:40	2024-04-02 10:59:00	afe29b9815264ab1bdb84bb218ad1d54	Auto Insurance		Payment to USAA	OFX ext. info: |Trans type:Generic debit|Memo:ACH Transaction - USAA P C AUTOPAY 0002100002 ACH DEBIT			n	24229/100	24229/100	1970-01-01 00:00:00
===== END
===== START
C	507f9498b82f4329a0cb2432c4853ed4	5985cfdcb69445b8b53eb56a985042ba	2024-08-11 16:42:20	2024-08-11 16:41:40	2024-04-03 10:59:00	5f8cd3d7d07f4e76916a760d36c0523b	Checking Account		Raytheon Company Deposit	OFX ext. info: |Trans type:Generic credit|Memo:Deposit - RAYTHEON COMPANY RAYTHEON COMPANY DEPOSIT	Deposit - RAYTHEON COMPANY RAYTHEON COMPANY DEPOSIT		c	242735/100	242735/100	2024-08-11 16:42:20
C	507f9498b82f4329a0cb2432c4853ed4	2ca603ebc68849ad98f32148be0319ee	2024-08-11 16:42:20	2024-08-11 16:41:40	2024-04-03 10:59:00	04c049366b5f48cbb21abe60a0b16637	Salary		Raytheon Company Deposit	OFX ext. info: |Trans type:Generic credit|Memo:Deposit - RAYTHEON COMPANY RAYTHEON COMPANY DEPOSIT			n	-242735/100	-242735/100	1970-01-01 00:00:00
===== END
===== START
C	449354985b5b4d60a704f77d675c5a94	c4c9be12d94640b0ae0a1048b668f8dd	2024-08-11 16:42:20	2024-08-11 16:41:40	2024-04-05 10:59:00	5f8cd3d7d07f4e76916a760d36c0523b	Checking Account		Payment to Cox Communications	OFX ext. info: |Trans type:Generic debit|Memo:ACH Transaction - COX COMM PHX BANK DRAFT 0009100001 ACH DEBIT	ACH Transaction - COX COMM PHX BANK DRAFT 0009100001 ACH DEBIT		c	-11622/100	-11622/100	2024-08-11 16:42:20
C	449354985b5b4d60a704f77d675c5a94	8505cc3b980f4b7cb7b676670f0c40f0	2024-08-11 16:42:20	2024-08-11 16:41:40	2024-04-05 10:59:00	3323a52a32464e5db6926fdc8fbced8f	Imbalance-USD		Payment to Cox Communications	OFX ext. info: |Trans type:Generic debit|Memo:ACH Transaction - COX COMM PHX BANK DRAFT 0009100001 ACH DEBIT			n	11622/100	11622/100	1970-01-01 00:00:00
===== END
===== START
C	6bc14e469ad04cef92e0924bc0398a94	71b25f516a084d579895e8db2b1cf19b	2024-08-11 16:42:20	2024-08-11 16:41:40	2024-04-12 10:59:00	5f8cd3d7d07f4e76916a760d36c0523b	Checking Account		Arizona Department Of Revenue De	OFX ext. info: |Trans type:Generic credit|Memo:Deposit - AZ DEPT OF REV AZ DEPT OF REV DEPOSIT	Deposit - AZ DEPT OF REV AZ DEPT OF REV DEPOSIT		c	63600/100	63600/100	2024-08-11 16:42:20
C	6bc14e469ad04cef92e0924bc0398a94	6f71eb176caf4017b546041161a4697a	2024-08-11 16:42:20	2024-08-11 16:41:40	2024-04-12 10:59:00	02a2adb803174ca7979491311a508662	Electric		Arizona Department Of Revenue De	OFX ext. info: |Trans type:Generic credit|Memo:Deposit - AZ DEPT OF REV AZ DEPT OF REV DEPOSIT			n	-63600/100	-63600/100	1970-01-01 00:00:00
===== END
===== START
C	8bfd24e207624add83f03a2038920ef1	f659ff1a43c24247a4d4366a7ddb9462	2024-08-11 16:42:20	2024-08-11 16:41:40	2024-04-15 10:59:00	5f8cd3d7d07f4e76916a760d36c0523b	Checking Account		Salary/Regular Income from IRS	OFX ext. info: |Trans type:Generic credit|Memo:Deposit - IRS TREAS 310 IRS TREAS 310 DEPOSIT	Deposit - IRS TREAS 310 IRS TREAS 310 DEPOSIT		c	51300/100	51300/100	2024-08-11 16:42:20
C	8bfd24e207624add83f03a2038920ef1	163a636262794c239a1fc4ba88af820f	2024-08-11 16:42:20	2024-08-11 16:41:40	2024-04-15 10:59:00	19cd0144a4154367b52e975f70af3df4	dividend		Salary/Regular Income from IRS	OFX ext. info: |Trans type:Generic credit|Memo:Deposit - IRS TREAS 310 IRS TREAS 310 DEPOSIT			n	-51300/100	-51300/100	1970-01-01 00:00:00
===== END
===== START
C	8732ead65b774c7a8a34edf7d15b78e1	fc019c13a2d04b8ea2e3e27bf58daeec	2024-08-11 16:42:20	2024-08-11 16:41:40	2024-04-15 10:59:00	5f8cd3d7d07f4e76916a760d36c0523b	Checking Account		Fidelity Investments	OFX ext. info: |Trans type:Generic debit|Memo:ACH Transaction - FID BKG SVC LLC MONEYLINE 0009100001 ACH DEBIT	ACH Transaction - FID BKG SVC LLC MONEYLINE 0009100001 ACH DEBIT		c	-650000/100	-650000/100	2024-08-11 16:42:20
C	8732ead65b774c7a8a34edf7d15b78e1	506abe63c22c4e158e88f81b5e472fb2	2024-08-11 16:42:20	2024-08-11 16:41:40	2024-04-15 10:59:00	a996b30c3e714c1483ec007f2699fc71	Groceries		Fidelity Investments	OFX ext. info: |Trans type:Generic debit|Memo:ACH Transaction - FID BKG SVC LLC MONEYLINE 0009100001 ACH DEBIT			n	650000/100	650000/100	1970-01-01 00:00:00
===== END
===== START
C	11bca3a78f3943e8be287a9eb15b4045	a31589d305a34d40bb5dbcedef33b4ea	2024-08-11 16:42:20	2024-08-11 16:41:40	2024-04-16 10:59:00	5f8cd3d7d07f4e76916a760d36c0523b	Checking Account		Deposit - B6481 BASIS EDUC B6481	OFX ext. info: |Trans type:Generic credit|Memo:Deposit - B6481 BASIS EDUC B6481 BASIS EDUC DEPOSIT	Deposit - B6481 BASIS EDUC B6481 BASIS EDUC DEPOSIT		c	138064/100	138064/100	2024-08-11 16:42:20
C	11bca3a78f3943e8be287a9eb15b4045	4ee320a6f5a14cbfa244e27b131b9343	2024-08-11 16:42:20	2024-08-11 16:41:40	2024-04-16 10:59:00	fdc7f1bbcc004a4c96981c63fc1d9e7c	Salary (Spouse)		Deposit - B6481 BASIS EDUC B6481	OFX ext. info: |Trans type:Generic credit|Memo:Deposit - B6481 BASIS EDUC B6481 BASIS EDUC DEPOSIT			n	-138064/100	-138064/100	1970-01-01 00:00:00
===== END
===== START
C	3b86ef8d4f0d4690b12b157cde56c0f3	0c2e6edc1f284225965c3e7ba4a197eb	2024-08-11 16:42:20	2024-08-11 16:41:40	2024-04-16 10:59:00	5f8cd3d7d07f4e76916a760d36c0523b	Checking Account		USAA	OFX ext. info: |Trans type:Generic debit|Memo:ACH Transaction - USAA FSB ICPAYMENT 0031407426 ACH DEBIT	ACH Transaction - USAA FSB ICPAYMENT 0031407426 ACH DEBIT		c	-33536/100	-33536/100	2024-08-11 16:42:20
C	3b86ef8d4f0d4690b12b157cde56c0f3	b1a4faeffcd44b91b2d1b0c5712f61db	2024-08-11 16:42:20	2024-08-11 16:41:40	2024-04-16 10:59:00	afe29b9815264ab1bdb84bb218ad1d54	Auto Insurance		USAA	OFX ext. info: |Trans type:Generic debit|Memo:ACH Transaction - USAA FSB ICPAYMENT 0031407426 ACH DEBIT			n	33536/100	33536/100	1970-01-01 00:00:00
===== END
===== START
C	f330e5e93bc24207979ad3c762434ef8	b89ef276e64e464f9dc3b8cf7ca47eb2	2024-08-11 16:42:20	2024-08-11 16:41:40	2024-04-17 10:59:00	5f8cd3d7d07f4e76916a760d36c0523b	Checking Account		Raytheon Company Deposit	OFX ext. info: |Trans type:Generic credit|Memo:Deposit - RAYTHEON COMPANY RAYTHEON COMPANY DEPOSIT	Deposit - RAYTHEON COMPANY RAYTHEON COMPANY DEPOSIT		c	252756/100	252756/100	2024-08-11 16:42:20
C	f330e5e93bc24207979ad3c762434ef8	371b889952dc42c7a384975b5241ad32	2024-08-11 16:42:20	2024-08-11 16:41:40	2024-04-17 10:59:00	04c049366b5f48cbb21abe60a0b16637	Salary		Raytheon Company Deposit	OFX ext. info: |Trans type:Generic credit|Memo:Deposit - RAYTHEON COMPANY RAYTHEON COMPANY DEPOSIT			n	-252756/100	-252756/100	1970-01-01 00:00:00
===== END
===== START
C	4241207ae0734aaebb0669584021cfa6	f7ac5f8359e34bfba5da7543865dd677	2024-08-11 16:42:20	2024-08-11 16:41:40	2024-04-30 10:59:00	5f8cd3d7d07f4e76916a760d36c0523b	Checking Account		Deposit - B6481 BASIS EDUC B6481	OFX ext. info: |Trans type:Generic credit|Memo:Deposit - B6481 BASIS EDUC B6481 BASIS EDUC DEPOSIT	Deposit - B6481 BASIS EDUC B6481 BASIS EDUC DEPOSIT		c	138064/100	138064/100	2024-08-11 16:42:20
C	4241207ae0734aaebb0669584021cfa6	9475c7c612964c79a37e2cfe369769a7	2024-08-11 16:42:20	2024-08-11 16:41:40	2024-04-30 10:59:00	fdc7f1bbcc004a4c96981c63fc1d9e7c	Salary (Spouse)		Deposit - B6481 BASIS EDUC B6481	OFX ext. info: |Trans type:Generic credit|Memo:Deposit - B6481 BASIS EDUC B6481 BASIS EDUC DEPOSIT			n	-138064/100	-138064/100	1970-01-01 00:00:00
===== END
===== START
C	b33e2ebee3bd4704a0cf155b88b84e57	d3c0702d3c9c4bcfb04c0ca0c516e33d	2024-08-11 16:42:20	2024-08-11 16:41:40	2024-04-30 10:59:00	5f8cd3d7d07f4e76916a760d36c0523b	Checking Account		Dividend (GT20)DIVIDEND	OFX ext. info: |Trans type:Generic credit|Memo:Dividend (GT20)DIVIDEND	Dividend (GT20)DIVIDEND		c	42/100	42/100	2024-08-11 16:42:20
C	b33e2ebee3bd4704a0cf155b88b84e57	1913a1f101104ab58496ede139940b1f	2024-08-11 16:42:20	2024-08-11 16:41:40	2024-04-30 10:59:00	19cd0144a4154367b52e975f70af3df4	dividend		Dividend (GT20)DIVIDEND	OFX ext. info: |Trans type:Generic credit|Memo:Dividend (GT20)DIVIDEND			n	-42/100	-42/100	1970-01-01 00:00:00
===== END
===== START
C	8c17afb88bfb4eebb7675f6f95aa26e9	10e5008270d241aeb3a0205ce359fc5c	2024-08-11 16:42:20	2024-08-11 16:41:40	2024-04-30 10:59:00	5f8cd3d7d07f4e76916a760d36c0523b	Checking Account		Payment to Tucson Electric Power	OFX ext. info: |Trans type:Generic debit|Memo:ACH Transaction - TEP Corporate De SNAP PMT 0009100001 ACH DEBIT	ACH Transaction - TEP Corporate De SNAP PMT 0009100001 ACH DEBIT		c	-12042/100	-12042/100	2024-08-11 16:42:20
C	8c17afb88bfb4eebb7675f6f95aa26e9	df115a8dff524194ac677eeb07d2e010	2024-08-11 16:42:20	2024-08-11 16:41:40	2024-04-30 10:59:00	02a2adb803174ca7979491311a508662	Electric		Payment to Tucson Electric Power	OFX ext. info: |Trans type:Generic debit|Memo:ACH Transaction - TEP Corporate De SNAP PMT 0009100001 ACH DEBIT			n	12042/100	12042/100	1970-01-01 00:00:00
===== END
===== START
C	9ae9173d1e26417da19e1513ffd3df76	6f8a203a955c4c999c07ff2a5014e5bc	2024-08-11 16:42:20	2024-08-11 16:41:40	2024-05-01 10:59:00	5f8cd3d7d07f4e76916a760d36c0523b	Checking Account		Raytheon Company Deposit	OFX ext. info: |Trans type:Generic credit|Memo:Deposit - RAYTHEON COMPANY RAYTHEON COMPANY DEPOSIT	Deposit - RAYTHEON COMPANY RAYTHEON COMPANY DEPOSIT		c	252757/100	252757/100	2024-08-11 16:42:20
C	9ae9173d1e26417da19e1513ffd3df76	a96171735d634916a81a298fe48fde77	2024-08-11 16:42:20	2024-08-11 16:41:40	2024-05-01 10:59:00	04c049366b5f48cbb21abe60a0b16637	Salary		Raytheon Company Deposit	OFX ext. info: |Trans type:Generic credit|Memo:Deposit - RAYTHEON COMPANY RAYTHEON COMPANY DEPOSIT			n	-252757/100	-252757/100	1970-01-01 00:00:00
===== END
===== START
C	2f64e4b755cd49bbb0e8f87e18bc5fe1	601c795cbedd45cd876494b65bbdee28	2024-08-11 16:42:20	2024-08-11 16:41:40	2024-05-01 10:59:00	5f8cd3d7d07f4e76916a760d36c0523b	Checking Account		USAA	OFX ext. info: |Trans type:Generic debit|Memo:ACH Transaction - USAA FSB ICPAYMENT 0031407426 ACH DEBIT	ACH Transaction - USAA FSB ICPAYMENT 0031407426 ACH DEBIT		c	-40957/100	-40957/100	2024-08-11 16:42:20
C	2f64e4b755cd49bbb0e8f87e18bc5fe1	26a1df267bbc46dba6fc05f07db3d2cb	2024-08-11 16:42:20	2024-08-11 16:41:40	2024-05-01 10:59:00	afe29b9815264ab1bdb84bb218ad1d54	Auto Insurance		USAA	OFX ext. info: |Trans type:Generic debit|Memo:ACH Transaction - USAA FSB ICPAYMENT 0031407426 ACH DEBIT			n	40957/100	40957/100	1970-01-01 00:00:00
===== END
===== START
C	f32a2a1ca6834eb2b1deb809d4380d98	e0b63671baec4840836fc7ea9113693f	2024-08-11 16:42:20	2024-08-11 16:41:40	2024-05-01 10:59:00	5f8cd3d7d07f4e76916a760d36c0523b	Checking Account		Transfer to Credit Card TRF TO O	OFX ext. info: |Trans type:Generic debit|Memo:Transfer to Credit Card TRF TO OTHER	Transfer to Credit Card TRF TO OTHER		c	-448268/100	-448268/100	2024-08-11 16:42:20
C	f32a2a1ca6834eb2b1deb809d4380d98	cded879b699646f0967eece51742b6f3	2024-08-11 16:42:20	2024-08-11 16:41:40	2024-05-01 10:59:00	3323a52a32464e5db6926fdc8fbced8f	Imbalance-USD		Transfer to Credit Card TRF TO O	OFX ext. info: |Trans type:Generic debit|Memo:Transfer to Credit Card TRF TO OTHER			n	448268/100	448268/100	1970-01-01 00:00:00
===== END
===== START
C	32c3ba3e4c8a40b0bf93b1d219162629	f98ef75330ac41df8db41da2ec02b539	2024-08-11 16:42:20	2024-08-11 16:41:40	2024-05-01 10:59:00	5f8cd3d7d07f4e76916a760d36c0523b	Checking Account		Transfer to Credit Card TRF TO O	OFX ext. info: |Trans type:Generic debit|Memo:Transfer to Credit Card TRF TO OTHER	Transfer to Credit Card TRF TO OTHER		c	-4064/100	-4064/100	2024-08-11 16:42:20
C	32c3ba3e4c8a40b0bf93b1d219162629	076f83ea749249a69bf4620e335e0f24	2024-08-11 16:42:20	2024-08-11 16:41:40	2024-05-01 10:59:00	3323a52a32464e5db6926fdc8fbced8f	Imbalance-USD		Transfer to Credit Card TRF TO O	OFX ext. info: |Trans type:Generic debit|Memo:Transfer to Credit Card TRF TO OTHER			n	4064/100	4064/100	1970-01-01 00:00:00
===== END
===== START
C	e80a21b58c784995b5db715f45580629	253046f03d87488e828e5ecbd4481a9d	2024-08-11 16:42:20	2024-08-11 16:41:40	2024-05-01 10:59:00	5f8cd3d7d07f4e76916a760d36c0523b	Checking Account		Transfer to Mortgage TRF TO OTHE	OFX ext. info: |Trans type:Generic debit|Memo:Transfer to Mortgage TRF TO OTHER	Transfer to Mortgage TRF TO OTHER		c	-120324/100	-120324/100	2024-08-11 16:42:20
C	e80a21b58c784995b5db715f45580629	cee12bef297942028b8232797ab408f3	2024-08-11 16:42:20	2024-08-11 16:41:40	2024-05-01 10:59:00	3323a52a32464e5db6926fdc8fbced8f	Imbalance-USD		Transfer to Mortgage TRF TO OTHE	OFX ext. info: |Trans type:Generic debit|Memo:Transfer to Mortgage TRF TO OTHER			n	120324/100	120324/100	1970-01-01 00:00:00
===== END
===== START
C	8714d09d75324964bae22d4e37a485d6	fb2f2123315a4127bf11f67616337af7	2024-08-11 16:42:20	2024-08-11 16:41:40	2024-05-02 10:59:00	5f8cd3d7d07f4e76916a760d36c0523b	Checking Account		Payment to Usaa Property & Casua	OFX ext. info: |Trans type:Generic debit|Memo:ACH Transaction - USAA P C AUTOPAY 62108152 ACH DEBIT	ACH Transaction - USAA P C AUTOPAY 62108152 ACH DEBIT		c	-24229/100	-24229/100	2024-08-11 16:42:20
C	8714d09d75324964bae22d4e37a485d6	a260e69715a14be99b8e2abafa3ba371	2024-08-11 16:42:20	2024-08-11 16:41:40	2024-05-02 10:59:00	afe29b9815264ab1bdb84bb218ad1d54	Auto Insurance		Payment to Usaa Property & Casua	OFX ext. info: |Trans type:Generic debit|Memo:ACH Transaction - USAA P C AUTOPAY 62108152 ACH DEBIT			n	24229/100	24229/100	1970-01-01 00:00:00
===== END
===== START
C	c176171f9a454b32b6f45695c81b7e31	8c4d261164624ae6812941c842f40183	2024-08-11 16:42:20	2024-08-11 16:41:40	2024-05-06 10:59:00	5f8cd3d7d07f4e76916a760d36c0523b	Checking Account		Payment to Cox Communications	OFX ext. info: |Trans type:Generic debit|Memo:ACH Transaction - COX COMM PHX BANK DRAFT 0009100001 ACH DEBIT	ACH Transaction - COX COMM PHX BANK DRAFT 0009100001 ACH DEBIT		c	-11622/100	-11622/100	2024-08-11 16:42:20
C	c176171f9a454b32b6f45695c81b7e31	9a23adb0cdbe44beafb3463650443129	2024-08-11 16:42:20	2024-08-11 16:41:40	2024-05-06 10:59:00	3323a52a32464e5db6926fdc8fbced8f	Imbalance-USD		Payment to Cox Communications	OFX ext. info: |Trans type:Generic debit|Memo:ACH Transaction - COX COMM PHX BANK DRAFT 0009100001 ACH DEBIT			n	11622/100	11622/100	1970-01-01 00:00:00
===== END
===== START
C	84dc34f974664670911f5e7d3e2f072c	3aab6ba11dc1467e8e1e797553e5fa5c	2024-08-11 16:42:20	2024-08-11 16:41:40	2024-05-06 10:59:00	5f8cd3d7d07f4e76916a760d36c0523b	Checking Account		Dan Finan	OFX ext. info: |Trans type:Generic debit|Memo:POS Debit - Visa Check Card 4551 - VENMO Dan Finan Visa Direct PHILIP A WITHERSPOON POS TRANSACTION	POS Debit - Visa Check Card 4551 - VENMO Dan Finan Visa Direct PHILIP A WITHERSPOON POS TRANSACTION		c	-15900/100	-15900/100	2024-08-11 16:42:20
C	84dc34f974664670911f5e7d3e2f072c	ba72732354ae40c7b3cc3a7acff5e0d8	2024-08-11 16:42:20	2024-08-11 16:41:40	2024-05-06 10:59:00	04c049366b5f48cbb21abe60a0b16637	Salary		Dan Finan	OFX ext. info: |Trans type:Generic debit|Memo:POS Debit - Visa Check Card 4551 - VENMO Dan Finan Visa Direct PHILIP A WITHERSPOON POS TRANSACTION			n	15900/100	15900/100	1970-01-01 00:00:00
===== END
===== START
C	c275f732311044f0a5a37a38561324e0	379531da5d054e17a1353ad9206a8bcb	2024-08-11 16:42:20	2024-08-11 16:41:40	2024-05-13 10:59:00	5f8cd3d7d07f4e76916a760d36c0523b	Checking Account		McAfee	OFX ext. info: |Trans type:Generic debit|Memo:POS Debit - Visa Check Card 4551 - MCAFEE AUTORENEWAL 514551 PHILIP A WITHERSPOON POS TRANSACTION	POS Debit - Visa Check Card 4551 - MCAFEE AUTORENEWAL 514551 PHILIP A WITHERSPOON POS TRANSACTION		c	-12749/100	-12749/100	2024-08-11 16:42:20
C	c275f732311044f0a5a37a38561324e0	52b924d5c9484539b9ef3862c1359364	2024-08-11 16:42:20	2024-08-11 16:41:40	2024-05-13 10:59:00	a996b30c3e714c1483ec007f2699fc71	Groceries		McAfee	OFX ext. info: |Trans type:Generic debit|Memo:POS Debit - Visa Check Card 4551 - MCAFEE AUTORENEWAL 514551 PHILIP A WITHERSPOON POS TRANSACTION			n	12749/100	12749/100	1970-01-01 00:00:00
===== END
===== START
C	150533c0e930459ca4711581ce0821c0	b730c52a4ef4405db956b47616d07e46	2024-08-11 16:42:20	2024-08-11 16:41:40	2024-05-15 10:59:00	5f8cd3d7d07f4e76916a760d36c0523b	Checking Account		Raytheon Company Deposit	OFX ext. info: |Trans type:Generic credit|Memo:Deposit - RAYTHEON COMPANY RAYTHEON COMPANY DEPOSIT	Deposit - RAYTHEON COMPANY RAYTHEON COMPANY DEPOSIT		c	252758/100	252758/100	2024-08-11 16:42:20
C	150533c0e930459ca4711581ce0821c0	65689541d47a471ebd520050ce87dc3c	2024-08-11 16:42:20	2024-08-11 16:41:40	2024-05-15 10:59:00	04c049366b5f48cbb21abe60a0b16637	Salary		Raytheon Company Deposit	OFX ext. info: |Trans type:Generic credit|Memo:Deposit - RAYTHEON COMPANY RAYTHEON COMPANY DEPOSIT			n	-252758/100	-252758/100	1970-01-01 00:00:00
===== END
===== START
C	8d07281d8a3a4739839a404c358c46ac	433abf15d007429dbe7412dd3533696c	2024-08-11 16:42:20	2024-08-11 16:41:40	2024-05-15 10:59:00	5f8cd3d7d07f4e76916a760d36c0523b	Checking Account		USAA	OFX ext. info: |Trans type:Generic debit|Memo:ACH Transaction - USAA FSB ICPAYMENT 0031407426 ACH DEBIT	ACH Transaction - USAA FSB ICPAYMENT 0031407426 ACH DEBIT		c	-33536/100	-33536/100	2024-08-11 16:42:20
C	8d07281d8a3a4739839a404c358c46ac	9d87decc3fa840fa86df69238c2b1e7a	2024-08-11 16:42:20	2024-08-11 16:41:40	2024-05-15 10:59:00	afe29b9815264ab1bdb84bb218ad1d54	Auto Insurance		USAA	OFX ext. info: |Trans type:Generic debit|Memo:ACH Transaction - USAA FSB ICPAYMENT 0031407426 ACH DEBIT			n	33536/100	33536/100	1970-01-01 00:00:00
===== END
===== START
C	80066a8c17c84ad8bfe5a42ed51a9e75	8c555b897504425f89ec90d69c3ebbf9	2024-08-11 16:42:20	2024-08-11 16:41:40	2024-05-16 10:59:00	5f8cd3d7d07f4e76916a760d36c0523b	Checking Account		Deposit - B6481 BASIS EDUC B6481	OFX ext. info: |Trans type:Generic credit|Memo:Deposit - B6481 BASIS EDUC B6481 BASIS EDUC DEPOSIT	Deposit - B6481 BASIS EDUC B6481 BASIS EDUC DEPOSIT		c	138060/100	138060/100	2024-08-11 16:42:20
C	80066a8c17c84ad8bfe5a42ed51a9e75	713e686da8ab4f36960cef620178d6e2	2024-08-11 16:42:20	2024-08-11 16:41:40	2024-05-16 10:59:00	fdc7f1bbcc004a4c96981c63fc1d9e7c	Salary (Spouse)		Deposit - B6481 BASIS EDUC B6481	OFX ext. info: |Trans type:Generic credit|Memo:Deposit - B6481 BASIS EDUC B6481 BASIS EDUC DEPOSIT			n	-138060/100	-138060/100	1970-01-01 00:00:00
===== END
===== START
C	3f5d4246cdcf4180820e56c914a658c9	8b247769e5fa473b8b25b9c62abe6b5e	2024-08-11 16:42:20	2024-08-11 16:41:40	2024-05-29 10:59:00	5f8cd3d7d07f4e76916a760d36c0523b	Checking Account		Raytheon Company Deposit	OFX ext. info: |Trans type:Generic credit|Memo:Deposit - RAYTHEON COMPANY RAYTHEON COMPANY DEPOSIT	Deposit - RAYTHEON COMPANY RAYTHEON COMPANY DEPOSIT		c	252756/100	252756/100	2024-08-11 16:42:20
C	3f5d4246cdcf4180820e56c914a658c9	24fe84eb1d6f48e887890f90732664d7	2024-08-11 16:42:20	2024-08-11 16:41:40	2024-05-29 10:59:00	04c049366b5f48cbb21abe60a0b16637	Salary		Raytheon Company Deposit	OFX ext. info: |Trans type:Generic credit|Memo:Deposit - RAYTHEON COMPANY RAYTHEON COMPANY DEPOSIT			n	-252756/100	-252756/100	1970-01-01 00:00:00
===== END
===== START
C	8c3f2febaa824ea489c4b5260198cb03	b85fd0ef92ab411ba1005d5f4c2bee07	2024-08-11 16:42:20	2024-08-11 16:41:40	2024-05-31 10:59:00	5f8cd3d7d07f4e76916a760d36c0523b	Checking Account		Deposit - B6481 BASIS EDUC B6481	OFX ext. info: |Trans type:Generic credit|Memo:Deposit - B6481 BASIS EDUC B6481 BASIS EDUC DEPOSIT	Deposit - B6481 BASIS EDUC B6481 BASIS EDUC DEPOSIT		c	138064/100	138064/100	2024-08-11 16:42:20
C	8c3f2febaa824ea489c4b5260198cb03	bbff41cb20e64232b67c55fe2800596d	2024-08-11 16:42:20	2024-08-11 16:41:40	2024-05-31 10:59:00	fdc7f1bbcc004a4c96981c63fc1d9e7c	Salary (Spouse)		Deposit - B6481 BASIS EDUC B6481	OFX ext. info: |Trans type:Generic credit|Memo:Deposit - B6481 BASIS EDUC B6481 BASIS EDUC DEPOSIT			n	-138064/100	-138064/100	1970-01-01 00:00:00
===== END
===== START
C	1c89dedfa0fa420882b52b70bab0c574	265a1f10456447008d22f73f6d23e0ae	2024-08-11 16:42:20	2024-08-11 16:41:40	2024-05-31 10:59:00	5f8cd3d7d07f4e76916a760d36c0523b	Checking Account		Dividend (GT20)DIVIDEND	OFX ext. info: |Trans type:Generic credit|Memo:Dividend (GT20)DIVIDEND	Dividend (GT20)DIVIDEND		c	43/100	43/100	2024-08-11 16:42:20
C	1c89dedfa0fa420882b52b70bab0c574	ff5f34ac8fef4c25827cf35368a5b101	2024-08-11 16:42:20	2024-08-11 16:41:40	2024-05-31 10:59:00	19cd0144a4154367b52e975f70af3df4	dividend		Dividend (GT20)DIVIDEND	OFX ext. info: |Trans type:Generic credit|Memo:Dividend (GT20)DIVIDEND			n	-43/100	-43/100	1970-01-01 00:00:00
===== END
===== START
C	f5176eb349d3441db21bbac54eae16dc	a393e2cb996f49229bcd7fc2b46c9ee5	2024-08-11 16:42:20	2024-08-11 16:41:40	2024-05-31 10:59:00	5f8cd3d7d07f4e76916a760d36c0523b	Checking Account		- TEP Corporate De SNAP PMT XX00	OFX ext. info: |Trans type:Generic debit|Memo:ACH Transaction - TEP Corporate De SNAP PMT 88210001 ACH DEBIT	ACH Transaction - TEP Corporate De SNAP PMT 88210001 ACH DEBIT		c	-15137/100	-15137/100	2024-08-11 16:42:20
C	f5176eb349d3441db21bbac54eae16dc	453acf2d69f54f0dad1523816d1ede53	2024-08-11 16:42:20	2024-08-11 16:41:40	2024-05-31 10:59:00	02a2adb803174ca7979491311a508662	Electric		- TEP Corporate De SNAP PMT XX00	OFX ext. info: |Trans type:Generic debit|Memo:ACH Transaction - TEP Corporate De SNAP PMT 88210001 ACH DEBIT			n	15137/100	15137/100	1970-01-01 00:00:00
===== END
===== START
C	acaf28158038456a9903d629ff47f5e1	c062fd63b81b4ee9883620f6780a3df0	2024-08-11 16:42:20	2024-08-11 16:41:40	2024-05-31 10:59:00	5f8cd3d7d07f4e76916a760d36c0523b	Checking Account		Transfer to Credit Card TRF TO O	OFX ext. info: |Trans type:Generic debit|Memo:Transfer to Credit Card TRF TO OTHER	Transfer to Credit Card TRF TO OTHER		c	-537754/100	-537754/100	2024-08-11 16:42:20
C	acaf28158038456a9903d629ff47f5e1	6bb758fa15854bbd83449762a96edd7b	2024-08-11 16:42:20	2024-08-11 16:41:40	2024-05-31 10:59:00	3323a52a32464e5db6926fdc8fbced8f	Imbalance-USD		Transfer to Credit Card TRF TO O	OFX ext. info: |Trans type:Generic debit|Memo:Transfer to Credit Card TRF TO OTHER			n	537754/100	537754/100	1970-01-01 00:00:00
===== END
===== START
C	e030c8029b574ddc8a6c0b9a7c39dad8	cf665fd29b5848328000df5b9b899ee3	2024-08-11 16:42:20	2024-08-11 16:41:40	2024-05-31 10:59:00	5f8cd3d7d07f4e76916a760d36c0523b	Checking Account		Transfer to Credit Card TRF TO O	OFX ext. info: |Trans type:Generic debit|Memo:Transfer to Credit Card TRF TO OTHER	Transfer to Credit Card TRF TO OTHER		c	-3369/100	-3369/100	2024-08-11 16:42:20
C	e030c8029b574ddc8a6c0b9a7c39dad8	4399ec88378944b8a555f3fce6fdf833	2024-08-11 16:42:20	2024-08-11 16:41:40	2024-05-31 10:59:00	3323a52a32464e5db6926fdc8fbced8f	Imbalance-USD		Transfer to Credit Card TRF TO O	OFX ext. info: |Trans type:Generic debit|Memo:Transfer to Credit Card TRF TO OTHER			n	3369/100	3369/100	1970-01-01 00:00:00
===== END
===== START
C	250a7bd8e85c48b49c9624eeca3501b8	a18d5e0f5724454095e944ed027f3a1b	2024-08-11 16:42:20	2024-08-11 16:41:40	2024-06-03 10:59:00	5f8cd3d7d07f4e76916a760d36c0523b	Checking Account		USAA	OFX ext. info: |Trans type:Generic debit|Memo:ACH Transaction - USAA FSB ICPAYMENT 0031407426 ACH DEBIT	ACH Transaction - USAA FSB ICPAYMENT 0031407426 ACH DEBIT		c	-40957/100	-40957/100	2024-08-11 16:42:20
C	250a7bd8e85c48b49c9624eeca3501b8	fcf996aef36d4234947dc93f87033cbf	2024-08-11 16:42:20	2024-08-11 16:41:40	2024-06-03 10:59:00	afe29b9815264ab1bdb84bb218ad1d54	Auto Insurance		USAA	OFX ext. info: |Trans type:Generic debit|Memo:ACH Transaction - USAA FSB ICPAYMENT 0031407426 ACH DEBIT			n	40957/100	40957/100	1970-01-01 00:00:00
===== END
===== START
C	acb28e8f36f448be81f43e7cd1658768	fbb994bedd0e4212b237737d2055e842	2024-08-11 16:42:20	2024-08-11 16:41:40	2024-06-03 10:59:00	5f8cd3d7d07f4e76916a760d36c0523b	Checking Account		Transfer to Mortgage TRF TO OTHE	OFX ext. info: |Trans type:Generic debit|Memo:Transfer to Mortgage TRF TO OTHER	Transfer to Mortgage TRF TO OTHER		c	-120324/100	-120324/100	2024-08-11 16:42:20
C	acb28e8f36f448be81f43e7cd1658768	64afc3a4b8b94b348eaaa6c743ee00e1	2024-08-11 16:42:20	2024-08-11 16:41:40	2024-06-03 10:59:00	3323a52a32464e5db6926fdc8fbced8f	Imbalance-USD		Transfer to Mortgage TRF TO OTHE	OFX ext. info: |Trans type:Generic debit|Memo:Transfer to Mortgage TRF TO OTHER			n	120324/100	120324/100	1970-01-01 00:00:00
===== END
===== START
C	8a96a84f0e8a40088d39347a44909953	a116b6ba9372473fb2ffd8e56b5b7270	2024-08-11 16:42:20	2024-08-11 16:41:40	2024-06-04 10:59:00	5f8cd3d7d07f4e76916a760d36c0523b	Checking Account		Payment to USAA	OFX ext. info: |Trans type:Generic debit|Memo:ACH Transaction - USAA P C AUTOPAY 0002100002 ACH DEBIT	ACH Transaction - USAA P C AUTOPAY 0002100002 ACH DEBIT		c	-24225/100	-24225/100	2024-08-11 16:42:20
C	8a96a84f0e8a40088d39347a44909953	1a0cb4a782df41809a64aa48696d4657	2024-08-11 16:42:20	2024-08-11 16:41:40	2024-06-04 10:59:00	afe29b9815264ab1bdb84bb218ad1d54	Auto Insurance		Payment to USAA	OFX ext. info: |Trans type:Generic debit|Memo:ACH Transaction - USAA P C AUTOPAY 0002100002 ACH DEBIT			n	24225/100	24225/100	1970-01-01 00:00:00
===== END
===== START
C	c74b2b21d14a4782a482c907863935a3	e68b57a30e8244f499fa1b7df6f6a76e	2024-08-11 16:42:20	2024-08-11 16:41:40	2024-06-05 10:59:00	5f8cd3d7d07f4e76916a760d36c0523b	Checking Account		Payment to Cox Communications	OFX ext. info: |Trans type:Generic debit|Memo:ACH Transaction - COX COMM PHX BANK DRAFT 0009100001 ACH DEBIT	ACH Transaction - COX COMM PHX BANK DRAFT 0009100001 ACH DEBIT		c	-11622/100	-11622/100	2024-08-11 16:42:20
C	c74b2b21d14a4782a482c907863935a3	ef28bc19e50e4f2eb74235a8e468befd	2024-08-11 16:42:20	2024-08-11 16:41:40	2024-06-05 10:59:00	3323a52a32464e5db6926fdc8fbced8f	Imbalance-USD		Payment to Cox Communications	OFX ext. info: |Trans type:Generic debit|Memo:ACH Transaction - COX COMM PHX BANK DRAFT 0009100001 ACH DEBIT			n	11622/100	11622/100	1970-01-01 00:00:00
===== END
===== START
C	ea8367a9135346539b4b5306fb4405ec	7b6425abefae45d9acc4458d5b36b21a	2024-08-11 16:42:20	2024-08-11 16:41:40	2024-06-12 10:59:00	5f8cd3d7d07f4e76916a760d36c0523b	Checking Account		Raytheon Company Deposit	OFX ext. info: |Trans type:Generic credit|Memo:Deposit - RAYTHEON COMPANY RAYTHEON COMPANY DEPOSIT	Deposit - RAYTHEON COMPANY RAYTHEON COMPANY DEPOSIT		c	252757/100	252757/100	2024-08-11 16:42:20
C	ea8367a9135346539b4b5306fb4405ec	28c251e103084bd4b6d6ea4b56e681c7	2024-08-11 16:42:20	2024-08-11 16:41:40	2024-06-12 10:59:00	04c049366b5f48cbb21abe60a0b16637	Salary		Raytheon Company Deposit	OFX ext. info: |Trans type:Generic credit|Memo:Deposit - RAYTHEON COMPANY RAYTHEON COMPANY DEPOSIT			n	-252757/100	-252757/100	1970-01-01 00:00:00
===== END
===== START
C	89cb2c83d3124d33a8c3d59b94f5355c	4ed62c9bcfed40859dc32892cc57f97c	2024-08-11 16:42:20	2024-08-11 16:41:40	2024-06-26 10:59:00	5f8cd3d7d07f4e76916a760d36c0523b	Checking Account		Raytheon Company Deposit	OFX ext. info: |Trans type:Generic credit|Memo:Deposit Raytheon Company Direct Dep	Deposit Raytheon Company Direct Dep		c	252757/100	252757/100	2024-08-11 16:42:20
C	89cb2c83d3124d33a8c3d59b94f5355c	d131254f7e694b90a7978c19ef7a6f04	2024-08-11 16:42:20	2024-08-11 16:41:40	2024-06-26 10:59:00	04c049366b5f48cbb21abe60a0b16637	Salary		Raytheon Company Deposit	OFX ext. info: |Trans type:Generic credit|Memo:Deposit Raytheon Company Direct Dep			n	-252757/100	-252757/100	1970-01-01 00:00:00
===== END
===== START
C	5aa559de6a1440668daf743045749215	2c9bcd2a36d0410482f1ced5bf415a8a	2024-08-11 16:42:20	2024-08-11 16:41:40	2024-06-28 10:59:00	5f8cd3d7d07f4e76916a760d36c0523b	Checking Account		Deposit B6481 Basis Educ Dir Dep	OFX ext. info: |Trans type:Generic credit|Memo:Deposit B6481 Basis Educ Dir Dep	Deposit B6481 Basis Educ Dir Dep		c	138064/100	138064/100	2024-08-11 16:42:20
C	5aa559de6a1440668daf743045749215	fb0ff430e64f4a8685af94820e0b091d	2024-08-11 16:42:20	2024-08-11 16:41:40	2024-06-28 10:59:00	fdc7f1bbcc004a4c96981c63fc1d9e7c	Salary (Spouse)		Deposit B6481 Basis Educ Dir Dep	OFX ext. info: |Trans type:Generic credit|Memo:Deposit B6481 Basis Educ Dir Dep			n	-138064/100	-138064/100	1970-01-01 00:00:00
===== END
===== START
C	3bfd6bb0cbc644ae8042e0d8f16a87a2	c499e58afbc54b0b91321867503c5930	2024-08-11 16:42:20	2024-08-11 16:41:40	2024-06-28 10:59:00	5f8cd3d7d07f4e76916a760d36c0523b	Checking Account		Interest Income	OFX ext. info: |Trans type:Generic credit|Memo:Dividend	Dividend		c	42/100	42/100	2024-08-11 16:42:20
C	3bfd6bb0cbc644ae8042e0d8f16a87a2	43a004c2515247ebbc15777c841f797e	2024-08-11 16:42:20	2024-08-11 16:41:40	2024-06-28 10:59:00	19cd0144a4154367b52e975f70af3df4	dividend		Interest Income	OFX ext. info: |Trans type:Generic credit|Memo:Dividend			n	-42/100	-42/100	1970-01-01 00:00:00
===== END
===== START
C	dedd13340a9248ebad2ad2562d47dcc1	0cc28426dba143db97bf6c084dbbb156	2024-08-11 16:42:20	2024-08-11 16:41:40	2024-07-01 10:59:00	5f8cd3d7d07f4e76916a760d36c0523b	Checking Account		Transfer To Credit Card -1928	OFX ext. info: |Trans type:Generic debit|Memo:Transfer To Credit Card -1928	Transfer To Credit Card -1928		c	-37904/100	-37904/100	2024-08-11 16:42:20
C	dedd13340a9248ebad2ad2562d47dcc1	7f6e5289e6564dcc914e433590d7f3b3	2024-08-11 16:42:20	2024-08-11 16:41:40	2024-07-01 10:59:00	46255490a311492f8ade68f248c0dc6f	Credit Payment		Transfer To Credit Card -1928	OFX ext. info: |Trans type:Generic debit|Memo:Transfer To Credit Card -1928			n	37904/100	37904/100	1970-01-01 00:00:00
===== END
===== START
C	03c688ffe64e48b88d30decf4024aaef	531c6f11ee714931b2fd8df2f4727d99	2024-08-11 16:42:20	2024-08-11 16:41:40	2024-07-01 10:59:00	5f8cd3d7d07f4e76916a760d36c0523b	Checking Account		Transfer To Mortgage	OFX ext. info: |Trans type:Generic debit|Memo:Transfer To Mortgage	Transfer To Mortgage		c	-120324/100	-120324/100	2024-08-11 16:42:20
C	03c688ffe64e48b88d30decf4024aaef	918bf4c7867b497b8f9a37e654e2efc4	2024-08-11 16:42:20	2024-08-11 16:41:40	2024-07-01 10:59:00	3323a52a32464e5db6926fdc8fbced8f	Imbalance-USD		Transfer To Mortgage	OFX ext. info: |Trans type:Generic debit|Memo:Transfer To Mortgage			n	120324/100	120324/100	1970-01-01 00:00:00
===== END
===== START
C	b810053998a34ca1b1308edd2bd781ca	9e9cc1ff3d17468c8a14d6856ce21c71	2024-08-11 16:42:20	2024-08-11 16:41:40	2024-07-01 10:59:00	5f8cd3d7d07f4e76916a760d36c0523b	Checking Account		Transfer To Credit Card -0001	OFX ext. info: |Trans type:Generic debit|Memo:Transfer To Credit Card -0001	Transfer To Credit Card -0001		c	-387130/100	-387130/100	2024-08-11 16:42:20
C	b810053998a34ca1b1308edd2bd781ca	44a638b1beed4ef1b3289c8d187e9381	2024-08-11 16:42:20	2024-08-11 16:41:40	2024-07-01 10:59:00	48c0a9bb8af04622bbb5c2e2aac3f735	Navy Rewards Card		Transfer To Credit Card -0001	OFX ext. info: |Trans type:Generic debit|Memo:Transfer To Credit Card -0001			n	387130/100	387130/100	1970-01-01 00:00:00
===== END
===== START
C	601cfa46bedc492992228c3a0502fe30	db196026dace4bf7ba56365f53928aed	2024-08-11 16:42:20	2024-08-11 16:41:40	2024-07-01 10:59:00	5f8cd3d7d07f4e76916a760d36c0523b	Checking Account		Payment to Tucson Electric Power	OFX ext. info: |Trans type:Generic debit|Memo:ACH Debit - Tep Corporate De  Snap Pmt 9100001	ACH Debit - Tep Corporate De  Snap Pmt 9100001		c	-20364/100	-20364/100	2024-08-11 16:42:20
C	601cfa46bedc492992228c3a0502fe30	89513d586b1745bbb112526284d164e4	2024-08-11 16:42:20	2024-08-11 16:41:40	2024-07-01 10:59:00	02a2adb803174ca7979491311a508662	Electric		Payment to Tucson Electric Power	OFX ext. info: |Trans type:Generic debit|Memo:ACH Debit - Tep Corporate De  Snap Pmt 9100001			n	20364/100	20364/100	1970-01-01 00:00:00
===== END
===== START
C	992ec9e30bfb432ba4bfd894f72ec82c	c9f2e63fd5634c23a0ca0a999ddab0d7	2024-08-11 16:42:20	2024-08-11 16:41:40	2024-07-02 10:59:00	5f8cd3d7d07f4e76916a760d36c0523b	Checking Account		Payment to Usaa Property & Casua	OFX ext. info: |Trans type:Generic debit|Memo:ACH Debit - Usaa P&c  Autopay 2100002	ACH Debit - Usaa P&c  Autopay 2100002		c	-32020/100	-32020/100	2024-08-11 16:42:20
C	992ec9e30bfb432ba4bfd894f72ec82c	3645e33643214cfd9a7989e49ae0c0f2	2024-08-11 16:42:20	2024-08-11 16:41:40	2024-07-02 10:59:00	afe29b9815264ab1bdb84bb218ad1d54	Auto Insurance		Payment to Usaa Property & Casua	OFX ext. info: |Trans type:Generic debit|Memo:ACH Debit - Usaa P&c  Autopay 2100002			n	32020/100	32020/100	1970-01-01 00:00:00
===== END
===== START
C	480166dde56943a182b59db774749b27	5869853d527b4e66b37d71b1e9bd1315	2024-08-11 16:42:20	2024-08-11 16:41:40	2024-07-02 10:59:00	5f8cd3d7d07f4e76916a760d36c0523b	Checking Account		USAA	OFX ext. info: |Trans type:Generic debit|Memo:ACH Debit - Usaa Fsb  Icpayment 31407426	ACH Debit - Usaa Fsb  Icpayment 31407426		c	-40957/100	-40957/100	2024-08-11 16:42:20
C	480166dde56943a182b59db774749b27	4735b5ff0cef41c285c26108a021948d	2024-08-11 16:42:20	2024-08-11 16:41:40	2024-07-02 10:59:00	afe29b9815264ab1bdb84bb218ad1d54	Auto Insurance		USAA	OFX ext. info: |Trans type:Generic debit|Memo:ACH Debit - Usaa Fsb  Icpayment 31407426			n	40957/100	40957/100	1970-01-01 00:00:00
===== END
===== START
C	cebf0768e72d4bc69dddcf835ee1800d	cb3dd3df5f6c43a8b63fc370edb338cf	2024-08-11 16:42:20	2024-08-11 16:41:40	2024-07-03 10:59:00	5f8cd3d7d07f4e76916a760d36c0523b	Checking Account		Deposit B6481 Basis Educ Dir Dep	OFX ext. info: |Trans type:Generic credit|Memo:Deposit B6481 Basis Educ Dir Dep	Deposit B6481 Basis Educ Dir Dep		c	62028/100	62028/100	2024-08-11 16:42:20
C	cebf0768e72d4bc69dddcf835ee1800d	65fe6a9c7a1144c9b4f47d69e546a611	2024-08-11 16:42:20	2024-08-11 16:41:40	2024-07-03 10:59:00	fdc7f1bbcc004a4c96981c63fc1d9e7c	Salary (Spouse)		Deposit B6481 Basis Educ Dir Dep	OFX ext. info: |Trans type:Generic credit|Memo:Deposit B6481 Basis Educ Dir Dep			n	-62028/100	-62028/100	1970-01-01 00:00:00
===== END
===== START
C	dd0d0b34469c4237a274e7fd9e440808	a5395fe3e3904c218d29d0d7c96b9bd1	2024-08-11 16:42:20	2024-08-11 16:41:40	2024-07-08 10:59:00	5f8cd3d7d07f4e76916a760d36c0523b	Checking Account		Payment to Cox Communications	OFX ext. info: |Trans type:Generic debit|Memo:ACH Debit - Cox Comm Phx  Bank Draft 9100001	ACH Debit - Cox Comm Phx  Bank Draft 9100001		c	-11622/100	-11622/100	2024-08-11 16:42:20
C	dd0d0b34469c4237a274e7fd9e440808	03fdaac5085540b6b67eab56687bea4f	2024-08-11 16:42:20	2024-08-11 16:41:40	2024-07-08 10:59:00	3323a52a32464e5db6926fdc8fbced8f	Imbalance-USD		Payment to Cox Communications	OFX ext. info: |Trans type:Generic debit|Memo:ACH Debit - Cox Comm Phx  Bank Draft 9100001			n	11622/100	11622/100	1970-01-01 00:00:00
===== END
===== START
C	65d999410c9c4101979e9b4d115d398d	9ee2ff1ac1de462285db9b30ef4f9482	2024-08-11 16:42:20	2024-08-11 16:41:40	2024-07-10 10:59:00	5f8cd3d7d07f4e76916a760d36c0523b	Checking Account		Raytheon Company Deposit	OFX ext. info: |Trans type:Generic credit|Memo:Deposit Raytheon Company Direct Dep	Deposit Raytheon Company Direct Dep		c	252756/100	252756/100	2024-08-11 16:42:20
C	65d999410c9c4101979e9b4d115d398d	154b3e79737e4e98a690dbc70a76b176	2024-08-11 16:42:20	2024-08-11 16:41:40	2024-07-10 10:59:00	04c049366b5f48cbb21abe60a0b16637	Salary		Raytheon Company Deposit	OFX ext. info: |Trans type:Generic credit|Memo:Deposit Raytheon Company Direct Dep			n	-252756/100	-252756/100	1970-01-01 00:00:00
===== END
===== START
C	5fcdfd13e44742f582e3a4625b68db61	254ce2208f774c3f98be67ead7b41cd9	2024-08-11 16:42:20	2024-08-11 16:41:40	2024-07-16 10:59:00	5f8cd3d7d07f4e76916a760d36c0523b	Checking Account		Deposit B6481 Basis Educ Dir Dep	OFX ext. info: |Trans type:Generic credit|Memo:Deposit B6481 Basis Educ Dir Dep	Deposit B6481 Basis Educ Dir Dep		c	138064/100	138064/100	2024-08-11 16:42:20
C	5fcdfd13e44742f582e3a4625b68db61	afb274a973414470965768eaa2f05ea5	2024-08-11 16:42:20	2024-08-11 16:41:40	2024-07-16 10:59:00	fdc7f1bbcc004a4c96981c63fc1d9e7c	Salary (Spouse)		Deposit B6481 Basis Educ Dir Dep	OFX ext. info: |Trans type:Generic credit|Memo:Deposit B6481 Basis Educ Dir Dep			n	-138064/100	-138064/100	1970-01-01 00:00:00
===== END
===== START
C	e6364c24890f4be6bd24c8c910a5c498	1bd654897b724d7aaab2ac890dbbde05	2024-08-11 16:42:20	2024-08-11 16:41:40	2024-07-16 10:59:00	5f8cd3d7d07f4e76916a760d36c0523b	Checking Account		USAA	OFX ext. info: |Trans type:Generic debit|Memo:ACH Debit - Usaa Fsb  Icpayment 31407426	ACH Debit - Usaa Fsb  Icpayment 31407426		c	-33536/100	-33536/100	2024-08-11 16:42:20
C	e6364c24890f4be6bd24c8c910a5c498	48cf62d69ea748ceba56b2f33af59384	2024-08-11 16:42:20	2024-08-11 16:41:40	2024-07-16 10:59:00	afe29b9815264ab1bdb84bb218ad1d54	Auto Insurance		USAA	OFX ext. info: |Trans type:Generic debit|Memo:ACH Debit - Usaa Fsb  Icpayment 31407426			n	33536/100	33536/100	1970-01-01 00:00:00
===== END
===== START
C	5b7d8fa79fd947559347d54577aa35ae	39e8227faf2a41338dc1b5a3ac39cb34	2024-08-11 16:42:20	2024-08-11 16:41:40	2024-07-24 10:59:00	5f8cd3d7d07f4e76916a760d36c0523b	Checking Account		Raytheon Company Deposit	OFX ext. info: |Trans type:Generic credit|Memo:Deposit Raytheon Company Direct Dep	Deposit Raytheon Company Direct Dep		c	252757/100	252757/100	2024-08-11 16:42:20
C	5b7d8fa79fd947559347d54577aa35ae	c7c1379781f84fdf9ba8617d27f053fc	2024-08-11 16:42:20	2024-08-11 16:41:40	2024-07-24 10:59:00	04c049366b5f48cbb21abe60a0b16637	Salary		Raytheon Company Deposit	OFX ext. info: |Trans type:Generic credit|Memo:Deposit Raytheon Company Direct Dep			n	-252757/100	-252757/100	1970-01-01 00:00:00
===== END
===== START
C	333669864fb649478c105b923c78024b	4020cee146f343cdb37418debe033562	2024-08-11 16:42:20	2024-08-11 16:41:40	2024-07-30 10:59:00	5f8cd3d7d07f4e76916a760d36c0523b	Checking Account		Citibank	OFX ext. info: |Trans type:Generic debit|Memo:ACH Debit - Citibank, N.a.  Payment 12240215	ACH Debit - Citibank, N.a.  Payment 12240215		c	-9884/100	-9884/100	2024-08-11 16:42:20
C	333669864fb649478c105b923c78024b	db56b7dc55934acbac1b60a840afb631	2024-08-11 16:42:20	2024-08-11 16:41:40	2024-07-30 10:59:00	3323a52a32464e5db6926fdc8fbced8f	Imbalance-USD		Citibank	OFX ext. info: |Trans type:Generic debit|Memo:ACH Debit - Citibank, N.a.  Payment 12240215			n	9884/100	9884/100	1970-01-01 00:00:00
===== END
===== START
C	0aa5bede5a404cc08d36b723435e966a	ac36f5f9ab9f4fd2a65bb896620cc867	2024-08-11 16:42:20	2024-08-11 16:41:40	2024-07-30 10:59:00	5f8cd3d7d07f4e76916a760d36c0523b	Checking Account		Payment to Tucson Electric Power	OFX ext. info: |Trans type:Generic debit|Memo:ACH Debit - Tep Corporate De  Snap Pmt 9100001	ACH Debit - Tep Corporate De  Snap Pmt 9100001		c	-25252/100	-25252/100	2024-08-11 16:42:20
C	0aa5bede5a404cc08d36b723435e966a	15dad7d5dd6e4faab81529014b3e7d67	2024-08-11 16:42:20	2024-08-11 16:41:40	2024-07-30 10:59:00	02a2adb803174ca7979491311a508662	Electric		Payment to Tucson Electric Power	OFX ext. info: |Trans type:Generic debit|Memo:ACH Debit - Tep Corporate De  Snap Pmt 9100001			n	25252/100	25252/100	1970-01-01 00:00:00
===== END
===== START
C	c25435963a334982ae4d5b0cfc05adc5	3f69abf1e7d146edb38b2ffb27bacedd	2024-08-11 16:42:20	2024-08-11 16:41:40	2024-07-31 10:59:00	5f8cd3d7d07f4e76916a760d36c0523b	Checking Account		Deposit B6481 Basis Educ Dir Dep	OFX ext. info: |Trans type:Generic credit|Memo:Deposit B6481 Basis Educ Dir Dep	Deposit B6481 Basis Educ Dir Dep		c	140728/100	140728/100	2024-08-11 16:42:20
C	c25435963a334982ae4d5b0cfc05adc5	e6b0032514804a359a20e6262cb9441f	2024-08-11 16:42:20	2024-08-11 16:41:40	2024-07-31 10:59:00	fdc7f1bbcc004a4c96981c63fc1d9e7c	Salary (Spouse)		Deposit B6481 Basis Educ Dir Dep	OFX ext. info: |Trans type:Generic credit|Memo:Deposit B6481 Basis Educ Dir Dep			n	-140728/100	-140728/100	1970-01-01 00:00:00
===== END
===== START
C	64c274bb3d2d4b628143feaf12b1bedf	2831e25d7fc44228acb495e26d06507a	2024-08-11 16:42:20	2024-08-11 16:41:40	2024-07-31 10:59:00	5f8cd3d7d07f4e76916a760d36c0523b	Checking Account		Interest Income	OFX ext. info: |Trans type:Generic credit|Memo:Dividend	Dividend		c	45/100	45/100	2024-08-11 16:42:20
C	64c274bb3d2d4b628143feaf12b1bedf	9c8e2dfa2f0741228eea60d5a2af6366	2024-08-11 16:42:20	2024-08-11 16:41:40	2024-07-31 10:59:00	19cd0144a4154367b52e975f70af3df4	dividend		Interest Income	OFX ext. info: |Trans type:Generic credit|Memo:Dividend			n	-45/100	-45/100	1970-01-01 00:00:00
===== END
===== START
C	650fbcfb3e4b42db8705e0c4ad605f36	85690445833f43d59b6cc0f1bd2b2a00	2024-08-11 16:42:20	2024-08-11 16:41:40	2024-08-01 10:59:00	5f8cd3d7d07f4e76916a760d36c0523b	Checking Account		Transfer To Credit Card -1928	OFX ext. info: |Trans type:Generic debit|Memo:Transfer To Credit Card -1928	Transfer To Credit Card -1928		c	-3424/100	-3424/100	2024-08-11 16:42:20
C	650fbcfb3e4b42db8705e0c4ad605f36	161bc6e69b7643859ed0a2e7fa2c939a	2024-08-11 16:42:20	2024-08-11 16:41:40	2024-08-01 10:59:00	46255490a311492f8ade68f248c0dc6f	Credit Payment		Transfer To Credit Card -1928	OFX ext. info: |Trans type:Generic debit|Memo:Transfer To Credit Card -1928			n	3424/100	3424/100	1970-01-01 00:00:00
===== END
===== START
C	324f335c531f426d8a5155565924bf30	933a8d0bb7f24f98937324ed7afe4135	2024-08-11 16:42:20	2024-08-11 16:41:40	2024-08-01 10:59:00	5f8cd3d7d07f4e76916a760d36c0523b	Checking Account		Transfer To Mortgage	OFX ext. info: |Trans type:Generic debit|Memo:Transfer To Mortgage	Transfer To Mortgage		c	-120324/100	-120324/100	2024-08-11 16:42:20
C	324f335c531f426d8a5155565924bf30	3be891661d114783869d2d12b3ad7146	2024-08-11 16:42:20	2024-08-11 16:41:40	2024-08-01 10:59:00	3323a52a32464e5db6926fdc8fbced8f	Imbalance-USD		Transfer To Mortgage	OFX ext. info: |Trans type:Generic debit|Memo:Transfer To Mortgage			n	120324/100	120324/100	1970-01-01 00:00:00
===== END
===== START
C	9bcc499c072a4dde88cc73929f2ce0c4	813d3924d8b343abbfd69cbcec6ef6a2	2024-08-11 16:42:20	2024-08-11 16:41:40	2024-08-01 10:59:00	5f8cd3d7d07f4e76916a760d36c0523b	Checking Account		Transfer To Credit Card -0001	OFX ext. info: |Trans type:Generic debit|Memo:Transfer To Credit Card -0001	Transfer To Credit Card -0001		c	-497577/100	-497577/100	2024-08-11 16:42:20
C	9bcc499c072a4dde88cc73929f2ce0c4	b957a0dbd3004b888bfc6fd82aba60c3	2024-08-11 16:42:20	2024-08-11 16:41:40	2024-08-01 10:59:00	48c0a9bb8af04622bbb5c2e2aac3f735	Navy Rewards Card		Transfer To Credit Card -0001	OFX ext. info: |Trans type:Generic debit|Memo:Transfer To Credit Card -0001			n	497577/100	497577/100	1970-01-01 00:00:00
===== END
===== START
C	3d984571a03741cc950f4398af2bba69	26188619ee83469ca350bae88503e88a	2024-08-11 16:42:20	2024-08-11 16:41:40	2024-08-01 10:59:00	5f8cd3d7d07f4e76916a760d36c0523b	Checking Account		USAA	OFX ext. info: |Trans type:Generic debit|Memo:ACH Debit - Usaa Fsb  Icpayment 31407426	ACH Debit - Usaa Fsb  Icpayment 31407426		c	-40957/100	-40957/100	2024-08-11 16:42:20
C	3d984571a03741cc950f4398af2bba69	0becc4ad82e341f381a41c1d4c21e92e	2024-08-11 16:42:20	2024-08-11 16:41:40	2024-08-01 10:59:00	afe29b9815264ab1bdb84bb218ad1d54	Auto Insurance		USAA	OFX ext. info: |Trans type:Generic debit|Memo:ACH Debit - Usaa Fsb  Icpayment 31407426			n	40957/100	40957/100	1970-01-01 00:00:00
===== END
===== START
C	2da3c7e304e8419fb9dce5f69be3f09c	f3b95880c93643f7836d6badd124c0ea	2024-08-11 16:42:20	2024-08-11 16:41:40	2024-08-02 10:59:00	5f8cd3d7d07f4e76916a760d36c0523b	Checking Account		Payment to Usaa Property & Casua	OFX ext. info: |Trans type:Generic debit|Memo:ACH Debit - Usaa P&c  Autopay 2100002	ACH Debit - Usaa P&c  Autopay 2100002		c	-31920/100	-31920/100	2024-08-11 16:42:20
C	2da3c7e304e8419fb9dce5f69be3f09c	995aec181bcb4baa9004063e7c33d7dc	2024-08-11 16:42:20	2024-08-11 16:41:40	2024-08-02 10:59:00	afe29b9815264ab1bdb84bb218ad1d54	Auto Insurance		Payment to Usaa Property & Casua	OFX ext. info: |Trans type:Generic debit|Memo:ACH Debit - Usaa P&c  Autopay 2100002			n	31920/100	31920/100	1970-01-01 00:00:00
===== END
===== START
C	73e14acf33164d55919347adf2228249	344c7796dd894bd3857f4dbd3820f047	2024-08-11 16:42:20	2024-08-11 16:41:40	2024-08-05 10:59:00	5f8cd3d7d07f4e76916a760d36c0523b	Checking Account		Payment to Cox Communications	OFX ext. info: |Trans type:Generic debit|Memo:ACH Debit - Cox Comm Phx  Bank Draft 9100001	ACH Debit - Cox Comm Phx  Bank Draft 9100001		c	-11622/100	-11622/100	2024-08-11 16:42:20
C	73e14acf33164d55919347adf2228249	85a59d4fb8b54ec0b2ac5dd4c505ed86	2024-08-11 16:42:20	2024-08-11 16:41:40	2024-08-05 10:59:00	3323a52a32464e5db6926fdc8fbced8f	Imbalance-USD		Payment to Cox Communications	OFX ext. info: |Trans type:Generic debit|Memo:ACH Debit - Cox Comm Phx  Bank Draft 9100001			n	11622/100	11622/100	1970-01-01 00:00:00
===== END
===== START
C	56e7706641ff4296ad4c4e670111dd4f	fbd10f6de8ad4314a53d4282cded9c5d	2024-08-11 16:42:20	2024-08-11 16:41:40	2024-08-07 10:59:00	5f8cd3d7d07f4e76916a760d36c0523b	Checking Account		Raytheon Company Deposit	OFX ext. info: |Trans type:Generic credit|Memo:Deposit Raytheon Company Direct Dep	Deposit Raytheon Company Direct Dep		c	252757/100	252757/100	2024-08-11 16:42:20
C	56e7706641ff4296ad4c4e670111dd4f	20dc4366b765489882e8de69f28007fe	2024-08-11 16:42:20	2024-08-11 16:41:40	2024-08-07 10:59:00	04c049366b5f48cbb21abe60a0b16637	Salary		Raytheon Company Deposit	OFX ext. info: |Trans type:Generic credit|Memo:Deposit Raytheon Company Direct Dep			n	-252757/100	-252757/100	1970-01-01 00:00:00
===== END
===== START
D	5bfe203404c04b319bc7be0fd41e0ea5	5e75c94bff984cf8be1dcc2abf2a9d1a	2024-08-11 16:42:20	2024-08-11 16:41:40	2024-03-21 10:59:00	5f8cd3d7d07f4e76916a760d36c0523b	Checking Account		- Visa Check Card XX51 - WEEDCO	OFX ext. info: |Trans type:Generic debit|Memo:POS Debit - Visa Check Card 4551 - WEEDCO 520-5491390 AZ PHILIP A WITHERSPOON POS TRANSACTION	POS Debit - Visa Check Card 4551 - WEEDCO 520-5491390 AZ PHILIP A WITHERSPOON POS TRANSACTION		n	-13390/100	-13390/100	1970-01-01 00:00:00
===== END
