mod	trans_guid	split_guid	time_now	date_entered	date_posted	acc_guid	acc_name	num	description	notes	memo	action	reconciled	amount	value	date_reconciled
-----------------
===== START
===== END
===== START
===== END
===== START
===== END
===== START
===== END
===== START
===== END
===== START
===== END
===== START
===== END
===== START
===== END
===== START
===== END
===== START
===== END
===== START
===== END
===== START
===== END
===== START
===== END
===== START
===== END
===== START
===== END
===== START
===== END
===== START
===== END
===== START
===== END
===== START
===== END
===== START
===== END
===== START
===== END
===== START
===== END
===== START
===== END
===== START
===== END
===== START
===== END
===== START
===== END
===== START
===== END
===== START
===== END
===== START
===== END
===== START
===== END
===== START
===== END
===== START
===== END
===== START
===== END
===== START
===== END
===== START
===== END
===== START
===== END
===== START
===== END
===== START
===== END
===== START
===== END
===== START
===== END
===== START
===== END
===== START
===== END
===== START
===== END
===== START
===== END
===== START
===== END
===== START
===== END
===== START
===== END
===== START
===== END
===== START
===== END
===== START
===== END
===== START
===== END
===== START
===== END
===== START
===== END
===== START
===== END
===== START
===== END
===== START
===== END
===== START
===== END
===== START
===== END
===== START
===== END
===== START
===== END
===== START
===== END
===== START
===== END
===== START
===== END
===== START
===== END
===== START
===== END
===== START
===== END
===== START
===== END
===== START
===== END
===== START
===== END
===== START
===== END
===== START
===== END
===== START
===== END
===== START
===== END
===== START
===== END
===== START
===== END
===== START
===== END
===== START
===== END
===== START
===== END
===== START
===== END
===== START
===== END
===== START
===== END
===== START
===== END
===== START
===== END
===== START
===== END
===== START
===== END
===== START
===== END
===== START
===== END
===== START
===== END
===== START
===== END
===== START
===== END
===== START
C	a4b68c2ff4624f7083afd4de2c9bfca5	1d6742f7cdf446bf801b8ce67c7bf087	2024-01-21 17:09:53	2024-01-21 17:09:53	2023-12-29 10:59:00	48c0a9bb8af04622bbb5c2e2aac3f735	Navy Rewards Card	4430	Winebar				c	2743/100	2743/100	2024-01-21 17:09:53
C	a4b68c2ff4624f7083afd4de2c9bfca5	157ff0ca143b45109c74d5db15cdd038	2024-01-21 17:09:53	2024-01-21 17:09:53	2023-12-29 10:59:00	3323a52a32464e5db6926fdc8fbced8f	Imbalance-USD	4430	Winebar				n	-2743/100	-2743/100	1970-01-01 00:00:00
===== END
===== START
C	82312f4730af4cef8b5cdacc0f3c0f23	0b4be8d3bd0843f081d956807627c72a	2024-01-21 17:09:53	2024-01-21 17:09:53	2023-12-29 10:59:00	48c0a9bb8af04622bbb5c2e2aac3f735	Navy Rewards Card	0001	Starbucks				c	2000/100	2000/100	2024-01-21 17:09:53
C	82312f4730af4cef8b5cdacc0f3c0f23	9eb7b9c6970047c294edcad5c3c575d1	2024-01-21 17:09:53	2024-01-21 17:09:53	2023-12-29 10:59:00	3323a52a32464e5db6926fdc8fbced8f	Imbalance-USD	0001	Starbucks				n	-2000/100	-2000/100	1970-01-01 00:00:00
===== END
===== START
C	1e5141fc7613499f88f144b63959606c	81f983912ca84dd2a36bfe225ec4880a	2024-01-21 17:09:53	2024-01-21 17:09:53	2023-12-29 10:59:00	48c0a9bb8af04622bbb5c2e2aac3f735	Navy Rewards Card	0001	Hulu				c	9737/100	9737/100	2024-01-21 17:09:53
C	1e5141fc7613499f88f144b63959606c	08e16a18e78a415693507dff14ba98f2	2024-01-21 17:09:53	2024-01-21 17:09:53	2023-12-29 10:59:00	3323a52a32464e5db6926fdc8fbced8f	Imbalance-USD	0001	Hulu				n	-9737/100	-9737/100	1970-01-01 00:00:00
===== END
===== START
C	5d4f29f5144b427088d282638982fc16	b195f75c714d49c0a146296c512b4fcc	2024-01-21 17:09:53	2024-01-21 17:09:53	2024-01-02 10:59:00	48c0a9bb8af04622bbb5c2e2aac3f735	Navy Rewards Card	4430	WDW SWIRLS ON WATER LAKE BUENA VIFL - 4430				c	1169/100	1169/100	2024-01-21 17:09:53
C	5d4f29f5144b427088d282638982fc16	d135e3980ba846c1ae94a19209e39e10	2024-01-21 17:09:53	2024-01-21 17:09:53	2024-01-02 10:59:00	3323a52a32464e5db6926fdc8fbced8f	Imbalance-USD	4430	WDW SWIRLS ON WATER LAKE BUENA VIFL - 4430				n	-1169/100	-1169/100	1970-01-01 00:00:00
===== END
===== START
C	2057a9206ee24679a6585af743633f52	2277a88bd94f44899466ac91b5dc086e	2024-01-21 17:09:53	2024-01-21 17:09:53	2024-01-02 10:59:00	48c0a9bb8af04622bbb5c2e2aac3f735	Navy Rewards Card	4430	Speedway				c	4418/100	4418/100	2024-01-21 17:09:53
C	2057a9206ee24679a6585af743633f52	edc1a2d2ff764a28abfb2a6ac759cdab	2024-01-21 17:09:53	2024-01-21 17:09:53	2024-01-02 10:59:00	3323a52a32464e5db6926fdc8fbced8f	Imbalance-USD	4430	Speedway				n	-4418/100	-4418/100	1970-01-01 00:00:00
===== END
===== START
C	161f348200434c80ba9e9e6224836718	9ee8138291794a4596c68d6aaedd381f	2024-01-21 17:09:53	2024-01-21 17:09:53	2024-01-02 10:59:00	48c0a9bb8af04622bbb5c2e2aac3f735	Navy Rewards Card	4430	Trader Joe's				c	6492/100	6492/100	2024-01-21 17:09:53
C	161f348200434c80ba9e9e6224836718	4e3a32f281664e799f26de727c781c02	2024-01-21 17:09:53	2024-01-21 17:09:53	2024-01-02 10:59:00	3323a52a32464e5db6926fdc8fbced8f	Imbalance-USD	4430	Trader Joe's				n	-6492/100	-6492/100	1970-01-01 00:00:00
===== END
===== START
C	ff00e8a39a8b498f8f8309710bdfbcba	91324ba601964baab4e3dddd7cf1e253	2024-01-21 17:09:53	2024-01-21 17:09:53	2024-01-02 10:59:00	48c0a9bb8af04622bbb5c2e2aac3f735	Navy Rewards Card	4430	Target				c	7916/100	7916/100	2024-01-21 17:09:53
C	ff00e8a39a8b498f8f8309710bdfbcba	246a4c88d0d6479a86043dd67476f67c	2024-01-21 17:09:53	2024-01-21 17:09:53	2024-01-02 10:59:00	3323a52a32464e5db6926fdc8fbced8f	Imbalance-USD	4430	Target				n	-7916/100	-7916/100	1970-01-01 00:00:00
===== END
===== START
C	7014b9e4e76d4e16a702a6ecb205b67a	c7f9a6988a584d3d967e57d5af13ffb9	2024-01-21 17:09:53	2024-01-21 17:09:53	2024-01-02 10:59:00	48c0a9bb8af04622bbb5c2e2aac3f735	Navy Rewards Card	4430	Whole Foods Market				c	7053/100	7053/100	2024-01-21 17:09:53
C	7014b9e4e76d4e16a702a6ecb205b67a	fb91e231136f487ba3af0df69cf17e55	2024-01-21 17:09:53	2024-01-21 17:09:53	2024-01-02 10:59:00	3323a52a32464e5db6926fdc8fbced8f	Imbalance-USD	4430	Whole Foods Market				n	-7053/100	-7053/100	1970-01-01 00:00:00
===== END
===== START
C	ba022ef91295424592314d678bee3e76	4140e69389a345aeb3adfabec38ee090	2024-01-21 17:09:53	2024-01-21 17:09:53	2024-01-02 10:59:00	48c0a9bb8af04622bbb5c2e2aac3f735	Navy Rewards Card	0001	SeaWorld Parks & Entertainment				c	3728/100	3728/100	2024-01-21 17:09:53
C	ba022ef91295424592314d678bee3e76	622fed40d9e743038f3122867e606166	2024-01-21 17:09:53	2024-01-21 17:09:53	2024-01-02 10:59:00	3323a52a32464e5db6926fdc8fbced8f	Imbalance-USD	0001	SeaWorld Parks & Entertainment				n	-3728/100	-3728/100	1970-01-01 00:00:00
===== END
===== START
C	85a1d63055a340919c42ece2e6eb7c03	b3d05c0e40a74930bd5bd562f2a23ae1	2024-01-21 17:09:53	2024-01-21 17:09:53	2024-01-02 10:59:00	48c0a9bb8af04622bbb5c2e2aac3f735	Navy Rewards Card	0001	Wawa				c	1430/100	1430/100	2024-01-21 17:09:53
C	85a1d63055a340919c42ece2e6eb7c03	62cf68f5e2e4480ba63d8cb923a13896	2024-01-21 17:09:53	2024-01-21 17:09:53	2024-01-02 10:59:00	3323a52a32464e5db6926fdc8fbced8f	Imbalance-USD	0001	Wawa				n	-1430/100	-1430/100	1970-01-01 00:00:00
===== END
===== START
C	2774472783ab4b5cbde0a48e3069f63e	b916d03f74364915b52a8e81c213979b	2024-01-21 17:09:53	2024-01-21 17:09:53	2024-01-02 10:59:00	48c0a9bb8af04622bbb5c2e2aac3f735	Navy Rewards Card	0001	Topgolf				c	5566/100	5566/100	2024-01-21 17:09:53
C	2774472783ab4b5cbde0a48e3069f63e	2702476598aa4702a974bca120a909bc	2024-01-21 17:09:53	2024-01-21 17:09:53	2024-01-02 10:59:00	3323a52a32464e5db6926fdc8fbced8f	Imbalance-USD	0001	Topgolf				n	-5566/100	-5566/100	1970-01-01 00:00:00
===== END
===== START
C	003b08ef0ff94960a289348a4cb469ec	41f2db3a42f44c6cbdb0e1463bd8d2f5	2024-01-21 17:09:53	2024-01-21 17:09:53	2024-01-02 10:59:00	48c0a9bb8af04622bbb5c2e2aac3f735	Navy Rewards Card	0001	RETAIL KISSIMMEE FL - 0001				c	634/100	634/100	2024-01-21 17:09:53
C	003b08ef0ff94960a289348a4cb469ec	be3b0a5725234a64a7f8181bea5c8dae	2024-01-21 17:09:53	2024-01-21 17:09:53	2024-01-02 10:59:00	3323a52a32464e5db6926fdc8fbced8f	Imbalance-USD	0001	RETAIL KISSIMMEE FL - 0001				n	-634/100	-634/100	1970-01-01 00:00:00
===== END
===== START
C	e8b395ed6a5a4e569752dbe1dfdaa400	8b70d854b66c4f228819c40652d0df55	2024-01-21 17:09:53	2024-01-21 17:09:53	2024-01-02 10:59:00	48c0a9bb8af04622bbb5c2e2aac3f735	Navy Rewards Card	0001	TEX MEX				c	3857/100	3857/100	2024-01-21 17:09:53
C	e8b395ed6a5a4e569752dbe1dfdaa400	09a67b4510a144baacaba81eff6bc2ad	2024-01-21 17:09:53	2024-01-21 17:09:53	2024-01-02 10:59:00	3323a52a32464e5db6926fdc8fbced8f	Imbalance-USD	0001	TEX MEX				n	-3857/100	-3857/100	1970-01-01 00:00:00
===== END
===== START
C	6ccb202f7cd84d2a91005886af8247e6	44a95b721516461b98336e381c189198	2024-01-21 17:09:53	2024-01-21 17:09:53	2024-01-02 10:59:00	48c0a9bb8af04622bbb5c2e2aac3f735	Navy Rewards Card	0001	Microsoft				c	699/100	699/100	2024-01-21 17:09:53
C	6ccb202f7cd84d2a91005886af8247e6	8a8218d329a546a4b6b64633defdfb42	2024-01-21 17:09:53	2024-01-21 17:09:53	2024-01-02 10:59:00	3323a52a32464e5db6926fdc8fbced8f	Imbalance-USD	0001	Microsoft				n	-699/100	-699/100	1970-01-01 00:00:00
===== END
===== START
C	c6c0be4886b24022a5e9d17b6128e979	8944fcc07ec44912a2d5cfb417628f49	2024-01-21 17:09:53	2024-01-21 17:09:53	2024-01-02 10:59:00	48c0a9bb8af04622bbb5c2e2aac3f735	Navy Rewards Card	0001	Vasa Fitness				c	10248/100	10248/100	2024-01-21 17:09:53
C	c6c0be4886b24022a5e9d17b6128e979	40cccaf1f4174159808989d691797b7a	2024-01-21 17:09:53	2024-01-21 17:09:53	2024-01-02 10:59:00	3323a52a32464e5db6926fdc8fbced8f	Imbalance-USD	0001	Vasa Fitness				n	-10248/100	-10248/100	1970-01-01 00:00:00
===== END
===== START
C	3c0d927827824097971426229c0e202b	d7466a77818249219b24814c9d18ca1b	2024-01-21 17:09:53	2024-01-21 17:09:53	2024-01-03 10:59:00	48c0a9bb8af04622bbb5c2e2aac3f735	Navy Rewards Card	4430	Target				c	2726/100	2726/100	2024-01-21 17:09:53
C	3c0d927827824097971426229c0e202b	d3489ff5df6c4a38b76841572bcb943f	2024-01-21 17:09:53	2024-01-21 17:09:53	2024-01-03 10:59:00	3323a52a32464e5db6926fdc8fbced8f	Imbalance-USD	4430	Target				n	-2726/100	-2726/100	1970-01-01 00:00:00
===== END
===== START
C	d16379ad65ec4038bde560621617735a	ed627fbcb44e49b4b274a51cfb0a53df	2024-01-21 17:09:53	2024-01-21 17:09:53	2024-01-03 10:59:00	48c0a9bb8af04622bbb5c2e2aac3f735	Navy Rewards Card	4430	Target				c	5439/100	5439/100	2024-01-21 17:09:53
C	d16379ad65ec4038bde560621617735a	1750224752f447539681beba33e31c1d	2024-01-21 17:09:53	2024-01-21 17:09:53	2024-01-03 10:59:00	3323a52a32464e5db6926fdc8fbced8f	Imbalance-USD	4430	Target				n	-5439/100	-5439/100	1970-01-01 00:00:00
===== END
===== START
C	6603866095064c4f9ad1d56005b5ed2e	4fe31db96b35418aa386e07e66063b02	2024-01-21 17:09:53	2024-01-21 17:09:53	2024-01-03 10:59:00	48c0a9bb8af04622bbb5c2e2aac3f735	Navy Rewards Card	0001	JCLICK MZ EAST F&I TUCSON AZ - 0001				c	100000/100	100000/100	2024-01-21 17:09:53
C	6603866095064c4f9ad1d56005b5ed2e	d1e9380e549a4abb8f36ff8a1b84311f	2024-01-21 17:09:53	2024-01-21 17:09:53	2024-01-03 10:59:00	3323a52a32464e5db6926fdc8fbced8f	Imbalance-USD	0001	JCLICK MZ EAST F&I TUCSON AZ - 0001				n	-100000/100	-100000/100	1970-01-01 00:00:00
===== END
===== START
C	35b948f4c69144d5b56ad65132cabd4d	2712b8de194648c4a631f3a3a365f0ef	2024-01-21 17:09:53	2024-01-21 17:09:53	2024-01-03 10:59:00	48c0a9bb8af04622bbb5c2e2aac3f735	Navy Rewards Card	0001	CrossFit				c	6912/100	6912/100	2024-01-21 17:09:53
C	35b948f4c69144d5b56ad65132cabd4d	5300862cf2494c3f853562f977a60431	2024-01-21 17:09:53	2024-01-21 17:09:53	2024-01-03 10:59:00	3323a52a32464e5db6926fdc8fbced8f	Imbalance-USD	0001	CrossFit				n	-6912/100	-6912/100	1970-01-01 00:00:00
===== END
===== START
C	1b5acb9151894e369e95aff236bc8d12	313b193e206f47f88252af82b05f66bb	2024-01-21 17:09:53	2024-01-21 17:09:53	2024-01-04 10:59:00	48c0a9bb8af04622bbb5c2e2aac3f735	Navy Rewards Card	4430	Trader Joe's				c	5306/100	5306/100	2024-01-21 17:09:53
C	1b5acb9151894e369e95aff236bc8d12	6eb477b2888c46cbbeeed1bbc5ead1cb	2024-01-21 17:09:53	2024-01-21 17:09:53	2024-01-04 10:59:00	3323a52a32464e5db6926fdc8fbced8f	Imbalance-USD	4430	Trader Joe's				n	-5306/100	-5306/100	1970-01-01 00:00:00
===== END
===== START
C	ffa90934e7a24fb38e8dcfdd8193df75	743f0d89ab5244aab0adf56482d8b4fb	2024-01-21 17:09:53	2024-01-21 17:09:53	2024-01-04 10:59:00	48c0a9bb8af04622bbb5c2e2aac3f735	Navy Rewards Card	4430	Apple				c	760/100	760/100	2024-01-21 17:09:53
C	ffa90934e7a24fb38e8dcfdd8193df75	940065a33f1f4938b655d8070c452a5b	2024-01-21 17:09:53	2024-01-21 17:09:53	2024-01-04 10:59:00	3323a52a32464e5db6926fdc8fbced8f	Imbalance-USD	4430	Apple				n	-760/100	-760/100	1970-01-01 00:00:00
===== END
===== START
C	b18925f7a1d845ff9a2b870e060c9775	0e4014ed685341ff80a538b211adad0d	2024-01-21 17:09:53	2024-01-21 17:09:53	2024-01-04 10:59:00	48c0a9bb8af04622bbb5c2e2aac3f735	Navy Rewards Card	4430	Amazon Marketplace				c	1301/100	1301/100	2024-01-21 17:09:53
C	b18925f7a1d845ff9a2b870e060c9775	3d6312ae1070492caf8bda8265257332	2024-01-21 17:09:53	2024-01-21 17:09:53	2024-01-04 10:59:00	3323a52a32464e5db6926fdc8fbced8f	Imbalance-USD	4430	Amazon Marketplace				n	-1301/100	-1301/100	1970-01-01 00:00:00
===== END
===== START
C	2e0f63965f2347fc80a1fa75d36baa38	b9c90cad87034a579525a124885ae44b	2024-01-21 17:09:53	2024-01-21 17:09:53	2024-01-04 10:59:00	48c0a9bb8af04622bbb5c2e2aac3f735	Navy Rewards Card	4430	The Home Depot				c	2500/100	2500/100	2024-01-21 17:09:53
C	2e0f63965f2347fc80a1fa75d36baa38	d9449a12de5340da94326d3f4934a9b8	2024-01-21 17:09:53	2024-01-21 17:09:53	2024-01-04 10:59:00	3323a52a32464e5db6926fdc8fbced8f	Imbalance-USD	4430	The Home Depot				n	-2500/100	-2500/100	1970-01-01 00:00:00
===== END
===== START
C	6a95211f69ef4daa902887a21cbede29	bb1cd86770474e7a87651f1d54c532d7	2024-01-21 17:09:53	2024-01-21 17:09:53	2024-01-04 10:59:00	48c0a9bb8af04622bbb5c2e2aac3f735	Navy Rewards Card	4430	Target				c	5874/100	5874/100	2024-01-21 17:09:53
C	6a95211f69ef4daa902887a21cbede29	751328acc80e4e36bf4c011cbe1511b6	2024-01-21 17:09:53	2024-01-21 17:09:53	2024-01-04 10:59:00	3323a52a32464e5db6926fdc8fbced8f	Imbalance-USD	4430	Target				n	-5874/100	-5874/100	1970-01-01 00:00:00
===== END
===== START
C	fdace304fa5d4ce185f76fff81796c50	db5365133d744715bc460cf71ee10277	2024-01-21 17:09:53	2024-01-21 17:09:53	2024-01-04 10:59:00	48c0a9bb8af04622bbb5c2e2aac3f735	Navy Rewards Card	4430	The UPS Store				c	500/100	500/100	2024-01-21 17:09:53
C	fdace304fa5d4ce185f76fff81796c50	89d19f1216c24f5b8d7122d7498edba8	2024-01-21 17:09:53	2024-01-21 17:09:53	2024-01-04 10:59:00	3323a52a32464e5db6926fdc8fbced8f	Imbalance-USD	4430	The UPS Store				n	-500/100	-500/100	1970-01-01 00:00:00
===== END
===== START
C	3c14e015241e4768ab47c575a9d6ab30	c7af9d61f59c45b8a30987273b23b896	2024-01-21 17:09:53	2024-01-21 17:09:53	2024-01-05 10:59:00	48c0a9bb8af04622bbb5c2e2aac3f735	Navy Rewards Card	4430	The Home Depot				c	2500/100	2500/100	2024-01-21 17:09:53
C	3c14e015241e4768ab47c575a9d6ab30	25880255bed44509afc8765350dbbae1	2024-01-21 17:09:53	2024-01-21 17:09:53	2024-01-05 10:59:00	3323a52a32464e5db6926fdc8fbced8f	Imbalance-USD	4430	The Home Depot				n	-2500/100	-2500/100	1970-01-01 00:00:00
===== END
===== START
C	d74a9d7d7bf14e839d0dda6615cf27ba	9f522a7910e14163b9c237deedc0e6bb	2024-01-21 17:09:53	2024-01-21 17:09:53	2024-01-05 10:59:00	48c0a9bb8af04622bbb5c2e2aac3f735	Navy Rewards Card	4430	The Home Depot				c	2049/100	2049/100	2024-01-21 17:09:53
C	d74a9d7d7bf14e839d0dda6615cf27ba	80a34ebbb7d442d68ac560f396a14fc6	2024-01-21 17:09:53	2024-01-21 17:09:53	2024-01-05 10:59:00	3323a52a32464e5db6926fdc8fbced8f	Imbalance-USD	4430	The Home Depot				n	-2049/100	-2049/100	1970-01-01 00:00:00
===== END
===== START
C	b5aaee3eba584012bb4938d90349b976	eb42ec935b5545bda3383908389818c7	2024-01-21 17:09:53	2024-01-21 17:09:53	2024-01-05 10:59:00	48c0a9bb8af04622bbb5c2e2aac3f735	Navy Rewards Card	4430	Love's				c	2249/100	2249/100	2024-01-21 17:09:53
C	b5aaee3eba584012bb4938d90349b976	cf3eb9896d0f40b9951429446e6beb32	2024-01-21 17:09:53	2024-01-21 17:09:53	2024-01-05 10:59:00	3323a52a32464e5db6926fdc8fbced8f	Imbalance-USD	4430	Love's				n	-2249/100	-2249/100	1970-01-01 00:00:00
===== END
===== START
C	84b9edfe04354f2abcb9bf05b82c4071	93f608c3905148ecbd113a575f3ee4e1	2024-01-21 17:09:53	2024-01-21 17:09:53	2024-01-05 10:59:00	48c0a9bb8af04622bbb5c2e2aac3f735	Navy Rewards Card	4430	IKEA				c	6660/100	6660/100	2024-01-21 17:09:53
C	84b9edfe04354f2abcb9bf05b82c4071	fb889910ab174d1b87402f90368e8645	2024-01-21 17:09:53	2024-01-21 17:09:53	2024-01-05 10:59:00	3323a52a32464e5db6926fdc8fbced8f	Imbalance-USD	4430	IKEA				n	-6660/100	-6660/100	1970-01-01 00:00:00
===== END
===== START
C	a475743c0d974e45b8cbcb421d9be567	281f088ea72b4fdd971e630340ad9754	2024-01-21 17:09:53	2024-01-21 17:09:53	2024-01-05 10:59:00	48c0a9bb8af04622bbb5c2e2aac3f735	Navy Rewards Card	0001	Tucson Hop Shop				c	3105/100	3105/100	2024-01-21 17:09:53
C	a475743c0d974e45b8cbcb421d9be567	c00028af248d4448bb88e6fee48bd4de	2024-01-21 17:09:53	2024-01-21 17:09:53	2024-01-05 10:59:00	3323a52a32464e5db6926fdc8fbced8f	Imbalance-USD	0001	Tucson Hop Shop				n	-3105/100	-3105/100	1970-01-01 00:00:00
===== END
===== START
C	615176ff05d54cf08b736d79a98e55c5	26b1318b682e472da9803e4249a9ef57	2024-01-21 17:09:53	2024-01-21 17:09:53	2024-01-05 10:59:00	48c0a9bb8af04622bbb5c2e2aac3f735	Navy Rewards Card	0001	Circle K				c	1414/100	1414/100	2024-01-21 17:09:53
C	615176ff05d54cf08b736d79a98e55c5	ae623e24e58e4e928b36386f8c44ee3d	2024-01-21 17:09:53	2024-01-21 17:09:53	2024-01-05 10:59:00	3323a52a32464e5db6926fdc8fbced8f	Imbalance-USD	0001	Circle K				n	-1414/100	-1414/100	1970-01-01 00:00:00
===== END
===== START
C	0e8d7cef9ae14c50b6cd867e6926aef8	290d9194c0784c8bad6820aa59aae645	2024-01-21 17:09:53	2024-01-21 17:09:53	2024-01-08 10:59:00	48c0a9bb8af04622bbb5c2e2aac3f735	Navy Rewards Card	4430	FLOWER CHILD INSTORE GILBERT AZ - 4430				c	2515/100	2515/100	2024-01-21 17:09:53
C	0e8d7cef9ae14c50b6cd867e6926aef8	5a25bff037fc487eb56736da6a7c8c01	2024-01-21 17:09:53	2024-01-21 17:09:53	2024-01-08 10:59:00	3323a52a32464e5db6926fdc8fbced8f	Imbalance-USD	4430	FLOWER CHILD INSTORE GILBERT AZ - 4430				n	-2515/100	-2515/100	1970-01-01 00:00:00
===== END
===== START
C	bb97345f51cc4a2281881e998c9d937f	aca9b3140f4147b18d2fe884c8039ed8	2024-01-21 17:09:53	2024-01-21 17:09:53	2024-01-08 10:59:00	48c0a9bb8af04622bbb5c2e2aac3f735	Navy Rewards Card	4430	Amazon Marketplace				c	1766/100	1766/100	2024-01-21 17:09:53
C	bb97345f51cc4a2281881e998c9d937f	86b910ca11454dec8c1e0e48a3f1c05d	2024-01-21 17:09:53	2024-01-21 17:09:53	2024-01-08 10:59:00	3323a52a32464e5db6926fdc8fbced8f	Imbalance-USD	4430	Amazon Marketplace				n	-1766/100	-1766/100	1970-01-01 00:00:00
===== END
===== START
C	12b57cf62d53490e9b6c1eed6c815e18	93ddb2972b624225b7aa0ae8844247d9	2024-01-21 17:09:53	2024-01-21 17:09:53	2024-01-08 10:59:00	48c0a9bb8af04622bbb5c2e2aac3f735	Navy Rewards Card	4430	Whole Foods Market				c	1646/100	1646/100	2024-01-21 17:09:53
C	12b57cf62d53490e9b6c1eed6c815e18	022961cf643040f1a5a7339115d3644e	2024-01-21 17:09:53	2024-01-21 17:09:53	2024-01-08 10:59:00	3323a52a32464e5db6926fdc8fbced8f	Imbalance-USD	4430	Whole Foods Market				n	-1646/100	-1646/100	1970-01-01 00:00:00
===== END
===== START
C	012daa83e2644e04b308843e6582410b	33df4bab9e574470b52e184905595fa2	2024-01-21 17:09:53	2024-01-21 17:09:53	2024-01-08 10:59:00	48c0a9bb8af04622bbb5c2e2aac3f735	Navy Rewards Card	4430	Natural Grocers				c	5365/100	5365/100	2024-01-21 17:09:53
C	012daa83e2644e04b308843e6582410b	fc08d5a208404936b5f0c63760a8c4a1	2024-01-21 17:09:53	2024-01-21 17:09:53	2024-01-08 10:59:00	3323a52a32464e5db6926fdc8fbced8f	Imbalance-USD	4430	Natural Grocers				n	-5365/100	-5365/100	1970-01-01 00:00:00
===== END
===== START
C	81060804e4764b479c8e46ac8e91e864	39d69797217347e6b1ee464927fad6cf	2024-01-21 17:09:53	2024-01-21 17:09:53	2024-01-08 10:59:00	48c0a9bb8af04622bbb5c2e2aac3f735	Navy Rewards Card	4430	Greentoes				c	4335/100	4335/100	2024-01-21 17:09:53
C	81060804e4764b479c8e46ac8e91e864	89c7ee5bf80f423ab126ca7dc76b4074	2024-01-21 17:09:53	2024-01-21 17:09:53	2024-01-08 10:59:00	3323a52a32464e5db6926fdc8fbced8f	Imbalance-USD	4430	Greentoes				n	-4335/100	-4335/100	1970-01-01 00:00:00
===== END
===== START
C	7475529a05774cf68461a39e3d58a877	9d9827a913904632acbe84e6ebe1ef19	2024-01-21 17:09:53	2024-01-21 17:09:53	2024-01-08 10:59:00	48c0a9bb8af04622bbb5c2e2aac3f735	Navy Rewards Card	4430	Target				c	5549/100	5549/100	2024-01-21 17:09:53
C	7475529a05774cf68461a39e3d58a877	cad186460707401f910b70e0c086783a	2024-01-21 17:09:53	2024-01-21 17:09:53	2024-01-08 10:59:00	3323a52a32464e5db6926fdc8fbced8f	Imbalance-USD	4430	Target				n	-5549/100	-5549/100	1970-01-01 00:00:00
===== END
===== START
C	70c8e7b24d4943eebcf8764d2cdd84cb	48a5a57deac645deae7f7e500d67c0b1	2024-01-21 17:09:53	2024-01-21 17:09:53	2024-01-08 10:59:00	48c0a9bb8af04622bbb5c2e2aac3f735	Navy Rewards Card	4430	Whole Foods Market				c	8847/100	8847/100	2024-01-21 17:09:53
C	70c8e7b24d4943eebcf8764d2cdd84cb	145a9588e2e0472f928b5a85a9f65c62	2024-01-21 17:09:53	2024-01-21 17:09:53	2024-01-08 10:59:00	3323a52a32464e5db6926fdc8fbced8f	Imbalance-USD	4430	Whole Foods Market				n	-8847/100	-8847/100	1970-01-01 00:00:00
===== END
===== START
C	8db71ed18d3a4b7f9478285fad390a1a	3cdaa1f30c39454da95f9c93ab4534ca	2024-01-21 17:09:53	2024-01-21 17:09:53	2024-01-08 10:59:00	48c0a9bb8af04622bbb5c2e2aac3f735	Navy Rewards Card	0001	Uber				c	612/100	612/100	2024-01-21 17:09:53
C	8db71ed18d3a4b7f9478285fad390a1a	9dfc4cfb11c24fe58b46bb0071c69693	2024-01-21 17:09:53	2024-01-21 17:09:53	2024-01-08 10:59:00	3323a52a32464e5db6926fdc8fbced8f	Imbalance-USD	0001	Uber				n	-612/100	-612/100	1970-01-01 00:00:00
===== END
===== START
C	423c3266bc5c4655b5bef8269dd78135	5b4b8aed29924ebf8db1cefc6c5b29d5	2024-01-21 17:09:53	2024-01-21 17:09:53	2024-01-08 10:59:00	48c0a9bb8af04622bbb5c2e2aac3f735	Navy Rewards Card	0001	Payment to Youtube Premium				c	1584/100	1584/100	2024-01-21 17:09:53
C	423c3266bc5c4655b5bef8269dd78135	5f802a37f06e4e769d508d5d609ac5c0	2024-01-21 17:09:53	2024-01-21 17:09:53	2024-01-08 10:59:00	3323a52a32464e5db6926fdc8fbced8f	Imbalance-USD	0001	Payment to Youtube Premium				n	-1584/100	-1584/100	1970-01-01 00:00:00
===== END
===== START
C	fc35bb919bea4701ab17d0ea21561c9b	51aa538da1294c44b8559eef1a26a157	2024-01-21 17:09:53	2024-01-21 17:09:53	2024-01-08 10:59:00	48c0a9bb8af04622bbb5c2e2aac3f735	Navy Rewards Card	0001	2577PEPSIVENXX8600 TUCSON AZ - 0001				c	100/100	100/100	2024-01-21 17:09:53
C	fc35bb919bea4701ab17d0ea21561c9b	849022afb449471086d1a69f220cd573	2024-01-21 17:09:53	2024-01-21 17:09:53	2024-01-08 10:59:00	3323a52a32464e5db6926fdc8fbced8f	Imbalance-USD	0001	2577PEPSIVENXX8600 TUCSON AZ - 0001				n	-100/100	-100/100	1970-01-01 00:00:00
===== END
===== START
C	2a19129e980a4e36b3b17c19c6a37f96	1c2458c716b549cabfe666f54377dc82	2024-01-21 17:09:53	2024-01-21 17:09:53	2024-01-08 10:59:00	48c0a9bb8af04622bbb5c2e2aac3f735	Navy Rewards Card	0001	NOODLEHOLICS TUCSON AZ - 0001				c	3375/100	3375/100	2024-01-21 17:09:53
C	2a19129e980a4e36b3b17c19c6a37f96	9a506c3049d744dbb2a9bbf1a1ecc44e	2024-01-21 17:09:53	2024-01-21 17:09:53	2024-01-08 10:59:00	3323a52a32464e5db6926fdc8fbced8f	Imbalance-USD	0001	NOODLEHOLICS TUCSON AZ - 0001				n	-3375/100	-3375/100	1970-01-01 00:00:00
===== END
===== START
C	7a9023da63a543688f5f4a51e990bc2f	6457ac527cb945dab505d3f36f485af5	2024-01-21 17:09:53	2024-01-21 17:09:53	2024-01-08 10:59:00	48c0a9bb8af04622bbb5c2e2aac3f735	Navy Rewards Card	0001	FANTUAN DELIVERY HTTPSWWW.FANTWA - 0001				c	1611/100	1611/100	2024-01-21 17:09:53
C	7a9023da63a543688f5f4a51e990bc2f	efa75887f4c84443a5b698df66ecf068	2024-01-21 17:09:53	2024-01-21 17:09:53	2024-01-08 10:59:00	3323a52a32464e5db6926fdc8fbced8f	Imbalance-USD	0001	FANTUAN DELIVERY HTTPSWWW.FANTWA - 0001				n	-1611/100	-1611/100	1970-01-01 00:00:00
===== END
===== START
C	22db582a962e402b890e3fad68404e3c	ff36ba6028d744cb82e75d71efe16464	2024-01-21 17:09:53	2024-01-21 17:09:53	2024-01-08 10:59:00	48c0a9bb8af04622bbb5c2e2aac3f735	Navy Rewards Card	0001	Amazon Marketplace				c	1521/100	1521/100	2024-01-21 17:09:53
C	22db582a962e402b890e3fad68404e3c	5e53381b36c34891aba2ef3742158da0	2024-01-21 17:09:53	2024-01-21 17:09:53	2024-01-08 10:59:00	3323a52a32464e5db6926fdc8fbced8f	Imbalance-USD	0001	Amazon Marketplace				n	-1521/100	-1521/100	1970-01-01 00:00:00
===== END
===== START
C	bb660d5327d14eb5b4677b177877167c	f29d985729d84ab6b4ca4fc2d38374ef	2024-01-21 17:09:53	2024-01-21 17:09:53	2024-01-08 10:59:00	48c0a9bb8af04622bbb5c2e2aac3f735	Navy Rewards Card	0001	DoorDash				c	2932/100	2932/100	2024-01-21 17:09:53
C	bb660d5327d14eb5b4677b177877167c	a94ed1dac1f342209b720d5a33a651cb	2024-01-21 17:09:53	2024-01-21 17:09:53	2024-01-08 10:59:00	3323a52a32464e5db6926fdc8fbced8f	Imbalance-USD	0001	DoorDash				n	-2932/100	-2932/100	1970-01-01 00:00:00
===== END
===== START
C	eb13b80e5e6a4ec4b6f8b1f22b297a27	7ea4a6546bf54d51a605b292aa4ab733	2024-01-21 17:09:53	2024-01-21 17:09:53	2024-01-09 10:59:00	48c0a9bb8af04622bbb5c2e2aac3f735	Navy Rewards Card	4430	Bath & Body Works				c	4766/100	4766/100	2024-01-21 17:09:53
C	eb13b80e5e6a4ec4b6f8b1f22b297a27	0520a90b17d149ddafb30b3ec2a39f53	2024-01-21 17:09:53	2024-01-21 17:09:53	2024-01-09 10:59:00	3323a52a32464e5db6926fdc8fbced8f	Imbalance-USD	4430	Bath & Body Works				n	-4766/100	-4766/100	1970-01-01 00:00:00
===== END
===== START
C	5de8f1f0b06e49418e24ae2b0dfb1411	c5f055259d96451c8f8bc8b09cb01d94	2024-01-21 17:09:53	2024-01-21 17:09:53	2024-01-09 10:59:00	48c0a9bb8af04622bbb5c2e2aac3f735	Navy Rewards Card	4430	Apple				c	325/100	325/100	2024-01-21 17:09:53
C	5de8f1f0b06e49418e24ae2b0dfb1411	3087d8fb08714197a9eedabc0b24c75d	2024-01-21 17:09:53	2024-01-21 17:09:53	2024-01-09 10:59:00	3323a52a32464e5db6926fdc8fbced8f	Imbalance-USD	4430	Apple				n	-325/100	-325/100	1970-01-01 00:00:00
===== END
===== START
C	fa156ce9c10f4e36b595a8d4c8c2563e	0e0978d0c4034b54b58fd4e2cf94a68e	2024-01-21 17:09:53	2024-01-21 17:09:53	2024-01-09 10:59:00	48c0a9bb8af04622bbb5c2e2aac3f735	Navy Rewards Card	0001	PLAZA LIQUORS LLC TUCSON AZ - 0001				c	2392/100	2392/100	2024-01-21 17:09:53
C	fa156ce9c10f4e36b595a8d4c8c2563e	5bd77be239104e1b91c63057e67c6787	2024-01-21 17:09:53	2024-01-21 17:09:53	2024-01-09 10:59:00	3323a52a32464e5db6926fdc8fbced8f	Imbalance-USD	0001	PLAZA LIQUORS LLC TUCSON AZ - 0001				n	-2392/100	-2392/100	1970-01-01 00:00:00
===== END
===== START
C	041412faea454f52aec6e3c5dd29e7e6	460093de34174387864790c59bd89a30	2024-01-21 17:09:53	2024-01-21 17:09:53	2024-01-09 10:59:00	48c0a9bb8af04622bbb5c2e2aac3f735	Navy Rewards Card	0001	RTX CAFE TUCSON848 TUCSON AZ - 0001				c	576/100	576/100	2024-01-21 17:09:53
C	041412faea454f52aec6e3c5dd29e7e6	0e9dcd06850d40bfa034401e1a187555	2024-01-21 17:09:53	2024-01-21 17:09:53	2024-01-09 10:59:00	3323a52a32464e5db6926fdc8fbced8f	Imbalance-USD	0001	RTX CAFE TUCSON848 TUCSON AZ - 0001				n	-576/100	-576/100	1970-01-01 00:00:00
===== END
===== START
C	d17e5413036e4ab08264bdc3b5793582	f2eceafe42f74c1b89803278711d9ef0	2024-01-21 17:09:53	2024-01-21 17:09:53	2024-01-10 10:59:00	48c0a9bb8af04622bbb5c2e2aac3f735	Navy Rewards Card	4430	Amazon Marketplace				c	2240/100	2240/100	2024-01-21 17:09:53
C	d17e5413036e4ab08264bdc3b5793582	71abcb68f41e49798f8ed39429948583	2024-01-21 17:09:53	2024-01-21 17:09:53	2024-01-10 10:59:00	3323a52a32464e5db6926fdc8fbced8f	Imbalance-USD	4430	Amazon Marketplace				n	-2240/100	-2240/100	1970-01-01 00:00:00
===== END
===== START
C	c3b181d4512845a3aa5a569ca8943c7a	2813c3470ed2477aa0d13b88b04312b0	2024-01-21 17:09:53	2024-01-21 17:09:53	2024-01-10 10:59:00	48c0a9bb8af04622bbb5c2e2aac3f735	Navy Rewards Card	4430	Target				c	2412/100	2412/100	2024-01-21 17:09:53
C	c3b181d4512845a3aa5a569ca8943c7a	13b3e393bddf4460a9dfa213c57de5b4	2024-01-21 17:09:53	2024-01-21 17:09:53	2024-01-10 10:59:00	3323a52a32464e5db6926fdc8fbced8f	Imbalance-USD	4430	Target				n	-2412/100	-2412/100	1970-01-01 00:00:00
===== END
===== START
C	811fc5935a4b4a169d3058ed3083176c	5b697dbbab5848ad92b99b4d857d5159	2024-01-21 17:09:53	2024-01-21 17:09:53	2024-01-10 10:59:00	48c0a9bb8af04622bbb5c2e2aac3f735	Navy Rewards Card	4430	BENARDA VETERINARY HOSPITTUCSON AZ - 4430				c	5000/100	5000/100	2024-01-21 17:09:53
C	811fc5935a4b4a169d3058ed3083176c	21636711b3564674b8243f079640cab7	2024-01-21 17:09:53	2024-01-21 17:09:53	2024-01-10 10:59:00	3323a52a32464e5db6926fdc8fbced8f	Imbalance-USD	4430	BENARDA VETERINARY HOSPITTUCSON AZ - 4430				n	-5000/100	-5000/100	1970-01-01 00:00:00
===== END
===== START
C	1a575e4a177c4f8285b1b81d3f40c9a6	e3376a7dd4ea4b74a6d6fe4873cd36b5	2024-01-21 17:09:53	2024-01-21 17:09:53	2024-01-10 10:59:00	48c0a9bb8af04622bbb5c2e2aac3f735	Navy Rewards Card	0001	RTX CAFE TUCSON848 TUCSON AZ - 0001				c	272/100	272/100	2024-01-21 17:09:53
C	1a575e4a177c4f8285b1b81d3f40c9a6	391486eb923d4c45b659864f289afe2b	2024-01-21 17:09:53	2024-01-21 17:09:53	2024-01-10 10:59:00	3323a52a32464e5db6926fdc8fbced8f	Imbalance-USD	0001	RTX CAFE TUCSON848 TUCSON AZ - 0001				n	-272/100	-272/100	1970-01-01 00:00:00
===== END
===== START
C	fbb5c1ef20c94af08afadb1ba8c1a72c	d7160fced0664173a13b035daa885263	2024-01-21 17:09:53	2024-01-21 17:09:53	2024-01-10 10:59:00	48c0a9bb8af04622bbb5c2e2aac3f735	Navy Rewards Card	0001	RTX CAFE TUCSON848 TUCSON AZ - 0001				c	1654/100	1654/100	2024-01-21 17:09:53
C	fbb5c1ef20c94af08afadb1ba8c1a72c	abf68f44608f4318aff9a11afd4196fe	2024-01-21 17:09:53	2024-01-21 17:09:53	2024-01-10 10:59:00	3323a52a32464e5db6926fdc8fbced8f	Imbalance-USD	0001	RTX CAFE TUCSON848 TUCSON AZ - 0001				n	-1654/100	-1654/100	1970-01-01 00:00:00
===== END
===== START
C	ab7902b9b7464ff9b91487bb0fe2db66	993a59680e07421c9215075680c3d94e	2024-01-21 17:09:53	2024-01-21 17:09:53	2024-01-10 10:59:00	48c0a9bb8af04622bbb5c2e2aac3f735	Navy Rewards Card	0001	RTX CAFE TUCSON848 TUCSON AZ - 0001				c	1196/100	1196/100	2024-01-21 17:09:53
C	ab7902b9b7464ff9b91487bb0fe2db66	800303526d4a439caf4cd603ba7ddf83	2024-01-21 17:09:53	2024-01-21 17:09:53	2024-01-10 10:59:00	3323a52a32464e5db6926fdc8fbced8f	Imbalance-USD	0001	RTX CAFE TUCSON848 TUCSON AZ - 0001				n	-1196/100	-1196/100	1970-01-01 00:00:00
===== END
===== START
C	a473ddbb8d4a493cbf40f7ce350305b5	abfe7f90e2a84dcf88762efde6baeb4d	2024-01-21 17:09:53	2024-01-21 17:09:53	2024-01-11 10:59:00	48c0a9bb8af04622bbb5c2e2aac3f735	Navy Rewards Card	4430	Trader Joe's				c	2871/100	2871/100	2024-01-21 17:09:53
C	a473ddbb8d4a493cbf40f7ce350305b5	4d85dcb8189647fe8a5ca70661f98e14	2024-01-21 17:09:53	2024-01-21 17:09:53	2024-01-11 10:59:00	3323a52a32464e5db6926fdc8fbced8f	Imbalance-USD	4430	Trader Joe's				n	-2871/100	-2871/100	1970-01-01 00:00:00
===== END
===== START
C	669353ba428c4a8990790bd04c0aee49	f9e9960a90274315b26f61d0cc6c91c0	2024-01-21 17:09:54	2024-01-21 17:09:53	2024-01-11 10:59:00	48c0a9bb8af04622bbb5c2e2aac3f735	Navy Rewards Card	0001	Target				c	2922/100	2922/100	2024-01-21 17:09:53
C	669353ba428c4a8990790bd04c0aee49	91ffc37d850c43489a787ea817f63376	2024-01-21 17:09:54	2024-01-21 17:09:53	2024-01-11 10:59:00	3323a52a32464e5db6926fdc8fbced8f	Imbalance-USD	0001	Target				n	-2922/100	-2922/100	1970-01-01 00:00:00
===== END
===== START
C	932798676f164dabbb28cf19a5e8d5a8	5752eddcd36946d5a3e3390c542bcae4	2024-01-21 17:09:54	2024-01-21 17:09:54	2024-01-11 10:59:00	48c0a9bb8af04622bbb5c2e2aac3f735	Navy Rewards Card	0001	TUCSON AIRPORT TUCSON AZ - 0001				c	1669/100	1669/100	2024-01-21 17:09:54
C	932798676f164dabbb28cf19a5e8d5a8	d52dd5c9943646488d3cf61ce456afc6	2024-01-21 17:09:54	2024-01-21 17:09:54	2024-01-11 10:59:00	3323a52a32464e5db6926fdc8fbced8f	Imbalance-USD	0001	TUCSON AIRPORT TUCSON AZ - 0001				n	-1669/100	-1669/100	1970-01-01 00:00:00
===== END
===== START
C	0b23727403b14b028d51cffa9b0c448c	5f48f7dc35ae4ac393d95091b76d92c3	2024-01-21 17:09:54	2024-01-21 17:09:54	2024-01-11 10:59:00	48c0a9bb8af04622bbb5c2e2aac3f735	Navy Rewards Card	0001	THE BAR AT LAS VEGAS BLVDLAS VEGAS NV - 0001				c	1601/100	1601/100	2024-01-21 17:09:54
C	0b23727403b14b028d51cffa9b0c448c	f5ceaa5569b1491abb052e83f87ccd8d	2024-01-21 17:09:54	2024-01-21 17:09:54	2024-01-11 10:59:00	3323a52a32464e5db6926fdc8fbced8f	Imbalance-USD	0001	THE BAR AT LAS VEGAS BLVDLAS VEGAS NV - 0001				n	-1601/100	-1601/100	1970-01-01 00:00:00
===== END
===== START
C	28a4d14685ae410dafe208b49827de6b	30e4e10c7e2d47338b2c8dc6acb00c10	2024-01-21 17:09:54	2024-01-21 17:09:54	2024-01-12 10:59:00	48c0a9bb8af04622bbb5c2e2aac3f735	Navy Rewards Card	0001	True Food Kitchen				c	8276/100	8276/100	2024-01-21 17:09:54
C	28a4d14685ae410dafe208b49827de6b	e3602b2f4f914b2084d55e3a5426d39d	2024-01-21 17:09:54	2024-01-21 17:09:54	2024-01-12 10:59:00	3323a52a32464e5db6926fdc8fbced8f	Imbalance-USD	0001	True Food Kitchen				n	-8276/100	-8276/100	1970-01-01 00:00:00
===== END
===== START
C	17d2cbbbde3b4fa59604247a41e2a9e2	d9cef8cdf180457ab84bbb83d5c11c7b	2024-01-21 17:09:54	2024-01-21 17:09:54	2024-01-15 10:59:00	48c0a9bb8af04622bbb5c2e2aac3f735	Navy Rewards Card	4430	Target				c	4337/100	4337/100	2024-01-21 17:09:54
C	17d2cbbbde3b4fa59604247a41e2a9e2	1b0db6fa494a47e5b8d3fa5beb3ca1d7	2024-01-21 17:09:54	2024-01-21 17:09:54	2024-01-15 10:59:00	3323a52a32464e5db6926fdc8fbced8f	Imbalance-USD	4430	Target				n	-4337/100	-4337/100	1970-01-01 00:00:00
===== END
===== START
C	ee2e167cd76d4690b1c772889bd4e7dc	7db7a8a6784e4cdcb18727382642e2d2	2024-01-21 17:09:54	2024-01-21 17:09:54	2024-01-15 10:59:00	48c0a9bb8af04622bbb5c2e2aac3f735	Navy Rewards Card	4430	Target				c	7492/100	7492/100	2024-01-21 17:09:54
C	ee2e167cd76d4690b1c772889bd4e7dc	6ffa4b127a6945878cc401c9ffb5eaf6	2024-01-21 17:09:54	2024-01-21 17:09:54	2024-01-15 10:59:00	3323a52a32464e5db6926fdc8fbced8f	Imbalance-USD	4430	Target				n	-7492/100	-7492/100	1970-01-01 00:00:00
===== END
===== START
C	bc30e9c67fa24c1f83b73be57943cc21	c189dedb54d7438ab981fce9383eab76	2024-01-21 17:09:54	2024-01-21 17:09:54	2024-01-15 10:59:00	48c0a9bb8af04622bbb5c2e2aac3f735	Navy Rewards Card	4430	Whole Foods Market				c	7971/100	7971/100	2024-01-21 17:09:54
C	bc30e9c67fa24c1f83b73be57943cc21	c6dd5109b9384e02b273eac27812be7a	2024-01-21 17:09:54	2024-01-21 17:09:54	2024-01-15 10:59:00	3323a52a32464e5db6926fdc8fbced8f	Imbalance-USD	4430	Whole Foods Market				n	-7971/100	-7971/100	1970-01-01 00:00:00
===== END
===== START
C	e1ee00ce61734cde8f671eaf81dafdc4	07ceaf23ad0d4a7bb22d48544c24d132	2024-01-21 17:09:54	2024-01-21 17:09:54	2024-01-15 10:59:00	48c0a9bb8af04622bbb5c2e2aac3f735	Navy Rewards Card	0001	Trader Joe's				c	667/100	667/100	2024-01-21 17:09:54
C	e1ee00ce61734cde8f671eaf81dafdc4	d8dac3ff966a45b2bf842e87360e3a46	2024-01-21 17:09:54	2024-01-21 17:09:54	2024-01-15 10:59:00	3323a52a32464e5db6926fdc8fbced8f	Imbalance-USD	0001	Trader Joe's				n	-667/100	-667/100	1970-01-01 00:00:00
===== END
===== START
C	80e2afdc4c1b4b1c92cc081d62ba8356	9724f42f161e481c9750ed7e3f0fdf60	2024-01-21 17:09:54	2024-01-21 17:09:54	2024-01-15 10:59:00	48c0a9bb8af04622bbb5c2e2aac3f735	Navy Rewards Card	0001	ZEFFY-x0-30 CLUB OF TU HTTPSWWW.ZEFFDE - 0001				c	12500/100	12500/100	2024-01-21 17:09:54
C	80e2afdc4c1b4b1c92cc081d62ba8356	51d4f223c80a44bcad6b3b6e656f06e1	2024-01-21 17:09:54	2024-01-21 17:09:54	2024-01-15 10:59:00	3323a52a32464e5db6926fdc8fbced8f	Imbalance-USD	0001	ZEFFY-x0-30 CLUB OF TU HTTPSWWW.ZEFFDE - 0001				n	-12500/100	-12500/100	1970-01-01 00:00:00
===== END
===== START
C	b1ae039e97a64d6a8c2eae19e0b4ca56	e58783b5451449ce8c3d219c6db8a3f7	2024-01-21 17:09:54	2024-01-21 17:09:54	2024-01-15 10:59:00	48c0a9bb8af04622bbb5c2e2aac3f735	Navy Rewards Card	0001	Eric H Cheng				c	1679/100	1679/100	2024-01-21 17:09:54
C	b1ae039e97a64d6a8c2eae19e0b4ca56	94f98bd7e21e44e0b0a99dff7e6ccc56	2024-01-21 17:09:54	2024-01-21 17:09:54	2024-01-15 10:59:00	3323a52a32464e5db6926fdc8fbced8f	Imbalance-USD	0001	Eric H Cheng				n	-1679/100	-1679/100	1970-01-01 00:00:00
===== END
===== START
C	ecfa400e2f11490fb3a32e1691b14fb9	6d243d52756e49cba8fe5420d69786ca	2024-01-21 17:09:54	2024-01-21 17:09:54	2024-01-15 10:59:00	48c0a9bb8af04622bbb5c2e2aac3f735	Navy Rewards Card	0001	SMG TCC PARKING TUCSON AZ - 0001				c	1000/100	1000/100	2024-01-21 17:09:54
C	ecfa400e2f11490fb3a32e1691b14fb9	685df7e0dd824f4e809ab93ee9390db0	2024-01-21 17:09:54	2024-01-21 17:09:54	2024-01-15 10:59:00	3323a52a32464e5db6926fdc8fbced8f	Imbalance-USD	0001	SMG TCC PARKING TUCSON AZ - 0001				n	-1000/100	-1000/100	1970-01-01 00:00:00
===== END
===== START
C	0e98a0440a514a64a53ce3492088667e	8863f4bcecd1466fbf4fa957f05c86bf	2024-01-21 17:09:54	2024-01-21 17:09:54	2024-01-15 10:59:00	48c0a9bb8af04622bbb5c2e2aac3f735	Navy Rewards Card	0001	Spotify				c	1195/100	1195/100	2024-01-21 17:09:54
C	0e98a0440a514a64a53ce3492088667e	7ee2f2a4ad85437e91f568e29c232264	2024-01-21 17:09:54	2024-01-21 17:09:54	2024-01-15 10:59:00	3323a52a32464e5db6926fdc8fbced8f	Imbalance-USD	0001	Spotify				n	-1195/100	-1195/100	1970-01-01 00:00:00
===== END
===== START
C	b78ee394edeb410eb5b34dadcbe08743	2ad25b4ebddc40a68dd7375120685e73	2024-01-21 17:09:54	2024-01-21 17:09:54	2024-01-15 10:59:00	48c0a9bb8af04622bbb5c2e2aac3f735	Navy Rewards Card	0001	Costco				c	216/100	216/100	2024-01-21 17:09:54
C	b78ee394edeb410eb5b34dadcbe08743	c5d0422c8bd6488c9aecbf434afda17a	2024-01-21 17:09:54	2024-01-21 17:09:54	2024-01-15 10:59:00	3323a52a32464e5db6926fdc8fbced8f	Imbalance-USD	0001	Costco				n	-216/100	-216/100	1970-01-01 00:00:00
===== END
===== START
C	b1296ff71dfd4708a5758ef79e25dad5	7b674c7b1a644c9f8650ca8331fc069e	2024-01-21 17:09:54	2024-01-21 17:09:54	2024-01-15 10:59:00	48c0a9bb8af04622bbb5c2e2aac3f735	Navy Rewards Card	0001	Costco				c	6084/100	6084/100	2024-01-21 17:09:54
C	b1296ff71dfd4708a5758ef79e25dad5	fec1675faa7a4532a746f2791ceb9b93	2024-01-21 17:09:54	2024-01-21 17:09:54	2024-01-15 10:59:00	3323a52a32464e5db6926fdc8fbced8f	Imbalance-USD	0001	Costco				n	-6084/100	-6084/100	1970-01-01 00:00:00
===== END
===== START
C	f9c93b2505c742ab9058d5d09577b984	cdcf9b88265a4dbca65f22ed828c4f6b	2024-01-21 17:09:54	2024-01-21 17:09:54	2024-01-15 10:59:00	48c0a9bb8af04622bbb5c2e2aac3f735	Navy Rewards Card	0001	Costco Gas Stations				c	2608/100	2608/100	2024-01-21 17:09:54
C	f9c93b2505c742ab9058d5d09577b984	6aad7308bf074a77adda71675d39b432	2024-01-21 17:09:54	2024-01-21 17:09:54	2024-01-15 10:59:00	3323a52a32464e5db6926fdc8fbced8f	Imbalance-USD	0001	Costco Gas Stations				n	-2608/100	-2608/100	1970-01-01 00:00:00
===== END
===== START
C	21b2077e23b74e0eb803bb977f142ee7	8f8ed87f4d5b4090a2a5716b7c49e407	2024-01-21 17:09:54	2024-01-21 17:09:54	2024-01-16 10:59:00	48c0a9bb8af04622bbb5c2e2aac3f735	Navy Rewards Card	4430	Target				c	3288/100	3288/100	2024-01-21 17:09:54
C	21b2077e23b74e0eb803bb977f142ee7	6e7da026003c4c4eaee0e2da83a0ed44	2024-01-21 17:09:54	2024-01-21 17:09:54	2024-01-16 10:59:00	3323a52a32464e5db6926fdc8fbced8f	Imbalance-USD	4430	Target				n	-3288/100	-3288/100	1970-01-01 00:00:00
===== END
===== START
C	eb0dac5f3c2a411f845730be2d6f64b2	2c72df4419e54fe6877141dcc666283a	2024-01-21 17:09:54	2024-01-21 17:09:54	2024-01-16 10:59:00	48c0a9bb8af04622bbb5c2e2aac3f735	Navy Rewards Card	0001	Trader Joe's				c	4212/100	4212/100	2024-01-21 17:09:54
C	eb0dac5f3c2a411f845730be2d6f64b2	5026b1c68ffe438388a74553d59b9b59	2024-01-21 17:09:54	2024-01-21 17:09:54	2024-01-16 10:59:00	3323a52a32464e5db6926fdc8fbced8f	Imbalance-USD	0001	Trader Joe's				n	-4212/100	-4212/100	1970-01-01 00:00:00
===== END
===== START
C	73d40b7d3e594e6c9b4b66701265023b	ebdd2651dc834d3b9ff74b66d881b6e8	2024-01-21 17:09:54	2024-01-21 17:09:54	2024-01-16 10:59:00	48c0a9bb8af04622bbb5c2e2aac3f735	Navy Rewards Card	0001	Trader Joe's				c	1099/100	1099/100	2024-01-21 17:09:54
C	73d40b7d3e594e6c9b4b66701265023b	790a3c6a16224ceeb835ff9898f968be	2024-01-21 17:09:54	2024-01-21 17:09:54	2024-01-16 10:59:00	3323a52a32464e5db6926fdc8fbced8f	Imbalance-USD	0001	Trader Joe's				n	-1099/100	-1099/100	1970-01-01 00:00:00
===== END
===== START
C	87d3a97f91cb4925af9e2f32eb202e28	669301ee8c3246bb9aa05216b8841cad	2024-01-21 17:09:54	2024-01-21 17:09:54	2024-01-16 10:59:00	48c0a9bb8af04622bbb5c2e2aac3f735	Navy Rewards Card	0001	The Home Depot				c	12/100	12/100	2024-01-21 17:09:54
C	87d3a97f91cb4925af9e2f32eb202e28	f406f5eebbf944cda2774b95cacdb35b	2024-01-21 17:09:54	2024-01-21 17:09:54	2024-01-16 10:59:00	3323a52a32464e5db6926fdc8fbced8f	Imbalance-USD	0001	The Home Depot				n	-12/100	-12/100	1970-01-01 00:00:00
===== END
===== START
C	f8fa3700552c4d1eb829fc396bfa02b3	9580549572864a89b1e20d0c364dbca1	2024-01-21 17:09:54	2024-01-21 17:09:54	2024-01-16 10:59:00	48c0a9bb8af04622bbb5c2e2aac3f735	Navy Rewards Card	0001	Canteen Vending Services				c	200/100	200/100	2024-01-21 17:09:54
C	f8fa3700552c4d1eb829fc396bfa02b3	24e0c0b18f4a40c392f4afdc87027091	2024-01-21 17:09:54	2024-01-21 17:09:54	2024-01-16 10:59:00	3323a52a32464e5db6926fdc8fbced8f	Imbalance-USD	0001	Canteen Vending Services				n	-200/100	-200/100	1970-01-01 00:00:00
===== END
===== START
C	07bacc8194ff42d4989546641f79d8b0	54a068d9a98f43cbb24dd5e33c5b2446	2024-01-21 17:09:54	2024-01-21 17:09:54	2024-01-16 10:59:00	48c0a9bb8af04622bbb5c2e2aac3f735	Navy Rewards Card	0001	CrossFit				c	17866/100	17866/100	2024-01-21 17:09:54
C	07bacc8194ff42d4989546641f79d8b0	cad885ba96b54573ab0e3bae53419db0	2024-01-21 17:09:54	2024-01-21 17:09:54	2024-01-16 10:59:00	3323a52a32464e5db6926fdc8fbced8f	Imbalance-USD	0001	CrossFit				n	-17866/100	-17866/100	1970-01-01 00:00:00
===== END
===== START
C	1eeed6bf260040c5b40e72c469519f29	34c73cceff5b4eaca661e84f38db38f3	2024-01-21 17:09:54	2024-01-21 17:09:54	2024-01-17 10:59:00	48c0a9bb8af04622bbb5c2e2aac3f735	Navy Rewards Card	0001	Audible				c	1625/100	1625/100	2024-01-21 17:09:54
C	1eeed6bf260040c5b40e72c469519f29	7b4d0b4908c04b689340b3e710316c0a	2024-01-21 17:09:54	2024-01-21 17:09:54	2024-01-17 10:59:00	3323a52a32464e5db6926fdc8fbced8f	Imbalance-USD	0001	Audible				n	-1625/100	-1625/100	1970-01-01 00:00:00
===== END
===== START
C	0f5abafdf4cb410d86b1e3584abfe138	bb3f6a73d243453886c33d7d55aec443	2024-01-21 17:09:54	2024-01-21 17:09:54	2024-01-17 10:59:00	48c0a9bb8af04622bbb5c2e2aac3f735	Navy Rewards Card	0001	Apple				c	1738/100	1738/100	2024-01-21 17:09:54
C	0f5abafdf4cb410d86b1e3584abfe138	5052435f5daa46968bb3d77d4c28fed4	2024-01-21 17:09:54	2024-01-21 17:09:54	2024-01-17 10:59:00	3323a52a32464e5db6926fdc8fbced8f	Imbalance-USD	0001	Apple				n	-1738/100	-1738/100	1970-01-01 00:00:00
===== END
===== START
C	d885c6a586a448cbaeadd68cf3944510	f1dae452854a4660b5721ff34d29b69b	2024-01-21 17:09:54	2024-01-21 17:09:54	2024-01-17 10:59:00	48c0a9bb8af04622bbb5c2e2aac3f735	Navy Rewards Card	0001	McDonald's				c	585/100	585/100	2024-01-21 17:09:54
C	d885c6a586a448cbaeadd68cf3944510	307e2e85432a40388d28ab4e1f9f95ff	2024-01-21 17:09:54	2024-01-21 17:09:54	2024-01-17 10:59:00	3323a52a32464e5db6926fdc8fbced8f	Imbalance-USD	0001	McDonald's				n	-585/100	-585/100	1970-01-01 00:00:00
===== END
===== START
C	f1fd8a4deb91468398d6789558f2a847	0e49ecee17f346e4b4783cb5e47fc3e2	2024-01-21 17:09:54	2024-01-21 17:09:54	2024-01-18 10:59:00	48c0a9bb8af04622bbb5c2e2aac3f735	Navy Rewards Card	4430	SP COLOR WOW COLORWOWHAIR.CT - 4430				c	3016/100	3016/100	2024-01-21 17:09:54
C	f1fd8a4deb91468398d6789558f2a847	b6b95f5ef3984019b3b572b7e7ea5115	2024-01-21 17:09:54	2024-01-21 17:09:54	2024-01-18 10:59:00	3323a52a32464e5db6926fdc8fbced8f	Imbalance-USD	4430	SP COLOR WOW COLORWOWHAIR.CT - 4430				n	-3016/100	-3016/100	1970-01-01 00:00:00
===== END
===== START
C	86fae77a85114039a754d51b97d66ee0	545126364f234fd3939e67332eff3da8	2024-01-21 17:09:54	2024-01-21 17:09:54	2024-01-18 10:59:00	48c0a9bb8af04622bbb5c2e2aac3f735	Navy Rewards Card	0001	Apple				c	108/100	108/100	2024-01-21 17:09:54
C	86fae77a85114039a754d51b97d66ee0	84fa67475033447bbe362ff20331e880	2024-01-21 17:09:54	2024-01-21 17:09:54	2024-01-18 10:59:00	3323a52a32464e5db6926fdc8fbced8f	Imbalance-USD	0001	Apple				n	-108/100	-108/100	1970-01-01 00:00:00
===== END
===== START
C	ebb6023ff65e4830b39f48a8fceeb042	f71fef95b3614204b01fedc6b86612d9	2024-01-21 17:09:54	2024-01-21 17:09:54	2024-01-18 10:59:00	48c0a9bb8af04622bbb5c2e2aac3f735	Navy Rewards Card	0001	Canteen Vending Services				c	200/100	200/100	2024-01-21 17:09:54
C	ebb6023ff65e4830b39f48a8fceeb042	21e6a3e7f67f438f8493cff9efbb7810	2024-01-21 17:09:54	2024-01-21 17:09:54	2024-01-18 10:59:00	3323a52a32464e5db6926fdc8fbced8f	Imbalance-USD	0001	Canteen Vending Services				n	-200/100	-200/100	1970-01-01 00:00:00
===== END
===== START
C	fcda995e08894446ac0dca82a8b56674	b3b3799407054d1ba47f69f3e1fd24c8	2024-01-21 17:09:54	2024-01-21 17:09:54	2024-01-18 10:59:00	48c0a9bb8af04622bbb5c2e2aac3f735	Navy Rewards Card	0001	Canteen Vending Services				c	200/100	200/100	2024-01-21 17:09:54
C	fcda995e08894446ac0dca82a8b56674	0df23cc7dabc4e3188bfe1b2ddccb990	2024-01-21 17:09:54	2024-01-21 17:09:54	2024-01-18 10:59:00	3323a52a32464e5db6926fdc8fbced8f	Imbalance-USD	0001	Canteen Vending Services				n	-200/100	-200/100	1970-01-01 00:00:00
===== END
===== START
C	bc183b5a08d74b959b026a11a6c57978	cb44e99e6e554e9d9a0daf5f32fd9948	2024-01-21 17:09:54	2024-01-21 17:09:54	2024-01-19 10:59:00	48c0a9bb8af04622bbb5c2e2aac3f735	Navy Rewards Card	0001	Uber				c	100/100	100/100	2024-01-21 17:09:54
C	bc183b5a08d74b959b026a11a6c57978	040f4bd1e5bd42378830c4ae8ef294d0	2024-01-21 17:09:54	2024-01-21 17:09:54	2024-01-19 10:59:00	3323a52a32464e5db6926fdc8fbced8f	Imbalance-USD	0001	Uber				n	-100/100	-100/100	1970-01-01 00:00:00
===== END
===== START
C	5bfa4dab5c2349f186c85fcd31f94fa7	3846a8b12f2e40e28582b56db1d51b9c	2024-01-21 17:09:54	2024-01-21 17:09:54	2024-01-19 10:59:00	48c0a9bb8af04622bbb5c2e2aac3f735	Navy Rewards Card	0001	Payment to Tucson Water				c	15133/100	15133/100	2024-01-21 17:09:54
C	5bfa4dab5c2349f186c85fcd31f94fa7	0f8406b0e2b442788938d7fcf304fd3d	2024-01-21 17:09:54	2024-01-21 17:09:54	2024-01-19 10:59:00	3323a52a32464e5db6926fdc8fbced8f	Imbalance-USD	0001	Payment to Tucson Water				n	-15133/100	-15133/100	1970-01-01 00:00:00
===== END
===== START
C	16be602a69004bc79c4ce9ce893ae03a	e34a47dc0cf1483fafae783790b54ab7	2024-01-21 17:09:54	2024-01-21 17:09:54	2024-01-19 10:59:00	48c0a9bb8af04622bbb5c2e2aac3f735	Navy Rewards Card	0001	Canteen Vending Services				c	140/100	140/100	2024-01-21 17:09:54
C	16be602a69004bc79c4ce9ce893ae03a	c31c56d2327f4463b83219ccf97b3dce	2024-01-21 17:09:54	2024-01-21 17:09:54	2024-01-19 10:59:00	3323a52a32464e5db6926fdc8fbced8f	Imbalance-USD	0001	Canteen Vending Services				n	-140/100	-140/100	1970-01-01 00:00:00
===== END
===== START
C	2ac223acdee942879aa755524dea0fc7	7bc77f01627442bfa218583fd69962ea	2024-01-21 17:09:54	2024-01-21 17:09:54	2024-01-19 10:59:00	48c0a9bb8af04622bbb5c2e2aac3f735	Navy Rewards Card	0001	Canteen Vending Services				c	200/100	200/100	2024-01-21 17:09:54
C	2ac223acdee942879aa755524dea0fc7	5f07b06185ff417a85140ce57cc3e2e4	2024-01-21 17:09:54	2024-01-21 17:09:54	2024-01-19 10:59:00	3323a52a32464e5db6926fdc8fbced8f	Imbalance-USD	0001	Canteen Vending Services				n	-200/100	-200/100	1970-01-01 00:00:00
===== END
===== START
C	65e1305a33c04c9eb1095cf68e279ba2	4be485559fc14f7f9821dd0e3509cc47	2024-01-21 17:09:54	2024-01-21 17:09:54	2024-01-19 10:59:00	48c0a9bb8af04622bbb5c2e2aac3f735	Navy Rewards Card	0001	Amazon Marketplace				c	4185/100	4185/100	2024-01-21 17:09:54
C	65e1305a33c04c9eb1095cf68e279ba2	22553b95e8a84a2a85d32a4016913814	2024-01-21 17:09:54	2024-01-21 17:09:54	2024-01-19 10:59:00	3323a52a32464e5db6926fdc8fbced8f	Imbalance-USD	0001	Amazon Marketplace				n	-4185/100	-4185/100	1970-01-01 00:00:00
===== END
===== START
C	62c7a622f4ba4b34aba29107fdba0350	cf2a6d8c5493478eb2b97d8d65d17fc0	2024-01-21 17:09:54	2024-01-21 17:09:54	2024-01-19 10:59:00	48c0a9bb8af04622bbb5c2e2aac3f735	Navy Rewards Card	4430	Speedway				c	2071/100	2071/100	2024-01-21 17:09:54
C	62c7a622f4ba4b34aba29107fdba0350	943fe5599d7f40b3869514055f378551	2024-01-21 17:09:54	2024-01-21 17:09:54	2024-01-19 10:59:00	3323a52a32464e5db6926fdc8fbced8f	Imbalance-USD	4430	Speedway				n	-2071/100	-2071/100	1970-01-01 00:00:00
===== END
===== START
===== END
===== START
B	1e5141fc7613499f88f144b63959606c	81f983912ca84dd2a36bfe225ec4880a	2024-01-21 17:10:22	2024-01-21 17:09:53	2023-12-29 10:59:00	48c0a9bb8af04622bbb5c2e2aac3f735	Navy Rewards Card	0001	Hulu				c	9737/100	9737/100	2024-01-21 17:09:53
B	1e5141fc7613499f88f144b63959606c	08e16a18e78a415693507dff14ba98f2	2024-01-21 17:10:22	2024-01-21 17:09:53	2023-12-29 10:59:00	3323a52a32464e5db6926fdc8fbced8f	Imbalance-USD	0001	Hulu				n	-9737/100	-9737/100	1970-01-01 00:00:00
===== END
===== START
D	1e5141fc7613499f88f144b63959606c	81f983912ca84dd2a36bfe225ec4880a	2024-01-21 17:10:22	2024-01-21 17:09:53	2023-12-29 10:59:00	48c0a9bb8af04622bbb5c2e2aac3f735	Navy Rewards Card	0001	Hulu				c	9737/100	9737/100	2024-01-21 17:09:53
D	1e5141fc7613499f88f144b63959606c	08e16a18e78a415693507dff14ba98f2	2024-01-21 17:10:22	2024-01-21 17:09:53	2023-12-29 10:59:00	3323a52a32464e5db6926fdc8fbced8f	Imbalance-USD	0001	Hulu				n	-9737/100	-9737/100	1970-01-01 00:00:00
===== END
===== START
B	82312f4730af4cef8b5cdacc0f3c0f23	0b4be8d3bd0843f081d956807627c72a	2024-01-21 17:10:25	2024-01-21 17:09:53	2023-12-29 10:59:00	48c0a9bb8af04622bbb5c2e2aac3f735	Navy Rewards Card	0001	Starbucks				c	2000/100	2000/100	2024-01-21 17:09:53
B	82312f4730af4cef8b5cdacc0f3c0f23	9eb7b9c6970047c294edcad5c3c575d1	2024-01-21 17:10:25	2024-01-21 17:09:53	2023-12-29 10:59:00	3323a52a32464e5db6926fdc8fbced8f	Imbalance-USD	0001	Starbucks				n	-2000/100	-2000/100	1970-01-01 00:00:00
===== END
===== START
D	82312f4730af4cef8b5cdacc0f3c0f23	0b4be8d3bd0843f081d956807627c72a	2024-01-21 17:10:25	2024-01-21 17:09:53	2023-12-29 10:59:00	48c0a9bb8af04622bbb5c2e2aac3f735	Navy Rewards Card	0001	Starbucks				c	2000/100	2000/100	2024-01-21 17:09:53
D	82312f4730af4cef8b5cdacc0f3c0f23	9eb7b9c6970047c294edcad5c3c575d1	2024-01-21 17:10:25	2024-01-21 17:09:53	2023-12-29 10:59:00	3323a52a32464e5db6926fdc8fbced8f	Imbalance-USD	0001	Starbucks				n	-2000/100	-2000/100	1970-01-01 00:00:00
===== END
===== START
B	a4b68c2ff4624f7083afd4de2c9bfca5	1d6742f7cdf446bf801b8ce67c7bf087	2024-01-21 17:10:29	2024-01-21 17:09:53	2023-12-29 10:59:00	48c0a9bb8af04622bbb5c2e2aac3f735	Navy Rewards Card	4430	Winebar				c	2743/100	2743/100	2024-01-21 17:09:53
B	a4b68c2ff4624f7083afd4de2c9bfca5	157ff0ca143b45109c74d5db15cdd038	2024-01-21 17:10:29	2024-01-21 17:09:53	2023-12-29 10:59:00	3323a52a32464e5db6926fdc8fbced8f	Imbalance-USD	4430	Winebar				n	-2743/100	-2743/100	1970-01-01 00:00:00
===== END
===== START
D	a4b68c2ff4624f7083afd4de2c9bfca5	1d6742f7cdf446bf801b8ce67c7bf087	2024-01-21 17:10:29	2024-01-21 17:09:53	2023-12-29 10:59:00	48c0a9bb8af04622bbb5c2e2aac3f735	Navy Rewards Card	4430	Winebar				c	2743/100	2743/100	2024-01-21 17:09:53
D	a4b68c2ff4624f7083afd4de2c9bfca5	157ff0ca143b45109c74d5db15cdd038	2024-01-21 17:10:29	2024-01-21 17:09:53	2023-12-29 10:59:00	3323a52a32464e5db6926fdc8fbced8f	Imbalance-USD	4430	Winebar				n	-2743/100	-2743/100	1970-01-01 00:00:00
===== END
===== START
B	6ccb202f7cd84d2a91005886af8247e6	44a95b721516461b98336e381c189198	2024-01-21 17:11:17	2024-01-21 17:09:53	2024-01-02 10:59:00	48c0a9bb8af04622bbb5c2e2aac3f735	Navy Rewards Card	0001	Microsoft				c	699/100	699/100	2024-01-21 17:09:53
B	6ccb202f7cd84d2a91005886af8247e6	8a8218d329a546a4b6b64633defdfb42	2024-01-21 17:11:17	2024-01-21 17:09:53	2024-01-02 10:59:00	3323a52a32464e5db6926fdc8fbced8f	Imbalance-USD	0001	Microsoft				n	-699/100	-699/100	1970-01-01 00:00:00
===== END
===== START
C	6ccb202f7cd84d2a91005886af8247e6	44a95b721516461b98336e381c189198	2024-01-21 17:11:17	2024-01-21 17:09:53	2024-01-02 10:59:00	48c0a9bb8af04622bbb5c2e2aac3f735	Navy Rewards Card	0001	Microsoft				c	699/100	699/100	2024-01-21 17:09:53
C	6ccb202f7cd84d2a91005886af8247e6	8a8218d329a546a4b6b64633defdfb42	2024-01-21 17:11:17	2024-01-21 17:09:53	2024-01-02 10:59:00	3feaad255df249169127e590b1602cd7	Subscriptions	0001	Microsoft				n	-699/100	-699/100	1970-01-01 00:00:00
===== END
===== START
B	003b08ef0ff94960a289348a4cb469ec	41f2db3a42f44c6cbdb0e1463bd8d2f5	2024-01-21 17:11:33	2024-01-21 17:09:53	2024-01-02 10:59:00	48c0a9bb8af04622bbb5c2e2aac3f735	Navy Rewards Card	0001	RETAIL KISSIMMEE FL - 0001				c	634/100	634/100	2024-01-21 17:09:53
B	003b08ef0ff94960a289348a4cb469ec	be3b0a5725234a64a7f8181bea5c8dae	2024-01-21 17:11:33	2024-01-21 17:09:53	2024-01-02 10:59:00	3323a52a32464e5db6926fdc8fbced8f	Imbalance-USD	0001	RETAIL KISSIMMEE FL - 0001				n	-634/100	-634/100	1970-01-01 00:00:00
===== END
===== START
C	003b08ef0ff94960a289348a4cb469ec	41f2db3a42f44c6cbdb0e1463bd8d2f5	2024-01-21 17:11:33	2024-01-21 17:09:53	2024-01-02 10:59:00	48c0a9bb8af04622bbb5c2e2aac3f735	Navy Rewards Card	0001	RETAIL KISSIMMEE FL - 0001				c	634/100	634/100	2024-01-21 17:09:53
C	003b08ef0ff94960a289348a4cb469ec	be3b0a5725234a64a7f8181bea5c8dae	2024-01-21 17:11:33	2024-01-21 17:09:53	2024-01-02 10:59:00	f51833ab51c446f28a6ab0d10a773759	Miscellaneous	0001	RETAIL KISSIMMEE FL - 0001				n	-634/100	-634/100	1970-01-01 00:00:00
===== END
===== START
B	ba022ef91295424592314d678bee3e76	4140e69389a345aeb3adfabec38ee090	2024-01-21 17:11:42	2024-01-21 17:09:53	2024-01-02 10:59:00	48c0a9bb8af04622bbb5c2e2aac3f735	Navy Rewards Card	0001	SeaWorld Parks & Entertainment				c	3728/100	3728/100	2024-01-21 17:09:53
B	ba022ef91295424592314d678bee3e76	622fed40d9e743038f3122867e606166	2024-01-21 17:11:42	2024-01-21 17:09:53	2024-01-02 10:59:00	3323a52a32464e5db6926fdc8fbced8f	Imbalance-USD	0001	SeaWorld Parks & Entertainment				n	-3728/100	-3728/100	1970-01-01 00:00:00
===== END
===== START
C	ba022ef91295424592314d678bee3e76	4140e69389a345aeb3adfabec38ee090	2024-01-21 17:11:42	2024-01-21 17:09:53	2024-01-02 10:59:00	48c0a9bb8af04622bbb5c2e2aac3f735	Navy Rewards Card	0001	SeaWorld Parks & Entertainment				c	3728/100	3728/100	2024-01-21 17:09:53
C	ba022ef91295424592314d678bee3e76	622fed40d9e743038f3122867e606166	2024-01-21 17:11:42	2024-01-21 17:09:53	2024-01-02 10:59:00	f51833ab51c446f28a6ab0d10a773759	Miscellaneous	0001	SeaWorld Parks & Entertainment				n	-3728/100	-3728/100	1970-01-01 00:00:00
===== END
===== START
B	e8b395ed6a5a4e569752dbe1dfdaa400	8b70d854b66c4f228819c40652d0df55	2024-01-21 17:12:01	2024-01-21 17:09:53	2024-01-02 10:59:00	48c0a9bb8af04622bbb5c2e2aac3f735	Navy Rewards Card	0001	TEX MEX				c	3857/100	3857/100	2024-01-21 17:09:53
B	e8b395ed6a5a4e569752dbe1dfdaa400	09a67b4510a144baacaba81eff6bc2ad	2024-01-21 17:12:01	2024-01-21 17:09:53	2024-01-02 10:59:00	3323a52a32464e5db6926fdc8fbced8f	Imbalance-USD	0001	TEX MEX				n	-3857/100	-3857/100	1970-01-01 00:00:00
===== END
===== START
C	e8b395ed6a5a4e569752dbe1dfdaa400	8b70d854b66c4f228819c40652d0df55	2024-01-21 17:12:01	2024-01-21 17:09:53	2024-01-02 10:59:00	48c0a9bb8af04622bbb5c2e2aac3f735	Navy Rewards Card	0001	TEX MEX				c	3857/100	3857/100	2024-01-21 17:09:53
C	e8b395ed6a5a4e569752dbe1dfdaa400	09a67b4510a144baacaba81eff6bc2ad	2024-01-21 17:12:01	2024-01-21 17:09:53	2024-01-02 10:59:00	7c452bea58344d23b0f556cf05df9fe0	Dining	0001	TEX MEX				n	-3857/100	-3857/100	1970-01-01 00:00:00
===== END
===== START
B	2774472783ab4b5cbde0a48e3069f63e	b916d03f74364915b52a8e81c213979b	2024-01-21 17:12:14	2024-01-21 17:09:53	2024-01-02 10:59:00	48c0a9bb8af04622bbb5c2e2aac3f735	Navy Rewards Card	0001	Topgolf				c	5566/100	5566/100	2024-01-21 17:09:53
B	2774472783ab4b5cbde0a48e3069f63e	2702476598aa4702a974bca120a909bc	2024-01-21 17:12:14	2024-01-21 17:09:53	2024-01-02 10:59:00	3323a52a32464e5db6926fdc8fbced8f	Imbalance-USD	0001	Topgolf				n	-5566/100	-5566/100	1970-01-01 00:00:00
===== END
===== START
C	2774472783ab4b5cbde0a48e3069f63e	b916d03f74364915b52a8e81c213979b	2024-01-21 17:12:14	2024-01-21 17:09:53	2024-01-02 10:59:00	48c0a9bb8af04622bbb5c2e2aac3f735	Navy Rewards Card	0001	Topgolf				c	5566/100	5566/100	2024-01-21 17:09:53
C	2774472783ab4b5cbde0a48e3069f63e	2702476598aa4702a974bca120a909bc	2024-01-21 17:12:14	2024-01-21 17:09:53	2024-01-02 10:59:00	bbed357c20cf4671bd7d4c792f540180	Recreation	0001	Topgolf				n	-5566/100	-5566/100	1970-01-01 00:00:00
===== END
===== START
B	c6c0be4886b24022a5e9d17b6128e979	8944fcc07ec44912a2d5cfb417628f49	2024-01-21 17:12:31	2024-01-21 17:09:53	2024-01-02 10:59:00	48c0a9bb8af04622bbb5c2e2aac3f735	Navy Rewards Card	0001	Vasa Fitness				c	10248/100	10248/100	2024-01-21 17:09:53
B	c6c0be4886b24022a5e9d17b6128e979	40cccaf1f4174159808989d691797b7a	2024-01-21 17:12:31	2024-01-21 17:09:53	2024-01-02 10:59:00	3323a52a32464e5db6926fdc8fbced8f	Imbalance-USD	0001	Vasa Fitness				n	-10248/100	-10248/100	1970-01-01 00:00:00
===== END
===== START
C	c6c0be4886b24022a5e9d17b6128e979	8944fcc07ec44912a2d5cfb417628f49	2024-01-21 17:12:31	2024-01-21 17:09:53	2024-01-02 10:59:00	48c0a9bb8af04622bbb5c2e2aac3f735	Navy Rewards Card	0001	Vasa Fitness				c	10248/100	10248/100	2024-01-21 17:09:53
C	c6c0be4886b24022a5e9d17b6128e979	40cccaf1f4174159808989d691797b7a	2024-01-21 17:12:31	2024-01-21 17:09:53	2024-01-02 10:59:00	789025d0417f4d7d9ea5258d8ea5a14a	Hobbies	0001	Vasa Fitness				n	-10248/100	-10248/100	1970-01-01 00:00:00
===== END
===== START
B	85a1d63055a340919c42ece2e6eb7c03	b3d05c0e40a74930bd5bd562f2a23ae1	2024-01-21 17:12:42	2024-01-21 17:09:53	2024-01-02 10:59:00	48c0a9bb8af04622bbb5c2e2aac3f735	Navy Rewards Card	0001	Wawa				c	1430/100	1430/100	2024-01-21 17:09:53
B	85a1d63055a340919c42ece2e6eb7c03	62cf68f5e2e4480ba63d8cb923a13896	2024-01-21 17:12:42	2024-01-21 17:09:53	2024-01-02 10:59:00	3323a52a32464e5db6926fdc8fbced8f	Imbalance-USD	0001	Wawa				n	-1430/100	-1430/100	1970-01-01 00:00:00
===== END
===== START
C	85a1d63055a340919c42ece2e6eb7c03	b3d05c0e40a74930bd5bd562f2a23ae1	2024-01-21 17:12:42	2024-01-21 17:09:53	2024-01-02 10:59:00	48c0a9bb8af04622bbb5c2e2aac3f735	Navy Rewards Card	0001	Wawa				c	1430/100	1430/100	2024-01-21 17:09:53
C	85a1d63055a340919c42ece2e6eb7c03	62cf68f5e2e4480ba63d8cb923a13896	2024-01-21 17:12:42	2024-01-21 17:09:53	2024-01-02 10:59:00	a996b30c3e714c1483ec007f2699fc71	Groceries	0001	Wawa				n	-1430/100	-1430/100	1970-01-01 00:00:00
===== END
