mod	trans_guid	split_guid	time_now	date_entered	date_posted	acc_guid	acc_name	num	description	notes	memo	action	reconciled	amount	value	date_reconciled
-----------------
===== START
===== END
===== START
D	3fe97cdbc7864048ae633bfde060fb81	c3688c0c7eab410dad8d4316d66cae85	2024-08-12 01:01:00	2024-08-12 01:01:00	2024-08-11 10:59:00								n	0/1	0/100	1970-01-01 00:00:00
===== END
===== START
D	c297d6a9a633457fb087d34e277dc3ad	fd8f985656454008a7e26bdffb299b7a	2024-08-12 01:01:02	2024-08-12 01:01:02	2024-08-11 10:59:00								n	0/1	0/100	1970-01-01 00:00:00
===== END
===== START
D	976d22881d34460ca188346183d7751c	f4b25107f40e4e71bb65a38cb076c22f	2024-08-12 01:01:04	2024-08-12 01:01:04	2024-08-11 10:59:00								n	0/1	0/100	1970-01-01 00:00:00
===== END
===== START
D	78edeae84e31440e80281cdef823a690	8a95e55876e242b0958c191a189d203d	2024-08-12 01:01:05	2024-08-12 01:01:05	2024-08-11 10:59:00								n	0/1	0/100	1970-01-01 00:00:00
===== END
===== START
D	0ee3b5021714451fb56dbaf2f1f8023d	3d2dc6b107db49afb084fb4f7867ed59	2024-08-12 01:01:06	2024-08-12 01:01:06	2024-08-11 10:59:00								n	0/1	0/100	1970-01-01 00:00:00
===== END
===== START
D	ad3c467acf4c4f23a24a3741ec023783	b0b016dada9243cda490f92512375310	2024-08-12 01:01:07	2024-08-12 01:01:07	2024-08-11 10:59:00								n	0/1	0/100	1970-01-01 00:00:00
===== END
===== START
D	dac7650fa9604047a0f332be38aa1aaa	2f8d6832951e4aba97b38b1a1517591a	2024-08-12 01:01:08	2024-08-12 01:01:08	2024-08-11 10:59:00								n	0/1	0/100	1970-01-01 00:00:00
===== END
===== START
===== END
===== START
B	5f98a966ad2142d78e132400fd636567	7e7790efcafe417eb92d30e585c20715	2024-08-12 01:02:37	2024-02-11 16:33:11	2024-02-05 10:59:00	d2bda8ba19e74029be09fb34988f47ce	Parking	0001	GoTucson - Parking XX-2500 NC - 0001				n	300/100	300/100	1970-01-01 00:00:00
B	5f98a966ad2142d78e132400fd636567	1c38fcd4323c4894b6bd3ac5b384a098	2024-08-12 01:02:37	2024-02-11 16:33:11	2024-02-05 10:59:00	48c0a9bb8af04622bbb5c2e2aac3f735	Navy Rewards Card	0001	GoTucson - Parking XX-2500 NC - 0001				c	-300/100	-300/100	2024-02-11 16:33:11
===== END
===== START
C	5f98a966ad2142d78e132400fd636567	7e7790efcafe417eb92d30e585c20715	2024-08-12 01:02:39	2024-02-11 16:33:11	2024-02-05 10:59:00	d3c68d09f17f41fd847d470b8ca9a445	Transportation	0001	GoTucson - Parking XX-2500 NC - 0001				n	300/100	300/100	1970-01-01 00:00:00
C	5f98a966ad2142d78e132400fd636567	1c38fcd4323c4894b6bd3ac5b384a098	2024-08-12 01:02:39	2024-02-11 16:33:11	2024-02-05 10:59:00	48c0a9bb8af04622bbb5c2e2aac3f735	Navy Rewards Card	0001	GoTucson - Parking XX-2500 NC - 0001				c	-300/100	-300/100	2024-02-11 16:33:11
===== END
===== START
B	cdd6deca5e014880a797540af7f5a0b2	2feabdd4621f476386f0134909b62172	2024-08-12 01:02:51	2024-02-25 23:19:27	2024-02-12 10:59:00	d2bda8ba19e74029be09fb34988f47ce	Parking		PIMA CNTY PARKING GARAGE TUCSON	OFX ext. info: |Trans type:Generic debit|Memo:PIMA CNTY PARKING GARAGE TUCSON AZ - 0001|Date funds available:2024-02-09 12:00:00			n	200/100	200/100	1970-01-01 00:00:00
B	cdd6deca5e014880a797540af7f5a0b2	82b51ae1a5014a3fb2bb453fb77fa069	2024-08-12 01:02:51	2024-02-25 23:19:27	2024-02-12 10:59:00	48c0a9bb8af04622bbb5c2e2aac3f735	Navy Rewards Card		PIMA CNTY PARKING GARAGE TUCSON	OFX ext. info: |Trans type:Generic debit|Memo:PIMA CNTY PARKING GARAGE TUCSON AZ - 0001|Date funds available:2024-02-09 12:00:00	PIMA CNTY PARKING GARAGE TUCSON AZ - 0001		c	-200/100	-200/100	2024-02-25 23:24:33
===== END
===== START
C	cdd6deca5e014880a797540af7f5a0b2	2feabdd4621f476386f0134909b62172	2024-08-12 01:02:51	2024-02-25 23:19:27	2024-02-12 10:59:00	d3c68d09f17f41fd847d470b8ca9a445	Transportation		PIMA CNTY PARKING GARAGE TUCSON	OFX ext. info: |Trans type:Generic debit|Memo:PIMA CNTY PARKING GARAGE TUCSON AZ - 0001|Date funds available:2024-02-09 12:00:00			n	200/100	200/100	1970-01-01 00:00:00
C	cdd6deca5e014880a797540af7f5a0b2	82b51ae1a5014a3fb2bb453fb77fa069	2024-08-12 01:02:51	2024-02-25 23:19:27	2024-02-12 10:59:00	48c0a9bb8af04622bbb5c2e2aac3f735	Navy Rewards Card		PIMA CNTY PARKING GARAGE TUCSON	OFX ext. info: |Trans type:Generic debit|Memo:PIMA CNTY PARKING GARAGE TUCSON AZ - 0001|Date funds available:2024-02-09 12:00:00	PIMA CNTY PARKING GARAGE TUCSON AZ - 0001		c	-200/100	-200/100	2024-02-25 23:24:33
===== END
===== START
B	99232938bcd347d8ab269e457c390de7	a819224de4ec4c7f81cb2eab16d98248	2024-08-12 01:02:57	2024-03-24 14:11:37	2024-03-11 10:59:00	d2bda8ba19e74029be09fb34988f47ce	Parking		GoTucson - Parking XX-2500 NC -	OFX ext. info: |Trans type:Generic debit|Memo:GoTucson - Parking 704-817-2500 NC - 0001|Date funds available:2024-03-08 12:00:00			n	230/100	230/100	1970-01-01 00:00:00
B	99232938bcd347d8ab269e457c390de7	3739b535ebb84f08a4657939c284b077	2024-08-12 01:02:57	2024-03-24 14:11:37	2024-03-11 10:59:00	48c0a9bb8af04622bbb5c2e2aac3f735	Navy Rewards Card		GoTucson - Parking XX-2500 NC -	OFX ext. info: |Trans type:Generic debit|Memo:GoTucson - Parking 704-817-2500 NC - 0001|Date funds available:2024-03-08 12:00:00	GoTucson - Parking 704-817-2500 NC - 0001		c	-230/100	-230/100	2024-03-24 14:13:07
===== END
===== START
C	99232938bcd347d8ab269e457c390de7	a819224de4ec4c7f81cb2eab16d98248	2024-08-12 01:02:57	2024-03-24 14:11:37	2024-03-11 10:59:00	d3c68d09f17f41fd847d470b8ca9a445	Transportation		GoTucson - Parking XX-2500 NC -	OFX ext. info: |Trans type:Generic debit|Memo:GoTucson - Parking 704-817-2500 NC - 0001|Date funds available:2024-03-08 12:00:00			n	230/100	230/100	1970-01-01 00:00:00
C	99232938bcd347d8ab269e457c390de7	3739b535ebb84f08a4657939c284b077	2024-08-12 01:02:57	2024-03-24 14:11:37	2024-03-11 10:59:00	48c0a9bb8af04622bbb5c2e2aac3f735	Navy Rewards Card		GoTucson - Parking XX-2500 NC -	OFX ext. info: |Trans type:Generic debit|Memo:GoTucson - Parking 704-817-2500 NC - 0001|Date funds available:2024-03-08 12:00:00	GoTucson - Parking 704-817-2500 NC - 0001		c	-230/100	-230/100	2024-03-24 14:13:07
===== END
===== START
B	2750f433eb50427e93dcf6752260911a	75435218c32548b79fd77c8d0d404fe5	2024-08-12 01:03:02	2024-03-24 14:11:37	2024-03-19 10:59:00	d2bda8ba19e74029be09fb34988f47ce	Parking		GoTucson - Parking XX-2500 NC -	OFX ext. info: |Trans type:Generic debit|Memo:GoTucson - Parking 704-817-2500 NC - 0001|Date funds available:2024-03-18 12:00:00			n	300/100	300/100	1970-01-01 00:00:00
B	2750f433eb50427e93dcf6752260911a	8682ff35d0764982a3d5ad26f6781358	2024-08-12 01:03:02	2024-03-24 14:11:37	2024-03-19 10:59:00	48c0a9bb8af04622bbb5c2e2aac3f735	Navy Rewards Card		GoTucson - Parking XX-2500 NC -	OFX ext. info: |Trans type:Generic debit|Memo:GoTucson - Parking 704-817-2500 NC - 0001|Date funds available:2024-03-18 12:00:00	GoTucson - Parking 704-817-2500 NC - 0001		c	-300/100	-300/100	2024-03-24 14:13:07
===== END
===== START
C	2750f433eb50427e93dcf6752260911a	75435218c32548b79fd77c8d0d404fe5	2024-08-12 01:03:02	2024-03-24 14:11:37	2024-03-19 10:59:00	d3c68d09f17f41fd847d470b8ca9a445	Transportation		GoTucson - Parking XX-2500 NC -	OFX ext. info: |Trans type:Generic debit|Memo:GoTucson - Parking 704-817-2500 NC - 0001|Date funds available:2024-03-18 12:00:00			n	300/100	300/100	1970-01-01 00:00:00
C	2750f433eb50427e93dcf6752260911a	8682ff35d0764982a3d5ad26f6781358	2024-08-12 01:03:02	2024-03-24 14:11:37	2024-03-19 10:59:00	48c0a9bb8af04622bbb5c2e2aac3f735	Navy Rewards Card		GoTucson - Parking XX-2500 NC -	OFX ext. info: |Trans type:Generic debit|Memo:GoTucson - Parking 704-817-2500 NC - 0001|Date funds available:2024-03-18 12:00:00	GoTucson - Parking 704-817-2500 NC - 0001		c	-300/100	-300/100	2024-03-24 14:13:07
===== END
===== START
D	1814f1b02c294b569d472bac53ea31b9	dd0b4efb9d644210a2608715ba259b3d	2024-08-12 01:03:05	2024-08-12 01:03:05	2024-08-11 10:59:00								n	0/1	0/100	1970-01-01 00:00:00
===== END
===== START
===== END
===== START
D	ca4d0d8461034ce8bdba6445e0406d31	182b2f50c161422ba14f4e00a7f32755	2024-08-12 01:03:43	2024-08-12 01:03:43	2024-08-11 10:59:00								n	0/1	0/100	1970-01-01 00:00:00
===== END
===== START
===== END
===== START
B	ba022ef91295424592314d678bee3e76	622fed40d9e743038f3122867e606166	2024-08-12 01:05:00	2024-01-21 17:09:53	2024-01-02 10:59:00	f51833ab51c446f28a6ab0d10a773759	Miscellaneous	0001	SeaWorld Parks & Entertainment				n	3728/100	3728/100	1970-01-01 00:00:00
B	ba022ef91295424592314d678bee3e76	4140e69389a345aeb3adfabec38ee090	2024-08-12 01:05:00	2024-01-21 17:09:53	2024-01-02 10:59:00	48c0a9bb8af04622bbb5c2e2aac3f735	Navy Rewards Card	0001	SeaWorld Parks & Entertainment				c	-3728/100	-3728/100	2024-01-21 17:09:53
===== END
===== START
C	ba022ef91295424592314d678bee3e76	622fed40d9e743038f3122867e606166	2024-08-12 01:05:00	2024-01-21 17:09:53	2024-01-02 10:59:00	bbed357c20cf4671bd7d4c792f540180	Recreation	0001	SeaWorld Parks & Entertainment				n	3728/100	3728/100	1970-01-01 00:00:00
C	ba022ef91295424592314d678bee3e76	4140e69389a345aeb3adfabec38ee090	2024-08-12 01:05:00	2024-01-21 17:09:53	2024-01-02 10:59:00	48c0a9bb8af04622bbb5c2e2aac3f735	Navy Rewards Card	0001	SeaWorld Parks & Entertainment				c	-3728/100	-3728/100	2024-01-21 17:09:53
===== END
===== START
B	2e0f63965f2347fc80a1fa75d36baa38	d9449a12de5340da94326d3f4934a9b8	2024-08-12 01:05:07	2024-01-21 17:09:53	2024-01-04 10:59:00	f51833ab51c446f28a6ab0d10a773759	Miscellaneous	4430	The Home Depot				n	2500/100	2500/100	1970-01-01 00:00:00
B	2e0f63965f2347fc80a1fa75d36baa38	b9c90cad87034a579525a124885ae44b	2024-08-12 01:05:07	2024-01-21 17:09:53	2024-01-04 10:59:00	48c0a9bb8af04622bbb5c2e2aac3f735	Navy Rewards Card	4430	The Home Depot				c	-2500/100	-2500/100	2024-01-21 17:09:53
===== END
===== START
C	2e0f63965f2347fc80a1fa75d36baa38	d9449a12de5340da94326d3f4934a9b8	2024-08-12 01:05:07	2024-01-21 17:09:53	2024-01-04 10:59:00	e96006f03af946419f174c26ada68cf6	Home Repair	4430	The Home Depot				n	2500/100	2500/100	1970-01-01 00:00:00
C	2e0f63965f2347fc80a1fa75d36baa38	b9c90cad87034a579525a124885ae44b	2024-08-12 01:05:07	2024-01-21 17:09:53	2024-01-04 10:59:00	48c0a9bb8af04622bbb5c2e2aac3f735	Navy Rewards Card	4430	The Home Depot				c	-2500/100	-2500/100	2024-01-21 17:09:53
===== END
===== START
B	87d3a97f91cb4925af9e2f32eb202e28	f406f5eebbf944cda2774b95cacdb35b	2024-08-12 01:05:32	2024-01-21 17:09:54	2024-01-16 10:59:00	f51833ab51c446f28a6ab0d10a773759	Miscellaneous	0001	The Home Depot				n	12/100	12/100	1970-01-01 00:00:00
B	87d3a97f91cb4925af9e2f32eb202e28	669301ee8c3246bb9aa05216b8841cad	2024-08-12 01:05:32	2024-01-21 17:09:54	2024-01-16 10:59:00	48c0a9bb8af04622bbb5c2e2aac3f735	Navy Rewards Card	0001	The Home Depot				c	-12/100	-12/100	2024-01-21 17:09:54
===== END
===== START
C	87d3a97f91cb4925af9e2f32eb202e28	f406f5eebbf944cda2774b95cacdb35b	2024-08-12 01:05:32	2024-01-21 17:09:54	2024-01-16 10:59:00	e96006f03af946419f174c26ada68cf6	Home Repair	0001	The Home Depot				n	12/100	12/100	1970-01-01 00:00:00
C	87d3a97f91cb4925af9e2f32eb202e28	669301ee8c3246bb9aa05216b8841cad	2024-08-12 01:05:32	2024-01-21 17:09:54	2024-01-16 10:59:00	48c0a9bb8af04622bbb5c2e2aac3f735	Navy Rewards Card	0001	The Home Depot				c	-12/100	-12/100	2024-01-21 17:09:54
===== END
===== START
B	e0bcb1de1014412bb206ae3beb1895c2	a78397d05b19481986207d72f39037bc	2024-08-12 01:05:53	2024-02-04 20:43:15	2024-01-29 10:59:00	f51833ab51c446f28a6ab0d10a773759	Miscellaneous		PIMA CNTY PARKING GARAGE TUCSON AZ				n	200/100	200/100	1970-01-01 00:00:00
B	e0bcb1de1014412bb206ae3beb1895c2	a56c00a1300d45279c2192485d3f6362	2024-08-12 01:05:53	2024-02-04 20:43:15	2024-01-29 10:59:00	48c0a9bb8af04622bbb5c2e2aac3f735	Navy Rewards Card		PIMA CNTY PARKING GARAGE TUCSON AZ				c	-200/100	-200/100	2024-02-04 20:43:15
===== END
===== START
C	e0bcb1de1014412bb206ae3beb1895c2	a78397d05b19481986207d72f39037bc	2024-08-12 01:05:53	2024-02-04 20:43:15	2024-01-29 10:59:00	d3c68d09f17f41fd847d470b8ca9a445	Transportation		PIMA CNTY PARKING GARAGE TUCSON AZ				n	200/100	200/100	1970-01-01 00:00:00
C	e0bcb1de1014412bb206ae3beb1895c2	a56c00a1300d45279c2192485d3f6362	2024-08-12 01:05:53	2024-02-04 20:43:15	2024-01-29 10:59:00	48c0a9bb8af04622bbb5c2e2aac3f735	Navy Rewards Card		PIMA CNTY PARKING GARAGE TUCSON AZ				c	-200/100	-200/100	2024-02-04 20:43:15
===== END
===== START
B	5273c004bfe84baa9059f3fd6d2161c7	2fb78005923047dfacffb693fa48c505	2024-08-12 01:06:13	2024-02-25 23:19:27	2024-02-12 10:59:00	f51833ab51c446f28a6ab0d10a773759	Miscellaneous		AD FREE FOR *RB34O6BB2 SEATTLE W	OFX ext. info: |Trans type:Generic debit|Memo:AD FREE FOR *RB34O6BB2 SEATTLE WA - 0001|Date funds available:2024-02-09 12:00:00			n	325/100	325/100	1970-01-01 00:00:00
B	5273c004bfe84baa9059f3fd6d2161c7	8bafcc4dc2764c53ab8b16a6336c4b87	2024-08-12 01:06:13	2024-02-25 23:19:27	2024-02-12 10:59:00	48c0a9bb8af04622bbb5c2e2aac3f735	Navy Rewards Card		AD FREE FOR *RB34O6BB2 SEATTLE W	OFX ext. info: |Trans type:Generic debit|Memo:AD FREE FOR *RB34O6BB2 SEATTLE WA - 0001|Date funds available:2024-02-09 12:00:00	AD FREE FOR *RB34O6BB2 SEATTLE WA - 0001		c	-325/100	-325/100	2024-02-25 23:24:33
===== END
===== START
C	5273c004bfe84baa9059f3fd6d2161c7	2fb78005923047dfacffb693fa48c505	2024-08-12 01:06:13	2024-02-25 23:19:27	2024-02-12 10:59:00	c5046a7c93ed444d8049de0be0cc339d	Amazon		AD FREE FOR *RB34O6BB2 SEATTLE W	OFX ext. info: |Trans type:Generic debit|Memo:AD FREE FOR *RB34O6BB2 SEATTLE WA - 0001|Date funds available:2024-02-09 12:00:00			n	325/100	325/100	1970-01-01 00:00:00
C	5273c004bfe84baa9059f3fd6d2161c7	8bafcc4dc2764c53ab8b16a6336c4b87	2024-08-12 01:06:13	2024-02-25 23:19:27	2024-02-12 10:59:00	48c0a9bb8af04622bbb5c2e2aac3f735	Navy Rewards Card		AD FREE FOR *RB34O6BB2 SEATTLE W	OFX ext. info: |Trans type:Generic debit|Memo:AD FREE FOR *RB34O6BB2 SEATTLE WA - 0001|Date funds available:2024-02-09 12:00:00	AD FREE FOR *RB34O6BB2 SEATTLE WA - 0001		c	-325/100	-325/100	2024-02-25 23:24:33
===== END
===== START
B	71bdf666683a422f973f27dbc81b5404	1c3b15fee4674de19dd2a5427aa1cffe	2024-08-12 01:07:23	2024-08-11 19:49:23	2024-04-10 10:59:00	f51833ab51c446f28a6ab0d10a773759	Miscellaneous		Amazon	OFX ext. info: |Trans type:Generic debit|Memo:AMAZON PRIME*U875X8G13 amzn.com/billWA - 0001			n	325/100	325/100	1970-01-01 00:00:00
B	71bdf666683a422f973f27dbc81b5404	cd13c156535f441bb417ee1075d8553c	2024-08-12 01:07:23	2024-08-11 19:49:23	2024-04-10 10:59:00	48c0a9bb8af04622bbb5c2e2aac3f735	Navy Rewards Card		Amazon	OFX ext. info: |Trans type:Generic debit|Memo:AMAZON PRIME*U875X8G13 amzn.com/billWA - 0001	AMAZON PRIME*U875X8G13 amzn.com/billWA - 0001		c	-325/100	-325/100	2024-08-11 20:19:10
===== END
===== START
C	71bdf666683a422f973f27dbc81b5404	1c3b15fee4674de19dd2a5427aa1cffe	2024-08-12 01:07:23	2024-08-11 19:49:23	2024-04-10 10:59:00	c5046a7c93ed444d8049de0be0cc339d	Amazon		Amazon	OFX ext. info: |Trans type:Generic debit|Memo:AMAZON PRIME*U875X8G13 amzn.com/billWA - 0001			n	325/100	325/100	1970-01-01 00:00:00
C	71bdf666683a422f973f27dbc81b5404	cd13c156535f441bb417ee1075d8553c	2024-08-12 01:07:23	2024-08-11 19:49:23	2024-04-10 10:59:00	48c0a9bb8af04622bbb5c2e2aac3f735	Navy Rewards Card		Amazon	OFX ext. info: |Trans type:Generic debit|Memo:AMAZON PRIME*U875X8G13 amzn.com/billWA - 0001	AMAZON PRIME*U875X8G13 amzn.com/billWA - 0001		c	-325/100	-325/100	2024-08-11 20:19:10
===== END
