mod	trans_guid	split_guid	time_now	date_entered	date_posted	acc_guid	acc_name	num	description	notes	memo	action	reconciled	amount	value	date_reconciled
-----------------
===== START
B	250a7bd8e85c48b49c9624eeca3501b8	fcf996aef36d4234947dc93f87033cbf	2024-08-11 17:40:23	2024-08-11 16:41:40	2024-06-03 10:59:00	afe29b9815264ab1bdb84bb218ad1d54	Auto Insurance		USAA	OFX ext. info: |Trans type:Generic debit|Memo:ACH Transaction - USAA FSB ICPAYMENT 0031407426 ACH DEBIT			n	40957/100	40957/100	1970-01-01 00:00:00
B	250a7bd8e85c48b49c9624eeca3501b8	a18d5e0f5724454095e944ed027f3a1b	2024-08-11 17:40:23	2024-08-11 16:41:40	2024-06-03 10:59:00	5f8cd3d7d07f4e76916a760d36c0523b	Checking Account		USAA	OFX ext. info: |Trans type:Generic debit|Memo:ACH Transaction - USAA FSB ICPAYMENT 0031407426 ACH DEBIT	ACH Transaction - USAA FSB ICPAYMENT 0031407426 ACH DEBIT		c	-40957/100	-40957/100	2024-08-11 16:42:20
===== END
===== START
C	250a7bd8e85c48b49c9624eeca3501b8	fcf996aef36d4234947dc93f87033cbf	2024-08-11 17:40:23	2024-08-11 16:41:40	2024-06-03 10:59:00	d21f7d0d27fd4d2eb27b2d994c3718b9	Car Payment		USAA	OFX ext. info: |Trans type:Generic debit|Memo:ACH Transaction - USAA FSB ICPAYMENT 0031407426 ACH DEBIT			n	40957/100	40957/100	1970-01-01 00:00:00
C	250a7bd8e85c48b49c9624eeca3501b8	a18d5e0f5724454095e944ed027f3a1b	2024-08-11 17:40:23	2024-08-11 16:41:40	2024-06-03 10:59:00	5f8cd3d7d07f4e76916a760d36c0523b	Checking Account		USAA	OFX ext. info: |Trans type:Generic debit|Memo:ACH Transaction - USAA FSB ICPAYMENT 0031407426 ACH DEBIT	ACH Transaction - USAA FSB ICPAYMENT 0031407426 ACH DEBIT		c	-40957/100	-40957/100	2024-08-11 16:42:20
===== END
===== START
B	250a7bd8e85c48b49c9624eeca3501b8	fcf996aef36d4234947dc93f87033cbf	2024-08-11 17:41:28	2024-08-11 16:41:40	2024-06-03 10:59:00	d21f7d0d27fd4d2eb27b2d994c3718b9	Car Payment		USAA	OFX ext. info: |Trans type:Generic debit|Memo:ACH Transaction - USAA FSB ICPAYMENT 0031407426 ACH DEBIT			n	40957/100	40957/100	1970-01-01 00:00:00
B	250a7bd8e85c48b49c9624eeca3501b8	a18d5e0f5724454095e944ed027f3a1b	2024-08-11 17:41:28	2024-08-11 16:41:40	2024-06-03 10:59:00	5f8cd3d7d07f4e76916a760d36c0523b	Checking Account		USAA	OFX ext. info: |Trans type:Generic debit|Memo:ACH Transaction - USAA FSB ICPAYMENT 0031407426 ACH DEBIT	ACH Transaction - USAA FSB ICPAYMENT 0031407426 ACH DEBIT		c	-40957/100	-40957/100	2024-08-11 16:42:20
===== END
===== START
C	250a7bd8e85c48b49c9624eeca3501b8	fcf996aef36d4234947dc93f87033cbf	2024-08-11 17:41:28	2024-08-11 16:41:40	2024-06-03 10:59:00	d21f7d0d27fd4d2eb27b2d994c3718b9	Car Payment		USAA	OFX ext. info: |Trans type:Generic debit|Memo:ACH Transaction - USAA FSB ICPAYMENT 0031407426 ACH DEBIT			n	32439/100	32439/100	1970-01-01 00:00:00
C	250a7bd8e85c48b49c9624eeca3501b8	a18d5e0f5724454095e944ed027f3a1b	2024-08-11 17:41:28	2024-08-11 16:41:40	2024-06-03 10:59:00	5f8cd3d7d07f4e76916a760d36c0523b	Checking Account		USAA	OFX ext. info: |Trans type:Generic debit|Memo:ACH Transaction - USAA FSB ICPAYMENT 0031407426 ACH DEBIT	ACH Transaction - USAA FSB ICPAYMENT 0031407426 ACH DEBIT		c	-40957/100	-40957/100	2024-08-11 16:42:20
C	250a7bd8e85c48b49c9624eeca3501b8	d197c2eefe0b432c9e82042244494de8	2024-08-11 17:41:28	2024-08-11 16:41:40	2024-06-03 10:59:00	3323a52a32464e5db6926fdc8fbced8f	Imbalance-USD		USAA	OFX ext. info: |Trans type:Generic debit|Memo:ACH Transaction - USAA FSB ICPAYMENT 0031407426 ACH DEBIT			n	8518/100	8518/100	1970-01-01 00:00:00
===== END
===== START
B	c74b2b21d14a4782a482c907863935a3	ef28bc19e50e4f2eb74235a8e468befd	2024-08-11 17:41:49	2024-08-11 16:41:40	2024-06-05 10:59:00	3323a52a32464e5db6926fdc8fbced8f	Imbalance-USD		Payment to Cox Communications	OFX ext. info: |Trans type:Generic debit|Memo:ACH Transaction - COX COMM PHX BANK DRAFT 0009100001 ACH DEBIT			n	11622/100	11622/100	1970-01-01 00:00:00
B	c74b2b21d14a4782a482c907863935a3	e68b57a30e8244f499fa1b7df6f6a76e	2024-08-11 17:41:49	2024-08-11 16:41:40	2024-06-05 10:59:00	5f8cd3d7d07f4e76916a760d36c0523b	Checking Account		Payment to Cox Communications	OFX ext. info: |Trans type:Generic debit|Memo:ACH Transaction - COX COMM PHX BANK DRAFT 0009100001 ACH DEBIT	ACH Transaction - COX COMM PHX BANK DRAFT 0009100001 ACH DEBIT		c	-11622/100	-11622/100	2024-08-11 16:42:20
===== END
===== START
C	c74b2b21d14a4782a482c907863935a3	ef28bc19e50e4f2eb74235a8e468befd	2024-08-11 17:41:49	2024-08-11 16:41:40	2024-06-05 10:59:00	5fb458e08b3f44cd8c8eb1926266338d	internet		Payment to Cox Communications	OFX ext. info: |Trans type:Generic debit|Memo:ACH Transaction - COX COMM PHX BANK DRAFT 0009100001 ACH DEBIT			n	11622/100	11622/100	1970-01-01 00:00:00
C	c74b2b21d14a4782a482c907863935a3	e68b57a30e8244f499fa1b7df6f6a76e	2024-08-11 17:41:49	2024-08-11 16:41:40	2024-06-05 10:59:00	5f8cd3d7d07f4e76916a760d36c0523b	Checking Account		Payment to Cox Communications	OFX ext. info: |Trans type:Generic debit|Memo:ACH Transaction - COX COMM PHX BANK DRAFT 0009100001 ACH DEBIT	ACH Transaction - COX COMM PHX BANK DRAFT 0009100001 ACH DEBIT		c	-11622/100	-11622/100	2024-08-11 16:42:20
===== END
===== START
B	b810053998a34ca1b1308edd2bd781ca	44a638b1beed4ef1b3289c8d187e9381	2024-08-11 17:42:20	2024-08-11 16:41:40	2024-07-01 10:59:00	48c0a9bb8af04622bbb5c2e2aac3f735	Navy Rewards Card		Transfer To Credit Card -0001	OFX ext. info: |Trans type:Generic debit|Memo:Transfer To Credit Card -0001			n	387130/100	387130/100	1970-01-01 00:00:00
B	b810053998a34ca1b1308edd2bd781ca	9e9cc1ff3d17468c8a14d6856ce21c71	2024-08-11 17:42:20	2024-08-11 16:41:40	2024-07-01 10:59:00	5f8cd3d7d07f4e76916a760d36c0523b	Checking Account		Transfer To Credit Card -0001	OFX ext. info: |Trans type:Generic debit|Memo:Transfer To Credit Card -0001	Transfer To Credit Card -0001		c	-387130/100	-387130/100	2024-08-11 16:42:20
===== END
===== START
C	b810053998a34ca1b1308edd2bd781ca	44a638b1beed4ef1b3289c8d187e9381	2024-08-11 17:42:20	2024-08-11 16:41:40	2024-07-01 10:59:00	3323a52a32464e5db6926fdc8fbced8f	Imbalance-USD		Transfer To Credit Card -0001	OFX ext. info: |Trans type:Generic debit|Memo:Transfer To Credit Card -0001			n	387130/100	387130/100	1970-01-01 00:00:00
C	b810053998a34ca1b1308edd2bd781ca	9e9cc1ff3d17468c8a14d6856ce21c71	2024-08-11 17:42:20	2024-08-11 16:41:40	2024-07-01 10:59:00	5f8cd3d7d07f4e76916a760d36c0523b	Checking Account		Transfer To Credit Card -0001	OFX ext. info: |Trans type:Generic debit|Memo:Transfer To Credit Card -0001	Transfer To Credit Card -0001		c	-387130/100	-387130/100	2024-08-11 16:42:20
===== END
===== START
B	dedd13340a9248ebad2ad2562d47dcc1	7f6e5289e6564dcc914e433590d7f3b3	2024-08-11 17:42:26	2024-08-11 16:41:40	2024-07-01 10:59:00	46255490a311492f8ade68f248c0dc6f	Credit Payment		Transfer To Credit Card -1928	OFX ext. info: |Trans type:Generic debit|Memo:Transfer To Credit Card -1928			n	37904/100	37904/100	1970-01-01 00:00:00
B	dedd13340a9248ebad2ad2562d47dcc1	0cc28426dba143db97bf6c084dbbb156	2024-08-11 17:42:26	2024-08-11 16:41:40	2024-07-01 10:59:00	5f8cd3d7d07f4e76916a760d36c0523b	Checking Account		Transfer To Credit Card -1928	OFX ext. info: |Trans type:Generic debit|Memo:Transfer To Credit Card -1928	Transfer To Credit Card -1928		c	-37904/100	-37904/100	2024-08-11 16:42:20
===== END
===== START
C	dedd13340a9248ebad2ad2562d47dcc1	7f6e5289e6564dcc914e433590d7f3b3	2024-08-11 17:42:26	2024-08-11 16:41:40	2024-07-01 10:59:00	3323a52a32464e5db6926fdc8fbced8f	Imbalance-USD		Transfer To Credit Card -1928	OFX ext. info: |Trans type:Generic debit|Memo:Transfer To Credit Card -1928			n	37904/100	37904/100	1970-01-01 00:00:00
C	dedd13340a9248ebad2ad2562d47dcc1	0cc28426dba143db97bf6c084dbbb156	2024-08-11 17:42:26	2024-08-11 16:41:40	2024-07-01 10:59:00	5f8cd3d7d07f4e76916a760d36c0523b	Checking Account		Transfer To Credit Card -1928	OFX ext. info: |Trans type:Generic debit|Memo:Transfer To Credit Card -1928	Transfer To Credit Card -1928		c	-37904/100	-37904/100	2024-08-11 16:42:20
===== END
