mod	trans_guid	split_guid	time_now	date_entered	date_posted	acc_guid	acc_name	num	description	notes	memo	action	reconciled	amount	value	date_reconciled
-----------------
===== START
===== END
===== START
===== END
===== START
C	a94018c7ca9b44d1b6afe685d625d766	146b5b59756d4fe6b63950b51a7e2922	2024-02-08 03:37:08	2024-02-08 03:37:08	2024-01-01 10:59:00	3ef47bba671245fdb0780a4a9b012fe0	Opening Balances		Opening Mortgage Balance				n	17525244/100	17525244/100	1970-01-01 00:00:00
C	a94018c7ca9b44d1b6afe685d625d766	b89ed1aa9e8a42d6a4a89d091eb09d3c	2024-02-08 03:37:08	2024-02-08 03:37:08	2024-01-01 10:59:00	7602e2e17a804b4193d324c2da3f52ad	Mortgage Loan		Opening Mortgage Balance				n	-17525244/100	-17525244/100	1970-01-01 00:00:00
===== END
===== START
===== END
===== START
D	121a9c8db9174378932a5af56e4da708	5b12e3f0e21c429da3617a706ba67171	2024-02-08 03:40:40	2024-02-08 03:40:40	2024-02-07 10:59:00								n	0/1	0/100	1970-01-01 00:00:00
===== END
===== START
===== END
===== START
B	4f64c71844824613aad4574a1be3aafc	b41ec5a846b54677b0470006236e27ec	2024-02-08 03:41:35	2024-01-21 16:45:03	2024-01-02 10:59:00	7602e2e17a804b4193d324c2da3f52ad	Mortgage Loan		Transfer to Mortgage				n	120324/100	120324/100	1970-01-01 00:00:00
B	4f64c71844824613aad4574a1be3aafc	94c525db86b4425fbac7b58a5718ba7f	2024-02-08 03:41:35	2024-01-21 16:45:03	2024-01-02 10:59:00	5f8cd3d7d07f4e76916a760d36c0523b	Checking Account		Transfer to Mortgage				c	-120324/100	-120324/100	2024-01-21 16:45:03
===== END
