mod	trans_guid	split_guid	time_now	date_entered	date_posted	acc_guid	acc_name	num	description	notes	memo	action	reconciled	amount	value	date_reconciled
-----------------
===== START
B	3309c982c96c443ba597fc07d0b7eaff	7744778c8e43475a8cc430464dad461b	2024-08-11 20:34:30	2024-08-11 19:49:23	2024-04-12 10:59:00	3323a52a32464e5db6926fdc8fbced8f	Imbalance-USD		Greentoes	OFX ext. info: |Trans type:Generic debit|Memo:GREENTOES NORTH TUCSON AZ - 4430			n	5835/100	5835/100	1970-01-01 00:00:00
B	3309c982c96c443ba597fc07d0b7eaff	1e395a450b934414b7e660856f149b50	2024-08-11 20:34:30	2024-08-11 19:49:23	2024-04-12 10:59:00	48c0a9bb8af04622bbb5c2e2aac3f735	Navy Rewards Card		Greentoes	OFX ext. info: |Trans type:Generic debit|Memo:GREENTOES NORTH TUCSON AZ - 4430	GREENTOES NORTH TUCSON AZ - 4430		c	-5835/100	-5835/100	2024-08-11 20:19:10
===== END
===== START
C	3309c982c96c443ba597fc07d0b7eaff	7744778c8e43475a8cc430464dad461b	2024-08-11 20:34:30	2024-08-11 19:49:23	2024-04-12 10:59:00	bbed357c20cf4671bd7d4c792f540180	Recreation		Greentoes	OFX ext. info: |Trans type:Generic debit|Memo:GREENTOES NORTH TUCSON AZ - 4430			n	5835/100	5835/100	1970-01-01 00:00:00
C	3309c982c96c443ba597fc07d0b7eaff	1e395a450b934414b7e660856f149b50	2024-08-11 20:34:30	2024-08-11 19:49:23	2024-04-12 10:59:00	48c0a9bb8af04622bbb5c2e2aac3f735	Navy Rewards Card		Greentoes	OFX ext. info: |Trans type:Generic debit|Memo:GREENTOES NORTH TUCSON AZ - 4430	GREENTOES NORTH TUCSON AZ - 4430		c	-5835/100	-5835/100	2024-08-11 20:19:10
===== END
===== START
B	d9a76edc4b7d47faa6b37221a99c654a	dd6b8c6e1c564b6eb6dbb8b941fbb6a5	2024-08-11 20:34:33	2024-08-11 19:49:23	2024-04-12 10:59:00	3323a52a32464e5db6926fdc8fbced8f	Imbalance-USD		Holiday Inn	OFX ext. info: |Trans type:Generic debit|Memo:RIPTIDES HOLIDAY INN 850-3019000 FL - 0001			n	2185/100	2185/100	1970-01-01 00:00:00
B	d9a76edc4b7d47faa6b37221a99c654a	1e1d840b26ad4b639023f5fa09c16592	2024-08-11 20:34:33	2024-08-11 19:49:23	2024-04-12 10:59:00	48c0a9bb8af04622bbb5c2e2aac3f735	Navy Rewards Card		Holiday Inn	OFX ext. info: |Trans type:Generic debit|Memo:RIPTIDES HOLIDAY INN 850-3019000 FL - 0001	RIPTIDES HOLIDAY INN 850-3019000 FL - 0001		c	-2185/100	-2185/100	2024-08-11 20:19:10
===== END
===== START
C	d9a76edc4b7d47faa6b37221a99c654a	dd6b8c6e1c564b6eb6dbb8b941fbb6a5	2024-08-11 20:34:33	2024-08-11 19:49:23	2024-04-12 10:59:00	39523e58dddf4d9c83c3a995e932b37f	Travel		Holiday Inn	OFX ext. info: |Trans type:Generic debit|Memo:RIPTIDES HOLIDAY INN 850-3019000 FL - 0001			n	2185/100	2185/100	1970-01-01 00:00:00
C	d9a76edc4b7d47faa6b37221a99c654a	1e1d840b26ad4b639023f5fa09c16592	2024-08-11 20:34:33	2024-08-11 19:49:23	2024-04-12 10:59:00	48c0a9bb8af04622bbb5c2e2aac3f735	Navy Rewards Card		Holiday Inn	OFX ext. info: |Trans type:Generic debit|Memo:RIPTIDES HOLIDAY INN 850-3019000 FL - 0001	RIPTIDES HOLIDAY INN 850-3019000 FL - 0001		c	-2185/100	-2185/100	2024-08-11 20:19:10
===== END
===== START
B	697a8fae0cf246e694accea21376f4e5	ae9353d176f341d38dcfc9d15b8401d6	2024-08-11 20:34:41	2024-08-11 19:49:23	2024-04-12 10:59:00	3323a52a32464e5db6926fdc8fbced8f	Imbalance-USD		Sephora	OFX ext. info: |Trans type:Generic debit|Memo:SEPHORA PARK PLACE TUCSON AZ - 4430			n	4294/100	4294/100	1970-01-01 00:00:00
B	697a8fae0cf246e694accea21376f4e5	ac5227c8f179443a9ce5b17e84db2d0c	2024-08-11 20:34:41	2024-08-11 19:49:23	2024-04-12 10:59:00	48c0a9bb8af04622bbb5c2e2aac3f735	Navy Rewards Card		Sephora	OFX ext. info: |Trans type:Generic debit|Memo:SEPHORA PARK PLACE TUCSON AZ - 4430	SEPHORA PARK PLACE TUCSON AZ - 4430		c	-4294/100	-4294/100	2024-08-11 20:19:10
===== END
===== START
C	697a8fae0cf246e694accea21376f4e5	ae9353d176f341d38dcfc9d15b8401d6	2024-08-11 20:34:41	2024-08-11 19:49:23	2024-04-12 10:59:00	f51833ab51c446f28a6ab0d10a773759	Miscellaneous		Sephora	OFX ext. info: |Trans type:Generic debit|Memo:SEPHORA PARK PLACE TUCSON AZ - 4430			n	4294/100	4294/100	1970-01-01 00:00:00
C	697a8fae0cf246e694accea21376f4e5	ac5227c8f179443a9ce5b17e84db2d0c	2024-08-11 20:34:41	2024-08-11 19:49:23	2024-04-12 10:59:00	48c0a9bb8af04622bbb5c2e2aac3f735	Navy Rewards Card		Sephora	OFX ext. info: |Trans type:Generic debit|Memo:SEPHORA PARK PLACE TUCSON AZ - 4430	SEPHORA PARK PLACE TUCSON AZ - 4430		c	-4294/100	-4294/100	2024-08-11 20:19:10
===== END
===== START
B	bbab691c41494e6d8530b887bfaa6e9c	25c124899a0f471b9c3f8c439aa2bdfd	2024-08-11 20:34:44	2024-08-11 19:49:23	2024-04-12 10:59:00	3323a52a32464e5db6926fdc8fbced8f	Imbalance-USD		Total Wine & More	OFX ext. info: |Trans type:Generic debit|Memo:TOTAL WINE AND MORE TUCSON AZ - 4430			n	4237/100	4237/100	1970-01-01 00:00:00
B	bbab691c41494e6d8530b887bfaa6e9c	50c13f07fb2a4aff962cf8fa4b0c34d8	2024-08-11 20:34:44	2024-08-11 19:49:23	2024-04-12 10:59:00	48c0a9bb8af04622bbb5c2e2aac3f735	Navy Rewards Card		Total Wine & More	OFX ext. info: |Trans type:Generic debit|Memo:TOTAL WINE AND MORE TUCSON AZ - 4430	TOTAL WINE AND MORE TUCSON AZ - 4430		c	-4237/100	-4237/100	2024-08-11 20:19:10
===== END
===== START
C	bbab691c41494e6d8530b887bfaa6e9c	25c124899a0f471b9c3f8c439aa2bdfd	2024-08-11 20:34:44	2024-08-11 19:49:23	2024-04-12 10:59:00	7c452bea58344d23b0f556cf05df9fe0	Dining		Total Wine & More	OFX ext. info: |Trans type:Generic debit|Memo:TOTAL WINE AND MORE TUCSON AZ - 4430			n	4237/100	4237/100	1970-01-01 00:00:00
C	bbab691c41494e6d8530b887bfaa6e9c	50c13f07fb2a4aff962cf8fa4b0c34d8	2024-08-11 20:34:44	2024-08-11 19:49:23	2024-04-12 10:59:00	48c0a9bb8af04622bbb5c2e2aac3f735	Navy Rewards Card		Total Wine & More	OFX ext. info: |Trans type:Generic debit|Memo:TOTAL WINE AND MORE TUCSON AZ - 4430	TOTAL WINE AND MORE TUCSON AZ - 4430		c	-4237/100	-4237/100	2024-08-11 20:19:10
===== END
===== START
B	7f686c46e9c445598801ae8e7627ec1a	0b99d15a2f2b4b359a7e94ea204da2a0	2024-08-11 20:35:01	2024-08-11 19:49:23	2024-04-15 10:59:00	3323a52a32464e5db6926fdc8fbced8f	Imbalance-USD		Dirty Dawgs	OFX ext. info: |Trans type:Generic debit|Memo:DIRTY DAWGS TUCSON HTTPSDIRTYDAWAZ - 0001			n	14100/100	14100/100	1970-01-01 00:00:00
B	7f686c46e9c445598801ae8e7627ec1a	4de6b081ab2c40cfb80d3cd347535b98	2024-08-11 20:35:01	2024-08-11 19:49:23	2024-04-15 10:59:00	48c0a9bb8af04622bbb5c2e2aac3f735	Navy Rewards Card		Dirty Dawgs	OFX ext. info: |Trans type:Generic debit|Memo:DIRTY DAWGS TUCSON HTTPSDIRTYDAWAZ - 0001	DIRTY DAWGS TUCSON HTTPSDIRTYDAWAZ - 0001		c	-14100/100	-14100/100	2024-08-11 20:19:10
===== END
===== START
C	7f686c46e9c445598801ae8e7627ec1a	0b99d15a2f2b4b359a7e94ea204da2a0	2024-08-11 20:35:01	2024-08-11 19:49:23	2024-04-15 10:59:00	0287a1bc9c4949d4a9997f42ef1fe557	Pet Care		Dirty Dawgs	OFX ext. info: |Trans type:Generic debit|Memo:DIRTY DAWGS TUCSON HTTPSDIRTYDAWAZ - 0001			n	14100/100	14100/100	1970-01-01 00:00:00
C	7f686c46e9c445598801ae8e7627ec1a	4de6b081ab2c40cfb80d3cd347535b98	2024-08-11 20:35:01	2024-08-11 19:49:23	2024-04-15 10:59:00	48c0a9bb8af04622bbb5c2e2aac3f735	Navy Rewards Card		Dirty Dawgs	OFX ext. info: |Trans type:Generic debit|Memo:DIRTY DAWGS TUCSON HTTPSDIRTYDAWAZ - 0001	DIRTY DAWGS TUCSON HTTPSDIRTYDAWAZ - 0001		c	-14100/100	-14100/100	2024-08-11 20:19:10
===== END
===== START
B	90261df5670f41669390c70485708398	6811860bdd1a4ebb863937855798bb1e	2024-08-11 20:35:04	2024-08-11 19:49:23	2024-04-15 10:59:00	3323a52a32464e5db6926fdc8fbced8f	Imbalance-USD		Disney Store	OFX ext. info: |Trans type:Generic debit|Memo:THE DISNEY STORE #873 DESTIN FL - 0001			n	1389/100	1389/100	1970-01-01 00:00:00
B	90261df5670f41669390c70485708398	78b2c5daf41141f980efb12b768602dc	2024-08-11 20:35:04	2024-08-11 19:49:23	2024-04-15 10:59:00	48c0a9bb8af04622bbb5c2e2aac3f735	Navy Rewards Card		Disney Store	OFX ext. info: |Trans type:Generic debit|Memo:THE DISNEY STORE #873 DESTIN FL - 0001	THE DISNEY STORE #873 DESTIN FL - 0001		c	-1389/100	-1389/100	2024-08-11 20:19:10
===== END
===== START
C	90261df5670f41669390c70485708398	6811860bdd1a4ebb863937855798bb1e	2024-08-11 20:35:04	2024-08-11 19:49:23	2024-04-15 10:59:00	f51833ab51c446f28a6ab0d10a773759	Miscellaneous		Disney Store	OFX ext. info: |Trans type:Generic debit|Memo:THE DISNEY STORE #873 DESTIN FL - 0001			n	1389/100	1389/100	1970-01-01 00:00:00
C	90261df5670f41669390c70485708398	78b2c5daf41141f980efb12b768602dc	2024-08-11 20:35:04	2024-08-11 19:49:23	2024-04-15 10:59:00	48c0a9bb8af04622bbb5c2e2aac3f735	Navy Rewards Card		Disney Store	OFX ext. info: |Trans type:Generic debit|Memo:THE DISNEY STORE #873 DESTIN FL - 0001	THE DISNEY STORE #873 DESTIN FL - 0001		c	-1389/100	-1389/100	2024-08-11 20:19:10
===== END
===== START
B	ecac90af62a74af3a24e2018ddd47e40	055671403c474e518eb53ff5d9773d64	2024-08-11 20:35:09	2024-08-11 19:49:23	2024-04-15 10:59:00	3323a52a32464e5db6926fdc8fbced8f	Imbalance-USD		Spotify	OFX ext. info: |Trans type:Generic debit|Memo:SPOTIFY 877-778-1161 NY - 0001			n	1195/100	1195/100	1970-01-01 00:00:00
B	ecac90af62a74af3a24e2018ddd47e40	b4f52790910343b482e6bad4c41fa4f4	2024-08-11 20:35:09	2024-08-11 19:49:23	2024-04-15 10:59:00	48c0a9bb8af04622bbb5c2e2aac3f735	Navy Rewards Card		Spotify	OFX ext. info: |Trans type:Generic debit|Memo:SPOTIFY 877-778-1161 NY - 0001	SPOTIFY 877-778-1161 NY - 0001		c	-1195/100	-1195/100	2024-08-11 20:19:10
===== END
===== START
C	ecac90af62a74af3a24e2018ddd47e40	055671403c474e518eb53ff5d9773d64	2024-08-11 20:35:09	2024-08-11 19:49:23	2024-04-15 10:59:00	3feaad255df249169127e590b1602cd7	Subscriptions		Spotify	OFX ext. info: |Trans type:Generic debit|Memo:SPOTIFY 877-778-1161 NY - 0001			n	1195/100	1195/100	1970-01-01 00:00:00
C	ecac90af62a74af3a24e2018ddd47e40	b4f52790910343b482e6bad4c41fa4f4	2024-08-11 20:35:09	2024-08-11 19:49:23	2024-04-15 10:59:00	48c0a9bb8af04622bbb5c2e2aac3f735	Navy Rewards Card		Spotify	OFX ext. info: |Trans type:Generic debit|Memo:SPOTIFY 877-778-1161 NY - 0001	SPOTIFY 877-778-1161 NY - 0001		c	-1195/100	-1195/100	2024-08-11 20:19:10
===== END
===== START
B	6e01cca4b6e04684a79b9f1b23436c24	be0cfde8ff15460f9367e30c392b97a0	2024-08-11 20:35:19	2024-08-11 19:49:23	2024-04-15 10:59:00	3323a52a32464e5db6926fdc8fbced8f	Imbalance-USD		Wall Street Journal	OFX ext. info: |Trans type:Generic debit|Memo:D J*WALL-ST-JOURNAL 800-568-7625 NJ - 0001			n	422/100	422/100	1970-01-01 00:00:00
B	6e01cca4b6e04684a79b9f1b23436c24	a9b88ba8de5c4758ab1a6cd5f088bc98	2024-08-11 20:35:19	2024-08-11 19:49:23	2024-04-15 10:59:00	48c0a9bb8af04622bbb5c2e2aac3f735	Navy Rewards Card		Wall Street Journal	OFX ext. info: |Trans type:Generic debit|Memo:D J*WALL-ST-JOURNAL 800-568-7625 NJ - 0001	D J*WALL-ST-JOURNAL 800-568-7625 NJ - 0001		c	-422/100	-422/100	2024-08-11 20:19:10
===== END
===== START
C	6e01cca4b6e04684a79b9f1b23436c24	be0cfde8ff15460f9367e30c392b97a0	2024-08-11 20:35:19	2024-08-11 19:49:23	2024-04-15 10:59:00	3feaad255df249169127e590b1602cd7	Subscriptions		Wall Street Journal	OFX ext. info: |Trans type:Generic debit|Memo:D J*WALL-ST-JOURNAL 800-568-7625 NJ - 0001			n	422/100	422/100	1970-01-01 00:00:00
C	6e01cca4b6e04684a79b9f1b23436c24	a9b88ba8de5c4758ab1a6cd5f088bc98	2024-08-11 20:35:19	2024-08-11 19:49:23	2024-04-15 10:59:00	48c0a9bb8af04622bbb5c2e2aac3f735	Navy Rewards Card		Wall Street Journal	OFX ext. info: |Trans type:Generic debit|Memo:D J*WALL-ST-JOURNAL 800-568-7625 NJ - 0001	D J*WALL-ST-JOURNAL 800-568-7625 NJ - 0001		c	-422/100	-422/100	2024-08-11 20:19:10
===== END
===== START
B	a71d4c24ade046c08c5f6eb6e483eb81	a89b56860e2146efacdc39658957e040	2024-08-11 20:35:27	2024-08-11 19:49:23	2024-04-16 10:59:00	3323a52a32464e5db6926fdc8fbced8f	Imbalance-USD		CrossFit	OFX ext. info: |Trans type:Generic debit|Memo:CROSSFIT 646 804-3506355 AZ - 0001			n	17866/100	17866/100	1970-01-01 00:00:00
B	a71d4c24ade046c08c5f6eb6e483eb81	2fee49ec91a142faafb326628dbc6b6e	2024-08-11 20:35:27	2024-08-11 19:49:23	2024-04-16 10:59:00	48c0a9bb8af04622bbb5c2e2aac3f735	Navy Rewards Card		CrossFit	OFX ext. info: |Trans type:Generic debit|Memo:CROSSFIT 646 804-3506355 AZ - 0001	CROSSFIT 646 804-3506355 AZ - 0001		c	-17866/100	-17866/100	2024-08-11 20:19:10
===== END
===== START
C	a71d4c24ade046c08c5f6eb6e483eb81	a89b56860e2146efacdc39658957e040	2024-08-11 20:35:27	2024-08-11 19:49:23	2024-04-16 10:59:00	3feaad255df249169127e590b1602cd7	Subscriptions		CrossFit	OFX ext. info: |Trans type:Generic debit|Memo:CROSSFIT 646 804-3506355 AZ - 0001			n	17866/100	17866/100	1970-01-01 00:00:00
C	a71d4c24ade046c08c5f6eb6e483eb81	2fee49ec91a142faafb326628dbc6b6e	2024-08-11 20:35:27	2024-08-11 19:49:23	2024-04-16 10:59:00	48c0a9bb8af04622bbb5c2e2aac3f735	Navy Rewards Card		CrossFit	OFX ext. info: |Trans type:Generic debit|Memo:CROSSFIT 646 804-3506355 AZ - 0001	CROSSFIT 646 804-3506355 AZ - 0001		c	-17866/100	-17866/100	2024-08-11 20:19:10
===== END
===== START
B	a80c059f5a7140b2aa84588ab7c3a286	1008e94cf9c7493391d5cfcdc7315f90	2024-08-11 20:35:33	2024-08-11 19:49:23	2024-04-16 10:59:00	3323a52a32464e5db6926fdc8fbced8f	Imbalance-USD		SMG TCC PARKING TUCSON AZ - 0001	OFX ext. info: |Trans type:Generic debit|Memo:SMG TCC PARKING TUCSON AZ - 0001			n	1000/100	1000/100	1970-01-01 00:00:00
B	a80c059f5a7140b2aa84588ab7c3a286	c625724b21af4c4fb6fd5e54b0450d93	2024-08-11 20:35:33	2024-08-11 19:49:23	2024-04-16 10:59:00	48c0a9bb8af04622bbb5c2e2aac3f735	Navy Rewards Card		SMG TCC PARKING TUCSON AZ - 0001	OFX ext. info: |Trans type:Generic debit|Memo:SMG TCC PARKING TUCSON AZ - 0001	SMG TCC PARKING TUCSON AZ - 0001		c	-1000/100	-1000/100	2024-08-11 20:19:10
===== END
===== START
C	a80c059f5a7140b2aa84588ab7c3a286	1008e94cf9c7493391d5cfcdc7315f90	2024-08-11 20:35:33	2024-08-11 19:49:23	2024-04-16 10:59:00	39523e58dddf4d9c83c3a995e932b37f	Travel		SMG TCC PARKING TUCSON AZ - 0001	OFX ext. info: |Trans type:Generic debit|Memo:SMG TCC PARKING TUCSON AZ - 0001			n	1000/100	1000/100	1970-01-01 00:00:00
C	a80c059f5a7140b2aa84588ab7c3a286	c625724b21af4c4fb6fd5e54b0450d93	2024-08-11 20:35:33	2024-08-11 19:49:23	2024-04-16 10:59:00	48c0a9bb8af04622bbb5c2e2aac3f735	Navy Rewards Card		SMG TCC PARKING TUCSON AZ - 0001	OFX ext. info: |Trans type:Generic debit|Memo:SMG TCC PARKING TUCSON AZ - 0001	SMG TCC PARKING TUCSON AZ - 0001		c	-1000/100	-1000/100	2024-08-11 20:19:10
===== END
===== START
B	0429e18af423451eae6f550c3a58d031	6dc7ef3662b7481b86a914d29e9d375f	2024-08-11 20:35:36	2024-08-11 19:49:23	2024-04-17 10:59:00	7c452bea58344d23b0f556cf05df9fe0	Dining		Amazon Marketplace	OFX ext. info: |Trans type:Generic debit|Memo:AMZN Mktp US*QY2SX2XJ3 Amzn.com/billWA - 4430			n	135/100	135/100	1970-01-01 00:00:00
B	0429e18af423451eae6f550c3a58d031	2fd3f13c51ef4cb9a23dc9aa47740af5	2024-08-11 20:35:36	2024-08-11 19:49:23	2024-04-17 10:59:00	48c0a9bb8af04622bbb5c2e2aac3f735	Navy Rewards Card		Amazon Marketplace	OFX ext. info: |Trans type:Generic debit|Memo:AMZN Mktp US*QY2SX2XJ3 Amzn.com/billWA - 4430	AMZN Mktp US*QY2SX2XJ3 Amzn.com/billWA - 4430		c	-135/100	-135/100	2024-08-11 20:19:10
===== END
===== START
C	0429e18af423451eae6f550c3a58d031	6dc7ef3662b7481b86a914d29e9d375f	2024-08-11 20:35:36	2024-08-11 19:49:23	2024-04-17 10:59:00	f51833ab51c446f28a6ab0d10a773759	Miscellaneous		Amazon Marketplace	OFX ext. info: |Trans type:Generic debit|Memo:AMZN Mktp US*QY2SX2XJ3 Amzn.com/billWA - 4430			n	135/100	135/100	1970-01-01 00:00:00
C	0429e18af423451eae6f550c3a58d031	2fd3f13c51ef4cb9a23dc9aa47740af5	2024-08-11 20:35:36	2024-08-11 19:49:23	2024-04-17 10:59:00	48c0a9bb8af04622bbb5c2e2aac3f735	Navy Rewards Card		Amazon Marketplace	OFX ext. info: |Trans type:Generic debit|Memo:AMZN Mktp US*QY2SX2XJ3 Amzn.com/billWA - 4430	AMZN Mktp US*QY2SX2XJ3 Amzn.com/billWA - 4430		c	-135/100	-135/100	2024-08-11 20:19:10
===== END
===== START
B	02faacce635a4865ac08f6e7f11bf94a	4e7852b357184c628f6ff560afb35691	2024-08-11 20:35:40	2024-08-11 19:49:23	2024-04-17 10:59:00	7c452bea58344d23b0f556cf05df9fe0	Dining		Audible	OFX ext. info: |Trans type:Generic debit|Memo:Audible*JP2L860A3 Amzn.com/billNJ - 0001			n	1625/100	1625/100	1970-01-01 00:00:00
B	02faacce635a4865ac08f6e7f11bf94a	ecc84de6b3e64e8bb88995f390631d81	2024-08-11 20:35:40	2024-08-11 19:49:23	2024-04-17 10:59:00	48c0a9bb8af04622bbb5c2e2aac3f735	Navy Rewards Card		Audible	OFX ext. info: |Trans type:Generic debit|Memo:Audible*JP2L860A3 Amzn.com/billNJ - 0001	Audible*JP2L860A3 Amzn.com/billNJ - 0001		c	-1625/100	-1625/100	2024-08-11 20:19:10
===== END
===== START
C	02faacce635a4865ac08f6e7f11bf94a	4e7852b357184c628f6ff560afb35691	2024-08-11 20:35:40	2024-08-11 19:49:23	2024-04-17 10:59:00	3feaad255df249169127e590b1602cd7	Subscriptions		Audible	OFX ext. info: |Trans type:Generic debit|Memo:Audible*JP2L860A3 Amzn.com/billNJ - 0001			n	1625/100	1625/100	1970-01-01 00:00:00
C	02faacce635a4865ac08f6e7f11bf94a	ecc84de6b3e64e8bb88995f390631d81	2024-08-11 20:35:40	2024-08-11 19:49:23	2024-04-17 10:59:00	48c0a9bb8af04622bbb5c2e2aac3f735	Navy Rewards Card		Audible	OFX ext. info: |Trans type:Generic debit|Memo:Audible*JP2L860A3 Amzn.com/billNJ - 0001	Audible*JP2L860A3 Amzn.com/billNJ - 0001		c	-1625/100	-1625/100	2024-08-11 20:19:10
===== END
===== START
B	be3c7e9a295442ed97642cae96aa187c	70ecf166f3cf4e1986f20dc13ccfa916	2024-08-11 20:35:47	2024-08-11 19:49:23	2024-04-17 10:59:00	7c452bea58344d23b0f556cf05df9fe0	Dining		BENARDA VETERINARY HOSPITTUCSON	OFX ext. info: |Trans type:Generic debit|Memo:BENARDA VETERINARY HOSPITTUCSON AZ - 0001			n	33005/100	33005/100	1970-01-01 00:00:00
B	be3c7e9a295442ed97642cae96aa187c	65e80299e98841d1bbbad02c9ea5dc6f	2024-08-11 20:35:47	2024-08-11 19:49:23	2024-04-17 10:59:00	48c0a9bb8af04622bbb5c2e2aac3f735	Navy Rewards Card		BENARDA VETERINARY HOSPITTUCSON	OFX ext. info: |Trans type:Generic debit|Memo:BENARDA VETERINARY HOSPITTUCSON AZ - 0001	BENARDA VETERINARY HOSPITTUCSON AZ - 0001		c	-33005/100	-33005/100	2024-08-11 20:19:10
===== END
===== START
C	be3c7e9a295442ed97642cae96aa187c	70ecf166f3cf4e1986f20dc13ccfa916	2024-08-11 20:35:47	2024-08-11 19:49:23	2024-04-17 10:59:00	0287a1bc9c4949d4a9997f42ef1fe557	Pet Care		BENARDA VETERINARY HOSPITTUCSON	OFX ext. info: |Trans type:Generic debit|Memo:BENARDA VETERINARY HOSPITTUCSON AZ - 0001			n	33005/100	33005/100	1970-01-01 00:00:00
C	be3c7e9a295442ed97642cae96aa187c	65e80299e98841d1bbbad02c9ea5dc6f	2024-08-11 20:35:47	2024-08-11 19:49:23	2024-04-17 10:59:00	48c0a9bb8af04622bbb5c2e2aac3f735	Navy Rewards Card		BENARDA VETERINARY HOSPITTUCSON	OFX ext. info: |Trans type:Generic debit|Memo:BENARDA VETERINARY HOSPITTUCSON AZ - 0001	BENARDA VETERINARY HOSPITTUCSON AZ - 0001		c	-33005/100	-33005/100	2024-08-11 20:19:10
===== END
===== START
B	893ba90886b740acb9d5557a56a2c665	ec765c333f2a4db8b36699214a6dbb2b	2024-08-11 20:36:28	2024-08-11 19:49:23	2024-04-18 10:59:00	3323a52a32464e5db6926fdc8fbced8f	Imbalance-USD		ARCO	OFX ext. info: |Trans type:Generic debit|Memo:ARCO #42422 AMPM TUCSON AZ - 0001			n	1538/100	1538/100	1970-01-01 00:00:00
B	893ba90886b740acb9d5557a56a2c665	432895adbb4a40529bed040f50c6df6c	2024-08-11 20:36:28	2024-08-11 19:49:23	2024-04-18 10:59:00	48c0a9bb8af04622bbb5c2e2aac3f735	Navy Rewards Card		ARCO	OFX ext. info: |Trans type:Generic debit|Memo:ARCO #42422 AMPM TUCSON AZ - 0001	ARCO #42422 AMPM TUCSON AZ - 0001		c	-1538/100	-1538/100	2024-08-11 20:19:10
===== END
===== START
C	893ba90886b740acb9d5557a56a2c665	ec765c333f2a4db8b36699214a6dbb2b	2024-08-11 20:36:28	2024-08-11 19:49:23	2024-04-18 10:59:00	f51833ab51c446f28a6ab0d10a773759	Miscellaneous		ARCO	OFX ext. info: |Trans type:Generic debit|Memo:ARCO #42422 AMPM TUCSON AZ - 0001			n	1538/100	1538/100	1970-01-01 00:00:00
C	893ba90886b740acb9d5557a56a2c665	432895adbb4a40529bed040f50c6df6c	2024-08-11 20:36:28	2024-08-11 19:49:23	2024-04-18 10:59:00	48c0a9bb8af04622bbb5c2e2aac3f735	Navy Rewards Card		ARCO	OFX ext. info: |Trans type:Generic debit|Memo:ARCO #42422 AMPM TUCSON AZ - 0001	ARCO #42422 AMPM TUCSON AZ - 0001		c	-1538/100	-1538/100	2024-08-11 20:19:10
===== END
===== START
B	5128503092ed499e99c4e9f469fffa3c	dd71da0ba4d24c0f9d4959fc89d27451	2024-08-11 20:36:32	2024-08-11 19:49:23	2024-04-19 10:59:00	3323a52a32464e5db6926fdc8fbced8f	Imbalance-USD		Chick-fil-A	OFX ext. info: |Trans type:Generic debit|Memo:CHICK-FIL-A #04563 MARIETTA GA - 0001			n	2461/100	2461/100	1970-01-01 00:00:00
B	5128503092ed499e99c4e9f469fffa3c	a7ca53b9771a4d868bd805b67d6e50fe	2024-08-11 20:36:32	2024-08-11 19:49:23	2024-04-19 10:59:00	48c0a9bb8af04622bbb5c2e2aac3f735	Navy Rewards Card		Chick-fil-A	OFX ext. info: |Trans type:Generic debit|Memo:CHICK-FIL-A #04563 MARIETTA GA - 0001	CHICK-FIL-A #04563 MARIETTA GA - 0001		c	-2461/100	-2461/100	2024-08-11 20:19:10
===== END
===== START
C	5128503092ed499e99c4e9f469fffa3c	dd71da0ba4d24c0f9d4959fc89d27451	2024-08-11 20:36:32	2024-08-11 19:49:23	2024-04-19 10:59:00	7c452bea58344d23b0f556cf05df9fe0	Dining		Chick-fil-A	OFX ext. info: |Trans type:Generic debit|Memo:CHICK-FIL-A #04563 MARIETTA GA - 0001			n	2461/100	2461/100	1970-01-01 00:00:00
C	5128503092ed499e99c4e9f469fffa3c	a7ca53b9771a4d868bd805b67d6e50fe	2024-08-11 20:36:32	2024-08-11 19:49:23	2024-04-19 10:59:00	48c0a9bb8af04622bbb5c2e2aac3f735	Navy Rewards Card		Chick-fil-A	OFX ext. info: |Trans type:Generic debit|Memo:CHICK-FIL-A #04563 MARIETTA GA - 0001	CHICK-FIL-A #04563 MARIETTA GA - 0001		c	-2461/100	-2461/100	2024-08-11 20:19:10
===== END
===== START
B	0347721d978542f48a736552f7a8b40c	eb502506a8a8460b856f8501afbc0b27	2024-08-11 20:36:36	2024-08-11 19:49:23	2024-04-19 10:59:00	3323a52a32464e5db6926fdc8fbced8f	Imbalance-USD		Hudson Group	OFX ext. info: |Trans type:Generic debit|Memo:HUDSON ST1665 TUCSON AZ - 0001			n	3260/100	3260/100	1970-01-01 00:00:00
B	0347721d978542f48a736552f7a8b40c	04bcd165cb314ab5984011128d548d9e	2024-08-11 20:36:36	2024-08-11 19:49:23	2024-04-19 10:59:00	48c0a9bb8af04622bbb5c2e2aac3f735	Navy Rewards Card		Hudson Group	OFX ext. info: |Trans type:Generic debit|Memo:HUDSON ST1665 TUCSON AZ - 0001	HUDSON ST1665 TUCSON AZ - 0001		c	-3260/100	-3260/100	2024-08-11 20:19:10
===== END
===== START
C	0347721d978542f48a736552f7a8b40c	eb502506a8a8460b856f8501afbc0b27	2024-08-11 20:36:36	2024-08-11 19:49:23	2024-04-19 10:59:00	7c452bea58344d23b0f556cf05df9fe0	Dining		Hudson Group	OFX ext. info: |Trans type:Generic debit|Memo:HUDSON ST1665 TUCSON AZ - 0001			n	3260/100	3260/100	1970-01-01 00:00:00
C	0347721d978542f48a736552f7a8b40c	04bcd165cb314ab5984011128d548d9e	2024-08-11 20:36:36	2024-08-11 19:49:23	2024-04-19 10:59:00	48c0a9bb8af04622bbb5c2e2aac3f735	Navy Rewards Card		Hudson Group	OFX ext. info: |Trans type:Generic debit|Memo:HUDSON ST1665 TUCSON AZ - 0001	HUDSON ST1665 TUCSON AZ - 0001		c	-3260/100	-3260/100	2024-08-11 20:19:10
===== END
===== START
B	5b5c087a42ce40f1b61a94609aaaa45a	86e3562ea5be4915908225338042f634	2024-08-11 20:36:41	2024-08-11 19:49:23	2024-04-19 10:59:00	3323a52a32464e5db6926fdc8fbced8f	Imbalance-USD		Leye	OFX ext. info: |Trans type:Generic debit|Memo:TST* LEYE - TAMMIE COE CAPHOENIX AZ - 0001			n	618/100	618/100	1970-01-01 00:00:00
B	5b5c087a42ce40f1b61a94609aaaa45a	717480edcb004a68a273c0f8ba552ded	2024-08-11 20:36:41	2024-08-11 19:49:23	2024-04-19 10:59:00	48c0a9bb8af04622bbb5c2e2aac3f735	Navy Rewards Card		Leye	OFX ext. info: |Trans type:Generic debit|Memo:TST* LEYE - TAMMIE COE CAPHOENIX AZ - 0001	TST* LEYE - TAMMIE COE CAPHOENIX AZ - 0001		c	-618/100	-618/100	2024-08-11 20:19:10
===== END
===== START
C	5b5c087a42ce40f1b61a94609aaaa45a	86e3562ea5be4915908225338042f634	2024-08-11 20:36:41	2024-08-11 19:49:23	2024-04-19 10:59:00	7c452bea58344d23b0f556cf05df9fe0	Dining		Leye	OFX ext. info: |Trans type:Generic debit|Memo:TST* LEYE - TAMMIE COE CAPHOENIX AZ - 0001			n	618/100	618/100	1970-01-01 00:00:00
C	5b5c087a42ce40f1b61a94609aaaa45a	717480edcb004a68a273c0f8ba552ded	2024-08-11 20:36:41	2024-08-11 19:49:23	2024-04-19 10:59:00	48c0a9bb8af04622bbb5c2e2aac3f735	Navy Rewards Card		Leye	OFX ext. info: |Trans type:Generic debit|Memo:TST* LEYE - TAMMIE COE CAPHOENIX AZ - 0001	TST* LEYE - TAMMIE COE CAPHOENIX AZ - 0001		c	-618/100	-618/100	2024-08-11 20:19:10
===== END
===== START
B	70aa776f10ed429cb2a6eb63b3c013df	f48d0bd526c3462d8d432572a7d6f9a5	2024-08-11 20:36:44	2024-08-11 19:49:23	2024-04-22 10:59:00	3323a52a32464e5db6926fdc8fbced8f	Imbalance-USD		AliExpress	OFX ext. info: |Trans type:Generic debit|Memo:aliexpress 408-7855580 CA - 4430			n	4236/100	4236/100	1970-01-01 00:00:00
B	70aa776f10ed429cb2a6eb63b3c013df	c17e368d9e474d3ca6bd4a8d4b227742	2024-08-11 20:36:44	2024-08-11 19:49:23	2024-04-22 10:59:00	48c0a9bb8af04622bbb5c2e2aac3f735	Navy Rewards Card		AliExpress	OFX ext. info: |Trans type:Generic debit|Memo:aliexpress 408-7855580 CA - 4430	aliexpress 408-7855580 CA - 4430		c	-4236/100	-4236/100	2024-08-11 20:19:10
===== END
===== START
C	70aa776f10ed429cb2a6eb63b3c013df	f48d0bd526c3462d8d432572a7d6f9a5	2024-08-11 20:36:44	2024-08-11 19:49:23	2024-04-22 10:59:00	f51833ab51c446f28a6ab0d10a773759	Miscellaneous		AliExpress	OFX ext. info: |Trans type:Generic debit|Memo:aliexpress 408-7855580 CA - 4430			n	4236/100	4236/100	1970-01-01 00:00:00
C	70aa776f10ed429cb2a6eb63b3c013df	c17e368d9e474d3ca6bd4a8d4b227742	2024-08-11 20:36:44	2024-08-11 19:49:23	2024-04-22 10:59:00	48c0a9bb8af04622bbb5c2e2aac3f735	Navy Rewards Card		AliExpress	OFX ext. info: |Trans type:Generic debit|Memo:aliexpress 408-7855580 CA - 4430	aliexpress 408-7855580 CA - 4430		c	-4236/100	-4236/100	2024-08-11 20:19:10
===== END
===== START
B	68fbcc4eb6b1416c8821c798bfa047d3	2e4b3f49a71a49e989be237520defdb7	2024-08-11 20:36:49	2024-08-11 19:49:23	2024-04-22 10:59:00	3323a52a32464e5db6926fdc8fbced8f	Imbalance-USD		Avis	OFX ext. info: |Trans type:Generic debit|Memo:AVIS RENT-A-CAR COLLEGE PARK GA - 0001			n	16887/100	16887/100	1970-01-01 00:00:00
B	68fbcc4eb6b1416c8821c798bfa047d3	263c4a9463cf4d8d9f2ad2e7a9d9ab4b	2024-08-11 20:36:49	2024-08-11 19:49:23	2024-04-22 10:59:00	48c0a9bb8af04622bbb5c2e2aac3f735	Navy Rewards Card		Avis	OFX ext. info: |Trans type:Generic debit|Memo:AVIS RENT-A-CAR COLLEGE PARK GA - 0001	AVIS RENT-A-CAR COLLEGE PARK GA - 0001		c	-16887/100	-16887/100	2024-08-11 20:19:10
===== END
===== START
C	68fbcc4eb6b1416c8821c798bfa047d3	2e4b3f49a71a49e989be237520defdb7	2024-08-11 20:36:49	2024-08-11 19:49:23	2024-04-22 10:59:00	39523e58dddf4d9c83c3a995e932b37f	Travel		Avis	OFX ext. info: |Trans type:Generic debit|Memo:AVIS RENT-A-CAR COLLEGE PARK GA - 0001			n	16887/100	16887/100	1970-01-01 00:00:00
C	68fbcc4eb6b1416c8821c798bfa047d3	263c4a9463cf4d8d9f2ad2e7a9d9ab4b	2024-08-11 20:36:49	2024-08-11 19:49:23	2024-04-22 10:59:00	48c0a9bb8af04622bbb5c2e2aac3f735	Navy Rewards Card		Avis	OFX ext. info: |Trans type:Generic debit|Memo:AVIS RENT-A-CAR COLLEGE PARK GA - 0001	AVIS RENT-A-CAR COLLEGE PARK GA - 0001		c	-16887/100	-16887/100	2024-08-11 20:19:10
===== END
===== START
B	7bf2d528684f4984be5ebd695981d84e	4b06ac737bba43219a8e4b858abc1906	2024-08-11 20:36:56	2024-08-11 19:49:23	2024-04-22 10:59:00	3323a52a32464e5db6926fdc8fbced8f	Imbalance-USD		Buc-ee's	OFX ext. info: |Trans type:Generic debit|Memo:BUC-EE'S #52 CALHOUN GA - 0001			n	1820/100	1820/100	1970-01-01 00:00:00
B	7bf2d528684f4984be5ebd695981d84e	85e936d4433446d6bbfd08eab8da1d90	2024-08-11 20:36:56	2024-08-11 19:49:23	2024-04-22 10:59:00	48c0a9bb8af04622bbb5c2e2aac3f735	Navy Rewards Card		Buc-ee's	OFX ext. info: |Trans type:Generic debit|Memo:BUC-EE'S #52 CALHOUN GA - 0001	BUC-EE'S #52 CALHOUN GA - 0001		c	-1820/100	-1820/100	2024-08-11 20:19:10
===== END
===== START
C	7bf2d528684f4984be5ebd695981d84e	4b06ac737bba43219a8e4b858abc1906	2024-08-11 20:36:56	2024-08-11 19:49:23	2024-04-22 10:59:00	39523e58dddf4d9c83c3a995e932b37f	Travel		Buc-ee's	OFX ext. info: |Trans type:Generic debit|Memo:BUC-EE'S #52 CALHOUN GA - 0001			n	1820/100	1820/100	1970-01-01 00:00:00
C	7bf2d528684f4984be5ebd695981d84e	85e936d4433446d6bbfd08eab8da1d90	2024-08-11 20:36:56	2024-08-11 19:49:23	2024-04-22 10:59:00	48c0a9bb8af04622bbb5c2e2aac3f735	Navy Rewards Card		Buc-ee's	OFX ext. info: |Trans type:Generic debit|Memo:BUC-EE'S #52 CALHOUN GA - 0001	BUC-EE'S #52 CALHOUN GA - 0001		c	-1820/100	-1820/100	2024-08-11 20:19:10
===== END
