mod	trans_guid	split_guid	time_now	date_entered	date_posted	acc_guid	acc_name	num	description	notes	memo	action	reconciled	amount	value	date_reconciled
-----------------
===== START
C	4f64c71844824613aad4574a1be3aafc	b41ec5a846b54677b0470006236e27ec	2024-02-08 03:43:47	2024-01-21 16:45:03	2024-01-02 10:59:00	7602e2e17a804b4193d324c2da3f52ad	Mortgage Loan		Transfer to Mortgage				n	35387/100	35387/100	1970-01-01 00:00:00
C	4f64c71844824613aad4574a1be3aafc	94c525db86b4425fbac7b58a5718ba7f	2024-02-08 03:43:47	2024-01-21 16:45:03	2024-01-02 10:59:00	5f8cd3d7d07f4e76916a760d36c0523b	Checking Account		Transfer to Mortgage				c	-120324/100	-120324/100	2024-01-21 16:45:03
C	4f64c71844824613aad4574a1be3aafc	ee53ebd49f0e4a8f83ad6f2066ad3fa0	2024-02-08 03:43:47	2024-01-21 16:45:03	2024-01-02 10:59:00	7602e2e17a804b4193d324c2da3f52ad	Mortgage Loan		Transfer to Mortgage		Extra Principal Interest		n	15000/100	15000/100	1970-01-01 00:00:00
C	4f64c71844824613aad4574a1be3aafc	6268a67ca73347b692a64737182432ff	2024-02-08 03:43:47	2024-01-21 16:45:03	2024-01-02 10:59:00	bc61b4f3e7b14a539b5858a72298ded2	Mortgage Interest		Transfer to Mortgage				n	38304/100	38304/100	1970-01-01 00:00:00
C	4f64c71844824613aad4574a1be3aafc	af6d0a68557e49609c746c4ed5af1cc2	2024-02-08 03:43:47	2024-01-21 16:45:03	2024-01-02 10:59:00	e168b98faf4a487e8fe04ef314cd5797	Home Insurance		Transfer to Mortgage				n	31633/100	31633/100	1970-01-01 00:00:00
===== END
===== START
B	7894e1072c2e47dcaa4015ec67cd8259	f6e8d2a813c24791952c0daaf5ee1d55	2024-02-08 03:45:05	2024-02-07 03:01:31	2024-02-01 10:59:00	7602e2e17a804b4193d324c2da3f52ad	Mortgage Loan		Transfer to Mortgage				n	120324/100	120324/100	1970-01-01 00:00:00
B	7894e1072c2e47dcaa4015ec67cd8259	641ce893efa1423c94bb40d1bfb9f225	2024-02-08 03:45:05	2024-02-07 03:01:31	2024-02-01 10:59:00	5f8cd3d7d07f4e76916a760d36c0523b	Checking Account		Transfer to Mortgage				c	-120324/100	-120324/100	2024-02-07 03:01:31
===== END
===== START
C	7894e1072c2e47dcaa4015ec67cd8259	f6e8d2a813c24791952c0daaf5ee1d55	2024-02-08 03:45:58	2024-02-07 03:01:31	2024-02-01 10:59:00	7602e2e17a804b4193d324c2da3f52ad	Mortgage Loan		Transfer to Mortgage				n	35498/100	35498/100	1970-01-01 00:00:00
C	7894e1072c2e47dcaa4015ec67cd8259	641ce893efa1423c94bb40d1bfb9f225	2024-02-08 03:45:58	2024-02-07 03:01:31	2024-02-01 10:59:00	5f8cd3d7d07f4e76916a760d36c0523b	Checking Account		Transfer to Mortgage				c	-120324/100	-120324/100	2024-02-07 03:01:31
C	7894e1072c2e47dcaa4015ec67cd8259	e52aca75d1b04ecebfb7ea65c96fc5bd	2024-02-08 03:45:58	2024-02-07 03:01:31	2024-02-01 10:59:00	57bea09ee1a9411aaae6bdd9cbc795c8	Orphan-USD		Transfer to Mortgage		Extra Principal Payment		n	15000/100	15000/100	1970-01-01 00:00:00
C	7894e1072c2e47dcaa4015ec67cd8259	7861c55501e74679a5e49f9342ed1189	2024-02-08 03:45:58	2024-02-07 03:01:31	2024-02-01 10:59:00	bc61b4f3e7b14a539b5858a72298ded2	Mortgage Interest		Transfer to Mortgage				n	38193/100	38193/100	1970-01-01 00:00:00
C	7894e1072c2e47dcaa4015ec67cd8259	e78ed2268207402fbe6a27e1dc386b61	2024-02-08 03:45:58	2024-02-07 03:01:31	2024-02-01 10:59:00	e168b98faf4a487e8fe04ef314cd5797	Home Insurance		Transfer to Mortgage				n	31633/100	31633/100	1970-01-01 00:00:00
===== END
===== START
===== END
===== START
B	7894e1072c2e47dcaa4015ec67cd8259	f6e8d2a813c24791952c0daaf5ee1d55	2024-02-08 03:47:11	2024-02-07 03:01:31	2024-02-01 10:59:00	7602e2e17a804b4193d324c2da3f52ad	Mortgage Loan		Transfer to Mortgage				n	35498/100	35498/100	1970-01-01 00:00:00
B	7894e1072c2e47dcaa4015ec67cd8259	e52aca75d1b04ecebfb7ea65c96fc5bd	2024-02-08 03:47:11	2024-02-07 03:01:31	2024-02-01 10:59:00	57bea09ee1a9411aaae6bdd9cbc795c8	Orphan-USD		Transfer to Mortgage		Extra Principal Payment		n	15000/100	15000/100	1970-01-01 00:00:00
B	7894e1072c2e47dcaa4015ec67cd8259	7861c55501e74679a5e49f9342ed1189	2024-02-08 03:47:11	2024-02-07 03:01:31	2024-02-01 10:59:00	bc61b4f3e7b14a539b5858a72298ded2	Mortgage Interest		Transfer to Mortgage				n	38193/100	38193/100	1970-01-01 00:00:00
B	7894e1072c2e47dcaa4015ec67cd8259	e78ed2268207402fbe6a27e1dc386b61	2024-02-08 03:47:11	2024-02-07 03:01:31	2024-02-01 10:59:00	e168b98faf4a487e8fe04ef314cd5797	Home Insurance		Transfer to Mortgage				n	31633/100	31633/100	1970-01-01 00:00:00
B	7894e1072c2e47dcaa4015ec67cd8259	641ce893efa1423c94bb40d1bfb9f225	2024-02-08 03:47:11	2024-02-07 03:01:31	2024-02-01 10:59:00	5f8cd3d7d07f4e76916a760d36c0523b	Checking Account		Transfer to Mortgage				c	-120324/100	-120324/100	2024-02-07 03:01:31
===== END
===== START
C	7894e1072c2e47dcaa4015ec67cd8259	f6e8d2a813c24791952c0daaf5ee1d55	2024-02-08 03:47:11	2024-02-07 03:01:31	2024-02-01 10:59:00	7602e2e17a804b4193d324c2da3f52ad	Mortgage Loan		Transfer to Mortgage				n	35498/100	35498/100	1970-01-01 00:00:00
C	7894e1072c2e47dcaa4015ec67cd8259	e52aca75d1b04ecebfb7ea65c96fc5bd	2024-02-08 03:47:11	2024-02-07 03:01:31	2024-02-01 10:59:00	7602e2e17a804b4193d324c2da3f52ad	Mortgage Loan		Transfer to Mortgage		Extra Principal Payment		n	15000/100	15000/100	1970-01-01 00:00:00
C	7894e1072c2e47dcaa4015ec67cd8259	7861c55501e74679a5e49f9342ed1189	2024-02-08 03:47:11	2024-02-07 03:01:31	2024-02-01 10:59:00	bc61b4f3e7b14a539b5858a72298ded2	Mortgage Interest		Transfer to Mortgage				n	38193/100	38193/100	1970-01-01 00:00:00
C	7894e1072c2e47dcaa4015ec67cd8259	e78ed2268207402fbe6a27e1dc386b61	2024-02-08 03:47:11	2024-02-07 03:01:31	2024-02-01 10:59:00	e168b98faf4a487e8fe04ef314cd5797	Home Insurance		Transfer to Mortgage				n	31633/100	31633/100	1970-01-01 00:00:00
C	7894e1072c2e47dcaa4015ec67cd8259	641ce893efa1423c94bb40d1bfb9f225	2024-02-08 03:47:11	2024-02-07 03:01:31	2024-02-01 10:59:00	5f8cd3d7d07f4e76916a760d36c0523b	Checking Account		Transfer to Mortgage				c	-120324/100	-120324/100	2024-02-07 03:01:31
===== END
===== START
B	a94018c7ca9b44d1b6afe685d625d766	146b5b59756d4fe6b63950b51a7e2922	2024-02-08 03:48:01	2024-02-08 03:37:08	2024-01-01 10:59:00	3ef47bba671245fdb0780a4a9b012fe0	Opening Balances		Opening Mortgage Balance				n	17525244/100	17525244/100	1970-01-01 00:00:00
B	a94018c7ca9b44d1b6afe685d625d766	b89ed1aa9e8a42d6a4a89d091eb09d3c	2024-02-08 03:48:01	2024-02-08 03:37:08	2024-01-01 10:59:00	7602e2e17a804b4193d324c2da3f52ad	Mortgage Loan		Opening Mortgage Balance				n	-17525244/100	-17525244/100	1970-01-01 00:00:00
===== END
===== START
C	a94018c7ca9b44d1b6afe685d625d766	146b5b59756d4fe6b63950b51a7e2922	2024-02-08 03:48:01	2024-02-08 03:37:08	2024-01-01 10:59:00	3ef47bba671245fdb0780a4a9b012fe0	Opening Balances		Opening Mortgage Balance				n	17474857/100	17474857/100	1970-01-01 00:00:00
C	a94018c7ca9b44d1b6afe685d625d766	b89ed1aa9e8a42d6a4a89d091eb09d3c	2024-02-08 03:48:01	2024-02-08 03:37:08	2024-01-01 10:59:00	7602e2e17a804b4193d324c2da3f52ad	Mortgage Loan		Opening Mortgage Balance				n	-17474857/100	-17474857/100	1970-01-01 00:00:00
===== END
===== START
B	a94018c7ca9b44d1b6afe685d625d766	146b5b59756d4fe6b63950b51a7e2922	2024-02-08 03:48:46	2024-02-08 03:37:08	2024-01-01 10:59:00	3ef47bba671245fdb0780a4a9b012fe0	Opening Balances		Opening Mortgage Balance				n	17474857/100	17474857/100	1970-01-01 00:00:00
B	a94018c7ca9b44d1b6afe685d625d766	b89ed1aa9e8a42d6a4a89d091eb09d3c	2024-02-08 03:48:46	2024-02-08 03:37:08	2024-01-01 10:59:00	7602e2e17a804b4193d324c2da3f52ad	Mortgage Loan		Opening Mortgage Balance				n	-17474857/100	-17474857/100	1970-01-01 00:00:00
===== END
===== START
C	a94018c7ca9b44d1b6afe685d625d766	146b5b59756d4fe6b63950b51a7e2922	2024-02-08 03:48:46	2024-02-08 03:37:08	2024-01-01 10:59:00	3ef47bba671245fdb0780a4a9b012fe0	Opening Balances		Opening Mortgage Balance				n	17510244/100	17510244/100	1970-01-01 00:00:00
C	a94018c7ca9b44d1b6afe685d625d766	b89ed1aa9e8a42d6a4a89d091eb09d3c	2024-02-08 03:48:46	2024-02-08 03:37:08	2024-01-01 10:59:00	7602e2e17a804b4193d324c2da3f52ad	Mortgage Loan		Opening Mortgage Balance				n	-17510244/100	-17510244/100	1970-01-01 00:00:00
===== END
