mod	trans_guid	split_guid	time_now	date_entered	date_posted	acc_guid	acc_name	num	description	notes	memo	action	reconciled	amount	value	date_reconciled
-----------------
===== START
===== END
===== START
D	3a07ec31be5c444a8745de648bbd81b1	7911ab52205c475a832cb3d08edf194f	2024-02-11 16:38:15	2024-02-11 16:38:15	2024-02-11 10:59:00								n	0/1	0/100	1970-01-01 00:00:00
===== END
===== START
===== END
===== START
===== END
===== START
===== END
===== START
===== END
===== START
===== END
===== START
C	f3315a23ca3e41f7911a3c45ac2892be	f6d246f47e5246a697d530ff7ae3e7f3	2024-02-11 16:41:33	2024-02-11 16:41:33	2024-01-05 10:59:00	39d3c305cefb42799b43896918986dd1	Visa Platinum	1928	Experian				c	-2674/100	-2674/100	2024-02-11 16:41:33
C	f3315a23ca3e41f7911a3c45ac2892be	5647851b3a0f492b9fc6b68b9f3aef7a	2024-02-11 16:41:33	2024-02-11 16:41:33	2024-01-05 10:59:00	3323a52a32464e5db6926fdc8fbced8f	Imbalance-USD	1928	Experian				n	2674/100	2674/100	1970-01-01 00:00:00
===== END
===== START
C	c2491f98a71f45b9865cec535996967c	8bde0fe29b754bf68c77bfaf037d8712	2024-02-11 16:41:33	2024-02-11 16:41:33	2024-01-15 10:59:00	39d3c305cefb42799b43896918986dd1	Visa Platinum	1928	Payment to New York Times				c	-2000/100	-2000/100	2024-02-11 16:41:33
C	c2491f98a71f45b9865cec535996967c	c7cee05b0e964b72a7e0076bd35b6b03	2024-02-11 16:41:33	2024-02-11 16:41:33	2024-01-15 10:59:00	3323a52a32464e5db6926fdc8fbced8f	Imbalance-USD	1928	Payment to New York Times				n	2000/100	2000/100	1970-01-01 00:00:00
===== END
===== START
C	82c6e9982ae345078829e2fd49eee206	5ae8d6e0f7884899b061b2446e560466	2024-02-11 16:41:33	2024-02-11 16:41:33	2024-01-22 10:59:00	39d3c305cefb42799b43896918986dd1	Visa Platinum	1928	Payment to New York Times				c	-695/100	-695/100	2024-02-11 16:41:33
C	82c6e9982ae345078829e2fd49eee206	c772ebc5c70f4dcea99f7978d36d601e	2024-02-11 16:41:33	2024-02-11 16:41:33	2024-01-22 10:59:00	3323a52a32464e5db6926fdc8fbced8f	Imbalance-USD	1928	Payment to New York Times				n	695/100	695/100	1970-01-01 00:00:00
===== END
===== START
C	93bde11677234f47b65f65f0157133f5	9fabd084a008409fad62534ce7601012	2024-02-11 16:41:33	2024-02-11 16:41:33	2024-02-01 10:59:00	39d3c305cefb42799b43896918986dd1	Visa Platinum	1928	Credit Card Payment Received				c	-5369/100	-5369/100	2024-02-11 16:41:33
C	93bde11677234f47b65f65f0157133f5	830be47f56ad4a0983f02c288e50e333	2024-02-11 16:41:33	2024-02-11 16:41:33	2024-02-01 10:59:00	3323a52a32464e5db6926fdc8fbced8f	Imbalance-USD	1928	Credit Card Payment Received				n	5369/100	5369/100	1970-01-01 00:00:00
===== END
===== START
C	1d8549b3ab204b8ca14854bb04c0491d	a9739893e80d4e9ca6824c312bb0bbcb	2024-02-11 16:41:33	2024-02-11 16:41:33	2024-02-05 10:59:00	39d3c305cefb42799b43896918986dd1	Visa Platinum	1928	Experian				c	-2674/100	-2674/100	2024-02-11 16:41:33
C	1d8549b3ab204b8ca14854bb04c0491d	58600755ce7a40688616453d1344cddd	2024-02-11 16:41:33	2024-02-11 16:41:33	2024-02-05 10:59:00	3323a52a32464e5db6926fdc8fbced8f	Imbalance-USD	1928	Experian				n	2674/100	2674/100	1970-01-01 00:00:00
===== END
===== START
===== END
===== START
B	93bde11677234f47b65f65f0157133f5	830be47f56ad4a0983f02c288e50e333	2024-02-11 16:41:53	2024-02-11 16:41:33	2024-02-01 10:59:00	3323a52a32464e5db6926fdc8fbced8f	Imbalance-USD	1928	Credit Card Payment Received				n	5369/100	5369/100	1970-01-01 00:00:00
B	93bde11677234f47b65f65f0157133f5	9fabd084a008409fad62534ce7601012	2024-02-11 16:41:53	2024-02-11 16:41:33	2024-02-01 10:59:00	39d3c305cefb42799b43896918986dd1	Visa Platinum	1928	Credit Card Payment Received				c	-5369/100	-5369/100	2024-02-11 16:41:33
===== END
===== START
C	93bde11677234f47b65f65f0157133f5	830be47f56ad4a0983f02c288e50e333	2024-02-11 16:41:53	2024-02-11 16:41:33	2024-02-01 10:59:00	3323a52a32464e5db6926fdc8fbced8f	Imbalance-USD	1928	Credit Card Payment Received				n	-5369/100	-5369/100	1970-01-01 00:00:00
C	93bde11677234f47b65f65f0157133f5	9fabd084a008409fad62534ce7601012	2024-02-11 16:41:53	2024-02-11 16:41:33	2024-02-01 10:59:00	39d3c305cefb42799b43896918986dd1	Visa Platinum	1928	Credit Card Payment Received				c	5369/100	5369/100	2024-02-11 16:41:33
===== END
===== START
===== END
