mod	trans_guid	split_guid	time_now	date_entered	date_posted	acc_guid	acc_name	num	description	notes	memo	action	reconciled	amount	value	date_reconciled
-----------------
===== START
B	2624716a4f2d4053b8d2bf1194d812af	9f49ddaa672549ac837eb0cc92eb20ad	2024-08-11 21:00:12	2024-08-11 19:49:23	2024-06-03 10:59:00	3323a52a32464e5db6926fdc8fbced8f	Imbalance-USD		Love's	OFX ext. info: |Trans type:Generic debit|Memo:LOVE'S #0272 OUTSIDE KINGMAN AZ - 0001			n	1149/100	1149/100	1970-01-01 00:00:00
B	2624716a4f2d4053b8d2bf1194d812af	7b0db0f176a54c4abe570d155b2bf5bb	2024-08-11 21:00:12	2024-08-11 19:49:23	2024-06-03 10:59:00	48c0a9bb8af04622bbb5c2e2aac3f735	Navy Rewards Card		Love's	OFX ext. info: |Trans type:Generic debit|Memo:LOVE'S #0272 OUTSIDE KINGMAN AZ - 0001	LOVE'S #0272 OUTSIDE KINGMAN AZ - 0001		c	-1149/100	-1149/100	2024-08-11 20:19:11
===== END
===== START
C	2624716a4f2d4053b8d2bf1194d812af	9f49ddaa672549ac837eb0cc92eb20ad	2024-08-11 21:00:12	2024-08-11 19:49:23	2024-06-03 10:59:00	7c452bea58344d23b0f556cf05df9fe0	Dining		Love's	OFX ext. info: |Trans type:Generic debit|Memo:LOVE'S #0272 OUTSIDE KINGMAN AZ - 0001			n	1149/100	1149/100	1970-01-01 00:00:00
C	2624716a4f2d4053b8d2bf1194d812af	7b0db0f176a54c4abe570d155b2bf5bb	2024-08-11 21:00:12	2024-08-11 19:49:23	2024-06-03 10:59:00	48c0a9bb8af04622bbb5c2e2aac3f735	Navy Rewards Card		Love's	OFX ext. info: |Trans type:Generic debit|Memo:LOVE'S #0272 OUTSIDE KINGMAN AZ - 0001	LOVE'S #0272 OUTSIDE KINGMAN AZ - 0001		c	-1149/100	-1149/100	2024-08-11 20:19:11
===== END
===== START
B	b49ae5136ece41ef97deb0a40b1c4efb	fa8154ed7bd648afa085c34ad652cd5c	2024-08-11 21:00:14	2024-08-11 19:49:23	2024-06-03 10:59:00	3323a52a32464e5db6926fdc8fbced8f	Imbalance-USD		Love's	OFX ext. info: |Trans type:Generic debit|Memo:LOVE'S #0272 INSIDE KINGMAN AZ - 0001			n	1097/100	1097/100	1970-01-01 00:00:00
B	b49ae5136ece41ef97deb0a40b1c4efb	1cafa6ab13f0441785ee0e5509c6c457	2024-08-11 21:00:14	2024-08-11 19:49:23	2024-06-03 10:59:00	48c0a9bb8af04622bbb5c2e2aac3f735	Navy Rewards Card		Love's	OFX ext. info: |Trans type:Generic debit|Memo:LOVE'S #0272 INSIDE KINGMAN AZ - 0001	LOVE'S #0272 INSIDE KINGMAN AZ - 0001		c	-1097/100	-1097/100	2024-08-11 20:19:11
===== END
===== START
C	b49ae5136ece41ef97deb0a40b1c4efb	fa8154ed7bd648afa085c34ad652cd5c	2024-08-11 21:00:14	2024-08-11 19:49:23	2024-06-03 10:59:00	7c452bea58344d23b0f556cf05df9fe0	Dining		Love's	OFX ext. info: |Trans type:Generic debit|Memo:LOVE'S #0272 INSIDE KINGMAN AZ - 0001			n	1097/100	1097/100	1970-01-01 00:00:00
C	b49ae5136ece41ef97deb0a40b1c4efb	1cafa6ab13f0441785ee0e5509c6c457	2024-08-11 21:00:14	2024-08-11 19:49:23	2024-06-03 10:59:00	48c0a9bb8af04622bbb5c2e2aac3f735	Navy Rewards Card		Love's	OFX ext. info: |Trans type:Generic debit|Memo:LOVE'S #0272 INSIDE KINGMAN AZ - 0001	LOVE'S #0272 INSIDE KINGMAN AZ - 0001		c	-1097/100	-1097/100	2024-08-11 20:19:11
===== END
===== START
B	43fecb24752d499bbe538e4eaf286802	022501ba0e9b489ab9a993198e49cd0d	2024-08-11 21:00:19	2024-08-11 19:49:23	2024-06-03 10:59:00	f51833ab51c446f28a6ab0d10a773759	Miscellaneous		Microsoft	OFX ext. info: |Trans type:Generic debit|Memo:Microsoft*Microsoft 365 P425-6816830 WA - 0001			n	699/100	699/100	1970-01-01 00:00:00
B	43fecb24752d499bbe538e4eaf286802	b830ec690b5f4263a5656c022a2d4a70	2024-08-11 21:00:19	2024-08-11 19:49:23	2024-06-03 10:59:00	48c0a9bb8af04622bbb5c2e2aac3f735	Navy Rewards Card		Microsoft	OFX ext. info: |Trans type:Generic debit|Memo:Microsoft*Microsoft 365 P425-6816830 WA - 0001	Microsoft*Microsoft 365 P425-6816830 WA - 0001		c	-699/100	-699/100	2024-08-11 20:19:11
===== END
===== START
C	43fecb24752d499bbe538e4eaf286802	022501ba0e9b489ab9a993198e49cd0d	2024-08-11 21:00:19	2024-08-11 19:49:23	2024-06-03 10:59:00	3feaad255df249169127e590b1602cd7	Subscriptions		Microsoft	OFX ext. info: |Trans type:Generic debit|Memo:Microsoft*Microsoft 365 P425-6816830 WA - 0001			n	699/100	699/100	1970-01-01 00:00:00
C	43fecb24752d499bbe538e4eaf286802	b830ec690b5f4263a5656c022a2d4a70	2024-08-11 21:00:19	2024-08-11 19:49:23	2024-06-03 10:59:00	48c0a9bb8af04622bbb5c2e2aac3f735	Navy Rewards Card		Microsoft	OFX ext. info: |Trans type:Generic debit|Memo:Microsoft*Microsoft 365 P425-6816830 WA - 0001	Microsoft*Microsoft 365 P425-6816830 WA - 0001		c	-699/100	-699/100	2024-08-11 20:19:11
===== END
===== START
B	d25b6713f2ee4ac1b8373450fd94e64b	5be9885fe7ad4692b693968289d5fbe8	2024-08-11 21:00:23	2024-08-11 19:49:23	2024-06-03 10:59:00	3323a52a32464e5db6926fdc8fbced8f	Imbalance-USD		Mister Car Wash	OFX ext. info: |Trans type:Generic debit|Memo:MISTER CAR WASH #0335 TUCSON AZ - 0001			n	1500/100	1500/100	1970-01-01 00:00:00
B	d25b6713f2ee4ac1b8373450fd94e64b	ae01670985ef4789b58efd22319d1283	2024-08-11 21:00:23	2024-08-11 19:49:23	2024-06-03 10:59:00	48c0a9bb8af04622bbb5c2e2aac3f735	Navy Rewards Card		Mister Car Wash	OFX ext. info: |Trans type:Generic debit|Memo:MISTER CAR WASH #0335 TUCSON AZ - 0001	MISTER CAR WASH #0335 TUCSON AZ - 0001		c	-1500/100	-1500/100	2024-08-11 20:19:11
===== END
===== START
C	d25b6713f2ee4ac1b8373450fd94e64b	5be9885fe7ad4692b693968289d5fbe8	2024-08-11 21:00:23	2024-08-11 19:49:23	2024-06-03 10:59:00	f51833ab51c446f28a6ab0d10a773759	Miscellaneous		Mister Car Wash	OFX ext. info: |Trans type:Generic debit|Memo:MISTER CAR WASH #0335 TUCSON AZ - 0001			n	1500/100	1500/100	1970-01-01 00:00:00
C	d25b6713f2ee4ac1b8373450fd94e64b	ae01670985ef4789b58efd22319d1283	2024-08-11 21:00:23	2024-08-11 19:49:23	2024-06-03 10:59:00	48c0a9bb8af04622bbb5c2e2aac3f735	Navy Rewards Card		Mister Car Wash	OFX ext. info: |Trans type:Generic debit|Memo:MISTER CAR WASH #0335 TUCSON AZ - 0001	MISTER CAR WASH #0335 TUCSON AZ - 0001		c	-1500/100	-1500/100	2024-08-11 20:19:11
===== END
===== START
B	ce198c2c3b2243dabffbf7d18bad1d1b	f979d3d1720a4033afbec50b3e0f8797	2024-08-11 21:00:38	2024-08-11 19:49:23	2024-06-03 10:59:00	3323a52a32464e5db6926fdc8fbced8f	Imbalance-USD		PAYPAL *MURDMYSTERY XX - 4430	OFX ext. info: |Trans type:Generic debit|Memo:PAYPAL *MURDMYSTERY 07538084591 - 4430			n	1592/100	1592/100	1970-01-01 00:00:00
B	ce198c2c3b2243dabffbf7d18bad1d1b	f561915cd6704ec5ac436090d63fab2d	2024-08-11 21:00:38	2024-08-11 19:49:23	2024-06-03 10:59:00	48c0a9bb8af04622bbb5c2e2aac3f735	Navy Rewards Card		PAYPAL *MURDMYSTERY XX - 4430	OFX ext. info: |Trans type:Generic debit|Memo:PAYPAL *MURDMYSTERY 07538084591 - 4430	PAYPAL *MURDMYSTERY 07538084591 - 4430		c	-1592/100	-1592/100	2024-08-11 20:19:11
===== END
===== START
C	ce198c2c3b2243dabffbf7d18bad1d1b	f979d3d1720a4033afbec50b3e0f8797	2024-08-11 21:00:38	2024-08-11 19:49:23	2024-06-03 10:59:00	f51833ab51c446f28a6ab0d10a773759	Miscellaneous		PAYPAL *MURDMYSTERY XX - 4430	OFX ext. info: |Trans type:Generic debit|Memo:PAYPAL *MURDMYSTERY 07538084591 - 4430			n	1592/100	1592/100	1970-01-01 00:00:00
C	ce198c2c3b2243dabffbf7d18bad1d1b	f561915cd6704ec5ac436090d63fab2d	2024-08-11 21:00:38	2024-08-11 19:49:23	2024-06-03 10:59:00	48c0a9bb8af04622bbb5c2e2aac3f735	Navy Rewards Card		PAYPAL *MURDMYSTERY XX - 4430	OFX ext. info: |Trans type:Generic debit|Memo:PAYPAL *MURDMYSTERY 07538084591 - 4430	PAYPAL *MURDMYSTERY 07538084591 - 4430		c	-1592/100	-1592/100	2024-08-11 20:19:11
===== END
===== START
B	dcaef97585844b94817e2b18531aebdc	a488fed117974c53b1caddadc7f7fc05	2024-08-11 21:00:44	2024-08-11 19:49:23	2024-06-03 10:59:00	3323a52a32464e5db6926fdc8fbced8f	Imbalance-USD		PY *BLACK ROCK COFFEE BARSURPRIS	OFX ext. info: |Trans type:Generic debit|Memo:PY *BLACK ROCK COFFEE BARSURPRISE AZ - 0001			n	434/100	434/100	1970-01-01 00:00:00
B	dcaef97585844b94817e2b18531aebdc	d2ab80889ae24e4c821fe6af67e0e5c2	2024-08-11 21:00:44	2024-08-11 19:49:23	2024-06-03 10:59:00	48c0a9bb8af04622bbb5c2e2aac3f735	Navy Rewards Card		PY *BLACK ROCK COFFEE BARSURPRIS	OFX ext. info: |Trans type:Generic debit|Memo:PY *BLACK ROCK COFFEE BARSURPRISE AZ - 0001	PY *BLACK ROCK COFFEE BARSURPRISE AZ - 0001		c	-434/100	-434/100	2024-08-11 20:19:11
===== END
===== START
C	dcaef97585844b94817e2b18531aebdc	a488fed117974c53b1caddadc7f7fc05	2024-08-11 21:00:44	2024-08-11 19:49:23	2024-06-03 10:59:00	7c452bea58344d23b0f556cf05df9fe0	Dining		PY *BLACK ROCK COFFEE BARSURPRIS	OFX ext. info: |Trans type:Generic debit|Memo:PY *BLACK ROCK COFFEE BARSURPRISE AZ - 0001			n	434/100	434/100	1970-01-01 00:00:00
C	dcaef97585844b94817e2b18531aebdc	d2ab80889ae24e4c821fe6af67e0e5c2	2024-08-11 21:00:44	2024-08-11 19:49:23	2024-06-03 10:59:00	48c0a9bb8af04622bbb5c2e2aac3f735	Navy Rewards Card		PY *BLACK ROCK COFFEE BARSURPRIS	OFX ext. info: |Trans type:Generic debit|Memo:PY *BLACK ROCK COFFEE BARSURPRISE AZ - 0001	PY *BLACK ROCK COFFEE BARSURPRISE AZ - 0001		c	-434/100	-434/100	2024-08-11 20:19:11
===== END
===== START
B	53bd7437b0b44e048fa2a4d563bf2709	1ce44864b4f04aa6b854130f3367f7e9	2024-08-11 21:00:46	2024-08-11 19:49:23	2024-06-03 10:59:00	3323a52a32464e5db6926fdc8fbced8f	Imbalance-USD		Speedway	OFX ext. info: |Trans type:Generic debit|Memo:SPEEDWAY 02933 3550 N. CATUCSON AZ - 0001			n	2576/100	2576/100	1970-01-01 00:00:00
B	53bd7437b0b44e048fa2a4d563bf2709	0943dc3bddc94504b152886b23c4ccfb	2024-08-11 21:00:46	2024-08-11 19:49:23	2024-06-03 10:59:00	48c0a9bb8af04622bbb5c2e2aac3f735	Navy Rewards Card		Speedway	OFX ext. info: |Trans type:Generic debit|Memo:SPEEDWAY 02933 3550 N. CATUCSON AZ - 0001	SPEEDWAY 02933 3550 N. CATUCSON AZ - 0001		c	-2576/100	-2576/100	2024-08-11 20:19:11
===== END
===== START
C	53bd7437b0b44e048fa2a4d563bf2709	1ce44864b4f04aa6b854130f3367f7e9	2024-08-11 21:00:46	2024-08-11 19:49:23	2024-06-03 10:59:00	8e074199bfaa4e0aae7c0e094b0ccf9e	Gas		Speedway	OFX ext. info: |Trans type:Generic debit|Memo:SPEEDWAY 02933 3550 N. CATUCSON AZ - 0001			n	2576/100	2576/100	1970-01-01 00:00:00
C	53bd7437b0b44e048fa2a4d563bf2709	0943dc3bddc94504b152886b23c4ccfb	2024-08-11 21:00:46	2024-08-11 19:49:23	2024-06-03 10:59:00	48c0a9bb8af04622bbb5c2e2aac3f735	Navy Rewards Card		Speedway	OFX ext. info: |Trans type:Generic debit|Memo:SPEEDWAY 02933 3550 N. CATUCSON AZ - 0001	SPEEDWAY 02933 3550 N. CATUCSON AZ - 0001		c	-2576/100	-2576/100	2024-08-11 20:19:11
===== END
===== START
B	82471b84d9c54214bc40bb0d7506eeac	5a2e073694db4fbebfadcf58ea48a86f	2024-08-11 21:00:50	2024-08-11 19:49:23	2024-06-03 10:59:00	3323a52a32464e5db6926fdc8fbced8f	Imbalance-USD		Tucson Hop Shop	OFX ext. info: |Trans type:Generic debit|Memo:TST* TUCSON HOP SHOP TUCSON AZ - 4430			n	1050/100	1050/100	1970-01-01 00:00:00
B	82471b84d9c54214bc40bb0d7506eeac	b819aba14d72410db558c5bc68ff45a0	2024-08-11 21:00:50	2024-08-11 19:49:23	2024-06-03 10:59:00	48c0a9bb8af04622bbb5c2e2aac3f735	Navy Rewards Card		Tucson Hop Shop	OFX ext. info: |Trans type:Generic debit|Memo:TST* TUCSON HOP SHOP TUCSON AZ - 4430	TST* TUCSON HOP SHOP TUCSON AZ - 4430		c	-1050/100	-1050/100	2024-08-11 20:19:11
===== END
===== START
C	82471b84d9c54214bc40bb0d7506eeac	5a2e073694db4fbebfadcf58ea48a86f	2024-08-11 21:00:50	2024-08-11 19:49:23	2024-06-03 10:59:00	7c452bea58344d23b0f556cf05df9fe0	Dining		Tucson Hop Shop	OFX ext. info: |Trans type:Generic debit|Memo:TST* TUCSON HOP SHOP TUCSON AZ - 4430			n	1050/100	1050/100	1970-01-01 00:00:00
C	82471b84d9c54214bc40bb0d7506eeac	b819aba14d72410db558c5bc68ff45a0	2024-08-11 21:00:50	2024-08-11 19:49:23	2024-06-03 10:59:00	48c0a9bb8af04622bbb5c2e2aac3f735	Navy Rewards Card		Tucson Hop Shop	OFX ext. info: |Trans type:Generic debit|Memo:TST* TUCSON HOP SHOP TUCSON AZ - 4430	TST* TUCSON HOP SHOP TUCSON AZ - 4430		c	-1050/100	-1050/100	2024-08-11 20:19:11
===== END
===== START
B	53ed7e5bdd50460095c01ae4a332dc8b	105ee101761d41a58bbc721ea5730d03	2024-08-11 21:01:00	2024-08-11 19:49:23	2024-06-05 10:59:00	7c452bea58344d23b0f556cf05df9fe0	Dining		AliExpress	OFX ext. info: |Trans type:Generic debit|Memo:aliexpress 408-7855580 CA - 4430			n	3112/100	3112/100	1970-01-01 00:00:00
B	53ed7e5bdd50460095c01ae4a332dc8b	226176ddfdc24c74abfae6e4b314a696	2024-08-11 21:01:00	2024-08-11 19:49:23	2024-06-05 10:59:00	48c0a9bb8af04622bbb5c2e2aac3f735	Navy Rewards Card		AliExpress	OFX ext. info: |Trans type:Generic debit|Memo:aliexpress 408-7855580 CA - 4430	aliexpress 408-7855580 CA - 4430		c	-3112/100	-3112/100	2024-08-11 20:19:11
===== END
===== START
C	53ed7e5bdd50460095c01ae4a332dc8b	105ee101761d41a58bbc721ea5730d03	2024-08-11 21:01:00	2024-08-11 19:49:23	2024-06-05 10:59:00	f51833ab51c446f28a6ab0d10a773759	Miscellaneous		AliExpress	OFX ext. info: |Trans type:Generic debit|Memo:aliexpress 408-7855580 CA - 4430			n	3112/100	3112/100	1970-01-01 00:00:00
C	53ed7e5bdd50460095c01ae4a332dc8b	226176ddfdc24c74abfae6e4b314a696	2024-08-11 21:01:00	2024-08-11 19:49:23	2024-06-05 10:59:00	48c0a9bb8af04622bbb5c2e2aac3f735	Navy Rewards Card		AliExpress	OFX ext. info: |Trans type:Generic debit|Memo:aliexpress 408-7855580 CA - 4430	aliexpress 408-7855580 CA - 4430		c	-3112/100	-3112/100	2024-08-11 20:19:11
===== END
===== START
B	2e36e8fa558b4c35b089d4abf97b94fc	83d8f0245f344e23afb0fa8fe10bef1a	2024-08-11 21:01:03	2024-08-11 19:49:23	2024-06-05 10:59:00	7c452bea58344d23b0f556cf05df9fe0	Dining		Costco Gas Stations	OFX ext. info: |Trans type:Generic debit|Memo:COSTCO GAS #1079 TUCSON AZ - 0001			n	3494/100	3494/100	1970-01-01 00:00:00
B	2e36e8fa558b4c35b089d4abf97b94fc	b4db1d5238494fe5bef17a3e1c317840	2024-08-11 21:01:03	2024-08-11 19:49:23	2024-06-05 10:59:00	48c0a9bb8af04622bbb5c2e2aac3f735	Navy Rewards Card		Costco Gas Stations	OFX ext. info: |Trans type:Generic debit|Memo:COSTCO GAS #1079 TUCSON AZ - 0001	COSTCO GAS #1079 TUCSON AZ - 0001		c	-3494/100	-3494/100	2024-08-11 20:19:11
===== END
===== START
C	2e36e8fa558b4c35b089d4abf97b94fc	83d8f0245f344e23afb0fa8fe10bef1a	2024-08-11 21:01:03	2024-08-11 19:49:23	2024-06-05 10:59:00	8e074199bfaa4e0aae7c0e094b0ccf9e	Gas		Costco Gas Stations	OFX ext. info: |Trans type:Generic debit|Memo:COSTCO GAS #1079 TUCSON AZ - 0001			n	3494/100	3494/100	1970-01-01 00:00:00
C	2e36e8fa558b4c35b089d4abf97b94fc	b4db1d5238494fe5bef17a3e1c317840	2024-08-11 21:01:03	2024-08-11 19:49:23	2024-06-05 10:59:00	48c0a9bb8af04622bbb5c2e2aac3f735	Navy Rewards Card		Costco Gas Stations	OFX ext. info: |Trans type:Generic debit|Memo:COSTCO GAS #1079 TUCSON AZ - 0001	COSTCO GAS #1079 TUCSON AZ - 0001		c	-3494/100	-3494/100	2024-08-11 20:19:11
===== END
===== START
B	a843af4ab23d48458eec8a41d687b26f	82d4e855440841129800cbe598d55e89	2024-08-11 21:01:17	2024-08-11 19:49:23	2024-06-06 10:59:00	3323a52a32464e5db6926fdc8fbced8f	Imbalance-USD		Adobe	OFX ext. info: |Trans type:Generic debit|Memo:ADOBE INC. 408-536-6000 CA - 4430			n	3779/100	3779/100	1970-01-01 00:00:00
B	a843af4ab23d48458eec8a41d687b26f	e09319f69feb4e979f4ea3ca34145136	2024-08-11 21:01:17	2024-08-11 19:49:23	2024-06-06 10:59:00	48c0a9bb8af04622bbb5c2e2aac3f735	Navy Rewards Card		Adobe	OFX ext. info: |Trans type:Generic debit|Memo:ADOBE INC. 408-536-6000 CA - 4430	ADOBE INC. 408-536-6000 CA - 4430		c	-3779/100	-3779/100	2024-08-11 20:19:11
===== END
===== START
C	a843af4ab23d48458eec8a41d687b26f	82d4e855440841129800cbe598d55e89	2024-08-11 21:01:17	2024-08-11 19:49:23	2024-06-06 10:59:00	3feaad255df249169127e590b1602cd7	Subscriptions		Adobe	OFX ext. info: |Trans type:Generic debit|Memo:ADOBE INC. 408-536-6000 CA - 4430			n	3779/100	3779/100	1970-01-01 00:00:00
C	a843af4ab23d48458eec8a41d687b26f	e09319f69feb4e979f4ea3ca34145136	2024-08-11 21:01:17	2024-08-11 19:49:23	2024-06-06 10:59:00	48c0a9bb8af04622bbb5c2e2aac3f735	Navy Rewards Card		Adobe	OFX ext. info: |Trans type:Generic debit|Memo:ADOBE INC. 408-536-6000 CA - 4430	ADOBE INC. 408-536-6000 CA - 4430		c	-3779/100	-3779/100	2024-08-11 20:19:11
===== END
===== START
B	0d034b2c327646efb03285e28b8c4cf3	2b471fdbb1f54fb6b6ffb15db1ee71c9	2024-08-11 21:01:29	2024-08-11 19:49:23	2024-06-07 10:59:00	8e074199bfaa4e0aae7c0e094b0ccf9e	Gas		Costco	OFX ext. info: |Trans type:Generic debit|Memo:COSTCO WHSE #1079 TUCSON AZ - 0001			n	216/100	216/100	1970-01-01 00:00:00
B	0d034b2c327646efb03285e28b8c4cf3	41e2fc27203147838679c2e8c0b45448	2024-08-11 21:01:29	2024-08-11 19:49:23	2024-06-07 10:59:00	48c0a9bb8af04622bbb5c2e2aac3f735	Navy Rewards Card		Costco	OFX ext. info: |Trans type:Generic debit|Memo:COSTCO WHSE #1079 TUCSON AZ - 0001	COSTCO WHSE #1079 TUCSON AZ - 0001		c	-216/100	-216/100	2024-08-11 20:19:11
===== END
===== START
C	0d034b2c327646efb03285e28b8c4cf3	2b471fdbb1f54fb6b6ffb15db1ee71c9	2024-08-11 21:01:29	2024-08-11 19:49:23	2024-06-07 10:59:00	7c452bea58344d23b0f556cf05df9fe0	Dining		Costco	OFX ext. info: |Trans type:Generic debit|Memo:COSTCO WHSE #1079 TUCSON AZ - 0001			n	216/100	216/100	1970-01-01 00:00:00
C	0d034b2c327646efb03285e28b8c4cf3	41e2fc27203147838679c2e8c0b45448	2024-08-11 21:01:29	2024-08-11 19:49:23	2024-06-07 10:59:00	48c0a9bb8af04622bbb5c2e2aac3f735	Navy Rewards Card		Costco	OFX ext. info: |Trans type:Generic debit|Memo:COSTCO WHSE #1079 TUCSON AZ - 0001	COSTCO WHSE #1079 TUCSON AZ - 0001		c	-216/100	-216/100	2024-08-11 20:19:11
===== END
===== START
B	57aec964c8364e09b5ab78ed6a9d49eb	ae9c4c776efa4e6aa4c11420bdfea627	2024-08-11 21:01:33	2024-08-11 19:49:23	2024-06-07 10:59:00	8e074199bfaa4e0aae7c0e094b0ccf9e	Gas		Costco	OFX ext. info: |Trans type:Generic debit|Memo:COSTCO WHSE #1079 TUCSON AZ - 0001			n	3858/100	3858/100	1970-01-01 00:00:00
B	57aec964c8364e09b5ab78ed6a9d49eb	20a6965defc64428b347a48e5945176e	2024-08-11 21:01:33	2024-08-11 19:49:23	2024-06-07 10:59:00	48c0a9bb8af04622bbb5c2e2aac3f735	Navy Rewards Card		Costco	OFX ext. info: |Trans type:Generic debit|Memo:COSTCO WHSE #1079 TUCSON AZ - 0001	COSTCO WHSE #1079 TUCSON AZ - 0001		c	-3858/100	-3858/100	2024-08-11 20:19:11
===== END
===== START
C	57aec964c8364e09b5ab78ed6a9d49eb	ae9c4c776efa4e6aa4c11420bdfea627	2024-08-11 21:01:33	2024-08-11 19:49:23	2024-06-07 10:59:00	a996b30c3e714c1483ec007f2699fc71	Groceries		Costco	OFX ext. info: |Trans type:Generic debit|Memo:COSTCO WHSE #1079 TUCSON AZ - 0001			n	3858/100	3858/100	1970-01-01 00:00:00
C	57aec964c8364e09b5ab78ed6a9d49eb	20a6965defc64428b347a48e5945176e	2024-08-11 21:01:33	2024-08-11 19:49:23	2024-06-07 10:59:00	48c0a9bb8af04622bbb5c2e2aac3f735	Navy Rewards Card		Costco	OFX ext. info: |Trans type:Generic debit|Memo:COSTCO WHSE #1079 TUCSON AZ - 0001	COSTCO WHSE #1079 TUCSON AZ - 0001		c	-3858/100	-3858/100	2024-08-11 20:19:11
===== END
===== START
B	e46096e1e18c486884d70ebe1b99069d	9ee9153bc53f42c3945b26d056f1a0de	2024-08-11 21:01:35	2024-08-11 19:49:23	2024-06-10 10:59:00	3323a52a32464e5db6926fdc8fbced8f	Imbalance-USD		Amazon	OFX ext. info: |Trans type:Generic debit|Memo:AMAZON PRIME*WQ9VI6SQ3 amzn.com/billWA - 0001			n	325/100	325/100	1970-01-01 00:00:00
B	e46096e1e18c486884d70ebe1b99069d	aa8db248e5e847adbc2ff5fc26fc704c	2024-08-11 21:01:35	2024-08-11 19:49:23	2024-06-10 10:59:00	48c0a9bb8af04622bbb5c2e2aac3f735	Navy Rewards Card		Amazon	OFX ext. info: |Trans type:Generic debit|Memo:AMAZON PRIME*WQ9VI6SQ3 amzn.com/billWA - 0001	AMAZON PRIME*WQ9VI6SQ3 amzn.com/billWA - 0001		c	-325/100	-325/100	2024-08-11 20:19:11
===== END
===== START
C	e46096e1e18c486884d70ebe1b99069d	9ee9153bc53f42c3945b26d056f1a0de	2024-08-11 21:01:35	2024-08-11 19:49:23	2024-06-10 10:59:00	f51833ab51c446f28a6ab0d10a773759	Miscellaneous		Amazon	OFX ext. info: |Trans type:Generic debit|Memo:AMAZON PRIME*WQ9VI6SQ3 amzn.com/billWA - 0001			n	325/100	325/100	1970-01-01 00:00:00
C	e46096e1e18c486884d70ebe1b99069d	aa8db248e5e847adbc2ff5fc26fc704c	2024-08-11 21:01:35	2024-08-11 19:49:23	2024-06-10 10:59:00	48c0a9bb8af04622bbb5c2e2aac3f735	Navy Rewards Card		Amazon	OFX ext. info: |Trans type:Generic debit|Memo:AMAZON PRIME*WQ9VI6SQ3 amzn.com/billWA - 0001	AMAZON PRIME*WQ9VI6SQ3 amzn.com/billWA - 0001		c	-325/100	-325/100	2024-08-11 20:19:11
===== END
===== START
B	d517a0e824cb4620a171914a95bb8a5a	f0d526aedde54402adfbb2a807064efc	2024-08-11 21:01:45	2024-08-11 19:49:23	2024-06-10 10:59:00	3323a52a32464e5db6926fdc8fbced8f	Imbalance-USD		Bath & Body Works	OFX ext. info: |Trans type:Generic debit|Memo:bathandbodyworks.com 614-4157000 OH - 4430			n	8978/100	8978/100	1970-01-01 00:00:00
B	d517a0e824cb4620a171914a95bb8a5a	c3c413e762d14d06a7c2ffbce116d4b3	2024-08-11 21:01:45	2024-08-11 19:49:23	2024-06-10 10:59:00	48c0a9bb8af04622bbb5c2e2aac3f735	Navy Rewards Card		Bath & Body Works	OFX ext. info: |Trans type:Generic debit|Memo:bathandbodyworks.com 614-4157000 OH - 4430	bathandbodyworks.com 614-4157000 OH - 4430		c	-8978/100	-8978/100	2024-08-11 20:19:11
===== END
===== START
C	d517a0e824cb4620a171914a95bb8a5a	f0d526aedde54402adfbb2a807064efc	2024-08-11 21:01:45	2024-08-11 19:49:23	2024-06-10 10:59:00	f51833ab51c446f28a6ab0d10a773759	Miscellaneous		Bath & Body Works	OFX ext. info: |Trans type:Generic debit|Memo:bathandbodyworks.com 614-4157000 OH - 4430			n	8978/100	8978/100	1970-01-01 00:00:00
C	d517a0e824cb4620a171914a95bb8a5a	c3c413e762d14d06a7c2ffbce116d4b3	2024-08-11 21:01:45	2024-08-11 19:49:23	2024-06-10 10:59:00	48c0a9bb8af04622bbb5c2e2aac3f735	Navy Rewards Card		Bath & Body Works	OFX ext. info: |Trans type:Generic debit|Memo:bathandbodyworks.com 614-4157000 OH - 4430	bathandbodyworks.com 614-4157000 OH - 4430		c	-8978/100	-8978/100	2024-08-11 20:19:11
===== END
===== START
B	54f3ff58c86d4fd39a0d97aad90619be	4b4d17e78e694422b0cbae64bf09910a	2024-08-11 21:01:47	2024-08-11 19:49:23	2024-06-10 10:59:00	3323a52a32464e5db6926fdc8fbced8f	Imbalance-USD		McDonald's	OFX ext. info: |Trans type:Generic debit|Memo:MCDONALD'S F23366 TUCSON AZ - 0001			n	390/100	390/100	1970-01-01 00:00:00
B	54f3ff58c86d4fd39a0d97aad90619be	73993af48e004764b4fda4655eb7ee79	2024-08-11 21:01:47	2024-08-11 19:49:23	2024-06-10 10:59:00	48c0a9bb8af04622bbb5c2e2aac3f735	Navy Rewards Card		McDonald's	OFX ext. info: |Trans type:Generic debit|Memo:MCDONALD'S F23366 TUCSON AZ - 0001	MCDONALD'S F23366 TUCSON AZ - 0001		c	-390/100	-390/100	2024-08-11 20:19:11
===== END
===== START
C	54f3ff58c86d4fd39a0d97aad90619be	4b4d17e78e694422b0cbae64bf09910a	2024-08-11 21:01:47	2024-08-11 19:49:23	2024-06-10 10:59:00	7c452bea58344d23b0f556cf05df9fe0	Dining		McDonald's	OFX ext. info: |Trans type:Generic debit|Memo:MCDONALD'S F23366 TUCSON AZ - 0001			n	390/100	390/100	1970-01-01 00:00:00
C	54f3ff58c86d4fd39a0d97aad90619be	73993af48e004764b4fda4655eb7ee79	2024-08-11 21:01:47	2024-08-11 19:49:23	2024-06-10 10:59:00	48c0a9bb8af04622bbb5c2e2aac3f735	Navy Rewards Card		McDonald's	OFX ext. info: |Trans type:Generic debit|Memo:MCDONALD'S F23366 TUCSON AZ - 0001	MCDONALD'S F23366 TUCSON AZ - 0001		c	-390/100	-390/100	2024-08-11 20:19:11
===== END
===== START
B	011aaa0ad72e422c949394670d7d3e7e	8bba24bf19bc47129ad0b34354f7a9be	2024-08-11 21:01:48	2024-08-11 19:49:23	2024-06-10 10:59:00	3323a52a32464e5db6926fdc8fbced8f	Imbalance-USD		Original Chopshop	OFX ext. info: |Trans type:Generic debit|Memo:ORIGINAL CHOPSHOP 520-2082629 AZ - 0001			n	2906/100	2906/100	1970-01-01 00:00:00
B	011aaa0ad72e422c949394670d7d3e7e	e2af5deac3554bdabd1f277ccecd25ec	2024-08-11 21:01:48	2024-08-11 19:49:23	2024-06-10 10:59:00	48c0a9bb8af04622bbb5c2e2aac3f735	Navy Rewards Card		Original Chopshop	OFX ext. info: |Trans type:Generic debit|Memo:ORIGINAL CHOPSHOP 520-2082629 AZ - 0001	ORIGINAL CHOPSHOP 520-2082629 AZ - 0001		c	-2906/100	-2906/100	2024-08-11 20:19:11
===== END
===== START
C	011aaa0ad72e422c949394670d7d3e7e	8bba24bf19bc47129ad0b34354f7a9be	2024-08-11 21:01:48	2024-08-11 19:49:23	2024-06-10 10:59:00	7c452bea58344d23b0f556cf05df9fe0	Dining		Original Chopshop	OFX ext. info: |Trans type:Generic debit|Memo:ORIGINAL CHOPSHOP 520-2082629 AZ - 0001			n	2906/100	2906/100	1970-01-01 00:00:00
C	011aaa0ad72e422c949394670d7d3e7e	e2af5deac3554bdabd1f277ccecd25ec	2024-08-11 21:01:48	2024-08-11 19:49:23	2024-06-10 10:59:00	48c0a9bb8af04622bbb5c2e2aac3f735	Navy Rewards Card		Original Chopshop	OFX ext. info: |Trans type:Generic debit|Memo:ORIGINAL CHOPSHOP 520-2082629 AZ - 0001	ORIGINAL CHOPSHOP 520-2082629 AZ - 0001		c	-2906/100	-2906/100	2024-08-11 20:19:11
===== END
===== START
B	7ba78013f4264430b4c0cb5706ffb17d	c7b519eaf1bf4ce8a861000a4df60000	2024-08-11 21:02:14	2024-08-11 19:49:23	2024-06-10 10:59:00	3323a52a32464e5db6926fdc8fbced8f	Imbalance-USD		SQ *CRAFT COLLECTIVE Tucson AZ -	OFX ext. info: |Trans type:Generic debit|Memo:SQ *CRAFT COLLECTIVE Tucson AZ - 4430			n	27570/100	27570/100	1970-01-01 00:00:00
B	7ba78013f4264430b4c0cb5706ffb17d	6ceb919ecb7841babac3388b2c7fb58c	2024-08-11 21:02:14	2024-08-11 19:49:23	2024-06-10 10:59:00	48c0a9bb8af04622bbb5c2e2aac3f735	Navy Rewards Card		SQ *CRAFT COLLECTIVE Tucson AZ -	OFX ext. info: |Trans type:Generic debit|Memo:SQ *CRAFT COLLECTIVE Tucson AZ - 4430	SQ *CRAFT COLLECTIVE Tucson AZ - 4430		c	-27570/100	-27570/100	2024-08-11 20:19:11
===== END
===== START
C	7ba78013f4264430b4c0cb5706ffb17d	c7b519eaf1bf4ce8a861000a4df60000	2024-08-11 21:02:14	2024-08-11 19:49:23	2024-06-10 10:59:00	f51833ab51c446f28a6ab0d10a773759	Miscellaneous		SQ *CRAFT COLLECTIVE Tucson AZ -	OFX ext. info: |Trans type:Generic debit|Memo:SQ *CRAFT COLLECTIVE Tucson AZ - 4430			n	27570/100	27570/100	1970-01-01 00:00:00
C	7ba78013f4264430b4c0cb5706ffb17d	6ceb919ecb7841babac3388b2c7fb58c	2024-08-11 21:02:14	2024-08-11 19:49:23	2024-06-10 10:59:00	48c0a9bb8af04622bbb5c2e2aac3f735	Navy Rewards Card		SQ *CRAFT COLLECTIVE Tucson AZ -	OFX ext. info: |Trans type:Generic debit|Memo:SQ *CRAFT COLLECTIVE Tucson AZ - 4430	SQ *CRAFT COLLECTIVE Tucson AZ - 4430		c	-27570/100	-27570/100	2024-08-11 20:19:11
===== END
===== START
B	81f9acfe657e4fd99747b50e50adfca6	6b52e5b9cb3d4dda83c12a70bce2f6d1	2024-08-11 21:02:32	2024-08-11 19:49:23	2024-06-10 10:59:00	3323a52a32464e5db6926fdc8fbced8f	Imbalance-USD		Total Wine & More	OFX ext. info: |Trans type:Generic debit|Memo:TOTAL WINE AND MORE TUCSON AZ - 0001			n	4289/100	4289/100	1970-01-01 00:00:00
B	81f9acfe657e4fd99747b50e50adfca6	9ed461f6a5c3489196edb2e995079aa3	2024-08-11 21:02:32	2024-08-11 19:49:23	2024-06-10 10:59:00	48c0a9bb8af04622bbb5c2e2aac3f735	Navy Rewards Card		Total Wine & More	OFX ext. info: |Trans type:Generic debit|Memo:TOTAL WINE AND MORE TUCSON AZ - 0001	TOTAL WINE AND MORE TUCSON AZ - 0001		c	-4289/100	-4289/100	2024-08-11 20:19:11
===== END
===== START
C	81f9acfe657e4fd99747b50e50adfca6	6b52e5b9cb3d4dda83c12a70bce2f6d1	2024-08-11 21:02:32	2024-08-11 19:49:23	2024-06-10 10:59:00	a996b30c3e714c1483ec007f2699fc71	Groceries		Total Wine & More	OFX ext. info: |Trans type:Generic debit|Memo:TOTAL WINE AND MORE TUCSON AZ - 0001			n	4289/100	4289/100	1970-01-01 00:00:00
C	81f9acfe657e4fd99747b50e50adfca6	9ed461f6a5c3489196edb2e995079aa3	2024-08-11 21:02:32	2024-08-11 19:49:23	2024-06-10 10:59:00	48c0a9bb8af04622bbb5c2e2aac3f735	Navy Rewards Card		Total Wine & More	OFX ext. info: |Trans type:Generic debit|Memo:TOTAL WINE AND MORE TUCSON AZ - 0001	TOTAL WINE AND MORE TUCSON AZ - 0001		c	-4289/100	-4289/100	2024-08-11 20:19:11
===== END
===== START
B	82b3f219a747457f934d3e92bdb4f509	61e6a0103aed4a53b649b1785a88d779	2024-08-11 21:02:35	2024-08-11 19:49:23	2024-06-10 10:59:00	3323a52a32464e5db6926fdc8fbced8f	Imbalance-USD		Wall Street Journal	OFX ext. info: |Trans type:Generic debit|Memo:D J*WALL-ST-JOURNAL 800-568-7625 NJ - 0001			n	422/100	422/100	1970-01-01 00:00:00
B	82b3f219a747457f934d3e92bdb4f509	9fe5424125bc498b9e3ddf979ac39ab5	2024-08-11 21:02:35	2024-08-11 19:49:23	2024-06-10 10:59:00	48c0a9bb8af04622bbb5c2e2aac3f735	Navy Rewards Card		Wall Street Journal	OFX ext. info: |Trans type:Generic debit|Memo:D J*WALL-ST-JOURNAL 800-568-7625 NJ - 0001	D J*WALL-ST-JOURNAL 800-568-7625 NJ - 0001		c	-422/100	-422/100	2024-08-11 20:19:11
===== END
===== START
C	82b3f219a747457f934d3e92bdb4f509	61e6a0103aed4a53b649b1785a88d779	2024-08-11 21:02:35	2024-08-11 19:49:23	2024-06-10 10:59:00	3feaad255df249169127e590b1602cd7	Subscriptions		Wall Street Journal	OFX ext. info: |Trans type:Generic debit|Memo:D J*WALL-ST-JOURNAL 800-568-7625 NJ - 0001			n	422/100	422/100	1970-01-01 00:00:00
C	82b3f219a747457f934d3e92bdb4f509	9fe5424125bc498b9e3ddf979ac39ab5	2024-08-11 21:02:35	2024-08-11 19:49:23	2024-06-10 10:59:00	48c0a9bb8af04622bbb5c2e2aac3f735	Navy Rewards Card		Wall Street Journal	OFX ext. info: |Trans type:Generic debit|Memo:D J*WALL-ST-JOURNAL 800-568-7625 NJ - 0001	D J*WALL-ST-JOURNAL 800-568-7625 NJ - 0001		c	-422/100	-422/100	2024-08-11 20:19:11
===== END
===== START
B	eb6074dab8c94522bbfe07783e7d924e	f64d45c667f44c41908bd29be5a1876b	2024-08-11 21:02:42	2024-08-11 19:49:23	2024-06-12 10:59:00	7c452bea58344d23b0f556cf05df9fe0	Dining		Amazon	OFX ext. info: |Trans type:Generic debit|Memo:Amazon.com*N42NI4QA3 Amzn.com/billWA - 4430			n	4892/100	4892/100	1970-01-01 00:00:00
B	eb6074dab8c94522bbfe07783e7d924e	c4969acc7863404f9e256c6d9b3fff74	2024-08-11 21:02:42	2024-08-11 19:49:23	2024-06-12 10:59:00	48c0a9bb8af04622bbb5c2e2aac3f735	Navy Rewards Card		Amazon	OFX ext. info: |Trans type:Generic debit|Memo:Amazon.com*N42NI4QA3 Amzn.com/billWA - 4430	Amazon.com*N42NI4QA3 Amzn.com/billWA - 4430		c	-4892/100	-4892/100	2024-08-11 20:19:11
===== END
===== START
C	eb6074dab8c94522bbfe07783e7d924e	f64d45c667f44c41908bd29be5a1876b	2024-08-11 21:02:42	2024-08-11 19:49:23	2024-06-12 10:59:00	f51833ab51c446f28a6ab0d10a773759	Miscellaneous		Amazon	OFX ext. info: |Trans type:Generic debit|Memo:Amazon.com*N42NI4QA3 Amzn.com/billWA - 4430			n	4892/100	4892/100	1970-01-01 00:00:00
C	eb6074dab8c94522bbfe07783e7d924e	c4969acc7863404f9e256c6d9b3fff74	2024-08-11 21:02:42	2024-08-11 19:49:23	2024-06-12 10:59:00	48c0a9bb8af04622bbb5c2e2aac3f735	Navy Rewards Card		Amazon	OFX ext. info: |Trans type:Generic debit|Memo:Amazon.com*N42NI4QA3 Amzn.com/billWA - 4430	Amazon.com*N42NI4QA3 Amzn.com/billWA - 4430		c	-4892/100	-4892/100	2024-08-11 20:19:11
===== END
===== START
B	200c1d1c66634916b2735ce055bf0024	be7626cf46784ee695bfbe9e052c043b	2024-08-11 21:02:50	2024-08-11 19:49:23	2024-06-12 10:59:00	7c452bea58344d23b0f556cf05df9fe0	Dining		BENARDA VETERINARY HOSPITTUCSON	OFX ext. info: |Trans type:Generic debit|Memo:BENARDA VETERINARY HOSPITTUCSON AZ - 4430			n	14250/100	14250/100	1970-01-01 00:00:00
B	200c1d1c66634916b2735ce055bf0024	704d6e43e4de4b829aa64d6ad5a34726	2024-08-11 21:02:50	2024-08-11 19:49:23	2024-06-12 10:59:00	48c0a9bb8af04622bbb5c2e2aac3f735	Navy Rewards Card		BENARDA VETERINARY HOSPITTUCSON	OFX ext. info: |Trans type:Generic debit|Memo:BENARDA VETERINARY HOSPITTUCSON AZ - 4430	BENARDA VETERINARY HOSPITTUCSON AZ - 4430		c	-14250/100	-14250/100	2024-08-11 20:19:11
===== END
===== START
C	200c1d1c66634916b2735ce055bf0024	be7626cf46784ee695bfbe9e052c043b	2024-08-11 21:02:50	2024-08-11 19:49:23	2024-06-12 10:59:00	0287a1bc9c4949d4a9997f42ef1fe557	Pet Care		BENARDA VETERINARY HOSPITTUCSON	OFX ext. info: |Trans type:Generic debit|Memo:BENARDA VETERINARY HOSPITTUCSON AZ - 4430			n	14250/100	14250/100	1970-01-01 00:00:00
C	200c1d1c66634916b2735ce055bf0024	704d6e43e4de4b829aa64d6ad5a34726	2024-08-11 21:02:50	2024-08-11 19:49:23	2024-06-12 10:59:00	48c0a9bb8af04622bbb5c2e2aac3f735	Navy Rewards Card		BENARDA VETERINARY HOSPITTUCSON	OFX ext. info: |Trans type:Generic debit|Memo:BENARDA VETERINARY HOSPITTUCSON AZ - 4430	BENARDA VETERINARY HOSPITTUCSON AZ - 4430		c	-14250/100	-14250/100	2024-08-11 20:19:11
===== END
===== START
B	132aee4d05e54983a15c1f597a61bbef	be29f1c22b99417b9538102cd979497b	2024-08-11 21:02:57	2024-08-11 19:49:23	2024-06-12 10:59:00	7c452bea58344d23b0f556cf05df9fe0	Dining		OREILLYMEDIAPLATFORM XX-8969 MA	OFX ext. info: |Trans type:Generic debit|Memo:OREILLYMEDIAPLATFORM 800-889-8969 MA - 0001			n	5326/100	5326/100	1970-01-01 00:00:00
B	132aee4d05e54983a15c1f597a61bbef	3ccd881adbac4d3ca8c438fd48fb95e7	2024-08-11 21:02:57	2024-08-11 19:49:23	2024-06-12 10:59:00	48c0a9bb8af04622bbb5c2e2aac3f735	Navy Rewards Card		OREILLYMEDIAPLATFORM XX-8969 MA	OFX ext. info: |Trans type:Generic debit|Memo:OREILLYMEDIAPLATFORM 800-889-8969 MA - 0001	OREILLYMEDIAPLATFORM 800-889-8969 MA - 0001		c	-5326/100	-5326/100	2024-08-11 20:19:11
===== END
===== START
C	132aee4d05e54983a15c1f597a61bbef	be29f1c22b99417b9538102cd979497b	2024-08-11 21:02:57	2024-08-11 19:49:23	2024-06-12 10:59:00	3feaad255df249169127e590b1602cd7	Subscriptions		OREILLYMEDIAPLATFORM XX-8969 MA	OFX ext. info: |Trans type:Generic debit|Memo:OREILLYMEDIAPLATFORM 800-889-8969 MA - 0001			n	5326/100	5326/100	1970-01-01 00:00:00
C	132aee4d05e54983a15c1f597a61bbef	3ccd881adbac4d3ca8c438fd48fb95e7	2024-08-11 21:02:57	2024-08-11 19:49:23	2024-06-12 10:59:00	48c0a9bb8af04622bbb5c2e2aac3f735	Navy Rewards Card		OREILLYMEDIAPLATFORM XX-8969 MA	OFX ext. info: |Trans type:Generic debit|Memo:OREILLYMEDIAPLATFORM 800-889-8969 MA - 0001	OREILLYMEDIAPLATFORM 800-889-8969 MA - 0001		c	-5326/100	-5326/100	2024-08-11 20:19:11
===== END
===== START
B	390a6dd170d6476597134bae7dd5d616	16fcea23d6364c5090f6eb6794085c40	2024-08-11 21:03:16	2024-08-11 19:49:23	2024-06-14 10:59:00	3323a52a32464e5db6926fdc8fbced8f	Imbalance-USD		Best Western	OFX ext. info: |Trans type:Generic debit|Memo:BEST WESTERN MISSION I LAS CRUCES NM - 4430			n	9260/100	9260/100	1970-01-01 00:00:00
B	390a6dd170d6476597134bae7dd5d616	fdb0a32a10ac4300978dfb1e2fab0efe	2024-08-11 21:03:16	2024-08-11 19:49:23	2024-06-14 10:59:00	48c0a9bb8af04622bbb5c2e2aac3f735	Navy Rewards Card		Best Western	OFX ext. info: |Trans type:Generic debit|Memo:BEST WESTERN MISSION I LAS CRUCES NM - 4430	BEST WESTERN MISSION I LAS CRUCES NM - 4430		c	-9260/100	-9260/100	2024-08-11 20:19:11
===== END
===== START
C	390a6dd170d6476597134bae7dd5d616	16fcea23d6364c5090f6eb6794085c40	2024-08-11 21:03:16	2024-08-11 19:49:23	2024-06-14 10:59:00	39523e58dddf4d9c83c3a995e932b37f	Travel		Best Western	OFX ext. info: |Trans type:Generic debit|Memo:BEST WESTERN MISSION I LAS CRUCES NM - 4430			n	9260/100	9260/100	1970-01-01 00:00:00
C	390a6dd170d6476597134bae7dd5d616	fdb0a32a10ac4300978dfb1e2fab0efe	2024-08-11 21:03:16	2024-08-11 19:49:23	2024-06-14 10:59:00	48c0a9bb8af04622bbb5c2e2aac3f735	Navy Rewards Card		Best Western	OFX ext. info: |Trans type:Generic debit|Memo:BEST WESTERN MISSION I LAS CRUCES NM - 4430	BEST WESTERN MISSION I LAS CRUCES NM - 4430		c	-9260/100	-9260/100	2024-08-11 20:19:11
===== END
===== START
B	a3121ee21d8149d49d481af8278df0a2	34e7b2e5fbf24767a9e3952d1fbddf87	2024-08-11 21:03:22	2024-08-11 19:49:23	2024-06-14 10:59:00	3323a52a32464e5db6926fdc8fbced8f	Imbalance-USD		LOUIE'S GRILL AND BAR XX2298 OK	OFX ext. info: |Trans type:Generic debit|Memo:LOUIE'S GRILL AND BAR 301405-7512298 OK - 0001			n	5373/100	5373/100	1970-01-01 00:00:00
B	a3121ee21d8149d49d481af8278df0a2	25c9207c1ee949fea6728e8dae583234	2024-08-11 21:03:22	2024-08-11 19:49:23	2024-06-14 10:59:00	48c0a9bb8af04622bbb5c2e2aac3f735	Navy Rewards Card		LOUIE'S GRILL AND BAR XX2298 OK	OFX ext. info: |Trans type:Generic debit|Memo:LOUIE'S GRILL AND BAR 301405-7512298 OK - 0001	LOUIE'S GRILL AND BAR 301405-7512298 OK - 0001		c	-5373/100	-5373/100	2024-08-11 20:19:11
===== END
===== START
C	a3121ee21d8149d49d481af8278df0a2	34e7b2e5fbf24767a9e3952d1fbddf87	2024-08-11 21:03:22	2024-08-11 19:49:23	2024-06-14 10:59:00	7c452bea58344d23b0f556cf05df9fe0	Dining		LOUIE'S GRILL AND BAR XX2298 OK	OFX ext. info: |Trans type:Generic debit|Memo:LOUIE'S GRILL AND BAR 301405-7512298 OK - 0001			n	5373/100	5373/100	1970-01-01 00:00:00
C	a3121ee21d8149d49d481af8278df0a2	25c9207c1ee949fea6728e8dae583234	2024-08-11 21:03:22	2024-08-11 19:49:23	2024-06-14 10:59:00	48c0a9bb8af04622bbb5c2e2aac3f735	Navy Rewards Card		LOUIE'S GRILL AND BAR XX2298 OK	OFX ext. info: |Trans type:Generic debit|Memo:LOUIE'S GRILL AND BAR 301405-7512298 OK - 0001	LOUIE'S GRILL AND BAR 301405-7512298 OK - 0001		c	-5373/100	-5373/100	2024-08-11 20:19:11
===== END
===== START
B	f417492544f747e78d3057d2f6b6b686	4d5477ef60ff4199ac81627bccd5c349	2024-08-11 21:03:24	2024-08-11 19:49:23	2024-06-14 10:59:00	3323a52a32464e5db6926fdc8fbced8f	Imbalance-USD		Original Chopshop	OFX ext. info: |Trans type:Generic debit|Memo:ORIGINAL CHOPSHOP 520-2082629 AZ - 4430			n	2491/100	2491/100	1970-01-01 00:00:00
B	f417492544f747e78d3057d2f6b6b686	27e25f6594bd4da3b4b3e07237b4cd31	2024-08-11 21:03:24	2024-08-11 19:49:23	2024-06-14 10:59:00	48c0a9bb8af04622bbb5c2e2aac3f735	Navy Rewards Card		Original Chopshop	OFX ext. info: |Trans type:Generic debit|Memo:ORIGINAL CHOPSHOP 520-2082629 AZ - 4430	ORIGINAL CHOPSHOP 520-2082629 AZ - 4430		c	-2491/100	-2491/100	2024-08-11 20:19:11
===== END
===== START
C	f417492544f747e78d3057d2f6b6b686	4d5477ef60ff4199ac81627bccd5c349	2024-08-11 21:03:24	2024-08-11 19:49:23	2024-06-14 10:59:00	7c452bea58344d23b0f556cf05df9fe0	Dining		Original Chopshop	OFX ext. info: |Trans type:Generic debit|Memo:ORIGINAL CHOPSHOP 520-2082629 AZ - 4430			n	2491/100	2491/100	1970-01-01 00:00:00
C	f417492544f747e78d3057d2f6b6b686	27e25f6594bd4da3b4b3e07237b4cd31	2024-08-11 21:03:24	2024-08-11 19:49:23	2024-06-14 10:59:00	48c0a9bb8af04622bbb5c2e2aac3f735	Navy Rewards Card		Original Chopshop	OFX ext. info: |Trans type:Generic debit|Memo:ORIGINAL CHOPSHOP 520-2082629 AZ - 4430	ORIGINAL CHOPSHOP 520-2082629 AZ - 4430		c	-2491/100	-2491/100	2024-08-11 20:19:11
===== END
===== START
B	78c26be08875446a95328cbeac582998	22fde29c974a49b0af6f877f21fc81b3	2024-08-11 21:03:26	2024-08-11 19:49:23	2024-06-14 10:59:00	3323a52a32464e5db6926fdc8fbced8f	Imbalance-USD		Speedway	OFX ext. info: |Trans type:Generic debit|Memo:SPEEDWAY 09127 2210 E. LOLAS CRUCES NM - 0001			n	2981/100	2981/100	1970-01-01 00:00:00
B	78c26be08875446a95328cbeac582998	c9cf9f1a386a4e0a9c0b539c5d6966da	2024-08-11 21:03:26	2024-08-11 19:49:23	2024-06-14 10:59:00	48c0a9bb8af04622bbb5c2e2aac3f735	Navy Rewards Card		Speedway	OFX ext. info: |Trans type:Generic debit|Memo:SPEEDWAY 09127 2210 E. LOLAS CRUCES NM - 0001	SPEEDWAY 09127 2210 E. LOLAS CRUCES NM - 0001		c	-2981/100	-2981/100	2024-08-11 20:19:11
===== END
===== START
C	78c26be08875446a95328cbeac582998	22fde29c974a49b0af6f877f21fc81b3	2024-08-11 21:03:26	2024-08-11 19:49:23	2024-06-14 10:59:00	8e074199bfaa4e0aae7c0e094b0ccf9e	Gas		Speedway	OFX ext. info: |Trans type:Generic debit|Memo:SPEEDWAY 09127 2210 E. LOLAS CRUCES NM - 0001			n	2981/100	2981/100	1970-01-01 00:00:00
C	78c26be08875446a95328cbeac582998	c9cf9f1a386a4e0a9c0b539c5d6966da	2024-08-11 21:03:26	2024-08-11 19:49:23	2024-06-14 10:59:00	48c0a9bb8af04622bbb5c2e2aac3f735	Navy Rewards Card		Speedway	OFX ext. info: |Trans type:Generic debit|Memo:SPEEDWAY 09127 2210 E. LOLAS CRUCES NM - 0001	SPEEDWAY 09127 2210 E. LOLAS CRUCES NM - 0001		c	-2981/100	-2981/100	2024-08-11 20:19:11
===== END
===== START
B	ea0c40a25a7344efbd9a1925ca5c7d0d	8f350c84ee0a44d784cc80098c5a2f85	2024-08-11 21:03:30	2024-08-11 19:49:23	2024-06-14 10:59:00	3323a52a32464e5db6926fdc8fbced8f	Imbalance-USD		Spotify	OFX ext. info: |Trans type:Generic debit|Memo:SPOTIFY 877-778-1161 NY - 0001			n	1195/100	1195/100	1970-01-01 00:00:00
B	ea0c40a25a7344efbd9a1925ca5c7d0d	738ad45bca59433ba9349c4f8335bba9	2024-08-11 21:03:30	2024-08-11 19:49:23	2024-06-14 10:59:00	48c0a9bb8af04622bbb5c2e2aac3f735	Navy Rewards Card		Spotify	OFX ext. info: |Trans type:Generic debit|Memo:SPOTIFY 877-778-1161 NY - 0001	SPOTIFY 877-778-1161 NY - 0001		c	-1195/100	-1195/100	2024-08-11 20:19:11
===== END
===== START
C	ea0c40a25a7344efbd9a1925ca5c7d0d	8f350c84ee0a44d784cc80098c5a2f85	2024-08-11 21:03:30	2024-08-11 19:49:23	2024-06-14 10:59:00	3feaad255df249169127e590b1602cd7	Subscriptions		Spotify	OFX ext. info: |Trans type:Generic debit|Memo:SPOTIFY 877-778-1161 NY - 0001			n	1195/100	1195/100	1970-01-01 00:00:00
C	ea0c40a25a7344efbd9a1925ca5c7d0d	738ad45bca59433ba9349c4f8335bba9	2024-08-11 21:03:30	2024-08-11 19:49:23	2024-06-14 10:59:00	48c0a9bb8af04622bbb5c2e2aac3f735	Navy Rewards Card		Spotify	OFX ext. info: |Trans type:Generic debit|Memo:SPOTIFY 877-778-1161 NY - 0001	SPOTIFY 877-778-1161 NY - 0001		c	-1195/100	-1195/100	2024-08-11 20:19:11
===== END
===== START
B	1f06531de74e46ab82472ca8f2556247	47060b0f538d491e84a6856200944a6d	2024-08-11 21:03:33	2024-08-11 19:49:23	2024-06-17 10:59:00	3323a52a32464e5db6926fdc8fbced8f	Imbalance-USD		Allsup's	OFX ext. info: |Trans type:Generic debit|Memo:ALLSUP 102287 ELIDA NM - 0001			n	2545/100	2545/100	1970-01-01 00:00:00
B	1f06531de74e46ab82472ca8f2556247	eba8e45766284b80bd486358bc8d434e	2024-08-11 21:03:33	2024-08-11 19:49:23	2024-06-17 10:59:00	48c0a9bb8af04622bbb5c2e2aac3f735	Navy Rewards Card		Allsup's	OFX ext. info: |Trans type:Generic debit|Memo:ALLSUP 102287 ELIDA NM - 0001	ALLSUP 102287 ELIDA NM - 0001		c	-2545/100	-2545/100	2024-08-11 20:19:11
===== END
===== START
C	1f06531de74e46ab82472ca8f2556247	47060b0f538d491e84a6856200944a6d	2024-08-11 21:03:33	2024-08-11 19:49:23	2024-06-17 10:59:00	7c452bea58344d23b0f556cf05df9fe0	Dining		Allsup's	OFX ext. info: |Trans type:Generic debit|Memo:ALLSUP 102287 ELIDA NM - 0001			n	2545/100	2545/100	1970-01-01 00:00:00
C	1f06531de74e46ab82472ca8f2556247	eba8e45766284b80bd486358bc8d434e	2024-08-11 21:03:33	2024-08-11 19:49:23	2024-06-17 10:59:00	48c0a9bb8af04622bbb5c2e2aac3f735	Navy Rewards Card		Allsup's	OFX ext. info: |Trans type:Generic debit|Memo:ALLSUP 102287 ELIDA NM - 0001	ALLSUP 102287 ELIDA NM - 0001		c	-2545/100	-2545/100	2024-08-11 20:19:11
===== END
===== START
B	5994a164c33f4eeb85343c442c4bd43d	01d4e7e1bef84807ae30a84462ec88d0	2024-08-11 21:03:36	2024-08-11 19:49:23	2024-06-17 10:59:00	3323a52a32464e5db6926fdc8fbced8f	Imbalance-USD		Andy's Frozen Custard	OFX ext. info: |Trans type:Generic debit|Memo:WARR ACRES - ANDYS FROZEN5801 NW EXPREOK - 0001			n	672/100	672/100	1970-01-01 00:00:00
B	5994a164c33f4eeb85343c442c4bd43d	7b69163c80924509a21db1edc260ee3d	2024-08-11 21:03:36	2024-08-11 19:49:23	2024-06-17 10:59:00	48c0a9bb8af04622bbb5c2e2aac3f735	Navy Rewards Card		Andy's Frozen Custard	OFX ext. info: |Trans type:Generic debit|Memo:WARR ACRES - ANDYS FROZEN5801 NW EXPREOK - 0001	WARR ACRES - ANDYS FROZEN5801 NW EXPREOK - 0001		c	-672/100	-672/100	2024-08-11 20:19:11
===== END
===== START
C	5994a164c33f4eeb85343c442c4bd43d	01d4e7e1bef84807ae30a84462ec88d0	2024-08-11 21:03:36	2024-08-11 19:49:23	2024-06-17 10:59:00	7c452bea58344d23b0f556cf05df9fe0	Dining		Andy's Frozen Custard	OFX ext. info: |Trans type:Generic debit|Memo:WARR ACRES - ANDYS FROZEN5801 NW EXPREOK - 0001			n	672/100	672/100	1970-01-01 00:00:00
C	5994a164c33f4eeb85343c442c4bd43d	7b69163c80924509a21db1edc260ee3d	2024-08-11 21:03:36	2024-08-11 19:49:23	2024-06-17 10:59:00	48c0a9bb8af04622bbb5c2e2aac3f735	Navy Rewards Card		Andy's Frozen Custard	OFX ext. info: |Trans type:Generic debit|Memo:WARR ACRES - ANDYS FROZEN5801 NW EXPREOK - 0001	WARR ACRES - ANDYS FROZEN5801 NW EXPREOK - 0001		c	-672/100	-672/100	2024-08-11 20:19:11
===== END
===== START
B	dcec05ebd969436d8388746c9d060854	59e39a9807ae491ab1968107a96ca03a	2024-08-11 21:03:40	2024-08-11 19:49:23	2024-06-17 10:59:00	3323a52a32464e5db6926fdc8fbced8f	Imbalance-USD		Arizona Pest Control Company	OFX ext. info: |Trans type:Generic debit|Memo:ARIZONA PEST CONTROL 520-298-7821 AZ - 0001			n	7700/100	7700/100	1970-01-01 00:00:00
B	dcec05ebd969436d8388746c9d060854	a7364c59ade84e4bab5e051841d11822	2024-08-11 21:03:40	2024-08-11 19:49:23	2024-06-17 10:59:00	48c0a9bb8af04622bbb5c2e2aac3f735	Navy Rewards Card		Arizona Pest Control Company	OFX ext. info: |Trans type:Generic debit|Memo:ARIZONA PEST CONTROL 520-298-7821 AZ - 0001	ARIZONA PEST CONTROL 520-298-7821 AZ - 0001		c	-7700/100	-7700/100	2024-08-11 20:19:11
===== END
===== START
C	dcec05ebd969436d8388746c9d060854	59e39a9807ae491ab1968107a96ca03a	2024-08-11 21:03:40	2024-08-11 19:49:23	2024-06-17 10:59:00	e96006f03af946419f174c26ada68cf6	Home Repair		Arizona Pest Control Company	OFX ext. info: |Trans type:Generic debit|Memo:ARIZONA PEST CONTROL 520-298-7821 AZ - 0001			n	7700/100	7700/100	1970-01-01 00:00:00
C	dcec05ebd969436d8388746c9d060854	a7364c59ade84e4bab5e051841d11822	2024-08-11 21:03:40	2024-08-11 19:49:23	2024-06-17 10:59:00	48c0a9bb8af04622bbb5c2e2aac3f735	Navy Rewards Card		Arizona Pest Control Company	OFX ext. info: |Trans type:Generic debit|Memo:ARIZONA PEST CONTROL 520-298-7821 AZ - 0001	ARIZONA PEST CONTROL 520-298-7821 AZ - 0001		c	-7700/100	-7700/100	2024-08-11 20:19:11
===== END
===== START
B	90fc58ede82344c1bebc504fd1eac56a	c3f8dbf9d830445cac7b2de82fb417f4	2024-08-11 21:03:43	2024-08-11 19:49:23	2024-06-17 10:59:00	3323a52a32464e5db6926fdc8fbced8f	Imbalance-USD		Audible	OFX ext. info: |Trans type:Generic debit|Memo:Audible*0X64V65K3 Amzn.com/billNJ - 0001			n	1625/100	1625/100	1970-01-01 00:00:00
B	90fc58ede82344c1bebc504fd1eac56a	0ac637ae84fc476fa8fa7a4e714d1fb0	2024-08-11 21:03:43	2024-08-11 19:49:23	2024-06-17 10:59:00	48c0a9bb8af04622bbb5c2e2aac3f735	Navy Rewards Card		Audible	OFX ext. info: |Trans type:Generic debit|Memo:Audible*0X64V65K3 Amzn.com/billNJ - 0001	Audible*0X64V65K3 Amzn.com/billNJ - 0001		c	-1625/100	-1625/100	2024-08-11 20:19:11
===== END
===== START
C	90fc58ede82344c1bebc504fd1eac56a	c3f8dbf9d830445cac7b2de82fb417f4	2024-08-11 21:03:43	2024-08-11 19:49:23	2024-06-17 10:59:00	3feaad255df249169127e590b1602cd7	Subscriptions		Audible	OFX ext. info: |Trans type:Generic debit|Memo:Audible*0X64V65K3 Amzn.com/billNJ - 0001			n	1625/100	1625/100	1970-01-01 00:00:00
C	90fc58ede82344c1bebc504fd1eac56a	0ac637ae84fc476fa8fa7a4e714d1fb0	2024-08-11 21:03:43	2024-08-11 19:49:23	2024-06-17 10:59:00	48c0a9bb8af04622bbb5c2e2aac3f735	Navy Rewards Card		Audible	OFX ext. info: |Trans type:Generic debit|Memo:Audible*0X64V65K3 Amzn.com/billNJ - 0001	Audible*0X64V65K3 Amzn.com/billNJ - 0001		c	-1625/100	-1625/100	2024-08-11 20:19:11
===== END
===== START
B	58c09f0d4c15449ab2794ae3e4cf2743	9ca2e9d7d312497a93f1f2b48927d3cd	2024-08-11 21:03:50	2024-08-11 19:49:23	2024-06-17 10:59:00	3323a52a32464e5db6926fdc8fbced8f	Imbalance-USD		CORPORATE TENT BAR OMAHA NE - 00	OFX ext. info: |Trans type:Generic debit|Memo:CORPORATE TENT BAR OMAHA NE - 0001			n	3139/100	3139/100	1970-01-01 00:00:00
B	58c09f0d4c15449ab2794ae3e4cf2743	663e200f264a4df9af56c8f8583bdd63	2024-08-11 21:03:50	2024-08-11 19:49:23	2024-06-17 10:59:00	48c0a9bb8af04622bbb5c2e2aac3f735	Navy Rewards Card		CORPORATE TENT BAR OMAHA NE - 00	OFX ext. info: |Trans type:Generic debit|Memo:CORPORATE TENT BAR OMAHA NE - 0001	CORPORATE TENT BAR OMAHA NE - 0001		c	-3139/100	-3139/100	2024-08-11 20:19:11
===== END
===== START
C	58c09f0d4c15449ab2794ae3e4cf2743	9ca2e9d7d312497a93f1f2b48927d3cd	2024-08-11 21:03:50	2024-08-11 19:49:23	2024-06-17 10:59:00	7c452bea58344d23b0f556cf05df9fe0	Dining		CORPORATE TENT BAR OMAHA NE - 00	OFX ext. info: |Trans type:Generic debit|Memo:CORPORATE TENT BAR OMAHA NE - 0001			n	3139/100	3139/100	1970-01-01 00:00:00
C	58c09f0d4c15449ab2794ae3e4cf2743	663e200f264a4df9af56c8f8583bdd63	2024-08-11 21:03:50	2024-08-11 19:49:23	2024-06-17 10:59:00	48c0a9bb8af04622bbb5c2e2aac3f735	Navy Rewards Card		CORPORATE TENT BAR OMAHA NE - 00	OFX ext. info: |Trans type:Generic debit|Memo:CORPORATE TENT BAR OMAHA NE - 0001	CORPORATE TENT BAR OMAHA NE - 0001		c	-3139/100	-3139/100	2024-08-11 20:19:11
===== END
===== START
B	3577d3e268464eef8df39637c4cf8fa7	7e7127c309e04560b7a3dfb2e207b5f8	2024-08-11 21:03:54	2024-08-11 19:49:23	2024-06-17 10:59:00	3323a52a32464e5db6926fdc8fbced8f	Imbalance-USD		CrossFit	OFX ext. info: |Trans type:Generic debit|Memo:CROSSFIT 646 804-3506355 AZ - 0001			n	17866/100	17866/100	1970-01-01 00:00:00
B	3577d3e268464eef8df39637c4cf8fa7	20d1bb71cc2f428684cc692edaf5804d	2024-08-11 21:03:54	2024-08-11 19:49:23	2024-06-17 10:59:00	48c0a9bb8af04622bbb5c2e2aac3f735	Navy Rewards Card		CrossFit	OFX ext. info: |Trans type:Generic debit|Memo:CROSSFIT 646 804-3506355 AZ - 0001	CROSSFIT 646 804-3506355 AZ - 0001		c	-17866/100	-17866/100	2024-08-11 20:19:11
===== END
===== START
C	3577d3e268464eef8df39637c4cf8fa7	7e7127c309e04560b7a3dfb2e207b5f8	2024-08-11 21:03:54	2024-08-11 19:49:23	2024-06-17 10:59:00	3feaad255df249169127e590b1602cd7	Subscriptions		CrossFit	OFX ext. info: |Trans type:Generic debit|Memo:CROSSFIT 646 804-3506355 AZ - 0001			n	17866/100	17866/100	1970-01-01 00:00:00
C	3577d3e268464eef8df39637c4cf8fa7	20d1bb71cc2f428684cc692edaf5804d	2024-08-11 21:03:54	2024-08-11 19:49:23	2024-06-17 10:59:00	48c0a9bb8af04622bbb5c2e2aac3f735	Navy Rewards Card		CrossFit	OFX ext. info: |Trans type:Generic debit|Memo:CROSSFIT 646 804-3506355 AZ - 0001	CROSSFIT 646 804-3506355 AZ - 0001		c	-17866/100	-17866/100	2024-08-11 20:19:11
===== END
===== START
B	70a63eb63fb94d01b9459745dd0ed4cf	2b5260f5cbbf430e8b4f0ef93daa1cee	2024-08-11 21:03:57	2024-08-11 19:49:23	2024-06-17 10:59:00	3323a52a32464e5db6926fdc8fbced8f	Imbalance-USD		Fairfield Inn	OFX ext. info: |Trans type:Generic debit|Memo:FAIRFIELD INN & SUITES OKLAHOMA CITYOK - 0001			n	9463/100	9463/100	1970-01-01 00:00:00
B	70a63eb63fb94d01b9459745dd0ed4cf	3815d96301e442859e9c6126d66a8429	2024-08-11 21:03:57	2024-08-11 19:49:23	2024-06-17 10:59:00	48c0a9bb8af04622bbb5c2e2aac3f735	Navy Rewards Card		Fairfield Inn	OFX ext. info: |Trans type:Generic debit|Memo:FAIRFIELD INN & SUITES OKLAHOMA CITYOK - 0001	FAIRFIELD INN & SUITES OKLAHOMA CITYOK - 0001		c	-9463/100	-9463/100	2024-08-11 20:19:11
===== END
===== START
C	70a63eb63fb94d01b9459745dd0ed4cf	2b5260f5cbbf430e8b4f0ef93daa1cee	2024-08-11 21:03:57	2024-08-11 19:49:23	2024-06-17 10:59:00	39523e58dddf4d9c83c3a995e932b37f	Travel		Fairfield Inn	OFX ext. info: |Trans type:Generic debit|Memo:FAIRFIELD INN & SUITES OKLAHOMA CITYOK - 0001			n	9463/100	9463/100	1970-01-01 00:00:00
C	70a63eb63fb94d01b9459745dd0ed4cf	3815d96301e442859e9c6126d66a8429	2024-08-11 21:03:57	2024-08-11 19:49:23	2024-06-17 10:59:00	48c0a9bb8af04622bbb5c2e2aac3f735	Navy Rewards Card		Fairfield Inn	OFX ext. info: |Trans type:Generic debit|Memo:FAIRFIELD INN & SUITES OKLAHOMA CITYOK - 0001	FAIRFIELD INN & SUITES OKLAHOMA CITYOK - 0001		c	-9463/100	-9463/100	2024-08-11 20:19:11
===== END
===== START
B	15c842f860824aeaac1dfb8784c0d866	09754564ccd54202902e143e2e94ef13	2024-08-11 21:04:00	2024-08-11 19:49:23	2024-06-17 10:59:00	3323a52a32464e5db6926fdc8fbced8f	Imbalance-USD		Kwik Shop	OFX ext. info: |Trans type:Generic debit|Memo:KWIK SHOP #0711 PARK CITY KS - 0001			n	2651/100	2651/100	1970-01-01 00:00:00
B	15c842f860824aeaac1dfb8784c0d866	310df06fe78f4535a641222d85cbeada	2024-08-11 21:04:00	2024-08-11 19:49:23	2024-06-17 10:59:00	48c0a9bb8af04622bbb5c2e2aac3f735	Navy Rewards Card		Kwik Shop	OFX ext. info: |Trans type:Generic debit|Memo:KWIK SHOP #0711 PARK CITY KS - 0001	KWIK SHOP #0711 PARK CITY KS - 0001		c	-2651/100	-2651/100	2024-08-11 20:19:11
===== END
===== START
C	15c842f860824aeaac1dfb8784c0d866	09754564ccd54202902e143e2e94ef13	2024-08-11 21:04:00	2024-08-11 19:49:23	2024-06-17 10:59:00	7c452bea58344d23b0f556cf05df9fe0	Dining		Kwik Shop	OFX ext. info: |Trans type:Generic debit|Memo:KWIK SHOP #0711 PARK CITY KS - 0001			n	2651/100	2651/100	1970-01-01 00:00:00
C	15c842f860824aeaac1dfb8784c0d866	310df06fe78f4535a641222d85cbeada	2024-08-11 21:04:00	2024-08-11 19:49:23	2024-06-17 10:59:00	48c0a9bb8af04622bbb5c2e2aac3f735	Navy Rewards Card		Kwik Shop	OFX ext. info: |Trans type:Generic debit|Memo:KWIK SHOP #0711 PARK CITY KS - 0001	KWIK SHOP #0711 PARK CITY KS - 0001		c	-2651/100	-2651/100	2024-08-11 20:19:11
===== END
===== START
B	8623c3ba8c384233ac27c719441bf02e	90fbcbff13ac4f1db2eae873c9f9e7b5	2024-08-11 21:04:10	2024-08-11 19:49:23	2024-06-17 10:59:00	3323a52a32464e5db6926fdc8fbced8f	Imbalance-USD		Omaha's Henry Doorly Zoo And Aqu	OFX ext. info: |Trans type:Generic debit|Memo:OMAHA'S HENRY DOORLY Z OMAHA NE - 0001			n	5750/100	5750/100	1970-01-01 00:00:00
B	8623c3ba8c384233ac27c719441bf02e	7798a0dd92c348a1b10f2ceaf14a5048	2024-08-11 21:04:10	2024-08-11 19:49:23	2024-06-17 10:59:00	48c0a9bb8af04622bbb5c2e2aac3f735	Navy Rewards Card		Omaha's Henry Doorly Zoo And Aqu	OFX ext. info: |Trans type:Generic debit|Memo:OMAHA'S HENRY DOORLY Z OMAHA NE - 0001	OMAHA'S HENRY DOORLY Z OMAHA NE - 0001		c	-5750/100	-5750/100	2024-08-11 20:19:11
===== END
===== START
C	8623c3ba8c384233ac27c719441bf02e	90fbcbff13ac4f1db2eae873c9f9e7b5	2024-08-11 21:04:10	2024-08-11 19:49:23	2024-06-17 10:59:00	f51833ab51c446f28a6ab0d10a773759	Miscellaneous		Omaha's Henry Doorly Zoo And Aqu	OFX ext. info: |Trans type:Generic debit|Memo:OMAHA'S HENRY DOORLY Z OMAHA NE - 0001			n	5750/100	5750/100	1970-01-01 00:00:00
C	8623c3ba8c384233ac27c719441bf02e	7798a0dd92c348a1b10f2ceaf14a5048	2024-08-11 21:04:10	2024-08-11 19:49:23	2024-06-17 10:59:00	48c0a9bb8af04622bbb5c2e2aac3f735	Navy Rewards Card		Omaha's Henry Doorly Zoo And Aqu	OFX ext. info: |Trans type:Generic debit|Memo:OMAHA'S HENRY DOORLY Z OMAHA NE - 0001	OMAHA'S HENRY DOORLY Z OMAHA NE - 0001		c	-5750/100	-5750/100	2024-08-11 20:19:11
===== END
===== START
B	93420bd58e8748ab8ac45c72c1216362	4a417afeb2ec43ce8f0de18943314573	2024-08-11 21:04:13	2024-08-11 19:49:23	2024-06-17 10:59:00	3323a52a32464e5db6926fdc8fbced8f	Imbalance-USD		Shell	OFX ext. info: |Trans type:Generic debit|Memo:SHELL OIL10056959017 BRUNING NE - 0001			n	1914/100	1914/100	1970-01-01 00:00:00
B	93420bd58e8748ab8ac45c72c1216362	429276de807047d4b5fc0610eaef37e4	2024-08-11 21:04:13	2024-08-11 19:49:23	2024-06-17 10:59:00	48c0a9bb8af04622bbb5c2e2aac3f735	Navy Rewards Card		Shell	OFX ext. info: |Trans type:Generic debit|Memo:SHELL OIL10056959017 BRUNING NE - 0001	SHELL OIL10056959017 BRUNING NE - 0001		c	-1914/100	-1914/100	2024-08-11 20:19:11
===== END
===== START
C	93420bd58e8748ab8ac45c72c1216362	4a417afeb2ec43ce8f0de18943314573	2024-08-11 21:04:13	2024-08-11 19:49:23	2024-06-17 10:59:00	8e074199bfaa4e0aae7c0e094b0ccf9e	Gas		Shell	OFX ext. info: |Trans type:Generic debit|Memo:SHELL OIL10056959017 BRUNING NE - 0001			n	1914/100	1914/100	1970-01-01 00:00:00
C	93420bd58e8748ab8ac45c72c1216362	429276de807047d4b5fc0610eaef37e4	2024-08-11 21:04:13	2024-08-11 19:49:23	2024-06-17 10:59:00	48c0a9bb8af04622bbb5c2e2aac3f735	Navy Rewards Card		Shell	OFX ext. info: |Trans type:Generic debit|Memo:SHELL OIL10056959017 BRUNING NE - 0001	SHELL OIL10056959017 BRUNING NE - 0001		c	-1914/100	-1914/100	2024-08-11 20:19:11
===== END
===== START
B	c9a20e45fb3a49bcb0b4d3e5f00c5df4	0a0c3d77d4134fe4b981d6b858356bf7	2024-08-11 21:04:17	2024-08-11 19:49:23	2024-06-17 10:59:00	3323a52a32464e5db6926fdc8fbced8f	Imbalance-USD		SP RAYGUNSHIRTS XX1323 IA - 4430	OFX ext. info: |Trans type:Generic debit|Memo:SP RAYGUNSHIRTS 151-52881323 IA - 4430			n	2194/100	2194/100	1970-01-01 00:00:00
B	c9a20e45fb3a49bcb0b4d3e5f00c5df4	09d2ecc9c41343229b7eb5d66b4c6c46	2024-08-11 21:04:17	2024-08-11 19:49:23	2024-06-17 10:59:00	48c0a9bb8af04622bbb5c2e2aac3f735	Navy Rewards Card		SP RAYGUNSHIRTS XX1323 IA - 4430	OFX ext. info: |Trans type:Generic debit|Memo:SP RAYGUNSHIRTS 151-52881323 IA - 4430	SP RAYGUNSHIRTS 151-52881323 IA - 4430		c	-2194/100	-2194/100	2024-08-11 20:19:11
===== END
===== START
C	c9a20e45fb3a49bcb0b4d3e5f00c5df4	0a0c3d77d4134fe4b981d6b858356bf7	2024-08-11 21:04:17	2024-08-11 19:49:23	2024-06-17 10:59:00	f51833ab51c446f28a6ab0d10a773759	Miscellaneous		SP RAYGUNSHIRTS XX1323 IA - 4430	OFX ext. info: |Trans type:Generic debit|Memo:SP RAYGUNSHIRTS 151-52881323 IA - 4430			n	2194/100	2194/100	1970-01-01 00:00:00
C	c9a20e45fb3a49bcb0b4d3e5f00c5df4	09d2ecc9c41343229b7eb5d66b4c6c46	2024-08-11 21:04:17	2024-08-11 19:49:23	2024-06-17 10:59:00	48c0a9bb8af04622bbb5c2e2aac3f735	Navy Rewards Card		SP RAYGUNSHIRTS XX1323 IA - 4430	OFX ext. info: |Trans type:Generic debit|Memo:SP RAYGUNSHIRTS 151-52881323 IA - 4430	SP RAYGUNSHIRTS 151-52881323 IA - 4430		c	-2194/100	-2194/100	2024-08-11 20:19:11
===== END
===== START
B	5e56f9fe99de4c1eae1e48b785004b13	400be1ec2946452a9b4e4dd0c5184ff6	2024-08-11 21:04:19	2024-08-11 19:49:23	2024-06-17 10:59:00	3323a52a32464e5db6926fdc8fbced8f	Imbalance-USD		SQ *H EVENT MERCHANDISINGOmaha N	OFX ext. info: |Trans type:Generic debit|Memo:SQ *H EVENT MERCHANDISINGOmaha NE - 0001			n	4494/100	4494/100	1970-01-01 00:00:00
B	5e56f9fe99de4c1eae1e48b785004b13	7f85d2e284674870a44e33285cb530f7	2024-08-11 21:04:19	2024-08-11 19:49:23	2024-06-17 10:59:00	48c0a9bb8af04622bbb5c2e2aac3f735	Navy Rewards Card		SQ *H EVENT MERCHANDISINGOmaha N	OFX ext. info: |Trans type:Generic debit|Memo:SQ *H EVENT MERCHANDISINGOmaha NE - 0001	SQ *H EVENT MERCHANDISINGOmaha NE - 0001		c	-4494/100	-4494/100	2024-08-11 20:19:11
===== END
===== START
C	5e56f9fe99de4c1eae1e48b785004b13	400be1ec2946452a9b4e4dd0c5184ff6	2024-08-11 21:04:19	2024-08-11 19:49:23	2024-06-17 10:59:00	f51833ab51c446f28a6ab0d10a773759	Miscellaneous		SQ *H EVENT MERCHANDISINGOmaha N	OFX ext. info: |Trans type:Generic debit|Memo:SQ *H EVENT MERCHANDISINGOmaha NE - 0001			n	4494/100	4494/100	1970-01-01 00:00:00
C	5e56f9fe99de4c1eae1e48b785004b13	7f85d2e284674870a44e33285cb530f7	2024-08-11 21:04:19	2024-08-11 19:49:23	2024-06-17 10:59:00	48c0a9bb8af04622bbb5c2e2aac3f735	Navy Rewards Card		SQ *H EVENT MERCHANDISINGOmaha N	OFX ext. info: |Trans type:Generic debit|Memo:SQ *H EVENT MERCHANDISINGOmaha NE - 0001	SQ *H EVENT MERCHANDISINGOmaha NE - 0001		c	-4494/100	-4494/100	2024-08-11 20:19:11
===== END
===== START
B	2f2e1148a10c4b969212451a15701141	51b460237f14475fa735594bf3af20ce	2024-08-11 21:04:24	2024-08-11 19:49:23	2024-06-17 10:59:00	3323a52a32464e5db6926fdc8fbced8f	Imbalance-USD		SQ *THE FAT PUTTER Omaha NE - 00	OFX ext. info: |Trans type:Generic debit|Memo:SQ *THE FAT PUTTER Omaha NE - 0001			n	2996/100	2996/100	1970-01-01 00:00:00
B	2f2e1148a10c4b969212451a15701141	453386564f8748cbb64838d252ac6321	2024-08-11 21:04:24	2024-08-11 19:49:23	2024-06-17 10:59:00	48c0a9bb8af04622bbb5c2e2aac3f735	Navy Rewards Card		SQ *THE FAT PUTTER Omaha NE - 00	OFX ext. info: |Trans type:Generic debit|Memo:SQ *THE FAT PUTTER Omaha NE - 0001	SQ *THE FAT PUTTER Omaha NE - 0001		c	-2996/100	-2996/100	2024-08-11 20:19:11
===== END
===== START
C	2f2e1148a10c4b969212451a15701141	51b460237f14475fa735594bf3af20ce	2024-08-11 21:04:24	2024-08-11 19:49:23	2024-06-17 10:59:00	7c452bea58344d23b0f556cf05df9fe0	Dining		SQ *THE FAT PUTTER Omaha NE - 00	OFX ext. info: |Trans type:Generic debit|Memo:SQ *THE FAT PUTTER Omaha NE - 0001			n	2996/100	2996/100	1970-01-01 00:00:00
C	2f2e1148a10c4b969212451a15701141	453386564f8748cbb64838d252ac6321	2024-08-11 21:04:24	2024-08-11 19:49:23	2024-06-17 10:59:00	48c0a9bb8af04622bbb5c2e2aac3f735	Navy Rewards Card		SQ *THE FAT PUTTER Omaha NE - 00	OFX ext. info: |Trans type:Generic debit|Memo:SQ *THE FAT PUTTER Omaha NE - 0001	SQ *THE FAT PUTTER Omaha NE - 0001		c	-2996/100	-2996/100	2024-08-11 20:19:11
===== END
===== START
B	e9263f21f3b2409b83892ad42eeeb74a	d8f04131132e4fd3b5430bf90b8ed075	2024-08-11 21:04:30	2024-08-11 19:49:23	2024-06-17 10:59:00	3323a52a32464e5db6926fdc8fbced8f	Imbalance-USD		The Session Room	OFX ext. info: |Trans type:Generic debit|Memo:TST* THE SESSION ROOM OMAHA NE - 0001			n	6134/100	6134/100	1970-01-01 00:00:00
B	e9263f21f3b2409b83892ad42eeeb74a	ef796d74b48e45bb9e92c63697dbd47a	2024-08-11 21:04:30	2024-08-11 19:49:23	2024-06-17 10:59:00	48c0a9bb8af04622bbb5c2e2aac3f735	Navy Rewards Card		The Session Room	OFX ext. info: |Trans type:Generic debit|Memo:TST* THE SESSION ROOM OMAHA NE - 0001	TST* THE SESSION ROOM OMAHA NE - 0001		c	-6134/100	-6134/100	2024-08-11 20:19:11
===== END
===== START
C	e9263f21f3b2409b83892ad42eeeb74a	d8f04131132e4fd3b5430bf90b8ed075	2024-08-11 21:04:30	2024-08-11 19:49:23	2024-06-17 10:59:00	f51833ab51c446f28a6ab0d10a773759	Miscellaneous		The Session Room	OFX ext. info: |Trans type:Generic debit|Memo:TST* THE SESSION ROOM OMAHA NE - 0001			n	6134/100	6134/100	1970-01-01 00:00:00
C	e9263f21f3b2409b83892ad42eeeb74a	ef796d74b48e45bb9e92c63697dbd47a	2024-08-11 21:04:30	2024-08-11 19:49:23	2024-06-17 10:59:00	48c0a9bb8af04622bbb5c2e2aac3f735	Navy Rewards Card		The Session Room	OFX ext. info: |Trans type:Generic debit|Memo:TST* THE SESSION ROOM OMAHA NE - 0001	TST* THE SESSION ROOM OMAHA NE - 0001		c	-6134/100	-6134/100	2024-08-11 20:19:11
===== END
===== START
B	6a650abcc1bf4661b6514dd718f7a40d	32b0b991f15549cab3e7815d6f1c2679	2024-08-11 21:04:52	2024-08-11 19:49:23	2024-06-17 10:59:00	3323a52a32464e5db6926fdc8fbced8f	Imbalance-USD		Ticketmaster	OFX ext. info: |Trans type:Generic debit|Memo:TM TICKETMASTER 800-653-8000 CA - 0001			n	29915/100	29915/100	1970-01-01 00:00:00
B	6a650abcc1bf4661b6514dd718f7a40d	682bbeef438e43fa957b966762990d28	2024-08-11 21:04:52	2024-08-11 19:49:23	2024-06-17 10:59:00	48c0a9bb8af04622bbb5c2e2aac3f735	Navy Rewards Card		Ticketmaster	OFX ext. info: |Trans type:Generic debit|Memo:TM TICKETMASTER 800-653-8000 CA - 0001	TM TICKETMASTER 800-653-8000 CA - 0001		c	-29915/100	-29915/100	2024-08-11 20:19:11
===== END
===== START
C	6a650abcc1bf4661b6514dd718f7a40d	32b0b991f15549cab3e7815d6f1c2679	2024-08-11 21:04:52	2024-08-11 19:49:23	2024-06-17 10:59:00	bbed357c20cf4671bd7d4c792f540180	Recreation		Ticketmaster	OFX ext. info: |Trans type:Generic debit|Memo:TM TICKETMASTER 800-653-8000 CA - 0001			n	29915/100	29915/100	1970-01-01 00:00:00
C	6a650abcc1bf4661b6514dd718f7a40d	682bbeef438e43fa957b966762990d28	2024-08-11 21:04:52	2024-08-11 19:49:23	2024-06-17 10:59:00	48c0a9bb8af04622bbb5c2e2aac3f735	Navy Rewards Card		Ticketmaster	OFX ext. info: |Trans type:Generic debit|Memo:TM TICKETMASTER 800-653-8000 CA - 0001	TM TICKETMASTER 800-653-8000 CA - 0001		c	-29915/100	-29915/100	2024-08-11 20:19:11
===== END
===== START
B	2df6393229ca4d9d9bb7fa532043c015	733ab9ebffa540c888259716601078b3	2024-08-11 21:04:56	2024-08-11 19:49:23	2024-06-17 10:59:00	3323a52a32464e5db6926fdc8fbced8f	Imbalance-USD		Upstream Brewing Company	OFX ext. info: |Trans type:Generic debit|Memo:TST* UPSTREAM BREWING COMOmaha NE - 0001			n	8292/100	8292/100	1970-01-01 00:00:00
B	2df6393229ca4d9d9bb7fa532043c015	1b2eae5558e349079955b39895e7b671	2024-08-11 21:04:56	2024-08-11 19:49:23	2024-06-17 10:59:00	48c0a9bb8af04622bbb5c2e2aac3f735	Navy Rewards Card		Upstream Brewing Company	OFX ext. info: |Trans type:Generic debit|Memo:TST* UPSTREAM BREWING COMOmaha NE - 0001	TST* UPSTREAM BREWING COMOmaha NE - 0001		c	-8292/100	-8292/100	2024-08-11 20:19:11
===== END
===== START
C	2df6393229ca4d9d9bb7fa532043c015	733ab9ebffa540c888259716601078b3	2024-08-11 21:04:56	2024-08-11 19:49:23	2024-06-17 10:59:00	7c452bea58344d23b0f556cf05df9fe0	Dining		Upstream Brewing Company	OFX ext. info: |Trans type:Generic debit|Memo:TST* UPSTREAM BREWING COMOmaha NE - 0001			n	8292/100	8292/100	1970-01-01 00:00:00
C	2df6393229ca4d9d9bb7fa532043c015	1b2eae5558e349079955b39895e7b671	2024-08-11 21:04:56	2024-08-11 19:49:23	2024-06-17 10:59:00	48c0a9bb8af04622bbb5c2e2aac3f735	Navy Rewards Card		Upstream Brewing Company	OFX ext. info: |Trans type:Generic debit|Memo:TST* UPSTREAM BREWING COMOmaha NE - 0001	TST* UPSTREAM BREWING COMOmaha NE - 0001		c	-8292/100	-8292/100	2024-08-11 20:19:11
===== END
===== START
B	94b21feb8d60463583cd71fe08febbac	8903ce0800334ca7a0b3ff0a90d260ac	2024-08-11 21:05:06	2024-08-11 19:49:23	2024-06-18 10:59:00	a996b30c3e714c1483ec007f2699fc71	Groceries		D & S OIL COMPANY ELLSWORTH KS -	OFX ext. info: |Trans type:Generic debit|Memo:D & S OIL COMPANY ELLSWORTH KS - 0001			n	2555/100	2555/100	1970-01-01 00:00:00
B	94b21feb8d60463583cd71fe08febbac	4185d768858c455b8c90d1b8488f370e	2024-08-11 21:05:06	2024-08-11 19:49:23	2024-06-18 10:59:00	48c0a9bb8af04622bbb5c2e2aac3f735	Navy Rewards Card		D & S OIL COMPANY ELLSWORTH KS -	OFX ext. info: |Trans type:Generic debit|Memo:D & S OIL COMPANY ELLSWORTH KS - 0001	D & S OIL COMPANY ELLSWORTH KS - 0001		c	-2555/100	-2555/100	2024-08-11 20:19:11
===== END
===== START
C	94b21feb8d60463583cd71fe08febbac	8903ce0800334ca7a0b3ff0a90d260ac	2024-08-11 21:05:06	2024-08-11 19:49:23	2024-06-18 10:59:00	f51833ab51c446f28a6ab0d10a773759	Miscellaneous		D & S OIL COMPANY ELLSWORTH KS -	OFX ext. info: |Trans type:Generic debit|Memo:D & S OIL COMPANY ELLSWORTH KS - 0001			n	2555/100	2555/100	1970-01-01 00:00:00
C	94b21feb8d60463583cd71fe08febbac	4185d768858c455b8c90d1b8488f370e	2024-08-11 21:05:06	2024-08-11 19:49:23	2024-06-18 10:59:00	48c0a9bb8af04622bbb5c2e2aac3f735	Navy Rewards Card		D & S OIL COMPANY ELLSWORTH KS -	OFX ext. info: |Trans type:Generic debit|Memo:D & S OIL COMPANY ELLSWORTH KS - 0001	D & S OIL COMPANY ELLSWORTH KS - 0001		c	-2555/100	-2555/100	2024-08-11 20:19:11
===== END
===== START
B	7524b3416a2741f984f11112b5e019bb	8102607bc87a4b27b3a24c0e73247afc	2024-08-11 21:05:09	2024-08-11 19:49:23	2024-06-18 10:59:00	3323a52a32464e5db6926fdc8fbced8f	Imbalance-USD		Love's	OFX ext. info: |Trans type:Generic debit|Memo:LOVE'S #0116 INSIDE MEADE KS - 0001			n	750/100	750/100	1970-01-01 00:00:00
B	7524b3416a2741f984f11112b5e019bb	b93b97e45d894ebdb3f85ce7c5f9e851	2024-08-11 21:05:09	2024-08-11 19:49:23	2024-06-18 10:59:00	48c0a9bb8af04622bbb5c2e2aac3f735	Navy Rewards Card		Love's	OFX ext. info: |Trans type:Generic debit|Memo:LOVE'S #0116 INSIDE MEADE KS - 0001	LOVE'S #0116 INSIDE MEADE KS - 0001		c	-750/100	-750/100	2024-08-11 20:19:11
===== END
===== START
C	7524b3416a2741f984f11112b5e019bb	8102607bc87a4b27b3a24c0e73247afc	2024-08-11 21:05:09	2024-08-11 19:49:23	2024-06-18 10:59:00	7c452bea58344d23b0f556cf05df9fe0	Dining		Love's	OFX ext. info: |Trans type:Generic debit|Memo:LOVE'S #0116 INSIDE MEADE KS - 0001			n	750/100	750/100	1970-01-01 00:00:00
C	7524b3416a2741f984f11112b5e019bb	b93b97e45d894ebdb3f85ce7c5f9e851	2024-08-11 21:05:09	2024-08-11 19:49:23	2024-06-18 10:59:00	48c0a9bb8af04622bbb5c2e2aac3f735	Navy Rewards Card		Love's	OFX ext. info: |Trans type:Generic debit|Memo:LOVE'S #0116 INSIDE MEADE KS - 0001	LOVE'S #0116 INSIDE MEADE KS - 0001		c	-750/100	-750/100	2024-08-11 20:19:11
===== END
===== START
B	a816cba9ab814b0e899f125471acc0bc	15043c5c7fb14c5f89de2ce42328b132	2024-08-11 21:05:12	2024-08-11 19:49:23	2024-06-18 10:59:00	3323a52a32464e5db6926fdc8fbced8f	Imbalance-USD		Love's	OFX ext. info: |Trans type:Generic debit|Memo:LOVE'S #0116 OUTSIDE MEADE KS - 0001			n	2087/100	2087/100	1970-01-01 00:00:00
B	a816cba9ab814b0e899f125471acc0bc	df4507353920406587c8a4b64c5a7993	2024-08-11 21:05:12	2024-08-11 19:49:23	2024-06-18 10:59:00	48c0a9bb8af04622bbb5c2e2aac3f735	Navy Rewards Card		Love's	OFX ext. info: |Trans type:Generic debit|Memo:LOVE'S #0116 OUTSIDE MEADE KS - 0001	LOVE'S #0116 OUTSIDE MEADE KS - 0001		c	-2087/100	-2087/100	2024-08-11 20:19:11
===== END
===== START
C	a816cba9ab814b0e899f125471acc0bc	15043c5c7fb14c5f89de2ce42328b132	2024-08-11 21:05:13	2024-08-11 19:49:23	2024-06-18 10:59:00	8e074199bfaa4e0aae7c0e094b0ccf9e	Gas		Love's	OFX ext. info: |Trans type:Generic debit|Memo:LOVE'S #0116 OUTSIDE MEADE KS - 0001			n	2087/100	2087/100	1970-01-01 00:00:00
C	a816cba9ab814b0e899f125471acc0bc	df4507353920406587c8a4b64c5a7993	2024-08-11 21:05:13	2024-08-11 19:49:23	2024-06-18 10:59:00	48c0a9bb8af04622bbb5c2e2aac3f735	Navy Rewards Card		Love's	OFX ext. info: |Trans type:Generic debit|Memo:LOVE'S #0116 OUTSIDE MEADE KS - 0001	LOVE'S #0116 OUTSIDE MEADE KS - 0001		c	-2087/100	-2087/100	2024-08-11 20:19:11
===== END
