mod	trans_guid	split_guid	time_now	date_entered	date_posted	acc_guid	acc_name	num	description	notes	memo	action	reconciled	amount	value	date_reconciled
-----------------
===== START
B	4556fafeb69143fe818394cff4f276e2	b24fa13331014eeba0a8fc035defca4d	2024-08-11 23:56:05	2024-08-11 19:49:22	2024-08-06 10:59:00	3feaad255df249169127e590b1602cd7	Subscriptions		Adobe	OFX ext. info: |Trans type:Generic debit|Memo:ADOBE INC. 408-536-6000 CA - 4430			n	3779/100	3779/100	1970-01-01 00:00:00
B	4556fafeb69143fe818394cff4f276e2	be0ede3a43064e41bcb2672f70369ba1	2024-08-11 23:56:05	2024-08-11 19:49:22	2024-08-06 10:59:00	48c0a9bb8af04622bbb5c2e2aac3f735	Navy Rewards Card		Adobe	OFX ext. info: |Trans type:Generic debit|Memo:ADOBE INC. 408-536-6000 CA - 4430	ADOBE INC. 408-536-6000 CA - 4430		c	-3779/100	-3779/100	2024-08-11 20:19:11
===== END
===== START
C	4556fafeb69143fe818394cff4f276e2	b24fa13331014eeba0a8fc035defca4d	2024-08-11 23:56:05	2024-08-11 19:49:22	2024-08-06 10:59:00	3b01a95a74e44df980b012ebf4d817d1	Adobe		Adobe	OFX ext. info: |Trans type:Generic debit|Memo:ADOBE INC. 408-536-6000 CA - 4430			n	3779/100	3779/100	1970-01-01 00:00:00
C	4556fafeb69143fe818394cff4f276e2	be0ede3a43064e41bcb2672f70369ba1	2024-08-11 23:56:05	2024-08-11 19:49:22	2024-08-06 10:59:00	48c0a9bb8af04622bbb5c2e2aac3f735	Navy Rewards Card		Adobe	OFX ext. info: |Trans type:Generic debit|Memo:ADOBE INC. 408-536-6000 CA - 4430	ADOBE INC. 408-536-6000 CA - 4430		c	-3779/100	-3779/100	2024-08-11 20:19:11
===== END
===== START
B	513ba611f535407c8313cc506beec6f9	43038c152bde453ab11b46020fc58e4d	2024-08-11 23:56:08	2024-08-11 19:49:23	2024-04-04 10:59:00	3feaad255df249169127e590b1602cd7	Subscriptions		Apple.com	OFX ext. info: |Trans type:Generic debit|Memo:APPLE.COM/BILL 866-712-7753 CA - 0001			n	3912/100	3912/100	1970-01-01 00:00:00
B	513ba611f535407c8313cc506beec6f9	76021738d0304f61b223b176c87f3814	2024-08-11 23:56:08	2024-08-11 19:49:23	2024-04-04 10:59:00	48c0a9bb8af04622bbb5c2e2aac3f735	Navy Rewards Card		Apple.com	OFX ext. info: |Trans type:Generic debit|Memo:APPLE.COM/BILL 866-712-7753 CA - 0001	APPLE.COM/BILL 866-712-7753 CA - 0001		c	-3912/100	-3912/100	2024-08-11 20:19:10
===== END
===== START
C	513ba611f535407c8313cc506beec6f9	43038c152bde453ab11b46020fc58e4d	2024-08-11 23:56:08	2024-08-11 19:49:23	2024-04-04 10:59:00	c19f290b214c425bb0aca4756fa57eec	Apple		Apple.com	OFX ext. info: |Trans type:Generic debit|Memo:APPLE.COM/BILL 866-712-7753 CA - 0001			n	3912/100	3912/100	1970-01-01 00:00:00
C	513ba611f535407c8313cc506beec6f9	76021738d0304f61b223b176c87f3814	2024-08-11 23:56:08	2024-08-11 19:49:23	2024-04-04 10:59:00	48c0a9bb8af04622bbb5c2e2aac3f735	Navy Rewards Card		Apple.com	OFX ext. info: |Trans type:Generic debit|Memo:APPLE.COM/BILL 866-712-7753 CA - 0001	APPLE.COM/BILL 866-712-7753 CA - 0001		c	-3912/100	-3912/100	2024-08-11 20:19:10
===== END
===== START
B	132aee4d05e54983a15c1f597a61bbef	be29f1c22b99417b9538102cd979497b	2024-08-11 23:56:19	2024-08-11 19:49:23	2024-06-12 10:59:00	3feaad255df249169127e590b1602cd7	Subscriptions		OREILLYMEDIAPLATFORM XX-8969 MA	OFX ext. info: |Trans type:Generic debit|Memo:OREILLYMEDIAPLATFORM 800-889-8969 MA - 0001			n	5326/100	5326/100	1970-01-01 00:00:00
B	132aee4d05e54983a15c1f597a61bbef	3ccd881adbac4d3ca8c438fd48fb95e7	2024-08-11 23:56:19	2024-08-11 19:49:23	2024-06-12 10:59:00	48c0a9bb8af04622bbb5c2e2aac3f735	Navy Rewards Card		OREILLYMEDIAPLATFORM XX-8969 MA	OFX ext. info: |Trans type:Generic debit|Memo:OREILLYMEDIAPLATFORM 800-889-8969 MA - 0001	OREILLYMEDIAPLATFORM 800-889-8969 MA - 0001		c	-5326/100	-5326/100	2024-08-11 20:19:11
===== END
===== START
C	132aee4d05e54983a15c1f597a61bbef	be29f1c22b99417b9538102cd979497b	2024-08-11 23:56:19	2024-08-11 19:49:23	2024-06-12 10:59:00	317345f3092242da8b2a8824739c9209	Oreilly		OREILLYMEDIAPLATFORM XX-8969 MA	OFX ext. info: |Trans type:Generic debit|Memo:OREILLYMEDIAPLATFORM 800-889-8969 MA - 0001			n	5326/100	5326/100	1970-01-01 00:00:00
C	132aee4d05e54983a15c1f597a61bbef	3ccd881adbac4d3ca8c438fd48fb95e7	2024-08-11 23:56:19	2024-08-11 19:49:23	2024-06-12 10:59:00	48c0a9bb8af04622bbb5c2e2aac3f735	Navy Rewards Card		OREILLYMEDIAPLATFORM XX-8969 MA	OFX ext. info: |Trans type:Generic debit|Memo:OREILLYMEDIAPLATFORM 800-889-8969 MA - 0001	OREILLYMEDIAPLATFORM 800-889-8969 MA - 0001		c	-5326/100	-5326/100	2024-08-11 20:19:11
===== END
===== START
B	d4d33ee60f364385b78a80cff82eea8d	335e3114e23f4d73988a35714022ec2a	2024-08-11 23:56:26	2024-08-11 19:49:23	2024-07-12 10:59:00	3feaad255df249169127e590b1602cd7	Subscriptions		OREILLYMEDIAPLATFORM XX-8969 MA	OFX ext. info: |Trans type:Generic debit|Memo:OREILLYMEDIAPLATFORM 800-889-8969 MA - 0001			n	5326/100	5326/100	1970-01-01 00:00:00
B	d4d33ee60f364385b78a80cff82eea8d	e59ff18cb1674b2f957cecdbab290d1e	2024-08-11 23:56:26	2024-08-11 19:49:23	2024-07-12 10:59:00	48c0a9bb8af04622bbb5c2e2aac3f735	Navy Rewards Card		OREILLYMEDIAPLATFORM XX-8969 MA	OFX ext. info: |Trans type:Generic debit|Memo:OREILLYMEDIAPLATFORM 800-889-8969 MA - 0001	OREILLYMEDIAPLATFORM 800-889-8969 MA - 0001		c	-5326/100	-5326/100	2024-08-11 20:19:11
===== END
===== START
C	d4d33ee60f364385b78a80cff82eea8d	335e3114e23f4d73988a35714022ec2a	2024-08-11 23:56:26	2024-08-11 19:49:23	2024-07-12 10:59:00	317345f3092242da8b2a8824739c9209	Oreilly		OREILLYMEDIAPLATFORM XX-8969 MA	OFX ext. info: |Trans type:Generic debit|Memo:OREILLYMEDIAPLATFORM 800-889-8969 MA - 0001			n	5326/100	5326/100	1970-01-01 00:00:00
C	d4d33ee60f364385b78a80cff82eea8d	e59ff18cb1674b2f957cecdbab290d1e	2024-08-11 23:56:26	2024-08-11 19:49:23	2024-07-12 10:59:00	48c0a9bb8af04622bbb5c2e2aac3f735	Navy Rewards Card		OREILLYMEDIAPLATFORM XX-8969 MA	OFX ext. info: |Trans type:Generic debit|Memo:OREILLYMEDIAPLATFORM 800-889-8969 MA - 0001	OREILLYMEDIAPLATFORM 800-889-8969 MA - 0001		c	-5326/100	-5326/100	2024-08-11 20:19:11
===== END
===== START
B	92eebc27872646d781a61dfc15d018ff	911a00d1846e4e13aa95e6ccda830ffb	2024-08-11 23:56:48	2024-03-24 14:11:37	2024-02-29 10:59:00	3feaad255df249169127e590b1602cd7	Subscriptions		Hulu	OFX ext. info: |Trans type:Generic debit|Memo:Hulu 877-8244858 CA HULU.COM/BILLCA - 0001|Date funds available:2024-02-28 12:00:00			n	9737/100	9737/100	1970-01-01 00:00:00
B	92eebc27872646d781a61dfc15d018ff	4d0360bb4d394d9a943e110e725ea5d0	2024-08-11 23:56:48	2024-03-24 14:11:37	2024-02-29 10:59:00	48c0a9bb8af04622bbb5c2e2aac3f735	Navy Rewards Card		Hulu	OFX ext. info: |Trans type:Generic debit|Memo:Hulu 877-8244858 CA HULU.COM/BILLCA - 0001|Date funds available:2024-02-28 12:00:00	Hulu 877-8244858 CA HULU.COM/BILLCA - 0001		c	-9737/100	-9737/100	2024-03-24 14:13:07
===== END
===== START
C	92eebc27872646d781a61dfc15d018ff	911a00d1846e4e13aa95e6ccda830ffb	2024-08-11 23:56:48	2024-03-24 14:11:37	2024-02-29 10:59:00	64f06f212260499e9e4e2addbf56a1ee	Hulu		Hulu	OFX ext. info: |Trans type:Generic debit|Memo:Hulu 877-8244858 CA HULU.COM/BILLCA - 0001|Date funds available:2024-02-28 12:00:00			n	9737/100	9737/100	1970-01-01 00:00:00
C	92eebc27872646d781a61dfc15d018ff	4d0360bb4d394d9a943e110e725ea5d0	2024-08-11 23:56:48	2024-03-24 14:11:37	2024-02-29 10:59:00	48c0a9bb8af04622bbb5c2e2aac3f735	Navy Rewards Card		Hulu	OFX ext. info: |Trans type:Generic debit|Memo:Hulu 877-8244858 CA HULU.COM/BILLCA - 0001|Date funds available:2024-02-28 12:00:00	Hulu 877-8244858 CA HULU.COM/BILLCA - 0001		c	-9737/100	-9737/100	2024-03-24 14:13:07
===== END
===== START
B	d4edad9ef0ee42fdb629f1f7860b9c3e	1e7a71b235a94e529b4f05e5a70035c3	2024-08-11 23:56:51	2024-08-11 19:49:23	2024-03-29 10:59:00	3feaad255df249169127e590b1602cd7	Subscriptions		Hulu	OFX ext. info: |Trans type:Generic debit|Memo:Hulu 877-8244858 CA HULU.COM/BILLCA - 0001			n	9737/100	9737/100	1970-01-01 00:00:00
B	d4edad9ef0ee42fdb629f1f7860b9c3e	c574c8dca508472e8e09169eb1b424db	2024-08-11 23:56:51	2024-08-11 19:49:23	2024-03-29 10:59:00	48c0a9bb8af04622bbb5c2e2aac3f735	Navy Rewards Card		Hulu	OFX ext. info: |Trans type:Generic debit|Memo:Hulu 877-8244858 CA HULU.COM/BILLCA - 0001	Hulu 877-8244858 CA HULU.COM/BILLCA - 0001		c	-9737/100	-9737/100	2024-08-11 20:19:10
===== END
===== START
C	d4edad9ef0ee42fdb629f1f7860b9c3e	1e7a71b235a94e529b4f05e5a70035c3	2024-08-11 23:56:51	2024-08-11 19:49:23	2024-03-29 10:59:00	64f06f212260499e9e4e2addbf56a1ee	Hulu		Hulu	OFX ext. info: |Trans type:Generic debit|Memo:Hulu 877-8244858 CA HULU.COM/BILLCA - 0001			n	9737/100	9737/100	1970-01-01 00:00:00
C	d4edad9ef0ee42fdb629f1f7860b9c3e	c574c8dca508472e8e09169eb1b424db	2024-08-11 23:56:51	2024-08-11 19:49:23	2024-03-29 10:59:00	48c0a9bb8af04622bbb5c2e2aac3f735	Navy Rewards Card		Hulu	OFX ext. info: |Trans type:Generic debit|Memo:Hulu 877-8244858 CA HULU.COM/BILLCA - 0001	Hulu 877-8244858 CA HULU.COM/BILLCA - 0001		c	-9737/100	-9737/100	2024-08-11 20:19:10
===== END
===== START
B	64a2a47a260f468e927fe76be4402629	04bca8785b71436ab475ef739a3d6869	2024-08-11 23:56:55	2024-08-11 19:49:23	2024-04-29 10:59:00	3feaad255df249169127e590b1602cd7	Subscriptions		Hulu	OFX ext. info: |Trans type:Generic debit|Memo:Hulu 877-8244858 CA HULU.COM/BILLCA - 0001			n	9782/100	9782/100	1970-01-01 00:00:00
B	64a2a47a260f468e927fe76be4402629	537bfaef289c4e23b98f0ff158d79e0c	2024-08-11 23:56:55	2024-08-11 19:49:23	2024-04-29 10:59:00	48c0a9bb8af04622bbb5c2e2aac3f735	Navy Rewards Card		Hulu	OFX ext. info: |Trans type:Generic debit|Memo:Hulu 877-8244858 CA HULU.COM/BILLCA - 0001	Hulu 877-8244858 CA HULU.COM/BILLCA - 0001		c	-9782/100	-9782/100	2024-08-11 20:19:10
===== END
===== START
C	64a2a47a260f468e927fe76be4402629	04bca8785b71436ab475ef739a3d6869	2024-08-11 23:56:55	2024-08-11 19:49:23	2024-04-29 10:59:00	64f06f212260499e9e4e2addbf56a1ee	Hulu		Hulu	OFX ext. info: |Trans type:Generic debit|Memo:Hulu 877-8244858 CA HULU.COM/BILLCA - 0001			n	9782/100	9782/100	1970-01-01 00:00:00
C	64a2a47a260f468e927fe76be4402629	537bfaef289c4e23b98f0ff158d79e0c	2024-08-11 23:56:55	2024-08-11 19:49:23	2024-04-29 10:59:00	48c0a9bb8af04622bbb5c2e2aac3f735	Navy Rewards Card		Hulu	OFX ext. info: |Trans type:Generic debit|Memo:Hulu 877-8244858 CA HULU.COM/BILLCA - 0001	Hulu 877-8244858 CA HULU.COM/BILLCA - 0001		c	-9782/100	-9782/100	2024-08-11 20:19:10
===== END
===== START
B	4708d7c759b24165a18e2cd6ffbd38b5	6cca4931eebf42d0b7ce9d7b6d7704ba	2024-08-11 23:56:58	2024-08-11 19:49:23	2024-05-29 10:59:00	3feaad255df249169127e590b1602cd7	Subscriptions		Hulu	OFX ext. info: |Trans type:Generic debit|Memo:Hulu 877-8244858 CA HULU.COM/BILLCA - 0001			n	9782/100	9782/100	1970-01-01 00:00:00
B	4708d7c759b24165a18e2cd6ffbd38b5	c47001a1cdcd4d06a5634469514acd9c	2024-08-11 23:56:58	2024-08-11 19:49:23	2024-05-29 10:59:00	48c0a9bb8af04622bbb5c2e2aac3f735	Navy Rewards Card		Hulu	OFX ext. info: |Trans type:Generic debit|Memo:Hulu 877-8244858 CA HULU.COM/BILLCA - 0001	Hulu 877-8244858 CA HULU.COM/BILLCA - 0001		c	-9782/100	-9782/100	2024-08-11 20:19:11
===== END
===== START
C	4708d7c759b24165a18e2cd6ffbd38b5	6cca4931eebf42d0b7ce9d7b6d7704ba	2024-08-11 23:56:58	2024-08-11 19:49:23	2024-05-29 10:59:00	64f06f212260499e9e4e2addbf56a1ee	Hulu		Hulu	OFX ext. info: |Trans type:Generic debit|Memo:Hulu 877-8244858 CA HULU.COM/BILLCA - 0001			n	9782/100	9782/100	1970-01-01 00:00:00
C	4708d7c759b24165a18e2cd6ffbd38b5	c47001a1cdcd4d06a5634469514acd9c	2024-08-11 23:56:58	2024-08-11 19:49:23	2024-05-29 10:59:00	48c0a9bb8af04622bbb5c2e2aac3f735	Navy Rewards Card		Hulu	OFX ext. info: |Trans type:Generic debit|Memo:Hulu 877-8244858 CA HULU.COM/BILLCA - 0001	Hulu 877-8244858 CA HULU.COM/BILLCA - 0001		c	-9782/100	-9782/100	2024-08-11 20:19:11
===== END
===== START
B	ca868e793c9a4bf5b342005aa311e6e9	2dd89d8ea7574a81a7da60bf7c03fb86	2024-08-11 23:57:02	2024-08-11 19:49:23	2024-07-01 10:59:00	3feaad255df249169127e590b1602cd7	Subscriptions		Hulu	OFX ext. info: |Trans type:Generic debit|Memo:Hulu 877-8244858 CA HULU.COM/BILLCA - 0001			n	9782/100	9782/100	1970-01-01 00:00:00
B	ca868e793c9a4bf5b342005aa311e6e9	7684a6d3d3f24ffd89619b7792be99f1	2024-08-11 23:57:02	2024-08-11 19:49:23	2024-07-01 10:59:00	48c0a9bb8af04622bbb5c2e2aac3f735	Navy Rewards Card		Hulu	OFX ext. info: |Trans type:Generic debit|Memo:Hulu 877-8244858 CA HULU.COM/BILLCA - 0001	Hulu 877-8244858 CA HULU.COM/BILLCA - 0001		c	-9782/100	-9782/100	2024-08-11 20:19:11
===== END
===== START
C	ca868e793c9a4bf5b342005aa311e6e9	2dd89d8ea7574a81a7da60bf7c03fb86	2024-08-11 23:57:02	2024-08-11 19:49:23	2024-07-01 10:59:00	64f06f212260499e9e4e2addbf56a1ee	Hulu		Hulu	OFX ext. info: |Trans type:Generic debit|Memo:Hulu 877-8244858 CA HULU.COM/BILLCA - 0001			n	9782/100	9782/100	1970-01-01 00:00:00
C	ca868e793c9a4bf5b342005aa311e6e9	7684a6d3d3f24ffd89619b7792be99f1	2024-08-11 23:57:02	2024-08-11 19:49:23	2024-07-01 10:59:00	48c0a9bb8af04622bbb5c2e2aac3f735	Navy Rewards Card		Hulu	OFX ext. info: |Trans type:Generic debit|Memo:Hulu 877-8244858 CA HULU.COM/BILLCA - 0001	Hulu 877-8244858 CA HULU.COM/BILLCA - 0001		c	-9782/100	-9782/100	2024-08-11 20:19:11
===== END
===== START
B	8764a4fc604e462d86f0a16faef48741	ee5e313917f74179a6bff94086e7ce3e	2024-08-11 23:57:05	2024-08-11 19:49:22	2024-07-29 10:59:00	3feaad255df249169127e590b1602cd7	Subscriptions		Hulu	OFX ext. info: |Trans type:Generic debit|Memo:Hulu 877-8244858 CA HULU.COM/BILLCA - 0001			n	9782/100	9782/100	1970-01-01 00:00:00
B	8764a4fc604e462d86f0a16faef48741	331d93fc179d4d97b50b1111f4bae860	2024-08-11 23:57:05	2024-08-11 19:49:22	2024-07-29 10:59:00	48c0a9bb8af04622bbb5c2e2aac3f735	Navy Rewards Card		Hulu	OFX ext. info: |Trans type:Generic debit|Memo:Hulu 877-8244858 CA HULU.COM/BILLCA - 0001	Hulu 877-8244858 CA HULU.COM/BILLCA - 0001		c	-9782/100	-9782/100	2024-08-11 20:19:11
===== END
===== START
C	8764a4fc604e462d86f0a16faef48741	ee5e313917f74179a6bff94086e7ce3e	2024-08-11 23:57:05	2024-08-11 19:49:22	2024-07-29 10:59:00	64f06f212260499e9e4e2addbf56a1ee	Hulu		Hulu	OFX ext. info: |Trans type:Generic debit|Memo:Hulu 877-8244858 CA HULU.COM/BILLCA - 0001			n	9782/100	9782/100	1970-01-01 00:00:00
C	8764a4fc604e462d86f0a16faef48741	331d93fc179d4d97b50b1111f4bae860	2024-08-11 23:57:05	2024-08-11 19:49:22	2024-07-29 10:59:00	48c0a9bb8af04622bbb5c2e2aac3f735	Navy Rewards Card		Hulu	OFX ext. info: |Trans type:Generic debit|Memo:Hulu 877-8244858 CA HULU.COM/BILLCA - 0001	Hulu 877-8244858 CA HULU.COM/BILLCA - 0001		c	-9782/100	-9782/100	2024-08-11 20:19:11
===== END
===== START
B	01d0316827df422a989524742113ab79	6783a8c561d54d13a55d6f1af50ed630	2024-08-11 23:57:18	2024-03-24 14:46:04	2024-03-11 10:59:00	3feaad255df249169127e590b1602cd7	Subscriptions		McAfee	OFX ext. info: |Trans type:Generic debit|Memo:MCAFEE *WWW.MCAFEE.COM 866-622-3911 TX - 1928|Date funds available:2024-03-09 12:00:00			n	11999/100	11999/100	1970-01-01 00:00:00
B	01d0316827df422a989524742113ab79	4d54331b8ee0468fbf9de0a96ad55362	2024-08-11 23:57:18	2024-03-24 14:46:04	2024-03-11 10:59:00	39d3c305cefb42799b43896918986dd1	Visa Platinum		McAfee	OFX ext. info: |Trans type:Generic debit|Memo:MCAFEE *WWW.MCAFEE.COM 866-622-3911 TX - 1928|Date funds available:2024-03-09 12:00:00	MCAFEE *WWW.MCAFEE.COM 866-622-3911 TX - 1928		c	-11999/100	-11999/100	2024-03-24 14:47:39
===== END
===== START
C	01d0316827df422a989524742113ab79	6783a8c561d54d13a55d6f1af50ed630	2024-08-11 23:57:18	2024-03-24 14:46:04	2024-03-11 10:59:00	f221a04955a342e7a761aa8943255eb0	McAfee		McAfee	OFX ext. info: |Trans type:Generic debit|Memo:MCAFEE *WWW.MCAFEE.COM 866-622-3911 TX - 1928|Date funds available:2024-03-09 12:00:00			n	11999/100	11999/100	1970-01-01 00:00:00
C	01d0316827df422a989524742113ab79	4d54331b8ee0468fbf9de0a96ad55362	2024-08-11 23:57:18	2024-03-24 14:46:04	2024-03-11 10:59:00	39d3c305cefb42799b43896918986dd1	Visa Platinum		McAfee	OFX ext. info: |Trans type:Generic debit|Memo:MCAFEE *WWW.MCAFEE.COM 866-622-3911 TX - 1928|Date funds available:2024-03-09 12:00:00	MCAFEE *WWW.MCAFEE.COM 866-622-3911 TX - 1928		c	-11999/100	-11999/100	2024-03-24 14:47:39
===== END
===== START
B	d582887c61b444aab7d24a338098da16	02c6739287444c3ea28d118194f150bb	2024-08-11 23:57:23	2024-03-24 14:11:37	2024-03-18 10:59:00	3feaad255df249169127e590b1602cd7	Subscriptions		CrossFit	OFX ext. info: |Trans type:Generic debit|Memo:CROSSFIT 646 804-3506355 AZ - 0001|Date funds available:2024-03-15 12:00:00			n	17866/100	17866/100	1970-01-01 00:00:00
B	d582887c61b444aab7d24a338098da16	34fc978c84b241d19e6545501293b374	2024-08-11 23:57:23	2024-03-24 14:11:37	2024-03-18 10:59:00	48c0a9bb8af04622bbb5c2e2aac3f735	Navy Rewards Card		CrossFit	OFX ext. info: |Trans type:Generic debit|Memo:CROSSFIT 646 804-3506355 AZ - 0001|Date funds available:2024-03-15 12:00:00	CROSSFIT 646 804-3506355 AZ - 0001		c	-17866/100	-17866/100	2024-03-24 14:13:07
===== END
===== START
C	d582887c61b444aab7d24a338098da16	02c6739287444c3ea28d118194f150bb	2024-08-11 23:57:23	2024-03-24 14:11:37	2024-03-18 10:59:00	ac5cf4aed10e446e8abb30b01dbd58af	Crossift		CrossFit	OFX ext. info: |Trans type:Generic debit|Memo:CROSSFIT 646 804-3506355 AZ - 0001|Date funds available:2024-03-15 12:00:00			n	17866/100	17866/100	1970-01-01 00:00:00
C	d582887c61b444aab7d24a338098da16	34fc978c84b241d19e6545501293b374	2024-08-11 23:57:23	2024-03-24 14:11:37	2024-03-18 10:59:00	48c0a9bb8af04622bbb5c2e2aac3f735	Navy Rewards Card		CrossFit	OFX ext. info: |Trans type:Generic debit|Memo:CROSSFIT 646 804-3506355 AZ - 0001|Date funds available:2024-03-15 12:00:00	CROSSFIT 646 804-3506355 AZ - 0001		c	-17866/100	-17866/100	2024-03-24 14:13:07
===== END
===== START
B	a71d4c24ade046c08c5f6eb6e483eb81	a89b56860e2146efacdc39658957e040	2024-08-11 23:57:27	2024-08-11 19:49:23	2024-04-16 10:59:00	3feaad255df249169127e590b1602cd7	Subscriptions		CrossFit	OFX ext. info: |Trans type:Generic debit|Memo:CROSSFIT 646 804-3506355 AZ - 0001			n	17866/100	17866/100	1970-01-01 00:00:00
B	a71d4c24ade046c08c5f6eb6e483eb81	2fee49ec91a142faafb326628dbc6b6e	2024-08-11 23:57:27	2024-08-11 19:49:23	2024-04-16 10:59:00	48c0a9bb8af04622bbb5c2e2aac3f735	Navy Rewards Card		CrossFit	OFX ext. info: |Trans type:Generic debit|Memo:CROSSFIT 646 804-3506355 AZ - 0001	CROSSFIT 646 804-3506355 AZ - 0001		c	-17866/100	-17866/100	2024-08-11 20:19:10
===== END
===== START
C	a71d4c24ade046c08c5f6eb6e483eb81	a89b56860e2146efacdc39658957e040	2024-08-11 23:57:27	2024-08-11 19:49:23	2024-04-16 10:59:00	ac5cf4aed10e446e8abb30b01dbd58af	Crossift		CrossFit	OFX ext. info: |Trans type:Generic debit|Memo:CROSSFIT 646 804-3506355 AZ - 0001			n	17866/100	17866/100	1970-01-01 00:00:00
C	a71d4c24ade046c08c5f6eb6e483eb81	2fee49ec91a142faafb326628dbc6b6e	2024-08-11 23:57:27	2024-08-11 19:49:23	2024-04-16 10:59:00	48c0a9bb8af04622bbb5c2e2aac3f735	Navy Rewards Card		CrossFit	OFX ext. info: |Trans type:Generic debit|Memo:CROSSFIT 646 804-3506355 AZ - 0001	CROSSFIT 646 804-3506355 AZ - 0001		c	-17866/100	-17866/100	2024-08-11 20:19:10
===== END
===== START
B	f23dc85746c441339b99ff99667bb470	b5193b0dfc144270bc138032ee1a182d	2024-08-11 23:57:31	2024-08-11 19:49:23	2024-05-16 10:59:00	3feaad255df249169127e590b1602cd7	Subscriptions		CrossFit	OFX ext. info: |Trans type:Generic debit|Memo:CROSSFIT 646 804-3506355 AZ - 0001			n	17866/100	17866/100	1970-01-01 00:00:00
B	f23dc85746c441339b99ff99667bb470	2acfa6558acc45b49b99417f9f31ba03	2024-08-11 23:57:31	2024-08-11 19:49:23	2024-05-16 10:59:00	48c0a9bb8af04622bbb5c2e2aac3f735	Navy Rewards Card		CrossFit	OFX ext. info: |Trans type:Generic debit|Memo:CROSSFIT 646 804-3506355 AZ - 0001	CROSSFIT 646 804-3506355 AZ - 0001		c	-17866/100	-17866/100	2024-08-11 20:19:11
===== END
===== START
C	f23dc85746c441339b99ff99667bb470	b5193b0dfc144270bc138032ee1a182d	2024-08-11 23:57:31	2024-08-11 19:49:23	2024-05-16 10:59:00	ac5cf4aed10e446e8abb30b01dbd58af	Crossift		CrossFit	OFX ext. info: |Trans type:Generic debit|Memo:CROSSFIT 646 804-3506355 AZ - 0001			n	17866/100	17866/100	1970-01-01 00:00:00
C	f23dc85746c441339b99ff99667bb470	2acfa6558acc45b49b99417f9f31ba03	2024-08-11 23:57:31	2024-08-11 19:49:23	2024-05-16 10:59:00	48c0a9bb8af04622bbb5c2e2aac3f735	Navy Rewards Card		CrossFit	OFX ext. info: |Trans type:Generic debit|Memo:CROSSFIT 646 804-3506355 AZ - 0001	CROSSFIT 646 804-3506355 AZ - 0001		c	-17866/100	-17866/100	2024-08-11 20:19:11
===== END
===== START
B	3577d3e268464eef8df39637c4cf8fa7	7e7127c309e04560b7a3dfb2e207b5f8	2024-08-11 23:57:33	2024-08-11 19:49:23	2024-06-17 10:59:00	3feaad255df249169127e590b1602cd7	Subscriptions		CrossFit	OFX ext. info: |Trans type:Generic debit|Memo:CROSSFIT 646 804-3506355 AZ - 0001			n	17866/100	17866/100	1970-01-01 00:00:00
B	3577d3e268464eef8df39637c4cf8fa7	20d1bb71cc2f428684cc692edaf5804d	2024-08-11 23:57:33	2024-08-11 19:49:23	2024-06-17 10:59:00	48c0a9bb8af04622bbb5c2e2aac3f735	Navy Rewards Card		CrossFit	OFX ext. info: |Trans type:Generic debit|Memo:CROSSFIT 646 804-3506355 AZ - 0001	CROSSFIT 646 804-3506355 AZ - 0001		c	-17866/100	-17866/100	2024-08-11 20:19:11
===== END
===== START
C	3577d3e268464eef8df39637c4cf8fa7	7e7127c309e04560b7a3dfb2e207b5f8	2024-08-11 23:57:33	2024-08-11 19:49:23	2024-06-17 10:59:00	ac5cf4aed10e446e8abb30b01dbd58af	Crossift		CrossFit	OFX ext. info: |Trans type:Generic debit|Memo:CROSSFIT 646 804-3506355 AZ - 0001			n	17866/100	17866/100	1970-01-01 00:00:00
C	3577d3e268464eef8df39637c4cf8fa7	20d1bb71cc2f428684cc692edaf5804d	2024-08-11 23:57:33	2024-08-11 19:49:23	2024-06-17 10:59:00	48c0a9bb8af04622bbb5c2e2aac3f735	Navy Rewards Card		CrossFit	OFX ext. info: |Trans type:Generic debit|Memo:CROSSFIT 646 804-3506355 AZ - 0001	CROSSFIT 646 804-3506355 AZ - 0001		c	-17866/100	-17866/100	2024-08-11 20:19:11
===== END
===== START
B	19d826ee91804f2495232ab546582dc9	95aff1e8159744b2902c4c54bceb8534	2024-08-11 23:57:36	2024-08-11 19:49:22	2024-07-16 10:59:00	3feaad255df249169127e590b1602cd7	Subscriptions		CrossFit	OFX ext. info: |Trans type:Generic debit|Memo:CROSSFIT 646 804-3506355 AZ - 0001			n	17866/100	17866/100	1970-01-01 00:00:00
B	19d826ee91804f2495232ab546582dc9	576b47b72a544f0d912441b18d5aa745	2024-08-11 23:57:36	2024-08-11 19:49:22	2024-07-16 10:59:00	48c0a9bb8af04622bbb5c2e2aac3f735	Navy Rewards Card		CrossFit	OFX ext. info: |Trans type:Generic debit|Memo:CROSSFIT 646 804-3506355 AZ - 0001	CROSSFIT 646 804-3506355 AZ - 0001		c	-17866/100	-17866/100	2024-08-11 20:19:11
===== END
===== START
C	19d826ee91804f2495232ab546582dc9	95aff1e8159744b2902c4c54bceb8534	2024-08-11 23:57:36	2024-08-11 19:49:22	2024-07-16 10:59:00	ac5cf4aed10e446e8abb30b01dbd58af	Crossift		CrossFit	OFX ext. info: |Trans type:Generic debit|Memo:CROSSFIT 646 804-3506355 AZ - 0001			n	17866/100	17866/100	1970-01-01 00:00:00
C	19d826ee91804f2495232ab546582dc9	576b47b72a544f0d912441b18d5aa745	2024-08-11 23:57:36	2024-08-11 19:49:22	2024-07-16 10:59:00	48c0a9bb8af04622bbb5c2e2aac3f735	Navy Rewards Card		CrossFit	OFX ext. info: |Trans type:Generic debit|Memo:CROSSFIT 646 804-3506355 AZ - 0001	CROSSFIT 646 804-3506355 AZ - 0001		c	-17866/100	-17866/100	2024-08-11 20:19:11
===== END
===== START
D	36e48ce058334190aea15f8522263d69	f7e4e4e1c1b04f49a3ede9e7eb0dc3a0	2024-08-11 23:57:40	2024-08-11 23:57:40	2024-08-11 10:59:00								n	0/1	0/100	1970-01-01 00:00:00
===== END
===== START
===== END
===== START
B	d74a9d7d7bf14e839d0dda6615cf27ba	80a34ebbb7d442d68ac560f396a14fc6	2024-08-12 00:00:26	2024-01-21 17:09:53	2024-01-05 10:59:00	6217a7afd7e34252aa9114852df0b9a7	Supplies	4430	The Home Depot				n	2049/100	2049/100	1970-01-01 00:00:00
B	d74a9d7d7bf14e839d0dda6615cf27ba	9f522a7910e14163b9c237deedc0e6bb	2024-08-12 00:00:26	2024-01-21 17:09:53	2024-01-05 10:59:00	48c0a9bb8af04622bbb5c2e2aac3f735	Navy Rewards Card	4430	The Home Depot				c	-2049/100	-2049/100	2024-01-21 17:09:53
===== END
===== START
C	d74a9d7d7bf14e839d0dda6615cf27ba	80a34ebbb7d442d68ac560f396a14fc6	2024-08-12 00:00:26	2024-01-21 17:09:53	2024-01-05 10:59:00	e96006f03af946419f174c26ada68cf6	Home Repair	4430	The Home Depot				n	2049/100	2049/100	1970-01-01 00:00:00
C	d74a9d7d7bf14e839d0dda6615cf27ba	9f522a7910e14163b9c237deedc0e6bb	2024-08-12 00:00:26	2024-01-21 17:09:53	2024-01-05 10:59:00	48c0a9bb8af04622bbb5c2e2aac3f735	Navy Rewards Card	4430	The Home Depot				c	-2049/100	-2049/100	2024-01-21 17:09:53
===== END
===== START
D	a9619fd7100f4d089e703c0aed0c8ec7	e769b9c75ed74ba78419968a6a070fde	2024-08-12 00:00:29	2024-08-12 00:00:29	2024-08-11 10:59:00								n	0/1	0/100	1970-01-01 00:00:00
===== END
===== START
===== END
