mod	trans_guid	split_guid	time_now	date_entered	date_posted	acc_guid	acc_name	num	description	notes	memo	action	reconciled	amount	value	date_reconciled
-----------------
===== START
B	7894e1072c2e47dcaa4015ec67cd8259	f6e8d2a813c24791952c0daaf5ee1d55	2024-08-12 03:22:06	2024-02-07 03:01:31	2024-02-01 10:59:00	7602e2e17a804b4193d324c2da3f52ad	Mortgage Loan		Transfer to Mortgage				n	35498/100	35498/100	1970-01-01 00:00:00
B	7894e1072c2e47dcaa4015ec67cd8259	e52aca75d1b04ecebfb7ea65c96fc5bd	2024-08-12 03:22:06	2024-02-07 03:01:31	2024-02-01 10:59:00	7602e2e17a804b4193d324c2da3f52ad	Mortgage Loan		Transfer to Mortgage		Extra Principal Payment		n	15000/100	15000/100	1970-01-01 00:00:00
B	7894e1072c2e47dcaa4015ec67cd8259	7861c55501e74679a5e49f9342ed1189	2024-08-12 03:22:06	2024-02-07 03:01:31	2024-02-01 10:59:00	bc61b4f3e7b14a539b5858a72298ded2	Mortgage Interest		Transfer to Mortgage				n	38193/100	38193/100	1970-01-01 00:00:00
B	7894e1072c2e47dcaa4015ec67cd8259	e78ed2268207402fbe6a27e1dc386b61	2024-08-12 03:22:06	2024-02-07 03:01:31	2024-02-01 10:59:00	e168b98faf4a487e8fe04ef314cd5797	Home Insurance		Transfer to Mortgage				n	31633/100	31633/100	1970-01-01 00:00:00
B	7894e1072c2e47dcaa4015ec67cd8259	641ce893efa1423c94bb40d1bfb9f225	2024-08-12 03:22:06	2024-02-07 03:01:31	2024-02-01 10:59:00	5f8cd3d7d07f4e76916a760d36c0523b	Checking Account		Transfer to Mortgage				c	-120324/100	-120324/100	2024-02-25 23:12:08
===== END
===== START
C	7894e1072c2e47dcaa4015ec67cd8259	f6e8d2a813c24791952c0daaf5ee1d55	2024-08-12 03:22:24	2024-02-07 03:01:31	2024-02-01 10:59:00	44e62de6d4584063a29e51d2b286354e	Principal		Transfer to Mortgage				n	35498/100	35498/100	1970-01-01 00:00:00
C	7894e1072c2e47dcaa4015ec67cd8259	e52aca75d1b04ecebfb7ea65c96fc5bd	2024-08-12 03:22:24	2024-02-07 03:01:31	2024-02-01 10:59:00	57af0c9d6678493a9e63871c4089d09d	Principal Add.		Transfer to Mortgage		Extra Principal Payment		n	15000/100	15000/100	1970-01-01 00:00:00
C	7894e1072c2e47dcaa4015ec67cd8259	7861c55501e74679a5e49f9342ed1189	2024-08-12 03:22:24	2024-02-07 03:01:31	2024-02-01 10:59:00	64f62a5cdd484a45bb34183b4362e035	Interest		Transfer to Mortgage				n	38193/100	38193/100	1970-01-01 00:00:00
C	7894e1072c2e47dcaa4015ec67cd8259	e78ed2268207402fbe6a27e1dc386b61	2024-08-12 03:22:24	2024-02-07 03:01:31	2024-02-01 10:59:00	8a82287b7caa43b288f83bca008f5def	Escrow		Transfer to Mortgage				n	31633/100	31633/100	1970-01-01 00:00:00
C	7894e1072c2e47dcaa4015ec67cd8259	641ce893efa1423c94bb40d1bfb9f225	2024-08-12 03:22:24	2024-02-07 03:01:31	2024-02-01 10:59:00	5f8cd3d7d07f4e76916a760d36c0523b	Checking Account		Transfer to Mortgage				c	-120324/100	-120324/100	2024-02-25 23:12:08
===== END
===== START
===== END
===== START
D	bbb8737e3d3e49dc90a84d5c6a391583	028f1590e5ae49f5a776baf5c8119a5a	2024-08-12 03:25:18	2024-08-12 03:25:18	2024-08-11 10:59:00								n	0/1	0/100	1970-01-01 00:00:00
===== END
