mod	trans_guid	split_guid	time_now	date_entered	date_posted	acc_guid	acc_name	num	description	notes	memo	action	reconciled	amount	value	date_reconciled
-----------------
===== START
D	b40e20057204458aaaf271669fa4cc20	88158113df8b4237a2f2f2bea835fc64	2024-02-08 03:49:03	2024-02-08 03:49:03	2024-02-07 10:59:00								n	0/1	0/100	1970-01-01 00:00:00
===== END
===== START
D	718e647f734349f9b54e71474c3c4f03	3731af38333a4f359d64b002a4a97cf8	2024-02-08 03:49:04	2024-02-08 03:49:04	2024-02-07 10:59:00								n	0/1	0/100	1970-01-01 00:00:00
===== END
===== START
D	617bbb5f5c8e4e63ba70baa402eef997	4face100da0441d7af4d4e77603252cf	2024-02-08 03:49:06	2024-02-08 03:49:06	2024-01-01 10:59:00								n	0/1	0/100	1970-01-01 00:00:00
===== END
===== START
===== END
===== START
D	44020955e03c4440a03108ee8a2084b1	3ae39d2487a648b0a6ee53cfc1ed5364	2024-02-08 03:52:04	2024-02-08 03:52:04	2024-02-07 10:59:00								n	0/1	0/100	1970-01-01 00:00:00
===== END
===== START
===== END
===== START
D	248d1db4c1cb49e58ee2ea72bc21a307	8c68dbd61e1a47a78afe45091a4b2346	2024-02-08 03:52:36	2024-02-08 03:52:36	2024-02-07 10:59:00								n	0/1	0/100	1970-01-01 00:00:00
===== END
===== START
===== END
===== START
C	7208ba74a7284604bca829fb289bfd2e	d3b78eb7084447aa91537cb6acde0489	2024-02-08 03:55:04	2024-02-08 03:55:04	2024-02-07 10:59:00	3ef47bba671245fdb0780a4a9b012fe0	Opening Balances		Opening Money Market				n	-6290/100	-6290/100	1970-01-01 00:00:00
C	7208ba74a7284604bca829fb289bfd2e	d808d038a8b5488c8bccafdfe66c1770	2024-02-08 03:55:04	2024-02-08 03:55:04	2024-02-07 10:59:00	b53534792ca54bbfbd72334e64acf873	Money Market		Opening Money Market				n	6290/100	6290/100	1970-01-01 00:00:00
===== END
===== START
===== END
===== START
===== END
===== START
B	bbe01287fca743d1a81bce1590523716	e289f88be732424283c9bc8d9b012f09	2024-02-08 03:55:43	2024-02-07 03:01:30	2024-01-22 10:59:00	5f8cd3d7d07f4e76916a760d36c0523b	Checking Account		Transfer from Savings				c	6290/100	6290/100	2024-02-07 03:01:30
B	bbe01287fca743d1a81bce1590523716	621a3e93c8d14c60b7d99e85b6990b3e	2024-02-08 03:55:43	2024-02-07 03:01:30	2024-01-22 10:59:00	3e45e66efe13410b94f9aaf1785992e8	Gifts Received		Transfer from Savings				n	-6290/100	-6290/100	1970-01-01 00:00:00
===== END
===== START
C	bbe01287fca743d1a81bce1590523716	e289f88be732424283c9bc8d9b012f09	2024-02-08 03:55:43	2024-02-07 03:01:30	2024-01-22 10:59:00	5f8cd3d7d07f4e76916a760d36c0523b	Checking Account		Transfer from Savings				c	6290/100	6290/100	2024-02-07 03:01:30
C	bbe01287fca743d1a81bce1590523716	621a3e93c8d14c60b7d99e85b6990b3e	2024-02-08 03:55:43	2024-02-07 03:01:30	2024-01-22 10:59:00	b53534792ca54bbfbd72334e64acf873	Money Market		Transfer from Savings				n	-6290/100	-6290/100	1970-01-01 00:00:00
===== END
===== START
C	cdfff825041b41fdb995f343b54cbfda	35222b81ddf3469dbe0017e6b56bd64a	2024-02-08 03:57:04	2024-02-08 03:57:04	2024-02-07 10:59:00	3ef47bba671245fdb0780a4a9b012fe0	Opening Balances		Opening Savings Account				n	-196651/100	-196651/100	1970-01-01 00:00:00
C	cdfff825041b41fdb995f343b54cbfda	5491df83519f41439b67fa9426b005f4	2024-02-08 03:57:04	2024-02-08 03:57:04	2024-02-07 10:59:00	f81a1026c2184752ad99be88dcee694f	Savings Account		Opening Savings Account				n	196651/100	196651/100	1970-01-01 00:00:00
===== END
===== START
===== END
===== START
B	de3047236d4e434f8b0f01848eca3379	52ea9e38ec0540d6af22d4bbb58eca44	2024-02-08 03:57:31	2024-02-07 03:01:30	2024-01-22 10:59:00	5f8cd3d7d07f4e76916a760d36c0523b	Checking Account		Transfer from Shares				c	196151/100	196151/100	2024-02-07 03:01:30
B	de3047236d4e434f8b0f01848eca3379	9ea509c1de8046e3b566a0de21a4969c	2024-02-08 03:57:31	2024-02-07 03:01:30	2024-01-22 10:59:00	3e45e66efe13410b94f9aaf1785992e8	Gifts Received		Transfer from Shares				n	-196151/100	-196151/100	1970-01-01 00:00:00
===== END
===== START
C	de3047236d4e434f8b0f01848eca3379	52ea9e38ec0540d6af22d4bbb58eca44	2024-02-08 03:57:31	2024-02-07 03:01:30	2024-01-22 10:59:00	5f8cd3d7d07f4e76916a760d36c0523b	Checking Account		Transfer from Shares				c	196151/100	196151/100	2024-02-07 03:01:30
C	de3047236d4e434f8b0f01848eca3379	9ea509c1de8046e3b566a0de21a4969c	2024-02-08 03:57:31	2024-02-07 03:01:30	2024-01-22 10:59:00	f81a1026c2184752ad99be88dcee694f	Savings Account		Transfer from Shares				n	-196151/100	-196151/100	1970-01-01 00:00:00
===== END
===== START
===== END
===== START
B	cdfff825041b41fdb995f343b54cbfda	5491df83519f41439b67fa9426b005f4	2024-02-08 03:59:10	2024-02-08 03:57:04	2024-02-07 10:59:00	f81a1026c2184752ad99be88dcee694f	Savings Account		Opening Savings Account				n	196651/100	196651/100	1970-01-01 00:00:00
B	cdfff825041b41fdb995f343b54cbfda	35222b81ddf3469dbe0017e6b56bd64a	2024-02-08 03:59:10	2024-02-08 03:57:04	2024-02-07 10:59:00	3ef47bba671245fdb0780a4a9b012fe0	Opening Balances		Opening Savings Account				n	-196651/100	-196651/100	1970-01-01 00:00:00
===== END
===== START
C	cdfff825041b41fdb995f343b54cbfda	5491df83519f41439b67fa9426b005f4	2024-02-08 03:59:10	2024-02-08 03:57:04	2024-01-01 10:59:00	f81a1026c2184752ad99be88dcee694f	Savings Account		Opening Savings Account				n	196651/100	196651/100	1970-01-01 00:00:00
C	cdfff825041b41fdb995f343b54cbfda	35222b81ddf3469dbe0017e6b56bd64a	2024-02-08 03:59:10	2024-02-08 03:57:04	2024-01-01 10:59:00	3ef47bba671245fdb0780a4a9b012fe0	Opening Balances		Opening Savings Account				n	-196651/100	-196651/100	1970-01-01 00:00:00
===== END
