mod	trans_guid	split_guid	time_now	date_entered	date_posted	acc_guid	acc_name	num	description	notes	memo	action	reconciled	amount	value	date_reconciled
-----------------
===== START
===== END
===== START
===== END
===== START
===== END
===== START
===== END
===== START
===== END
===== START
===== END
===== START
D	b62036b9874c40f0abfe598d3994a8af	5264dde492af47d6808f973dd3d11bd5	2024-08-14 04:13:57	2024-08-14 04:13:57	2024-08-13 10:59:00								n	0/1	0/100	1970-01-01 00:00:00
===== END
===== START
===== END
===== START
B	c6c0be4886b24022a5e9d17b6128e979	40cccaf1f4174159808989d691797b7a	2024-08-14 04:16:55	2024-01-21 17:09:53	2024-01-02 10:59:00	789025d0417f4d7d9ea5258d8ea5a14a	Hobbies	0001	Vasa Fitness				n	10248/100	10248/100	1970-01-01 00:00:00
B	c6c0be4886b24022a5e9d17b6128e979	8944fcc07ec44912a2d5cfb417628f49	2024-08-14 04:16:55	2024-01-21 17:09:53	2024-01-02 10:59:00	48c0a9bb8af04622bbb5c2e2aac3f735	Navy Rewards Card	0001	Vasa Fitness				c	-10248/100	-10248/100	2024-01-21 17:09:53
===== END
===== START
C	c6c0be4886b24022a5e9d17b6128e979	40cccaf1f4174159808989d691797b7a	2024-08-14 04:16:55	2024-01-21 17:09:53	2024-01-02 10:59:00	ac5cf4aed10e446e8abb30b01dbd58af	Crossift	0001	Vasa Fitness				n	10248/100	10248/100	1970-01-01 00:00:00
C	c6c0be4886b24022a5e9d17b6128e979	8944fcc07ec44912a2d5cfb417628f49	2024-08-14 04:16:55	2024-01-21 17:09:53	2024-01-02 10:59:00	48c0a9bb8af04622bbb5c2e2aac3f735	Navy Rewards Card	0001	Vasa Fitness				c	-10248/100	-10248/100	2024-01-21 17:09:53
===== END
===== START
B	35b948f4c69144d5b56ad65132cabd4d	5300862cf2494c3f853562f977a60431	2024-08-14 04:17:03	2024-01-21 17:09:53	2024-01-03 10:59:00	789025d0417f4d7d9ea5258d8ea5a14a	Hobbies	0001	CrossFit				n	6912/100	6912/100	1970-01-01 00:00:00
B	35b948f4c69144d5b56ad65132cabd4d	2712b8de194648c4a631f3a3a365f0ef	2024-08-14 04:17:03	2024-01-21 17:09:53	2024-01-03 10:59:00	48c0a9bb8af04622bbb5c2e2aac3f735	Navy Rewards Card	0001	CrossFit				c	-6912/100	-6912/100	2024-01-21 17:09:53
===== END
===== START
C	35b948f4c69144d5b56ad65132cabd4d	5300862cf2494c3f853562f977a60431	2024-08-14 04:17:03	2024-01-21 17:09:53	2024-01-03 10:59:00	ac5cf4aed10e446e8abb30b01dbd58af	Crossift	0001	CrossFit				n	6912/100	6912/100	1970-01-01 00:00:00
C	35b948f4c69144d5b56ad65132cabd4d	2712b8de194648c4a631f3a3a365f0ef	2024-08-14 04:17:03	2024-01-21 17:09:53	2024-01-03 10:59:00	48c0a9bb8af04622bbb5c2e2aac3f735	Navy Rewards Card	0001	CrossFit				c	-6912/100	-6912/100	2024-01-21 17:09:53
===== END
===== START
B	07bacc8194ff42d4989546641f79d8b0	cad885ba96b54573ab0e3bae53419db0	2024-08-14 04:17:11	2024-01-21 17:09:54	2024-01-16 10:59:00	789025d0417f4d7d9ea5258d8ea5a14a	Hobbies	0001	CrossFit				n	17866/100	17866/100	1970-01-01 00:00:00
B	07bacc8194ff42d4989546641f79d8b0	54a068d9a98f43cbb24dd5e33c5b2446	2024-08-14 04:17:11	2024-01-21 17:09:54	2024-01-16 10:59:00	48c0a9bb8af04622bbb5c2e2aac3f735	Navy Rewards Card	0001	CrossFit				c	-17866/100	-17866/100	2024-01-21 17:09:54
===== END
===== START
C	07bacc8194ff42d4989546641f79d8b0	cad885ba96b54573ab0e3bae53419db0	2024-08-14 04:17:11	2024-01-21 17:09:54	2024-01-16 10:59:00	ac5cf4aed10e446e8abb30b01dbd58af	Crossift	0001	CrossFit				n	17866/100	17866/100	1970-01-01 00:00:00
C	07bacc8194ff42d4989546641f79d8b0	54a068d9a98f43cbb24dd5e33c5b2446	2024-08-14 04:17:11	2024-01-21 17:09:54	2024-01-16 10:59:00	48c0a9bb8af04622bbb5c2e2aac3f735	Navy Rewards Card	0001	CrossFit				c	-17866/100	-17866/100	2024-01-21 17:09:54
===== END
===== START
===== END
===== START
B	c6c0be4886b24022a5e9d17b6128e979	40cccaf1f4174159808989d691797b7a	2024-08-14 04:17:39	2024-01-21 17:09:53	2024-01-02 10:59:00	ac5cf4aed10e446e8abb30b01dbd58af	Crossift	0001	Vasa Fitness				n	10248/100	10248/100	1970-01-01 00:00:00
B	c6c0be4886b24022a5e9d17b6128e979	8944fcc07ec44912a2d5cfb417628f49	2024-08-14 04:17:39	2024-01-21 17:09:53	2024-01-02 10:59:00	48c0a9bb8af04622bbb5c2e2aac3f735	Navy Rewards Card	0001	Vasa Fitness				c	-10248/100	-10248/100	2024-01-21 17:09:53
===== END
===== START
C	c6c0be4886b24022a5e9d17b6128e979	40cccaf1f4174159808989d691797b7a	2024-08-14 04:17:39	2024-01-21 17:09:53	2024-01-02 10:59:00	f163c9815f834dabbb52b2bfec00d4c6	Gym Membership	0001	Vasa Fitness				n	10248/100	10248/100	1970-01-01 00:00:00
C	c6c0be4886b24022a5e9d17b6128e979	8944fcc07ec44912a2d5cfb417628f49	2024-08-14 04:17:39	2024-01-21 17:09:53	2024-01-02 10:59:00	48c0a9bb8af04622bbb5c2e2aac3f735	Navy Rewards Card	0001	Vasa Fitness				c	-10248/100	-10248/100	2024-01-21 17:09:53
===== END
