mod	trans_guid	split_guid	time_now	date_entered	date_posted	acc_guid	acc_name	num	description	notes	memo	action	reconciled	amount	value	date_reconciled
-----------------
===== START
B	0573f63a57cf48a893dd53c03875c293	7068e3fcd9ea4f46963938abcb547f86	2024-08-12 00:01:32	2024-02-04 20:43:14	2024-01-22 10:59:00	a19b8e9ca2e241b39cce05dd566e3aca	Uber		UBER TRIP HELPUBERCOM CA				n	699/100	699/100	1970-01-01 00:00:00
B	0573f63a57cf48a893dd53c03875c293	4244d25ca69b45e78c7a9ddc103fa0c0	2024-08-12 00:01:32	2024-02-04 20:43:14	2024-01-22 10:59:00	48c0a9bb8af04622bbb5c2e2aac3f735	Navy Rewards Card		UBER TRIP HELPUBERCOM CA				c	-699/100	-699/100	2024-02-04 20:43:14
===== END
===== START
C	0573f63a57cf48a893dd53c03875c293	7068e3fcd9ea4f46963938abcb547f86	2024-08-12 00:01:32	2024-02-04 20:43:14	2024-01-22 10:59:00	39523e58dddf4d9c83c3a995e932b37f	Travel		UBER TRIP HELPUBERCOM CA				n	699/100	699/100	1970-01-01 00:00:00
C	0573f63a57cf48a893dd53c03875c293	4244d25ca69b45e78c7a9ddc103fa0c0	2024-08-12 00:01:32	2024-02-04 20:43:14	2024-01-22 10:59:00	48c0a9bb8af04622bbb5c2e2aac3f735	Navy Rewards Card		UBER TRIP HELPUBERCOM CA				c	-699/100	-699/100	2024-02-04 20:43:14
===== END
===== START
B	2e9130c5f38e46849033129c28247a47	036c5f0675744145b62dd24ed1afbacb	2024-08-12 00:01:37	2024-02-04 20:43:14	2024-01-22 10:59:00	a19b8e9ca2e241b39cce05dd566e3aca	Uber		UBER TRIP HELPUBERCOM CA				n	1199/100	1199/100	1970-01-01 00:00:00
B	2e9130c5f38e46849033129c28247a47	06207e7fdce14a6a9d20200389d450c8	2024-08-12 00:01:37	2024-02-04 20:43:14	2024-01-22 10:59:00	48c0a9bb8af04622bbb5c2e2aac3f735	Navy Rewards Card		UBER TRIP HELPUBERCOM CA				c	-1199/100	-1199/100	2024-02-04 20:43:14
===== END
===== START
C	2e9130c5f38e46849033129c28247a47	036c5f0675744145b62dd24ed1afbacb	2024-08-12 00:01:37	2024-02-04 20:43:14	2024-01-22 10:59:00	39523e58dddf4d9c83c3a995e932b37f	Travel		UBER TRIP HELPUBERCOM CA				n	1199/100	1199/100	1970-01-01 00:00:00
C	2e9130c5f38e46849033129c28247a47	06207e7fdce14a6a9d20200389d450c8	2024-08-12 00:01:37	2024-02-04 20:43:14	2024-01-22 10:59:00	48c0a9bb8af04622bbb5c2e2aac3f735	Navy Rewards Card		UBER TRIP HELPUBERCOM CA				c	-1199/100	-1199/100	2024-02-04 20:43:14
===== END
===== START
B	699a6661ecad44ab916e0cde2621012c	3e986656fd2347f885fb6adb5c700d84	2024-08-12 00:01:41	2024-02-04 20:43:14	2024-01-22 10:59:00	a19b8e9ca2e241b39cce05dd566e3aca	Uber		UBER TRIP HELPUBERCOM CA				n	100/100	100/100	1970-01-01 00:00:00
B	699a6661ecad44ab916e0cde2621012c	34019fbeb4d244058c8247afe4884693	2024-08-12 00:01:41	2024-02-04 20:43:14	2024-01-22 10:59:00	48c0a9bb8af04622bbb5c2e2aac3f735	Navy Rewards Card		UBER TRIP HELPUBERCOM CA				c	-100/100	-100/100	2024-02-04 20:43:14
===== END
===== START
C	699a6661ecad44ab916e0cde2621012c	3e986656fd2347f885fb6adb5c700d84	2024-08-12 00:01:41	2024-02-04 20:43:14	2024-01-22 10:59:00	39523e58dddf4d9c83c3a995e932b37f	Travel		UBER TRIP HELPUBERCOM CA				n	100/100	100/100	1970-01-01 00:00:00
C	699a6661ecad44ab916e0cde2621012c	34019fbeb4d244058c8247afe4884693	2024-08-12 00:01:41	2024-02-04 20:43:14	2024-01-22 10:59:00	48c0a9bb8af04622bbb5c2e2aac3f735	Navy Rewards Card		UBER TRIP HELPUBERCOM CA				c	-100/100	-100/100	2024-02-04 20:43:14
===== END
===== START
D	c23a9d1674764c968d57e12c9491f527	4bf6a5b7cab64e9dbb2b1e6f5839de5b	2024-08-12 00:01:44	2024-08-12 00:01:44	2024-08-11 10:59:00								n	0/1	0/100	1970-01-01 00:00:00
===== END
===== START
===== END
===== START
B	8db71ed18d3a4b7f9478285fad390a1a	9dfc4cfb11c24fe58b46bb0071c69693	2024-08-12 00:04:30	2024-01-21 17:09:53	2024-01-08 10:59:00	39523e58dddf4d9c83c3a995e932b37f	Travel	0001	Uber				n	612/100	612/100	1970-01-01 00:00:00
B	8db71ed18d3a4b7f9478285fad390a1a	3cdaa1f30c39454da95f9c93ab4534ca	2024-08-12 00:04:30	2024-01-21 17:09:53	2024-01-08 10:59:00	48c0a9bb8af04622bbb5c2e2aac3f735	Navy Rewards Card	0001	Uber				c	-612/100	-612/100	2024-01-21 17:09:53
===== END
===== START
C	8db71ed18d3a4b7f9478285fad390a1a	9dfc4cfb11c24fe58b46bb0071c69693	2024-08-12 00:04:30	2024-01-21 17:09:53	2024-01-08 10:59:00	00785621cb0d46609fa7bfc63b0654ff	Car	0001	Uber				n	612/100	612/100	1970-01-01 00:00:00
C	8db71ed18d3a4b7f9478285fad390a1a	3cdaa1f30c39454da95f9c93ab4534ca	2024-08-12 00:04:30	2024-01-21 17:09:53	2024-01-08 10:59:00	48c0a9bb8af04622bbb5c2e2aac3f735	Navy Rewards Card	0001	Uber				c	-612/100	-612/100	2024-01-21 17:09:53
===== END
===== START
B	bc183b5a08d74b959b026a11a6c57978	040f4bd1e5bd42378830c4ae8ef294d0	2024-08-12 00:04:38	2024-01-21 17:09:54	2024-01-19 10:59:00	39523e58dddf4d9c83c3a995e932b37f	Travel	0001	Uber				n	100/100	100/100	1970-01-01 00:00:00
B	bc183b5a08d74b959b026a11a6c57978	cb44e99e6e554e9d9a0daf5f32fd9948	2024-08-12 00:04:38	2024-01-21 17:09:54	2024-01-19 10:59:00	48c0a9bb8af04622bbb5c2e2aac3f735	Navy Rewards Card	0001	Uber				c	-100/100	-100/100	2024-02-04 20:43:14
===== END
===== START
C	bc183b5a08d74b959b026a11a6c57978	040f4bd1e5bd42378830c4ae8ef294d0	2024-08-12 00:04:38	2024-01-21 17:09:54	2024-01-19 10:59:00	00785621cb0d46609fa7bfc63b0654ff	Car	0001	Uber				n	100/100	100/100	1970-01-01 00:00:00
C	bc183b5a08d74b959b026a11a6c57978	cb44e99e6e554e9d9a0daf5f32fd9948	2024-08-12 00:04:38	2024-01-21 17:09:54	2024-01-19 10:59:00	48c0a9bb8af04622bbb5c2e2aac3f735	Navy Rewards Card	0001	Uber				c	-100/100	-100/100	2024-02-04 20:43:14
===== END
===== START
B	0573f63a57cf48a893dd53c03875c293	7068e3fcd9ea4f46963938abcb547f86	2024-08-12 00:04:45	2024-02-04 20:43:14	2024-01-22 10:59:00	39523e58dddf4d9c83c3a995e932b37f	Travel		UBER TRIP HELPUBERCOM CA				n	699/100	699/100	1970-01-01 00:00:00
B	0573f63a57cf48a893dd53c03875c293	4244d25ca69b45e78c7a9ddc103fa0c0	2024-08-12 00:04:45	2024-02-04 20:43:14	2024-01-22 10:59:00	48c0a9bb8af04622bbb5c2e2aac3f735	Navy Rewards Card		UBER TRIP HELPUBERCOM CA				c	-699/100	-699/100	2024-02-04 20:43:14
===== END
===== START
C	0573f63a57cf48a893dd53c03875c293	7068e3fcd9ea4f46963938abcb547f86	2024-08-12 00:04:45	2024-02-04 20:43:14	2024-01-22 10:59:00	00785621cb0d46609fa7bfc63b0654ff	Car		UBER TRIP HELPUBERCOM CA				n	699/100	699/100	1970-01-01 00:00:00
C	0573f63a57cf48a893dd53c03875c293	4244d25ca69b45e78c7a9ddc103fa0c0	2024-08-12 00:04:45	2024-02-04 20:43:14	2024-01-22 10:59:00	48c0a9bb8af04622bbb5c2e2aac3f735	Navy Rewards Card		UBER TRIP HELPUBERCOM CA				c	-699/100	-699/100	2024-02-04 20:43:14
===== END
===== START
B	2e9130c5f38e46849033129c28247a47	036c5f0675744145b62dd24ed1afbacb	2024-08-12 00:04:51	2024-02-04 20:43:14	2024-01-22 10:59:00	39523e58dddf4d9c83c3a995e932b37f	Travel		UBER TRIP HELPUBERCOM CA				n	1199/100	1199/100	1970-01-01 00:00:00
B	2e9130c5f38e46849033129c28247a47	06207e7fdce14a6a9d20200389d450c8	2024-08-12 00:04:51	2024-02-04 20:43:14	2024-01-22 10:59:00	48c0a9bb8af04622bbb5c2e2aac3f735	Navy Rewards Card		UBER TRIP HELPUBERCOM CA				c	-1199/100	-1199/100	2024-02-04 20:43:14
===== END
===== START
C	2e9130c5f38e46849033129c28247a47	036c5f0675744145b62dd24ed1afbacb	2024-08-12 00:04:51	2024-02-04 20:43:14	2024-01-22 10:59:00	00785621cb0d46609fa7bfc63b0654ff	Car		UBER TRIP HELPUBERCOM CA				n	1199/100	1199/100	1970-01-01 00:00:00
C	2e9130c5f38e46849033129c28247a47	06207e7fdce14a6a9d20200389d450c8	2024-08-12 00:04:51	2024-02-04 20:43:14	2024-01-22 10:59:00	48c0a9bb8af04622bbb5c2e2aac3f735	Navy Rewards Card		UBER TRIP HELPUBERCOM CA				c	-1199/100	-1199/100	2024-02-04 20:43:14
===== END
===== START
B	699a6661ecad44ab916e0cde2621012c	3e986656fd2347f885fb6adb5c700d84	2024-08-12 00:04:56	2024-02-04 20:43:14	2024-01-22 10:59:00	39523e58dddf4d9c83c3a995e932b37f	Travel		UBER TRIP HELPUBERCOM CA				n	100/100	100/100	1970-01-01 00:00:00
B	699a6661ecad44ab916e0cde2621012c	34019fbeb4d244058c8247afe4884693	2024-08-12 00:04:56	2024-02-04 20:43:14	2024-01-22 10:59:00	48c0a9bb8af04622bbb5c2e2aac3f735	Navy Rewards Card		UBER TRIP HELPUBERCOM CA				c	-100/100	-100/100	2024-02-04 20:43:14
===== END
===== START
C	699a6661ecad44ab916e0cde2621012c	3e986656fd2347f885fb6adb5c700d84	2024-08-12 00:04:56	2024-02-04 20:43:14	2024-01-22 10:59:00	00785621cb0d46609fa7bfc63b0654ff	Car		UBER TRIP HELPUBERCOM CA				n	100/100	100/100	1970-01-01 00:00:00
C	699a6661ecad44ab916e0cde2621012c	34019fbeb4d244058c8247afe4884693	2024-08-12 00:04:56	2024-02-04 20:43:14	2024-01-22 10:59:00	48c0a9bb8af04622bbb5c2e2aac3f735	Navy Rewards Card		UBER TRIP HELPUBERCOM CA				c	-100/100	-100/100	2024-02-04 20:43:14
===== END
===== START
B	6ae6e07f1f2944c281e36889a45c7afa	aa51536ea9ae462f855072d06a9ea180	2024-08-12 00:05:32	2024-08-11 19:49:23	2024-03-28 10:59:00	39523e58dddf4d9c83c3a995e932b37f	Travel		Holiday Inn	OFX ext. info: |Trans type:Generic debit|Memo:RIPTIDES HOLIDAY INN 850-3019000 FL - 0001			n	3963/100	3963/100	1970-01-01 00:00:00
B	6ae6e07f1f2944c281e36889a45c7afa	cd23518474b146d48f96c44820b61f34	2024-08-12 00:05:32	2024-08-11 19:49:23	2024-03-28 10:59:00	48c0a9bb8af04622bbb5c2e2aac3f735	Navy Rewards Card		Holiday Inn	OFX ext. info: |Trans type:Generic debit|Memo:RIPTIDES HOLIDAY INN 850-3019000 FL - 0001	RIPTIDES HOLIDAY INN 850-3019000 FL - 0001		c	-3963/100	-3963/100	2024-08-11 20:19:10
===== END
===== START
C	6ae6e07f1f2944c281e36889a45c7afa	aa51536ea9ae462f855072d06a9ea180	2024-08-12 00:05:32	2024-08-11 19:49:23	2024-03-28 10:59:00	d6f35a86c4b64de29f6f8338a78d683d	Food		Holiday Inn	OFX ext. info: |Trans type:Generic debit|Memo:RIPTIDES HOLIDAY INN 850-3019000 FL - 0001			n	3963/100	3963/100	1970-01-01 00:00:00
C	6ae6e07f1f2944c281e36889a45c7afa	cd23518474b146d48f96c44820b61f34	2024-08-12 00:05:32	2024-08-11 19:49:23	2024-03-28 10:59:00	48c0a9bb8af04622bbb5c2e2aac3f735	Navy Rewards Card		Holiday Inn	OFX ext. info: |Trans type:Generic debit|Memo:RIPTIDES HOLIDAY INN 850-3019000 FL - 0001	RIPTIDES HOLIDAY INN 850-3019000 FL - 0001		c	-3963/100	-3963/100	2024-08-11 20:19:10
===== END
===== START
B	4afb465040d44a79b8e9c56856ca354e	e5a28b1100954f2684beef34fd1d3261	2024-08-12 00:05:42	2024-08-11 19:49:23	2024-03-29 10:59:00	39523e58dddf4d9c83c3a995e932b37f	Travel		Four Points Hotel by Sheraton	OFX ext. info: |Trans type:Generic debit|Memo:FOUR POINTS FT WALTON FB FT WALTON BCHFL - 0001			n	635/100	635/100	1970-01-01 00:00:00
B	4afb465040d44a79b8e9c56856ca354e	f511683b775e45e5a53267da96aec980	2024-08-12 00:05:42	2024-08-11 19:49:23	2024-03-29 10:59:00	48c0a9bb8af04622bbb5c2e2aac3f735	Navy Rewards Card		Four Points Hotel by Sheraton	OFX ext. info: |Trans type:Generic debit|Memo:FOUR POINTS FT WALTON FB FT WALTON BCHFL - 0001	FOUR POINTS FT WALTON FB FT WALTON BCHFL - 0001		c	-635/100	-635/100	2024-08-11 20:19:10
===== END
===== START
C	4afb465040d44a79b8e9c56856ca354e	e5a28b1100954f2684beef34fd1d3261	2024-08-12 00:05:42	2024-08-11 19:49:23	2024-03-29 10:59:00	d6f35a86c4b64de29f6f8338a78d683d	Food		Four Points Hotel by Sheraton	OFX ext. info: |Trans type:Generic debit|Memo:FOUR POINTS FT WALTON FB FT WALTON BCHFL - 0001			n	635/100	635/100	1970-01-01 00:00:00
C	4afb465040d44a79b8e9c56856ca354e	f511683b775e45e5a53267da96aec980	2024-08-12 00:05:42	2024-08-11 19:49:23	2024-03-29 10:59:00	48c0a9bb8af04622bbb5c2e2aac3f735	Navy Rewards Card		Four Points Hotel by Sheraton	OFX ext. info: |Trans type:Generic debit|Memo:FOUR POINTS FT WALTON FB FT WALTON BCHFL - 0001	FOUR POINTS FT WALTON FB FT WALTON BCHFL - 0001		c	-635/100	-635/100	2024-08-11 20:19:10
===== END
===== START
B	5315f4daad8041ce8c05c9109d4fb253	26ece9b7e2a347bfa3180b998157db96	2024-08-12 00:05:49	2024-08-11 19:49:23	2024-04-02 10:59:00	39523e58dddf4d9c83c3a995e932b37f	Travel		Avis	OFX ext. info: |Trans type:Generic debit|Memo:AVIS RENT-A-CAR EGLIN AFB FL - 0001			n	8814/100	8814/100	1970-01-01 00:00:00
B	5315f4daad8041ce8c05c9109d4fb253	114ce3d3c47445f7af32e50f65706d4a	2024-08-12 00:05:49	2024-08-11 19:49:23	2024-04-02 10:59:00	48c0a9bb8af04622bbb5c2e2aac3f735	Navy Rewards Card		Avis	OFX ext. info: |Trans type:Generic debit|Memo:AVIS RENT-A-CAR EGLIN AFB FL - 0001	AVIS RENT-A-CAR EGLIN AFB FL - 0001		c	-8814/100	-8814/100	2024-08-11 20:19:10
===== END
===== START
C	5315f4daad8041ce8c05c9109d4fb253	26ece9b7e2a347bfa3180b998157db96	2024-08-12 00:05:49	2024-08-11 19:49:23	2024-04-02 10:59:00	00785621cb0d46609fa7bfc63b0654ff	Car		Avis	OFX ext. info: |Trans type:Generic debit|Memo:AVIS RENT-A-CAR EGLIN AFB FL - 0001			n	8814/100	8814/100	1970-01-01 00:00:00
C	5315f4daad8041ce8c05c9109d4fb253	114ce3d3c47445f7af32e50f65706d4a	2024-08-12 00:05:49	2024-08-11 19:49:23	2024-04-02 10:59:00	48c0a9bb8af04622bbb5c2e2aac3f735	Navy Rewards Card		Avis	OFX ext. info: |Trans type:Generic debit|Memo:AVIS RENT-A-CAR EGLIN AFB FL - 0001	AVIS RENT-A-CAR EGLIN AFB FL - 0001		c	-8814/100	-8814/100	2024-08-11 20:19:10
===== END
===== START
B	9ed0b34712c74f2f8e11ec1b9c2a0687	4675b3a367374a59aa2a24770888c719	2024-08-12 00:06:03	2024-08-11 19:49:23	2024-04-05 10:59:00	39523e58dddf4d9c83c3a995e932b37f	Travel		American Airlines	OFX ext. info: |Trans type:Generic debit|Memo:AMERICAN AIR0010648216160FORT WORTH TX - 0001			n	1922/100	1922/100	1970-01-01 00:00:00
B	9ed0b34712c74f2f8e11ec1b9c2a0687	c4e97080283445c88798a4b53b83d42a	2024-08-12 00:06:03	2024-08-11 19:49:23	2024-04-05 10:59:00	48c0a9bb8af04622bbb5c2e2aac3f735	Navy Rewards Card		American Airlines	OFX ext. info: |Trans type:Generic debit|Memo:AMERICAN AIR0010648216160FORT WORTH TX - 0001	AMERICAN AIR0010648216160FORT WORTH TX - 0001		c	-1922/100	-1922/100	2024-08-11 20:19:10
===== END
===== START
C	9ed0b34712c74f2f8e11ec1b9c2a0687	4675b3a367374a59aa2a24770888c719	2024-08-12 00:06:03	2024-08-11 19:49:23	2024-04-05 10:59:00	fc290de6495a4fd79f0a8aea25609814	Air		American Airlines	OFX ext. info: |Trans type:Generic debit|Memo:AMERICAN AIR0010648216160FORT WORTH TX - 0001			n	1922/100	1922/100	1970-01-01 00:00:00
C	9ed0b34712c74f2f8e11ec1b9c2a0687	c4e97080283445c88798a4b53b83d42a	2024-08-12 00:06:03	2024-08-11 19:49:23	2024-04-05 10:59:00	48c0a9bb8af04622bbb5c2e2aac3f735	Navy Rewards Card		American Airlines	OFX ext. info: |Trans type:Generic debit|Memo:AMERICAN AIR0010648216160FORT WORTH TX - 0001	AMERICAN AIR0010648216160FORT WORTH TX - 0001		c	-1922/100	-1922/100	2024-08-11 20:19:10
===== END
===== START
B	b86c37acdb814e17ac971911cd35dd19	5f535a953b564b009a4a48e7a9bcfee1	2024-08-12 00:06:11	2024-08-11 19:49:23	2024-04-05 10:59:00	39523e58dddf4d9c83c3a995e932b37f	Travel		American Airlines	OFX ext. info: |Trans type:Generic debit|Memo:AMERICAN AIR0012130374810FORT WORTH TX - 0001			n	14760/100	14760/100	1970-01-01 00:00:00
B	b86c37acdb814e17ac971911cd35dd19	9c9abedf67ee43169218272921aceb64	2024-08-12 00:06:11	2024-08-11 19:49:23	2024-04-05 10:59:00	48c0a9bb8af04622bbb5c2e2aac3f735	Navy Rewards Card		American Airlines	OFX ext. info: |Trans type:Generic debit|Memo:AMERICAN AIR0012130374810FORT WORTH TX - 0001	AMERICAN AIR0012130374810FORT WORTH TX - 0001		c	-14760/100	-14760/100	2024-08-11 20:19:10
===== END
===== START
C	b86c37acdb814e17ac971911cd35dd19	5f535a953b564b009a4a48e7a9bcfee1	2024-08-12 00:06:11	2024-08-11 19:49:23	2024-04-05 10:59:00	fc290de6495a4fd79f0a8aea25609814	Air		American Airlines	OFX ext. info: |Trans type:Generic debit|Memo:AMERICAN AIR0012130374810FORT WORTH TX - 0001			n	14760/100	14760/100	1970-01-01 00:00:00
C	b86c37acdb814e17ac971911cd35dd19	9c9abedf67ee43169218272921aceb64	2024-08-12 00:06:11	2024-08-11 19:49:23	2024-04-05 10:59:00	48c0a9bb8af04622bbb5c2e2aac3f735	Navy Rewards Card		American Airlines	OFX ext. info: |Trans type:Generic debit|Memo:AMERICAN AIR0012130374810FORT WORTH TX - 0001	AMERICAN AIR0012130374810FORT WORTH TX - 0001		c	-14760/100	-14760/100	2024-08-11 20:19:10
===== END
===== START
B	bf32ee269c8043a6baed7d5c28e2711f	90a50b0481a04120aa47de4727a9d731	2024-08-12 00:06:17	2024-08-11 19:49:23	2024-04-05 10:59:00	39523e58dddf4d9c83c3a995e932b37f	Travel		American Airlines	OFX ext. info: |Trans type:Generic debit|Memo:AMERICAN AIR0010648216159FORT WORTH TX - 0001			n	1976/100	1976/100	1970-01-01 00:00:00
B	bf32ee269c8043a6baed7d5c28e2711f	5d0b45dacb044eff9ea1e2ad6a62ae23	2024-08-12 00:06:17	2024-08-11 19:49:23	2024-04-05 10:59:00	48c0a9bb8af04622bbb5c2e2aac3f735	Navy Rewards Card		American Airlines	OFX ext. info: |Trans type:Generic debit|Memo:AMERICAN AIR0010648216159FORT WORTH TX - 0001	AMERICAN AIR0010648216159FORT WORTH TX - 0001		c	-1976/100	-1976/100	2024-08-11 20:19:10
===== END
===== START
C	bf32ee269c8043a6baed7d5c28e2711f	90a50b0481a04120aa47de4727a9d731	2024-08-12 00:06:17	2024-08-11 19:49:23	2024-04-05 10:59:00	fc290de6495a4fd79f0a8aea25609814	Air		American Airlines	OFX ext. info: |Trans type:Generic debit|Memo:AMERICAN AIR0010648216159FORT WORTH TX - 0001			n	1976/100	1976/100	1970-01-01 00:00:00
C	bf32ee269c8043a6baed7d5c28e2711f	5d0b45dacb044eff9ea1e2ad6a62ae23	2024-08-12 00:06:17	2024-08-11 19:49:23	2024-04-05 10:59:00	48c0a9bb8af04622bbb5c2e2aac3f735	Navy Rewards Card		American Airlines	OFX ext. info: |Trans type:Generic debit|Memo:AMERICAN AIR0010648216159FORT WORTH TX - 0001	AMERICAN AIR0010648216159FORT WORTH TX - 0001		c	-1976/100	-1976/100	2024-08-11 20:19:10
===== END
===== START
B	d64976f5ddb445efa64cb7c16f8764a7	ce12e024aad14093846e7c8b4e0d3479	2024-08-12 00:06:23	2024-08-11 19:49:23	2024-04-05 10:59:00	39523e58dddf4d9c83c3a995e932b37f	Travel		American Airlines	OFX ext. info: |Trans type:Generic debit|Memo:AMERICAN AIR0012130374811FORT WORTH TX - 0001			n	14760/100	14760/100	1970-01-01 00:00:00
B	d64976f5ddb445efa64cb7c16f8764a7	09f01204b1464c82a76e9f7164a71de8	2024-08-12 00:06:23	2024-08-11 19:49:23	2024-04-05 10:59:00	48c0a9bb8af04622bbb5c2e2aac3f735	Navy Rewards Card		American Airlines	OFX ext. info: |Trans type:Generic debit|Memo:AMERICAN AIR0012130374811FORT WORTH TX - 0001	AMERICAN AIR0012130374811FORT WORTH TX - 0001		c	-14760/100	-14760/100	2024-08-11 20:19:10
===== END
===== START
C	d64976f5ddb445efa64cb7c16f8764a7	ce12e024aad14093846e7c8b4e0d3479	2024-08-12 00:06:23	2024-08-11 19:49:23	2024-04-05 10:59:00	fc290de6495a4fd79f0a8aea25609814	Air		American Airlines	OFX ext. info: |Trans type:Generic debit|Memo:AMERICAN AIR0012130374811FORT WORTH TX - 0001			n	14760/100	14760/100	1970-01-01 00:00:00
C	d64976f5ddb445efa64cb7c16f8764a7	09f01204b1464c82a76e9f7164a71de8	2024-08-12 00:06:23	2024-08-11 19:49:23	2024-04-05 10:59:00	48c0a9bb8af04622bbb5c2e2aac3f735	Navy Rewards Card		American Airlines	OFX ext. info: |Trans type:Generic debit|Memo:AMERICAN AIR0012130374811FORT WORTH TX - 0001	AMERICAN AIR0012130374811FORT WORTH TX - 0001		c	-14760/100	-14760/100	2024-08-11 20:19:10
===== END
===== START
B	f247f543fe034674b6c238db110f1500	afe2aa84879f4fb49ac7198d34dd18e7	2024-08-12 00:06:28	2024-08-11 19:49:23	2024-04-05 10:59:00	39523e58dddf4d9c83c3a995e932b37f	Travel		American Airlines	OFX ext. info: |Trans type:Generic debit|Memo:AMERICAN AIR0012130384417FORT WORTH TX - 4430			n	30110/100	30110/100	1970-01-01 00:00:00
B	f247f543fe034674b6c238db110f1500	1ed47a2e687444dd85e51fc5a85ea1a6	2024-08-12 00:06:28	2024-08-11 19:49:23	2024-04-05 10:59:00	48c0a9bb8af04622bbb5c2e2aac3f735	Navy Rewards Card		American Airlines	OFX ext. info: |Trans type:Generic debit|Memo:AMERICAN AIR0012130384417FORT WORTH TX - 4430	AMERICAN AIR0012130384417FORT WORTH TX - 4430		c	-30110/100	-30110/100	2024-08-11 20:19:10
===== END
===== START
C	f247f543fe034674b6c238db110f1500	afe2aa84879f4fb49ac7198d34dd18e7	2024-08-12 00:06:28	2024-08-11 19:49:23	2024-04-05 10:59:00	fc290de6495a4fd79f0a8aea25609814	Air		American Airlines	OFX ext. info: |Trans type:Generic debit|Memo:AMERICAN AIR0012130384417FORT WORTH TX - 4430			n	30110/100	30110/100	1970-01-01 00:00:00
C	f247f543fe034674b6c238db110f1500	1ed47a2e687444dd85e51fc5a85ea1a6	2024-08-12 00:06:28	2024-08-11 19:49:23	2024-04-05 10:59:00	48c0a9bb8af04622bbb5c2e2aac3f735	Navy Rewards Card		American Airlines	OFX ext. info: |Trans type:Generic debit|Memo:AMERICAN AIR0012130384417FORT WORTH TX - 4430	AMERICAN AIR0012130384417FORT WORTH TX - 4430		c	-30110/100	-30110/100	2024-08-11 20:19:10
===== END
