mod	trans_guid	split_guid	time_now	date_entered	date_posted	acc_guid	acc_name	num	description	notes	memo	action	reconciled	amount	value	date_reconciled
-----------------
===== START
B	d17e5413036e4ab08264bdc3b5793582	f2eceafe42f74c1b89803278711d9ef0	2024-01-21 17:28:56	2024-01-21 17:09:53	2024-01-10 10:59:00	48c0a9bb8af04622bbb5c2e2aac3f735	Navy Rewards Card	4430	Amazon Marketplace				c	2240/100	2240/100	2024-01-21 17:09:53
B	d17e5413036e4ab08264bdc3b5793582	71abcb68f41e49798f8ed39429948583	2024-01-21 17:28:56	2024-01-21 17:09:53	2024-01-10 10:59:00	3323a52a32464e5db6926fdc8fbced8f	Imbalance-USD	4430	Amazon Marketplace				n	-2240/100	-2240/100	1970-01-01 00:00:00
===== END
===== START
C	d17e5413036e4ab08264bdc3b5793582	f2eceafe42f74c1b89803278711d9ef0	2024-01-21 17:28:56	2024-01-21 17:09:53	2024-01-10 10:59:00	48c0a9bb8af04622bbb5c2e2aac3f735	Navy Rewards Card	4430	Amazon Marketplace				c	2240/100	2240/100	2024-01-21 17:09:53
C	d17e5413036e4ab08264bdc3b5793582	71abcb68f41e49798f8ed39429948583	2024-01-21 17:28:56	2024-01-21 17:09:53	2024-01-10 10:59:00	f51833ab51c446f28a6ab0d10a773759	Miscellaneous	4430	Amazon Marketplace				n	-2240/100	-2240/100	1970-01-01 00:00:00
===== END
===== START
B	811fc5935a4b4a169d3058ed3083176c	5b697dbbab5848ad92b99b4d857d5159	2024-01-21 17:29:05	2024-01-21 17:09:53	2024-01-10 10:59:00	48c0a9bb8af04622bbb5c2e2aac3f735	Navy Rewards Card	4430	BENARDA VETERINARY HOSPITTUCSON AZ - 4430				c	5000/100	5000/100	2024-01-21 17:09:53
B	811fc5935a4b4a169d3058ed3083176c	21636711b3564674b8243f079640cab7	2024-01-21 17:29:05	2024-01-21 17:09:53	2024-01-10 10:59:00	3323a52a32464e5db6926fdc8fbced8f	Imbalance-USD	4430	BENARDA VETERINARY HOSPITTUCSON AZ - 4430				n	-5000/100	-5000/100	1970-01-01 00:00:00
===== END
===== START
C	811fc5935a4b4a169d3058ed3083176c	5b697dbbab5848ad92b99b4d857d5159	2024-01-21 17:29:05	2024-01-21 17:09:53	2024-01-10 10:59:00	48c0a9bb8af04622bbb5c2e2aac3f735	Navy Rewards Card	4430	BENARDA VETERINARY HOSPITTUCSON AZ - 4430				c	5000/100	5000/100	2024-01-21 17:09:53
C	811fc5935a4b4a169d3058ed3083176c	21636711b3564674b8243f079640cab7	2024-01-21 17:29:05	2024-01-21 17:09:53	2024-01-10 10:59:00	eca5ba8e100f46f5b9efae77c69dd313	Ernie Vet	4430	BENARDA VETERINARY HOSPITTUCSON AZ - 4430				n	-5000/100	-5000/100	1970-01-01 00:00:00
===== END
===== START
B	0b23727403b14b028d51cffa9b0c448c	5f48f7dc35ae4ac393d95091b76d92c3	2024-01-21 17:29:17	2024-01-21 17:09:54	2024-01-11 10:59:00	48c0a9bb8af04622bbb5c2e2aac3f735	Navy Rewards Card	0001	THE BAR AT LAS VEGAS BLVDLAS VEGAS NV - 0001				c	1601/100	1601/100	2024-01-21 17:09:54
B	0b23727403b14b028d51cffa9b0c448c	f5ceaa5569b1491abb052e83f87ccd8d	2024-01-21 17:29:17	2024-01-21 17:09:54	2024-01-11 10:59:00	3323a52a32464e5db6926fdc8fbced8f	Imbalance-USD	0001	THE BAR AT LAS VEGAS BLVDLAS VEGAS NV - 0001				n	-1601/100	-1601/100	1970-01-01 00:00:00
===== END
===== START
C	0b23727403b14b028d51cffa9b0c448c	5f48f7dc35ae4ac393d95091b76d92c3	2024-01-21 17:29:17	2024-01-21 17:09:54	2024-01-11 10:59:00	48c0a9bb8af04622bbb5c2e2aac3f735	Navy Rewards Card	0001	THE BAR AT LAS VEGAS BLVDLAS VEGAS NV - 0001				c	1601/100	1601/100	2024-01-21 17:09:54
C	0b23727403b14b028d51cffa9b0c448c	f5ceaa5569b1491abb052e83f87ccd8d	2024-01-21 17:29:17	2024-01-21 17:09:54	2024-01-11 10:59:00	7c452bea58344d23b0f556cf05df9fe0	Dining	0001	THE BAR AT LAS VEGAS BLVDLAS VEGAS NV - 0001				n	-1601/100	-1601/100	1970-01-01 00:00:00
===== END
===== START
B	932798676f164dabbb28cf19a5e8d5a8	5752eddcd36946d5a3e3390c542bcae4	2024-01-21 17:29:26	2024-01-21 17:09:54	2024-01-11 10:59:00	48c0a9bb8af04622bbb5c2e2aac3f735	Navy Rewards Card	0001	TUCSON AIRPORT TUCSON AZ - 0001				c	1669/100	1669/100	2024-01-21 17:09:54
B	932798676f164dabbb28cf19a5e8d5a8	d52dd5c9943646488d3cf61ce456afc6	2024-01-21 17:29:26	2024-01-21 17:09:54	2024-01-11 10:59:00	3323a52a32464e5db6926fdc8fbced8f	Imbalance-USD	0001	TUCSON AIRPORT TUCSON AZ - 0001				n	-1669/100	-1669/100	1970-01-01 00:00:00
===== END
===== START
C	932798676f164dabbb28cf19a5e8d5a8	5752eddcd36946d5a3e3390c542bcae4	2024-01-21 17:29:26	2024-01-21 17:09:54	2024-01-11 10:59:00	48c0a9bb8af04622bbb5c2e2aac3f735	Navy Rewards Card	0001	TUCSON AIRPORT TUCSON AZ - 0001				c	1669/100	1669/100	2024-01-21 17:09:54
C	932798676f164dabbb28cf19a5e8d5a8	d52dd5c9943646488d3cf61ce456afc6	2024-01-21 17:29:26	2024-01-21 17:09:54	2024-01-11 10:59:00	7c452bea58344d23b0f556cf05df9fe0	Dining	0001	TUCSON AIRPORT TUCSON AZ - 0001				n	-1669/100	-1669/100	1970-01-01 00:00:00
===== END
===== START
B	28a4d14685ae410dafe208b49827de6b	30e4e10c7e2d47338b2c8dc6acb00c10	2024-01-21 17:29:34	2024-01-21 17:09:54	2024-01-12 10:59:00	48c0a9bb8af04622bbb5c2e2aac3f735	Navy Rewards Card	0001	True Food Kitchen				c	8276/100	8276/100	2024-01-21 17:09:54
B	28a4d14685ae410dafe208b49827de6b	e3602b2f4f914b2084d55e3a5426d39d	2024-01-21 17:29:34	2024-01-21 17:09:54	2024-01-12 10:59:00	3323a52a32464e5db6926fdc8fbced8f	Imbalance-USD	0001	True Food Kitchen				n	-8276/100	-8276/100	1970-01-01 00:00:00
===== END
===== START
C	28a4d14685ae410dafe208b49827de6b	30e4e10c7e2d47338b2c8dc6acb00c10	2024-01-21 17:29:34	2024-01-21 17:09:54	2024-01-12 10:59:00	48c0a9bb8af04622bbb5c2e2aac3f735	Navy Rewards Card	0001	True Food Kitchen				c	8276/100	8276/100	2024-01-21 17:09:54
C	28a4d14685ae410dafe208b49827de6b	e3602b2f4f914b2084d55e3a5426d39d	2024-01-21 17:29:34	2024-01-21 17:09:54	2024-01-12 10:59:00	a996b30c3e714c1483ec007f2699fc71	Groceries	0001	True Food Kitchen				n	-8276/100	-8276/100	1970-01-01 00:00:00
===== END
===== START
B	b78ee394edeb410eb5b34dadcbe08743	2ad25b4ebddc40a68dd7375120685e73	2024-01-21 17:29:50	2024-01-21 17:09:54	2024-01-15 10:59:00	48c0a9bb8af04622bbb5c2e2aac3f735	Navy Rewards Card	0001	Costco				c	216/100	216/100	2024-01-21 17:09:54
B	b78ee394edeb410eb5b34dadcbe08743	c5d0422c8bd6488c9aecbf434afda17a	2024-01-21 17:29:50	2024-01-21 17:09:54	2024-01-15 10:59:00	3323a52a32464e5db6926fdc8fbced8f	Imbalance-USD	0001	Costco				n	-216/100	-216/100	1970-01-01 00:00:00
===== END
===== START
C	b78ee394edeb410eb5b34dadcbe08743	2ad25b4ebddc40a68dd7375120685e73	2024-01-21 17:29:50	2024-01-21 17:09:54	2024-01-15 10:59:00	48c0a9bb8af04622bbb5c2e2aac3f735	Navy Rewards Card	0001	Costco				c	216/100	216/100	2024-01-21 17:09:54
C	b78ee394edeb410eb5b34dadcbe08743	c5d0422c8bd6488c9aecbf434afda17a	2024-01-21 17:29:50	2024-01-21 17:09:54	2024-01-15 10:59:00	7c452bea58344d23b0f556cf05df9fe0	Dining	0001	Costco				n	-216/100	-216/100	1970-01-01 00:00:00
===== END
===== START
B	f8fa3700552c4d1eb829fc396bfa02b3	9580549572864a89b1e20d0c364dbca1	2024-01-21 17:29:57	2024-01-21 17:09:54	2024-01-16 10:59:00	48c0a9bb8af04622bbb5c2e2aac3f735	Navy Rewards Card	0001	Canteen Vending Services				c	200/100	200/100	2024-01-21 17:09:54
B	f8fa3700552c4d1eb829fc396bfa02b3	24e0c0b18f4a40c392f4afdc87027091	2024-01-21 17:29:57	2024-01-21 17:09:54	2024-01-16 10:59:00	3323a52a32464e5db6926fdc8fbced8f	Imbalance-USD	0001	Canteen Vending Services				n	-200/100	-200/100	1970-01-01 00:00:00
===== END
===== START
C	f8fa3700552c4d1eb829fc396bfa02b3	9580549572864a89b1e20d0c364dbca1	2024-01-21 17:29:57	2024-01-21 17:09:54	2024-01-16 10:59:00	48c0a9bb8af04622bbb5c2e2aac3f735	Navy Rewards Card	0001	Canteen Vending Services				c	200/100	200/100	2024-01-21 17:09:54
C	f8fa3700552c4d1eb829fc396bfa02b3	24e0c0b18f4a40c392f4afdc87027091	2024-01-21 17:29:57	2024-01-21 17:09:54	2024-01-16 10:59:00	7c452bea58344d23b0f556cf05df9fe0	Dining	0001	Canteen Vending Services				n	-200/100	-200/100	1970-01-01 00:00:00
===== END
===== START
B	07bacc8194ff42d4989546641f79d8b0	54a068d9a98f43cbb24dd5e33c5b2446	2024-01-21 17:30:06	2024-01-21 17:09:54	2024-01-16 10:59:00	48c0a9bb8af04622bbb5c2e2aac3f735	Navy Rewards Card	0001	CrossFit				c	17866/100	17866/100	2024-01-21 17:09:54
B	07bacc8194ff42d4989546641f79d8b0	cad885ba96b54573ab0e3bae53419db0	2024-01-21 17:30:06	2024-01-21 17:09:54	2024-01-16 10:59:00	3323a52a32464e5db6926fdc8fbced8f	Imbalance-USD	0001	CrossFit				n	-17866/100	-17866/100	1970-01-01 00:00:00
===== END
===== START
C	07bacc8194ff42d4989546641f79d8b0	54a068d9a98f43cbb24dd5e33c5b2446	2024-01-21 17:30:06	2024-01-21 17:09:54	2024-01-16 10:59:00	48c0a9bb8af04622bbb5c2e2aac3f735	Navy Rewards Card	0001	CrossFit				c	17866/100	17866/100	2024-01-21 17:09:54
C	07bacc8194ff42d4989546641f79d8b0	cad885ba96b54573ab0e3bae53419db0	2024-01-21 17:30:06	2024-01-21 17:09:54	2024-01-16 10:59:00	789025d0417f4d7d9ea5258d8ea5a14a	Hobbies	0001	CrossFit				n	-17866/100	-17866/100	1970-01-01 00:00:00
===== END
===== START
B	87d3a97f91cb4925af9e2f32eb202e28	669301ee8c3246bb9aa05216b8841cad	2024-01-21 17:30:17	2024-01-21 17:09:54	2024-01-16 10:59:00	48c0a9bb8af04622bbb5c2e2aac3f735	Navy Rewards Card	0001	The Home Depot				c	12/100	12/100	2024-01-21 17:09:54
B	87d3a97f91cb4925af9e2f32eb202e28	f406f5eebbf944cda2774b95cacdb35b	2024-01-21 17:30:17	2024-01-21 17:09:54	2024-01-16 10:59:00	3323a52a32464e5db6926fdc8fbced8f	Imbalance-USD	0001	The Home Depot				n	-12/100	-12/100	1970-01-01 00:00:00
===== END
===== START
C	87d3a97f91cb4925af9e2f32eb202e28	669301ee8c3246bb9aa05216b8841cad	2024-01-21 17:30:17	2024-01-21 17:09:54	2024-01-16 10:59:00	48c0a9bb8af04622bbb5c2e2aac3f735	Navy Rewards Card	0001	The Home Depot				c	12/100	12/100	2024-01-21 17:09:54
C	87d3a97f91cb4925af9e2f32eb202e28	f406f5eebbf944cda2774b95cacdb35b	2024-01-21 17:30:17	2024-01-21 17:09:54	2024-01-16 10:59:00	f51833ab51c446f28a6ab0d10a773759	Miscellaneous	0001	The Home Depot				n	-12/100	-12/100	1970-01-01 00:00:00
===== END
===== START
B	0f5abafdf4cb410d86b1e3584abfe138	bb3f6a73d243453886c33d7d55aec443	2024-01-21 17:30:30	2024-01-21 17:09:54	2024-01-17 10:59:00	48c0a9bb8af04622bbb5c2e2aac3f735	Navy Rewards Card	0001	Apple				c	1738/100	1738/100	2024-01-21 17:09:54
B	0f5abafdf4cb410d86b1e3584abfe138	5052435f5daa46968bb3d77d4c28fed4	2024-01-21 17:30:30	2024-01-21 17:09:54	2024-01-17 10:59:00	3323a52a32464e5db6926fdc8fbced8f	Imbalance-USD	0001	Apple				n	-1738/100	-1738/100	1970-01-01 00:00:00
===== END
===== START
C	0f5abafdf4cb410d86b1e3584abfe138	bb3f6a73d243453886c33d7d55aec443	2024-01-21 17:30:30	2024-01-21 17:09:54	2024-01-17 10:59:00	48c0a9bb8af04622bbb5c2e2aac3f735	Navy Rewards Card	0001	Apple				c	1738/100	1738/100	2024-01-21 17:09:54
C	0f5abafdf4cb410d86b1e3584abfe138	5052435f5daa46968bb3d77d4c28fed4	2024-01-21 17:30:30	2024-01-21 17:09:54	2024-01-17 10:59:00	3feaad255df249169127e590b1602cd7	Subscriptions	0001	Apple				n	-1738/100	-1738/100	1970-01-01 00:00:00
===== END
===== START
B	1eeed6bf260040c5b40e72c469519f29	34c73cceff5b4eaca661e84f38db38f3	2024-01-21 17:30:36	2024-01-21 17:09:54	2024-01-17 10:59:00	48c0a9bb8af04622bbb5c2e2aac3f735	Navy Rewards Card	0001	Audible				c	1625/100	1625/100	2024-01-21 17:09:54
B	1eeed6bf260040c5b40e72c469519f29	7b4d0b4908c04b689340b3e710316c0a	2024-01-21 17:30:36	2024-01-21 17:09:54	2024-01-17 10:59:00	3323a52a32464e5db6926fdc8fbced8f	Imbalance-USD	0001	Audible				n	-1625/100	-1625/100	1970-01-01 00:00:00
===== END
===== START
C	1eeed6bf260040c5b40e72c469519f29	34c73cceff5b4eaca661e84f38db38f3	2024-01-21 17:30:36	2024-01-21 17:09:54	2024-01-17 10:59:00	48c0a9bb8af04622bbb5c2e2aac3f735	Navy Rewards Card	0001	Audible				c	1625/100	1625/100	2024-01-21 17:09:54
C	1eeed6bf260040c5b40e72c469519f29	7b4d0b4908c04b689340b3e710316c0a	2024-01-21 17:30:36	2024-01-21 17:09:54	2024-01-17 10:59:00	3feaad255df249169127e590b1602cd7	Subscriptions	0001	Audible				n	-1625/100	-1625/100	1970-01-01 00:00:00
===== END
===== START
B	d885c6a586a448cbaeadd68cf3944510	f1dae452854a4660b5721ff34d29b69b	2024-01-21 17:30:46	2024-01-21 17:09:54	2024-01-17 10:59:00	48c0a9bb8af04622bbb5c2e2aac3f735	Navy Rewards Card	0001	McDonald's				c	585/100	585/100	2024-01-21 17:09:54
B	d885c6a586a448cbaeadd68cf3944510	307e2e85432a40388d28ab4e1f9f95ff	2024-01-21 17:30:46	2024-01-21 17:09:54	2024-01-17 10:59:00	3323a52a32464e5db6926fdc8fbced8f	Imbalance-USD	0001	McDonald's				n	-585/100	-585/100	1970-01-01 00:00:00
===== END
===== START
C	d885c6a586a448cbaeadd68cf3944510	f1dae452854a4660b5721ff34d29b69b	2024-01-21 17:30:46	2024-01-21 17:09:54	2024-01-17 10:59:00	48c0a9bb8af04622bbb5c2e2aac3f735	Navy Rewards Card	0001	McDonald's				c	585/100	585/100	2024-01-21 17:09:54
C	d885c6a586a448cbaeadd68cf3944510	307e2e85432a40388d28ab4e1f9f95ff	2024-01-21 17:30:46	2024-01-21 17:09:54	2024-01-17 10:59:00	7c452bea58344d23b0f556cf05df9fe0	Dining	0001	McDonald's				n	-585/100	-585/100	1970-01-01 00:00:00
===== END
===== START
B	86fae77a85114039a754d51b97d66ee0	545126364f234fd3939e67332eff3da8	2024-01-21 17:30:53	2024-01-21 17:09:54	2024-01-18 10:59:00	48c0a9bb8af04622bbb5c2e2aac3f735	Navy Rewards Card	0001	Apple				c	108/100	108/100	2024-01-21 17:09:54
B	86fae77a85114039a754d51b97d66ee0	84fa67475033447bbe362ff20331e880	2024-01-21 17:30:53	2024-01-21 17:09:54	2024-01-18 10:59:00	3323a52a32464e5db6926fdc8fbced8f	Imbalance-USD	0001	Apple				n	-108/100	-108/100	1970-01-01 00:00:00
===== END
===== START
C	86fae77a85114039a754d51b97d66ee0	545126364f234fd3939e67332eff3da8	2024-01-21 17:30:53	2024-01-21 17:09:54	2024-01-18 10:59:00	48c0a9bb8af04622bbb5c2e2aac3f735	Navy Rewards Card	0001	Apple				c	108/100	108/100	2024-01-21 17:09:54
C	86fae77a85114039a754d51b97d66ee0	84fa67475033447bbe362ff20331e880	2024-01-21 17:30:53	2024-01-21 17:09:54	2024-01-18 10:59:00	3feaad255df249169127e590b1602cd7	Subscriptions	0001	Apple				n	-108/100	-108/100	1970-01-01 00:00:00
===== END
===== START
B	ebb6023ff65e4830b39f48a8fceeb042	f71fef95b3614204b01fedc6b86612d9	2024-01-21 17:31:06	2024-01-21 17:09:54	2024-01-18 10:59:00	48c0a9bb8af04622bbb5c2e2aac3f735	Navy Rewards Card	0001	Canteen Vending Services				c	200/100	200/100	2024-01-21 17:09:54
B	ebb6023ff65e4830b39f48a8fceeb042	21e6a3e7f67f438f8493cff9efbb7810	2024-01-21 17:31:06	2024-01-21 17:09:54	2024-01-18 10:59:00	3323a52a32464e5db6926fdc8fbced8f	Imbalance-USD	0001	Canteen Vending Services				n	-200/100	-200/100	1970-01-01 00:00:00
===== END
===== START
C	ebb6023ff65e4830b39f48a8fceeb042	f71fef95b3614204b01fedc6b86612d9	2024-01-21 17:31:06	2024-01-21 17:09:54	2024-01-18 10:59:00	48c0a9bb8af04622bbb5c2e2aac3f735	Navy Rewards Card	0001	Canteen Vending Services				c	200/100	200/100	2024-01-21 17:09:54
C	ebb6023ff65e4830b39f48a8fceeb042	21e6a3e7f67f438f8493cff9efbb7810	2024-01-21 17:31:06	2024-01-21 17:09:54	2024-01-18 10:59:00	7c452bea58344d23b0f556cf05df9fe0	Dining	0001	Canteen Vending Services				n	-200/100	-200/100	1970-01-01 00:00:00
===== END
===== START
B	fcda995e08894446ac0dca82a8b56674	b3b3799407054d1ba47f69f3e1fd24c8	2024-01-21 17:31:08	2024-01-21 17:09:54	2024-01-18 10:59:00	48c0a9bb8af04622bbb5c2e2aac3f735	Navy Rewards Card	0001	Canteen Vending Services				c	200/100	200/100	2024-01-21 17:09:54
B	fcda995e08894446ac0dca82a8b56674	0df23cc7dabc4e3188bfe1b2ddccb990	2024-01-21 17:31:08	2024-01-21 17:09:54	2024-01-18 10:59:00	3323a52a32464e5db6926fdc8fbced8f	Imbalance-USD	0001	Canteen Vending Services				n	-200/100	-200/100	1970-01-01 00:00:00
===== END
===== START
C	fcda995e08894446ac0dca82a8b56674	b3b3799407054d1ba47f69f3e1fd24c8	2024-01-21 17:31:08	2024-01-21 17:09:54	2024-01-18 10:59:00	48c0a9bb8af04622bbb5c2e2aac3f735	Navy Rewards Card	0001	Canteen Vending Services				c	200/100	200/100	2024-01-21 17:09:54
C	fcda995e08894446ac0dca82a8b56674	0df23cc7dabc4e3188bfe1b2ddccb990	2024-01-21 17:31:08	2024-01-21 17:09:54	2024-01-18 10:59:00	7c452bea58344d23b0f556cf05df9fe0	Dining	0001	Canteen Vending Services				n	-200/100	-200/100	1970-01-01 00:00:00
===== END
===== START
B	16be602a69004bc79c4ce9ce893ae03a	e34a47dc0cf1483fafae783790b54ab7	2024-01-21 17:31:13	2024-01-21 17:09:54	2024-01-19 10:59:00	48c0a9bb8af04622bbb5c2e2aac3f735	Navy Rewards Card	0001	Canteen Vending Services				c	140/100	140/100	2024-01-21 17:09:54
B	16be602a69004bc79c4ce9ce893ae03a	c31c56d2327f4463b83219ccf97b3dce	2024-01-21 17:31:13	2024-01-21 17:09:54	2024-01-19 10:59:00	3323a52a32464e5db6926fdc8fbced8f	Imbalance-USD	0001	Canteen Vending Services				n	-140/100	-140/100	1970-01-01 00:00:00
===== END
===== START
C	16be602a69004bc79c4ce9ce893ae03a	e34a47dc0cf1483fafae783790b54ab7	2024-01-21 17:31:13	2024-01-21 17:09:54	2024-01-19 10:59:00	48c0a9bb8af04622bbb5c2e2aac3f735	Navy Rewards Card	0001	Canteen Vending Services				c	140/100	140/100	2024-01-21 17:09:54
C	16be602a69004bc79c4ce9ce893ae03a	c31c56d2327f4463b83219ccf97b3dce	2024-01-21 17:31:13	2024-01-21 17:09:54	2024-01-19 10:59:00	7c452bea58344d23b0f556cf05df9fe0	Dining	0001	Canteen Vending Services				n	-140/100	-140/100	1970-01-01 00:00:00
===== END
===== START
B	2ac223acdee942879aa755524dea0fc7	7bc77f01627442bfa218583fd69962ea	2024-01-21 17:31:15	2024-01-21 17:09:54	2024-01-19 10:59:00	48c0a9bb8af04622bbb5c2e2aac3f735	Navy Rewards Card	0001	Canteen Vending Services				c	200/100	200/100	2024-01-21 17:09:54
B	2ac223acdee942879aa755524dea0fc7	5f07b06185ff417a85140ce57cc3e2e4	2024-01-21 17:31:15	2024-01-21 17:09:54	2024-01-19 10:59:00	3323a52a32464e5db6926fdc8fbced8f	Imbalance-USD	0001	Canteen Vending Services				n	-200/100	-200/100	1970-01-01 00:00:00
===== END
===== START
C	2ac223acdee942879aa755524dea0fc7	7bc77f01627442bfa218583fd69962ea	2024-01-21 17:31:15	2024-01-21 17:09:54	2024-01-19 10:59:00	48c0a9bb8af04622bbb5c2e2aac3f735	Navy Rewards Card	0001	Canteen Vending Services				c	200/100	200/100	2024-01-21 17:09:54
C	2ac223acdee942879aa755524dea0fc7	5f07b06185ff417a85140ce57cc3e2e4	2024-01-21 17:31:15	2024-01-21 17:09:54	2024-01-19 10:59:00	7c452bea58344d23b0f556cf05df9fe0	Dining	0001	Canteen Vending Services				n	-200/100	-200/100	1970-01-01 00:00:00
===== END
===== START
B	5bfa4dab5c2349f186c85fcd31f94fa7	3846a8b12f2e40e28582b56db1d51b9c	2024-01-21 17:31:27	2024-01-21 17:09:54	2024-01-19 10:59:00	48c0a9bb8af04622bbb5c2e2aac3f735	Navy Rewards Card	0001	Payment to Tucson Water				c	15133/100	15133/100	2024-01-21 17:09:54
B	5bfa4dab5c2349f186c85fcd31f94fa7	0f8406b0e2b442788938d7fcf304fd3d	2024-01-21 17:31:27	2024-01-21 17:09:54	2024-01-19 10:59:00	3323a52a32464e5db6926fdc8fbced8f	Imbalance-USD	0001	Payment to Tucson Water				n	-15133/100	-15133/100	1970-01-01 00:00:00
===== END
===== START
C	5bfa4dab5c2349f186c85fcd31f94fa7	3846a8b12f2e40e28582b56db1d51b9c	2024-01-21 17:31:27	2024-01-21 17:09:54	2024-01-19 10:59:00	48c0a9bb8af04622bbb5c2e2aac3f735	Navy Rewards Card	0001	Payment to Tucson Water				c	15133/100	15133/100	2024-01-21 17:09:54
C	5bfa4dab5c2349f186c85fcd31f94fa7	0f8406b0e2b442788938d7fcf304fd3d	2024-01-21 17:31:27	2024-01-21 17:09:54	2024-01-19 10:59:00	5890bd69a6864d8391e57ecc7ade736e	Water	0001	Payment to Tucson Water				n	-15133/100	-15133/100	1970-01-01 00:00:00
===== END
===== START
B	bc183b5a08d74b959b026a11a6c57978	cb44e99e6e554e9d9a0daf5f32fd9948	2024-01-21 17:31:37	2024-01-21 17:09:54	2024-01-19 10:59:00	48c0a9bb8af04622bbb5c2e2aac3f735	Navy Rewards Card	0001	Uber				c	100/100	100/100	2024-01-21 17:09:54
B	bc183b5a08d74b959b026a11a6c57978	040f4bd1e5bd42378830c4ae8ef294d0	2024-01-21 17:31:37	2024-01-21 17:09:54	2024-01-19 10:59:00	3323a52a32464e5db6926fdc8fbced8f	Imbalance-USD	0001	Uber				n	-100/100	-100/100	1970-01-01 00:00:00
===== END
===== START
C	bc183b5a08d74b959b026a11a6c57978	cb44e99e6e554e9d9a0daf5f32fd9948	2024-01-21 17:31:37	2024-01-21 17:09:54	2024-01-19 10:59:00	48c0a9bb8af04622bbb5c2e2aac3f735	Navy Rewards Card	0001	Uber				c	100/100	100/100	2024-01-21 17:09:54
C	bc183b5a08d74b959b026a11a6c57978	040f4bd1e5bd42378830c4ae8ef294d0	2024-01-21 17:31:37	2024-01-21 17:09:54	2024-01-19 10:59:00	39523e58dddf4d9c83c3a995e932b37f	Travel	0001	Uber				n	-100/100	-100/100	1970-01-01 00:00:00
===== END
===== START
B	f1fd8a4deb91468398d6789558f2a847	0e49ecee17f346e4b4783cb5e47fc3e2	2024-01-21 17:31:48	2024-01-21 17:09:54	2024-01-18 10:59:00	48c0a9bb8af04622bbb5c2e2aac3f735	Navy Rewards Card	4430	SP COLOR WOW COLORWOWHAIR.CT - 4430				c	3016/100	3016/100	2024-01-21 17:09:54
B	f1fd8a4deb91468398d6789558f2a847	b6b95f5ef3984019b3b572b7e7ea5115	2024-01-21 17:31:48	2024-01-21 17:09:54	2024-01-18 10:59:00	3323a52a32464e5db6926fdc8fbced8f	Imbalance-USD	4430	SP COLOR WOW COLORWOWHAIR.CT - 4430				n	-3016/100	-3016/100	1970-01-01 00:00:00
===== END
===== START
C	f1fd8a4deb91468398d6789558f2a847	0e49ecee17f346e4b4783cb5e47fc3e2	2024-01-21 17:31:48	2024-01-21 17:09:54	2024-01-18 10:59:00	48c0a9bb8af04622bbb5c2e2aac3f735	Navy Rewards Card	4430	SP COLOR WOW COLORWOWHAIR.CT - 4430				c	3016/100	3016/100	2024-01-21 17:09:54
C	f1fd8a4deb91468398d6789558f2a847	b6b95f5ef3984019b3b572b7e7ea5115	2024-01-21 17:31:48	2024-01-21 17:09:54	2024-01-18 10:59:00	f51833ab51c446f28a6ab0d10a773759	Miscellaneous	4430	SP COLOR WOW COLORWOWHAIR.CT - 4430				n	-3016/100	-3016/100	1970-01-01 00:00:00
===== END
===== START
===== END
===== START
B	65e1305a33c04c9eb1095cf68e279ba2	4be485559fc14f7f9821dd0e3509cc47	2024-01-21 17:32:45	2024-01-21 17:09:54	2024-01-19 10:59:00	48c0a9bb8af04622bbb5c2e2aac3f735	Navy Rewards Card	0001	Amazon Marketplace				c	4185/100	4185/100	2024-01-21 17:09:54
B	65e1305a33c04c9eb1095cf68e279ba2	22553b95e8a84a2a85d32a4016913814	2024-01-21 17:32:45	2024-01-21 17:09:54	2024-01-19 10:59:00	3323a52a32464e5db6926fdc8fbced8f	Imbalance-USD	0001	Amazon Marketplace				n	-4185/100	-4185/100	1970-01-01 00:00:00
===== END
===== START
C	65e1305a33c04c9eb1095cf68e279ba2	4be485559fc14f7f9821dd0e3509cc47	2024-01-21 17:32:45	2024-01-21 17:09:54	2024-01-19 10:59:00	48c0a9bb8af04622bbb5c2e2aac3f735	Navy Rewards Card	0001	Amazon Marketplace				c	4185/100	4185/100	2024-01-21 17:09:54
C	65e1305a33c04c9eb1095cf68e279ba2	22553b95e8a84a2a85d32a4016913814	2024-01-21 17:32:45	2024-01-21 17:09:54	2024-01-19 10:59:00	f51833ab51c446f28a6ab0d10a773759	Miscellaneous	0001	Amazon Marketplace				n	-4185/100	-4185/100	1970-01-01 00:00:00
===== END
===== START
B	2e0f63965f2347fc80a1fa75d36baa38	b9c90cad87034a579525a124885ae44b	2024-01-21 17:32:55	2024-01-21 17:09:53	2024-01-04 10:59:00	48c0a9bb8af04622bbb5c2e2aac3f735	Navy Rewards Card	4430	The Home Depot				c	2500/100	2500/100	2024-01-21 17:09:53
B	2e0f63965f2347fc80a1fa75d36baa38	d9449a12de5340da94326d3f4934a9b8	2024-01-21 17:32:55	2024-01-21 17:09:53	2024-01-04 10:59:00	3323a52a32464e5db6926fdc8fbced8f	Imbalance-USD	4430	The Home Depot				n	-2500/100	-2500/100	1970-01-01 00:00:00
===== END
===== START
C	2e0f63965f2347fc80a1fa75d36baa38	b9c90cad87034a579525a124885ae44b	2024-01-21 17:32:55	2024-01-21 17:09:53	2024-01-04 10:59:00	48c0a9bb8af04622bbb5c2e2aac3f735	Navy Rewards Card	4430	The Home Depot				c	2500/100	2500/100	2024-01-21 17:09:53
C	2e0f63965f2347fc80a1fa75d36baa38	d9449a12de5340da94326d3f4934a9b8	2024-01-21 17:32:55	2024-01-21 17:09:53	2024-01-04 10:59:00	f51833ab51c446f28a6ab0d10a773759	Miscellaneous	4430	The Home Depot				n	-2500/100	-2500/100	1970-01-01 00:00:00
===== END
===== START
B	fdace304fa5d4ce185f76fff81796c50	db5365133d744715bc460cf71ee10277	2024-01-21 17:33:03	2024-01-21 17:09:53	2024-01-04 10:59:00	48c0a9bb8af04622bbb5c2e2aac3f735	Navy Rewards Card	4430	The UPS Store				c	500/100	500/100	2024-01-21 17:09:53
B	fdace304fa5d4ce185f76fff81796c50	89d19f1216c24f5b8d7122d7498edba8	2024-01-21 17:33:03	2024-01-21 17:09:53	2024-01-04 10:59:00	3323a52a32464e5db6926fdc8fbced8f	Imbalance-USD	4430	The UPS Store				n	-500/100	-500/100	1970-01-01 00:00:00
===== END
===== START
C	fdace304fa5d4ce185f76fff81796c50	db5365133d744715bc460cf71ee10277	2024-01-21 17:33:03	2024-01-21 17:09:53	2024-01-04 10:59:00	48c0a9bb8af04622bbb5c2e2aac3f735	Navy Rewards Card	4430	The UPS Store				c	500/100	500/100	2024-01-21 17:09:53
C	fdace304fa5d4ce185f76fff81796c50	89d19f1216c24f5b8d7122d7498edba8	2024-01-21 17:33:03	2024-01-21 17:09:53	2024-01-04 10:59:00	f51833ab51c446f28a6ab0d10a773759	Miscellaneous	4430	The UPS Store				n	-500/100	-500/100	1970-01-01 00:00:00
===== END
===== START
B	84b9edfe04354f2abcb9bf05b82c4071	93f608c3905148ecbd113a575f3ee4e1	2024-01-21 17:33:07	2024-01-21 17:09:53	2024-01-05 10:59:00	48c0a9bb8af04622bbb5c2e2aac3f735	Navy Rewards Card	4430	IKEA				c	6660/100	6660/100	2024-01-21 17:09:53
B	84b9edfe04354f2abcb9bf05b82c4071	fb889910ab174d1b87402f90368e8645	2024-01-21 17:33:07	2024-01-21 17:09:53	2024-01-05 10:59:00	3323a52a32464e5db6926fdc8fbced8f	Imbalance-USD	4430	IKEA				n	-6660/100	-6660/100	1970-01-01 00:00:00
===== END
===== START
C	84b9edfe04354f2abcb9bf05b82c4071	93f608c3905148ecbd113a575f3ee4e1	2024-01-21 17:33:07	2024-01-21 17:09:53	2024-01-05 10:59:00	48c0a9bb8af04622bbb5c2e2aac3f735	Navy Rewards Card	4430	IKEA				c	6660/100	6660/100	2024-01-21 17:09:53
C	84b9edfe04354f2abcb9bf05b82c4071	fb889910ab174d1b87402f90368e8645	2024-01-21 17:33:07	2024-01-21 17:09:53	2024-01-05 10:59:00	f51833ab51c446f28a6ab0d10a773759	Miscellaneous	4430	IKEA				n	-6660/100	-6660/100	1970-01-01 00:00:00
===== END
===== START
B	b5aaee3eba584012bb4938d90349b976	eb42ec935b5545bda3383908389818c7	2024-01-21 17:33:18	2024-01-21 17:09:53	2024-01-05 10:59:00	48c0a9bb8af04622bbb5c2e2aac3f735	Navy Rewards Card	4430	Love's				c	2249/100	2249/100	2024-01-21 17:09:53
B	b5aaee3eba584012bb4938d90349b976	cf3eb9896d0f40b9951429446e6beb32	2024-01-21 17:33:18	2024-01-21 17:09:53	2024-01-05 10:59:00	3323a52a32464e5db6926fdc8fbced8f	Imbalance-USD	4430	Love's				n	-2249/100	-2249/100	1970-01-01 00:00:00
===== END
===== START
C	b5aaee3eba584012bb4938d90349b976	eb42ec935b5545bda3383908389818c7	2024-01-21 17:33:18	2024-01-21 17:09:53	2024-01-05 10:59:00	48c0a9bb8af04622bbb5c2e2aac3f735	Navy Rewards Card	4430	Love's				c	2249/100	2249/100	2024-01-21 17:09:53
C	b5aaee3eba584012bb4938d90349b976	cf3eb9896d0f40b9951429446e6beb32	2024-01-21 17:33:18	2024-01-21 17:09:53	2024-01-05 10:59:00	27481ce2defd46158db8ea43cba7ef12	Fuel	4430	Love's				n	-2249/100	-2249/100	1970-01-01 00:00:00
===== END
===== START
B	a475743c0d974e45b8cbcb421d9be567	281f088ea72b4fdd971e630340ad9754	2024-01-21 17:33:42	2024-01-21 17:09:53	2024-01-05 10:59:00	48c0a9bb8af04622bbb5c2e2aac3f735	Navy Rewards Card	0001	Tucson Hop Shop				c	3105/100	3105/100	2024-01-21 17:09:53
B	a475743c0d974e45b8cbcb421d9be567	c00028af248d4448bb88e6fee48bd4de	2024-01-21 17:33:42	2024-01-21 17:09:53	2024-01-05 10:59:00	3323a52a32464e5db6926fdc8fbced8f	Imbalance-USD	0001	Tucson Hop Shop				n	-3105/100	-3105/100	1970-01-01 00:00:00
===== END
===== START
C	a475743c0d974e45b8cbcb421d9be567	281f088ea72b4fdd971e630340ad9754	2024-01-21 17:33:42	2024-01-21 17:09:53	2024-01-05 10:59:00	48c0a9bb8af04622bbb5c2e2aac3f735	Navy Rewards Card	0001	Tucson Hop Shop				c	3105/100	3105/100	2024-01-21 17:09:53
C	a475743c0d974e45b8cbcb421d9be567	c00028af248d4448bb88e6fee48bd4de	2024-01-21 17:33:42	2024-01-21 17:09:53	2024-01-05 10:59:00	7c452bea58344d23b0f556cf05df9fe0	Dining	0001	Tucson Hop Shop				n	-3105/100	-3105/100	1970-01-01 00:00:00
===== END
===== START
B	5de8f1f0b06e49418e24ae2b0dfb1411	c5f055259d96451c8f8bc8b09cb01d94	2024-01-21 17:33:49	2024-01-21 17:09:53	2024-01-09 10:59:00	48c0a9bb8af04622bbb5c2e2aac3f735	Navy Rewards Card	4430	Apple				c	325/100	325/100	2024-01-21 17:09:53
B	5de8f1f0b06e49418e24ae2b0dfb1411	3087d8fb08714197a9eedabc0b24c75d	2024-01-21 17:33:49	2024-01-21 17:09:53	2024-01-09 10:59:00	3323a52a32464e5db6926fdc8fbced8f	Imbalance-USD	4430	Apple				n	-325/100	-325/100	1970-01-01 00:00:00
===== END
===== START
C	5de8f1f0b06e49418e24ae2b0dfb1411	c5f055259d96451c8f8bc8b09cb01d94	2024-01-21 17:33:49	2024-01-21 17:09:53	2024-01-09 10:59:00	48c0a9bb8af04622bbb5c2e2aac3f735	Navy Rewards Card	4430	Apple				c	325/100	325/100	2024-01-21 17:09:53
C	5de8f1f0b06e49418e24ae2b0dfb1411	3087d8fb08714197a9eedabc0b24c75d	2024-01-21 17:33:49	2024-01-21 17:09:53	2024-01-09 10:59:00	3feaad255df249169127e590b1602cd7	Subscriptions	4430	Apple				n	-325/100	-325/100	1970-01-01 00:00:00
===== END
