mod	trans_guid	split_guid	time_now	date_entered	date_posted	acc_guid	acc_name	num	description	notes	memo	action	reconciled	amount	value	date_reconciled
-----------------
===== START
B	fb326a0c12df48119a014e3a6ce3d7ac	19cf6dd2c3bb4d409554b020d75c158a	2024-02-08 04:16:11	2024-02-07 03:01:31	2024-02-01 10:59:00	d21f7d0d27fd4d2eb27b2d994c3718b9	Car Payment		ACH Transaction - USAA FSB ICPAYMENT 0031407426				n	40957/100	40957/100	1970-01-01 00:00:00
B	fb326a0c12df48119a014e3a6ce3d7ac	7f156e8a40b74a2aa66db5616f7f729f	2024-02-08 04:16:11	2024-02-07 03:01:31	2024-02-01 10:59:00	5f8cd3d7d07f4e76916a760d36c0523b	Checking Account		ACH Transaction - USAA FSB ICPAYMENT 0031407426				c	-40957/100	-40957/100	2024-02-07 03:01:31
===== END
===== START
C	fb326a0c12df48119a014e3a6ce3d7ac	19cf6dd2c3bb4d409554b020d75c158a	2024-02-08 04:16:23	2024-02-07 03:01:31	2024-02-01 10:59:00	d21f7d0d27fd4d2eb27b2d994c3718b9	Car Payment		ACH Transaction - USAA FSB ICPAYMENT 0031407426				n	31838/100	31838/100	1970-01-01 00:00:00
C	fb326a0c12df48119a014e3a6ce3d7ac	7f156e8a40b74a2aa66db5616f7f729f	2024-02-08 04:16:23	2024-02-07 03:01:31	2024-02-01 10:59:00	5f8cd3d7d07f4e76916a760d36c0523b	Checking Account		ACH Transaction - USAA FSB ICPAYMENT 0031407426				c	-40957/100	-40957/100	2024-02-07 03:01:31
C	fb326a0c12df48119a014e3a6ce3d7ac	8ecad62126c146ecb217d3febb69dc19	2024-02-08 04:16:23	2024-02-07 03:01:31	2024-02-01 10:59:00	2affe66e455c4d78a971998e23de3f9b	Vehicle Loan Interest		ACH Transaction - USAA FSB ICPAYMENT 0031407426				n	9119/100	9119/100	1970-01-01 00:00:00
===== END
===== START
D	783b5c20621446e09b294318cdadb706	76e2df1fdfa6456c8c32e413d50f9bc3	2024-02-08 04:16:34	2024-02-08 04:16:34	2024-02-07 10:59:00								n	0/1	0/100	1970-01-01 00:00:00
===== END
===== START
D	e8327a29c8b8468e987af58c8cc88625	1f1cfa2edffe4f8d8a1c2624b50b0cff	2024-02-08 04:16:35	2024-02-08 04:16:35	2024-02-07 10:59:00								n	0/1	0/100	1970-01-01 00:00:00
===== END
===== START
D	f2a153f1f61349dc980d2b0ea4eed914	f9a7528c87c340d199cffe6f67f24b05	2024-02-08 04:16:36	2024-02-08 04:16:36	2024-01-31 10:59:00								n	0/1	0/100	1970-01-01 00:00:00
===== END
===== START
===== END
===== START
===== END
