mod	trans_guid	split_guid	time_now	date_entered	date_posted	acc_guid	acc_name	num	description	notes	memo	action	reconciled	amount	value	date_reconciled
-----------------
===== START
B	0573f63a57cf48a893dd53c03875c293	7068e3fcd9ea4f46963938abcb547f86	2024-02-04 20:48:45	2024-02-04 20:43:14	2024-01-22 10:59:00	3323a52a32464e5db6926fdc8fbced8f	Imbalance-USD		UBER TRIP HELPUBERCOM CA				n	699/100	699/100	1970-01-01 00:00:00
B	0573f63a57cf48a893dd53c03875c293	4244d25ca69b45e78c7a9ddc103fa0c0	2024-02-04 20:48:45	2024-02-04 20:43:14	2024-01-22 10:59:00	48c0a9bb8af04622bbb5c2e2aac3f735	Navy Rewards Card		UBER TRIP HELPUBERCOM CA				c	-699/100	-699/100	2024-02-04 20:43:14
===== END
===== START
C	0573f63a57cf48a893dd53c03875c293	7068e3fcd9ea4f46963938abcb547f86	2024-02-04 20:48:45	2024-02-04 20:43:14	2024-01-22 10:59:00	a19b8e9ca2e241b39cce05dd566e3aca	Uber		UBER TRIP HELPUBERCOM CA				n	699/100	699/100	1970-01-01 00:00:00
C	0573f63a57cf48a893dd53c03875c293	4244d25ca69b45e78c7a9ddc103fa0c0	2024-02-04 20:48:45	2024-02-04 20:43:14	2024-01-22 10:59:00	48c0a9bb8af04622bbb5c2e2aac3f735	Navy Rewards Card		UBER TRIP HELPUBERCOM CA				c	-699/100	-699/100	2024-02-04 20:43:14
===== END
===== START
B	2e9130c5f38e46849033129c28247a47	036c5f0675744145b62dd24ed1afbacb	2024-02-04 20:48:52	2024-02-04 20:43:14	2024-01-22 10:59:00	3323a52a32464e5db6926fdc8fbced8f	Imbalance-USD		UBER TRIP HELPUBERCOM CA				n	1199/100	1199/100	1970-01-01 00:00:00
B	2e9130c5f38e46849033129c28247a47	06207e7fdce14a6a9d20200389d450c8	2024-02-04 20:48:52	2024-02-04 20:43:14	2024-01-22 10:59:00	48c0a9bb8af04622bbb5c2e2aac3f735	Navy Rewards Card		UBER TRIP HELPUBERCOM CA				c	-1199/100	-1199/100	2024-02-04 20:43:14
===== END
===== START
C	2e9130c5f38e46849033129c28247a47	036c5f0675744145b62dd24ed1afbacb	2024-02-04 20:48:52	2024-02-04 20:43:14	2024-01-22 10:59:00	a19b8e9ca2e241b39cce05dd566e3aca	Uber		UBER TRIP HELPUBERCOM CA				n	1199/100	1199/100	1970-01-01 00:00:00
C	2e9130c5f38e46849033129c28247a47	06207e7fdce14a6a9d20200389d450c8	2024-02-04 20:48:52	2024-02-04 20:43:14	2024-01-22 10:59:00	48c0a9bb8af04622bbb5c2e2aac3f735	Navy Rewards Card		UBER TRIP HELPUBERCOM CA				c	-1199/100	-1199/100	2024-02-04 20:43:14
===== END
===== START
B	699a6661ecad44ab916e0cde2621012c	3e986656fd2347f885fb6adb5c700d84	2024-02-04 20:48:58	2024-02-04 20:43:14	2024-01-22 10:59:00	3323a52a32464e5db6926fdc8fbced8f	Imbalance-USD		UBER TRIP HELPUBERCOM CA				n	100/100	100/100	1970-01-01 00:00:00
B	699a6661ecad44ab916e0cde2621012c	34019fbeb4d244058c8247afe4884693	2024-02-04 20:48:58	2024-02-04 20:43:14	2024-01-22 10:59:00	48c0a9bb8af04622bbb5c2e2aac3f735	Navy Rewards Card		UBER TRIP HELPUBERCOM CA				c	-100/100	-100/100	2024-02-04 20:43:14
===== END
===== START
C	699a6661ecad44ab916e0cde2621012c	3e986656fd2347f885fb6adb5c700d84	2024-02-04 20:48:58	2024-02-04 20:43:14	2024-01-22 10:59:00	a19b8e9ca2e241b39cce05dd566e3aca	Uber		UBER TRIP HELPUBERCOM CA				n	100/100	100/100	1970-01-01 00:00:00
C	699a6661ecad44ab916e0cde2621012c	34019fbeb4d244058c8247afe4884693	2024-02-04 20:48:58	2024-02-04 20:43:14	2024-01-22 10:59:00	48c0a9bb8af04622bbb5c2e2aac3f735	Navy Rewards Card		UBER TRIP HELPUBERCOM CA				c	-100/100	-100/100	2024-02-04 20:43:14
===== END
===== START
B	597d72f886494417a4f565b88139f1ba	3475654b02be4ddcb72ce511becc66d5	2024-02-04 20:49:07	2024-02-04 20:43:14	2024-01-22 10:59:00	3323a52a32464e5db6926fdc8fbced8f	Imbalance-USD		UTRECHT ART 8004471892 TEMPE AZ				n	2087/100	2087/100	1970-01-01 00:00:00
B	597d72f886494417a4f565b88139f1ba	77a615a0f2ab492dae126ae338b95ac0	2024-02-04 20:49:07	2024-02-04 20:43:14	2024-01-22 10:59:00	48c0a9bb8af04622bbb5c2e2aac3f735	Navy Rewards Card		UTRECHT ART 8004471892 TEMPE AZ				c	-2087/100	-2087/100	2024-02-04 20:43:14
===== END
===== START
C	597d72f886494417a4f565b88139f1ba	3475654b02be4ddcb72ce511becc66d5	2024-02-04 20:49:07	2024-02-04 20:43:14	2024-01-22 10:59:00	f51833ab51c446f28a6ab0d10a773759	Miscellaneous		UTRECHT ART 8004471892 TEMPE AZ				n	2087/100	2087/100	1970-01-01 00:00:00
C	597d72f886494417a4f565b88139f1ba	77a615a0f2ab492dae126ae338b95ac0	2024-02-04 20:49:07	2024-02-04 20:43:14	2024-01-22 10:59:00	48c0a9bb8af04622bbb5c2e2aac3f735	Navy Rewards Card		UTRECHT ART 8004471892 TEMPE AZ				c	-2087/100	-2087/100	2024-02-04 20:43:14
===== END
===== START
B	969c66e4fb0d43129bcda609d77fdb8c	a30e3ff8552748e5a21700da64e6b429	2024-02-04 20:49:12	2024-02-04 20:43:14	2024-01-22 10:59:00	3323a52a32464e5db6926fdc8fbced8f	Imbalance-USD		WHOLEFDS SPE 10439 TUCSON AZ				n	5812/100	5812/100	1970-01-01 00:00:00
B	969c66e4fb0d43129bcda609d77fdb8c	a9d090e2894e42dd81c8d5167a0bdcf2	2024-02-04 20:49:12	2024-02-04 20:43:14	2024-01-22 10:59:00	48c0a9bb8af04622bbb5c2e2aac3f735	Navy Rewards Card		WHOLEFDS SPE 10439 TUCSON AZ				c	-5812/100	-5812/100	2024-02-04 20:43:14
===== END
===== START
C	969c66e4fb0d43129bcda609d77fdb8c	a30e3ff8552748e5a21700da64e6b429	2024-02-04 20:49:12	2024-02-04 20:43:14	2024-01-22 10:59:00	a996b30c3e714c1483ec007f2699fc71	Groceries		WHOLEFDS SPE 10439 TUCSON AZ				n	5812/100	5812/100	1970-01-01 00:00:00
C	969c66e4fb0d43129bcda609d77fdb8c	a9d090e2894e42dd81c8d5167a0bdcf2	2024-02-04 20:49:12	2024-02-04 20:43:14	2024-01-22 10:59:00	48c0a9bb8af04622bbb5c2e2aac3f735	Navy Rewards Card		WHOLEFDS SPE 10439 TUCSON AZ				c	-5812/100	-5812/100	2024-02-04 20:43:14
===== END
===== START
B	7f31cd03789140e393bf5b6481fd0d43	2567cc4328544c3fab6b43a0ad8a1ca4	2024-02-04 20:49:19	2024-02-04 20:43:14	2024-01-23 10:59:00	3323a52a32464e5db6926fdc8fbced8f	Imbalance-USD		AMAZONCOMR02GX01J0 SEATTLE WA				n	2998/100	2998/100	1970-01-01 00:00:00
B	7f31cd03789140e393bf5b6481fd0d43	33ca9adc920149ed8251cff5b80a6aa5	2024-02-04 20:49:19	2024-02-04 20:43:14	2024-01-23 10:59:00	48c0a9bb8af04622bbb5c2e2aac3f735	Navy Rewards Card		AMAZONCOMR02GX01J0 SEATTLE WA				c	-2998/100	-2998/100	2024-02-04 20:43:14
===== END
===== START
C	7f31cd03789140e393bf5b6481fd0d43	2567cc4328544c3fab6b43a0ad8a1ca4	2024-02-04 20:49:19	2024-02-04 20:43:14	2024-01-23 10:59:00	f51833ab51c446f28a6ab0d10a773759	Miscellaneous		AMAZONCOMR02GX01J0 SEATTLE WA				n	2998/100	2998/100	1970-01-01 00:00:00
C	7f31cd03789140e393bf5b6481fd0d43	33ca9adc920149ed8251cff5b80a6aa5	2024-02-04 20:49:19	2024-02-04 20:43:14	2024-01-23 10:59:00	48c0a9bb8af04622bbb5c2e2aac3f735	Navy Rewards Card		AMAZONCOMR02GX01J0 SEATTLE WA				c	-2998/100	-2998/100	2024-02-04 20:43:14
===== END
===== START
B	92b534f8b2b9421b84f00843d7b82e21	291bb283b1154c16b89d42354f0a1b81	2024-02-04 20:49:35	2024-02-04 20:43:14	2024-01-23 10:59:00	3323a52a32464e5db6926fdc8fbced8f	Imbalance-USD		HOMEDEPOTCOM 800-430-3376 GA				n	55295/100	55295/100	1970-01-01 00:00:00
B	92b534f8b2b9421b84f00843d7b82e21	05035afb6bb74bf69b4364f8a6bbea7e	2024-02-04 20:49:35	2024-02-04 20:43:14	2024-01-23 10:59:00	48c0a9bb8af04622bbb5c2e2aac3f735	Navy Rewards Card		HOMEDEPOTCOM 800-430-3376 GA				c	-55295/100	-55295/100	2024-02-04 20:43:14
===== END
===== START
C	92b534f8b2b9421b84f00843d7b82e21	291bb283b1154c16b89d42354f0a1b81	2024-02-04 20:49:35	2024-02-04 20:43:14	2024-01-23 10:59:00	e96006f03af946419f174c26ada68cf6	Home Repair		HOMEDEPOTCOM 800-430-3376 GA				n	55295/100	55295/100	1970-01-01 00:00:00
C	92b534f8b2b9421b84f00843d7b82e21	05035afb6bb74bf69b4364f8a6bbea7e	2024-02-04 20:49:35	2024-02-04 20:43:14	2024-01-23 10:59:00	48c0a9bb8af04622bbb5c2e2aac3f735	Navy Rewards Card		HOMEDEPOTCOM 800-430-3376 GA				c	-55295/100	-55295/100	2024-02-04 20:43:14
===== END
===== START
B	62351fb21f3b4ab48ab9641994ab822e	9c568cd91ea0442aa8d56b8789ee2ad4	2024-02-04 20:49:41	2024-02-04 20:43:14	2024-01-23 10:59:00	3323a52a32464e5db6926fdc8fbced8f	Imbalance-USD		TRADER JOE S 088 TUCSON AZ				n	1993/100	1993/100	1970-01-01 00:00:00
B	62351fb21f3b4ab48ab9641994ab822e	d2e37e048c064e91a4f93a558149f201	2024-02-04 20:49:41	2024-02-04 20:43:14	2024-01-23 10:59:00	48c0a9bb8af04622bbb5c2e2aac3f735	Navy Rewards Card		TRADER JOE S 088 TUCSON AZ				c	-1993/100	-1993/100	2024-02-04 20:43:14
===== END
===== START
C	62351fb21f3b4ab48ab9641994ab822e	9c568cd91ea0442aa8d56b8789ee2ad4	2024-02-04 20:49:41	2024-02-04 20:43:14	2024-01-23 10:59:00	a996b30c3e714c1483ec007f2699fc71	Groceries		TRADER JOE S 088 TUCSON AZ				n	1993/100	1993/100	1970-01-01 00:00:00
C	62351fb21f3b4ab48ab9641994ab822e	d2e37e048c064e91a4f93a558149f201	2024-02-04 20:49:41	2024-02-04 20:43:14	2024-01-23 10:59:00	48c0a9bb8af04622bbb5c2e2aac3f735	Navy Rewards Card		TRADER JOE S 088 TUCSON AZ				c	-1993/100	-1993/100	2024-02-04 20:43:14
===== END
===== START
B	a8a9dc9570bf419ebd6bfb442e788a8a	eae437a89c8d480f980f2a52f1dd3b09	2024-02-04 20:50:00	2024-02-04 20:43:14	2024-01-24 10:59:00	3323a52a32464e5db6926fdc8fbced8f	Imbalance-USD		Amazon PrimeR84C02RF2 Amzncombill WA				n	15109/100	15109/100	1970-01-01 00:00:00
B	a8a9dc9570bf419ebd6bfb442e788a8a	0965d5bdeb29467889d18cb8fa4b78d0	2024-02-04 20:50:00	2024-02-04 20:43:14	2024-01-24 10:59:00	48c0a9bb8af04622bbb5c2e2aac3f735	Navy Rewards Card		Amazon PrimeR84C02RF2 Amzncombill WA				c	-15109/100	-15109/100	2024-02-04 20:43:14
===== END
===== START
C	a8a9dc9570bf419ebd6bfb442e788a8a	eae437a89c8d480f980f2a52f1dd3b09	2024-02-04 20:50:00	2024-02-04 20:43:14	2024-01-24 10:59:00	f51833ab51c446f28a6ab0d10a773759	Miscellaneous		Amazon PrimeR84C02RF2 Amzncombill WA				n	15109/100	15109/100	1970-01-01 00:00:00
C	a8a9dc9570bf419ebd6bfb442e788a8a	0965d5bdeb29467889d18cb8fa4b78d0	2024-02-04 20:50:00	2024-02-04 20:43:14	2024-01-24 10:59:00	48c0a9bb8af04622bbb5c2e2aac3f735	Navy Rewards Card		Amazon PrimeR84C02RF2 Amzncombill WA				c	-15109/100	-15109/100	2024-02-04 20:43:14
===== END
===== START
B	fcc4e37308684e53935621174654e523	2849228a5c224c9f8657c57a8d7cc481	2024-02-04 20:50:05	2024-02-04 20:43:14	2024-01-24 10:59:00	3323a52a32464e5db6926fdc8fbced8f	Imbalance-USD		CANTEEN VENDING TUCSON AZ				n	140/100	140/100	1970-01-01 00:00:00
B	fcc4e37308684e53935621174654e523	13ee7708d5ab4c3da6b90d134b19bd77	2024-02-04 20:50:05	2024-02-04 20:43:14	2024-01-24 10:59:00	48c0a9bb8af04622bbb5c2e2aac3f735	Navy Rewards Card		CANTEEN VENDING TUCSON AZ				c	-140/100	-140/100	2024-02-04 20:43:14
===== END
===== START
C	fcc4e37308684e53935621174654e523	2849228a5c224c9f8657c57a8d7cc481	2024-02-04 20:50:05	2024-02-04 20:43:14	2024-01-24 10:59:00	7c452bea58344d23b0f556cf05df9fe0	Dining		CANTEEN VENDING TUCSON AZ				n	140/100	140/100	1970-01-01 00:00:00
C	fcc4e37308684e53935621174654e523	13ee7708d5ab4c3da6b90d134b19bd77	2024-02-04 20:50:05	2024-02-04 20:43:14	2024-01-24 10:59:00	48c0a9bb8af04622bbb5c2e2aac3f735	Navy Rewards Card		CANTEEN VENDING TUCSON AZ				c	-140/100	-140/100	2024-02-04 20:43:14
===== END
===== START
B	1b7dc2b6c31e43a98856cb5f124502e0	563521ba72124ae89d1f085c214409cc	2024-02-04 20:50:08	2024-02-04 20:43:14	2024-01-25 10:59:00	3323a52a32464e5db6926fdc8fbced8f	Imbalance-USD		CANTEEN VENDING TUCSON AZ				n	200/100	200/100	1970-01-01 00:00:00
B	1b7dc2b6c31e43a98856cb5f124502e0	b9e73d4555e946ebbb9febc1f8f6669d	2024-02-04 20:50:08	2024-02-04 20:43:14	2024-01-25 10:59:00	48c0a9bb8af04622bbb5c2e2aac3f735	Navy Rewards Card		CANTEEN VENDING TUCSON AZ				c	-200/100	-200/100	2024-02-04 20:43:14
===== END
===== START
C	1b7dc2b6c31e43a98856cb5f124502e0	563521ba72124ae89d1f085c214409cc	2024-02-04 20:50:08	2024-02-04 20:43:14	2024-01-25 10:59:00	7c452bea58344d23b0f556cf05df9fe0	Dining		CANTEEN VENDING TUCSON AZ				n	200/100	200/100	1970-01-01 00:00:00
C	1b7dc2b6c31e43a98856cb5f124502e0	b9e73d4555e946ebbb9febc1f8f6669d	2024-02-04 20:50:08	2024-02-04 20:43:14	2024-01-25 10:59:00	48c0a9bb8af04622bbb5c2e2aac3f735	Navy Rewards Card		CANTEEN VENDING TUCSON AZ				c	-200/100	-200/100	2024-02-04 20:43:14
===== END
===== START
B	5a3ed5b727ab45949a4abe6f198129eb	cfcec8a23212489988f08b8026a8c6ef	2024-02-04 20:50:30	2024-02-04 20:43:14	2024-01-25 10:59:00	3323a52a32464e5db6926fdc8fbced8f	Imbalance-USD		DIRTY DAWGS TUCSON HTTPSDIRTYDAW AZ				n	15000/100	15000/100	1970-01-01 00:00:00
B	5a3ed5b727ab45949a4abe6f198129eb	2544715265cd491b9ffbd43ea326bf8c	2024-02-04 20:50:30	2024-02-04 20:43:14	2024-01-25 10:59:00	48c0a9bb8af04622bbb5c2e2aac3f735	Navy Rewards Card		DIRTY DAWGS TUCSON HTTPSDIRTYDAW AZ				c	-15000/100	-15000/100	2024-02-04 20:43:14
===== END
===== START
C	5a3ed5b727ab45949a4abe6f198129eb	cfcec8a23212489988f08b8026a8c6ef	2024-02-04 20:50:30	2024-02-04 20:43:14	2024-01-25 10:59:00	0287a1bc9c4949d4a9997f42ef1fe557	Pet Care		DIRTY DAWGS TUCSON HTTPSDIRTYDAW AZ				n	15000/100	15000/100	1970-01-01 00:00:00
C	5a3ed5b727ab45949a4abe6f198129eb	2544715265cd491b9ffbd43ea326bf8c	2024-02-04 20:50:30	2024-02-04 20:43:14	2024-01-25 10:59:00	48c0a9bb8af04622bbb5c2e2aac3f735	Navy Rewards Card		DIRTY DAWGS TUCSON HTTPSDIRTYDAW AZ				c	-15000/100	-15000/100	2024-02-04 20:43:14
===== END
===== START
B	6abd8281301f455cbaf361e397284914	5c8d1751376347e885ae4e16e1a95b79	2024-02-04 20:50:38	2024-02-04 20:43:14	2024-01-25 10:59:00	3323a52a32464e5db6926fdc8fbced8f	Imbalance-USD		VZWRLSSAPOCC VISE 800-922-0204 FL				n	11066/100	11066/100	1970-01-01 00:00:00
B	6abd8281301f455cbaf361e397284914	a7f14f9968524ffda7f644db0425e99f	2024-02-04 20:50:38	2024-02-04 20:43:14	2024-01-25 10:59:00	48c0a9bb8af04622bbb5c2e2aac3f735	Navy Rewards Card		VZWRLSSAPOCC VISE 800-922-0204 FL				c	-11066/100	-11066/100	2024-02-04 20:43:14
===== END
===== START
C	6abd8281301f455cbaf361e397284914	5c8d1751376347e885ae4e16e1a95b79	2024-02-04 20:50:38	2024-02-04 20:43:14	2024-01-25 10:59:00	295a21c094a14565a0db59e2c2fa8fb7	Phone		VZWRLSSAPOCC VISE 800-922-0204 FL				n	11066/100	11066/100	1970-01-01 00:00:00
C	6abd8281301f455cbaf361e397284914	a7f14f9968524ffda7f644db0425e99f	2024-02-04 20:50:38	2024-02-04 20:43:14	2024-01-25 10:59:00	48c0a9bb8af04622bbb5c2e2aac3f735	Navy Rewards Card		VZWRLSSAPOCC VISE 800-922-0204 FL				c	-11066/100	-11066/100	2024-02-04 20:43:14
===== END
===== START
B	e9b4b6e105ec4826b717139c3024a5e1	95ede2fc1baa44079abb02f1f4122cad	2024-02-04 20:50:43	2024-02-04 20:43:15	2024-01-26 10:59:00	3323a52a32464e5db6926fdc8fbced8f	Imbalance-USD		DD DOORDASH NOODLEHOL 855-973-1040 CA				n	844/100	844/100	1970-01-01 00:00:00
B	e9b4b6e105ec4826b717139c3024a5e1	df753995941c491d8a4558a9fc709791	2024-02-04 20:50:43	2024-02-04 20:43:15	2024-01-26 10:59:00	48c0a9bb8af04622bbb5c2e2aac3f735	Navy Rewards Card		DD DOORDASH NOODLEHOL 855-973-1040 CA				c	-844/100	-844/100	2024-02-04 20:43:15
===== END
===== START
C	e9b4b6e105ec4826b717139c3024a5e1	95ede2fc1baa44079abb02f1f4122cad	2024-02-04 20:50:43	2024-02-04 20:43:15	2024-01-26 10:59:00	7c452bea58344d23b0f556cf05df9fe0	Dining		DD DOORDASH NOODLEHOL 855-973-1040 CA				n	844/100	844/100	1970-01-01 00:00:00
C	e9b4b6e105ec4826b717139c3024a5e1	df753995941c491d8a4558a9fc709791	2024-02-04 20:50:43	2024-02-04 20:43:15	2024-01-26 10:59:00	48c0a9bb8af04622bbb5c2e2aac3f735	Navy Rewards Card		DD DOORDASH NOODLEHOL 855-973-1040 CA				c	-844/100	-844/100	2024-02-04 20:43:15
===== END
===== START
B	59ad38345f3143e7bedd1a5eefc2e525	2cddbf8954ae4503b147f82295984e99	2024-02-04 20:51:09	2024-02-04 20:43:15	2024-01-26 10:59:00	3323a52a32464e5db6926fdc8fbced8f	Imbalance-USD		EMBRACE PET INSURANCE AG HELLOEMBRACE OH				n	6895/100	6895/100	1970-01-01 00:00:00
B	59ad38345f3143e7bedd1a5eefc2e525	e7bcc8e51f454e7180eaeaf853dbef9d	2024-02-04 20:51:09	2024-02-04 20:43:15	2024-01-26 10:59:00	48c0a9bb8af04622bbb5c2e2aac3f735	Navy Rewards Card		EMBRACE PET INSURANCE AG HELLOEMBRACE OH				c	-6895/100	-6895/100	2024-02-04 20:43:15
===== END
===== START
C	59ad38345f3143e7bedd1a5eefc2e525	2cddbf8954ae4503b147f82295984e99	2024-02-04 20:51:09	2024-02-04 20:43:15	2024-01-26 10:59:00	9c3f33b0eb154f429a34afb77f11f295	Pet		EMBRACE PET INSURANCE AG HELLOEMBRACE OH				n	6895/100	6895/100	1970-01-01 00:00:00
C	59ad38345f3143e7bedd1a5eefc2e525	e7bcc8e51f454e7180eaeaf853dbef9d	2024-02-04 20:51:09	2024-02-04 20:43:15	2024-01-26 10:59:00	48c0a9bb8af04622bbb5c2e2aac3f735	Navy Rewards Card		EMBRACE PET INSURANCE AG HELLOEMBRACE OH				c	-6895/100	-6895/100	2024-02-04 20:43:15
===== END
===== START
B	b21390bab2d643cc8ce1346e1e702d16	7e0caa07a8b14731ac2fb3c83ebabc4b	2024-02-04 20:51:14	2024-02-04 20:43:15	2024-01-26 10:59:00	3323a52a32464e5db6926fdc8fbced8f	Imbalance-USD		HP INSTANT INK 855-785-2777 CA				n	651/100	651/100	1970-01-01 00:00:00
B	b21390bab2d643cc8ce1346e1e702d16	f73d684fa38b467e9a52434f30bc3662	2024-02-04 20:51:14	2024-02-04 20:43:15	2024-01-26 10:59:00	48c0a9bb8af04622bbb5c2e2aac3f735	Navy Rewards Card		HP INSTANT INK 855-785-2777 CA				c	-651/100	-651/100	2024-02-04 20:43:15
===== END
===== START
C	b21390bab2d643cc8ce1346e1e702d16	7e0caa07a8b14731ac2fb3c83ebabc4b	2024-02-04 20:51:14	2024-02-04 20:43:15	2024-01-26 10:59:00	3feaad255df249169127e590b1602cd7	Subscriptions		HP INSTANT INK 855-785-2777 CA				n	651/100	651/100	1970-01-01 00:00:00
C	b21390bab2d643cc8ce1346e1e702d16	f73d684fa38b467e9a52434f30bc3662	2024-02-04 20:51:14	2024-02-04 20:43:15	2024-01-26 10:59:00	48c0a9bb8af04622bbb5c2e2aac3f735	Navy Rewards Card		HP INSTANT INK 855-785-2777 CA				c	-651/100	-651/100	2024-02-04 20:43:15
===== END
===== START
B	317cdc4351304b4198358e18de4913d9	fc0d31099af84e6791e67d8dae2b587e	2024-02-04 20:51:20	2024-02-04 20:43:15	2024-01-26 10:59:00	3323a52a32464e5db6926fdc8fbced8f	Imbalance-USD		RTX CAFE TUCSON848 TUCSON AZ				n	549/100	549/100	1970-01-01 00:00:00
B	317cdc4351304b4198358e18de4913d9	bfa8d6ce6164451f928abdfddd61a94d	2024-02-04 20:51:20	2024-02-04 20:43:15	2024-01-26 10:59:00	48c0a9bb8af04622bbb5c2e2aac3f735	Navy Rewards Card		RTX CAFE TUCSON848 TUCSON AZ				c	-549/100	-549/100	2024-02-04 20:43:15
===== END
===== START
C	317cdc4351304b4198358e18de4913d9	fc0d31099af84e6791e67d8dae2b587e	2024-02-04 20:51:20	2024-02-04 20:43:15	2024-01-26 10:59:00	7c452bea58344d23b0f556cf05df9fe0	Dining		RTX CAFE TUCSON848 TUCSON AZ				n	549/100	549/100	1970-01-01 00:00:00
C	317cdc4351304b4198358e18de4913d9	bfa8d6ce6164451f928abdfddd61a94d	2024-02-04 20:51:20	2024-02-04 20:43:15	2024-01-26 10:59:00	48c0a9bb8af04622bbb5c2e2aac3f735	Navy Rewards Card		RTX CAFE TUCSON848 TUCSON AZ				c	-549/100	-549/100	2024-02-04 20:43:15
===== END
===== START
B	8113cc96054842b0bf3cf702bf107c9b	ad5cc8ffb242401e8aac3c8580a1050a	2024-02-04 20:51:23	2024-02-04 20:43:15	2024-01-26 10:59:00	3323a52a32464e5db6926fdc8fbced8f	Imbalance-USD		SQ MOTOSONORA BREWING CO Tucson AZ				n	3188/100	3188/100	1970-01-01 00:00:00
B	8113cc96054842b0bf3cf702bf107c9b	dc9c27289957481e9222cfdc3c10b2e6	2024-02-04 20:51:23	2024-02-04 20:43:15	2024-01-26 10:59:00	48c0a9bb8af04622bbb5c2e2aac3f735	Navy Rewards Card		SQ MOTOSONORA BREWING CO Tucson AZ				c	-3188/100	-3188/100	2024-02-04 20:43:15
===== END
===== START
C	8113cc96054842b0bf3cf702bf107c9b	ad5cc8ffb242401e8aac3c8580a1050a	2024-02-04 20:51:23	2024-02-04 20:43:15	2024-01-26 10:59:00	7c452bea58344d23b0f556cf05df9fe0	Dining		SQ MOTOSONORA BREWING CO Tucson AZ				n	3188/100	3188/100	1970-01-01 00:00:00
C	8113cc96054842b0bf3cf702bf107c9b	dc9c27289957481e9222cfdc3c10b2e6	2024-02-04 20:51:23	2024-02-04 20:43:15	2024-01-26 10:59:00	48c0a9bb8af04622bbb5c2e2aac3f735	Navy Rewards Card		SQ MOTOSONORA BREWING CO Tucson AZ				c	-3188/100	-3188/100	2024-02-04 20:43:15
===== END
===== START
B	1c27e1aa01f04980aab8d3a33f78846f	9be2d95b1a384179afa33967cb462b86	2024-02-04 20:51:30	2024-02-04 20:43:15	2024-01-26 10:59:00	48c0a9bb8af04622bbb5c2e2aac3f735	Navy Rewards Card		SXMSIRIUSXMCOMACCT 888-635-5144 NY				c	516/100	516/100	2024-02-04 20:43:15
B	1c27e1aa01f04980aab8d3a33f78846f	9f22261087054b63b54cb190f880d2b0	2024-02-04 20:51:30	2024-02-04 20:43:15	2024-01-26 10:59:00	3323a52a32464e5db6926fdc8fbced8f	Imbalance-USD		SXMSIRIUSXMCOMACCT 888-635-5144 NY				n	-516/100	-516/100	1970-01-01 00:00:00
===== END
===== START
C	1c27e1aa01f04980aab8d3a33f78846f	9be2d95b1a384179afa33967cb462b86	2024-02-04 20:51:30	2024-02-04 20:43:15	2024-01-26 10:59:00	48c0a9bb8af04622bbb5c2e2aac3f735	Navy Rewards Card		SXMSIRIUSXMCOMACCT 888-635-5144 NY				c	516/100	516/100	2024-02-04 20:43:15
C	1c27e1aa01f04980aab8d3a33f78846f	9f22261087054b63b54cb190f880d2b0	2024-02-04 20:51:30	2024-02-04 20:43:15	2024-01-26 10:59:00	3feaad255df249169127e590b1602cd7	Subscriptions		SXMSIRIUSXMCOMACCT 888-635-5144 NY				n	-516/100	-516/100	1970-01-01 00:00:00
===== END
===== START
B	0a5f67573f124b34b6c1f3c3add9e39d	d762eca599314f6fbada3177fb41cda6	2024-02-04 20:51:37	2024-02-04 20:43:15	2024-01-26 10:59:00	3323a52a32464e5db6926fdc8fbced8f	Imbalance-USD		TARGET 00014399 TUCSON AZ				n	2784/100	2784/100	1970-01-01 00:00:00
B	0a5f67573f124b34b6c1f3c3add9e39d	2586b529a4c0464d8b27e750c5886495	2024-02-04 20:51:37	2024-02-04 20:43:15	2024-01-26 10:59:00	48c0a9bb8af04622bbb5c2e2aac3f735	Navy Rewards Card		TARGET 00014399 TUCSON AZ				c	-2784/100	-2784/100	2024-02-04 20:43:15
===== END
===== START
C	0a5f67573f124b34b6c1f3c3add9e39d	d762eca599314f6fbada3177fb41cda6	2024-02-04 20:51:37	2024-02-04 20:43:15	2024-01-26 10:59:00	a996b30c3e714c1483ec007f2699fc71	Groceries		TARGET 00014399 TUCSON AZ				n	2784/100	2784/100	1970-01-01 00:00:00
C	0a5f67573f124b34b6c1f3c3add9e39d	2586b529a4c0464d8b27e750c5886495	2024-02-04 20:51:37	2024-02-04 20:43:15	2024-01-26 10:59:00	48c0a9bb8af04622bbb5c2e2aac3f735	Navy Rewards Card		TARGET 00014399 TUCSON AZ				c	-2784/100	-2784/100	2024-02-04 20:43:15
===== END
===== START
B	bf3586cbd94143a6b18505347989d51d	11344efedf9e411bb772d35b3ee237f8	2024-02-04 20:51:42	2024-02-04 20:43:15	2024-01-26 10:59:00	3323a52a32464e5db6926fdc8fbced8f	Imbalance-USD		WALGREENS 5209 TUCSON AZ				n	977/100	977/100	1970-01-01 00:00:00
B	bf3586cbd94143a6b18505347989d51d	ef31e802d7e14583bba9c5f20544dc86	2024-02-04 20:51:42	2024-02-04 20:43:15	2024-01-26 10:59:00	48c0a9bb8af04622bbb5c2e2aac3f735	Navy Rewards Card		WALGREENS 5209 TUCSON AZ				c	-977/100	-977/100	2024-02-04 20:43:15
===== END
===== START
C	bf3586cbd94143a6b18505347989d51d	11344efedf9e411bb772d35b3ee237f8	2024-02-04 20:51:42	2024-02-04 20:43:15	2024-01-26 10:59:00	f51833ab51c446f28a6ab0d10a773759	Miscellaneous		WALGREENS 5209 TUCSON AZ				n	977/100	977/100	1970-01-01 00:00:00
C	bf3586cbd94143a6b18505347989d51d	ef31e802d7e14583bba9c5f20544dc86	2024-02-04 20:51:42	2024-02-04 20:43:15	2024-01-26 10:59:00	48c0a9bb8af04622bbb5c2e2aac3f735	Navy Rewards Card		WALGREENS 5209 TUCSON AZ				c	-977/100	-977/100	2024-02-04 20:43:15
===== END
===== START
B	4081720b23904167bf03283cf33c0065	dff41e4233f740f99d70dc233cad8e2d	2024-02-04 20:51:58	2024-02-04 20:43:15	2024-01-29 10:59:00	3323a52a32464e5db6926fdc8fbced8f	Imbalance-USD		AMZN Mktp USR07SZ7MN2 Amzncombill WA				n	3200/100	3200/100	1970-01-01 00:00:00
B	4081720b23904167bf03283cf33c0065	df77aaed50a04befbf0f4b81ca029231	2024-02-04 20:51:58	2024-02-04 20:43:15	2024-01-29 10:59:00	48c0a9bb8af04622bbb5c2e2aac3f735	Navy Rewards Card		AMZN Mktp USR07SZ7MN2 Amzncombill WA				c	-3200/100	-3200/100	2024-02-04 20:43:15
===== END
===== START
C	4081720b23904167bf03283cf33c0065	dff41e4233f740f99d70dc233cad8e2d	2024-02-04 20:51:58	2024-02-04 20:43:15	2024-01-29 10:59:00	f51833ab51c446f28a6ab0d10a773759	Miscellaneous		AMZN Mktp USR07SZ7MN2 Amzncombill WA				n	3200/100	3200/100	1970-01-01 00:00:00
C	4081720b23904167bf03283cf33c0065	df77aaed50a04befbf0f4b81ca029231	2024-02-04 20:51:58	2024-02-04 20:43:15	2024-01-29 10:59:00	48c0a9bb8af04622bbb5c2e2aac3f735	Navy Rewards Card		AMZN Mktp USR07SZ7MN2 Amzncombill WA				c	-3200/100	-3200/100	2024-02-04 20:43:15
===== END
===== START
B	b04bacda3eb04054bb5e2c16e671f082	ff764072ab3c4460b4136236927cdded	2024-02-04 20:52:02	2024-02-04 20:43:15	2024-01-29 10:59:00	3323a52a32464e5db6926fdc8fbced8f	Imbalance-USD		AMZN Mktp USR29DJ5F30 Amzncombill WA				n	1032/100	1032/100	1970-01-01 00:00:00
B	b04bacda3eb04054bb5e2c16e671f082	abd171302b26472db6f9c4789d4f9316	2024-02-04 20:52:02	2024-02-04 20:43:15	2024-01-29 10:59:00	48c0a9bb8af04622bbb5c2e2aac3f735	Navy Rewards Card		AMZN Mktp USR29DJ5F30 Amzncombill WA				c	-1032/100	-1032/100	2024-02-04 20:43:15
===== END
===== START
C	b04bacda3eb04054bb5e2c16e671f082	ff764072ab3c4460b4136236927cdded	2024-02-04 20:52:02	2024-02-04 20:43:15	2024-01-29 10:59:00	f51833ab51c446f28a6ab0d10a773759	Miscellaneous		AMZN Mktp USR29DJ5F30 Amzncombill WA				n	1032/100	1032/100	1970-01-01 00:00:00
C	b04bacda3eb04054bb5e2c16e671f082	abd171302b26472db6f9c4789d4f9316	2024-02-04 20:52:02	2024-02-04 20:43:15	2024-01-29 10:59:00	48c0a9bb8af04622bbb5c2e2aac3f735	Navy Rewards Card		AMZN Mktp USR29DJ5F30 Amzncombill WA				c	-1032/100	-1032/100	2024-02-04 20:43:15
===== END
===== START
B	6e83f81587d34526a85785018f33d999	1496146d86f640829ae1b2baa0b01cbc	2024-02-04 20:52:24	2024-02-04 20:43:15	2024-01-29 10:59:00	3323a52a32464e5db6926fdc8fbced8f	Imbalance-USD		CIRCLE K 01985 TUCSON AZ				n	658/100	658/100	1970-01-01 00:00:00
B	6e83f81587d34526a85785018f33d999	56592fc2f281412f80b4e8b2e7b34abf	2024-02-04 20:52:24	2024-02-04 20:43:15	2024-01-29 10:59:00	48c0a9bb8af04622bbb5c2e2aac3f735	Navy Rewards Card		CIRCLE K 01985 TUCSON AZ				c	-658/100	-658/100	2024-02-04 20:43:15
===== END
===== START
C	6e83f81587d34526a85785018f33d999	1496146d86f640829ae1b2baa0b01cbc	2024-02-04 20:52:24	2024-02-04 20:43:15	2024-01-29 10:59:00	7c452bea58344d23b0f556cf05df9fe0	Dining		CIRCLE K 01985 TUCSON AZ				n	658/100	658/100	1970-01-01 00:00:00
C	6e83f81587d34526a85785018f33d999	56592fc2f281412f80b4e8b2e7b34abf	2024-02-04 20:52:24	2024-02-04 20:43:15	2024-01-29 10:59:00	48c0a9bb8af04622bbb5c2e2aac3f735	Navy Rewards Card		CIRCLE K 01985 TUCSON AZ				c	-658/100	-658/100	2024-02-04 20:43:15
===== END
===== START
B	cbfcad96f0aa461eb7f8025cd3a32866	de09adf534d3457191c979bcf83cfc80	2024-02-04 20:52:29	2024-02-04 20:43:15	2024-01-29 10:59:00	3323a52a32464e5db6926fdc8fbced8f	Imbalance-USD		CIRCLE K  03458 TUCSON AZ				n	4252/100	4252/100	1970-01-01 00:00:00
B	cbfcad96f0aa461eb7f8025cd3a32866	35416303f99d438a90f65b63aa474f88	2024-02-04 20:52:29	2024-02-04 20:43:15	2024-01-29 10:59:00	48c0a9bb8af04622bbb5c2e2aac3f735	Navy Rewards Card		CIRCLE K  03458 TUCSON AZ				c	-4252/100	-4252/100	2024-02-04 20:43:15
===== END
===== START
C	cbfcad96f0aa461eb7f8025cd3a32866	de09adf534d3457191c979bcf83cfc80	2024-02-04 20:52:29	2024-02-04 20:43:15	2024-01-29 10:59:00	8e074199bfaa4e0aae7c0e094b0ccf9e	Gas		CIRCLE K  03458 TUCSON AZ				n	4252/100	4252/100	1970-01-01 00:00:00
C	cbfcad96f0aa461eb7f8025cd3a32866	35416303f99d438a90f65b63aa474f88	2024-02-04 20:52:29	2024-02-04 20:43:15	2024-01-29 10:59:00	48c0a9bb8af04622bbb5c2e2aac3f735	Navy Rewards Card		CIRCLE K  03458 TUCSON AZ				c	-4252/100	-4252/100	2024-02-04 20:43:15
===== END
===== START
B	5c3fff0367a14b0d8cfe2ff10edad0f8	56b4a186f0dd4806b5b4aeb4321a733b	2024-02-04 20:52:33	2024-02-04 20:43:15	2024-01-29 10:59:00	3323a52a32464e5db6926fdc8fbced8f	Imbalance-USD		COSTCO GAS 0407 TUCSON AZ				n	2388/100	2388/100	1970-01-01 00:00:00
B	5c3fff0367a14b0d8cfe2ff10edad0f8	ad6d738327f4442a8ebe006e43b51a77	2024-02-04 20:52:33	2024-02-04 20:43:15	2024-01-29 10:59:00	48c0a9bb8af04622bbb5c2e2aac3f735	Navy Rewards Card		COSTCO GAS 0407 TUCSON AZ				c	-2388/100	-2388/100	2024-02-04 20:43:15
===== END
===== START
C	5c3fff0367a14b0d8cfe2ff10edad0f8	56b4a186f0dd4806b5b4aeb4321a733b	2024-02-04 20:52:33	2024-02-04 20:43:15	2024-01-29 10:59:00	8e074199bfaa4e0aae7c0e094b0ccf9e	Gas		COSTCO GAS 0407 TUCSON AZ				n	2388/100	2388/100	1970-01-01 00:00:00
C	5c3fff0367a14b0d8cfe2ff10edad0f8	ad6d738327f4442a8ebe006e43b51a77	2024-02-04 20:52:33	2024-02-04 20:43:15	2024-01-29 10:59:00	48c0a9bb8af04622bbb5c2e2aac3f735	Navy Rewards Card		COSTCO GAS 0407 TUCSON AZ				c	-2388/100	-2388/100	2024-02-04 20:43:15
===== END
===== START
B	5ffa1221be744d2cb0c93cfbf7300ae1	e49647cf7da3442394ba0979c62dd22e	2024-02-04 20:52:36	2024-02-04 20:43:15	2024-01-29 10:59:00	3323a52a32464e5db6926fdc8fbced8f	Imbalance-USD		COSTCO WHSE 0407 TUCSON AZ				n	5537/100	5537/100	1970-01-01 00:00:00
B	5ffa1221be744d2cb0c93cfbf7300ae1	c726aef7de3d4aa7a84310908da06788	2024-02-04 20:52:36	2024-02-04 20:43:15	2024-01-29 10:59:00	48c0a9bb8af04622bbb5c2e2aac3f735	Navy Rewards Card		COSTCO WHSE 0407 TUCSON AZ				c	-5537/100	-5537/100	2024-02-04 20:43:15
===== END
===== START
C	5ffa1221be744d2cb0c93cfbf7300ae1	e49647cf7da3442394ba0979c62dd22e	2024-02-04 20:52:36	2024-02-04 20:43:15	2024-01-29 10:59:00	a996b30c3e714c1483ec007f2699fc71	Groceries		COSTCO WHSE 0407 TUCSON AZ				n	5537/100	5537/100	1970-01-01 00:00:00
C	5ffa1221be744d2cb0c93cfbf7300ae1	c726aef7de3d4aa7a84310908da06788	2024-02-04 20:52:36	2024-02-04 20:43:15	2024-01-29 10:59:00	48c0a9bb8af04622bbb5c2e2aac3f735	Navy Rewards Card		COSTCO WHSE 0407 TUCSON AZ				c	-5537/100	-5537/100	2024-02-04 20:43:15
===== END
===== START
B	6de81597f9944bb2b7c55107073c91e6	cc5066e4031e479c9dea10b7269b455c	2024-02-04 20:52:42	2024-02-04 20:43:15	2024-01-29 10:59:00	3323a52a32464e5db6926fdc8fbced8f	Imbalance-USD		COSTCO WHSE 0407 TUCSON AZ				n	216/100	216/100	1970-01-01 00:00:00
B	6de81597f9944bb2b7c55107073c91e6	d3e74e55344a41d0bbdf1dca0fb97cea	2024-02-04 20:52:42	2024-02-04 20:43:15	2024-01-29 10:59:00	48c0a9bb8af04622bbb5c2e2aac3f735	Navy Rewards Card		COSTCO WHSE 0407 TUCSON AZ				c	-216/100	-216/100	2024-02-04 20:43:15
===== END
===== START
C	6de81597f9944bb2b7c55107073c91e6	cc5066e4031e479c9dea10b7269b455c	2024-02-04 20:52:42	2024-02-04 20:43:15	2024-01-29 10:59:00	7c452bea58344d23b0f556cf05df9fe0	Dining		COSTCO WHSE 0407 TUCSON AZ				n	216/100	216/100	1970-01-01 00:00:00
C	6de81597f9944bb2b7c55107073c91e6	d3e74e55344a41d0bbdf1dca0fb97cea	2024-02-04 20:52:42	2024-02-04 20:43:15	2024-01-29 10:59:00	48c0a9bb8af04622bbb5c2e2aac3f735	Navy Rewards Card		COSTCO WHSE 0407 TUCSON AZ				c	-216/100	-216/100	2024-02-04 20:43:15
===== END
===== START
B	608e4fd455434cf0a53c646a47a75c8f	c9816be9b8654509a6b0eac47d5dc854	2024-02-04 20:52:47	2024-02-04 20:43:15	2024-01-29 10:59:00	3323a52a32464e5db6926fdc8fbced8f	Imbalance-USD		GREENTOES NORTH TUCSON AZ				n	5835/100	5835/100	1970-01-01 00:00:00
B	608e4fd455434cf0a53c646a47a75c8f	bcded3873eef4b21ae24a72ab99abd3c	2024-02-04 20:52:47	2024-02-04 20:43:15	2024-01-29 10:59:00	48c0a9bb8af04622bbb5c2e2aac3f735	Navy Rewards Card		GREENTOES NORTH TUCSON AZ				c	-5835/100	-5835/100	2024-02-04 20:43:15
===== END
===== START
C	608e4fd455434cf0a53c646a47a75c8f	c9816be9b8654509a6b0eac47d5dc854	2024-02-04 20:52:47	2024-02-04 20:43:15	2024-01-29 10:59:00	f51833ab51c446f28a6ab0d10a773759	Miscellaneous		GREENTOES NORTH TUCSON AZ				n	5835/100	5835/100	1970-01-01 00:00:00
C	608e4fd455434cf0a53c646a47a75c8f	bcded3873eef4b21ae24a72ab99abd3c	2024-02-04 20:52:47	2024-02-04 20:43:15	2024-01-29 10:59:00	48c0a9bb8af04622bbb5c2e2aac3f735	Navy Rewards Card		GREENTOES NORTH TUCSON AZ				c	-5835/100	-5835/100	2024-02-04 20:43:15
===== END
===== START
B	c80a7519d1124bfb94f18886b73db219	e39c4ae466a54033b875dd7ef565d53e	2024-02-04 20:52:56	2024-02-04 20:43:15	2024-01-29 10:59:00	3323a52a32464e5db6926fdc8fbced8f	Imbalance-USD		Hulu 877-8244858 CA HULUCOMBILL CA				n	9737/100	9737/100	1970-01-01 00:00:00
B	c80a7519d1124bfb94f18886b73db219	dc4e029946a04ce682abd983c18a893e	2024-02-04 20:52:56	2024-02-04 20:43:15	2024-01-29 10:59:00	48c0a9bb8af04622bbb5c2e2aac3f735	Navy Rewards Card		Hulu 877-8244858 CA HULUCOMBILL CA				c	-9737/100	-9737/100	2024-02-04 20:43:15
===== END
===== START
C	c80a7519d1124bfb94f18886b73db219	e39c4ae466a54033b875dd7ef565d53e	2024-02-04 20:52:56	2024-02-04 20:43:15	2024-01-29 10:59:00	3feaad255df249169127e590b1602cd7	Subscriptions		Hulu 877-8244858 CA HULUCOMBILL CA				n	9737/100	9737/100	1970-01-01 00:00:00
C	c80a7519d1124bfb94f18886b73db219	dc4e029946a04ce682abd983c18a893e	2024-02-04 20:52:56	2024-02-04 20:43:15	2024-01-29 10:59:00	48c0a9bb8af04622bbb5c2e2aac3f735	Navy Rewards Card		Hulu 877-8244858 CA HULUCOMBILL CA				c	-9737/100	-9737/100	2024-02-04 20:43:15
===== END
===== START
B	656407e03d724edf8ec5fc18a637b258	fb38b7a4f08e45c0a78adc63e786624d	2024-02-04 20:53:08	2024-02-04 20:43:15	2024-01-29 10:59:00	3323a52a32464e5db6926fdc8fbced8f	Imbalance-USD		PARKER AND SONS - PARKERA PHOENIX AZ				n	92900/100	92900/100	1970-01-01 00:00:00
B	656407e03d724edf8ec5fc18a637b258	f3a93edb04e94f309c8071f9968b76f1	2024-02-04 20:53:08	2024-02-04 20:43:15	2024-01-29 10:59:00	48c0a9bb8af04622bbb5c2e2aac3f735	Navy Rewards Card		PARKER AND SONS - PARKERA PHOENIX AZ				c	-92900/100	-92900/100	2024-02-04 20:43:15
===== END
===== START
C	656407e03d724edf8ec5fc18a637b258	fb38b7a4f08e45c0a78adc63e786624d	2024-02-04 20:53:08	2024-02-04 20:43:15	2024-01-29 10:59:00	e96006f03af946419f174c26ada68cf6	Home Repair		PARKER AND SONS - PARKERA PHOENIX AZ				n	92900/100	92900/100	1970-01-01 00:00:00
C	656407e03d724edf8ec5fc18a637b258	f3a93edb04e94f309c8071f9968b76f1	2024-02-04 20:53:08	2024-02-04 20:43:15	2024-01-29 10:59:00	48c0a9bb8af04622bbb5c2e2aac3f735	Navy Rewards Card		PARKER AND SONS - PARKERA PHOENIX AZ				c	-92900/100	-92900/100	2024-02-04 20:43:15
===== END
===== START
B	e0bcb1de1014412bb206ae3beb1895c2	a78397d05b19481986207d72f39037bc	2024-02-04 20:53:15	2024-02-04 20:43:15	2024-01-29 10:59:00	3323a52a32464e5db6926fdc8fbced8f	Imbalance-USD		PIMA CNTY PARKING GARAGE TUCSON AZ				n	200/100	200/100	1970-01-01 00:00:00
B	e0bcb1de1014412bb206ae3beb1895c2	a56c00a1300d45279c2192485d3f6362	2024-02-04 20:53:15	2024-02-04 20:43:15	2024-01-29 10:59:00	48c0a9bb8af04622bbb5c2e2aac3f735	Navy Rewards Card		PIMA CNTY PARKING GARAGE TUCSON AZ				c	-200/100	-200/100	2024-02-04 20:43:15
===== END
===== START
C	e0bcb1de1014412bb206ae3beb1895c2	a78397d05b19481986207d72f39037bc	2024-02-04 20:53:15	2024-02-04 20:43:15	2024-01-29 10:59:00	f51833ab51c446f28a6ab0d10a773759	Miscellaneous		PIMA CNTY PARKING GARAGE TUCSON AZ				n	200/100	200/100	1970-01-01 00:00:00
C	e0bcb1de1014412bb206ae3beb1895c2	a56c00a1300d45279c2192485d3f6362	2024-02-04 20:53:15	2024-02-04 20:43:15	2024-01-29 10:59:00	48c0a9bb8af04622bbb5c2e2aac3f735	Navy Rewards Card		PIMA CNTY PARKING GARAGE TUCSON AZ				c	-200/100	-200/100	2024-02-04 20:43:15
===== END
===== START
B	9f74d18002d74861a2d6c22e532481b2	74b035931cad4c12910b2d58a365ede8	2024-02-04 20:53:18	2024-02-04 20:43:15	2024-01-29 10:59:00	3323a52a32464e5db6926fdc8fbced8f	Imbalance-USD		SQ BORDERLANDS BREWING C Tucson AZ				n	2681/100	2681/100	1970-01-01 00:00:00
B	9f74d18002d74861a2d6c22e532481b2	ebb0354f45fa4b31a914725b301569ca	2024-02-04 20:53:18	2024-02-04 20:43:15	2024-01-29 10:59:00	48c0a9bb8af04622bbb5c2e2aac3f735	Navy Rewards Card		SQ BORDERLANDS BREWING C Tucson AZ				c	-2681/100	-2681/100	2024-02-04 20:43:15
===== END
===== START
C	9f74d18002d74861a2d6c22e532481b2	74b035931cad4c12910b2d58a365ede8	2024-02-04 20:53:18	2024-02-04 20:43:15	2024-01-29 10:59:00	7c452bea58344d23b0f556cf05df9fe0	Dining		SQ BORDERLANDS BREWING C Tucson AZ				n	2681/100	2681/100	1970-01-01 00:00:00
C	9f74d18002d74861a2d6c22e532481b2	ebb0354f45fa4b31a914725b301569ca	2024-02-04 20:53:18	2024-02-04 20:43:15	2024-01-29 10:59:00	48c0a9bb8af04622bbb5c2e2aac3f735	Navy Rewards Card		SQ BORDERLANDS BREWING C Tucson AZ				c	-2681/100	-2681/100	2024-02-04 20:43:15
===== END
===== START
B	15ba4dd6ae0e479c8be50bc903c313b2	a87bd64a39034cc4b50c45d62cded6a4	2024-02-04 20:53:22	2024-02-04 20:43:15	2024-01-29 10:59:00	3323a52a32464e5db6926fdc8fbced8f	Imbalance-USD		SQ TUCSON HOP SHOP Tucson AZ				n	1208/100	1208/100	1970-01-01 00:00:00
B	15ba4dd6ae0e479c8be50bc903c313b2	368cdf6a68a1424ab4ab3c4c469e87b2	2024-02-04 20:53:22	2024-02-04 20:43:15	2024-01-29 10:59:00	48c0a9bb8af04622bbb5c2e2aac3f735	Navy Rewards Card		SQ TUCSON HOP SHOP Tucson AZ				c	-1208/100	-1208/100	2024-02-04 20:43:15
===== END
===== START
C	15ba4dd6ae0e479c8be50bc903c313b2	a87bd64a39034cc4b50c45d62cded6a4	2024-02-04 20:53:22	2024-02-04 20:43:15	2024-01-29 10:59:00	7c452bea58344d23b0f556cf05df9fe0	Dining		SQ TUCSON HOP SHOP Tucson AZ				n	1208/100	1208/100	1970-01-01 00:00:00
C	15ba4dd6ae0e479c8be50bc903c313b2	368cdf6a68a1424ab4ab3c4c469e87b2	2024-02-04 20:53:22	2024-02-04 20:43:15	2024-01-29 10:59:00	48c0a9bb8af04622bbb5c2e2aac3f735	Navy Rewards Card		SQ TUCSON HOP SHOP Tucson AZ				c	-1208/100	-1208/100	2024-02-04 20:43:15
===== END
===== START
B	d8032b00a71d45ce8711b534b07f263c	6922665cb4ca456faa7b8ba9e0294fc5	2024-02-04 20:53:28	2024-02-04 20:43:15	2024-01-29 10:59:00	3323a52a32464e5db6926fdc8fbced8f	Imbalance-USD		TARGET 00021402 TUCSON AZ				n	7620/100	7620/100	1970-01-01 00:00:00
B	d8032b00a71d45ce8711b534b07f263c	5add7d5520f342e0abb218c6f565fab4	2024-02-04 20:53:28	2024-02-04 20:43:15	2024-01-29 10:59:00	48c0a9bb8af04622bbb5c2e2aac3f735	Navy Rewards Card		TARGET 00021402 TUCSON AZ				c	-7620/100	-7620/100	2024-02-04 20:43:15
===== END
===== START
C	d8032b00a71d45ce8711b534b07f263c	6922665cb4ca456faa7b8ba9e0294fc5	2024-02-04 20:53:28	2024-02-04 20:43:15	2024-01-29 10:59:00	a996b30c3e714c1483ec007f2699fc71	Groceries		TARGET 00021402 TUCSON AZ				n	7620/100	7620/100	1970-01-01 00:00:00
C	d8032b00a71d45ce8711b534b07f263c	5add7d5520f342e0abb218c6f565fab4	2024-02-04 20:53:28	2024-02-04 20:43:15	2024-01-29 10:59:00	48c0a9bb8af04622bbb5c2e2aac3f735	Navy Rewards Card		TARGET 00021402 TUCSON AZ				c	-7620/100	-7620/100	2024-02-04 20:43:15
===== END
===== START
B	2a17b908a27049169a0a8aa09873111a	448a360224f14cf3884f1b1673522c9a	2024-02-04 20:53:32	2024-02-04 20:43:15	2024-01-29 10:59:00	3323a52a32464e5db6926fdc8fbced8f	Imbalance-USD		TOTAL WINE AND MORE TUCSON AZ				n	3421/100	3421/100	1970-01-01 00:00:00
B	2a17b908a27049169a0a8aa09873111a	011a9457ed6049b0bf631a624d7e0a61	2024-02-04 20:53:32	2024-02-04 20:43:15	2024-01-29 10:59:00	48c0a9bb8af04622bbb5c2e2aac3f735	Navy Rewards Card		TOTAL WINE AND MORE TUCSON AZ				c	-3421/100	-3421/100	2024-02-04 20:43:15
===== END
===== START
C	2a17b908a27049169a0a8aa09873111a	448a360224f14cf3884f1b1673522c9a	2024-02-04 20:53:32	2024-02-04 20:43:15	2024-01-29 10:59:00	a996b30c3e714c1483ec007f2699fc71	Groceries		TOTAL WINE AND MORE TUCSON AZ				n	3421/100	3421/100	1970-01-01 00:00:00
C	2a17b908a27049169a0a8aa09873111a	011a9457ed6049b0bf631a624d7e0a61	2024-02-04 20:53:32	2024-02-04 20:43:15	2024-01-29 10:59:00	48c0a9bb8af04622bbb5c2e2aac3f735	Navy Rewards Card		TOTAL WINE AND MORE TUCSON AZ				c	-3421/100	-3421/100	2024-02-04 20:43:15
===== END
===== START
B	d411918110ff4c749387faa77abe609d	2e5c6f222ce5485da848896f4e2f50ff	2024-02-04 20:53:36	2024-02-04 20:43:15	2024-01-29 10:59:00	3323a52a32464e5db6926fdc8fbced8f	Imbalance-USD		TRADER JOE S 191 TUCSON AZ				n	3072/100	3072/100	1970-01-01 00:00:00
B	d411918110ff4c749387faa77abe609d	93ac99aeb7f14380ac41caa705aefbe2	2024-02-04 20:53:36	2024-02-04 20:43:15	2024-01-29 10:59:00	48c0a9bb8af04622bbb5c2e2aac3f735	Navy Rewards Card		TRADER JOE S 191 TUCSON AZ				c	-3072/100	-3072/100	2024-02-04 20:43:15
===== END
===== START
C	d411918110ff4c749387faa77abe609d	2e5c6f222ce5485da848896f4e2f50ff	2024-02-04 20:53:36	2024-02-04 20:43:15	2024-01-29 10:59:00	a996b30c3e714c1483ec007f2699fc71	Groceries		TRADER JOE S 191 TUCSON AZ				n	3072/100	3072/100	1970-01-01 00:00:00
C	d411918110ff4c749387faa77abe609d	93ac99aeb7f14380ac41caa705aefbe2	2024-02-04 20:53:36	2024-02-04 20:43:15	2024-01-29 10:59:00	48c0a9bb8af04622bbb5c2e2aac3f735	Navy Rewards Card		TRADER JOE S 191 TUCSON AZ				c	-3072/100	-3072/100	2024-02-04 20:43:15
===== END
