mod	trans_guid	split_guid	time_now	date_entered	date_posted	acc_guid	acc_name	num	description	notes	memo	action	reconciled	amount	value	date_reconciled
-----------------
===== START
B	2ac223acdee942879aa755524dea0fc7	7bc77f01627442bfa218583fd69962ea	2024-01-21 17:49:46	2024-01-21 17:09:54	2024-01-19 10:59:00	48c0a9bb8af04622bbb5c2e2aac3f735	Navy Rewards Card	0001	Canteen Vending Services				c	200/100	200/100	2024-01-21 17:09:54
B	2ac223acdee942879aa755524dea0fc7	5f07b06185ff417a85140ce57cc3e2e4	2024-01-21 17:49:46	2024-01-21 17:09:54	2024-01-19 10:59:00	7c452bea58344d23b0f556cf05df9fe0	Dining	0001	Canteen Vending Services				n	-200/100	-200/100	1970-01-01 00:00:00
===== END
===== START
C	2ac223acdee942879aa755524dea0fc7	7bc77f01627442bfa218583fd69962ea	2024-01-21 17:49:46	2024-01-21 17:09:54	2024-01-19 10:59:00	48c0a9bb8af04622bbb5c2e2aac3f735	Navy Rewards Card	0001	Canteen Vending Services				c	-200/100	-200/100	2024-01-21 17:09:54
C	2ac223acdee942879aa755524dea0fc7	5f07b06185ff417a85140ce57cc3e2e4	2024-01-21 17:49:46	2024-01-21 17:09:54	2024-01-19 10:59:00	7c452bea58344d23b0f556cf05df9fe0	Dining	0001	Canteen Vending Services				n	200/100	200/100	1970-01-01 00:00:00
===== END
===== START
B	5bfa4dab5c2349f186c85fcd31f94fa7	3846a8b12f2e40e28582b56db1d51b9c	2024-01-21 17:49:50	2024-01-21 17:09:54	2024-01-19 10:59:00	48c0a9bb8af04622bbb5c2e2aac3f735	Navy Rewards Card	0001	Payment to Tucson Water				c	15133/100	15133/100	2024-01-21 17:09:54
B	5bfa4dab5c2349f186c85fcd31f94fa7	0f8406b0e2b442788938d7fcf304fd3d	2024-01-21 17:49:50	2024-01-21 17:09:54	2024-01-19 10:59:00	5890bd69a6864d8391e57ecc7ade736e	Water	0001	Payment to Tucson Water				n	-15133/100	-15133/100	1970-01-01 00:00:00
===== END
===== START
C	5bfa4dab5c2349f186c85fcd31f94fa7	3846a8b12f2e40e28582b56db1d51b9c	2024-01-21 17:49:50	2024-01-21 17:09:54	2024-01-19 10:59:00	48c0a9bb8af04622bbb5c2e2aac3f735	Navy Rewards Card	0001	Payment to Tucson Water				c	-15133/100	-15133/100	2024-01-21 17:09:54
C	5bfa4dab5c2349f186c85fcd31f94fa7	0f8406b0e2b442788938d7fcf304fd3d	2024-01-21 17:49:50	2024-01-21 17:09:54	2024-01-19 10:59:00	5890bd69a6864d8391e57ecc7ade736e	Water	0001	Payment to Tucson Water				n	15133/100	15133/100	1970-01-01 00:00:00
===== END
===== START
B	bc183b5a08d74b959b026a11a6c57978	cb44e99e6e554e9d9a0daf5f32fd9948	2024-01-21 17:49:54	2024-01-21 17:09:54	2024-01-19 10:59:00	48c0a9bb8af04622bbb5c2e2aac3f735	Navy Rewards Card	0001	Uber				c	100/100	100/100	2024-01-21 17:09:54
B	bc183b5a08d74b959b026a11a6c57978	040f4bd1e5bd42378830c4ae8ef294d0	2024-01-21 17:49:54	2024-01-21 17:09:54	2024-01-19 10:59:00	39523e58dddf4d9c83c3a995e932b37f	Travel	0001	Uber				n	-100/100	-100/100	1970-01-01 00:00:00
===== END
===== START
C	bc183b5a08d74b959b026a11a6c57978	cb44e99e6e554e9d9a0daf5f32fd9948	2024-01-21 17:49:54	2024-01-21 17:09:54	2024-01-19 10:59:00	48c0a9bb8af04622bbb5c2e2aac3f735	Navy Rewards Card	0001	Uber				c	-100/100	-100/100	2024-01-21 17:09:54
C	bc183b5a08d74b959b026a11a6c57978	040f4bd1e5bd42378830c4ae8ef294d0	2024-01-21 17:49:54	2024-01-21 17:09:54	2024-01-19 10:59:00	39523e58dddf4d9c83c3a995e932b37f	Travel	0001	Uber				n	100/100	100/100	1970-01-01 00:00:00
===== END
===== START
B	62c7a622f4ba4b34aba29107fdba0350	cf2a6d8c5493478eb2b97d8d65d17fc0	2024-01-21 17:49:59	2024-01-21 17:09:54	2024-01-19 10:59:00	48c0a9bb8af04622bbb5c2e2aac3f735	Navy Rewards Card	4430	Speedway				c	2071/100	2071/100	2024-01-21 17:09:54
B	62c7a622f4ba4b34aba29107fdba0350	943fe5599d7f40b3869514055f378551	2024-01-21 17:49:59	2024-01-21 17:09:54	2024-01-19 10:59:00	27481ce2defd46158db8ea43cba7ef12	Fuel	4430	Speedway				n	-2071/100	-2071/100	1970-01-01 00:00:00
===== END
===== START
C	62c7a622f4ba4b34aba29107fdba0350	cf2a6d8c5493478eb2b97d8d65d17fc0	2024-01-21 17:49:59	2024-01-21 17:09:54	2024-01-19 10:59:00	48c0a9bb8af04622bbb5c2e2aac3f735	Navy Rewards Card	4430	Speedway				c	-2071/100	-2071/100	2024-01-21 17:09:54
C	62c7a622f4ba4b34aba29107fdba0350	943fe5599d7f40b3869514055f378551	2024-01-21 17:49:59	2024-01-21 17:09:54	2024-01-19 10:59:00	27481ce2defd46158db8ea43cba7ef12	Fuel	4430	Speedway				n	2071/100	2071/100	1970-01-01 00:00:00
===== END
===== START
D	d73015dbc6274f79a26d225a50192828	fbb8c58e1c7a4ee1ba49b6a11d21a1bd	2024-01-21 17:51:47	2024-01-21 17:51:47	2024-01-21 10:59:00								n	0/1	0/100	1970-01-01 00:00:00
===== END
===== START
C	833a4a73b5f34bef9873d92f098a54b7	21219fdc5beb4b9da949b769abbc4bc6	2024-01-21 17:54:11	2024-01-21 17:54:11	2024-01-01 10:59:00	3ef47bba671245fdb0780a4a9b012fe0	Opening Balances		Opening Credit Card Balance				n	0/100	0/100	1970-01-01 00:00:00
===== END
===== START
===== END
===== START
B	833a4a73b5f34bef9873d92f098a54b7	21219fdc5beb4b9da949b769abbc4bc6	2024-01-21 17:54:39	2024-01-21 17:54:11	2024-01-01 10:59:00	3ef47bba671245fdb0780a4a9b012fe0	Opening Balances		Opening Credit Card Balance				n	0/100	0/100	1970-01-01 00:00:00
===== END
===== START
C	833a4a73b5f34bef9873d92f098a54b7	21219fdc5beb4b9da949b769abbc4bc6	2024-01-21 17:54:39	2024-01-21 17:54:11	2024-01-15 10:59:00	3ef47bba671245fdb0780a4a9b012fe0	Opening Balances		Opening Credit Card Balance				n	654728/100	654728/100	1970-01-01 00:00:00
C	833a4a73b5f34bef9873d92f098a54b7	6a07d8e439ea4b80b73d33cdea3d5924	2024-01-21 17:54:39	2024-01-21 17:54:11	2024-01-15 10:59:00	48c0a9bb8af04622bbb5c2e2aac3f735	Navy Rewards Card		Opening Credit Card Balance				n	-654728/100	-654728/100	1970-01-01 00:00:00
===== END
