mod	trans_guid	split_guid	time_now	date_entered	date_posted	acc_guid	acc_name	num	description	notes	memo	action	reconciled	amount	value	date_reconciled
-----------------
===== START
===== END
===== START
D	65045a7a7c3d4b1dabdf51d3adcbebed	876ccbb27a9f4b1abc25bc2f09166578	2024-08-12 00:54:55	2024-08-12 00:54:55	2024-08-11 10:59:00								n	0/1	0/100	1970-01-01 00:00:00
===== END
===== START
===== END
===== START
B	3fdea95e934c4862992b5efeb53bdce7	253e2cd761144d228685d76e491b02cd	2024-08-12 00:55:45	2024-01-21 16:45:03	2024-01-05 10:59:00	890aae79ca274eb9a74c85e15d6a82ae	Online Services		ACH Transaction - COX COMM PHX BANK DRAFT 0009100001				n	11512/100	11512/100	1970-01-01 00:00:00
B	3fdea95e934c4862992b5efeb53bdce7	294a55c473b24d428ca143ce66eed4c6	2024-08-12 00:55:45	2024-01-21 16:45:03	2024-01-05 10:59:00	5f8cd3d7d07f4e76916a760d36c0523b	Checking Account		ACH Transaction - COX COMM PHX BANK DRAFT 0009100001				c	-11512/100	-11512/100	2024-02-25 23:12:08
===== END
===== START
C	3fdea95e934c4862992b5efeb53bdce7	253e2cd761144d228685d76e491b02cd	2024-08-12 00:55:45	2024-01-21 16:45:03	2024-01-05 10:59:00	5fb458e08b3f44cd8c8eb1926266338d	internet		ACH Transaction - COX COMM PHX BANK DRAFT 0009100001				n	11512/100	11512/100	1970-01-01 00:00:00
C	3fdea95e934c4862992b5efeb53bdce7	294a55c473b24d428ca143ce66eed4c6	2024-08-12 00:55:45	2024-01-21 16:45:03	2024-01-05 10:59:00	5f8cd3d7d07f4e76916a760d36c0523b	Checking Account		ACH Transaction - COX COMM PHX BANK DRAFT 0009100001				c	-11512/100	-11512/100	2024-02-25 23:12:08
===== END
===== START
D	d6c9cbe1b7e8430b893992bc319b5f94	2d2d156a2b91475a9e1d290728ad736f	2024-08-12 00:55:48	2024-08-12 00:55:48	2024-08-11 10:59:00								n	0/1	0/100	1970-01-01 00:00:00
===== END
===== START
===== END
===== START
===== END
===== START
B	5a3ed5b727ab45949a4abe6f198129eb	cfcec8a23212489988f08b8026a8c6ef	2024-08-12 00:58:39	2024-02-04 20:43:14	2024-01-25 10:59:00	0287a1bc9c4949d4a9997f42ef1fe557	Daycare		DIRTY DAWGS TUCSON HTTPSDIRTYDAW AZ				n	15000/100	15000/100	1970-01-01 00:00:00
B	5a3ed5b727ab45949a4abe6f198129eb	2544715265cd491b9ffbd43ea326bf8c	2024-08-12 00:58:39	2024-02-04 20:43:14	2024-01-25 10:59:00	48c0a9bb8af04622bbb5c2e2aac3f735	Navy Rewards Card		DIRTY DAWGS TUCSON HTTPSDIRTYDAW AZ				c	-15000/100	-15000/100	2024-02-04 20:43:14
===== END
===== START
C	5a3ed5b727ab45949a4abe6f198129eb	cfcec8a23212489988f08b8026a8c6ef	2024-08-12 00:58:39	2024-02-04 20:43:14	2024-01-25 10:59:00	eca5ba8e100f46f5b9efae77c69dd313	Veternarian		DIRTY DAWGS TUCSON HTTPSDIRTYDAW AZ				n	15000/100	15000/100	1970-01-01 00:00:00
C	5a3ed5b727ab45949a4abe6f198129eb	2544715265cd491b9ffbd43ea326bf8c	2024-08-12 00:58:39	2024-02-04 20:43:14	2024-01-25 10:59:00	48c0a9bb8af04622bbb5c2e2aac3f735	Navy Rewards Card		DIRTY DAWGS TUCSON HTTPSDIRTYDAW AZ				c	-15000/100	-15000/100	2024-02-04 20:43:14
===== END
===== START
B	be3c7e9a295442ed97642cae96aa187c	70ecf166f3cf4e1986f20dc13ccfa916	2024-08-12 00:58:54	2024-08-11 19:49:23	2024-04-17 10:59:00	0287a1bc9c4949d4a9997f42ef1fe557	Daycare		BENARDA VETERINARY HOSPITTUCSON	OFX ext. info: |Trans type:Generic debit|Memo:BENARDA VETERINARY HOSPITTUCSON AZ - 0001			n	33005/100	33005/100	1970-01-01 00:00:00
B	be3c7e9a295442ed97642cae96aa187c	65e80299e98841d1bbbad02c9ea5dc6f	2024-08-12 00:58:54	2024-08-11 19:49:23	2024-04-17 10:59:00	48c0a9bb8af04622bbb5c2e2aac3f735	Navy Rewards Card		BENARDA VETERINARY HOSPITTUCSON	OFX ext. info: |Trans type:Generic debit|Memo:BENARDA VETERINARY HOSPITTUCSON AZ - 0001	BENARDA VETERINARY HOSPITTUCSON AZ - 0001		c	-33005/100	-33005/100	2024-08-11 20:19:10
===== END
===== START
C	be3c7e9a295442ed97642cae96aa187c	70ecf166f3cf4e1986f20dc13ccfa916	2024-08-12 00:58:54	2024-08-11 19:49:23	2024-04-17 10:59:00	eca5ba8e100f46f5b9efae77c69dd313	Veternarian		BENARDA VETERINARY HOSPITTUCSON	OFX ext. info: |Trans type:Generic debit|Memo:BENARDA VETERINARY HOSPITTUCSON AZ - 0001			n	33005/100	33005/100	1970-01-01 00:00:00
C	be3c7e9a295442ed97642cae96aa187c	65e80299e98841d1bbbad02c9ea5dc6f	2024-08-12 00:58:54	2024-08-11 19:49:23	2024-04-17 10:59:00	48c0a9bb8af04622bbb5c2e2aac3f735	Navy Rewards Card		BENARDA VETERINARY HOSPITTUCSON	OFX ext. info: |Trans type:Generic debit|Memo:BENARDA VETERINARY HOSPITTUCSON AZ - 0001	BENARDA VETERINARY HOSPITTUCSON AZ - 0001		c	-33005/100	-33005/100	2024-08-11 20:19:10
===== END
===== START
B	d1baf411313640fdb87335f5d4317063	44b95fefa6a44377918ea0dad7c1e2f6	2024-08-12 00:59:02	2024-08-11 19:49:23	2024-05-06 10:59:00	0287a1bc9c4949d4a9997f42ef1fe557	Daycare		BENARDA VETERINARY HOSPITTUCSON	OFX ext. info: |Trans type:Generic debit|Memo:BENARDA VETERINARY HOSPITTUCSON AZ - 4430			n	24750/100	24750/100	1970-01-01 00:00:00
B	d1baf411313640fdb87335f5d4317063	260df630a5b34d8c8332b1bb69c2a2e9	2024-08-12 00:59:02	2024-08-11 19:49:23	2024-05-06 10:59:00	48c0a9bb8af04622bbb5c2e2aac3f735	Navy Rewards Card		BENARDA VETERINARY HOSPITTUCSON	OFX ext. info: |Trans type:Generic debit|Memo:BENARDA VETERINARY HOSPITTUCSON AZ - 4430	BENARDA VETERINARY HOSPITTUCSON AZ - 4430		c	-24750/100	-24750/100	2024-08-11 20:19:10
===== END
===== START
C	d1baf411313640fdb87335f5d4317063	44b95fefa6a44377918ea0dad7c1e2f6	2024-08-12 00:59:02	2024-08-11 19:49:23	2024-05-06 10:59:00	eca5ba8e100f46f5b9efae77c69dd313	Veternarian		BENARDA VETERINARY HOSPITTUCSON	OFX ext. info: |Trans type:Generic debit|Memo:BENARDA VETERINARY HOSPITTUCSON AZ - 4430			n	24750/100	24750/100	1970-01-01 00:00:00
C	d1baf411313640fdb87335f5d4317063	260df630a5b34d8c8332b1bb69c2a2e9	2024-08-12 00:59:02	2024-08-11 19:49:23	2024-05-06 10:59:00	48c0a9bb8af04622bbb5c2e2aac3f735	Navy Rewards Card		BENARDA VETERINARY HOSPITTUCSON	OFX ext. info: |Trans type:Generic debit|Memo:BENARDA VETERINARY HOSPITTUCSON AZ - 4430	BENARDA VETERINARY HOSPITTUCSON AZ - 4430		c	-24750/100	-24750/100	2024-08-11 20:19:10
===== END
===== START
B	200c1d1c66634916b2735ce055bf0024	be7626cf46784ee695bfbe9e052c043b	2024-08-12 00:59:12	2024-08-11 19:49:23	2024-06-12 10:59:00	0287a1bc9c4949d4a9997f42ef1fe557	Daycare		BENARDA VETERINARY HOSPITTUCSON	OFX ext. info: |Trans type:Generic debit|Memo:BENARDA VETERINARY HOSPITTUCSON AZ - 4430			n	14250/100	14250/100	1970-01-01 00:00:00
B	200c1d1c66634916b2735ce055bf0024	704d6e43e4de4b829aa64d6ad5a34726	2024-08-12 00:59:12	2024-08-11 19:49:23	2024-06-12 10:59:00	48c0a9bb8af04622bbb5c2e2aac3f735	Navy Rewards Card		BENARDA VETERINARY HOSPITTUCSON	OFX ext. info: |Trans type:Generic debit|Memo:BENARDA VETERINARY HOSPITTUCSON AZ - 4430	BENARDA VETERINARY HOSPITTUCSON AZ - 4430		c	-14250/100	-14250/100	2024-08-11 20:19:11
===== END
===== START
C	200c1d1c66634916b2735ce055bf0024	be7626cf46784ee695bfbe9e052c043b	2024-08-12 00:59:12	2024-08-11 19:49:23	2024-06-12 10:59:00	eca5ba8e100f46f5b9efae77c69dd313	Veternarian		BENARDA VETERINARY HOSPITTUCSON	OFX ext. info: |Trans type:Generic debit|Memo:BENARDA VETERINARY HOSPITTUCSON AZ - 4430			n	14250/100	14250/100	1970-01-01 00:00:00
C	200c1d1c66634916b2735ce055bf0024	704d6e43e4de4b829aa64d6ad5a34726	2024-08-12 00:59:12	2024-08-11 19:49:23	2024-06-12 10:59:00	48c0a9bb8af04622bbb5c2e2aac3f735	Navy Rewards Card		BENARDA VETERINARY HOSPITTUCSON	OFX ext. info: |Trans type:Generic debit|Memo:BENARDA VETERINARY HOSPITTUCSON AZ - 4430	BENARDA VETERINARY HOSPITTUCSON AZ - 4430		c	-14250/100	-14250/100	2024-08-11 20:19:11
===== END
===== START
B	60cf97fb4bb044f59e19402d51f0b016	11123f1c4c5e4969af6ebb154c87c1aa	2024-08-12 00:59:18	2024-08-11 19:49:22	2024-07-24 10:59:00	0287a1bc9c4949d4a9997f42ef1fe557	Daycare		BENARDA VETERINARY HOSPITTUCSON	OFX ext. info: |Trans type:Generic debit|Memo:BENARDA VETERINARY HOSPITTUCSON AZ - 4430			n	15156/100	15156/100	1970-01-01 00:00:00
B	60cf97fb4bb044f59e19402d51f0b016	d609303fed334b01b801184a9a47aac5	2024-08-12 00:59:18	2024-08-11 19:49:22	2024-07-24 10:59:00	48c0a9bb8af04622bbb5c2e2aac3f735	Navy Rewards Card		BENARDA VETERINARY HOSPITTUCSON	OFX ext. info: |Trans type:Generic debit|Memo:BENARDA VETERINARY HOSPITTUCSON AZ - 4430	BENARDA VETERINARY HOSPITTUCSON AZ - 4430		c	-15156/100	-15156/100	2024-08-11 20:19:11
===== END
===== START
C	60cf97fb4bb044f59e19402d51f0b016	11123f1c4c5e4969af6ebb154c87c1aa	2024-08-12 00:59:18	2024-08-11 19:49:22	2024-07-24 10:59:00	eca5ba8e100f46f5b9efae77c69dd313	Veternarian		BENARDA VETERINARY HOSPITTUCSON	OFX ext. info: |Trans type:Generic debit|Memo:BENARDA VETERINARY HOSPITTUCSON AZ - 4430			n	15156/100	15156/100	1970-01-01 00:00:00
C	60cf97fb4bb044f59e19402d51f0b016	d609303fed334b01b801184a9a47aac5	2024-08-12 00:59:18	2024-08-11 19:49:22	2024-07-24 10:59:00	48c0a9bb8af04622bbb5c2e2aac3f735	Navy Rewards Card		BENARDA VETERINARY HOSPITTUCSON	OFX ext. info: |Trans type:Generic debit|Memo:BENARDA VETERINARY HOSPITTUCSON AZ - 4430	BENARDA VETERINARY HOSPITTUCSON AZ - 4430		c	-15156/100	-15156/100	2024-08-11 20:19:11
===== END
===== START
B	aef703f93e0f417182fa2c11e82eb8e9	6978ab68824a40ba8a3c64a481611588	2024-08-12 00:59:25	2024-08-11 19:49:22	2024-07-25 10:59:00	0287a1bc9c4949d4a9997f42ef1fe557	Daycare		BENARDA VETERINARY HOSPITTUCSON	OFX ext. info: |Trans type:Generic debit|Memo:BENARDA VETERINARY HOSPITTUCSON AZ - 0001			n	21250/100	21250/100	1970-01-01 00:00:00
B	aef703f93e0f417182fa2c11e82eb8e9	bce37048f0124feea215a84316e6b595	2024-08-12 00:59:25	2024-08-11 19:49:22	2024-07-25 10:59:00	48c0a9bb8af04622bbb5c2e2aac3f735	Navy Rewards Card		BENARDA VETERINARY HOSPITTUCSON	OFX ext. info: |Trans type:Generic debit|Memo:BENARDA VETERINARY HOSPITTUCSON AZ - 0001	BENARDA VETERINARY HOSPITTUCSON AZ - 0001		c	-21250/100	-21250/100	2024-08-11 20:19:11
===== END
===== START
C	aef703f93e0f417182fa2c11e82eb8e9	6978ab68824a40ba8a3c64a481611588	2024-08-12 00:59:25	2024-08-11 19:49:22	2024-07-25 10:59:00	eca5ba8e100f46f5b9efae77c69dd313	Veternarian		BENARDA VETERINARY HOSPITTUCSON	OFX ext. info: |Trans type:Generic debit|Memo:BENARDA VETERINARY HOSPITTUCSON AZ - 0001			n	21250/100	21250/100	1970-01-01 00:00:00
C	aef703f93e0f417182fa2c11e82eb8e9	bce37048f0124feea215a84316e6b595	2024-08-12 00:59:25	2024-08-11 19:49:22	2024-07-25 10:59:00	48c0a9bb8af04622bbb5c2e2aac3f735	Navy Rewards Card		BENARDA VETERINARY HOSPITTUCSON	OFX ext. info: |Trans type:Generic debit|Memo:BENARDA VETERINARY HOSPITTUCSON AZ - 0001	BENARDA VETERINARY HOSPITTUCSON AZ - 0001		c	-21250/100	-21250/100	2024-08-11 20:19:11
===== END
===== START
B	c3a8b130f5854d31b4a4723e4d7f7e8a	d20aa12d11e440f48ea6f38de0c3ea8b	2024-08-12 00:59:29	2024-08-11 19:49:22	2024-08-07 10:59:00	0287a1bc9c4949d4a9997f42ef1fe557	Daycare		BENARDA VETERINARY HOSPITTUCSON	OFX ext. info: |Trans type:Generic debit|Memo:BENARDA VETERINARY HOSPITTUCSON AZ - 0001			n	5000/100	5000/100	1970-01-01 00:00:00
B	c3a8b130f5854d31b4a4723e4d7f7e8a	0326549aebaa4522955c4d0f0ad06738	2024-08-12 00:59:29	2024-08-11 19:49:22	2024-08-07 10:59:00	48c0a9bb8af04622bbb5c2e2aac3f735	Navy Rewards Card		BENARDA VETERINARY HOSPITTUCSON	OFX ext. info: |Trans type:Generic debit|Memo:BENARDA VETERINARY HOSPITTUCSON AZ - 0001	BENARDA VETERINARY HOSPITTUCSON AZ - 0001		c	-5000/100	-5000/100	2024-08-11 20:19:11
===== END
===== START
C	c3a8b130f5854d31b4a4723e4d7f7e8a	d20aa12d11e440f48ea6f38de0c3ea8b	2024-08-12 00:59:29	2024-08-11 19:49:22	2024-08-07 10:59:00	eca5ba8e100f46f5b9efae77c69dd313	Veternarian		BENARDA VETERINARY HOSPITTUCSON	OFX ext. info: |Trans type:Generic debit|Memo:BENARDA VETERINARY HOSPITTUCSON AZ - 0001			n	5000/100	5000/100	1970-01-01 00:00:00
C	c3a8b130f5854d31b4a4723e4d7f7e8a	0326549aebaa4522955c4d0f0ad06738	2024-08-12 00:59:29	2024-08-11 19:49:22	2024-08-07 10:59:00	48c0a9bb8af04622bbb5c2e2aac3f735	Navy Rewards Card		BENARDA VETERINARY HOSPITTUCSON	OFX ext. info: |Trans type:Generic debit|Memo:BENARDA VETERINARY HOSPITTUCSON AZ - 0001	BENARDA VETERINARY HOSPITTUCSON AZ - 0001		c	-5000/100	-5000/100	2024-08-11 20:19:11
===== END
