mod	trans_guid	split_guid	time_now	date_entered	date_posted	acc_guid	acc_name	num	description	notes	memo	action	reconciled	amount	value	date_reconciled
-----------------
===== START
B	783f963b8bc4402fa4bacbadc00878b2	861f7b41ebd64fc8a288ace73c76d477	2024-02-07 03:07:00	2024-02-07 03:01:31	2024-02-01 10:59:00	3323a52a32464e5db6926fdc8fbced8f	Imbalance-USD		Transfer to Credit Card				n	5369/100	5369/100	1970-01-01 00:00:00
B	783f963b8bc4402fa4bacbadc00878b2	f045fe4b3d51427c9e6f90bd94910b1b	2024-02-07 03:07:00	2024-02-07 03:01:31	2024-02-01 10:59:00	5f8cd3d7d07f4e76916a760d36c0523b	Checking Account		Transfer to Credit Card				c	-5369/100	-5369/100	2024-02-07 03:01:31
===== END
===== START
C	783f963b8bc4402fa4bacbadc00878b2	861f7b41ebd64fc8a288ace73c76d477	2024-02-07 03:07:00	2024-02-07 03:01:31	2024-02-01 10:59:00	46255490a311492f8ade68f248c0dc6f	Credit Payment		Transfer to Credit Card				n	5369/100	5369/100	1970-01-01 00:00:00
C	783f963b8bc4402fa4bacbadc00878b2	f045fe4b3d51427c9e6f90bd94910b1b	2024-02-07 03:07:00	2024-02-07 03:01:31	2024-02-01 10:59:00	5f8cd3d7d07f4e76916a760d36c0523b	Checking Account		Transfer to Credit Card				c	-5369/100	-5369/100	2024-02-07 03:01:31
===== END
===== START
B	bbe01287fca743d1a81bce1590523716	e289f88be732424283c9bc8d9b012f09	2024-02-07 03:07:20	2024-02-07 03:01:30	2024-01-22 10:59:00	5f8cd3d7d07f4e76916a760d36c0523b	Checking Account		Transfer from Savings				c	6290/100	6290/100	2024-02-07 03:01:30
B	bbe01287fca743d1a81bce1590523716	621a3e93c8d14c60b7d99e85b6990b3e	2024-02-07 03:07:20	2024-02-07 03:01:30	2024-01-22 10:59:00	3323a52a32464e5db6926fdc8fbced8f	Imbalance-USD		Transfer from Savings				n	-6290/100	-6290/100	1970-01-01 00:00:00
===== END
===== START
C	bbe01287fca743d1a81bce1590523716	e289f88be732424283c9bc8d9b012f09	2024-02-07 03:07:20	2024-02-07 03:01:30	2024-01-22 10:59:00	5f8cd3d7d07f4e76916a760d36c0523b	Checking Account		Transfer from Savings				c	0/100	0/100	2024-02-07 03:01:30
C	bbe01287fca743d1a81bce1590523716	621a3e93c8d14c60b7d99e85b6990b3e	2024-02-07 03:07:20	2024-02-07 03:01:30	2024-01-22 10:59:00	04c049366b5f48cbb21abe60a0b16637	Salary		Transfer from Savings				n	0/100	0/100	1970-01-01 00:00:00
===== END
===== START
B	de3047236d4e434f8b0f01848eca3379	52ea9e38ec0540d6af22d4bbb58eca44	2024-02-07 03:07:24	2024-02-07 03:01:30	2024-01-22 10:59:00	5f8cd3d7d07f4e76916a760d36c0523b	Checking Account		Transfer from Shares				c	196151/100	196151/100	2024-02-07 03:01:30
B	de3047236d4e434f8b0f01848eca3379	9ea509c1de8046e3b566a0de21a4969c	2024-02-07 03:07:24	2024-02-07 03:01:30	2024-01-22 10:59:00	3323a52a32464e5db6926fdc8fbced8f	Imbalance-USD		Transfer from Shares				n	-196151/100	-196151/100	1970-01-01 00:00:00
===== END
===== START
C	de3047236d4e434f8b0f01848eca3379	52ea9e38ec0540d6af22d4bbb58eca44	2024-02-07 03:07:24	2024-02-07 03:01:30	2024-01-22 10:59:00	5f8cd3d7d07f4e76916a760d36c0523b	Checking Account		Transfer from Shares				c	196151/100	196151/100	2024-02-07 03:01:30
C	de3047236d4e434f8b0f01848eca3379	9ea509c1de8046e3b566a0de21a4969c	2024-02-07 03:07:24	2024-02-07 03:01:30	2024-01-22 10:59:00	04c049366b5f48cbb21abe60a0b16637	Salary		Transfer from Shares				n	-196151/100	-196151/100	1970-01-01 00:00:00
===== END
===== START
B	3bb77f2e08e34fce9b3876ed2609abec	169b68e31d514363baaef62d423e498c	2024-02-07 03:07:35	2024-02-07 03:01:31	2024-01-22 10:59:00	5f8cd3d7d07f4e76916a760d36c0523b	Checking Account		eDeposit-ScanMobile				c	387699/100	387699/100	2024-02-07 03:01:31
B	3bb77f2e08e34fce9b3876ed2609abec	2a856c220da24cd89849455fa10ebc95	2024-02-07 03:07:35	2024-02-07 03:01:31	2024-01-22 10:59:00	3323a52a32464e5db6926fdc8fbced8f	Imbalance-USD		eDeposit-ScanMobile				n	-387699/100	-387699/100	1970-01-01 00:00:00
===== END
===== START
C	3bb77f2e08e34fce9b3876ed2609abec	169b68e31d514363baaef62d423e498c	2024-02-07 03:07:35	2024-02-07 03:01:31	2024-01-22 10:59:00	5f8cd3d7d07f4e76916a760d36c0523b	Checking Account		eDeposit-ScanMobile				c	387699/100	387699/100	2024-02-07 03:01:31
C	3bb77f2e08e34fce9b3876ed2609abec	2a856c220da24cd89849455fa10ebc95	2024-02-07 03:07:35	2024-02-07 03:01:31	2024-01-22 10:59:00	04c049366b5f48cbb21abe60a0b16637	Salary		eDeposit-ScanMobile				n	-387699/100	-387699/100	1970-01-01 00:00:00
===== END
===== START
B	bbe01287fca743d1a81bce1590523716	e289f88be732424283c9bc8d9b012f09	2024-02-07 03:08:53	2024-02-07 03:01:30	2024-01-22 10:59:00	5f8cd3d7d07f4e76916a760d36c0523b	Checking Account		Transfer from Savings				c	0/100	0/100	2024-02-07 03:01:30
B	bbe01287fca743d1a81bce1590523716	621a3e93c8d14c60b7d99e85b6990b3e	2024-02-07 03:08:53	2024-02-07 03:01:30	2024-01-22 10:59:00	04c049366b5f48cbb21abe60a0b16637	Salary		Transfer from Savings				n	0/100	0/100	1970-01-01 00:00:00
===== END
===== START
C	bbe01287fca743d1a81bce1590523716	e289f88be732424283c9bc8d9b012f09	2024-02-07 03:08:53	2024-02-07 03:01:30	2024-01-22 10:59:00	5f8cd3d7d07f4e76916a760d36c0523b	Checking Account		Transfer from Savings				c	6290/100	6290/100	2024-02-07 03:01:30
C	bbe01287fca743d1a81bce1590523716	621a3e93c8d14c60b7d99e85b6990b3e	2024-02-07 03:08:53	2024-02-07 03:01:30	2024-01-22 10:59:00	04c049366b5f48cbb21abe60a0b16637	Salary		Transfer from Savings				n	-6290/100	-6290/100	1970-01-01 00:00:00
===== END
===== START
B	bbe01287fca743d1a81bce1590523716	e289f88be732424283c9bc8d9b012f09	2024-02-07 03:09:06	2024-02-07 03:01:30	2024-01-22 10:59:00	5f8cd3d7d07f4e76916a760d36c0523b	Checking Account		Transfer from Savings				c	6290/100	6290/100	2024-02-07 03:01:30
B	bbe01287fca743d1a81bce1590523716	621a3e93c8d14c60b7d99e85b6990b3e	2024-02-07 03:09:06	2024-02-07 03:01:30	2024-01-22 10:59:00	04c049366b5f48cbb21abe60a0b16637	Salary		Transfer from Savings				n	-6290/100	-6290/100	1970-01-01 00:00:00
===== END
===== START
C	bbe01287fca743d1a81bce1590523716	e289f88be732424283c9bc8d9b012f09	2024-02-07 03:09:06	2024-02-07 03:01:30	2024-01-22 10:59:00	5f8cd3d7d07f4e76916a760d36c0523b	Checking Account		Transfer from Savings				c	6290/100	6290/100	2024-02-07 03:01:30
C	bbe01287fca743d1a81bce1590523716	621a3e93c8d14c60b7d99e85b6990b3e	2024-02-07 03:09:06	2024-02-07 03:01:30	2024-01-22 10:59:00	3e45e66efe13410b94f9aaf1785992e8	Gifts Received		Transfer from Savings				n	-6290/100	-6290/100	1970-01-01 00:00:00
===== END
===== START
B	de3047236d4e434f8b0f01848eca3379	52ea9e38ec0540d6af22d4bbb58eca44	2024-02-07 03:09:10	2024-02-07 03:01:30	2024-01-22 10:59:00	5f8cd3d7d07f4e76916a760d36c0523b	Checking Account		Transfer from Shares				c	196151/100	196151/100	2024-02-07 03:01:30
B	de3047236d4e434f8b0f01848eca3379	9ea509c1de8046e3b566a0de21a4969c	2024-02-07 03:09:10	2024-02-07 03:01:30	2024-01-22 10:59:00	04c049366b5f48cbb21abe60a0b16637	Salary		Transfer from Shares				n	-196151/100	-196151/100	1970-01-01 00:00:00
===== END
===== START
C	de3047236d4e434f8b0f01848eca3379	52ea9e38ec0540d6af22d4bbb58eca44	2024-02-07 03:09:10	2024-02-07 03:01:30	2024-01-22 10:59:00	5f8cd3d7d07f4e76916a760d36c0523b	Checking Account		Transfer from Shares				c	196151/100	196151/100	2024-02-07 03:01:30
C	de3047236d4e434f8b0f01848eca3379	9ea509c1de8046e3b566a0de21a4969c	2024-02-07 03:09:10	2024-02-07 03:01:30	2024-01-22 10:59:00	b99c0de1f86346e7a7a1138b6ed4c29d	Gifts		Transfer from Shares				n	-196151/100	-196151/100	1970-01-01 00:00:00
===== END
===== START
B	de3047236d4e434f8b0f01848eca3379	52ea9e38ec0540d6af22d4bbb58eca44	2024-02-07 03:09:29	2024-02-07 03:01:30	2024-01-22 10:59:00	5f8cd3d7d07f4e76916a760d36c0523b	Checking Account		Transfer from Shares				c	196151/100	196151/100	2024-02-07 03:01:30
B	de3047236d4e434f8b0f01848eca3379	9ea509c1de8046e3b566a0de21a4969c	2024-02-07 03:09:29	2024-02-07 03:01:30	2024-01-22 10:59:00	b99c0de1f86346e7a7a1138b6ed4c29d	Gifts		Transfer from Shares				n	-196151/100	-196151/100	1970-01-01 00:00:00
===== END
===== START
C	de3047236d4e434f8b0f01848eca3379	52ea9e38ec0540d6af22d4bbb58eca44	2024-02-07 03:09:29	2024-02-07 03:01:30	2024-01-22 10:59:00	5f8cd3d7d07f4e76916a760d36c0523b	Checking Account		Transfer from Shares				c	196151/100	196151/100	2024-02-07 03:01:30
C	de3047236d4e434f8b0f01848eca3379	9ea509c1de8046e3b566a0de21a4969c	2024-02-07 03:09:29	2024-02-07 03:01:30	2024-01-22 10:59:00	3e45e66efe13410b94f9aaf1785992e8	Gifts Received		Transfer from Shares				n	-196151/100	-196151/100	1970-01-01 00:00:00
===== END
===== START
B	3bb77f2e08e34fce9b3876ed2609abec	169b68e31d514363baaef62d423e498c	2024-02-07 03:09:48	2024-02-07 03:01:31	2024-01-22 10:59:00	5f8cd3d7d07f4e76916a760d36c0523b	Checking Account		eDeposit-ScanMobile				c	387699/100	387699/100	2024-02-07 03:01:31
B	3bb77f2e08e34fce9b3876ed2609abec	2a856c220da24cd89849455fa10ebc95	2024-02-07 03:09:48	2024-02-07 03:01:31	2024-01-22 10:59:00	04c049366b5f48cbb21abe60a0b16637	Salary		eDeposit-ScanMobile				n	-387699/100	-387699/100	1970-01-01 00:00:00
===== END
===== START
C	3bb77f2e08e34fce9b3876ed2609abec	169b68e31d514363baaef62d423e498c	2024-02-07 03:09:48	2024-02-07 03:01:31	2024-01-22 10:59:00	5f8cd3d7d07f4e76916a760d36c0523b	Checking Account		eDeposit-ScanMobile				c	387699/100	387699/100	2024-02-07 03:01:31
C	3bb77f2e08e34fce9b3876ed2609abec	2a856c220da24cd89849455fa10ebc95	2024-02-07 03:09:48	2024-02-07 03:01:31	2024-01-22 10:59:00	e5f6bad2719e47538f6c0381a1e5c808	Insurance payout		eDeposit-ScanMobile				n	-387699/100	-387699/100	1970-01-01 00:00:00
===== END
===== START
===== END
===== START
B	89bb763147b94fdbbf145d93245e6a6b	9975b829db44493f8ea98875a0d4c184	2024-02-07 03:10:46	2024-01-21 16:45:03	2024-01-16 10:59:00	5f8cd3d7d07f4e76916a760d36c0523b	Checking Account		eDeposit-ScanMobile				c	597644/100	597644/100	2024-02-07 03:01:30
B	89bb763147b94fdbbf145d93245e6a6b	d7b42e4791f84292a148a22336223fbf	2024-02-07 03:10:46	2024-01-21 16:45:03	2024-01-16 10:59:00	a1a11adb497d4b5b846f5cce987a7dfa	Other Income		eDeposit-ScanMobile		Total loss check recived from insurance		n	-597644/100	-597644/100	1970-01-01 00:00:00
===== END
===== START
C	89bb763147b94fdbbf145d93245e6a6b	9975b829db44493f8ea98875a0d4c184	2024-02-07 03:10:46	2024-01-21 16:45:03	2024-01-16 10:59:00	e5f6bad2719e47538f6c0381a1e5c808	Insurance payout		eDeposit-ScanMobile				c	597644/100	597644/100	2024-02-07 03:01:30
C	89bb763147b94fdbbf145d93245e6a6b	d7b42e4791f84292a148a22336223fbf	2024-02-07 03:10:46	2024-01-21 16:45:03	2024-01-16 10:59:00	a1a11adb497d4b5b846f5cce987a7dfa	Other Income		eDeposit-ScanMobile		Total loss check recived from insurance		n	-597644/100	-597644/100	1970-01-01 00:00:00
===== END
===== START
B	89bb763147b94fdbbf145d93245e6a6b	9975b829db44493f8ea98875a0d4c184	2024-02-07 03:11:08	2024-01-21 16:45:03	2024-01-16 10:59:00	e5f6bad2719e47538f6c0381a1e5c808	Insurance payout		eDeposit-ScanMobile				c	597644/100	597644/100	2024-02-07 03:01:30
B	89bb763147b94fdbbf145d93245e6a6b	d7b42e4791f84292a148a22336223fbf	2024-02-07 03:11:08	2024-01-21 16:45:03	2024-01-16 10:59:00	a1a11adb497d4b5b846f5cce987a7dfa	Other Income		eDeposit-ScanMobile		Total loss check recived from insurance		n	-597644/100	-597644/100	1970-01-01 00:00:00
===== END
===== START
C	89bb763147b94fdbbf145d93245e6a6b	9975b829db44493f8ea98875a0d4c184	2024-02-07 03:11:08	2024-01-21 16:45:03	2024-01-16 10:59:00	5f8cd3d7d07f4e76916a760d36c0523b	Checking Account		eDeposit-ScanMobile				c	597644/100	597644/100	2024-02-07 03:01:30
C	89bb763147b94fdbbf145d93245e6a6b	d7b42e4791f84292a148a22336223fbf	2024-02-07 03:11:08	2024-01-21 16:45:03	2024-01-16 10:59:00	a1a11adb497d4b5b846f5cce987a7dfa	Other Income		eDeposit-ScanMobile		Total loss check recived from insurance		n	-597644/100	-597644/100	1970-01-01 00:00:00
===== END
===== START
B	89bb763147b94fdbbf145d93245e6a6b	9975b829db44493f8ea98875a0d4c184	2024-02-07 03:11:42	2024-01-21 16:45:03	2024-01-16 10:59:00	5f8cd3d7d07f4e76916a760d36c0523b	Checking Account		eDeposit-ScanMobile				c	597644/100	597644/100	2024-02-07 03:01:30
B	89bb763147b94fdbbf145d93245e6a6b	d7b42e4791f84292a148a22336223fbf	2024-02-07 03:11:42	2024-01-21 16:45:03	2024-01-16 10:59:00	a1a11adb497d4b5b846f5cce987a7dfa	Other Income		eDeposit-ScanMobile		Total loss check recived from insurance		n	-597644/100	-597644/100	1970-01-01 00:00:00
===== END
===== START
C	89bb763147b94fdbbf145d93245e6a6b	9975b829db44493f8ea98875a0d4c184	2024-02-07 03:11:42	2024-01-21 16:45:03	2024-01-16 10:59:00	5f8cd3d7d07f4e76916a760d36c0523b	Checking Account		eDeposit-ScanMobile				c	597644/100	597644/100	2024-02-07 03:01:30
C	89bb763147b94fdbbf145d93245e6a6b	d7b42e4791f84292a148a22336223fbf	2024-02-07 03:11:42	2024-01-21 16:45:03	2024-01-16 10:59:00	e5f6bad2719e47538f6c0381a1e5c808	Insurance payout		eDeposit-ScanMobile		Total loss check recived from insurance		n	-597644/100	-597644/100	1970-01-01 00:00:00
===== END
