mod	trans_guid	split_guid	time_now	date_entered	date_posted	acc_guid	acc_name	num	description	notes	memo	action	reconciled	amount	value	date_reconciled
-----------------
===== START
B	b18925f7a1d845ff9a2b870e060c9775	0e4014ed685341ff80a538b211adad0d	2024-01-21 17:18:30	2024-01-21 17:09:53	2024-01-04 10:59:00	48c0a9bb8af04622bbb5c2e2aac3f735	Navy Rewards Card	4430	Amazon Marketplace				c	1301/100	1301/100	2024-01-21 17:09:53
B	b18925f7a1d845ff9a2b870e060c9775	3d6312ae1070492caf8bda8265257332	2024-01-21 17:18:30	2024-01-21 17:09:53	2024-01-04 10:59:00	3323a52a32464e5db6926fdc8fbced8f	Imbalance-USD	4430	Amazon Marketplace				n	-1301/100	-1301/100	1970-01-01 00:00:00
===== END
===== START
C	b18925f7a1d845ff9a2b870e060c9775	0e4014ed685341ff80a538b211adad0d	2024-01-21 17:18:30	2024-01-21 17:09:53	2024-01-04 10:59:00	48c0a9bb8af04622bbb5c2e2aac3f735	Navy Rewards Card	4430	Amazon Marketplace				c	1301/100	1301/100	2024-01-21 17:09:53
C	b18925f7a1d845ff9a2b870e060c9775	3d6312ae1070492caf8bda8265257332	2024-01-21 17:18:30	2024-01-21 17:09:53	2024-01-04 10:59:00	b99c0de1f86346e7a7a1138b6ed4c29d	Gifts	4430	Amazon Marketplace				n	-1301/100	-1301/100	1970-01-01 00:00:00
===== END
===== START
B	ffa90934e7a24fb38e8dcfdd8193df75	743f0d89ab5244aab0adf56482d8b4fb	2024-01-21 17:18:42	2024-01-21 17:09:53	2024-01-04 10:59:00	48c0a9bb8af04622bbb5c2e2aac3f735	Navy Rewards Card	4430	Apple				c	760/100	760/100	2024-01-21 17:09:53
B	ffa90934e7a24fb38e8dcfdd8193df75	940065a33f1f4938b655d8070c452a5b	2024-01-21 17:18:42	2024-01-21 17:09:53	2024-01-04 10:59:00	3323a52a32464e5db6926fdc8fbced8f	Imbalance-USD	4430	Apple				n	-760/100	-760/100	1970-01-01 00:00:00
===== END
===== START
C	ffa90934e7a24fb38e8dcfdd8193df75	743f0d89ab5244aab0adf56482d8b4fb	2024-01-21 17:18:42	2024-01-21 17:09:53	2024-01-04 10:59:00	48c0a9bb8af04622bbb5c2e2aac3f735	Navy Rewards Card	4430	Apple				c	760/100	760/100	2024-01-21 17:09:53
C	ffa90934e7a24fb38e8dcfdd8193df75	940065a33f1f4938b655d8070c452a5b	2024-01-21 17:18:42	2024-01-21 17:09:53	2024-01-04 10:59:00	3feaad255df249169127e590b1602cd7	Subscriptions	4430	Apple				n	-760/100	-760/100	1970-01-01 00:00:00
===== END
===== START
B	3c14e015241e4768ab47c575a9d6ab30	c7af9d61f59c45b8a30987273b23b896	2024-01-21 17:20:13	2024-01-21 17:09:53	2024-01-05 10:59:00	48c0a9bb8af04622bbb5c2e2aac3f735	Navy Rewards Card	4430	The Home Depot				c	2500/100	2500/100	2024-01-21 17:09:53
B	3c14e015241e4768ab47c575a9d6ab30	25880255bed44509afc8765350dbbae1	2024-01-21 17:20:13	2024-01-21 17:09:53	2024-01-05 10:59:00	3323a52a32464e5db6926fdc8fbced8f	Imbalance-USD	4430	The Home Depot				n	-2500/100	-2500/100	1970-01-01 00:00:00
===== END
===== START
C	3c14e015241e4768ab47c575a9d6ab30	c7af9d61f59c45b8a30987273b23b896	2024-01-21 17:20:13	2024-01-21 17:09:53	2024-01-05 10:59:00	48c0a9bb8af04622bbb5c2e2aac3f735	Navy Rewards Card	4430	The Home Depot				c	-2500/100	-2500/100	2024-01-21 17:09:53
C	3c14e015241e4768ab47c575a9d6ab30	25880255bed44509afc8765350dbbae1	2024-01-21 17:20:13	2024-01-21 17:09:53	2024-01-05 10:59:00	3323a52a32464e5db6926fdc8fbced8f	Imbalance-USD	4430	The Home Depot				n	2500/100	2500/100	1970-01-01 00:00:00
===== END
===== START
B	615176ff05d54cf08b736d79a98e55c5	26b1318b682e472da9803e4249a9ef57	2024-01-21 17:21:15	2024-01-21 17:09:53	2024-01-05 10:59:00	48c0a9bb8af04622bbb5c2e2aac3f735	Navy Rewards Card	0001	Circle K				c	1414/100	1414/100	2024-01-21 17:09:53
B	615176ff05d54cf08b736d79a98e55c5	ae623e24e58e4e928b36386f8c44ee3d	2024-01-21 17:21:15	2024-01-21 17:09:53	2024-01-05 10:59:00	3323a52a32464e5db6926fdc8fbced8f	Imbalance-USD	0001	Circle K				n	-1414/100	-1414/100	1970-01-01 00:00:00
===== END
===== START
C	615176ff05d54cf08b736d79a98e55c5	26b1318b682e472da9803e4249a9ef57	2024-01-21 17:21:15	2024-01-21 17:09:53	2024-01-05 10:59:00	48c0a9bb8af04622bbb5c2e2aac3f735	Navy Rewards Card	0001	Circle K				c	1414/100	1414/100	2024-01-21 17:09:53
C	615176ff05d54cf08b736d79a98e55c5	ae623e24e58e4e928b36386f8c44ee3d	2024-01-21 17:21:15	2024-01-21 17:09:53	2024-01-05 10:59:00	a996b30c3e714c1483ec007f2699fc71	Groceries	0001	Circle K				n	-1414/100	-1414/100	1970-01-01 00:00:00
===== END
===== START
B	3c14e015241e4768ab47c575a9d6ab30	25880255bed44509afc8765350dbbae1	2024-01-21 17:21:35	2024-01-21 17:09:53	2024-01-05 10:59:00	3323a52a32464e5db6926fdc8fbced8f	Imbalance-USD	4430	The Home Depot				n	2500/100	2500/100	1970-01-01 00:00:00
B	3c14e015241e4768ab47c575a9d6ab30	c7af9d61f59c45b8a30987273b23b896	2024-01-21 17:21:35	2024-01-21 17:09:53	2024-01-05 10:59:00	48c0a9bb8af04622bbb5c2e2aac3f735	Navy Rewards Card	4430	The Home Depot				c	-2500/100	-2500/100	2024-01-21 17:09:53
===== END
===== START
C	3c14e015241e4768ab47c575a9d6ab30	25880255bed44509afc8765350dbbae1	2024-01-21 17:21:35	2024-01-21 17:09:53	2024-01-05 10:59:00	a1a11adb497d4b5b846f5cce987a7dfa	Other Income	4430	The Home Depot				n	2500/100	2500/100	1970-01-01 00:00:00
C	3c14e015241e4768ab47c575a9d6ab30	c7af9d61f59c45b8a30987273b23b896	2024-01-21 17:21:35	2024-01-21 17:09:53	2024-01-05 10:59:00	48c0a9bb8af04622bbb5c2e2aac3f735	Navy Rewards Card	4430	The Home Depot				c	-2500/100	-2500/100	2024-01-21 17:09:53
===== END
===== START
B	d74a9d7d7bf14e839d0dda6615cf27ba	9f522a7910e14163b9c237deedc0e6bb	2024-01-21 17:21:52	2024-01-21 17:09:53	2024-01-05 10:59:00	48c0a9bb8af04622bbb5c2e2aac3f735	Navy Rewards Card	4430	The Home Depot				c	2049/100	2049/100	2024-01-21 17:09:53
B	d74a9d7d7bf14e839d0dda6615cf27ba	80a34ebbb7d442d68ac560f396a14fc6	2024-01-21 17:21:52	2024-01-21 17:09:53	2024-01-05 10:59:00	3323a52a32464e5db6926fdc8fbced8f	Imbalance-USD	4430	The Home Depot				n	-2049/100	-2049/100	1970-01-01 00:00:00
===== END
===== START
C	d74a9d7d7bf14e839d0dda6615cf27ba	9f522a7910e14163b9c237deedc0e6bb	2024-01-21 17:21:52	2024-01-21 17:09:53	2024-01-05 10:59:00	48c0a9bb8af04622bbb5c2e2aac3f735	Navy Rewards Card	4430	The Home Depot				c	2049/100	2049/100	2024-01-21 17:09:53
C	d74a9d7d7bf14e839d0dda6615cf27ba	80a34ebbb7d442d68ac560f396a14fc6	2024-01-21 17:21:52	2024-01-21 17:09:53	2024-01-05 10:59:00	6217a7afd7e34252aa9114852df0b9a7	Supplies	4430	The Home Depot				n	-2049/100	-2049/100	1970-01-01 00:00:00
===== END
===== START
B	22db582a962e402b890e3fad68404e3c	ff36ba6028d744cb82e75d71efe16464	2024-01-21 17:22:03	2024-01-21 17:09:53	2024-01-08 10:59:00	48c0a9bb8af04622bbb5c2e2aac3f735	Navy Rewards Card	0001	Amazon Marketplace				c	1521/100	1521/100	2024-01-21 17:09:53
B	22db582a962e402b890e3fad68404e3c	5e53381b36c34891aba2ef3742158da0	2024-01-21 17:22:03	2024-01-21 17:09:53	2024-01-08 10:59:00	3323a52a32464e5db6926fdc8fbced8f	Imbalance-USD	0001	Amazon Marketplace				n	-1521/100	-1521/100	1970-01-01 00:00:00
===== END
===== START
C	22db582a962e402b890e3fad68404e3c	ff36ba6028d744cb82e75d71efe16464	2024-01-21 17:22:03	2024-01-21 17:09:53	2024-01-08 10:59:00	48c0a9bb8af04622bbb5c2e2aac3f735	Navy Rewards Card	0001	Amazon Marketplace				c	1521/100	1521/100	2024-01-21 17:09:53
C	22db582a962e402b890e3fad68404e3c	5e53381b36c34891aba2ef3742158da0	2024-01-21 17:22:03	2024-01-21 17:09:53	2024-01-08 10:59:00	f51833ab51c446f28a6ab0d10a773759	Miscellaneous	0001	Amazon Marketplace				n	-1521/100	-1521/100	1970-01-01 00:00:00
===== END
===== START
B	fc35bb919bea4701ab17d0ea21561c9b	51aa538da1294c44b8559eef1a26a157	2024-01-21 17:22:11	2024-01-21 17:09:53	2024-01-08 10:59:00	48c0a9bb8af04622bbb5c2e2aac3f735	Navy Rewards Card	0001	2577PEPSIVENXX8600 TUCSON AZ - 0001				c	100/100	100/100	2024-01-21 17:09:53
B	fc35bb919bea4701ab17d0ea21561c9b	849022afb449471086d1a69f220cd573	2024-01-21 17:22:11	2024-01-21 17:09:53	2024-01-08 10:59:00	3323a52a32464e5db6926fdc8fbced8f	Imbalance-USD	0001	2577PEPSIVENXX8600 TUCSON AZ - 0001				n	-100/100	-100/100	1970-01-01 00:00:00
===== END
===== START
C	fc35bb919bea4701ab17d0ea21561c9b	51aa538da1294c44b8559eef1a26a157	2024-01-21 17:22:11	2024-01-21 17:09:53	2024-01-08 10:59:00	48c0a9bb8af04622bbb5c2e2aac3f735	Navy Rewards Card	0001	2577PEPSIVENXX8600 TUCSON AZ - 0001				c	100/100	100/100	2024-01-21 17:09:53
C	fc35bb919bea4701ab17d0ea21561c9b	849022afb449471086d1a69f220cd573	2024-01-21 17:22:11	2024-01-21 17:09:53	2024-01-08 10:59:00	f51833ab51c446f28a6ab0d10a773759	Miscellaneous	0001	2577PEPSIVENXX8600 TUCSON AZ - 0001				n	-100/100	-100/100	1970-01-01 00:00:00
===== END
===== START
B	bb660d5327d14eb5b4677b177877167c	f29d985729d84ab6b4ca4fc2d38374ef	2024-01-21 17:22:23	2024-01-21 17:09:53	2024-01-08 10:59:00	48c0a9bb8af04622bbb5c2e2aac3f735	Navy Rewards Card	0001	DoorDash				c	2932/100	2932/100	2024-01-21 17:09:53
B	bb660d5327d14eb5b4677b177877167c	a94ed1dac1f342209b720d5a33a651cb	2024-01-21 17:22:23	2024-01-21 17:09:53	2024-01-08 10:59:00	3323a52a32464e5db6926fdc8fbced8f	Imbalance-USD	0001	DoorDash				n	-2932/100	-2932/100	1970-01-01 00:00:00
===== END
===== START
C	bb660d5327d14eb5b4677b177877167c	f29d985729d84ab6b4ca4fc2d38374ef	2024-01-21 17:22:23	2024-01-21 17:09:53	2024-01-08 10:59:00	48c0a9bb8af04622bbb5c2e2aac3f735	Navy Rewards Card	0001	DoorDash				c	2932/100	2932/100	2024-01-21 17:09:53
C	bb660d5327d14eb5b4677b177877167c	a94ed1dac1f342209b720d5a33a651cb	2024-01-21 17:22:23	2024-01-21 17:09:53	2024-01-08 10:59:00	7c452bea58344d23b0f556cf05df9fe0	Dining	0001	DoorDash				n	-2932/100	-2932/100	1970-01-01 00:00:00
===== END
===== START
B	7a9023da63a543688f5f4a51e990bc2f	6457ac527cb945dab505d3f36f485af5	2024-01-21 17:22:34	2024-01-21 17:09:53	2024-01-08 10:59:00	48c0a9bb8af04622bbb5c2e2aac3f735	Navy Rewards Card	0001	FANTUAN DELIVERY HTTPSWWW.FANTWA - 0001				c	1611/100	1611/100	2024-01-21 17:09:53
B	7a9023da63a543688f5f4a51e990bc2f	efa75887f4c84443a5b698df66ecf068	2024-01-21 17:22:34	2024-01-21 17:09:53	2024-01-08 10:59:00	3323a52a32464e5db6926fdc8fbced8f	Imbalance-USD	0001	FANTUAN DELIVERY HTTPSWWW.FANTWA - 0001				n	-1611/100	-1611/100	1970-01-01 00:00:00
===== END
===== START
C	7a9023da63a543688f5f4a51e990bc2f	6457ac527cb945dab505d3f36f485af5	2024-01-21 17:22:34	2024-01-21 17:09:53	2024-01-08 10:59:00	48c0a9bb8af04622bbb5c2e2aac3f735	Navy Rewards Card	0001	FANTUAN DELIVERY HTTPSWWW.FANTWA - 0001				n	1611/100	1611/100	2024-01-21 17:09:53
C	7a9023da63a543688f5f4a51e990bc2f	efa75887f4c84443a5b698df66ecf068	2024-01-21 17:22:34	2024-01-21 17:09:53	2024-01-08 10:59:00	7c452bea58344d23b0f556cf05df9fe0	Dining	0001	FANTUAN DELIVERY HTTPSWWW.FANTWA - 0001				n	-1611/100	-1611/100	1970-01-01 00:00:00
===== END
===== START
B	2a19129e980a4e36b3b17c19c6a37f96	1c2458c716b549cabfe666f54377dc82	2024-01-21 17:22:44	2024-01-21 17:09:53	2024-01-08 10:59:00	48c0a9bb8af04622bbb5c2e2aac3f735	Navy Rewards Card	0001	NOODLEHOLICS TUCSON AZ - 0001				c	3375/100	3375/100	2024-01-21 17:09:53
B	2a19129e980a4e36b3b17c19c6a37f96	9a506c3049d744dbb2a9bbf1a1ecc44e	2024-01-21 17:22:44	2024-01-21 17:09:53	2024-01-08 10:59:00	3323a52a32464e5db6926fdc8fbced8f	Imbalance-USD	0001	NOODLEHOLICS TUCSON AZ - 0001				n	-3375/100	-3375/100	1970-01-01 00:00:00
===== END
===== START
C	2a19129e980a4e36b3b17c19c6a37f96	1c2458c716b549cabfe666f54377dc82	2024-01-21 17:22:44	2024-01-21 17:09:53	2024-01-08 10:59:00	48c0a9bb8af04622bbb5c2e2aac3f735	Navy Rewards Card	0001	NOODLEHOLICS TUCSON AZ - 0001				c	3375/100	3375/100	2024-01-21 17:09:53
C	2a19129e980a4e36b3b17c19c6a37f96	9a506c3049d744dbb2a9bbf1a1ecc44e	2024-01-21 17:22:44	2024-01-21 17:09:53	2024-01-08 10:59:00	7c452bea58344d23b0f556cf05df9fe0	Dining	0001	NOODLEHOLICS TUCSON AZ - 0001				n	-3375/100	-3375/100	1970-01-01 00:00:00
===== END
===== START
B	423c3266bc5c4655b5bef8269dd78135	5b4b8aed29924ebf8db1cefc6c5b29d5	2024-01-21 17:22:50	2024-01-21 17:09:53	2024-01-08 10:59:00	48c0a9bb8af04622bbb5c2e2aac3f735	Navy Rewards Card	0001	Payment to Youtube Premium				c	1584/100	1584/100	2024-01-21 17:09:53
B	423c3266bc5c4655b5bef8269dd78135	5f802a37f06e4e769d508d5d609ac5c0	2024-01-21 17:22:50	2024-01-21 17:09:53	2024-01-08 10:59:00	3323a52a32464e5db6926fdc8fbced8f	Imbalance-USD	0001	Payment to Youtube Premium				n	-1584/100	-1584/100	1970-01-01 00:00:00
===== END
===== START
C	423c3266bc5c4655b5bef8269dd78135	5b4b8aed29924ebf8db1cefc6c5b29d5	2024-01-21 17:22:50	2024-01-21 17:09:53	2024-01-08 10:59:00	48c0a9bb8af04622bbb5c2e2aac3f735	Navy Rewards Card	0001	Payment to Youtube Premium				c	1584/100	1584/100	2024-01-21 17:09:53
C	423c3266bc5c4655b5bef8269dd78135	5f802a37f06e4e769d508d5d609ac5c0	2024-01-21 17:22:50	2024-01-21 17:09:53	2024-01-08 10:59:00	3feaad255df249169127e590b1602cd7	Subscriptions	0001	Payment to Youtube Premium				n	-1584/100	-1584/100	1970-01-01 00:00:00
===== END
===== START
B	8db71ed18d3a4b7f9478285fad390a1a	3cdaa1f30c39454da95f9c93ab4534ca	2024-01-21 17:23:12	2024-01-21 17:09:53	2024-01-08 10:59:00	48c0a9bb8af04622bbb5c2e2aac3f735	Navy Rewards Card	0001	Uber				c	612/100	612/100	2024-01-21 17:09:53
B	8db71ed18d3a4b7f9478285fad390a1a	9dfc4cfb11c24fe58b46bb0071c69693	2024-01-21 17:23:12	2024-01-21 17:09:53	2024-01-08 10:59:00	3323a52a32464e5db6926fdc8fbced8f	Imbalance-USD	0001	Uber				n	-612/100	-612/100	1970-01-01 00:00:00
===== END
===== START
C	8db71ed18d3a4b7f9478285fad390a1a	3cdaa1f30c39454da95f9c93ab4534ca	2024-01-21 17:23:12	2024-01-21 17:09:53	2024-01-08 10:59:00	48c0a9bb8af04622bbb5c2e2aac3f735	Navy Rewards Card	0001	Uber				c	612/100	612/100	2024-01-21 17:09:53
C	8db71ed18d3a4b7f9478285fad390a1a	9dfc4cfb11c24fe58b46bb0071c69693	2024-01-21 17:23:12	2024-01-21 17:09:53	2024-01-08 10:59:00	39523e58dddf4d9c83c3a995e932b37f	Travel	0001	Uber				n	-612/100	-612/100	1970-01-01 00:00:00
===== END
===== START
B	bb97345f51cc4a2281881e998c9d937f	aca9b3140f4147b18d2fe884c8039ed8	2024-01-21 17:23:20	2024-01-21 17:09:53	2024-01-08 10:59:00	48c0a9bb8af04622bbb5c2e2aac3f735	Navy Rewards Card	4430	Amazon Marketplace				c	1766/100	1766/100	2024-01-21 17:09:53
B	bb97345f51cc4a2281881e998c9d937f	86b910ca11454dec8c1e0e48a3f1c05d	2024-01-21 17:23:20	2024-01-21 17:09:53	2024-01-08 10:59:00	3323a52a32464e5db6926fdc8fbced8f	Imbalance-USD	4430	Amazon Marketplace				n	-1766/100	-1766/100	1970-01-01 00:00:00
===== END
===== START
C	bb97345f51cc4a2281881e998c9d937f	aca9b3140f4147b18d2fe884c8039ed8	2024-01-21 17:23:20	2024-01-21 17:09:53	2024-01-08 10:59:00	48c0a9bb8af04622bbb5c2e2aac3f735	Navy Rewards Card	4430	Amazon Marketplace				c	1766/100	1766/100	2024-01-21 17:09:53
C	bb97345f51cc4a2281881e998c9d937f	86b910ca11454dec8c1e0e48a3f1c05d	2024-01-21 17:23:20	2024-01-21 17:09:53	2024-01-08 10:59:00	f51833ab51c446f28a6ab0d10a773759	Miscellaneous	4430	Amazon Marketplace				n	-1766/100	-1766/100	1970-01-01 00:00:00
===== END
===== START
B	0e8d7cef9ae14c50b6cd867e6926aef8	290d9194c0784c8bad6820aa59aae645	2024-01-21 17:23:29	2024-01-21 17:09:53	2024-01-08 10:59:00	48c0a9bb8af04622bbb5c2e2aac3f735	Navy Rewards Card	4430	FLOWER CHILD INSTORE GILBERT AZ - 4430				c	2515/100	2515/100	2024-01-21 17:09:53
B	0e8d7cef9ae14c50b6cd867e6926aef8	5a25bff037fc487eb56736da6a7c8c01	2024-01-21 17:23:29	2024-01-21 17:09:53	2024-01-08 10:59:00	3323a52a32464e5db6926fdc8fbced8f	Imbalance-USD	4430	FLOWER CHILD INSTORE GILBERT AZ - 4430				n	-2515/100	-2515/100	1970-01-01 00:00:00
===== END
===== START
C	0e8d7cef9ae14c50b6cd867e6926aef8	290d9194c0784c8bad6820aa59aae645	2024-01-21 17:23:29	2024-01-21 17:09:53	2024-01-08 10:59:00	48c0a9bb8af04622bbb5c2e2aac3f735	Navy Rewards Card	4430	FLOWER CHILD INSTORE GILBERT AZ - 4430				c	2515/100	2515/100	2024-01-21 17:09:53
C	0e8d7cef9ae14c50b6cd867e6926aef8	5a25bff037fc487eb56736da6a7c8c01	2024-01-21 17:23:29	2024-01-21 17:09:53	2024-01-08 10:59:00	7c452bea58344d23b0f556cf05df9fe0	Dining	4430	FLOWER CHILD INSTORE GILBERT AZ - 4430				n	-2515/100	-2515/100	1970-01-01 00:00:00
===== END
