mod	trans_guid	split_guid	time_now	date_entered	date_posted	acc_guid	acc_name	num	description	notes	memo	action	reconciled	amount	value	date_reconciled
-----------------
===== START
===== END
===== START
===== END
===== START
D	d7f8c7fc196a47dd9c9af730692faafe	eaf4f227351041a883ad7efb321363d6	2024-01-21 16:58:46	2024-01-21 16:58:46	2024-01-21 10:59:00								n	0/1	0/100	1970-01-01 00:00:00
===== END
===== START
D	7196105316284b8a858df9d938580ec7	5d2ec307d88243c6a04c19f3ab9a88cf	2024-01-21 16:58:47	2024-01-21 16:58:47	2024-01-21 10:59:00								n	0/1	0/100	1970-01-01 00:00:00
===== END
===== START
===== END
===== START
C	7d7a3d541e364bd19fa8879f5da167ae	6722f059aca94ce59942f682810618f9	2024-01-21 17:01:30	2024-01-21 17:01:30	2024-01-01 10:59:00	3ef47bba671245fdb0780a4a9b012fe0	Opening Balances		Opening Car Loan Balance				n	300/100	300/100	1970-01-01 00:00:00
C	7d7a3d541e364bd19fa8879f5da167ae	5ac9d7e1e60e4ffc8ee08f35869ce387	2024-01-21 17:01:30	2024-01-21 17:01:30	2024-01-01 10:59:00	1062845aaafc40eeae65b1822c287a64	Mazda CX-30		Opening Car Loan Balance				n	-300/100	-300/100	1970-01-01 00:00:00
===== END
===== START
===== END
===== START
D	7d8675fe906d4aaca7c110a45a1d8051	8c4ddf2588564d19acd59ad302c60f5f	2024-01-21 17:01:37	2024-01-21 17:01:37	2024-01-21 10:59:00								n	0/1	0/100	1970-01-01 00:00:00
===== END
===== START
B	7d7a3d541e364bd19fa8879f5da167ae	6722f059aca94ce59942f682810618f9	2024-01-21 17:01:56	2024-01-21 17:01:30	2024-01-01 10:59:00	3ef47bba671245fdb0780a4a9b012fe0	Opening Balances		Opening Car Loan Balance				n	300/100	300/100	1970-01-01 00:00:00
B	7d7a3d541e364bd19fa8879f5da167ae	5ac9d7e1e60e4ffc8ee08f35869ce387	2024-01-21 17:01:56	2024-01-21 17:01:30	2024-01-01 10:59:00	1062845aaafc40eeae65b1822c287a64	Mazda CX-30		Opening Car Loan Balance				n	-300/100	-300/100	1970-01-01 00:00:00
===== END
===== START
C	7d7a3d541e364bd19fa8879f5da167ae	6722f059aca94ce59942f682810618f9	2024-01-21 17:01:56	2024-01-21 17:01:30	2024-01-01 10:59:00	3ef47bba671245fdb0780a4a9b012fe0	Opening Balances		Opening Car Loan Balance				n	3116450/100	3116450/100	1970-01-01 00:00:00
C	7d7a3d541e364bd19fa8879f5da167ae	5ac9d7e1e60e4ffc8ee08f35869ce387	2024-01-21 17:01:56	2024-01-21 17:01:30	2024-01-01 10:59:00	1062845aaafc40eeae65b1822c287a64	Mazda CX-30		Opening Car Loan Balance				n	-3116450/100	-3116450/100	1970-01-01 00:00:00
===== END
===== START
B	89bb763147b94fdbbf145d93245e6a6b	9975b829db44493f8ea98875a0d4c184	2024-01-21 17:02:28	2024-01-21 16:45:03	2024-01-16 10:59:00	5f8cd3d7d07f4e76916a760d36c0523b	Checking Account		eDeposit-ScanMobile				c	597644/100	597644/100	2024-01-21 16:45:03
B	89bb763147b94fdbbf145d93245e6a6b	d7b42e4791f84292a148a22336223fbf	2024-01-21 17:02:28	2024-01-21 16:45:03	2024-01-16 10:59:00	3323a52a32464e5db6926fdc8fbced8f	Imbalance-USD		eDeposit-ScanMobile				n	-597644/100	-597644/100	1970-01-01 00:00:00
===== END
===== START
C	89bb763147b94fdbbf145d93245e6a6b	9975b829db44493f8ea98875a0d4c184	2024-01-21 17:02:28	2024-01-21 16:45:03	2024-01-16 10:59:00	5f8cd3d7d07f4e76916a760d36c0523b	Checking Account		eDeposit-ScanMobile				c	597644/100	597644/100	2024-01-21 16:45:03
C	89bb763147b94fdbbf145d93245e6a6b	d7b42e4791f84292a148a22336223fbf	2024-01-21 17:02:28	2024-01-21 16:45:03	2024-01-16 10:59:00	a1a11adb497d4b5b846f5cce987a7dfa	Other Income		eDeposit-ScanMobile				n	-597644/100	-597644/100	1970-01-01 00:00:00
===== END
===== START
B	aa061c219a294f85bd03691867ce4463	8a623040a9eb470fa451bbbe681ce52f	2024-01-21 17:02:39	2024-01-21 16:45:03	2024-01-10 10:59:00	3323a52a32464e5db6926fdc8fbced8f	Imbalance-USD		Paid Check 0000000319				n	1400000/100	1400000/100	1970-01-01 00:00:00
B	aa061c219a294f85bd03691867ce4463	c2dbcb5b3ec84af6bd4833de60440ad1	2024-01-21 17:02:39	2024-01-21 16:45:03	2024-01-10 10:59:00	5f8cd3d7d07f4e76916a760d36c0523b	Checking Account		Paid Check 0000000319				c	-1400000/100	-1400000/100	2024-01-21 16:45:03
===== END
===== START
C	aa061c219a294f85bd03691867ce4463	8a623040a9eb470fa451bbbe681ce52f	2024-01-21 17:02:39	2024-01-21 16:45:03	2024-01-10 10:59:00	1062845aaafc40eeae65b1822c287a64	Mazda CX-30		Paid Check 0000000319				n	1400000/100	1400000/100	1970-01-01 00:00:00
C	aa061c219a294f85bd03691867ce4463	c2dbcb5b3ec84af6bd4833de60440ad1	2024-01-21 17:02:39	2024-01-21 16:45:03	2024-01-10 10:59:00	5f8cd3d7d07f4e76916a760d36c0523b	Checking Account		Paid Check 0000000319				c	-1400000/100	-1400000/100	2024-01-21 16:45:03
===== END
===== START
B	89bb763147b94fdbbf145d93245e6a6b	9975b829db44493f8ea98875a0d4c184	2024-01-21 17:03:36	2024-01-21 16:45:03	2024-01-16 10:59:00	5f8cd3d7d07f4e76916a760d36c0523b	Checking Account		eDeposit-ScanMobile				c	597644/100	597644/100	2024-01-21 16:45:03
B	89bb763147b94fdbbf145d93245e6a6b	d7b42e4791f84292a148a22336223fbf	2024-01-21 17:03:36	2024-01-21 16:45:03	2024-01-16 10:59:00	a1a11adb497d4b5b846f5cce987a7dfa	Other Income		eDeposit-ScanMobile				n	-597644/100	-597644/100	1970-01-01 00:00:00
===== END
===== START
C	89bb763147b94fdbbf145d93245e6a6b	9975b829db44493f8ea98875a0d4c184	2024-01-21 17:03:36	2024-01-21 16:45:03	2024-01-16 10:59:00	5f8cd3d7d07f4e76916a760d36c0523b	Checking Account		eDeposit-ScanMobile				c	597644/100	597644/100	2024-01-21 16:45:03
C	89bb763147b94fdbbf145d93245e6a6b	d7b42e4791f84292a148a22336223fbf	2024-01-21 17:03:36	2024-01-21 16:45:03	2024-01-16 10:59:00	a1a11adb497d4b5b846f5cce987a7dfa	Other Income		eDeposit-ScanMobile		Total loss check recived from insurance		n	-597644/100	-597644/100	1970-01-01 00:00:00
===== END
