mod	trans_guid	split_guid	time_now	date_entered	date_posted	acc_guid	acc_name	num	description	notes	memo	action	reconciled	amount	value	date_reconciled
-----------------
===== START
B	8d07281d8a3a4739839a404c358c46ac	9d87decc3fa840fa86df69238c2b1e7a	2024-08-12 03:46:08	2024-08-11 16:41:40	2024-05-15 10:59:00	d21f7d0d27fd4d2eb27b2d994c3718b9	Car Payment		USAA	OFX ext. info: |Trans type:Generic debit|Memo:ACH Transaction - USAA FSB ICPAYMENT 0031407426 ACH DEBIT			n	24896/100	24896/100	1970-01-01 00:00:00
B	8d07281d8a3a4739839a404c358c46ac	9e53f08676164a789d31195c376016d5	2024-08-12 03:46:08	2024-08-11 16:41:40	2024-05-15 10:59:00	2affe66e455c4d78a971998e23de3f9b	Vehicle Loan Interest		USAA	OFX ext. info: |Trans type:Generic debit|Memo:ACH Transaction - USAA FSB ICPAYMENT 0031407426 ACH DEBIT			n	8640/100	8640/100	1970-01-01 00:00:00
B	8d07281d8a3a4739839a404c358c46ac	433abf15d007429dbe7412dd3533696c	2024-08-12 03:46:08	2024-08-11 16:41:40	2024-05-15 10:59:00	5f8cd3d7d07f4e76916a760d36c0523b	Checking Account		USAA	OFX ext. info: |Trans type:Generic debit|Memo:ACH Transaction - USAA FSB ICPAYMENT 0031407426 ACH DEBIT	ACH Transaction - USAA FSB ICPAYMENT 0031407426 ACH DEBIT		c	-33536/100	-33536/100	2024-08-11 16:42:20
===== END
===== START
C	8d07281d8a3a4739839a404c358c46ac	9d87decc3fa840fa86df69238c2b1e7a	2024-08-12 03:46:15	2024-08-11 16:41:40	2024-05-15 10:59:00	6939935e25c74abc830e50d2fe4f7ba9	Principle		USAA	OFX ext. info: |Trans type:Generic debit|Memo:ACH Transaction - USAA FSB ICPAYMENT 0031407426 ACH DEBIT			n	24896/100	24896/100	1970-01-01 00:00:00
C	8d07281d8a3a4739839a404c358c46ac	9e53f08676164a789d31195c376016d5	2024-08-12 03:46:15	2024-08-11 16:41:40	2024-05-15 10:59:00	e7e94c71dd214f239201435c152aa2d4	Interest		USAA	OFX ext. info: |Trans type:Generic debit|Memo:ACH Transaction - USAA FSB ICPAYMENT 0031407426 ACH DEBIT			n	8640/100	8640/100	1970-01-01 00:00:00
C	8d07281d8a3a4739839a404c358c46ac	433abf15d007429dbe7412dd3533696c	2024-08-12 03:46:15	2024-08-11 16:41:40	2024-05-15 10:59:00	5f8cd3d7d07f4e76916a760d36c0523b	Checking Account		USAA	OFX ext. info: |Trans type:Generic debit|Memo:ACH Transaction - USAA FSB ICPAYMENT 0031407426 ACH DEBIT	ACH Transaction - USAA FSB ICPAYMENT 0031407426 ACH DEBIT		c	-33536/100	-33536/100	2024-08-11 16:42:20
===== END
===== START
B	480166dde56943a182b59db774749b27	4735b5ff0cef41c285c26108a021948d	2024-08-12 03:46:28	2024-08-11 16:41:40	2024-07-02 10:59:00	d21f7d0d27fd4d2eb27b2d994c3718b9	Car Payment		USAA	OFX ext. info: |Trans type:Generic debit|Memo:ACH Debit - Usaa Fsb  Icpayment 31407426			n	32861/100	32861/100	1970-01-01 00:00:00
B	480166dde56943a182b59db774749b27	440edbb933154fd79466c10c426f3953	2024-08-12 03:46:28	2024-08-11 16:41:40	2024-07-02 10:59:00	2affe66e455c4d78a971998e23de3f9b	Vehicle Loan Interest		USAA	OFX ext. info: |Trans type:Generic debit|Memo:ACH Debit - Usaa Fsb  Icpayment 31407426			n	8096/100	8096/100	1970-01-01 00:00:00
B	480166dde56943a182b59db774749b27	5869853d527b4e66b37d71b1e9bd1315	2024-08-12 03:46:28	2024-08-11 16:41:40	2024-07-02 10:59:00	5f8cd3d7d07f4e76916a760d36c0523b	Checking Account		USAA	OFX ext. info: |Trans type:Generic debit|Memo:ACH Debit - Usaa Fsb  Icpayment 31407426	ACH Debit - Usaa Fsb  Icpayment 31407426		c	-40957/100	-40957/100	2024-08-11 16:42:20
===== END
===== START
C	480166dde56943a182b59db774749b27	4735b5ff0cef41c285c26108a021948d	2024-08-12 03:46:39	2024-08-11 16:41:40	2024-07-02 10:59:00	2a747c08f0a34e0594789b7cdc8d292b	Principal		USAA	OFX ext. info: |Trans type:Generic debit|Memo:ACH Debit - Usaa Fsb  Icpayment 31407426			n	32861/100	32861/100	1970-01-01 00:00:00
C	480166dde56943a182b59db774749b27	440edbb933154fd79466c10c426f3953	2024-08-12 03:46:39	2024-08-11 16:41:40	2024-07-02 10:59:00	7d1c37c295d641c1837ee449ce970ab2	Interest		USAA	OFX ext. info: |Trans type:Generic debit|Memo:ACH Debit - Usaa Fsb  Icpayment 31407426			n	8096/100	8096/100	1970-01-01 00:00:00
C	480166dde56943a182b59db774749b27	5869853d527b4e66b37d71b1e9bd1315	2024-08-12 03:46:39	2024-08-11 16:41:40	2024-07-02 10:59:00	5f8cd3d7d07f4e76916a760d36c0523b	Checking Account		USAA	OFX ext. info: |Trans type:Generic debit|Memo:ACH Debit - Usaa Fsb  Icpayment 31407426	ACH Debit - Usaa Fsb  Icpayment 31407426		c	-40957/100	-40957/100	2024-08-11 16:42:20
===== END
===== START
B	e6364c24890f4be6bd24c8c910a5c498	48cf62d69ea748ceba56b2f33af59384	2024-08-12 03:46:54	2024-08-11 16:41:40	2024-07-16 10:59:00	d21f7d0d27fd4d2eb27b2d994c3718b9	Car Payment		USAA	OFX ext. info: |Trans type:Generic debit|Memo:ACH Debit - Usaa Fsb  Icpayment 31407426			n	25158/100	25158/100	1970-01-01 00:00:00
B	e6364c24890f4be6bd24c8c910a5c498	e896e1eb80ca451ebea9771e6abdfebb	2024-08-12 03:46:54	2024-08-11 16:41:40	2024-07-16 10:59:00	2affe66e455c4d78a971998e23de3f9b	Vehicle Loan Interest		USAA	OFX ext. info: |Trans type:Generic debit|Memo:ACH Debit - Usaa Fsb  Icpayment 31407426			n	8378/100	8378/100	1970-01-01 00:00:00
B	e6364c24890f4be6bd24c8c910a5c498	1bd654897b724d7aaab2ac890dbbde05	2024-08-12 03:46:54	2024-08-11 16:41:40	2024-07-16 10:59:00	5f8cd3d7d07f4e76916a760d36c0523b	Checking Account		USAA	OFX ext. info: |Trans type:Generic debit|Memo:ACH Debit - Usaa Fsb  Icpayment 31407426	ACH Debit - Usaa Fsb  Icpayment 31407426		c	-33536/100	-33536/100	2024-08-11 16:42:20
===== END
===== START
C	e6364c24890f4be6bd24c8c910a5c498	48cf62d69ea748ceba56b2f33af59384	2024-08-12 03:47:03	2024-08-11 16:41:40	2024-07-16 10:59:00	2a747c08f0a34e0594789b7cdc8d292b	Principal		USAA	OFX ext. info: |Trans type:Generic debit|Memo:ACH Debit - Usaa Fsb  Icpayment 31407426			n	25158/100	25158/100	1970-01-01 00:00:00
C	e6364c24890f4be6bd24c8c910a5c498	e896e1eb80ca451ebea9771e6abdfebb	2024-08-12 03:47:03	2024-08-11 16:41:40	2024-07-16 10:59:00	7d1c37c295d641c1837ee449ce970ab2	Interest		USAA	OFX ext. info: |Trans type:Generic debit|Memo:ACH Debit - Usaa Fsb  Icpayment 31407426			n	8378/100	8378/100	1970-01-01 00:00:00
C	e6364c24890f4be6bd24c8c910a5c498	1bd654897b724d7aaab2ac890dbbde05	2024-08-12 03:47:03	2024-08-11 16:41:40	2024-07-16 10:59:00	5f8cd3d7d07f4e76916a760d36c0523b	Checking Account		USAA	OFX ext. info: |Trans type:Generic debit|Memo:ACH Debit - Usaa Fsb  Icpayment 31407426	ACH Debit - Usaa Fsb  Icpayment 31407426		c	-33536/100	-33536/100	2024-08-11 16:42:20
===== END
===== START
B	3d984571a03741cc950f4398af2bba69	0becc4ad82e341f381a41c1d4c21e92e	2024-08-12 03:47:21	2024-08-11 16:41:40	2024-08-01 10:59:00	d21f7d0d27fd4d2eb27b2d994c3718b9	Car Payment		USAA	OFX ext. info: |Trans type:Generic debit|Memo:ACH Debit - Usaa Fsb  Icpayment 31407426			n	32744/100	32744/100	1970-01-01 00:00:00
B	3d984571a03741cc950f4398af2bba69	5175f33618524809a40d18f32b19c9dd	2024-08-12 03:47:21	2024-08-11 16:41:40	2024-08-01 10:59:00	2affe66e455c4d78a971998e23de3f9b	Vehicle Loan Interest		USAA	OFX ext. info: |Trans type:Generic debit|Memo:ACH Debit - Usaa Fsb  Icpayment 31407426			n	8213/100	8213/100	1970-01-01 00:00:00
B	3d984571a03741cc950f4398af2bba69	26188619ee83469ca350bae88503e88a	2024-08-12 03:47:21	2024-08-11 16:41:40	2024-08-01 10:59:00	5f8cd3d7d07f4e76916a760d36c0523b	Checking Account		USAA	OFX ext. info: |Trans type:Generic debit|Memo:ACH Debit - Usaa Fsb  Icpayment 31407426	ACH Debit - Usaa Fsb  Icpayment 31407426		c	-40957/100	-40957/100	2024-08-11 16:42:20
===== END
===== START
C	3d984571a03741cc950f4398af2bba69	0becc4ad82e341f381a41c1d4c21e92e	2024-08-12 03:47:21	2024-08-11 16:41:40	2024-08-01 10:59:00	2a747c08f0a34e0594789b7cdc8d292b	Principal		USAA	OFX ext. info: |Trans type:Generic debit|Memo:ACH Debit - Usaa Fsb  Icpayment 31407426			n	32744/100	32744/100	1970-01-01 00:00:00
C	3d984571a03741cc950f4398af2bba69	5175f33618524809a40d18f32b19c9dd	2024-08-12 03:47:21	2024-08-11 16:41:40	2024-08-01 10:59:00	2affe66e455c4d78a971998e23de3f9b	Vehicle Loan Interest		USAA	OFX ext. info: |Trans type:Generic debit|Memo:ACH Debit - Usaa Fsb  Icpayment 31407426			n	8213/100	8213/100	1970-01-01 00:00:00
C	3d984571a03741cc950f4398af2bba69	26188619ee83469ca350bae88503e88a	2024-08-12 03:47:21	2024-08-11 16:41:40	2024-08-01 10:59:00	5f8cd3d7d07f4e76916a760d36c0523b	Checking Account		USAA	OFX ext. info: |Trans type:Generic debit|Memo:ACH Debit - Usaa Fsb  Icpayment 31407426	ACH Debit - Usaa Fsb  Icpayment 31407426		c	-40957/100	-40957/100	2024-08-11 16:42:20
===== END
===== START
===== END
===== START
B	e6364c24890f4be6bd24c8c910a5c498	48cf62d69ea748ceba56b2f33af59384	2024-08-12 03:48:16	2024-08-11 16:41:40	2024-07-16 10:59:00	2a747c08f0a34e0594789b7cdc8d292b	Principal		USAA	OFX ext. info: |Trans type:Generic debit|Memo:ACH Debit - Usaa Fsb  Icpayment 31407426			n	25158/100	25158/100	1970-01-01 00:00:00
B	e6364c24890f4be6bd24c8c910a5c498	e896e1eb80ca451ebea9771e6abdfebb	2024-08-12 03:48:16	2024-08-11 16:41:40	2024-07-16 10:59:00	7d1c37c295d641c1837ee449ce970ab2	Interest		USAA	OFX ext. info: |Trans type:Generic debit|Memo:ACH Debit - Usaa Fsb  Icpayment 31407426			n	8378/100	8378/100	1970-01-01 00:00:00
B	e6364c24890f4be6bd24c8c910a5c498	1bd654897b724d7aaab2ac890dbbde05	2024-08-12 03:48:16	2024-08-11 16:41:40	2024-07-16 10:59:00	5f8cd3d7d07f4e76916a760d36c0523b	Checking Account		USAA	OFX ext. info: |Trans type:Generic debit|Memo:ACH Debit - Usaa Fsb  Icpayment 31407426	ACH Debit - Usaa Fsb  Icpayment 31407426		c	-33536/100	-33536/100	2024-08-11 16:42:20
===== END
===== START
C	e6364c24890f4be6bd24c8c910a5c498	48cf62d69ea748ceba56b2f33af59384	2024-08-12 03:49:08	2024-08-11 16:41:40	2024-07-16 10:59:00	2a747c08f0a34e0594789b7cdc8d292b	Principal		USAA	OFX ext. info: |Trans type:Generic debit|Memo:ACH Debit - Usaa Fsb  Icpayment 31407426			n	25158/100	25158/100	1970-01-01 00:00:00
C	e6364c24890f4be6bd24c8c910a5c498	e896e1eb80ca451ebea9771e6abdfebb	2024-08-12 03:49:08	2024-08-11 16:41:40	2024-07-16 10:59:00	e7e94c71dd214f239201435c152aa2d4	Interest		USAA	OFX ext. info: |Trans type:Generic debit|Memo:ACH Debit - Usaa Fsb  Icpayment 31407426			n	8378/100	8378/100	1970-01-01 00:00:00
C	e6364c24890f4be6bd24c8c910a5c498	1bd654897b724d7aaab2ac890dbbde05	2024-08-12 03:49:08	2024-08-11 16:41:40	2024-07-16 10:59:00	5f8cd3d7d07f4e76916a760d36c0523b	Checking Account		USAA	OFX ext. info: |Trans type:Generic debit|Memo:ACH Debit - Usaa Fsb  Icpayment 31407426	ACH Debit - Usaa Fsb  Icpayment 31407426		c	-33536/100	-33536/100	2024-08-11 16:42:20
===== END
===== START
B	e6364c24890f4be6bd24c8c910a5c498	48cf62d69ea748ceba56b2f33af59384	2024-08-12 03:49:11	2024-08-11 16:41:40	2024-07-16 10:59:00	2a747c08f0a34e0594789b7cdc8d292b	Principal		USAA	OFX ext. info: |Trans type:Generic debit|Memo:ACH Debit - Usaa Fsb  Icpayment 31407426			n	25158/100	25158/100	1970-01-01 00:00:00
B	e6364c24890f4be6bd24c8c910a5c498	e896e1eb80ca451ebea9771e6abdfebb	2024-08-12 03:49:11	2024-08-11 16:41:40	2024-07-16 10:59:00	e7e94c71dd214f239201435c152aa2d4	Interest		USAA	OFX ext. info: |Trans type:Generic debit|Memo:ACH Debit - Usaa Fsb  Icpayment 31407426			n	8378/100	8378/100	1970-01-01 00:00:00
B	e6364c24890f4be6bd24c8c910a5c498	1bd654897b724d7aaab2ac890dbbde05	2024-08-12 03:49:11	2024-08-11 16:41:40	2024-07-16 10:59:00	5f8cd3d7d07f4e76916a760d36c0523b	Checking Account		USAA	OFX ext. info: |Trans type:Generic debit|Memo:ACH Debit - Usaa Fsb  Icpayment 31407426	ACH Debit - Usaa Fsb  Icpayment 31407426		c	-33536/100	-33536/100	2024-08-11 16:42:20
===== END
===== START
C	e6364c24890f4be6bd24c8c910a5c498	48cf62d69ea748ceba56b2f33af59384	2024-08-12 03:49:50	2024-08-11 16:41:40	2024-07-16 10:59:00	6939935e25c74abc830e50d2fe4f7ba9	Principal		USAA	OFX ext. info: |Trans type:Generic debit|Memo:ACH Debit - Usaa Fsb  Icpayment 31407426			n	25158/100	25158/100	1970-01-01 00:00:00
C	e6364c24890f4be6bd24c8c910a5c498	e896e1eb80ca451ebea9771e6abdfebb	2024-08-12 03:49:50	2024-08-11 16:41:40	2024-07-16 10:59:00	e7e94c71dd214f239201435c152aa2d4	Interest		USAA	OFX ext. info: |Trans type:Generic debit|Memo:ACH Debit - Usaa Fsb  Icpayment 31407426			n	8378/100	8378/100	1970-01-01 00:00:00
C	e6364c24890f4be6bd24c8c910a5c498	1bd654897b724d7aaab2ac890dbbde05	2024-08-12 03:49:50	2024-08-11 16:41:40	2024-07-16 10:59:00	5f8cd3d7d07f4e76916a760d36c0523b	Checking Account		USAA	OFX ext. info: |Trans type:Generic debit|Memo:ACH Debit - Usaa Fsb  Icpayment 31407426	ACH Debit - Usaa Fsb  Icpayment 31407426	Expenses:Home:Mortgage:Principal Add.Expenses:Home:Mortgage:Principal Add.	c	-33536/100	-33536/100	2024-08-11 16:42:20
===== END
===== START
===== END
