mod	trans_guid	split_guid	time_now	date_entered	date_posted	acc_guid	acc_name	num	description	notes	memo	action	reconciled	amount	value	date_reconciled
-----------------
===== START
B	eb7dcc641c0748f7bb520d0423d1a5df	0674dfb3850a4fafa6a7700332f8b7b0	2024-08-11 20:29:28	2024-08-11 19:49:23	2024-04-08 10:59:00	3323a52a32464e5db6926fdc8fbced8f	Imbalance-USD		Bath & Body Works	OFX ext. info: |Trans type:Generic debit|Memo:bathandbodyworks.com Reynoldsburg OH - 4430			n	5592/100	5592/100	1970-01-01 00:00:00
B	eb7dcc641c0748f7bb520d0423d1a5df	476f6a08ec4d4f28981e1e5e8500e257	2024-08-11 20:29:28	2024-08-11 19:49:23	2024-04-08 10:59:00	48c0a9bb8af04622bbb5c2e2aac3f735	Navy Rewards Card		Bath & Body Works	OFX ext. info: |Trans type:Generic debit|Memo:bathandbodyworks.com Reynoldsburg OH - 4430	bathandbodyworks.com Reynoldsburg OH - 4430		c	-5592/100	-5592/100	2024-08-11 20:19:10
===== END
===== START
C	eb7dcc641c0748f7bb520d0423d1a5df	0674dfb3850a4fafa6a7700332f8b7b0	2024-08-11 20:29:28	2024-08-11 19:49:23	2024-04-08 10:59:00	f51833ab51c446f28a6ab0d10a773759	Miscellaneous		Bath & Body Works	OFX ext. info: |Trans type:Generic debit|Memo:bathandbodyworks.com Reynoldsburg OH - 4430			n	5592/100	5592/100	1970-01-01 00:00:00
C	eb7dcc641c0748f7bb520d0423d1a5df	476f6a08ec4d4f28981e1e5e8500e257	2024-08-11 20:29:28	2024-08-11 19:49:23	2024-04-08 10:59:00	48c0a9bb8af04622bbb5c2e2aac3f735	Navy Rewards Card		Bath & Body Works	OFX ext. info: |Trans type:Generic debit|Memo:bathandbodyworks.com Reynoldsburg OH - 4430	bathandbodyworks.com Reynoldsburg OH - 4430		c	-5592/100	-5592/100	2024-08-11 20:19:10
===== END
===== START
B	c4225c142f1b4132a445da04485f2ad8	1991606036aa4527beb5424d9164dec6	2024-08-11 20:29:31	2024-08-11 19:49:23	2024-04-08 10:59:00	3323a52a32464e5db6926fdc8fbced8f	Imbalance-USD		Chevron	OFX ext. info: |Trans type:Generic debit|Memo:CHEVRON 0379725 TUCSON AZ - 0001			n	4144/100	4144/100	1970-01-01 00:00:00
B	c4225c142f1b4132a445da04485f2ad8	3875dc2859f04da585fa59afacff8ce7	2024-08-11 20:29:31	2024-08-11 19:49:23	2024-04-08 10:59:00	48c0a9bb8af04622bbb5c2e2aac3f735	Navy Rewards Card		Chevron	OFX ext. info: |Trans type:Generic debit|Memo:CHEVRON 0379725 TUCSON AZ - 0001	CHEVRON 0379725 TUCSON AZ - 0001		c	-4144/100	-4144/100	2024-08-11 20:19:10
===== END
===== START
C	c4225c142f1b4132a445da04485f2ad8	1991606036aa4527beb5424d9164dec6	2024-08-11 20:29:31	2024-08-11 19:49:23	2024-04-08 10:59:00	8e074199bfaa4e0aae7c0e094b0ccf9e	Gas		Chevron	OFX ext. info: |Trans type:Generic debit|Memo:CHEVRON 0379725 TUCSON AZ - 0001			n	4144/100	4144/100	1970-01-01 00:00:00
C	c4225c142f1b4132a445da04485f2ad8	3875dc2859f04da585fa59afacff8ce7	2024-08-11 20:29:31	2024-08-11 19:49:23	2024-04-08 10:59:00	48c0a9bb8af04622bbb5c2e2aac3f735	Navy Rewards Card		Chevron	OFX ext. info: |Trans type:Generic debit|Memo:CHEVRON 0379725 TUCSON AZ - 0001	CHEVRON 0379725 TUCSON AZ - 0001		c	-4144/100	-4144/100	2024-08-11 20:19:10
===== END
===== START
B	b22eebf8efaa4f3faa5083556a40670f	3c39776b53344de984a23f58e6fe6044	2024-08-11 20:29:34	2024-08-11 19:49:23	2024-04-08 10:59:00	3323a52a32464e5db6926fdc8fbced8f	Imbalance-USD		Delta Air Lines	OFX ext. info: |Trans type:Generic debit|Memo:DELTA AIR 0062225269782800-2211212 CA - 0001			n	560/100	560/100	1970-01-01 00:00:00
B	b22eebf8efaa4f3faa5083556a40670f	1165f1d954a24109981e1117e58238d8	2024-08-11 20:29:34	2024-08-11 19:49:23	2024-04-08 10:59:00	48c0a9bb8af04622bbb5c2e2aac3f735	Navy Rewards Card		Delta Air Lines	OFX ext. info: |Trans type:Generic debit|Memo:DELTA AIR 0062225269782800-2211212 CA - 0001	DELTA AIR 0062225269782800-2211212 CA - 0001		c	-560/100	-560/100	2024-08-11 20:19:10
===== END
===== START
C	b22eebf8efaa4f3faa5083556a40670f	3c39776b53344de984a23f58e6fe6044	2024-08-11 20:29:34	2024-08-11 19:49:23	2024-04-08 10:59:00	39523e58dddf4d9c83c3a995e932b37f	Travel		Delta Air Lines	OFX ext. info: |Trans type:Generic debit|Memo:DELTA AIR 0062225269782800-2211212 CA - 0001			n	560/100	560/100	1970-01-01 00:00:00
C	b22eebf8efaa4f3faa5083556a40670f	1165f1d954a24109981e1117e58238d8	2024-08-11 20:29:34	2024-08-11 19:49:23	2024-04-08 10:59:00	48c0a9bb8af04622bbb5c2e2aac3f735	Navy Rewards Card		Delta Air Lines	OFX ext. info: |Trans type:Generic debit|Memo:DELTA AIR 0062225269782800-2211212 CA - 0001	DELTA AIR 0062225269782800-2211212 CA - 0001		c	-560/100	-560/100	2024-08-11 20:19:10
===== END
===== START
B	35368003c2ad462ba3a17e99bb0bd88d	0b6f4d65505a4822953ef8e4d9a18381	2024-08-11 20:29:40	2024-08-11 19:49:23	2024-04-08 10:59:00	3323a52a32464e5db6926fdc8fbced8f	Imbalance-USD		GoTucson - Parking XX-2500 NC -	OFX ext. info: |Trans type:Generic debit|Memo:GoTucson - Parking 704-817-2500 NC - 0001			n	230/100	230/100	1970-01-01 00:00:00
B	35368003c2ad462ba3a17e99bb0bd88d	81fb9498eacb4fefbf26631ee835d339	2024-08-11 20:29:40	2024-08-11 19:49:23	2024-04-08 10:59:00	48c0a9bb8af04622bbb5c2e2aac3f735	Navy Rewards Card		GoTucson - Parking XX-2500 NC -	OFX ext. info: |Trans type:Generic debit|Memo:GoTucson - Parking 704-817-2500 NC - 0001	GoTucson - Parking 704-817-2500 NC - 0001		c	-230/100	-230/100	2024-08-11 20:19:10
===== END
===== START
C	35368003c2ad462ba3a17e99bb0bd88d	0b6f4d65505a4822953ef8e4d9a18381	2024-08-11 20:29:40	2024-08-11 19:49:23	2024-04-08 10:59:00	39523e58dddf4d9c83c3a995e932b37f	Travel		GoTucson - Parking XX-2500 NC -	OFX ext. info: |Trans type:Generic debit|Memo:GoTucson - Parking 704-817-2500 NC - 0001			n	230/100	230/100	1970-01-01 00:00:00
C	35368003c2ad462ba3a17e99bb0bd88d	81fb9498eacb4fefbf26631ee835d339	2024-08-11 20:29:40	2024-08-11 19:49:23	2024-04-08 10:59:00	48c0a9bb8af04622bbb5c2e2aac3f735	Navy Rewards Card		GoTucson - Parking XX-2500 NC -	OFX ext. info: |Trans type:Generic debit|Memo:GoTucson - Parking 704-817-2500 NC - 0001	GoTucson - Parking 704-817-2500 NC - 0001		c	-230/100	-230/100	2024-08-11 20:19:10
===== END
===== START
B	360e12d7723942f4b2bacb3e8584e493	4d7b5183528840c692f4a92359034fcc	2024-08-11 20:29:44	2024-08-11 19:49:23	2024-04-08 10:59:00	3323a52a32464e5db6926fdc8fbced8f	Imbalance-USD		LS CREATIVE KIND XX8197 AZ - 443	OFX ext. info: |Trans type:Generic debit|Memo:LS CREATIVE KIND 152-03898197 AZ - 4430			n	4032/100	4032/100	1970-01-01 00:00:00
B	360e12d7723942f4b2bacb3e8584e493	f3c72db009644c53becb683613f2c4e0	2024-08-11 20:29:44	2024-08-11 19:49:23	2024-04-08 10:59:00	48c0a9bb8af04622bbb5c2e2aac3f735	Navy Rewards Card		LS CREATIVE KIND XX8197 AZ - 443	OFX ext. info: |Trans type:Generic debit|Memo:LS CREATIVE KIND 152-03898197 AZ - 4430	LS CREATIVE KIND 152-03898197 AZ - 4430		c	-4032/100	-4032/100	2024-08-11 20:19:10
===== END
===== START
C	360e12d7723942f4b2bacb3e8584e493	4d7b5183528840c692f4a92359034fcc	2024-08-11 20:29:44	2024-08-11 19:49:23	2024-04-08 10:59:00	f51833ab51c446f28a6ab0d10a773759	Miscellaneous		LS CREATIVE KIND XX8197 AZ - 443	OFX ext. info: |Trans type:Generic debit|Memo:LS CREATIVE KIND 152-03898197 AZ - 4430			n	4032/100	4032/100	1970-01-01 00:00:00
C	360e12d7723942f4b2bacb3e8584e493	f3c72db009644c53becb683613f2c4e0	2024-08-11 20:29:44	2024-08-11 19:49:23	2024-04-08 10:59:00	48c0a9bb8af04622bbb5c2e2aac3f735	Navy Rewards Card		LS CREATIVE KIND XX8197 AZ - 443	OFX ext. info: |Trans type:Generic debit|Memo:LS CREATIVE KIND 152-03898197 AZ - 4430	LS CREATIVE KIND 152-03898197 AZ - 4430		c	-4032/100	-4032/100	2024-08-11 20:19:10
===== END
===== START
B	7e1474c59fc247539173838d12daf0af	6c58ec889f764743b9cbb353758da12a	2024-08-11 20:29:47	2024-08-11 19:49:23	2024-04-08 10:59:00	3323a52a32464e5db6926fdc8fbced8f	Imbalance-USD		McDonald's	OFX ext. info: |Trans type:Generic debit|Memo:McDonalds 39562 TUCSON AZ - 0001			n	455/100	455/100	1970-01-01 00:00:00
B	7e1474c59fc247539173838d12daf0af	b6ed6ebef7054a47b19201f39762c55c	2024-08-11 20:29:47	2024-08-11 19:49:23	2024-04-08 10:59:00	48c0a9bb8af04622bbb5c2e2aac3f735	Navy Rewards Card		McDonald's	OFX ext. info: |Trans type:Generic debit|Memo:McDonalds 39562 TUCSON AZ - 0001	McDonalds 39562 TUCSON AZ - 0001		c	-455/100	-455/100	2024-08-11 20:19:10
===== END
===== START
C	7e1474c59fc247539173838d12daf0af	6c58ec889f764743b9cbb353758da12a	2024-08-11 20:29:47	2024-08-11 19:49:23	2024-04-08 10:59:00	7c452bea58344d23b0f556cf05df9fe0	Dining		McDonald's	OFX ext. info: |Trans type:Generic debit|Memo:McDonalds 39562 TUCSON AZ - 0001			n	455/100	455/100	1970-01-01 00:00:00
C	7e1474c59fc247539173838d12daf0af	b6ed6ebef7054a47b19201f39762c55c	2024-08-11 20:29:47	2024-08-11 19:49:23	2024-04-08 10:59:00	48c0a9bb8af04622bbb5c2e2aac3f735	Navy Rewards Card		McDonald's	OFX ext. info: |Trans type:Generic debit|Memo:McDonalds 39562 TUCSON AZ - 0001	McDonalds 39562 TUCSON AZ - 0001		c	-455/100	-455/100	2024-08-11 20:19:10
===== END
===== START
B	8adba3f71e4a4e44a27e44a284fa3070	60c3dcb790d94d1aaa6c6c27d33c3e53	2024-08-11 20:29:53	2024-08-11 19:49:23	2024-04-08 10:59:00	3feaad255df249169127e590b1602cd7	Subscriptions		Payment to Youtube Premium	OFX ext. info: |Trans type:Generic debit|Memo:GOOGLE *YouTubePremium g.co/helppay#CA - 0001			n	1594/100	1594/100	1970-01-01 00:00:00
B	8adba3f71e4a4e44a27e44a284fa3070	1aa250c86c794ef699dbd08a8c9f53aa	2024-08-11 20:29:53	2024-08-11 19:49:23	2024-04-08 10:59:00	48c0a9bb8af04622bbb5c2e2aac3f735	Navy Rewards Card		Payment to Youtube Premium	OFX ext. info: |Trans type:Generic debit|Memo:GOOGLE *YouTubePremium g.co/helppay#CA - 0001	GOOGLE *YouTubePremium g.co/helppay#CA - 0001		c	-1594/100	-1594/100	2024-08-11 20:19:10
===== END
===== START
C	8adba3f71e4a4e44a27e44a284fa3070	60c3dcb790d94d1aaa6c6c27d33c3e53	2024-08-11 20:29:53	2024-08-11 19:49:23	2024-04-08 10:59:00	3feaad255df249169127e590b1602cd7	Subscriptions		Payment to Youtube Premium	OFX ext. info: |Trans type:Generic debit|Memo:GOOGLE *YouTubePremium g.co/helppay#CA - 0001			n	1594/100	1594/100	1970-01-01 00:00:00
C	8adba3f71e4a4e44a27e44a284fa3070	1aa250c86c794ef699dbd08a8c9f53aa	2024-08-11 20:29:53	2024-08-11 19:49:23	2024-04-08 10:59:00	48c0a9bb8af04622bbb5c2e2aac3f735	Navy Rewards Card		Payment to Youtube Premium	OFX ext. info: |Trans type:Generic debit|Memo:GOOGLE *YouTubePremium g.co/helppay#CA - 0001	GOOGLE *YouTubePremium g.co/helppay#CA - 0001		c	-1594/100	-1594/100	2024-08-11 20:19:10
===== END
===== START
B	bb37c00eee4e4b0097ce38b7a1c54d49	dee3388211454bbdbeca521571ae4571	2024-08-11 20:29:56	2024-08-11 19:49:23	2024-04-08 10:59:00	3323a52a32464e5db6926fdc8fbced8f	Imbalance-USD		PIMA CNTY PARKING GARAGE TUCSON	OFX ext. info: |Trans type:Generic debit|Memo:PIMA CNTY PARKING GARAGE TUCSON AZ - 0001			n	200/100	200/100	1970-01-01 00:00:00
B	bb37c00eee4e4b0097ce38b7a1c54d49	f49c97f1aeff4afeae655ce7d4f8c6f5	2024-08-11 20:29:56	2024-08-11 19:49:23	2024-04-08 10:59:00	48c0a9bb8af04622bbb5c2e2aac3f735	Navy Rewards Card		PIMA CNTY PARKING GARAGE TUCSON	OFX ext. info: |Trans type:Generic debit|Memo:PIMA CNTY PARKING GARAGE TUCSON AZ - 0001	PIMA CNTY PARKING GARAGE TUCSON AZ - 0001		c	-200/100	-200/100	2024-08-11 20:19:10
===== END
===== START
C	bb37c00eee4e4b0097ce38b7a1c54d49	dee3388211454bbdbeca521571ae4571	2024-08-11 20:29:56	2024-08-11 19:49:23	2024-04-08 10:59:00	39523e58dddf4d9c83c3a995e932b37f	Travel		PIMA CNTY PARKING GARAGE TUCSON	OFX ext. info: |Trans type:Generic debit|Memo:PIMA CNTY PARKING GARAGE TUCSON AZ - 0001			n	200/100	200/100	1970-01-01 00:00:00
C	bb37c00eee4e4b0097ce38b7a1c54d49	f49c97f1aeff4afeae655ce7d4f8c6f5	2024-08-11 20:29:56	2024-08-11 19:49:23	2024-04-08 10:59:00	48c0a9bb8af04622bbb5c2e2aac3f735	Navy Rewards Card		PIMA CNTY PARKING GARAGE TUCSON	OFX ext. info: |Trans type:Generic debit|Memo:PIMA CNTY PARKING GARAGE TUCSON AZ - 0001	PIMA CNTY PARKING GARAGE TUCSON AZ - 0001		c	-200/100	-200/100	2024-08-11 20:19:10
===== END
===== START
B	511f65ef6bac44208206069efd7fade8	f8f86bca556a4c319bcd84c8788e16e8	2024-08-11 20:29:59	2024-08-11 19:49:23	2024-04-08 10:59:00	3323a52a32464e5db6926fdc8fbced8f	Imbalance-USD		SQ *BORDERLANDS BREWING CTucson	OFX ext. info: |Trans type:Generic debit|Memo:SQ *BORDERLANDS BREWING CTucson AZ - 0001			n	1625/100	1625/100	1970-01-01 00:00:00
B	511f65ef6bac44208206069efd7fade8	2fe45ea0334540ea81fea243d25d2641	2024-08-11 20:29:59	2024-08-11 19:49:23	2024-04-08 10:59:00	48c0a9bb8af04622bbb5c2e2aac3f735	Navy Rewards Card		SQ *BORDERLANDS BREWING CTucson	OFX ext. info: |Trans type:Generic debit|Memo:SQ *BORDERLANDS BREWING CTucson AZ - 0001	SQ *BORDERLANDS BREWING CTucson AZ - 0001		c	-1625/100	-1625/100	2024-08-11 20:19:10
===== END
===== START
C	511f65ef6bac44208206069efd7fade8	f8f86bca556a4c319bcd84c8788e16e8	2024-08-11 20:29:59	2024-08-11 19:49:23	2024-04-08 10:59:00	7c452bea58344d23b0f556cf05df9fe0	Dining		SQ *BORDERLANDS BREWING CTucson	OFX ext. info: |Trans type:Generic debit|Memo:SQ *BORDERLANDS BREWING CTucson AZ - 0001			n	1625/100	1625/100	1970-01-01 00:00:00
C	511f65ef6bac44208206069efd7fade8	2fe45ea0334540ea81fea243d25d2641	2024-08-11 20:29:59	2024-08-11 19:49:23	2024-04-08 10:59:00	48c0a9bb8af04622bbb5c2e2aac3f735	Navy Rewards Card		SQ *BORDERLANDS BREWING CTucson	OFX ext. info: |Trans type:Generic debit|Memo:SQ *BORDERLANDS BREWING CTucson AZ - 0001	SQ *BORDERLANDS BREWING CTucson AZ - 0001		c	-1625/100	-1625/100	2024-08-11 20:19:10
===== END
===== START
B	d51b61d616b64093a13bf23775ab8e5b	048bc5b4eda5488ca5eb4db3c9694a2a	2024-08-11 20:30:02	2024-08-11 19:49:23	2024-04-08 10:59:00	3323a52a32464e5db6926fdc8fbced8f	Imbalance-USD		SQ *CROOKED TOOTH BREWINGTucson	OFX ext. info: |Trans type:Generic debit|Memo:SQ *CROOKED TOOTH BREWINGTucson AZ - 0001			n	1874/100	1874/100	1970-01-01 00:00:00
B	d51b61d616b64093a13bf23775ab8e5b	f58266f4aa9f423fbf64a050bd46f98d	2024-08-11 20:30:02	2024-08-11 19:49:23	2024-04-08 10:59:00	48c0a9bb8af04622bbb5c2e2aac3f735	Navy Rewards Card		SQ *CROOKED TOOTH BREWINGTucson	OFX ext. info: |Trans type:Generic debit|Memo:SQ *CROOKED TOOTH BREWINGTucson AZ - 0001	SQ *CROOKED TOOTH BREWINGTucson AZ - 0001		c	-1874/100	-1874/100	2024-08-11 20:19:10
===== END
===== START
C	d51b61d616b64093a13bf23775ab8e5b	048bc5b4eda5488ca5eb4db3c9694a2a	2024-08-11 20:30:02	2024-08-11 19:49:23	2024-04-08 10:59:00	7c452bea58344d23b0f556cf05df9fe0	Dining		SQ *CROOKED TOOTH BREWINGTucson	OFX ext. info: |Trans type:Generic debit|Memo:SQ *CROOKED TOOTH BREWINGTucson AZ - 0001			n	1874/100	1874/100	1970-01-01 00:00:00
C	d51b61d616b64093a13bf23775ab8e5b	f58266f4aa9f423fbf64a050bd46f98d	2024-08-11 20:30:02	2024-08-11 19:49:23	2024-04-08 10:59:00	48c0a9bb8af04622bbb5c2e2aac3f735	Navy Rewards Card		SQ *CROOKED TOOTH BREWINGTucson	OFX ext. info: |Trans type:Generic debit|Memo:SQ *CROOKED TOOTH BREWINGTucson AZ - 0001	SQ *CROOKED TOOTH BREWINGTucson AZ - 0001		c	-1874/100	-1874/100	2024-08-11 20:19:10
===== END
===== START
B	11d4a3da555045978f9c380574ca0b2c	002c83a4cf174b349ee6b644f7259352	2024-08-11 20:32:33	2024-08-11 19:49:23	2024-04-08 10:59:00	f51833ab51c446f28a6ab0d10a773759	Miscellaneous		Steamgames	OFX ext. info: |Trans type:Generic debit|Memo:STEAMGAMES.COM 4259522985425-8899642 WA - 4430			n	756/100	756/100	1970-01-01 00:00:00
B	11d4a3da555045978f9c380574ca0b2c	bd8f4b20c0b54714a4604723056ac0e4	2024-08-11 20:32:33	2024-08-11 19:49:23	2024-04-08 10:59:00	48c0a9bb8af04622bbb5c2e2aac3f735	Navy Rewards Card		Steamgames	OFX ext. info: |Trans type:Generic debit|Memo:STEAMGAMES.COM 4259522985425-8899642 WA - 4430	STEAMGAMES.COM 4259522985425-8899642 WA - 4430		c	-756/100	-756/100	2024-08-11 20:19:10
===== END
===== START
C	11d4a3da555045978f9c380574ca0b2c	002c83a4cf174b349ee6b644f7259352	2024-08-11 20:32:33	2024-08-11 19:49:23	2024-04-08 10:59:00	bbed357c20cf4671bd7d4c792f540180	Recreation		Steamgames	OFX ext. info: |Trans type:Generic debit|Memo:STEAMGAMES.COM 4259522985425-8899642 WA - 4430			n	756/100	756/100	1970-01-01 00:00:00
C	11d4a3da555045978f9c380574ca0b2c	bd8f4b20c0b54714a4604723056ac0e4	2024-08-11 20:32:33	2024-08-11 19:49:23	2024-04-08 10:59:00	48c0a9bb8af04622bbb5c2e2aac3f735	Navy Rewards Card		Steamgames	OFX ext. info: |Trans type:Generic debit|Memo:STEAMGAMES.COM 4259522985425-8899642 WA - 4430	STEAMGAMES.COM 4259522985425-8899642 WA - 4430		c	-756/100	-756/100	2024-08-11 20:19:10
===== END
===== START
B	67b9eac5dbc940ae862f93c92b609ab9	559fb15f0cbc423b91f74e967d29f973	2024-08-11 20:32:48	2024-08-11 19:49:23	2024-04-08 10:59:00	3323a52a32464e5db6926fdc8fbced8f	Imbalance-USD		TST* REFORMA MODERN MEXICTucson	OFX ext. info: |Trans type:Generic debit|Memo:TST* REFORMA MODERN MEXICTucson AZ - 0001			n	3106/100	3106/100	1970-01-01 00:00:00
B	67b9eac5dbc940ae862f93c92b609ab9	88a5750041234c8c873287305836081b	2024-08-11 20:32:48	2024-08-11 19:49:23	2024-04-08 10:59:00	48c0a9bb8af04622bbb5c2e2aac3f735	Navy Rewards Card		TST* REFORMA MODERN MEXICTucson	OFX ext. info: |Trans type:Generic debit|Memo:TST* REFORMA MODERN MEXICTucson AZ - 0001	TST* REFORMA MODERN MEXICTucson AZ - 0001		c	-3106/100	-3106/100	2024-08-11 20:19:10
===== END
===== START
C	67b9eac5dbc940ae862f93c92b609ab9	559fb15f0cbc423b91f74e967d29f973	2024-08-11 20:32:48	2024-08-11 19:49:23	2024-04-08 10:59:00	7c452bea58344d23b0f556cf05df9fe0	Dining		TST* REFORMA MODERN MEXICTucson	OFX ext. info: |Trans type:Generic debit|Memo:TST* REFORMA MODERN MEXICTucson AZ - 0001			n	3106/100	3106/100	1970-01-01 00:00:00
C	67b9eac5dbc940ae862f93c92b609ab9	88a5750041234c8c873287305836081b	2024-08-11 20:32:48	2024-08-11 19:49:23	2024-04-08 10:59:00	48c0a9bb8af04622bbb5c2e2aac3f735	Navy Rewards Card		TST* REFORMA MODERN MEXICTucson	OFX ext. info: |Trans type:Generic debit|Memo:TST* REFORMA MODERN MEXICTucson AZ - 0001	TST* REFORMA MODERN MEXICTucson AZ - 0001		c	-3106/100	-3106/100	2024-08-11 20:19:10
===== END
===== START
B	835fdf6dd2a24f208416d8dfcb27f2d8	298164e2a3db47e19432dbbad7458e3d	2024-08-11 20:32:52	2024-08-11 19:49:23	2024-04-09 10:59:00	3323a52a32464e5db6926fdc8fbced8f	Imbalance-USD		Amazon	OFX ext. info: |Trans type:Generic debit|Memo:Amazon.com*G169O3FU3 Amzn.com/billWA - 0001			n	945/100	945/100	1970-01-01 00:00:00
B	835fdf6dd2a24f208416d8dfcb27f2d8	be443a6306e4443c9313e4a2f3333d51	2024-08-11 20:32:52	2024-08-11 19:49:23	2024-04-09 10:59:00	48c0a9bb8af04622bbb5c2e2aac3f735	Navy Rewards Card		Amazon	OFX ext. info: |Trans type:Generic debit|Memo:Amazon.com*G169O3FU3 Amzn.com/billWA - 0001	Amazon.com*G169O3FU3 Amzn.com/billWA - 0001		c	-945/100	-945/100	2024-08-11 20:19:10
===== END
===== START
C	835fdf6dd2a24f208416d8dfcb27f2d8	298164e2a3db47e19432dbbad7458e3d	2024-08-11 20:32:52	2024-08-11 19:49:23	2024-04-09 10:59:00	f51833ab51c446f28a6ab0d10a773759	Miscellaneous		Amazon	OFX ext. info: |Trans type:Generic debit|Memo:Amazon.com*G169O3FU3 Amzn.com/billWA - 0001			n	945/100	945/100	1970-01-01 00:00:00
C	835fdf6dd2a24f208416d8dfcb27f2d8	be443a6306e4443c9313e4a2f3333d51	2024-08-11 20:32:52	2024-08-11 19:49:23	2024-04-09 10:59:00	48c0a9bb8af04622bbb5c2e2aac3f735	Navy Rewards Card		Amazon	OFX ext. info: |Trans type:Generic debit|Memo:Amazon.com*G169O3FU3 Amzn.com/billWA - 0001	Amazon.com*G169O3FU3 Amzn.com/billWA - 0001		c	-945/100	-945/100	2024-08-11 20:19:10
===== END
===== START
B	409fb60681944b57b8a7cb78d825f49b	3ff176ac93cb439faf0cd002447d10ae	2024-08-11 20:33:02	2024-08-11 19:49:23	2024-04-09 10:59:00	3323a52a32464e5db6926fdc8fbced8f	Imbalance-USD		USPS	OFX ext. info: |Trans type:Generic debit|Memo:USPS PO 0388850743 TUCSON AZ - 4430			n	2365/100	2365/100	1970-01-01 00:00:00
B	409fb60681944b57b8a7cb78d825f49b	f00bbda6050340d5ac7b130d6cfd6531	2024-08-11 20:33:02	2024-08-11 19:49:23	2024-04-09 10:59:00	48c0a9bb8af04622bbb5c2e2aac3f735	Navy Rewards Card		USPS	OFX ext. info: |Trans type:Generic debit|Memo:USPS PO 0388850743 TUCSON AZ - 4430	USPS PO 0388850743 TUCSON AZ - 4430		c	-2365/100	-2365/100	2024-08-11 20:19:10
===== END
===== START
C	409fb60681944b57b8a7cb78d825f49b	3ff176ac93cb439faf0cd002447d10ae	2024-08-11 20:33:02	2024-08-11 19:49:23	2024-04-09 10:59:00	f51833ab51c446f28a6ab0d10a773759	Miscellaneous		USPS	OFX ext. info: |Trans type:Generic debit|Memo:USPS PO 0388850743 TUCSON AZ - 4430			n	2365/100	2365/100	1970-01-01 00:00:00
C	409fb60681944b57b8a7cb78d825f49b	f00bbda6050340d5ac7b130d6cfd6531	2024-08-11 20:33:02	2024-08-11 19:49:23	2024-04-09 10:59:00	48c0a9bb8af04622bbb5c2e2aac3f735	Navy Rewards Card		USPS	OFX ext. info: |Trans type:Generic debit|Memo:USPS PO 0388850743 TUCSON AZ - 4430	USPS PO 0388850743 TUCSON AZ - 4430		c	-2365/100	-2365/100	2024-08-11 20:19:10
===== END
===== START
B	71bdf666683a422f973f27dbc81b5404	1c3b15fee4674de19dd2a5427aa1cffe	2024-08-11 20:33:11	2024-08-11 19:49:23	2024-04-10 10:59:00	7c452bea58344d23b0f556cf05df9fe0	Dining		Amazon	OFX ext. info: |Trans type:Generic debit|Memo:AMAZON PRIME*U875X8G13 amzn.com/billWA - 0001			n	325/100	325/100	1970-01-01 00:00:00
B	71bdf666683a422f973f27dbc81b5404	cd13c156535f441bb417ee1075d8553c	2024-08-11 20:33:11	2024-08-11 19:49:23	2024-04-10 10:59:00	48c0a9bb8af04622bbb5c2e2aac3f735	Navy Rewards Card		Amazon	OFX ext. info: |Trans type:Generic debit|Memo:AMAZON PRIME*U875X8G13 amzn.com/billWA - 0001	AMAZON PRIME*U875X8G13 amzn.com/billWA - 0001		c	-325/100	-325/100	2024-08-11 20:19:10
===== END
===== START
C	71bdf666683a422f973f27dbc81b5404	1c3b15fee4674de19dd2a5427aa1cffe	2024-08-11 20:33:11	2024-08-11 19:49:23	2024-04-10 10:59:00	f51833ab51c446f28a6ab0d10a773759	Miscellaneous		Amazon	OFX ext. info: |Trans type:Generic debit|Memo:AMAZON PRIME*U875X8G13 amzn.com/billWA - 0001			n	325/100	325/100	1970-01-01 00:00:00
C	71bdf666683a422f973f27dbc81b5404	cd13c156535f441bb417ee1075d8553c	2024-08-11 20:33:11	2024-08-11 19:49:23	2024-04-10 10:59:00	48c0a9bb8af04622bbb5c2e2aac3f735	Navy Rewards Card		Amazon	OFX ext. info: |Trans type:Generic debit|Memo:AMAZON PRIME*U875X8G13 amzn.com/billWA - 0001	AMAZON PRIME*U875X8G13 amzn.com/billWA - 0001		c	-325/100	-325/100	2024-08-11 20:19:10
===== END
===== START
B	a1c8beb3bcd9496e850c51ea202c1881	28661677e7f3460ea8e5d640c44888fc	2024-08-11 20:33:59	2024-08-11 19:49:23	2024-04-10 10:59:00	3feaad255df249169127e590b1602cd7	Subscriptions		Tax Payment to H&R Block	OFX ext. info: |Trans type:Generic debit|Memo:HRB ONLINE TAX PRODUCT 800-472-5625 MO - 0001			n	11304/100	11304/100	1970-01-01 00:00:00
B	a1c8beb3bcd9496e850c51ea202c1881	344cb1f9abb049e28229de719be5edfa	2024-08-11 20:33:59	2024-08-11 19:49:23	2024-04-10 10:59:00	48c0a9bb8af04622bbb5c2e2aac3f735	Navy Rewards Card		Tax Payment to H&R Block	OFX ext. info: |Trans type:Generic debit|Memo:HRB ONLINE TAX PRODUCT 800-472-5625 MO - 0001	HRB ONLINE TAX PRODUCT 800-472-5625 MO - 0001		c	-11304/100	-11304/100	2024-08-11 20:19:10
===== END
===== START
C	a1c8beb3bcd9496e850c51ea202c1881	28661677e7f3460ea8e5d640c44888fc	2024-08-11 20:33:59	2024-08-11 19:49:23	2024-04-10 10:59:00	f51833ab51c446f28a6ab0d10a773759	Miscellaneous		Tax Payment to H&R Block	OFX ext. info: |Trans type:Generic debit|Memo:HRB ONLINE TAX PRODUCT 800-472-5625 MO - 0001			n	11304/100	11304/100	1970-01-01 00:00:00
C	a1c8beb3bcd9496e850c51ea202c1881	344cb1f9abb049e28229de719be5edfa	2024-08-11 20:33:59	2024-08-11 19:49:23	2024-04-10 10:59:00	48c0a9bb8af04622bbb5c2e2aac3f735	Navy Rewards Card		Tax Payment to H&R Block	OFX ext. info: |Trans type:Generic debit|Memo:HRB ONLINE TAX PRODUCT 800-472-5625 MO - 0001	HRB ONLINE TAX PRODUCT 800-472-5625 MO - 0001		c	-11304/100	-11304/100	2024-08-11 20:19:10
===== END
===== START
B	773df1941c2244f5b84a7ef668977cba	a6569141aa734162bd543cf58f5f1442	2024-08-11 20:34:08	2024-08-11 19:49:23	2024-04-11 10:59:00	3323a52a32464e5db6926fdc8fbced8f	Imbalance-USD		3RD PLANET BREWING NICEVILLE FL	OFX ext. info: |Trans type:Generic debit|Memo:3RD PLANET BREWING NICEVILLE FL - 0001			n	2440/100	2440/100	1970-01-01 00:00:00
B	773df1941c2244f5b84a7ef668977cba	567d354813484c4baaecee49eb79ae56	2024-08-11 20:34:08	2024-08-11 19:49:23	2024-04-11 10:59:00	48c0a9bb8af04622bbb5c2e2aac3f735	Navy Rewards Card		3RD PLANET BREWING NICEVILLE FL	OFX ext. info: |Trans type:Generic debit|Memo:3RD PLANET BREWING NICEVILLE FL - 0001	3RD PLANET BREWING NICEVILLE FL - 0001		c	-2440/100	-2440/100	2024-08-11 20:19:10
===== END
===== START
C	773df1941c2244f5b84a7ef668977cba	a6569141aa734162bd543cf58f5f1442	2024-08-11 20:34:08	2024-08-11 19:49:23	2024-04-11 10:59:00	7c452bea58344d23b0f556cf05df9fe0	Dining		3RD PLANET BREWING NICEVILLE FL	OFX ext. info: |Trans type:Generic debit|Memo:3RD PLANET BREWING NICEVILLE FL - 0001			n	2440/100	2440/100	1970-01-01 00:00:00
C	773df1941c2244f5b84a7ef668977cba	567d354813484c4baaecee49eb79ae56	2024-08-11 20:34:08	2024-08-11 19:49:23	2024-04-11 10:59:00	48c0a9bb8af04622bbb5c2e2aac3f735	Navy Rewards Card		3RD PLANET BREWING NICEVILLE FL	OFX ext. info: |Trans type:Generic debit|Memo:3RD PLANET BREWING NICEVILLE FL - 0001	3RD PLANET BREWING NICEVILLE FL - 0001		c	-2440/100	-2440/100	2024-08-11 20:19:10
===== END
===== START
B	bd876adbf1f447519194e75b917fe246	cf995beb55b94e17a66db0395a4fa21a	2024-08-11 20:34:12	2024-08-11 19:49:23	2024-04-11 10:59:00	3323a52a32464e5db6926fdc8fbced8f	Imbalance-USD		Holiday Inn	OFX ext. info: |Trans type:Generic debit|Memo:RIPTIDES HOLIDAY INN 850-3019000 FL - 0001			n	631/100	631/100	1970-01-01 00:00:00
B	bd876adbf1f447519194e75b917fe246	d9aee815e98b4badbbcd4ea672009b7a	2024-08-11 20:34:12	2024-08-11 19:49:23	2024-04-11 10:59:00	48c0a9bb8af04622bbb5c2e2aac3f735	Navy Rewards Card		Holiday Inn	OFX ext. info: |Trans type:Generic debit|Memo:RIPTIDES HOLIDAY INN 850-3019000 FL - 0001	RIPTIDES HOLIDAY INN 850-3019000 FL - 0001		c	-631/100	-631/100	2024-08-11 20:19:10
===== END
===== START
C	bd876adbf1f447519194e75b917fe246	cf995beb55b94e17a66db0395a4fa21a	2024-08-11 20:34:12	2024-08-11 19:49:23	2024-04-11 10:59:00	39523e58dddf4d9c83c3a995e932b37f	Travel		Holiday Inn	OFX ext. info: |Trans type:Generic debit|Memo:RIPTIDES HOLIDAY INN 850-3019000 FL - 0001			n	631/100	631/100	1970-01-01 00:00:00
C	bd876adbf1f447519194e75b917fe246	d9aee815e98b4badbbcd4ea672009b7a	2024-08-11 20:34:12	2024-08-11 19:49:23	2024-04-11 10:59:00	48c0a9bb8af04622bbb5c2e2aac3f735	Navy Rewards Card		Holiday Inn	OFX ext. info: |Trans type:Generic debit|Memo:RIPTIDES HOLIDAY INN 850-3019000 FL - 0001	RIPTIDES HOLIDAY INN 850-3019000 FL - 0001		c	-631/100	-631/100	2024-08-11 20:19:10
===== END
===== START
B	601849fae0774b24a9c61b7792076409	4b4f665dc116487db0e24154afae9bb7	2024-08-11 20:34:18	2024-08-11 19:49:23	2024-04-11 10:59:00	3323a52a32464e5db6926fdc8fbced8f	Imbalance-USD		Publix	OFX ext. info: |Trans type:Generic debit|Memo:PUBLIX #766 FT WALTON BCHFL - 0001			n	457/100	457/100	1970-01-01 00:00:00
B	601849fae0774b24a9c61b7792076409	2d6fae03127c4fe4be4b75f9a6f00935	2024-08-11 20:34:18	2024-08-11 19:49:23	2024-04-11 10:59:00	48c0a9bb8af04622bbb5c2e2aac3f735	Navy Rewards Card		Publix	OFX ext. info: |Trans type:Generic debit|Memo:PUBLIX #766 FT WALTON BCHFL - 0001	PUBLIX #766 FT WALTON BCHFL - 0001		c	-457/100	-457/100	2024-08-11 20:19:10
===== END
===== START
C	601849fae0774b24a9c61b7792076409	4b4f665dc116487db0e24154afae9bb7	2024-08-11 20:34:18	2024-08-11 19:49:23	2024-04-11 10:59:00	a996b30c3e714c1483ec007f2699fc71	Groceries		Publix	OFX ext. info: |Trans type:Generic debit|Memo:PUBLIX #766 FT WALTON BCHFL - 0001			n	457/100	457/100	1970-01-01 00:00:00
C	601849fae0774b24a9c61b7792076409	2d6fae03127c4fe4be4b75f9a6f00935	2024-08-11 20:34:18	2024-08-11 19:49:23	2024-04-11 10:59:00	48c0a9bb8af04622bbb5c2e2aac3f735	Navy Rewards Card		Publix	OFX ext. info: |Trans type:Generic debit|Memo:PUBLIX #766 FT WALTON BCHFL - 0001	PUBLIX #766 FT WALTON BCHFL - 0001		c	-457/100	-457/100	2024-08-11 20:19:10
===== END
