mod	trans_guid	split_guid	time_now	date_entered	date_posted	acc_guid	acc_name	num	description	notes	memo	action	reconciled	amount	value	date_reconciled
-----------------
===== START
B	1c27e1aa01f04980aab8d3a33f78846f	9be2d95b1a384179afa33967cb462b86	2024-08-11 23:45:58	2024-02-04 20:43:15	2024-01-26 10:59:00	48c0a9bb8af04622bbb5c2e2aac3f735	Navy Rewards Card		SXMSIRIUSXMCOMACCT 888-635-5144 NY				c	516/100	516/100	2024-02-04 20:43:15
B	1c27e1aa01f04980aab8d3a33f78846f	9f22261087054b63b54cb190f880d2b0	2024-08-11 23:45:58	2024-02-04 20:43:15	2024-01-26 10:59:00	3feaad255df249169127e590b1602cd7	Subscriptions		SXMSIRIUSXMCOMACCT 888-635-5144 NY				n	-516/100	-516/100	1970-01-01 00:00:00
===== END
===== START
C	1c27e1aa01f04980aab8d3a33f78846f	9be2d95b1a384179afa33967cb462b86	2024-08-11 23:45:58	2024-02-04 20:43:15	2024-01-26 10:59:00	48c0a9bb8af04622bbb5c2e2aac3f735	Navy Rewards Card		SXMSIRIUSXMCOMACCT 888-635-5144 NY				c	516/100	516/100	2024-02-04 20:43:15
C	1c27e1aa01f04980aab8d3a33f78846f	9f22261087054b63b54cb190f880d2b0	2024-08-11 23:45:58	2024-02-04 20:43:15	2024-01-26 10:59:00	e9930be2f17a435e8b086a763291322d	SirusXM		SXMSIRIUSXMCOMACCT 888-635-5144 NY				n	-516/100	-516/100	1970-01-01 00:00:00
===== END
===== START
B	c80a7519d1124bfb94f18886b73db219	e39c4ae466a54033b875dd7ef565d53e	2024-08-11 23:46:10	2024-02-04 20:43:15	2024-01-29 10:59:00	3feaad255df249169127e590b1602cd7	Subscriptions		Hulu 877-8244858 CA HULUCOMBILL CA				n	9737/100	9737/100	1970-01-01 00:00:00
B	c80a7519d1124bfb94f18886b73db219	dc4e029946a04ce682abd983c18a893e	2024-08-11 23:46:10	2024-02-04 20:43:15	2024-01-29 10:59:00	48c0a9bb8af04622bbb5c2e2aac3f735	Navy Rewards Card		Hulu 877-8244858 CA HULUCOMBILL CA				c	-9737/100	-9737/100	2024-02-04 20:43:15
===== END
===== START
C	c80a7519d1124bfb94f18886b73db219	e39c4ae466a54033b875dd7ef565d53e	2024-08-11 23:46:10	2024-02-04 20:43:15	2024-01-29 10:59:00	64f06f212260499e9e4e2addbf56a1ee	Hulu		Hulu 877-8244858 CA HULUCOMBILL CA				n	9737/100	9737/100	1970-01-01 00:00:00
C	c80a7519d1124bfb94f18886b73db219	dc4e029946a04ce682abd983c18a893e	2024-08-11 23:46:10	2024-02-04 20:43:15	2024-01-29 10:59:00	48c0a9bb8af04622bbb5c2e2aac3f735	Navy Rewards Card		Hulu 877-8244858 CA HULUCOMBILL CA				c	-9737/100	-9737/100	2024-02-04 20:43:15
===== END
===== START
B	3f802216a8c84ca8a6b462fac59e264d	8c2f95b4fc744faeb4975bbe26cc9141	2024-08-11 23:46:15	2024-02-11 16:33:11	2024-02-05 10:59:00	3feaad255df249169127e590b1602cd7	Subscriptions	0001	Microsoft				n	699/100	699/100	1970-01-01 00:00:00
B	3f802216a8c84ca8a6b462fac59e264d	c860a6354de8427f888712454da9d592	2024-08-11 23:46:15	2024-02-11 16:33:11	2024-02-05 10:59:00	48c0a9bb8af04622bbb5c2e2aac3f735	Navy Rewards Card	0001	Microsoft				c	-699/100	-699/100	2024-02-11 16:33:11
===== END
===== START
C	3f802216a8c84ca8a6b462fac59e264d	8c2f95b4fc744faeb4975bbe26cc9141	2024-08-11 23:46:15	2024-02-11 16:33:11	2024-02-05 10:59:00	a8011f97b19e42a095d4e55f6caf264e	Microsoft	0001	Microsoft				n	699/100	699/100	1970-01-01 00:00:00
C	3f802216a8c84ca8a6b462fac59e264d	c860a6354de8427f888712454da9d592	2024-08-11 23:46:15	2024-02-11 16:33:11	2024-02-05 10:59:00	48c0a9bb8af04622bbb5c2e2aac3f735	Navy Rewards Card	0001	Microsoft				c	-699/100	-699/100	2024-02-11 16:33:11
===== END
===== START
B	1d8549b3ab204b8ca14854bb04c0491d	58600755ce7a40688616453d1344cddd	2024-08-11 23:46:33	2024-02-11 16:41:33	2024-02-05 10:59:00	3feaad255df249169127e590b1602cd7	Subscriptions	1928	Experian				n	2674/100	2674/100	1970-01-01 00:00:00
B	1d8549b3ab204b8ca14854bb04c0491d	a9739893e80d4e9ca6824c312bb0bbcb	2024-08-11 23:46:33	2024-02-11 16:41:33	2024-02-05 10:59:00	39d3c305cefb42799b43896918986dd1	Visa Platinum	1928	Experian				c	-2674/100	-2674/100	2024-03-24 14:47:39
===== END
===== START
C	1d8549b3ab204b8ca14854bb04c0491d	58600755ce7a40688616453d1344cddd	2024-08-11 23:46:33	2024-02-11 16:41:33	2024-02-05 10:59:00	047f6fc043a74d3eb7f8351cb5245272	Experian	1928	Experian				n	2674/100	2674/100	1970-01-01 00:00:00
C	1d8549b3ab204b8ca14854bb04c0491d	a9739893e80d4e9ca6824c312bb0bbcb	2024-08-11 23:46:33	2024-02-11 16:41:33	2024-02-05 10:59:00	39d3c305cefb42799b43896918986dd1	Visa Platinum	1928	Experian				c	-2674/100	-2674/100	2024-03-24 14:47:39
===== END
===== START
B	1da6d57f33574e9cb033fa3242260d89	a5af90c4441a4d67bca918120f7db6a5	2024-08-11 23:46:40	2024-02-11 16:33:11	2024-02-05 10:59:00	3feaad255df249169127e590b1602cd7	Subscriptions	4430	Apple				n	760/100	760/100	1970-01-01 00:00:00
B	1da6d57f33574e9cb033fa3242260d89	3554ef86c7d345f4ad67c4e9f67d7066	2024-08-11 23:46:40	2024-02-11 16:33:11	2024-02-05 10:59:00	48c0a9bb8af04622bbb5c2e2aac3f735	Navy Rewards Card	4430	Apple				c	-760/100	-760/100	2024-02-11 16:33:11
===== END
===== START
C	1da6d57f33574e9cb033fa3242260d89	a5af90c4441a4d67bca918120f7db6a5	2024-08-11 23:46:40	2024-02-11 16:33:11	2024-02-05 10:59:00	c19f290b214c425bb0aca4756fa57eec	Apple	4430	Apple				n	760/100	760/100	1970-01-01 00:00:00
C	1da6d57f33574e9cb033fa3242260d89	3554ef86c7d345f4ad67c4e9f67d7066	2024-08-11 23:46:40	2024-02-11 16:33:11	2024-02-05 10:59:00	48c0a9bb8af04622bbb5c2e2aac3f735	Navy Rewards Card	4430	Apple				c	-760/100	-760/100	2024-02-11 16:33:11
===== END
===== START
B	bf960108795943098dad7ff4374f3619	ee5529dfa729462594caace7b863a274	2024-08-11 23:46:44	2024-02-11 16:33:12	2024-02-06 10:59:00	3feaad255df249169127e590b1602cd7	Subscriptions	0001	Payment to Youtube Premium				n	1584/100	1584/100	1970-01-01 00:00:00
B	bf960108795943098dad7ff4374f3619	3aca688695c4428eb085efb9a3c91051	2024-08-11 23:46:44	2024-02-11 16:33:12	2024-02-06 10:59:00	48c0a9bb8af04622bbb5c2e2aac3f735	Navy Rewards Card	0001	Payment to Youtube Premium				c	-1584/100	-1584/100	2024-02-25 23:24:33
===== END
===== START
C	bf960108795943098dad7ff4374f3619	ee5529dfa729462594caace7b863a274	2024-08-11 23:46:44	2024-02-11 16:33:12	2024-02-06 10:59:00	efb6567dbfce4421bd54a36fe00da7d6	Youtube	0001	Payment to Youtube Premium				n	1584/100	1584/100	1970-01-01 00:00:00
C	bf960108795943098dad7ff4374f3619	3aca688695c4428eb085efb9a3c91051	2024-08-11 23:46:44	2024-02-11 16:33:12	2024-02-06 10:59:00	48c0a9bb8af04622bbb5c2e2aac3f735	Navy Rewards Card	0001	Payment to Youtube Premium				c	-1584/100	-1584/100	2024-02-25 23:24:33
===== END
===== START
B	323548bd26fb4820b8bea59674d21514	f173518c0cf548489d1aa8bfbec572a6	2024-08-11 23:47:04	2024-02-11 16:33:12	2024-02-09 10:59:00	3feaad255df249169127e590b1602cd7	Subscriptions	4430	Apple				n	325/100	325/100	1970-01-01 00:00:00
B	323548bd26fb4820b8bea59674d21514	c3686ee62f3147a2ac7ca32207daa46c	2024-08-11 23:47:04	2024-02-11 16:33:12	2024-02-09 10:59:00	48c0a9bb8af04622bbb5c2e2aac3f735	Navy Rewards Card	4430	Apple				c	-325/100	-325/100	2024-02-25 23:24:33
===== END
===== START
C	323548bd26fb4820b8bea59674d21514	f173518c0cf548489d1aa8bfbec572a6	2024-08-11 23:47:04	2024-02-11 16:33:12	2024-02-09 10:59:00	c19f290b214c425bb0aca4756fa57eec	Apple	4430	Apple				n	325/100	325/100	1970-01-01 00:00:00
C	323548bd26fb4820b8bea59674d21514	c3686ee62f3147a2ac7ca32207daa46c	2024-08-11 23:47:04	2024-02-11 16:33:12	2024-02-09 10:59:00	48c0a9bb8af04622bbb5c2e2aac3f735	Navy Rewards Card	4430	Apple				c	-325/100	-325/100	2024-02-25 23:24:33
===== END
===== START
B	ec391be61d3340b58826040dda5475d0	8e485962b7604670bca47060315e838d	2024-08-11 23:47:10	2024-02-25 23:19:27	2024-02-14 10:59:00	3feaad255df249169127e590b1602cd7	Subscriptions		Spotify	OFX ext. info: |Trans type:Generic debit|Memo:SPOTIFY 877-778-1161 NY - 0001|Date funds available:2024-02-14 12:00:00			n	1195/100	1195/100	1970-01-01 00:00:00
B	ec391be61d3340b58826040dda5475d0	d59f2f43507a4fcf88554dbd6205661e	2024-08-11 23:47:10	2024-02-25 23:19:27	2024-02-14 10:59:00	48c0a9bb8af04622bbb5c2e2aac3f735	Navy Rewards Card		Spotify	OFX ext. info: |Trans type:Generic debit|Memo:SPOTIFY 877-778-1161 NY - 0001|Date funds available:2024-02-14 12:00:00	SPOTIFY 877-778-1161 NY - 0001		c	-1195/100	-1195/100	2024-02-25 23:24:33
===== END
===== START
C	ec391be61d3340b58826040dda5475d0	8e485962b7604670bca47060315e838d	2024-08-11 23:47:10	2024-02-25 23:19:27	2024-02-14 10:59:00	0104b0b02b804c238a26792ecc67ac8f	Spotify		Spotify	OFX ext. info: |Trans type:Generic debit|Memo:SPOTIFY 877-778-1161 NY - 0001|Date funds available:2024-02-14 12:00:00			n	1195/100	1195/100	1970-01-01 00:00:00
C	ec391be61d3340b58826040dda5475d0	d59f2f43507a4fcf88554dbd6205661e	2024-08-11 23:47:10	2024-02-25 23:19:27	2024-02-14 10:59:00	48c0a9bb8af04622bbb5c2e2aac3f735	Navy Rewards Card		Spotify	OFX ext. info: |Trans type:Generic debit|Memo:SPOTIFY 877-778-1161 NY - 0001|Date funds available:2024-02-14 12:00:00	SPOTIFY 877-778-1161 NY - 0001		c	-1195/100	-1195/100	2024-02-25 23:24:33
===== END
===== START
B	6f47a7213406441ea0cca2eb42439d7f	d2c9a53596f64b039b8c985336974b63	2024-08-11 23:47:26	2024-02-25 23:19:27	2024-02-16 10:59:00	3feaad255df249169127e590b1602cd7	Subscriptions		CrossFit	OFX ext. info: |Trans type:Generic debit|Memo:CROSSFIT 646 804-3506355 AZ - 0001|Date funds available:2024-02-15 12:00:00			n	17866/100	17866/100	1970-01-01 00:00:00
B	6f47a7213406441ea0cca2eb42439d7f	072d6dc7b27f46eea9cffe19515b620a	2024-08-11 23:47:26	2024-02-25 23:19:27	2024-02-16 10:59:00	48c0a9bb8af04622bbb5c2e2aac3f735	Navy Rewards Card		CrossFit	OFX ext. info: |Trans type:Generic debit|Memo:CROSSFIT 646 804-3506355 AZ - 0001|Date funds available:2024-02-15 12:00:00	CROSSFIT 646 804-3506355 AZ - 0001		c	-17866/100	-17866/100	2024-02-25 23:24:33
===== END
===== START
C	6f47a7213406441ea0cca2eb42439d7f	d2c9a53596f64b039b8c985336974b63	2024-08-11 23:47:26	2024-02-25 23:19:27	2024-02-16 10:59:00	ac5cf4aed10e446e8abb30b01dbd58af	Crossift		CrossFit	OFX ext. info: |Trans type:Generic debit|Memo:CROSSFIT 646 804-3506355 AZ - 0001|Date funds available:2024-02-15 12:00:00			n	17866/100	17866/100	1970-01-01 00:00:00
C	6f47a7213406441ea0cca2eb42439d7f	072d6dc7b27f46eea9cffe19515b620a	2024-08-11 23:47:26	2024-02-25 23:19:27	2024-02-16 10:59:00	48c0a9bb8af04622bbb5c2e2aac3f735	Navy Rewards Card		CrossFit	OFX ext. info: |Trans type:Generic debit|Memo:CROSSFIT 646 804-3506355 AZ - 0001|Date funds available:2024-02-15 12:00:00	CROSSFIT 646 804-3506355 AZ - 0001		c	-17866/100	-17866/100	2024-02-25 23:24:33
===== END
===== START
B	31b4ac8298f24d0cafc55df171d2a637	cf0e52ac67de4aebb9a386f6f170eb9c	2024-08-11 23:47:35	2024-02-25 23:19:27	2024-02-19 10:59:00	3feaad255df249169127e590b1602cd7	Subscriptions		Apple	OFX ext. info: |Trans type:Generic debit|Memo:APPLE.COM/BILL 866-712-7753 CA - 0001|Date funds available:2024-02-18 12:00:00			n	108/100	108/100	1970-01-01 00:00:00
B	31b4ac8298f24d0cafc55df171d2a637	16ae6bf9ee9e44e2bb774bae91dc3edc	2024-08-11 23:47:35	2024-02-25 23:19:27	2024-02-19 10:59:00	48c0a9bb8af04622bbb5c2e2aac3f735	Navy Rewards Card		Apple	OFX ext. info: |Trans type:Generic debit|Memo:APPLE.COM/BILL 866-712-7753 CA - 0001|Date funds available:2024-02-18 12:00:00	APPLE.COM/BILL 866-712-7753 CA - 0001		c	-108/100	-108/100	2024-02-25 23:24:33
===== END
===== START
C	31b4ac8298f24d0cafc55df171d2a637	cf0e52ac67de4aebb9a386f6f170eb9c	2024-08-11 23:47:35	2024-02-25 23:19:27	2024-02-19 10:59:00	c19f290b214c425bb0aca4756fa57eec	Apple		Apple	OFX ext. info: |Trans type:Generic debit|Memo:APPLE.COM/BILL 866-712-7753 CA - 0001|Date funds available:2024-02-18 12:00:00			n	108/100	108/100	1970-01-01 00:00:00
C	31b4ac8298f24d0cafc55df171d2a637	16ae6bf9ee9e44e2bb774bae91dc3edc	2024-08-11 23:47:35	2024-02-25 23:19:27	2024-02-19 10:59:00	48c0a9bb8af04622bbb5c2e2aac3f735	Navy Rewards Card		Apple	OFX ext. info: |Trans type:Generic debit|Memo:APPLE.COM/BILL 866-712-7753 CA - 0001|Date funds available:2024-02-18 12:00:00	APPLE.COM/BILL 866-712-7753 CA - 0001		c	-108/100	-108/100	2024-02-25 23:24:33
===== END
===== START
B	bd1bd4cdbc294e339e63e5ad03e40acf	a18a9df0741f4f8789c8a9547cd51da8	2024-08-11 23:47:42	2024-02-25 23:19:27	2024-02-19 10:59:00	3feaad255df249169127e590b1602cd7	Subscriptions		Apple	OFX ext. info: |Trans type:Generic debit|Memo:APPLE.COM/BILL 866-712-7753 CA - 0001|Date funds available:2024-02-17 12:00:00			n	1738/100	1738/100	1970-01-01 00:00:00
B	bd1bd4cdbc294e339e63e5ad03e40acf	8a79a13970c74cdcaf38c6f3940bb896	2024-08-11 23:47:42	2024-02-25 23:19:27	2024-02-19 10:59:00	48c0a9bb8af04622bbb5c2e2aac3f735	Navy Rewards Card		Apple	OFX ext. info: |Trans type:Generic debit|Memo:APPLE.COM/BILL 866-712-7753 CA - 0001|Date funds available:2024-02-17 12:00:00	APPLE.COM/BILL 866-712-7753 CA - 0001		c	-1738/100	-1738/100	2024-02-25 23:24:33
===== END
===== START
C	bd1bd4cdbc294e339e63e5ad03e40acf	a18a9df0741f4f8789c8a9547cd51da8	2024-08-11 23:47:42	2024-02-25 23:19:27	2024-02-19 10:59:00	c19f290b214c425bb0aca4756fa57eec	Apple		Apple	OFX ext. info: |Trans type:Generic debit|Memo:APPLE.COM/BILL 866-712-7753 CA - 0001|Date funds available:2024-02-17 12:00:00			n	1738/100	1738/100	1970-01-01 00:00:00
C	bd1bd4cdbc294e339e63e5ad03e40acf	8a79a13970c74cdcaf38c6f3940bb896	2024-08-11 23:47:42	2024-02-25 23:19:27	2024-02-19 10:59:00	48c0a9bb8af04622bbb5c2e2aac3f735	Navy Rewards Card		Apple	OFX ext. info: |Trans type:Generic debit|Memo:APPLE.COM/BILL 866-712-7753 CA - 0001|Date funds available:2024-02-17 12:00:00	APPLE.COM/BILL 866-712-7753 CA - 0001		c	-1738/100	-1738/100	2024-02-25 23:24:33
===== END
===== START
B	6065f4357b2d4140b57cd6e74f8f699f	e5eb2c872f3a4debb7431103102a2d33	2024-08-11 23:48:00	2024-03-24 14:11:37	2024-03-18 10:59:00	3feaad255df249169127e590b1602cd7	Subscriptions		Apple	OFX ext. info: |Trans type:Generic debit|Memo:APPLE.COM/BILL 866-712-7753 CA - 0001|Date funds available:2024-03-17 12:00:00			n	108/100	108/100	1970-01-01 00:00:00
B	6065f4357b2d4140b57cd6e74f8f699f	ab838381cdb44e93a96c9a549207a050	2024-08-11 23:48:00	2024-03-24 14:11:37	2024-03-18 10:59:00	48c0a9bb8af04622bbb5c2e2aac3f735	Navy Rewards Card		Apple	OFX ext. info: |Trans type:Generic debit|Memo:APPLE.COM/BILL 866-712-7753 CA - 0001|Date funds available:2024-03-17 12:00:00	APPLE.COM/BILL 866-712-7753 CA - 0001		c	-108/100	-108/100	2024-03-24 14:13:07
===== END
===== START
C	6065f4357b2d4140b57cd6e74f8f699f	e5eb2c872f3a4debb7431103102a2d33	2024-08-11 23:48:00	2024-03-24 14:11:37	2024-03-18 10:59:00	c19f290b214c425bb0aca4756fa57eec	Apple		Apple	OFX ext. info: |Trans type:Generic debit|Memo:APPLE.COM/BILL 866-712-7753 CA - 0001|Date funds available:2024-03-17 12:00:00			n	108/100	108/100	1970-01-01 00:00:00
C	6065f4357b2d4140b57cd6e74f8f699f	ab838381cdb44e93a96c9a549207a050	2024-08-11 23:48:00	2024-03-24 14:11:37	2024-03-18 10:59:00	48c0a9bb8af04622bbb5c2e2aac3f735	Navy Rewards Card		Apple	OFX ext. info: |Trans type:Generic debit|Memo:APPLE.COM/BILL 866-712-7753 CA - 0001|Date funds available:2024-03-17 12:00:00	APPLE.COM/BILL 866-712-7753 CA - 0001		c	-108/100	-108/100	2024-03-24 14:13:07
===== END
===== START
B	eb8c62186e2d4e0fa16f05b31c31851d	5a658e0fa3514a099e520ebb15b92f8e	2024-08-11 23:48:04	2024-08-11 19:49:23	2024-04-18 10:59:00	3feaad255df249169127e590b1602cd7	Subscriptions		Apple.com	OFX ext. info: |Trans type:Generic debit|Memo:APPLE.COM/BILL 866-712-7753 CA - 0001			n	108/100	108/100	1970-01-01 00:00:00
B	eb8c62186e2d4e0fa16f05b31c31851d	35086e4958c84ec7a5e17b4cdbd87e30	2024-08-11 23:48:04	2024-08-11 19:49:23	2024-04-18 10:59:00	48c0a9bb8af04622bbb5c2e2aac3f735	Navy Rewards Card		Apple.com	OFX ext. info: |Trans type:Generic debit|Memo:APPLE.COM/BILL 866-712-7753 CA - 0001	APPLE.COM/BILL 866-712-7753 CA - 0001		c	-108/100	-108/100	2024-08-11 20:19:10
===== END
===== START
C	eb8c62186e2d4e0fa16f05b31c31851d	5a658e0fa3514a099e520ebb15b92f8e	2024-08-11 23:48:04	2024-08-11 19:49:23	2024-04-18 10:59:00	c19f290b214c425bb0aca4756fa57eec	Apple		Apple.com	OFX ext. info: |Trans type:Generic debit|Memo:APPLE.COM/BILL 866-712-7753 CA - 0001			n	108/100	108/100	1970-01-01 00:00:00
C	eb8c62186e2d4e0fa16f05b31c31851d	35086e4958c84ec7a5e17b4cdbd87e30	2024-08-11 23:48:04	2024-08-11 19:49:23	2024-04-18 10:59:00	48c0a9bb8af04622bbb5c2e2aac3f735	Navy Rewards Card		Apple.com	OFX ext. info: |Trans type:Generic debit|Memo:APPLE.COM/BILL 866-712-7753 CA - 0001	APPLE.COM/BILL 866-712-7753 CA - 0001		c	-108/100	-108/100	2024-08-11 20:19:10
===== END
===== START
B	f8b37acc1b82491a9096d9c5713e451c	8f1a214030864180b7721965c59e9358	2024-08-11 23:48:07	2024-08-11 19:49:23	2024-05-20 10:59:00	3feaad255df249169127e590b1602cd7	Subscriptions		Apple.com	OFX ext. info: |Trans type:Generic debit|Memo:APPLE.COM/BILL 866-712-7753 CA - 0001			n	108/100	108/100	1970-01-01 00:00:00
B	f8b37acc1b82491a9096d9c5713e451c	0fe950df135d457180b1f99781efbf49	2024-08-11 23:48:07	2024-08-11 19:49:23	2024-05-20 10:59:00	48c0a9bb8af04622bbb5c2e2aac3f735	Navy Rewards Card		Apple.com	OFX ext. info: |Trans type:Generic debit|Memo:APPLE.COM/BILL 866-712-7753 CA - 0001	APPLE.COM/BILL 866-712-7753 CA - 0001		c	-108/100	-108/100	2024-08-11 20:19:11
===== END
===== START
C	f8b37acc1b82491a9096d9c5713e451c	8f1a214030864180b7721965c59e9358	2024-08-11 23:48:07	2024-08-11 19:49:23	2024-05-20 10:59:00	c19f290b214c425bb0aca4756fa57eec	Apple		Apple.com	OFX ext. info: |Trans type:Generic debit|Memo:APPLE.COM/BILL 866-712-7753 CA - 0001			n	108/100	108/100	1970-01-01 00:00:00
C	f8b37acc1b82491a9096d9c5713e451c	0fe950df135d457180b1f99781efbf49	2024-08-11 23:48:07	2024-08-11 19:49:23	2024-05-20 10:59:00	48c0a9bb8af04622bbb5c2e2aac3f735	Navy Rewards Card		Apple.com	OFX ext. info: |Trans type:Generic debit|Memo:APPLE.COM/BILL 866-712-7753 CA - 0001	APPLE.COM/BILL 866-712-7753 CA - 0001		c	-108/100	-108/100	2024-08-11 20:19:11
===== END
===== START
B	cfb1419e15c8466b90e8fadbf7966fbc	eb24f6ecc49e4eb7a3279378f2ab5811	2024-08-11 23:48:10	2024-08-11 19:49:23	2024-06-19 10:59:00	3feaad255df249169127e590b1602cd7	Subscriptions		Apple.com	OFX ext. info: |Trans type:Generic debit|Memo:APPLE.COM/BILL 866-712-7753 CA - 0001			n	108/100	108/100	1970-01-01 00:00:00
B	cfb1419e15c8466b90e8fadbf7966fbc	4b5223c8462d43608b73ed849b249108	2024-08-11 23:48:10	2024-08-11 19:49:23	2024-06-19 10:59:00	48c0a9bb8af04622bbb5c2e2aac3f735	Navy Rewards Card		Apple.com	OFX ext. info: |Trans type:Generic debit|Memo:APPLE.COM/BILL 866-712-7753 CA - 0001	APPLE.COM/BILL 866-712-7753 CA - 0001		c	-108/100	-108/100	2024-08-11 20:19:11
===== END
===== START
C	cfb1419e15c8466b90e8fadbf7966fbc	eb24f6ecc49e4eb7a3279378f2ab5811	2024-08-11 23:48:10	2024-08-11 19:49:23	2024-06-19 10:59:00	c19f290b214c425bb0aca4756fa57eec	Apple		Apple.com	OFX ext. info: |Trans type:Generic debit|Memo:APPLE.COM/BILL 866-712-7753 CA - 0001			n	108/100	108/100	1970-01-01 00:00:00
C	cfb1419e15c8466b90e8fadbf7966fbc	4b5223c8462d43608b73ed849b249108	2024-08-11 23:48:10	2024-08-11 19:49:23	2024-06-19 10:59:00	48c0a9bb8af04622bbb5c2e2aac3f735	Navy Rewards Card		Apple.com	OFX ext. info: |Trans type:Generic debit|Memo:APPLE.COM/BILL 866-712-7753 CA - 0001	APPLE.COM/BILL 866-712-7753 CA - 0001		c	-108/100	-108/100	2024-08-11 20:19:11
===== END
===== START
B	b67d4ec75dda4443879fe4f5cf1e860d	4e57957ea1974d9289930cb37b9c269c	2024-08-11 23:48:14	2024-08-11 19:49:22	2024-07-19 10:59:00	3feaad255df249169127e590b1602cd7	Subscriptions		Apple.com	OFX ext. info: |Trans type:Generic debit|Memo:APPLE.COM/BILL 866-712-7753 CA - 0001			n	108/100	108/100	1970-01-01 00:00:00
B	b67d4ec75dda4443879fe4f5cf1e860d	6caa6bd1571c43bc9ca1a4e6207f4154	2024-08-11 23:48:14	2024-08-11 19:49:22	2024-07-19 10:59:00	48c0a9bb8af04622bbb5c2e2aac3f735	Navy Rewards Card		Apple.com	OFX ext. info: |Trans type:Generic debit|Memo:APPLE.COM/BILL 866-712-7753 CA - 0001	APPLE.COM/BILL 866-712-7753 CA - 0001		c	-108/100	-108/100	2024-08-11 20:19:11
===== END
===== START
C	b67d4ec75dda4443879fe4f5cf1e860d	4e57957ea1974d9289930cb37b9c269c	2024-08-11 23:48:14	2024-08-11 19:49:22	2024-07-19 10:59:00	c19f290b214c425bb0aca4756fa57eec	Apple		Apple.com	OFX ext. info: |Trans type:Generic debit|Memo:APPLE.COM/BILL 866-712-7753 CA - 0001			n	108/100	108/100	1970-01-01 00:00:00
C	b67d4ec75dda4443879fe4f5cf1e860d	6caa6bd1571c43bc9ca1a4e6207f4154	2024-08-11 23:48:14	2024-08-11 19:49:22	2024-07-19 10:59:00	48c0a9bb8af04622bbb5c2e2aac3f735	Navy Rewards Card		Apple.com	OFX ext. info: |Trans type:Generic debit|Memo:APPLE.COM/BILL 866-712-7753 CA - 0001	APPLE.COM/BILL 866-712-7753 CA - 0001		c	-108/100	-108/100	2024-08-11 20:19:11
===== END
===== START
B	57ff00849576470988afc6b67d9bca61	04f50f51af2e49d5841102212f81e2b9	2024-08-11 23:48:25	2024-08-11 19:49:22	2024-07-30 10:59:00	3feaad255df249169127e590b1602cd7	Subscriptions		Payment to Peacock TV	OFX ext. info: |Trans type:Generic debit|Memo:Peacock X1220 Premium 212-6640138 NY - 0001			n	324/100	324/100	1970-01-01 00:00:00
B	57ff00849576470988afc6b67d9bca61	36eda9d9cad947ffaadacd5d0e39f5f0	2024-08-11 23:48:25	2024-08-11 19:49:22	2024-07-30 10:59:00	48c0a9bb8af04622bbb5c2e2aac3f735	Navy Rewards Card		Payment to Peacock TV	OFX ext. info: |Trans type:Generic debit|Memo:Peacock X1220 Premium 212-6640138 NY - 0001	Peacock X1220 Premium 212-6640138 NY - 0001		c	-324/100	-324/100	2024-08-11 20:19:11
===== END
===== START
C	57ff00849576470988afc6b67d9bca61	04f50f51af2e49d5841102212f81e2b9	2024-08-11 23:48:25	2024-08-11 19:49:22	2024-07-30 10:59:00	e7bd0aa0881a4b0592624ccbd156ef3d	Peacock		Payment to Peacock TV	OFX ext. info: |Trans type:Generic debit|Memo:Peacock X1220 Premium 212-6640138 NY - 0001			n	324/100	324/100	1970-01-01 00:00:00
C	57ff00849576470988afc6b67d9bca61	36eda9d9cad947ffaadacd5d0e39f5f0	2024-08-11 23:48:25	2024-08-11 19:49:22	2024-07-30 10:59:00	48c0a9bb8af04622bbb5c2e2aac3f735	Navy Rewards Card		Payment to Peacock TV	OFX ext. info: |Trans type:Generic debit|Memo:Peacock X1220 Premium 212-6640138 NY - 0001	Peacock X1220 Premium 212-6640138 NY - 0001		c	-324/100	-324/100	2024-08-11 20:19:11
===== END
===== START
B	3cc50129b94e4d70826643d13368add6	0a86325efe8b42c78a8243e4dd6282fd	2024-08-11 23:48:38	2024-03-24 14:11:37	2024-03-11 10:59:00	3feaad255df249169127e590b1602cd7	Subscriptions		Amazon	OFX ext. info: |Trans type:Generic debit|Memo:AMAZON PRIME*R63770P70 amzn.com/billWA - 0001|Date funds available:2024-03-09 12:00:00			n	325/100	325/100	1970-01-01 00:00:00
B	3cc50129b94e4d70826643d13368add6	a99550e62b234b0e928ac2045cd16e87	2024-08-11 23:48:38	2024-03-24 14:11:37	2024-03-11 10:59:00	48c0a9bb8af04622bbb5c2e2aac3f735	Navy Rewards Card		Amazon	OFX ext. info: |Trans type:Generic debit|Memo:AMAZON PRIME*R63770P70 amzn.com/billWA - 0001|Date funds available:2024-03-09 12:00:00	AMAZON PRIME*R63770P70 amzn.com/billWA - 0001		c	-325/100	-325/100	2024-03-24 14:13:07
===== END
===== START
C	3cc50129b94e4d70826643d13368add6	0a86325efe8b42c78a8243e4dd6282fd	2024-08-11 23:48:38	2024-03-24 14:11:37	2024-03-11 10:59:00	c5046a7c93ed444d8049de0be0cc339d	Amazon		Amazon	OFX ext. info: |Trans type:Generic debit|Memo:AMAZON PRIME*R63770P70 amzn.com/billWA - 0001|Date funds available:2024-03-09 12:00:00			n	325/100	325/100	1970-01-01 00:00:00
C	3cc50129b94e4d70826643d13368add6	a99550e62b234b0e928ac2045cd16e87	2024-08-11 23:48:38	2024-03-24 14:11:37	2024-03-11 10:59:00	48c0a9bb8af04622bbb5c2e2aac3f735	Navy Rewards Card		Amazon	OFX ext. info: |Trans type:Generic debit|Memo:AMAZON PRIME*R63770P70 amzn.com/billWA - 0001|Date funds available:2024-03-09 12:00:00	AMAZON PRIME*R63770P70 amzn.com/billWA - 0001		c	-325/100	-325/100	2024-03-24 14:13:07
===== END
===== START
B	20df040453e140c1b2f23149eed60be0	ec75b98ccae94249b5e3bf6d89279cfc	2024-08-11 23:48:42	2024-03-24 14:11:37	2024-03-11 10:59:00	3feaad255df249169127e590b1602cd7	Subscriptions		Apple	OFX ext. info: |Trans type:Generic debit|Memo:APPLE.COM/BILL 866-712-7753 CA - 4430|Date funds available:2024-03-08 12:00:00			n	325/100	325/100	1970-01-01 00:00:00
B	20df040453e140c1b2f23149eed60be0	ffd926de83ba46c985eca6fe5179b0bb	2024-08-11 23:48:42	2024-03-24 14:11:37	2024-03-11 10:59:00	48c0a9bb8af04622bbb5c2e2aac3f735	Navy Rewards Card		Apple	OFX ext. info: |Trans type:Generic debit|Memo:APPLE.COM/BILL 866-712-7753 CA - 4430|Date funds available:2024-03-08 12:00:00	APPLE.COM/BILL 866-712-7753 CA - 4430		c	-325/100	-325/100	2024-03-24 14:13:07
===== END
===== START
C	20df040453e140c1b2f23149eed60be0	ec75b98ccae94249b5e3bf6d89279cfc	2024-08-11 23:48:42	2024-03-24 14:11:37	2024-03-11 10:59:00	c19f290b214c425bb0aca4756fa57eec	Apple		Apple	OFX ext. info: |Trans type:Generic debit|Memo:APPLE.COM/BILL 866-712-7753 CA - 4430|Date funds available:2024-03-08 12:00:00			n	325/100	325/100	1970-01-01 00:00:00
C	20df040453e140c1b2f23149eed60be0	ffd926de83ba46c985eca6fe5179b0bb	2024-08-11 23:48:42	2024-03-24 14:11:37	2024-03-11 10:59:00	48c0a9bb8af04622bbb5c2e2aac3f735	Navy Rewards Card		Apple	OFX ext. info: |Trans type:Generic debit|Memo:APPLE.COM/BILL 866-712-7753 CA - 4430|Date funds available:2024-03-08 12:00:00	APPLE.COM/BILL 866-712-7753 CA - 4430		c	-325/100	-325/100	2024-03-24 14:13:07
===== END
===== START
B	7ca615126aea41b1bb900322885fada7	e8050fcb3d2d4c28a43a455ff412e789	2024-08-11 23:48:47	2024-08-11 19:49:23	2024-04-09 10:59:00	3feaad255df249169127e590b1602cd7	Subscriptions		Apple.com	OFX ext. info: |Trans type:Generic debit|Memo:APPLE.COM/BILL 866-712-7753 CA - 4430			n	325/100	325/100	1970-01-01 00:00:00
B	7ca615126aea41b1bb900322885fada7	a4eca7788ebd470999ede0b5abc43fec	2024-08-11 23:48:47	2024-08-11 19:49:23	2024-04-09 10:59:00	48c0a9bb8af04622bbb5c2e2aac3f735	Navy Rewards Card		Apple.com	OFX ext. info: |Trans type:Generic debit|Memo:APPLE.COM/BILL 866-712-7753 CA - 4430	APPLE.COM/BILL 866-712-7753 CA - 4430		c	-325/100	-325/100	2024-08-11 20:19:10
===== END
===== START
C	7ca615126aea41b1bb900322885fada7	e8050fcb3d2d4c28a43a455ff412e789	2024-08-11 23:48:47	2024-08-11 19:49:23	2024-04-09 10:59:00	c19f290b214c425bb0aca4756fa57eec	Apple		Apple.com	OFX ext. info: |Trans type:Generic debit|Memo:APPLE.COM/BILL 866-712-7753 CA - 4430			n	325/100	325/100	1970-01-01 00:00:00
C	7ca615126aea41b1bb900322885fada7	a4eca7788ebd470999ede0b5abc43fec	2024-08-11 23:48:47	2024-08-11 19:49:23	2024-04-09 10:59:00	48c0a9bb8af04622bbb5c2e2aac3f735	Navy Rewards Card		Apple.com	OFX ext. info: |Trans type:Generic debit|Memo:APPLE.COM/BILL 866-712-7753 CA - 4430	APPLE.COM/BILL 866-712-7753 CA - 4430		c	-325/100	-325/100	2024-08-11 20:19:10
===== END
===== START
B	3f792fd9d1874636944e1877defc0171	e0c055537f08448997141b1e32aea0ba	2024-08-11 23:48:50	2024-08-11 19:49:23	2024-05-09 10:59:00	3feaad255df249169127e590b1602cd7	Subscriptions		Apple.com	OFX ext. info: |Trans type:Generic debit|Memo:APPLE.COM/BILL 866-712-7753 CA - 4430			n	325/100	325/100	1970-01-01 00:00:00
B	3f792fd9d1874636944e1877defc0171	7bee7f07d9b546ffbf6b477314cdbda1	2024-08-11 23:48:50	2024-08-11 19:49:23	2024-05-09 10:59:00	48c0a9bb8af04622bbb5c2e2aac3f735	Navy Rewards Card		Apple.com	OFX ext. info: |Trans type:Generic debit|Memo:APPLE.COM/BILL 866-712-7753 CA - 4430	APPLE.COM/BILL 866-712-7753 CA - 4430		c	-325/100	-325/100	2024-08-11 20:19:10
===== END
===== START
C	3f792fd9d1874636944e1877defc0171	e0c055537f08448997141b1e32aea0ba	2024-08-11 23:48:50	2024-08-11 19:49:23	2024-05-09 10:59:00	c19f290b214c425bb0aca4756fa57eec	Apple		Apple.com	OFX ext. info: |Trans type:Generic debit|Memo:APPLE.COM/BILL 866-712-7753 CA - 4430			n	325/100	325/100	1970-01-01 00:00:00
C	3f792fd9d1874636944e1877defc0171	7bee7f07d9b546ffbf6b477314cdbda1	2024-08-11 23:48:50	2024-08-11 19:49:23	2024-05-09 10:59:00	48c0a9bb8af04622bbb5c2e2aac3f735	Navy Rewards Card		Apple.com	OFX ext. info: |Trans type:Generic debit|Memo:APPLE.COM/BILL 866-712-7753 CA - 4430	APPLE.COM/BILL 866-712-7753 CA - 4430		c	-325/100	-325/100	2024-08-11 20:19:10
===== END
===== START
B	c667e8eb7dd04a50a74f1e3257cb7757	6b75b488d6e24ab6b14feab17a282abf	2024-08-11 23:48:52	2024-08-11 19:49:23	2024-06-10 10:59:00	3feaad255df249169127e590b1602cd7	Subscriptions		Apple.com	OFX ext. info: |Trans type:Generic debit|Memo:APPLE.COM/BILL 866-712-7753 CA - 4430			n	325/100	325/100	1970-01-01 00:00:00
B	c667e8eb7dd04a50a74f1e3257cb7757	f09944242af54116a867ea2ce5d953d5	2024-08-11 23:48:52	2024-08-11 19:49:23	2024-06-10 10:59:00	48c0a9bb8af04622bbb5c2e2aac3f735	Navy Rewards Card		Apple.com	OFX ext. info: |Trans type:Generic debit|Memo:APPLE.COM/BILL 866-712-7753 CA - 4430	APPLE.COM/BILL 866-712-7753 CA - 4430		c	-325/100	-325/100	2024-08-11 20:19:11
===== END
===== START
C	c667e8eb7dd04a50a74f1e3257cb7757	6b75b488d6e24ab6b14feab17a282abf	2024-08-11 23:48:52	2024-08-11 19:49:23	2024-06-10 10:59:00	c19f290b214c425bb0aca4756fa57eec	Apple		Apple.com	OFX ext. info: |Trans type:Generic debit|Memo:APPLE.COM/BILL 866-712-7753 CA - 4430			n	325/100	325/100	1970-01-01 00:00:00
C	c667e8eb7dd04a50a74f1e3257cb7757	f09944242af54116a867ea2ce5d953d5	2024-08-11 23:48:52	2024-08-11 19:49:23	2024-06-10 10:59:00	48c0a9bb8af04622bbb5c2e2aac3f735	Navy Rewards Card		Apple.com	OFX ext. info: |Trans type:Generic debit|Memo:APPLE.COM/BILL 866-712-7753 CA - 4430	APPLE.COM/BILL 866-712-7753 CA - 4430		c	-325/100	-325/100	2024-08-11 20:19:11
===== END
===== START
B	fce99425e56e4f2aa5c47574dbb9474e	9758afb3eccc4b1ba4d587ad34cffd34	2024-08-11 23:48:56	2024-08-11 19:49:23	2024-07-08 10:59:00	3feaad255df249169127e590b1602cd7	Subscriptions		Prime Video *R720G0YQ0 XX-3080 W	OFX ext. info: |Trans type:Generic debit|Memo:Prime Video *R720G0YQ0 888-802-3080 WA - 0001			n	325/100	325/100	1970-01-01 00:00:00
B	fce99425e56e4f2aa5c47574dbb9474e	efbb490a8cbe4d3eaba3fb7aa3b0a024	2024-08-11 23:48:56	2024-08-11 19:49:23	2024-07-08 10:59:00	48c0a9bb8af04622bbb5c2e2aac3f735	Navy Rewards Card		Prime Video *R720G0YQ0 XX-3080 W	OFX ext. info: |Trans type:Generic debit|Memo:Prime Video *R720G0YQ0 888-802-3080 WA - 0001	Prime Video *R720G0YQ0 888-802-3080 WA - 0001		c	-325/100	-325/100	2024-08-11 20:19:11
===== END
===== START
C	fce99425e56e4f2aa5c47574dbb9474e	9758afb3eccc4b1ba4d587ad34cffd34	2024-08-11 23:48:56	2024-08-11 19:49:23	2024-07-08 10:59:00	c5046a7c93ed444d8049de0be0cc339d	Amazon		Prime Video *R720G0YQ0 XX-3080 W	OFX ext. info: |Trans type:Generic debit|Memo:Prime Video *R720G0YQ0 888-802-3080 WA - 0001			n	325/100	325/100	1970-01-01 00:00:00
C	fce99425e56e4f2aa5c47574dbb9474e	efbb490a8cbe4d3eaba3fb7aa3b0a024	2024-08-11 23:48:56	2024-08-11 19:49:23	2024-07-08 10:59:00	48c0a9bb8af04622bbb5c2e2aac3f735	Navy Rewards Card		Prime Video *R720G0YQ0 XX-3080 W	OFX ext. info: |Trans type:Generic debit|Memo:Prime Video *R720G0YQ0 888-802-3080 WA - 0001	Prime Video *R720G0YQ0 888-802-3080 WA - 0001		c	-325/100	-325/100	2024-08-11 20:19:11
===== END
===== START
B	8877c53ee43444ef8aaed59b2b6871cf	19542dd593b34c4880cab4fcf2af65ee	2024-08-11 23:48:59	2024-08-11 19:49:23	2024-07-09 10:59:00	3feaad255df249169127e590b1602cd7	Subscriptions		Apple.com	OFX ext. info: |Trans type:Generic debit|Memo:APPLE.COM/BILL 866-712-7753 CA - 4430			n	325/100	325/100	1970-01-01 00:00:00
B	8877c53ee43444ef8aaed59b2b6871cf	514ac3a62e934b17b3bbdc5890dcbbb5	2024-08-11 23:48:59	2024-08-11 19:49:23	2024-07-09 10:59:00	48c0a9bb8af04622bbb5c2e2aac3f735	Navy Rewards Card		Apple.com	OFX ext. info: |Trans type:Generic debit|Memo:APPLE.COM/BILL 866-712-7753 CA - 4430	APPLE.COM/BILL 866-712-7753 CA - 4430		c	-325/100	-325/100	2024-08-11 20:19:11
===== END
===== START
C	8877c53ee43444ef8aaed59b2b6871cf	19542dd593b34c4880cab4fcf2af65ee	2024-08-11 23:48:59	2024-08-11 19:49:23	2024-07-09 10:59:00	c19f290b214c425bb0aca4756fa57eec	Apple		Apple.com	OFX ext. info: |Trans type:Generic debit|Memo:APPLE.COM/BILL 866-712-7753 CA - 4430			n	325/100	325/100	1970-01-01 00:00:00
C	8877c53ee43444ef8aaed59b2b6871cf	514ac3a62e934b17b3bbdc5890dcbbb5	2024-08-11 23:48:59	2024-08-11 19:49:23	2024-07-09 10:59:00	48c0a9bb8af04622bbb5c2e2aac3f735	Navy Rewards Card		Apple.com	OFX ext. info: |Trans type:Generic debit|Memo:APPLE.COM/BILL 866-712-7753 CA - 4430	APPLE.COM/BILL 866-712-7753 CA - 4430		c	-325/100	-325/100	2024-08-11 20:19:11
===== END
===== START
B	0244a931513543c684e39458b885604c	20d8a5e37c0e4a19a5aa0014ceccd9d4	2024-08-11 23:49:02	2024-08-11 19:49:22	2024-08-09 10:59:00	3feaad255df249169127e590b1602cd7	Subscriptions		Apple.com	OFX ext. info: |Trans type:Generic debit|Memo:APPLE.COM/BILL 866-712-7753 CA - 4430			n	325/100	325/100	1970-01-01 00:00:00
B	0244a931513543c684e39458b885604c	df49556aada74ea3aae6430fafb865a3	2024-08-11 23:49:02	2024-08-11 19:49:22	2024-08-09 10:59:00	48c0a9bb8af04622bbb5c2e2aac3f735	Navy Rewards Card		Apple.com	OFX ext. info: |Trans type:Generic debit|Memo:APPLE.COM/BILL 866-712-7753 CA - 4430	APPLE.COM/BILL 866-712-7753 CA - 4430		c	-325/100	-325/100	2024-08-11 20:19:11
===== END
===== START
C	0244a931513543c684e39458b885604c	20d8a5e37c0e4a19a5aa0014ceccd9d4	2024-08-11 23:49:02	2024-08-11 19:49:22	2024-08-09 10:59:00	c19f290b214c425bb0aca4756fa57eec	Apple		Apple.com	OFX ext. info: |Trans type:Generic debit|Memo:APPLE.COM/BILL 866-712-7753 CA - 4430			n	325/100	325/100	1970-01-01 00:00:00
C	0244a931513543c684e39458b885604c	df49556aada74ea3aae6430fafb865a3	2024-08-11 23:49:02	2024-08-11 19:49:22	2024-08-09 10:59:00	48c0a9bb8af04622bbb5c2e2aac3f735	Navy Rewards Card		Apple.com	OFX ext. info: |Trans type:Generic debit|Memo:APPLE.COM/BILL 866-712-7753 CA - 4430	APPLE.COM/BILL 866-712-7753 CA - 4430		c	-325/100	-325/100	2024-08-11 20:19:11
===== END
===== START
B	216fbb8eb41444e4a02b49e8f9d4c6be	d53bbef6de584aacb0c13d2beffddbcd	2024-08-11 23:49:06	2024-02-25 23:19:27	2024-02-19 10:59:00	3feaad255df249169127e590b1602cd7	Subscriptions		Wall Street Journal	OFX ext. info: |Trans type:Generic debit|Memo:D J*WALL-ST-JOURNAL 800-568-7625 NJ - 0001|Date funds available:2024-02-17 12:00:00			n	422/100	422/100	1970-01-01 00:00:00
B	216fbb8eb41444e4a02b49e8f9d4c6be	8c91452d3d5a41a4abc028bf6f477603	2024-08-11 23:49:06	2024-02-25 23:19:27	2024-02-19 10:59:00	48c0a9bb8af04622bbb5c2e2aac3f735	Navy Rewards Card		Wall Street Journal	OFX ext. info: |Trans type:Generic debit|Memo:D J*WALL-ST-JOURNAL 800-568-7625 NJ - 0001|Date funds available:2024-02-17 12:00:00	D J*WALL-ST-JOURNAL 800-568-7625 NJ - 0001		c	-422/100	-422/100	2024-02-25 23:24:33
===== END
===== START
C	216fbb8eb41444e4a02b49e8f9d4c6be	d53bbef6de584aacb0c13d2beffddbcd	2024-08-11 23:49:06	2024-02-25 23:19:27	2024-02-19 10:59:00	f95c7d12995e473ea0e184351d7b75d9	WSJ		Wall Street Journal	OFX ext. info: |Trans type:Generic debit|Memo:D J*WALL-ST-JOURNAL 800-568-7625 NJ - 0001|Date funds available:2024-02-17 12:00:00			n	422/100	422/100	1970-01-01 00:00:00
C	216fbb8eb41444e4a02b49e8f9d4c6be	8c91452d3d5a41a4abc028bf6f477603	2024-08-11 23:49:06	2024-02-25 23:19:27	2024-02-19 10:59:00	48c0a9bb8af04622bbb5c2e2aac3f735	Navy Rewards Card		Wall Street Journal	OFX ext. info: |Trans type:Generic debit|Memo:D J*WALL-ST-JOURNAL 800-568-7625 NJ - 0001|Date funds available:2024-02-17 12:00:00	D J*WALL-ST-JOURNAL 800-568-7625 NJ - 0001		c	-422/100	-422/100	2024-02-25 23:24:33
===== END
===== START
B	30060c1b5589400bb7374bde54c55907	c3efc1960dca412ba06b0b521e532138	2024-08-11 23:49:09	2024-03-24 14:11:37	2024-03-18 10:59:00	3feaad255df249169127e590b1602cd7	Subscriptions		Wall Street Journal	OFX ext. info: |Trans type:Generic debit|Memo:D J*WALL-ST-JOURNAL 800-568-7625 NJ - 0001|Date funds available:2024-03-16 12:00:00			n	422/100	422/100	1970-01-01 00:00:00
B	30060c1b5589400bb7374bde54c55907	350599716b474f64b97b3314a16984dc	2024-08-11 23:49:09	2024-03-24 14:11:37	2024-03-18 10:59:00	48c0a9bb8af04622bbb5c2e2aac3f735	Navy Rewards Card		Wall Street Journal	OFX ext. info: |Trans type:Generic debit|Memo:D J*WALL-ST-JOURNAL 800-568-7625 NJ - 0001|Date funds available:2024-03-16 12:00:00	D J*WALL-ST-JOURNAL 800-568-7625 NJ - 0001		c	-422/100	-422/100	2024-03-24 14:13:07
===== END
===== START
C	30060c1b5589400bb7374bde54c55907	c3efc1960dca412ba06b0b521e532138	2024-08-11 23:49:09	2024-03-24 14:11:37	2024-03-18 10:59:00	f95c7d12995e473ea0e184351d7b75d9	WSJ		Wall Street Journal	OFX ext. info: |Trans type:Generic debit|Memo:D J*WALL-ST-JOURNAL 800-568-7625 NJ - 0001|Date funds available:2024-03-16 12:00:00			n	422/100	422/100	1970-01-01 00:00:00
C	30060c1b5589400bb7374bde54c55907	350599716b474f64b97b3314a16984dc	2024-08-11 23:49:09	2024-03-24 14:11:37	2024-03-18 10:59:00	48c0a9bb8af04622bbb5c2e2aac3f735	Navy Rewards Card		Wall Street Journal	OFX ext. info: |Trans type:Generic debit|Memo:D J*WALL-ST-JOURNAL 800-568-7625 NJ - 0001|Date funds available:2024-03-16 12:00:00	D J*WALL-ST-JOURNAL 800-568-7625 NJ - 0001		c	-422/100	-422/100	2024-03-24 14:13:07
===== END
===== START
B	6e01cca4b6e04684a79b9f1b23436c24	be0cfde8ff15460f9367e30c392b97a0	2024-08-11 23:49:12	2024-08-11 19:49:23	2024-04-15 10:59:00	3feaad255df249169127e590b1602cd7	Subscriptions		Wall Street Journal	OFX ext. info: |Trans type:Generic debit|Memo:D J*WALL-ST-JOURNAL 800-568-7625 NJ - 0001			n	422/100	422/100	1970-01-01 00:00:00
B	6e01cca4b6e04684a79b9f1b23436c24	a9b88ba8de5c4758ab1a6cd5f088bc98	2024-08-11 23:49:12	2024-08-11 19:49:23	2024-04-15 10:59:00	48c0a9bb8af04622bbb5c2e2aac3f735	Navy Rewards Card		Wall Street Journal	OFX ext. info: |Trans type:Generic debit|Memo:D J*WALL-ST-JOURNAL 800-568-7625 NJ - 0001	D J*WALL-ST-JOURNAL 800-568-7625 NJ - 0001		c	-422/100	-422/100	2024-08-11 20:19:10
===== END
===== START
C	6e01cca4b6e04684a79b9f1b23436c24	be0cfde8ff15460f9367e30c392b97a0	2024-08-11 23:49:12	2024-08-11 19:49:23	2024-04-15 10:59:00	f95c7d12995e473ea0e184351d7b75d9	WSJ		Wall Street Journal	OFX ext. info: |Trans type:Generic debit|Memo:D J*WALL-ST-JOURNAL 800-568-7625 NJ - 0001			n	422/100	422/100	1970-01-01 00:00:00
C	6e01cca4b6e04684a79b9f1b23436c24	a9b88ba8de5c4758ab1a6cd5f088bc98	2024-08-11 23:49:12	2024-08-11 19:49:23	2024-04-15 10:59:00	48c0a9bb8af04622bbb5c2e2aac3f735	Navy Rewards Card		Wall Street Journal	OFX ext. info: |Trans type:Generic debit|Memo:D J*WALL-ST-JOURNAL 800-568-7625 NJ - 0001	D J*WALL-ST-JOURNAL 800-568-7625 NJ - 0001		c	-422/100	-422/100	2024-08-11 20:19:10
===== END
===== START
B	0fce395bbd6f4620806cb4b153e57f17	c307bcc2485e4ebeb68f55350f9f4307	2024-08-11 23:49:17	2024-08-11 19:49:23	2024-05-13 10:59:00	3feaad255df249169127e590b1602cd7	Subscriptions		Wall Street Journal	OFX ext. info: |Trans type:Generic debit|Memo:D J*WALL-ST-JOURNAL 800-568-7625 NJ - 0001			n	422/100	422/100	1970-01-01 00:00:00
B	0fce395bbd6f4620806cb4b153e57f17	1de489dfa80d4eb7a29af8a7459fe232	2024-08-11 23:49:17	2024-08-11 19:49:23	2024-05-13 10:59:00	48c0a9bb8af04622bbb5c2e2aac3f735	Navy Rewards Card		Wall Street Journal	OFX ext. info: |Trans type:Generic debit|Memo:D J*WALL-ST-JOURNAL 800-568-7625 NJ - 0001	D J*WALL-ST-JOURNAL 800-568-7625 NJ - 0001		c	-422/100	-422/100	2024-08-11 20:19:11
===== END
===== START
C	0fce395bbd6f4620806cb4b153e57f17	c307bcc2485e4ebeb68f55350f9f4307	2024-08-11 23:49:17	2024-08-11 19:49:23	2024-05-13 10:59:00	f95c7d12995e473ea0e184351d7b75d9	WSJ		Wall Street Journal	OFX ext. info: |Trans type:Generic debit|Memo:D J*WALL-ST-JOURNAL 800-568-7625 NJ - 0001			n	422/100	422/100	1970-01-01 00:00:00
C	0fce395bbd6f4620806cb4b153e57f17	1de489dfa80d4eb7a29af8a7459fe232	2024-08-11 23:49:17	2024-08-11 19:49:23	2024-05-13 10:59:00	48c0a9bb8af04622bbb5c2e2aac3f735	Navy Rewards Card		Wall Street Journal	OFX ext. info: |Trans type:Generic debit|Memo:D J*WALL-ST-JOURNAL 800-568-7625 NJ - 0001	D J*WALL-ST-JOURNAL 800-568-7625 NJ - 0001		c	-422/100	-422/100	2024-08-11 20:19:11
===== END
===== START
B	82b3f219a747457f934d3e92bdb4f509	61e6a0103aed4a53b649b1785a88d779	2024-08-11 23:49:20	2024-08-11 19:49:23	2024-06-10 10:59:00	3feaad255df249169127e590b1602cd7	Subscriptions		Wall Street Journal	OFX ext. info: |Trans type:Generic debit|Memo:D J*WALL-ST-JOURNAL 800-568-7625 NJ - 0001			n	422/100	422/100	1970-01-01 00:00:00
B	82b3f219a747457f934d3e92bdb4f509	9fe5424125bc498b9e3ddf979ac39ab5	2024-08-11 23:49:20	2024-08-11 19:49:23	2024-06-10 10:59:00	48c0a9bb8af04622bbb5c2e2aac3f735	Navy Rewards Card		Wall Street Journal	OFX ext. info: |Trans type:Generic debit|Memo:D J*WALL-ST-JOURNAL 800-568-7625 NJ - 0001	D J*WALL-ST-JOURNAL 800-568-7625 NJ - 0001		c	-422/100	-422/100	2024-08-11 20:19:11
===== END
===== START
C	82b3f219a747457f934d3e92bdb4f509	61e6a0103aed4a53b649b1785a88d779	2024-08-11 23:49:20	2024-08-11 19:49:23	2024-06-10 10:59:00	f95c7d12995e473ea0e184351d7b75d9	WSJ		Wall Street Journal	OFX ext. info: |Trans type:Generic debit|Memo:D J*WALL-ST-JOURNAL 800-568-7625 NJ - 0001			n	422/100	422/100	1970-01-01 00:00:00
C	82b3f219a747457f934d3e92bdb4f509	9fe5424125bc498b9e3ddf979ac39ab5	2024-08-11 23:49:20	2024-08-11 19:49:23	2024-06-10 10:59:00	48c0a9bb8af04622bbb5c2e2aac3f735	Navy Rewards Card		Wall Street Journal	OFX ext. info: |Trans type:Generic debit|Memo:D J*WALL-ST-JOURNAL 800-568-7625 NJ - 0001	D J*WALL-ST-JOURNAL 800-568-7625 NJ - 0001		c	-422/100	-422/100	2024-08-11 20:19:11
===== END
===== START
B	7c63c24e92884a368562c59dd9335836	e7589fecb1ed4b02a1f4401956d2de6d	2024-08-11 23:49:23	2024-08-11 19:49:23	2024-07-08 10:59:00	3feaad255df249169127e590b1602cd7	Subscriptions		Wall Street Journal	OFX ext. info: |Trans type:Generic debit|Memo:D J*WALL-ST-JOURNAL 800-568-7625 NJ - 0001			n	422/100	422/100	1970-01-01 00:00:00
B	7c63c24e92884a368562c59dd9335836	47611376b63e436093eb817edf9b3593	2024-08-11 23:49:23	2024-08-11 19:49:23	2024-07-08 10:59:00	48c0a9bb8af04622bbb5c2e2aac3f735	Navy Rewards Card		Wall Street Journal	OFX ext. info: |Trans type:Generic debit|Memo:D J*WALL-ST-JOURNAL 800-568-7625 NJ - 0001	D J*WALL-ST-JOURNAL 800-568-7625 NJ - 0001		c	-422/100	-422/100	2024-08-11 20:19:11
===== END
===== START
C	7c63c24e92884a368562c59dd9335836	e7589fecb1ed4b02a1f4401956d2de6d	2024-08-11 23:49:23	2024-08-11 19:49:23	2024-07-08 10:59:00	f95c7d12995e473ea0e184351d7b75d9	WSJ		Wall Street Journal	OFX ext. info: |Trans type:Generic debit|Memo:D J*WALL-ST-JOURNAL 800-568-7625 NJ - 0001			n	422/100	422/100	1970-01-01 00:00:00
C	7c63c24e92884a368562c59dd9335836	47611376b63e436093eb817edf9b3593	2024-08-11 23:49:23	2024-08-11 19:49:23	2024-07-08 10:59:00	48c0a9bb8af04622bbb5c2e2aac3f735	Navy Rewards Card		Wall Street Journal	OFX ext. info: |Trans type:Generic debit|Memo:D J*WALL-ST-JOURNAL 800-568-7625 NJ - 0001	D J*WALL-ST-JOURNAL 800-568-7625 NJ - 0001		c	-422/100	-422/100	2024-08-11 20:19:11
===== END
===== START
B	e8dd7ec74ebe4d59a5a1f4816bd1a303	c29fa1af1d4c4bfba18da40c441de0f4	2024-08-11 23:49:36	2024-08-11 19:49:23	2024-05-02 10:59:00	3feaad255df249169127e590b1602cd7	Subscriptions		Payment to Patreon	OFX ext. info: |Trans type:Generic debit|Memo:Patreon* Membership Internet CA - 4430			n	544/100	544/100	1970-01-01 00:00:00
B	e8dd7ec74ebe4d59a5a1f4816bd1a303	8bc32cb6d1bf4b7fb1f0c3d065c300d6	2024-08-11 23:49:36	2024-08-11 19:49:23	2024-05-02 10:59:00	48c0a9bb8af04622bbb5c2e2aac3f735	Navy Rewards Card		Payment to Patreon	OFX ext. info: |Trans type:Generic debit|Memo:Patreon* Membership Internet CA - 4430	Patreon* Membership Internet CA - 4430		c	-544/100	-544/100	2024-08-11 20:19:10
===== END
===== START
C	e8dd7ec74ebe4d59a5a1f4816bd1a303	c29fa1af1d4c4bfba18da40c441de0f4	2024-08-11 23:49:36	2024-08-11 19:49:23	2024-05-02 10:59:00	c7eb7d3399604ac288f328df2d22283a	Patreon		Payment to Patreon	OFX ext. info: |Trans type:Generic debit|Memo:Patreon* Membership Internet CA - 4430			n	544/100	544/100	1970-01-01 00:00:00
C	e8dd7ec74ebe4d59a5a1f4816bd1a303	8bc32cb6d1bf4b7fb1f0c3d065c300d6	2024-08-11 23:49:36	2024-08-11 19:49:23	2024-05-02 10:59:00	48c0a9bb8af04622bbb5c2e2aac3f735	Navy Rewards Card		Payment to Patreon	OFX ext. info: |Trans type:Generic debit|Memo:Patreon* Membership Internet CA - 4430	Patreon* Membership Internet CA - 4430		c	-544/100	-544/100	2024-08-11 20:19:10
===== END
===== START
B	2381f3e32a6148cc89f755973d6695d0	6c530c301a6b46158b860c2831170b02	2024-08-11 23:49:40	2024-08-11 19:49:23	2024-06-03 10:59:00	3feaad255df249169127e590b1602cd7	Subscriptions		Payment to Patreon	OFX ext. info: |Trans type:Generic debit|Memo:Patreon* Membership Internet CA - 4430			n	544/100	544/100	1970-01-01 00:00:00
B	2381f3e32a6148cc89f755973d6695d0	0c2e9666ea77411081ea28e31d5bcca3	2024-08-11 23:49:40	2024-08-11 19:49:23	2024-06-03 10:59:00	48c0a9bb8af04622bbb5c2e2aac3f735	Navy Rewards Card		Payment to Patreon	OFX ext. info: |Trans type:Generic debit|Memo:Patreon* Membership Internet CA - 4430	Patreon* Membership Internet CA - 4430		c	-544/100	-544/100	2024-08-11 20:19:11
===== END
===== START
C	2381f3e32a6148cc89f755973d6695d0	6c530c301a6b46158b860c2831170b02	2024-08-11 23:49:40	2024-08-11 19:49:23	2024-06-03 10:59:00	c7eb7d3399604ac288f328df2d22283a	Patreon		Payment to Patreon	OFX ext. info: |Trans type:Generic debit|Memo:Patreon* Membership Internet CA - 4430			n	544/100	544/100	1970-01-01 00:00:00
C	2381f3e32a6148cc89f755973d6695d0	0c2e9666ea77411081ea28e31d5bcca3	2024-08-11 23:49:40	2024-08-11 19:49:23	2024-06-03 10:59:00	48c0a9bb8af04622bbb5c2e2aac3f735	Navy Rewards Card		Payment to Patreon	OFX ext. info: |Trans type:Generic debit|Memo:Patreon* Membership Internet CA - 4430	Patreon* Membership Internet CA - 4430		c	-544/100	-544/100	2024-08-11 20:19:11
===== END
===== START
B	5a413044a59d4f5f8100f00394f4dde8	daf768b8aa514cb2bb7392fb791bc2ef	2024-08-11 23:49:42	2024-08-11 19:49:23	2024-07-02 10:59:00	3feaad255df249169127e590b1602cd7	Subscriptions		Payment to Patreon	OFX ext. info: |Trans type:Generic debit|Memo:Patreon* Membership Internet CA - 4430			n	544/100	544/100	1970-01-01 00:00:00
B	5a413044a59d4f5f8100f00394f4dde8	cce122e54dbe43908a40b79547683276	2024-08-11 23:49:42	2024-08-11 19:49:23	2024-07-02 10:59:00	48c0a9bb8af04622bbb5c2e2aac3f735	Navy Rewards Card		Payment to Patreon	OFX ext. info: |Trans type:Generic debit|Memo:Patreon* Membership Internet CA - 4430	Patreon* Membership Internet CA - 4430		c	-544/100	-544/100	2024-08-11 20:19:11
===== END
===== START
C	5a413044a59d4f5f8100f00394f4dde8	daf768b8aa514cb2bb7392fb791bc2ef	2024-08-11 23:49:43	2024-08-11 19:49:23	2024-07-02 10:59:00	c7eb7d3399604ac288f328df2d22283a	Patreon		Payment to Patreon	OFX ext. info: |Trans type:Generic debit|Memo:Patreon* Membership Internet CA - 4430			n	544/100	544/100	1970-01-01 00:00:00
C	5a413044a59d4f5f8100f00394f4dde8	cce122e54dbe43908a40b79547683276	2024-08-11 23:49:43	2024-08-11 19:49:23	2024-07-02 10:59:00	48c0a9bb8af04622bbb5c2e2aac3f735	Navy Rewards Card		Payment to Patreon	OFX ext. info: |Trans type:Generic debit|Memo:Patreon* Membership Internet CA - 4430	Patreon* Membership Internet CA - 4430		c	-544/100	-544/100	2024-08-11 20:19:11
===== END
===== START
B	808760a49c1e49489f9ea59f174a4897	345132b8c66f466b94983ca7e31cc28a	2024-08-11 23:49:45	2024-08-11 19:49:22	2024-08-02 10:59:00	3feaad255df249169127e590b1602cd7	Subscriptions		Payment to Patreon	OFX ext. info: |Trans type:Generic debit|Memo:Patreon* Membership Internet CA - 4430			n	544/100	544/100	1970-01-01 00:00:00
B	808760a49c1e49489f9ea59f174a4897	88042feff10f432a8bdfdb17b458855c	2024-08-11 23:49:45	2024-08-11 19:49:22	2024-08-02 10:59:00	48c0a9bb8af04622bbb5c2e2aac3f735	Navy Rewards Card		Payment to Patreon	OFX ext. info: |Trans type:Generic debit|Memo:Patreon* Membership Internet CA - 4430	Patreon* Membership Internet CA - 4430		c	-544/100	-544/100	2024-08-11 20:19:11
===== END
===== START
C	808760a49c1e49489f9ea59f174a4897	345132b8c66f466b94983ca7e31cc28a	2024-08-11 23:49:45	2024-08-11 19:49:22	2024-08-02 10:59:00	c7eb7d3399604ac288f328df2d22283a	Patreon		Payment to Patreon	OFX ext. info: |Trans type:Generic debit|Memo:Patreon* Membership Internet CA - 4430			n	544/100	544/100	1970-01-01 00:00:00
C	808760a49c1e49489f9ea59f174a4897	88042feff10f432a8bdfdb17b458855c	2024-08-11 23:49:45	2024-08-11 19:49:22	2024-08-02 10:59:00	48c0a9bb8af04622bbb5c2e2aac3f735	Navy Rewards Card		Payment to Patreon	OFX ext. info: |Trans type:Generic debit|Memo:Patreon* Membership Internet CA - 4430	Patreon* Membership Internet CA - 4430		c	-544/100	-544/100	2024-08-11 20:19:11
===== END
===== START
B	30ccfd4bd0c540e9ae63de00c10bcc22	8510d2b6fa4a4dff80edf84c30658044	2024-08-11 23:49:51	2024-03-24 14:11:37	2024-02-26 10:59:00	3feaad255df249169127e590b1602cd7	Subscriptions		Instant Ink	OFX ext. info: |Trans type:Generic debit|Memo:HP *INSTANT INK 855-785-2777 CA - 0001|Date funds available:2024-02-24 12:00:00			n	651/100	651/100	1970-01-01 00:00:00
B	30ccfd4bd0c540e9ae63de00c10bcc22	51e74a606c5a4555b3783afd4b08cde5	2024-08-11 23:49:51	2024-03-24 14:11:37	2024-02-26 10:59:00	48c0a9bb8af04622bbb5c2e2aac3f735	Navy Rewards Card		Instant Ink	OFX ext. info: |Trans type:Generic debit|Memo:HP *INSTANT INK 855-785-2777 CA - 0001|Date funds available:2024-02-24 12:00:00	HP *INSTANT INK 855-785-2777 CA - 0001		c	-651/100	-651/100	2024-03-24 14:13:07
===== END
===== START
C	30ccfd4bd0c540e9ae63de00c10bcc22	8510d2b6fa4a4dff80edf84c30658044	2024-08-11 23:49:51	2024-03-24 14:11:37	2024-02-26 10:59:00	b278de016a9d427286621db25dcb7a9f	HP Ink		Instant Ink	OFX ext. info: |Trans type:Generic debit|Memo:HP *INSTANT INK 855-785-2777 CA - 0001|Date funds available:2024-02-24 12:00:00			n	651/100	651/100	1970-01-01 00:00:00
C	30ccfd4bd0c540e9ae63de00c10bcc22	51e74a606c5a4555b3783afd4b08cde5	2024-08-11 23:49:51	2024-03-24 14:11:37	2024-02-26 10:59:00	48c0a9bb8af04622bbb5c2e2aac3f735	Navy Rewards Card		Instant Ink	OFX ext. info: |Trans type:Generic debit|Memo:HP *INSTANT INK 855-785-2777 CA - 0001|Date funds available:2024-02-24 12:00:00	HP *INSTANT INK 855-785-2777 CA - 0001		c	-651/100	-651/100	2024-03-24 14:13:07
===== END
===== START
B	d6152216229c4d97b814959f621360cb	48c354236ce94b90a16610d6f7a584ad	2024-08-11 23:49:55	2024-03-24 14:46:04	2024-02-19 10:59:00	3feaad255df249169127e590b1602cd7	Subscriptions		Payment to New York Times	OFX ext. info: |Trans type:Generic debit|Memo:NYTimes*NYTimes 800-698-4637 NY - 1928|Date funds available:2024-02-18 12:00:00			n	695/100	695/100	1970-01-01 00:00:00
B	d6152216229c4d97b814959f621360cb	018fc89cf5964062ae59c6a49616901f	2024-08-11 23:49:55	2024-03-24 14:46:04	2024-02-19 10:59:00	39d3c305cefb42799b43896918986dd1	Visa Platinum		Payment to New York Times	OFX ext. info: |Trans type:Generic debit|Memo:NYTimes*NYTimes 800-698-4637 NY - 1928|Date funds available:2024-02-18 12:00:00	NYTimes*NYTimes 800-698-4637 NY - 1928		c	-695/100	-695/100	2024-03-24 14:47:39
===== END
===== START
C	d6152216229c4d97b814959f621360cb	48c354236ce94b90a16610d6f7a584ad	2024-08-11 23:49:55	2024-03-24 14:46:04	2024-02-19 10:59:00	31a7d74e98d747738a6d42e6cd88f1f0	NYT		Payment to New York Times	OFX ext. info: |Trans type:Generic debit|Memo:NYTimes*NYTimes 800-698-4637 NY - 1928|Date funds available:2024-02-18 12:00:00			n	695/100	695/100	1970-01-01 00:00:00
C	d6152216229c4d97b814959f621360cb	018fc89cf5964062ae59c6a49616901f	2024-08-11 23:49:55	2024-03-24 14:46:04	2024-02-19 10:59:00	39d3c305cefb42799b43896918986dd1	Visa Platinum		Payment to New York Times	OFX ext. info: |Trans type:Generic debit|Memo:NYTimes*NYTimes 800-698-4637 NY - 1928|Date funds available:2024-02-18 12:00:00	NYTimes*NYTimes 800-698-4637 NY - 1928		c	-695/100	-695/100	2024-03-24 14:47:39
===== END
===== START
B	b059a87c3e5347d89b669beac4f396f4	14f15e13ed8448b1822bfa07371cbcae	2024-08-11 23:50:00	2024-03-24 14:11:37	2024-03-01 10:59:00	3feaad255df249169127e590b1602cd7	Subscriptions		Microsoft	OFX ext. info: |Trans type:Generic debit|Memo:Microsoft*Microsoft 365 P425-6816830 WA - 0001|Date funds available:2024-03-01 12:00:00			n	699/100	699/100	1970-01-01 00:00:00
B	b059a87c3e5347d89b669beac4f396f4	dc8fbbd9ec574cf39b317cc82308a628	2024-08-11 23:50:00	2024-03-24 14:11:37	2024-03-01 10:59:00	48c0a9bb8af04622bbb5c2e2aac3f735	Navy Rewards Card		Microsoft	OFX ext. info: |Trans type:Generic debit|Memo:Microsoft*Microsoft 365 P425-6816830 WA - 0001|Date funds available:2024-03-01 12:00:00	Microsoft*Microsoft 365 P425-6816830 WA - 0001		c	-699/100	-699/100	2024-03-24 14:13:07
===== END
===== START
C	b059a87c3e5347d89b669beac4f396f4	14f15e13ed8448b1822bfa07371cbcae	2024-08-11 23:50:00	2024-03-24 14:11:37	2024-03-01 10:59:00	a8011f97b19e42a095d4e55f6caf264e	Microsoft		Microsoft	OFX ext. info: |Trans type:Generic debit|Memo:Microsoft*Microsoft 365 P425-6816830 WA - 0001|Date funds available:2024-03-01 12:00:00			n	699/100	699/100	1970-01-01 00:00:00
C	b059a87c3e5347d89b669beac4f396f4	dc8fbbd9ec574cf39b317cc82308a628	2024-08-11 23:50:00	2024-03-24 14:11:37	2024-03-01 10:59:00	48c0a9bb8af04622bbb5c2e2aac3f735	Navy Rewards Card		Microsoft	OFX ext. info: |Trans type:Generic debit|Memo:Microsoft*Microsoft 365 P425-6816830 WA - 0001|Date funds available:2024-03-01 12:00:00	Microsoft*Microsoft 365 P425-6816830 WA - 0001		c	-699/100	-699/100	2024-03-24 14:13:07
===== END
===== START
B	b43a8bbfd80646d9a6fd7a64910818da	b3c20c6c4a3b4f86bde83a61deae6714	2024-08-11 23:50:04	2024-08-11 19:49:23	2024-04-01 10:59:00	3feaad255df249169127e590b1602cd7	Subscriptions		Microsoft	OFX ext. info: |Trans type:Generic debit|Memo:Microsoft*Microsoft 365 P425-6816830 WA - 0001			n	699/100	699/100	1970-01-01 00:00:00
B	b43a8bbfd80646d9a6fd7a64910818da	c7e1bcc10ae942b2b438c1a55039898d	2024-08-11 23:50:04	2024-08-11 19:49:23	2024-04-01 10:59:00	48c0a9bb8af04622bbb5c2e2aac3f735	Navy Rewards Card		Microsoft	OFX ext. info: |Trans type:Generic debit|Memo:Microsoft*Microsoft 365 P425-6816830 WA - 0001	Microsoft*Microsoft 365 P425-6816830 WA - 0001		c	-699/100	-699/100	2024-08-11 20:19:10
===== END
===== START
C	b43a8bbfd80646d9a6fd7a64910818da	b3c20c6c4a3b4f86bde83a61deae6714	2024-08-11 23:50:04	2024-08-11 19:49:23	2024-04-01 10:59:00	a8011f97b19e42a095d4e55f6caf264e	Microsoft		Microsoft	OFX ext. info: |Trans type:Generic debit|Memo:Microsoft*Microsoft 365 P425-6816830 WA - 0001			n	699/100	699/100	1970-01-01 00:00:00
C	b43a8bbfd80646d9a6fd7a64910818da	c7e1bcc10ae942b2b438c1a55039898d	2024-08-11 23:50:04	2024-08-11 19:49:23	2024-04-01 10:59:00	48c0a9bb8af04622bbb5c2e2aac3f735	Navy Rewards Card		Microsoft	OFX ext. info: |Trans type:Generic debit|Memo:Microsoft*Microsoft 365 P425-6816830 WA - 0001	Microsoft*Microsoft 365 P425-6816830 WA - 0001		c	-699/100	-699/100	2024-08-11 20:19:10
===== END
===== START
B	43fecb24752d499bbe538e4eaf286802	022501ba0e9b489ab9a993198e49cd0d	2024-08-11 23:50:08	2024-08-11 19:49:23	2024-06-03 10:59:00	3feaad255df249169127e590b1602cd7	Subscriptions		Microsoft	OFX ext. info: |Trans type:Generic debit|Memo:Microsoft*Microsoft 365 P425-6816830 WA - 0001			n	699/100	699/100	1970-01-01 00:00:00
B	43fecb24752d499bbe538e4eaf286802	b830ec690b5f4263a5656c022a2d4a70	2024-08-11 23:50:08	2024-08-11 19:49:23	2024-06-03 10:59:00	48c0a9bb8af04622bbb5c2e2aac3f735	Navy Rewards Card		Microsoft	OFX ext. info: |Trans type:Generic debit|Memo:Microsoft*Microsoft 365 P425-6816830 WA - 0001	Microsoft*Microsoft 365 P425-6816830 WA - 0001		c	-699/100	-699/100	2024-08-11 20:19:11
===== END
===== START
C	43fecb24752d499bbe538e4eaf286802	022501ba0e9b489ab9a993198e49cd0d	2024-08-11 23:50:08	2024-08-11 19:49:23	2024-06-03 10:59:00	a8011f97b19e42a095d4e55f6caf264e	Microsoft		Microsoft	OFX ext. info: |Trans type:Generic debit|Memo:Microsoft*Microsoft 365 P425-6816830 WA - 0001			n	699/100	699/100	1970-01-01 00:00:00
C	43fecb24752d499bbe538e4eaf286802	b830ec690b5f4263a5656c022a2d4a70	2024-08-11 23:50:08	2024-08-11 19:49:23	2024-06-03 10:59:00	48c0a9bb8af04622bbb5c2e2aac3f735	Navy Rewards Card		Microsoft	OFX ext. info: |Trans type:Generic debit|Memo:Microsoft*Microsoft 365 P425-6816830 WA - 0001	Microsoft*Microsoft 365 P425-6816830 WA - 0001		c	-699/100	-699/100	2024-08-11 20:19:11
===== END
===== START
B	18f8d2c74199405c95bee8f9215d84c9	8d90152745584ecd8bdeededa9873a4d	2024-08-11 23:50:11	2024-08-11 19:49:23	2024-07-02 10:59:00	3feaad255df249169127e590b1602cd7	Subscriptions		Microsoft	OFX ext. info: |Trans type:Generic debit|Memo:Microsoft*Microsoft 365 P425-6816830 WA - 0001			n	699/100	699/100	1970-01-01 00:00:00
B	18f8d2c74199405c95bee8f9215d84c9	22d3f2bfd24745a5a81ddd50e274982c	2024-08-11 23:50:11	2024-08-11 19:49:23	2024-07-02 10:59:00	48c0a9bb8af04622bbb5c2e2aac3f735	Navy Rewards Card		Microsoft	OFX ext. info: |Trans type:Generic debit|Memo:Microsoft*Microsoft 365 P425-6816830 WA - 0001	Microsoft*Microsoft 365 P425-6816830 WA - 0001		c	-699/100	-699/100	2024-08-11 20:19:11
===== END
===== START
C	18f8d2c74199405c95bee8f9215d84c9	8d90152745584ecd8bdeededa9873a4d	2024-08-11 23:50:11	2024-08-11 19:49:23	2024-07-02 10:59:00	a8011f97b19e42a095d4e55f6caf264e	Microsoft		Microsoft	OFX ext. info: |Trans type:Generic debit|Memo:Microsoft*Microsoft 365 P425-6816830 WA - 0001			n	699/100	699/100	1970-01-01 00:00:00
C	18f8d2c74199405c95bee8f9215d84c9	22d3f2bfd24745a5a81ddd50e274982c	2024-08-11 23:50:11	2024-08-11 19:49:23	2024-07-02 10:59:00	48c0a9bb8af04622bbb5c2e2aac3f735	Navy Rewards Card		Microsoft	OFX ext. info: |Trans type:Generic debit|Memo:Microsoft*Microsoft 365 P425-6816830 WA - 0001	Microsoft*Microsoft 365 P425-6816830 WA - 0001		c	-699/100	-699/100	2024-08-11 20:19:11
===== END
===== START
B	9c7f74f79d9041d29cfc110d6d04c069	c32fcfb7173744c98b5dc3095d5222f6	2024-08-11 23:50:13	2024-08-11 19:49:22	2024-08-02 10:59:00	3feaad255df249169127e590b1602cd7	Subscriptions		Microsoft	OFX ext. info: |Trans type:Generic debit|Memo:Microsoft*Microsoft 365 P425-6816830 WA - 0001			n	699/100	699/100	1970-01-01 00:00:00
B	9c7f74f79d9041d29cfc110d6d04c069	65c83673830f451884bebf20aa2f268b	2024-08-11 23:50:13	2024-08-11 19:49:22	2024-08-02 10:59:00	48c0a9bb8af04622bbb5c2e2aac3f735	Navy Rewards Card		Microsoft	OFX ext. info: |Trans type:Generic debit|Memo:Microsoft*Microsoft 365 P425-6816830 WA - 0001	Microsoft*Microsoft 365 P425-6816830 WA - 0001		c	-699/100	-699/100	2024-08-11 20:19:11
===== END
===== START
C	9c7f74f79d9041d29cfc110d6d04c069	c32fcfb7173744c98b5dc3095d5222f6	2024-08-11 23:50:13	2024-08-11 19:49:22	2024-08-02 10:59:00	a8011f97b19e42a095d4e55f6caf264e	Microsoft		Microsoft	OFX ext. info: |Trans type:Generic debit|Memo:Microsoft*Microsoft 365 P425-6816830 WA - 0001			n	699/100	699/100	1970-01-01 00:00:00
C	9c7f74f79d9041d29cfc110d6d04c069	65c83673830f451884bebf20aa2f268b	2024-08-11 23:50:13	2024-08-11 19:49:22	2024-08-02 10:59:00	48c0a9bb8af04622bbb5c2e2aac3f735	Navy Rewards Card		Microsoft	OFX ext. info: |Trans type:Generic debit|Memo:Microsoft*Microsoft 365 P425-6816830 WA - 0001	Microsoft*Microsoft 365 P425-6816830 WA - 0001		c	-699/100	-699/100	2024-08-11 20:19:11
===== END
===== START
B	2a954f3253694e04b665a12a5e02021e	134d8ce62e90476e876717b139adfefa	2024-08-11 23:50:49	2024-03-24 14:11:37	2024-03-22 10:59:00	3feaad255df249169127e590b1602cd7	Subscriptions		Netflix	OFX ext. info: |Trans type:Generic debit|Memo:NETFLIX.COM NETFLIX.COM CA - 0001|Date funds available:2024-03-21 12:00:00			n	760/100	760/100	1970-01-01 00:00:00
B	2a954f3253694e04b665a12a5e02021e	36a31440c56c48bfa78ee6c82e515134	2024-08-11 23:50:49	2024-03-24 14:11:37	2024-03-22 10:59:00	48c0a9bb8af04622bbb5c2e2aac3f735	Navy Rewards Card		Netflix	OFX ext. info: |Trans type:Generic debit|Memo:NETFLIX.COM NETFLIX.COM CA - 0001|Date funds available:2024-03-21 12:00:00	NETFLIX.COM NETFLIX.COM CA - 0001		c	-760/100	-760/100	2024-03-24 14:13:07
===== END
===== START
C	2a954f3253694e04b665a12a5e02021e	134d8ce62e90476e876717b139adfefa	2024-08-11 23:50:49	2024-03-24 14:11:37	2024-03-22 10:59:00	45de7566931740589d37beb0dca11556	Netflix		Netflix	OFX ext. info: |Trans type:Generic debit|Memo:NETFLIX.COM NETFLIX.COM CA - 0001|Date funds available:2024-03-21 12:00:00			n	760/100	760/100	1970-01-01 00:00:00
C	2a954f3253694e04b665a12a5e02021e	36a31440c56c48bfa78ee6c82e515134	2024-08-11 23:50:49	2024-03-24 14:11:37	2024-03-22 10:59:00	48c0a9bb8af04622bbb5c2e2aac3f735	Navy Rewards Card		Netflix	OFX ext. info: |Trans type:Generic debit|Memo:NETFLIX.COM NETFLIX.COM CA - 0001|Date funds available:2024-03-21 12:00:00	NETFLIX.COM NETFLIX.COM CA - 0001		c	-760/100	-760/100	2024-03-24 14:13:07
===== END
