mod	trans_guid	split_guid	time_now	date_entered	date_posted	acc_guid	acc_name	num	description	notes	memo	action	reconciled	amount	value	date_reconciled
-----------------
===== START
B	9de3c19f8242481b999e84fb5a32a2ea	64540203472f4e5a89ca11f75eb03b03	2024-02-04 20:53:44	2024-02-04 20:43:15	2024-01-29 10:59:00	3323a52a32464e5db6926fdc8fbced8f	Imbalance-USD		WHOLEFDS ORL 10469 TUCSON AZ				n	4209/100	4209/100	1970-01-01 00:00:00
B	9de3c19f8242481b999e84fb5a32a2ea	abab2ffaceb84fd0bbef198898e81dd0	2024-02-04 20:53:44	2024-02-04 20:43:15	2024-01-29 10:59:00	48c0a9bb8af04622bbb5c2e2aac3f735	Navy Rewards Card		WHOLEFDS ORL 10469 TUCSON AZ				c	-4209/100	-4209/100	2024-02-04 20:43:15
===== END
===== START
C	9de3c19f8242481b999e84fb5a32a2ea	64540203472f4e5a89ca11f75eb03b03	2024-02-04 20:53:44	2024-02-04 20:43:15	2024-01-29 10:59:00	a996b30c3e714c1483ec007f2699fc71	Groceries		WHOLEFDS ORL 10469 TUCSON AZ				n	4209/100	4209/100	1970-01-01 00:00:00
C	9de3c19f8242481b999e84fb5a32a2ea	abab2ffaceb84fd0bbef198898e81dd0	2024-02-04 20:53:44	2024-02-04 20:43:15	2024-01-29 10:59:00	48c0a9bb8af04622bbb5c2e2aac3f735	Navy Rewards Card		WHOLEFDS ORL 10469 TUCSON AZ				c	-4209/100	-4209/100	2024-02-04 20:43:15
===== END
===== START
B	2be7a02f90454c658b11dfeace928ec7	4be8ddd3753947cbb16cec4d7486f23b	2024-02-04 20:53:52	2024-02-04 20:43:15	2024-01-30 10:59:00	3323a52a32464e5db6926fdc8fbced8f	Imbalance-USD		AMZN Mktp USR074019M2 Amzncombill WA				n	869/100	869/100	1970-01-01 00:00:00
B	2be7a02f90454c658b11dfeace928ec7	108b7f9f025c41589e5f627b26f07aa7	2024-02-04 20:53:52	2024-02-04 20:43:15	2024-01-30 10:59:00	48c0a9bb8af04622bbb5c2e2aac3f735	Navy Rewards Card		AMZN Mktp USR074019M2 Amzncombill WA				c	-869/100	-869/100	2024-02-04 20:43:15
===== END
===== START
C	2be7a02f90454c658b11dfeace928ec7	4be8ddd3753947cbb16cec4d7486f23b	2024-02-04 20:53:52	2024-02-04 20:43:15	2024-01-30 10:59:00	f51833ab51c446f28a6ab0d10a773759	Miscellaneous		AMZN Mktp USR074019M2 Amzncombill WA				n	869/100	869/100	1970-01-01 00:00:00
C	2be7a02f90454c658b11dfeace928ec7	108b7f9f025c41589e5f627b26f07aa7	2024-02-04 20:53:52	2024-02-04 20:43:15	2024-01-30 10:59:00	48c0a9bb8af04622bbb5c2e2aac3f735	Navy Rewards Card		AMZN Mktp USR074019M2 Amzncombill WA				c	-869/100	-869/100	2024-02-04 20:43:15
===== END
===== START
B	c83bd2f5f5af4e0f9da12b4f74b1e724	5c6e40b422f741e6981342296fcc20fb	2024-02-04 20:53:55	2024-02-04 20:43:15	2024-01-30 10:59:00	3323a52a32464e5db6926fdc8fbced8f	Imbalance-USD		CANTEEN VENDING TUCSON AZ				n	140/100	140/100	1970-01-01 00:00:00
B	c83bd2f5f5af4e0f9da12b4f74b1e724	2f38a906a4e54b86ae30ebf15de5441d	2024-02-04 20:53:55	2024-02-04 20:43:15	2024-01-30 10:59:00	48c0a9bb8af04622bbb5c2e2aac3f735	Navy Rewards Card		CANTEEN VENDING TUCSON AZ				c	-140/100	-140/100	2024-02-04 20:43:15
===== END
===== START
C	c83bd2f5f5af4e0f9da12b4f74b1e724	5c6e40b422f741e6981342296fcc20fb	2024-02-04 20:53:55	2024-02-04 20:43:15	2024-01-30 10:59:00	7c452bea58344d23b0f556cf05df9fe0	Dining		CANTEEN VENDING TUCSON AZ				n	140/100	140/100	1970-01-01 00:00:00
C	c83bd2f5f5af4e0f9da12b4f74b1e724	2f38a906a4e54b86ae30ebf15de5441d	2024-02-04 20:53:55	2024-02-04 20:43:15	2024-01-30 10:59:00	48c0a9bb8af04622bbb5c2e2aac3f735	Navy Rewards Card		CANTEEN VENDING TUCSON AZ				c	-140/100	-140/100	2024-02-04 20:43:15
===== END
===== START
B	d9e9aad41ca04e0db9c26fae2eca9460	c62bf60d99274645a4e2e2f781df57fe	2024-02-04 20:53:59	2024-02-04 20:43:15	2024-01-30 10:59:00	3323a52a32464e5db6926fdc8fbced8f	Imbalance-USD		CANTEEN VENDING TUCSON AZ				n	200/100	200/100	1970-01-01 00:00:00
B	d9e9aad41ca04e0db9c26fae2eca9460	9b5344232b5942e9bb5f882cbee95630	2024-02-04 20:53:59	2024-02-04 20:43:15	2024-01-30 10:59:00	48c0a9bb8af04622bbb5c2e2aac3f735	Navy Rewards Card		CANTEEN VENDING TUCSON AZ				c	-200/100	-200/100	2024-02-04 20:43:15
===== END
===== START
C	d9e9aad41ca04e0db9c26fae2eca9460	c62bf60d99274645a4e2e2f781df57fe	2024-02-04 20:53:59	2024-02-04 20:43:15	2024-01-30 10:59:00	7c452bea58344d23b0f556cf05df9fe0	Dining		CANTEEN VENDING TUCSON AZ				n	200/100	200/100	1970-01-01 00:00:00
C	d9e9aad41ca04e0db9c26fae2eca9460	9b5344232b5942e9bb5f882cbee95630	2024-02-04 20:53:59	2024-02-04 20:43:15	2024-01-30 10:59:00	48c0a9bb8af04622bbb5c2e2aac3f735	Navy Rewards Card		CANTEEN VENDING TUCSON AZ				c	-200/100	-200/100	2024-02-04 20:43:15
===== END
===== START
B	38943467cd6f43c68868b2565b650c55	dc3a0a28ccb94c87a4830b523c58090e	2024-02-04 20:54:02	2024-02-04 20:43:15	2024-01-30 10:59:00	3323a52a32464e5db6926fdc8fbced8f	Imbalance-USD		MCDONALD F39562 TUCSON AZ				n	585/100	585/100	1970-01-01 00:00:00
B	38943467cd6f43c68868b2565b650c55	c51bea1aae03437d86133b7f4013201e	2024-02-04 20:54:02	2024-02-04 20:43:15	2024-01-30 10:59:00	48c0a9bb8af04622bbb5c2e2aac3f735	Navy Rewards Card		MCDONALD F39562 TUCSON AZ				c	-585/100	-585/100	2024-02-04 20:43:15
===== END
===== START
C	38943467cd6f43c68868b2565b650c55	dc3a0a28ccb94c87a4830b523c58090e	2024-02-04 20:54:02	2024-02-04 20:43:15	2024-01-30 10:59:00	7c452bea58344d23b0f556cf05df9fe0	Dining		MCDONALD F39562 TUCSON AZ				n	585/100	585/100	1970-01-01 00:00:00
C	38943467cd6f43c68868b2565b650c55	c51bea1aae03437d86133b7f4013201e	2024-02-04 20:54:02	2024-02-04 20:43:15	2024-01-30 10:59:00	48c0a9bb8af04622bbb5c2e2aac3f735	Navy Rewards Card		MCDONALD F39562 TUCSON AZ				c	-585/100	-585/100	2024-02-04 20:43:15
===== END
===== START
B	1b4bd1f5729d4081956c75ce8153075d	83fcb8b9031545d788c5e8c8ffe92489	2024-02-04 20:54:05	2024-02-04 20:43:15	2024-01-30 10:59:00	3323a52a32464e5db6926fdc8fbced8f	Imbalance-USD		TRADER JOE S 191 TUCSON AZ				n	7181/100	7181/100	1970-01-01 00:00:00
B	1b4bd1f5729d4081956c75ce8153075d	b21e373302664db59eda182f0c21e185	2024-02-04 20:54:05	2024-02-04 20:43:15	2024-01-30 10:59:00	48c0a9bb8af04622bbb5c2e2aac3f735	Navy Rewards Card		TRADER JOE S 191 TUCSON AZ				c	-7181/100	-7181/100	2024-02-04 20:43:15
===== END
===== START
C	1b4bd1f5729d4081956c75ce8153075d	83fcb8b9031545d788c5e8c8ffe92489	2024-02-04 20:54:05	2024-02-04 20:43:15	2024-01-30 10:59:00	a996b30c3e714c1483ec007f2699fc71	Groceries		TRADER JOE S 191 TUCSON AZ				n	7181/100	7181/100	1970-01-01 00:00:00
C	1b4bd1f5729d4081956c75ce8153075d	b21e373302664db59eda182f0c21e185	2024-02-04 20:54:05	2024-02-04 20:43:15	2024-01-30 10:59:00	48c0a9bb8af04622bbb5c2e2aac3f735	Navy Rewards Card		TRADER JOE S 191 TUCSON AZ				c	-7181/100	-7181/100	2024-02-04 20:43:15
===== END
===== START
B	af099da663d1495aa5efbab82e8e34d5	a59bc57b999a49fc8d59ec1d9f1e7fcc	2024-02-04 20:54:10	2024-02-04 20:43:15	2024-01-31 10:59:00	3323a52a32464e5db6926fdc8fbced8f	Imbalance-USD		CANTEEN VENDING TUCSON AZ				n	140/100	140/100	1970-01-01 00:00:00
B	af099da663d1495aa5efbab82e8e34d5	ccf5877bcd6e4e45a5c5aca5aaba143d	2024-02-04 20:54:10	2024-02-04 20:43:15	2024-01-31 10:59:00	48c0a9bb8af04622bbb5c2e2aac3f735	Navy Rewards Card		CANTEEN VENDING TUCSON AZ				c	-140/100	-140/100	2024-02-04 20:43:15
===== END
===== START
C	af099da663d1495aa5efbab82e8e34d5	a59bc57b999a49fc8d59ec1d9f1e7fcc	2024-02-04 20:54:10	2024-02-04 20:43:15	2024-01-31 10:59:00	7c452bea58344d23b0f556cf05df9fe0	Dining		CANTEEN VENDING TUCSON AZ				n	140/100	140/100	1970-01-01 00:00:00
C	af099da663d1495aa5efbab82e8e34d5	ccf5877bcd6e4e45a5c5aca5aaba143d	2024-02-04 20:54:10	2024-02-04 20:43:15	2024-01-31 10:59:00	48c0a9bb8af04622bbb5c2e2aac3f735	Navy Rewards Card		CANTEEN VENDING TUCSON AZ				c	-140/100	-140/100	2024-02-04 20:43:15
===== END
===== START
B	4d769e57117f4a14ad86b17208c3e7f6	c9eb7560f49043ac92b5bb826b1a9485	2024-02-04 20:54:12	2024-02-04 20:43:15	2024-02-01 10:59:00	3323a52a32464e5db6926fdc8fbced8f	Imbalance-USD		CANTEEN VENDING TUCSON AZ				n	140/100	140/100	1970-01-01 00:00:00
B	4d769e57117f4a14ad86b17208c3e7f6	f23ab522fb2f4e8da3c91d31de6870c6	2024-02-04 20:54:12	2024-02-04 20:43:15	2024-02-01 10:59:00	48c0a9bb8af04622bbb5c2e2aac3f735	Navy Rewards Card		CANTEEN VENDING TUCSON AZ				c	-140/100	-140/100	2024-02-04 20:43:15
===== END
===== START
C	4d769e57117f4a14ad86b17208c3e7f6	c9eb7560f49043ac92b5bb826b1a9485	2024-02-04 20:54:12	2024-02-04 20:43:15	2024-02-01 10:59:00	7c452bea58344d23b0f556cf05df9fe0	Dining		CANTEEN VENDING TUCSON AZ				n	140/100	140/100	1970-01-01 00:00:00
C	4d769e57117f4a14ad86b17208c3e7f6	f23ab522fb2f4e8da3c91d31de6870c6	2024-02-04 20:54:12	2024-02-04 20:43:15	2024-02-01 10:59:00	48c0a9bb8af04622bbb5c2e2aac3f735	Navy Rewards Card		CANTEEN VENDING TUCSON AZ				c	-140/100	-140/100	2024-02-04 20:43:15
===== END
===== START
B	4301c870f0464800973a0cabdd487b31	dfc5f0f9034b4f2fbad8ac14e5177c30	2024-02-04 20:54:28	2024-02-04 20:43:15	2024-02-01 10:59:00	48c0a9bb8af04622bbb5c2e2aac3f735	Navy Rewards Card		PAYMENT RECEIVED				c	572190/100	572190/100	2024-02-04 20:43:15
B	4301c870f0464800973a0cabdd487b31	edc61374f0e345ac85fa370ab3f0b4b8	2024-02-04 20:54:28	2024-02-04 20:43:15	2024-02-01 10:59:00	3323a52a32464e5db6926fdc8fbced8f	Imbalance-USD		PAYMENT RECEIVED				n	-572190/100	-572190/100	1970-01-01 00:00:00
===== END
===== START
C	4301c870f0464800973a0cabdd487b31	dfc5f0f9034b4f2fbad8ac14e5177c30	2024-02-04 20:54:28	2024-02-04 20:43:15	2024-02-01 10:59:00	48c0a9bb8af04622bbb5c2e2aac3f735	Navy Rewards Card		PAYMENT RECEIVED				c	572190/100	572190/100	2024-02-04 20:43:15
C	4301c870f0464800973a0cabdd487b31	edc61374f0e345ac85fa370ab3f0b4b8	2024-02-04 20:54:28	2024-02-04 20:43:15	2024-02-01 10:59:00	5f8cd3d7d07f4e76916a760d36c0523b	Checking Account		PAYMENT RECEIVED				n	-572190/100	-572190/100	1970-01-01 00:00:00
===== END
===== START
B	3ff8eab5c058429fbbaed0152cf981e3	5fd809ea265c4c3cb21477946271574b	2024-02-04 20:54:33	2024-02-04 20:43:15	2024-02-01 10:59:00	3323a52a32464e5db6926fdc8fbced8f	Imbalance-USD		SQ TUCSON HOP SHOP Tucson AZ				n	1075/100	1075/100	1970-01-01 00:00:00
B	3ff8eab5c058429fbbaed0152cf981e3	c77c26651e0c4df792441639fbffbafe	2024-02-04 20:54:33	2024-02-04 20:43:15	2024-02-01 10:59:00	48c0a9bb8af04622bbb5c2e2aac3f735	Navy Rewards Card		SQ TUCSON HOP SHOP Tucson AZ				c	-1075/100	-1075/100	2024-02-04 20:43:15
===== END
===== START
C	3ff8eab5c058429fbbaed0152cf981e3	5fd809ea265c4c3cb21477946271574b	2024-02-04 20:54:33	2024-02-04 20:43:15	2024-02-01 10:59:00	7c452bea58344d23b0f556cf05df9fe0	Dining		SQ TUCSON HOP SHOP Tucson AZ				n	1075/100	1075/100	1970-01-01 00:00:00
C	3ff8eab5c058429fbbaed0152cf981e3	c77c26651e0c4df792441639fbffbafe	2024-02-04 20:54:33	2024-02-04 20:43:15	2024-02-01 10:59:00	48c0a9bb8af04622bbb5c2e2aac3f735	Navy Rewards Card		SQ TUCSON HOP SHOP Tucson AZ				c	-1075/100	-1075/100	2024-02-04 20:43:15
===== END
===== START
B	319febcd350a46a392e89af792933483	4a8b45a866904bdbb81264f6434469c0	2024-02-04 20:54:37	2024-02-04 20:43:15	2024-02-01 10:59:00	3323a52a32464e5db6926fdc8fbced8f	Imbalance-USD		WEATHERTECH 800-4416287 IL				n	15056/100	15056/100	1970-01-01 00:00:00
B	319febcd350a46a392e89af792933483	5cedc97c2c0c4f1e8debdd80f0086b70	2024-02-04 20:54:37	2024-02-04 20:43:15	2024-02-01 10:59:00	48c0a9bb8af04622bbb5c2e2aac3f735	Navy Rewards Card		WEATHERTECH 800-4416287 IL				c	-15056/100	-15056/100	2024-02-04 20:43:15
===== END
===== START
C	319febcd350a46a392e89af792933483	4a8b45a866904bdbb81264f6434469c0	2024-02-04 20:54:37	2024-02-04 20:43:15	2024-02-01 10:59:00	f51833ab51c446f28a6ab0d10a773759	Miscellaneous		WEATHERTECH 800-4416287 IL				n	15056/100	15056/100	1970-01-01 00:00:00
C	319febcd350a46a392e89af792933483	5cedc97c2c0c4f1e8debdd80f0086b70	2024-02-04 20:54:37	2024-02-04 20:43:15	2024-02-01 10:59:00	48c0a9bb8af04622bbb5c2e2aac3f735	Navy Rewards Card		WEATHERTECH 800-4416287 IL				c	-15056/100	-15056/100	2024-02-04 20:43:15
===== END
===== START
B	d5f61a2033244aa485b0cfadd3e022c8	ec9832cee8c74d3b99cf8c053d72358b	2024-02-04 20:54:40	2024-02-04 20:43:15	2024-02-02 10:59:00	3323a52a32464e5db6926fdc8fbced8f	Imbalance-USD		RTX CAFE TUCSON848 TUCSON AZ				n	478/100	478/100	1970-01-01 00:00:00
B	d5f61a2033244aa485b0cfadd3e022c8	03b97d617f7e4402b69ed19b8063a756	2024-02-04 20:54:40	2024-02-04 20:43:15	2024-02-02 10:59:00	48c0a9bb8af04622bbb5c2e2aac3f735	Navy Rewards Card		RTX CAFE TUCSON848 TUCSON AZ				c	-478/100	-478/100	2024-02-04 20:43:15
===== END
===== START
C	d5f61a2033244aa485b0cfadd3e022c8	ec9832cee8c74d3b99cf8c053d72358b	2024-02-04 20:54:40	2024-02-04 20:43:15	2024-02-02 10:59:00	7c452bea58344d23b0f556cf05df9fe0	Dining		RTX CAFE TUCSON848 TUCSON AZ				n	478/100	478/100	1970-01-01 00:00:00
C	d5f61a2033244aa485b0cfadd3e022c8	03b97d617f7e4402b69ed19b8063a756	2024-02-04 20:54:40	2024-02-04 20:43:15	2024-02-02 10:59:00	48c0a9bb8af04622bbb5c2e2aac3f735	Navy Rewards Card		RTX CAFE TUCSON848 TUCSON AZ				c	-478/100	-478/100	2024-02-04 20:43:15
===== END
===== START
B	fc7da5dcf619450187511ac9fd124ba3	2c0d1934fa89496c954cb8c7b1d3eaa3	2024-02-04 20:54:44	2024-02-04 20:43:15	2024-02-02 10:59:00	3323a52a32464e5db6926fdc8fbced8f	Imbalance-USD		RTX CAFE TUCSON848 TUCSON AZ				n	1044/100	1044/100	1970-01-01 00:00:00
B	fc7da5dcf619450187511ac9fd124ba3	6efa3018f9b2444a97b0464dec6a2f15	2024-02-04 20:54:44	2024-02-04 20:43:15	2024-02-02 10:59:00	48c0a9bb8af04622bbb5c2e2aac3f735	Navy Rewards Card		RTX CAFE TUCSON848 TUCSON AZ				c	-1044/100	-1044/100	2024-02-04 20:43:15
===== END
===== START
C	fc7da5dcf619450187511ac9fd124ba3	2c0d1934fa89496c954cb8c7b1d3eaa3	2024-02-04 20:54:44	2024-02-04 20:43:15	2024-02-02 10:59:00	7c452bea58344d23b0f556cf05df9fe0	Dining		RTX CAFE TUCSON848 TUCSON AZ				n	1044/100	1044/100	1970-01-01 00:00:00
C	fc7da5dcf619450187511ac9fd124ba3	6efa3018f9b2444a97b0464dec6a2f15	2024-02-04 20:54:44	2024-02-04 20:43:15	2024-02-02 10:59:00	48c0a9bb8af04622bbb5c2e2aac3f735	Navy Rewards Card		RTX CAFE TUCSON848 TUCSON AZ				c	-1044/100	-1044/100	2024-02-04 20:43:15
===== END
===== START
===== END
===== START
D	4a3d4642d3d14d32887dbf121d8433ed	b5f2406147c64d6ca301f75aa92e9f4a	2024-02-04 20:56:42	2024-02-04 20:56:42	2024-02-04 10:59:00								n	0/1	0/100	1970-01-01 00:00:00
===== END
===== START
===== END
===== START
B	608e4fd455434cf0a53c646a47a75c8f	c9816be9b8654509a6b0eac47d5dc854	2024-02-04 20:57:31	2024-02-04 20:43:15	2024-01-29 10:59:00	f51833ab51c446f28a6ab0d10a773759	Miscellaneous		GREENTOES NORTH TUCSON AZ				n	5835/100	5835/100	1970-01-01 00:00:00
B	608e4fd455434cf0a53c646a47a75c8f	bcded3873eef4b21ae24a72ab99abd3c	2024-02-04 20:57:31	2024-02-04 20:43:15	2024-01-29 10:59:00	48c0a9bb8af04622bbb5c2e2aac3f735	Navy Rewards Card		GREENTOES NORTH TUCSON AZ				c	-5835/100	-5835/100	2024-02-04 20:43:15
===== END
===== START
C	608e4fd455434cf0a53c646a47a75c8f	c9816be9b8654509a6b0eac47d5dc854	2024-02-04 20:57:31	2024-02-04 20:43:15	2024-01-29 10:59:00	bbed357c20cf4671bd7d4c792f540180	Recreation		GREENTOES NORTH TUCSON AZ				n	5835/100	5835/100	1970-01-01 00:00:00
C	608e4fd455434cf0a53c646a47a75c8f	bcded3873eef4b21ae24a72ab99abd3c	2024-02-04 20:57:31	2024-02-04 20:43:15	2024-01-29 10:59:00	48c0a9bb8af04622bbb5c2e2aac3f735	Navy Rewards Card		GREENTOES NORTH TUCSON AZ				c	-5835/100	-5835/100	2024-02-04 20:43:15
===== END
