mod	trans_guid	split_guid	time_now	date_entered	date_posted	acc_guid	acc_name	num	description	notes	memo	action	reconciled	amount	value	date_reconciled
-----------------
===== START
B	6ccb202f7cd84d2a91005886af8247e6	44a95b721516461b98336e381c189198	2024-01-21 17:39:42	2024-01-21 17:09:53	2024-01-02 10:59:00	48c0a9bb8af04622bbb5c2e2aac3f735	Navy Rewards Card	0001	Microsoft				c	699/100	699/100	2024-01-21 17:09:53
B	6ccb202f7cd84d2a91005886af8247e6	8a8218d329a546a4b6b64633defdfb42	2024-01-21 17:39:42	2024-01-21 17:09:53	2024-01-02 10:59:00	3feaad255df249169127e590b1602cd7	Subscriptions	0001	Microsoft				n	-699/100	-699/100	1970-01-01 00:00:00
===== END
===== START
C	6ccb202f7cd84d2a91005886af8247e6	44a95b721516461b98336e381c189198	2024-01-21 17:39:42	2024-01-21 17:09:53	2024-01-02 10:59:00	48c0a9bb8af04622bbb5c2e2aac3f735	Navy Rewards Card	0001	Microsoft				c	-699/100	-699/100	2024-01-21 17:09:53
C	6ccb202f7cd84d2a91005886af8247e6	8a8218d329a546a4b6b64633defdfb42	2024-01-21 17:39:42	2024-01-21 17:09:53	2024-01-02 10:59:00	3feaad255df249169127e590b1602cd7	Subscriptions	0001	Microsoft				n	699/100	699/100	1970-01-01 00:00:00
===== END
===== START
B	003b08ef0ff94960a289348a4cb469ec	41f2db3a42f44c6cbdb0e1463bd8d2f5	2024-01-21 17:39:48	2024-01-21 17:09:53	2024-01-02 10:59:00	48c0a9bb8af04622bbb5c2e2aac3f735	Navy Rewards Card	0001	RETAIL KISSIMMEE FL - 0001				c	634/100	634/100	2024-01-21 17:09:53
B	003b08ef0ff94960a289348a4cb469ec	be3b0a5725234a64a7f8181bea5c8dae	2024-01-21 17:39:48	2024-01-21 17:09:53	2024-01-02 10:59:00	f51833ab51c446f28a6ab0d10a773759	Miscellaneous	0001	RETAIL KISSIMMEE FL - 0001				n	-634/100	-634/100	1970-01-01 00:00:00
===== END
===== START
C	003b08ef0ff94960a289348a4cb469ec	41f2db3a42f44c6cbdb0e1463bd8d2f5	2024-01-21 17:39:48	2024-01-21 17:09:53	2024-01-02 10:59:00	48c0a9bb8af04622bbb5c2e2aac3f735	Navy Rewards Card	0001	RETAIL KISSIMMEE FL - 0001				c	-634/100	-634/100	2024-01-21 17:09:53
C	003b08ef0ff94960a289348a4cb469ec	be3b0a5725234a64a7f8181bea5c8dae	2024-01-21 17:39:48	2024-01-21 17:09:53	2024-01-02 10:59:00	f51833ab51c446f28a6ab0d10a773759	Miscellaneous	0001	RETAIL KISSIMMEE FL - 0001				n	634/100	634/100	1970-01-01 00:00:00
===== END
===== START
B	ba022ef91295424592314d678bee3e76	4140e69389a345aeb3adfabec38ee090	2024-01-21 17:39:54	2024-01-21 17:09:53	2024-01-02 10:59:00	48c0a9bb8af04622bbb5c2e2aac3f735	Navy Rewards Card	0001	SeaWorld Parks & Entertainment				c	3728/100	3728/100	2024-01-21 17:09:53
B	ba022ef91295424592314d678bee3e76	622fed40d9e743038f3122867e606166	2024-01-21 17:39:54	2024-01-21 17:09:53	2024-01-02 10:59:00	f51833ab51c446f28a6ab0d10a773759	Miscellaneous	0001	SeaWorld Parks & Entertainment				n	-3728/100	-3728/100	1970-01-01 00:00:00
===== END
===== START
C	ba022ef91295424592314d678bee3e76	4140e69389a345aeb3adfabec38ee090	2024-01-21 17:39:54	2024-01-21 17:09:53	2024-01-02 10:59:00	48c0a9bb8af04622bbb5c2e2aac3f735	Navy Rewards Card	0001	SeaWorld Parks & Entertainment				c	-3728/100	-3728/100	2024-01-21 17:09:53
C	ba022ef91295424592314d678bee3e76	622fed40d9e743038f3122867e606166	2024-01-21 17:39:54	2024-01-21 17:09:53	2024-01-02 10:59:00	f51833ab51c446f28a6ab0d10a773759	Miscellaneous	0001	SeaWorld Parks & Entertainment				n	3728/100	3728/100	1970-01-01 00:00:00
===== END
===== START
B	e8b395ed6a5a4e569752dbe1dfdaa400	8b70d854b66c4f228819c40652d0df55	2024-01-21 17:40:22	2024-01-21 17:09:53	2024-01-02 10:59:00	48c0a9bb8af04622bbb5c2e2aac3f735	Navy Rewards Card	0001	TEX MEX				c	3857/100	3857/100	2024-01-21 17:09:53
B	e8b395ed6a5a4e569752dbe1dfdaa400	09a67b4510a144baacaba81eff6bc2ad	2024-01-21 17:40:22	2024-01-21 17:09:53	2024-01-02 10:59:00	7c452bea58344d23b0f556cf05df9fe0	Dining	0001	TEX MEX				n	-3857/100	-3857/100	1970-01-01 00:00:00
===== END
===== START
C	e8b395ed6a5a4e569752dbe1dfdaa400	8b70d854b66c4f228819c40652d0df55	2024-01-21 17:40:22	2024-01-21 17:09:53	2024-01-02 10:59:00	48c0a9bb8af04622bbb5c2e2aac3f735	Navy Rewards Card	0001	TEX MEX				c	-3857/100	-3857/100	2024-01-21 17:09:53
C	e8b395ed6a5a4e569752dbe1dfdaa400	09a67b4510a144baacaba81eff6bc2ad	2024-01-21 17:40:22	2024-01-21 17:09:53	2024-01-02 10:59:00	7c452bea58344d23b0f556cf05df9fe0	Dining	0001	TEX MEX				n	3857/100	3857/100	1970-01-01 00:00:00
===== END
===== START
B	2774472783ab4b5cbde0a48e3069f63e	b916d03f74364915b52a8e81c213979b	2024-01-21 17:40:27	2024-01-21 17:09:53	2024-01-02 10:59:00	48c0a9bb8af04622bbb5c2e2aac3f735	Navy Rewards Card	0001	Topgolf				c	5566/100	5566/100	2024-01-21 17:09:53
B	2774472783ab4b5cbde0a48e3069f63e	2702476598aa4702a974bca120a909bc	2024-01-21 17:40:27	2024-01-21 17:09:53	2024-01-02 10:59:00	bbed357c20cf4671bd7d4c792f540180	Recreation	0001	Topgolf				n	-5566/100	-5566/100	1970-01-01 00:00:00
===== END
===== START
C	2774472783ab4b5cbde0a48e3069f63e	b916d03f74364915b52a8e81c213979b	2024-01-21 17:40:27	2024-01-21 17:09:53	2024-01-02 10:59:00	48c0a9bb8af04622bbb5c2e2aac3f735	Navy Rewards Card	0001	Topgolf				c	-5566/100	-5566/100	2024-01-21 17:09:53
C	2774472783ab4b5cbde0a48e3069f63e	2702476598aa4702a974bca120a909bc	2024-01-21 17:40:27	2024-01-21 17:09:53	2024-01-02 10:59:00	bbed357c20cf4671bd7d4c792f540180	Recreation	0001	Topgolf				n	5566/100	5566/100	1970-01-01 00:00:00
===== END
===== START
B	c6c0be4886b24022a5e9d17b6128e979	8944fcc07ec44912a2d5cfb417628f49	2024-01-21 17:40:32	2024-01-21 17:09:53	2024-01-02 10:59:00	48c0a9bb8af04622bbb5c2e2aac3f735	Navy Rewards Card	0001	Vasa Fitness				c	10248/100	10248/100	2024-01-21 17:09:53
B	c6c0be4886b24022a5e9d17b6128e979	40cccaf1f4174159808989d691797b7a	2024-01-21 17:40:32	2024-01-21 17:09:53	2024-01-02 10:59:00	789025d0417f4d7d9ea5258d8ea5a14a	Hobbies	0001	Vasa Fitness				n	-10248/100	-10248/100	1970-01-01 00:00:00
===== END
===== START
C	c6c0be4886b24022a5e9d17b6128e979	8944fcc07ec44912a2d5cfb417628f49	2024-01-21 17:40:32	2024-01-21 17:09:53	2024-01-02 10:59:00	48c0a9bb8af04622bbb5c2e2aac3f735	Navy Rewards Card	0001	Vasa Fitness				c	-10248/100	-10248/100	2024-01-21 17:09:53
C	c6c0be4886b24022a5e9d17b6128e979	40cccaf1f4174159808989d691797b7a	2024-01-21 17:40:32	2024-01-21 17:09:53	2024-01-02 10:59:00	789025d0417f4d7d9ea5258d8ea5a14a	Hobbies	0001	Vasa Fitness				n	10248/100	10248/100	1970-01-01 00:00:00
===== END
===== START
B	85a1d63055a340919c42ece2e6eb7c03	b3d05c0e40a74930bd5bd562f2a23ae1	2024-01-21 17:40:37	2024-01-21 17:09:53	2024-01-02 10:59:00	48c0a9bb8af04622bbb5c2e2aac3f735	Navy Rewards Card	0001	Wawa				c	1430/100	1430/100	2024-01-21 17:09:53
B	85a1d63055a340919c42ece2e6eb7c03	62cf68f5e2e4480ba63d8cb923a13896	2024-01-21 17:40:37	2024-01-21 17:09:53	2024-01-02 10:59:00	a996b30c3e714c1483ec007f2699fc71	Groceries	0001	Wawa				n	-1430/100	-1430/100	1970-01-01 00:00:00
===== END
===== START
C	85a1d63055a340919c42ece2e6eb7c03	b3d05c0e40a74930bd5bd562f2a23ae1	2024-01-21 17:40:37	2024-01-21 17:09:53	2024-01-02 10:59:00	48c0a9bb8af04622bbb5c2e2aac3f735	Navy Rewards Card	0001	Wawa				c	-1430/100	-1430/100	2024-01-21 17:09:53
C	85a1d63055a340919c42ece2e6eb7c03	62cf68f5e2e4480ba63d8cb923a13896	2024-01-21 17:40:37	2024-01-21 17:09:53	2024-01-02 10:59:00	a996b30c3e714c1483ec007f2699fc71	Groceries	0001	Wawa				n	1430/100	1430/100	1970-01-01 00:00:00
===== END
===== START
B	2057a9206ee24679a6585af743633f52	2277a88bd94f44899466ac91b5dc086e	2024-01-21 17:40:41	2024-01-21 17:09:53	2024-01-02 10:59:00	48c0a9bb8af04622bbb5c2e2aac3f735	Navy Rewards Card	4430	Speedway				c	4418/100	4418/100	2024-01-21 17:09:53
B	2057a9206ee24679a6585af743633f52	edc1a2d2ff764a28abfb2a6ac759cdab	2024-01-21 17:40:41	2024-01-21 17:09:53	2024-01-02 10:59:00	27481ce2defd46158db8ea43cba7ef12	Fuel	4430	Speedway				n	-4418/100	-4418/100	1970-01-01 00:00:00
===== END
===== START
C	2057a9206ee24679a6585af743633f52	2277a88bd94f44899466ac91b5dc086e	2024-01-21 17:40:41	2024-01-21 17:09:53	2024-01-02 10:59:00	48c0a9bb8af04622bbb5c2e2aac3f735	Navy Rewards Card	4430	Speedway				c	-4418/100	-4418/100	2024-01-21 17:09:53
C	2057a9206ee24679a6585af743633f52	edc1a2d2ff764a28abfb2a6ac759cdab	2024-01-21 17:40:41	2024-01-21 17:09:53	2024-01-02 10:59:00	27481ce2defd46158db8ea43cba7ef12	Fuel	4430	Speedway				n	4418/100	4418/100	1970-01-01 00:00:00
===== END
===== START
B	ff00e8a39a8b498f8f8309710bdfbcba	91324ba601964baab4e3dddd7cf1e253	2024-01-21 17:40:47	2024-01-21 17:09:53	2024-01-02 10:59:00	48c0a9bb8af04622bbb5c2e2aac3f735	Navy Rewards Card	4430	Target				c	7916/100	7916/100	2024-01-21 17:09:53
B	ff00e8a39a8b498f8f8309710bdfbcba	246a4c88d0d6479a86043dd67476f67c	2024-01-21 17:40:47	2024-01-21 17:09:53	2024-01-02 10:59:00	a996b30c3e714c1483ec007f2699fc71	Groceries	4430	Target				n	-7916/100	-7916/100	1970-01-01 00:00:00
===== END
===== START
C	ff00e8a39a8b498f8f8309710bdfbcba	91324ba601964baab4e3dddd7cf1e253	2024-01-21 17:40:47	2024-01-21 17:09:53	2024-01-02 10:59:00	48c0a9bb8af04622bbb5c2e2aac3f735	Navy Rewards Card	4430	Target				c	-7916/100	-7916/100	2024-01-21 17:09:53
C	ff00e8a39a8b498f8f8309710bdfbcba	246a4c88d0d6479a86043dd67476f67c	2024-01-21 17:40:47	2024-01-21 17:09:53	2024-01-02 10:59:00	a996b30c3e714c1483ec007f2699fc71	Groceries	4430	Target				n	7916/100	7916/100	1970-01-01 00:00:00
===== END
===== START
B	161f348200434c80ba9e9e6224836718	9ee8138291794a4596c68d6aaedd381f	2024-01-21 17:40:51	2024-01-21 17:09:53	2024-01-02 10:59:00	48c0a9bb8af04622bbb5c2e2aac3f735	Navy Rewards Card	4430	Trader Joe's				c	6492/100	6492/100	2024-01-21 17:09:53
B	161f348200434c80ba9e9e6224836718	4e3a32f281664e799f26de727c781c02	2024-01-21 17:40:51	2024-01-21 17:09:53	2024-01-02 10:59:00	a996b30c3e714c1483ec007f2699fc71	Groceries	4430	Trader Joe's				n	-6492/100	-6492/100	1970-01-01 00:00:00
===== END
===== START
C	161f348200434c80ba9e9e6224836718	9ee8138291794a4596c68d6aaedd381f	2024-01-21 17:40:51	2024-01-21 17:09:53	2024-01-02 10:59:00	48c0a9bb8af04622bbb5c2e2aac3f735	Navy Rewards Card	4430	Trader Joe's				c	-6492/100	-6492/100	2024-01-21 17:09:53
C	161f348200434c80ba9e9e6224836718	4e3a32f281664e799f26de727c781c02	2024-01-21 17:40:51	2024-01-21 17:09:53	2024-01-02 10:59:00	a996b30c3e714c1483ec007f2699fc71	Groceries	4430	Trader Joe's				n	6492/100	6492/100	1970-01-01 00:00:00
===== END
===== START
B	5d4f29f5144b427088d282638982fc16	b195f75c714d49c0a146296c512b4fcc	2024-01-21 17:40:56	2024-01-21 17:09:53	2024-01-02 10:59:00	48c0a9bb8af04622bbb5c2e2aac3f735	Navy Rewards Card	4430	WDW SWIRLS ON WATER LAKE BUENA VIFL - 4430				c	1169/100	1169/100	2024-01-21 17:09:53
B	5d4f29f5144b427088d282638982fc16	d135e3980ba846c1ae94a19209e39e10	2024-01-21 17:40:56	2024-01-21 17:09:53	2024-01-02 10:59:00	bbed357c20cf4671bd7d4c792f540180	Recreation	4430	WDW SWIRLS ON WATER LAKE BUENA VIFL - 4430				n	-1169/100	-1169/100	1970-01-01 00:00:00
===== END
===== START
C	5d4f29f5144b427088d282638982fc16	b195f75c714d49c0a146296c512b4fcc	2024-01-21 17:40:56	2024-01-21 17:09:53	2024-01-02 10:59:00	48c0a9bb8af04622bbb5c2e2aac3f735	Navy Rewards Card	4430	WDW SWIRLS ON WATER LAKE BUENA VIFL - 4430				c	-1169/100	-1169/100	2024-01-21 17:09:53
C	5d4f29f5144b427088d282638982fc16	d135e3980ba846c1ae94a19209e39e10	2024-01-21 17:40:56	2024-01-21 17:09:53	2024-01-02 10:59:00	bbed357c20cf4671bd7d4c792f540180	Recreation	4430	WDW SWIRLS ON WATER LAKE BUENA VIFL - 4430				n	1169/100	1169/100	1970-01-01 00:00:00
===== END
===== START
B	7014b9e4e76d4e16a702a6ecb205b67a	c7f9a6988a584d3d967e57d5af13ffb9	2024-01-21 17:41:01	2024-01-21 17:09:53	2024-01-02 10:59:00	48c0a9bb8af04622bbb5c2e2aac3f735	Navy Rewards Card	4430	Whole Foods Market				c	7053/100	7053/100	2024-01-21 17:09:53
B	7014b9e4e76d4e16a702a6ecb205b67a	fb91e231136f487ba3af0df69cf17e55	2024-01-21 17:41:01	2024-01-21 17:09:53	2024-01-02 10:59:00	a996b30c3e714c1483ec007f2699fc71	Groceries	4430	Whole Foods Market				n	-7053/100	-7053/100	1970-01-01 00:00:00
===== END
===== START
C	7014b9e4e76d4e16a702a6ecb205b67a	c7f9a6988a584d3d967e57d5af13ffb9	2024-01-21 17:41:01	2024-01-21 17:09:53	2024-01-02 10:59:00	48c0a9bb8af04622bbb5c2e2aac3f735	Navy Rewards Card	4430	Whole Foods Market				c	-7053/100	-7053/100	2024-01-21 17:09:53
C	7014b9e4e76d4e16a702a6ecb205b67a	fb91e231136f487ba3af0df69cf17e55	2024-01-21 17:41:01	2024-01-21 17:09:53	2024-01-02 10:59:00	a996b30c3e714c1483ec007f2699fc71	Groceries	4430	Whole Foods Market				n	7053/100	7053/100	1970-01-01 00:00:00
===== END
===== START
B	35b948f4c69144d5b56ad65132cabd4d	2712b8de194648c4a631f3a3a365f0ef	2024-01-21 17:41:06	2024-01-21 17:09:53	2024-01-03 10:59:00	48c0a9bb8af04622bbb5c2e2aac3f735	Navy Rewards Card	0001	CrossFit				c	6912/100	6912/100	2024-01-21 17:09:53
B	35b948f4c69144d5b56ad65132cabd4d	5300862cf2494c3f853562f977a60431	2024-01-21 17:41:06	2024-01-21 17:09:53	2024-01-03 10:59:00	789025d0417f4d7d9ea5258d8ea5a14a	Hobbies	0001	CrossFit				n	-6912/100	-6912/100	1970-01-01 00:00:00
===== END
===== START
C	35b948f4c69144d5b56ad65132cabd4d	2712b8de194648c4a631f3a3a365f0ef	2024-01-21 17:41:06	2024-01-21 17:09:53	2024-01-03 10:59:00	48c0a9bb8af04622bbb5c2e2aac3f735	Navy Rewards Card	0001	CrossFit				c	-6912/100	-6912/100	2024-01-21 17:09:53
C	35b948f4c69144d5b56ad65132cabd4d	5300862cf2494c3f853562f977a60431	2024-01-21 17:41:06	2024-01-21 17:09:53	2024-01-03 10:59:00	789025d0417f4d7d9ea5258d8ea5a14a	Hobbies	0001	CrossFit				n	6912/100	6912/100	1970-01-01 00:00:00
===== END
===== START
B	6603866095064c4f9ad1d56005b5ed2e	4fe31db96b35418aa386e07e66063b02	2024-01-21 17:42:53	2024-01-21 17:09:53	2024-01-03 10:59:00	48c0a9bb8af04622bbb5c2e2aac3f735	Navy Rewards Card	0001	JCLICK MZ EAST F&I TUCSON AZ - 0001				c	100000/100	100000/100	2024-01-21 17:09:53
B	6603866095064c4f9ad1d56005b5ed2e	d1e9380e549a4abb8f36ff8a1b84311f	2024-01-21 17:42:53	2024-01-21 17:09:53	2024-01-03 10:59:00	1062845aaafc40eeae65b1822c287a64	Mazda CX-30	0001	JCLICK MZ EAST F&I TUCSON AZ - 0001				n	-100000/100	-100000/100	1970-01-01 00:00:00
===== END
===== START
C	6603866095064c4f9ad1d56005b5ed2e	4fe31db96b35418aa386e07e66063b02	2024-01-21 17:42:53	2024-01-21 17:09:53	2024-01-03 10:59:00	48c0a9bb8af04622bbb5c2e2aac3f735	Navy Rewards Card	0001	JCLICK MZ EAST F&I TUCSON AZ - 0001				c	-100000/100	-100000/100	2024-01-21 17:09:53
C	6603866095064c4f9ad1d56005b5ed2e	d1e9380e549a4abb8f36ff8a1b84311f	2024-01-21 17:42:53	2024-01-21 17:09:53	2024-01-03 10:59:00	1062845aaafc40eeae65b1822c287a64	Mazda CX-30	0001	JCLICK MZ EAST F&I TUCSON AZ - 0001				n	100000/100	100000/100	1970-01-01 00:00:00
===== END
===== START
B	3c0d927827824097971426229c0e202b	d7466a77818249219b24814c9d18ca1b	2024-01-21 17:43:00	2024-01-21 17:09:53	2024-01-03 10:59:00	48c0a9bb8af04622bbb5c2e2aac3f735	Navy Rewards Card	4430	Target				c	2726/100	2726/100	2024-01-21 17:09:53
B	3c0d927827824097971426229c0e202b	d3489ff5df6c4a38b76841572bcb943f	2024-01-21 17:43:00	2024-01-21 17:09:53	2024-01-03 10:59:00	a996b30c3e714c1483ec007f2699fc71	Groceries	4430	Target				n	-2726/100	-2726/100	1970-01-01 00:00:00
===== END
===== START
C	3c0d927827824097971426229c0e202b	d7466a77818249219b24814c9d18ca1b	2024-01-21 17:43:00	2024-01-21 17:09:53	2024-01-03 10:59:00	48c0a9bb8af04622bbb5c2e2aac3f735	Navy Rewards Card	4430	Target				n	-2726/100	-2726/100	2024-01-21 17:09:53
C	3c0d927827824097971426229c0e202b	d3489ff5df6c4a38b76841572bcb943f	2024-01-21 17:43:00	2024-01-21 17:09:53	2024-01-03 10:59:00	a996b30c3e714c1483ec007f2699fc71	Groceries	4430	Target				n	2726/100	2726/100	1970-01-01 00:00:00
===== END
===== START
B	3c0d927827824097971426229c0e202b	d3489ff5df6c4a38b76841572bcb943f	2024-01-21 17:43:03	2024-01-21 17:09:53	2024-01-03 10:59:00	a996b30c3e714c1483ec007f2699fc71	Groceries	4430	Target				n	2726/100	2726/100	1970-01-01 00:00:00
B	3c0d927827824097971426229c0e202b	d7466a77818249219b24814c9d18ca1b	2024-01-21 17:43:03	2024-01-21 17:09:53	2024-01-03 10:59:00	48c0a9bb8af04622bbb5c2e2aac3f735	Navy Rewards Card	4430	Target				n	-2726/100	-2726/100	2024-01-21 17:09:53
===== END
===== START
C	3c0d927827824097971426229c0e202b	d3489ff5df6c4a38b76841572bcb943f	2024-01-21 17:43:03	2024-01-21 17:09:53	2024-01-03 10:59:00	a996b30c3e714c1483ec007f2699fc71	Groceries	4430	Target				n	2726/100	2726/100	1970-01-01 00:00:00
C	3c0d927827824097971426229c0e202b	d7466a77818249219b24814c9d18ca1b	2024-01-21 17:43:03	2024-01-21 17:09:53	2024-01-03 10:59:00	48c0a9bb8af04622bbb5c2e2aac3f735	Navy Rewards Card	4430	Target				c	-2726/100	-2726/100	2024-01-21 17:09:53
===== END
===== START
B	d16379ad65ec4038bde560621617735a	ed627fbcb44e49b4b274a51cfb0a53df	2024-01-21 17:43:10	2024-01-21 17:09:53	2024-01-03 10:59:00	48c0a9bb8af04622bbb5c2e2aac3f735	Navy Rewards Card	4430	Target				c	5439/100	5439/100	2024-01-21 17:09:53
B	d16379ad65ec4038bde560621617735a	1750224752f447539681beba33e31c1d	2024-01-21 17:43:10	2024-01-21 17:09:53	2024-01-03 10:59:00	a996b30c3e714c1483ec007f2699fc71	Groceries	4430	Target				n	-5439/100	-5439/100	1970-01-01 00:00:00
===== END
===== START
C	d16379ad65ec4038bde560621617735a	ed627fbcb44e49b4b274a51cfb0a53df	2024-01-21 17:43:10	2024-01-21 17:09:53	2024-01-03 10:59:00	48c0a9bb8af04622bbb5c2e2aac3f735	Navy Rewards Card	4430	Target				c	-5439/100	-5439/100	2024-01-21 17:09:53
C	d16379ad65ec4038bde560621617735a	1750224752f447539681beba33e31c1d	2024-01-21 17:43:10	2024-01-21 17:09:53	2024-01-03 10:59:00	a996b30c3e714c1483ec007f2699fc71	Groceries	4430	Target				n	5439/100	5439/100	1970-01-01 00:00:00
===== END
===== START
B	b18925f7a1d845ff9a2b870e060c9775	0e4014ed685341ff80a538b211adad0d	2024-01-21 17:43:14	2024-01-21 17:09:53	2024-01-04 10:59:00	48c0a9bb8af04622bbb5c2e2aac3f735	Navy Rewards Card	4430	Amazon Marketplace				c	1301/100	1301/100	2024-01-21 17:09:53
B	b18925f7a1d845ff9a2b870e060c9775	3d6312ae1070492caf8bda8265257332	2024-01-21 17:43:14	2024-01-21 17:09:53	2024-01-04 10:59:00	b99c0de1f86346e7a7a1138b6ed4c29d	Gifts	4430	Amazon Marketplace				n	-1301/100	-1301/100	1970-01-01 00:00:00
===== END
===== START
C	b18925f7a1d845ff9a2b870e060c9775	0e4014ed685341ff80a538b211adad0d	2024-01-21 17:43:14	2024-01-21 17:09:53	2024-01-04 10:59:00	48c0a9bb8af04622bbb5c2e2aac3f735	Navy Rewards Card	4430	Amazon Marketplace				c	-1301/100	-1301/100	2024-01-21 17:09:53
C	b18925f7a1d845ff9a2b870e060c9775	3d6312ae1070492caf8bda8265257332	2024-01-21 17:43:14	2024-01-21 17:09:53	2024-01-04 10:59:00	b99c0de1f86346e7a7a1138b6ed4c29d	Gifts	4430	Amazon Marketplace				n	1301/100	1301/100	1970-01-01 00:00:00
===== END
===== START
B	ffa90934e7a24fb38e8dcfdd8193df75	743f0d89ab5244aab0adf56482d8b4fb	2024-01-21 17:43:27	2024-01-21 17:09:53	2024-01-04 10:59:00	48c0a9bb8af04622bbb5c2e2aac3f735	Navy Rewards Card	4430	Apple				c	760/100	760/100	2024-01-21 17:09:53
B	ffa90934e7a24fb38e8dcfdd8193df75	940065a33f1f4938b655d8070c452a5b	2024-01-21 17:43:27	2024-01-21 17:09:53	2024-01-04 10:59:00	3feaad255df249169127e590b1602cd7	Subscriptions	4430	Apple				n	-760/100	-760/100	1970-01-01 00:00:00
===== END
===== START
C	ffa90934e7a24fb38e8dcfdd8193df75	743f0d89ab5244aab0adf56482d8b4fb	2024-01-21 17:43:27	2024-01-21 17:09:53	2024-01-04 10:59:00	48c0a9bb8af04622bbb5c2e2aac3f735	Navy Rewards Card	4430	Apple				c	-760/100	-760/100	2024-01-21 17:09:53
C	ffa90934e7a24fb38e8dcfdd8193df75	940065a33f1f4938b655d8070c452a5b	2024-01-21 17:43:27	2024-01-21 17:09:53	2024-01-04 10:59:00	3feaad255df249169127e590b1602cd7	Subscriptions	4430	Apple				n	760/100	760/100	1970-01-01 00:00:00
===== END
===== START
B	6a95211f69ef4daa902887a21cbede29	bb1cd86770474e7a87651f1d54c532d7	2024-01-21 17:43:38	2024-01-21 17:09:53	2024-01-04 10:59:00	48c0a9bb8af04622bbb5c2e2aac3f735	Navy Rewards Card	4430	Target				c	5874/100	5874/100	2024-01-21 17:09:53
B	6a95211f69ef4daa902887a21cbede29	751328acc80e4e36bf4c011cbe1511b6	2024-01-21 17:43:38	2024-01-21 17:09:53	2024-01-04 10:59:00	a996b30c3e714c1483ec007f2699fc71	Groceries	4430	Target				n	-5874/100	-5874/100	1970-01-01 00:00:00
===== END
===== START
C	6a95211f69ef4daa902887a21cbede29	bb1cd86770474e7a87651f1d54c532d7	2024-01-21 17:43:38	2024-01-21 17:09:53	2024-01-04 10:59:00	48c0a9bb8af04622bbb5c2e2aac3f735	Navy Rewards Card	4430	Target				c	0/100	0/100	2024-01-21 17:09:53
C	6a95211f69ef4daa902887a21cbede29	751328acc80e4e36bf4c011cbe1511b6	2024-01-21 17:43:38	2024-01-21 17:09:53	2024-01-04 10:59:00	a996b30c3e714c1483ec007f2699fc71	Groceries	4430	Target				n	0/100	0/100	1970-01-01 00:00:00
===== END
===== START
B	6a95211f69ef4daa902887a21cbede29	bb1cd86770474e7a87651f1d54c532d7	2024-01-21 17:43:47	2024-01-21 17:09:53	2024-01-04 10:59:00	48c0a9bb8af04622bbb5c2e2aac3f735	Navy Rewards Card	4430	Target				c	0/100	0/100	2024-01-21 17:09:53
B	6a95211f69ef4daa902887a21cbede29	751328acc80e4e36bf4c011cbe1511b6	2024-01-21 17:43:47	2024-01-21 17:09:53	2024-01-04 10:59:00	a996b30c3e714c1483ec007f2699fc71	Groceries	4430	Target				n	0/100	0/100	1970-01-01 00:00:00
===== END
===== START
C	6a95211f69ef4daa902887a21cbede29	bb1cd86770474e7a87651f1d54c532d7	2024-01-21 17:43:47	2024-01-21 17:09:53	2024-01-04 10:59:00	48c0a9bb8af04622bbb5c2e2aac3f735	Navy Rewards Card	4430	Target				c	-5874/100	-5874/100	2024-01-21 17:09:53
C	6a95211f69ef4daa902887a21cbede29	751328acc80e4e36bf4c011cbe1511b6	2024-01-21 17:43:47	2024-01-21 17:09:53	2024-01-04 10:59:00	a996b30c3e714c1483ec007f2699fc71	Groceries	4430	Target				n	5874/100	5874/100	1970-01-01 00:00:00
===== END
===== START
B	2e0f63965f2347fc80a1fa75d36baa38	b9c90cad87034a579525a124885ae44b	2024-01-21 17:44:02	2024-01-21 17:09:53	2024-01-04 10:59:00	48c0a9bb8af04622bbb5c2e2aac3f735	Navy Rewards Card	4430	The Home Depot				c	2500/100	2500/100	2024-01-21 17:09:53
B	2e0f63965f2347fc80a1fa75d36baa38	d9449a12de5340da94326d3f4934a9b8	2024-01-21 17:44:02	2024-01-21 17:09:53	2024-01-04 10:59:00	f51833ab51c446f28a6ab0d10a773759	Miscellaneous	4430	The Home Depot				n	-2500/100	-2500/100	1970-01-01 00:00:00
===== END
===== START
C	2e0f63965f2347fc80a1fa75d36baa38	b9c90cad87034a579525a124885ae44b	2024-01-21 17:44:02	2024-01-21 17:09:53	2024-01-04 10:59:00	48c0a9bb8af04622bbb5c2e2aac3f735	Navy Rewards Card	4430	The Home Depot				c	-2500/100	-2500/100	2024-01-21 17:09:53
C	2e0f63965f2347fc80a1fa75d36baa38	d9449a12de5340da94326d3f4934a9b8	2024-01-21 17:44:02	2024-01-21 17:09:53	2024-01-04 10:59:00	f51833ab51c446f28a6ab0d10a773759	Miscellaneous	4430	The Home Depot				n	2500/100	2500/100	1970-01-01 00:00:00
===== END
===== START
B	fdace304fa5d4ce185f76fff81796c50	db5365133d744715bc460cf71ee10277	2024-01-21 17:44:09	2024-01-21 17:09:53	2024-01-04 10:59:00	48c0a9bb8af04622bbb5c2e2aac3f735	Navy Rewards Card	4430	The UPS Store				c	500/100	500/100	2024-01-21 17:09:53
B	fdace304fa5d4ce185f76fff81796c50	89d19f1216c24f5b8d7122d7498edba8	2024-01-21 17:44:09	2024-01-21 17:09:53	2024-01-04 10:59:00	f51833ab51c446f28a6ab0d10a773759	Miscellaneous	4430	The UPS Store				n	-500/100	-500/100	1970-01-01 00:00:00
===== END
===== START
C	fdace304fa5d4ce185f76fff81796c50	db5365133d744715bc460cf71ee10277	2024-01-21 17:44:09	2024-01-21 17:09:53	2024-01-04 10:59:00	48c0a9bb8af04622bbb5c2e2aac3f735	Navy Rewards Card	4430	The UPS Store				c	-500/100	-500/100	2024-01-21 17:09:53
C	fdace304fa5d4ce185f76fff81796c50	89d19f1216c24f5b8d7122d7498edba8	2024-01-21 17:44:09	2024-01-21 17:09:53	2024-01-04 10:59:00	f51833ab51c446f28a6ab0d10a773759	Miscellaneous	4430	The UPS Store				n	500/100	500/100	1970-01-01 00:00:00
===== END
===== START
B	1b5acb9151894e369e95aff236bc8d12	313b193e206f47f88252af82b05f66bb	2024-01-21 17:44:16	2024-01-21 17:09:53	2024-01-04 10:59:00	48c0a9bb8af04622bbb5c2e2aac3f735	Navy Rewards Card	4430	Trader Joe's				c	5306/100	5306/100	2024-01-21 17:09:53
B	1b5acb9151894e369e95aff236bc8d12	6eb477b2888c46cbbeeed1bbc5ead1cb	2024-01-21 17:44:16	2024-01-21 17:09:53	2024-01-04 10:59:00	a996b30c3e714c1483ec007f2699fc71	Groceries	4430	Trader Joe's				n	-5306/100	-5306/100	1970-01-01 00:00:00
===== END
===== START
C	1b5acb9151894e369e95aff236bc8d12	313b193e206f47f88252af82b05f66bb	2024-01-21 17:44:16	2024-01-21 17:09:53	2024-01-04 10:59:00	48c0a9bb8af04622bbb5c2e2aac3f735	Navy Rewards Card	4430	Trader Joe's				c	-5306/100	-5306/100	2024-01-21 17:09:53
C	1b5acb9151894e369e95aff236bc8d12	6eb477b2888c46cbbeeed1bbc5ead1cb	2024-01-21 17:44:16	2024-01-21 17:09:53	2024-01-04 10:59:00	a996b30c3e714c1483ec007f2699fc71	Groceries	4430	Trader Joe's				n	5306/100	5306/100	1970-01-01 00:00:00
===== END
===== START
B	615176ff05d54cf08b736d79a98e55c5	26b1318b682e472da9803e4249a9ef57	2024-01-21 17:44:21	2024-01-21 17:09:53	2024-01-05 10:59:00	48c0a9bb8af04622bbb5c2e2aac3f735	Navy Rewards Card	0001	Circle K				c	1414/100	1414/100	2024-01-21 17:09:53
B	615176ff05d54cf08b736d79a98e55c5	ae623e24e58e4e928b36386f8c44ee3d	2024-01-21 17:44:21	2024-01-21 17:09:53	2024-01-05 10:59:00	a996b30c3e714c1483ec007f2699fc71	Groceries	0001	Circle K				n	-1414/100	-1414/100	1970-01-01 00:00:00
===== END
===== START
C	615176ff05d54cf08b736d79a98e55c5	26b1318b682e472da9803e4249a9ef57	2024-01-21 17:44:21	2024-01-21 17:09:53	2024-01-05 10:59:00	48c0a9bb8af04622bbb5c2e2aac3f735	Navy Rewards Card	0001	Circle K				c	-1414/100	-1414/100	2024-01-21 17:09:53
C	615176ff05d54cf08b736d79a98e55c5	ae623e24e58e4e928b36386f8c44ee3d	2024-01-21 17:44:21	2024-01-21 17:09:53	2024-01-05 10:59:00	a996b30c3e714c1483ec007f2699fc71	Groceries	0001	Circle K				n	1414/100	1414/100	1970-01-01 00:00:00
===== END
===== START
B	a475743c0d974e45b8cbcb421d9be567	281f088ea72b4fdd971e630340ad9754	2024-01-21 17:44:28	2024-01-21 17:09:53	2024-01-05 10:59:00	48c0a9bb8af04622bbb5c2e2aac3f735	Navy Rewards Card	0001	Tucson Hop Shop				c	3105/100	3105/100	2024-01-21 17:09:53
B	a475743c0d974e45b8cbcb421d9be567	c00028af248d4448bb88e6fee48bd4de	2024-01-21 17:44:28	2024-01-21 17:09:53	2024-01-05 10:59:00	7c452bea58344d23b0f556cf05df9fe0	Dining	0001	Tucson Hop Shop				n	-3105/100	-3105/100	1970-01-01 00:00:00
===== END
===== START
C	a475743c0d974e45b8cbcb421d9be567	281f088ea72b4fdd971e630340ad9754	2024-01-21 17:44:28	2024-01-21 17:09:53	2024-01-05 10:59:00	48c0a9bb8af04622bbb5c2e2aac3f735	Navy Rewards Card	0001	Tucson Hop Shop				c	-3105/100	-3105/100	2024-01-21 17:09:53
C	a475743c0d974e45b8cbcb421d9be567	c00028af248d4448bb88e6fee48bd4de	2024-01-21 17:44:28	2024-01-21 17:09:53	2024-01-05 10:59:00	7c452bea58344d23b0f556cf05df9fe0	Dining	0001	Tucson Hop Shop				n	3105/100	3105/100	1970-01-01 00:00:00
===== END
===== START
B	84b9edfe04354f2abcb9bf05b82c4071	93f608c3905148ecbd113a575f3ee4e1	2024-01-21 17:44:33	2024-01-21 17:09:53	2024-01-05 10:59:00	48c0a9bb8af04622bbb5c2e2aac3f735	Navy Rewards Card	4430	IKEA				c	6660/100	6660/100	2024-01-21 17:09:53
B	84b9edfe04354f2abcb9bf05b82c4071	fb889910ab174d1b87402f90368e8645	2024-01-21 17:44:33	2024-01-21 17:09:53	2024-01-05 10:59:00	f51833ab51c446f28a6ab0d10a773759	Miscellaneous	4430	IKEA				n	-6660/100	-6660/100	1970-01-01 00:00:00
===== END
===== START
C	84b9edfe04354f2abcb9bf05b82c4071	93f608c3905148ecbd113a575f3ee4e1	2024-01-21 17:44:33	2024-01-21 17:09:53	2024-01-05 10:59:00	48c0a9bb8af04622bbb5c2e2aac3f735	Navy Rewards Card	4430	IKEA				c	0/100	0/100	2024-01-21 17:09:53
C	84b9edfe04354f2abcb9bf05b82c4071	fb889910ab174d1b87402f90368e8645	2024-01-21 17:44:33	2024-01-21 17:09:53	2024-01-05 10:59:00	f51833ab51c446f28a6ab0d10a773759	Miscellaneous	4430	IKEA				n	0/100	0/100	1970-01-01 00:00:00
===== END
===== START
B	84b9edfe04354f2abcb9bf05b82c4071	93f608c3905148ecbd113a575f3ee4e1	2024-01-21 17:44:38	2024-01-21 17:09:53	2024-01-05 10:59:00	48c0a9bb8af04622bbb5c2e2aac3f735	Navy Rewards Card	4430	IKEA				c	0/100	0/100	2024-01-21 17:09:53
B	84b9edfe04354f2abcb9bf05b82c4071	fb889910ab174d1b87402f90368e8645	2024-01-21 17:44:38	2024-01-21 17:09:53	2024-01-05 10:59:00	f51833ab51c446f28a6ab0d10a773759	Miscellaneous	4430	IKEA				n	0/100	0/100	1970-01-01 00:00:00
===== END
===== START
C	84b9edfe04354f2abcb9bf05b82c4071	93f608c3905148ecbd113a575f3ee4e1	2024-01-21 17:44:38	2024-01-21 17:09:53	2024-01-05 10:59:00	48c0a9bb8af04622bbb5c2e2aac3f735	Navy Rewards Card	4430	IKEA				c	-6660/100	-6660/100	2024-01-21 17:09:53
C	84b9edfe04354f2abcb9bf05b82c4071	fb889910ab174d1b87402f90368e8645	2024-01-21 17:44:38	2024-01-21 17:09:53	2024-01-05 10:59:00	f51833ab51c446f28a6ab0d10a773759	Miscellaneous	4430	IKEA				n	6660/100	6660/100	1970-01-01 00:00:00
===== END
