mod	trans_guid	split_guid	time_now	date_entered	date_posted	acc_guid	acc_name	num	description	notes	memo	action	reconciled	amount	value	date_reconciled
-----------------
===== START
B	15ef59315f134758925927a9e568397b	d1cb50792bdb486f86ee6dea5ccb648c	2024-08-11 20:24:18	2024-08-11 19:49:23	2024-04-01 10:59:00	3323a52a32464e5db6926fdc8fbced8f	Imbalance-USD		Anthropologie	OFX ext. info: |Trans type:Generic debit|Memo:ANTHROPOLOGIE #467 TUCSON AZ - 4430			n	4372/100	4372/100	1970-01-01 00:00:00
B	15ef59315f134758925927a9e568397b	c10fc527cc1141f2851f19d8916ecc52	2024-08-11 20:24:18	2024-08-11 19:49:23	2024-04-01 10:59:00	48c0a9bb8af04622bbb5c2e2aac3f735	Navy Rewards Card		Anthropologie	OFX ext. info: |Trans type:Generic debit|Memo:ANTHROPOLOGIE #467 TUCSON AZ - 4430	ANTHROPOLOGIE #467 TUCSON AZ - 4430		c	-4372/100	-4372/100	2024-08-11 20:19:10
===== END
===== START
C	15ef59315f134758925927a9e568397b	d1cb50792bdb486f86ee6dea5ccb648c	2024-08-11 20:24:18	2024-08-11 19:49:23	2024-04-01 10:59:00	f51833ab51c446f28a6ab0d10a773759	Miscellaneous		Anthropologie	OFX ext. info: |Trans type:Generic debit|Memo:ANTHROPOLOGIE #467 TUCSON AZ - 4430			n	4372/100	4372/100	1970-01-01 00:00:00
C	15ef59315f134758925927a9e568397b	c10fc527cc1141f2851f19d8916ecc52	2024-08-11 20:24:18	2024-08-11 19:49:23	2024-04-01 10:59:00	48c0a9bb8af04622bbb5c2e2aac3f735	Navy Rewards Card		Anthropologie	OFX ext. info: |Trans type:Generic debit|Memo:ANTHROPOLOGIE #467 TUCSON AZ - 4430	ANTHROPOLOGIE #467 TUCSON AZ - 4430		c	-4372/100	-4372/100	2024-08-11 20:19:10
===== END
===== START
B	446919a6776444569cbc8c7a4e9bfede	fdfb4020081b4cd4a82b41ecfb21babf	2024-08-11 20:24:27	2024-08-11 19:49:23	2024-04-01 10:59:00	3323a52a32464e5db6926fdc8fbced8f	Imbalance-USD		Arizona Pest Control Company	OFX ext. info: |Trans type:Generic debit|Memo:ARIZONA PEST CONTROL 520-298-7821 AZ - 0001			n	7400/100	7400/100	1970-01-01 00:00:00
B	446919a6776444569cbc8c7a4e9bfede	9e8f1a3954d04786bfb65e36c1be7bab	2024-08-11 20:24:27	2024-08-11 19:49:23	2024-04-01 10:59:00	48c0a9bb8af04622bbb5c2e2aac3f735	Navy Rewards Card		Arizona Pest Control Company	OFX ext. info: |Trans type:Generic debit|Memo:ARIZONA PEST CONTROL 520-298-7821 AZ - 0001	ARIZONA PEST CONTROL 520-298-7821 AZ - 0001		c	-7400/100	-7400/100	2024-08-11 20:19:10
===== END
===== START
C	446919a6776444569cbc8c7a4e9bfede	fdfb4020081b4cd4a82b41ecfb21babf	2024-08-11 20:24:27	2024-08-11 19:49:23	2024-04-01 10:59:00	e96006f03af946419f174c26ada68cf6	Home Repair		Arizona Pest Control Company	OFX ext. info: |Trans type:Generic debit|Memo:ARIZONA PEST CONTROL 520-298-7821 AZ - 0001			n	7400/100	7400/100	1970-01-01 00:00:00
C	446919a6776444569cbc8c7a4e9bfede	9e8f1a3954d04786bfb65e36c1be7bab	2024-08-11 20:24:27	2024-08-11 19:49:23	2024-04-01 10:59:00	48c0a9bb8af04622bbb5c2e2aac3f735	Navy Rewards Card		Arizona Pest Control Company	OFX ext. info: |Trans type:Generic debit|Memo:ARIZONA PEST CONTROL 520-298-7821 AZ - 0001	ARIZONA PEST CONTROL 520-298-7821 AZ - 0001		c	-7400/100	-7400/100	2024-08-11 20:19:10
===== END
===== START
B	ff389b8e2b8e4dd5a06ede6d2409622b	637b889c92e24bec94aa014e32e921fc	2024-08-11 20:27:07	2024-08-11 16:41:40	2024-04-01 10:59:00	3323a52a32464e5db6926fdc8fbced8f	Imbalance-USD		Transfer to Credit Card TRF TO O	OFX ext. info: |Trans type:Generic debit|Memo:Transfer to Credit Card TRF TO OTHER			n	347139/100	347139/100	1970-01-01 00:00:00
B	ff389b8e2b8e4dd5a06ede6d2409622b	70bfe2eab8484166b86dd005881d31cf	2024-08-11 20:27:07	2024-08-11 16:41:40	2024-04-01 10:59:00	5f8cd3d7d07f4e76916a760d36c0523b	Checking Account		Transfer to Credit Card TRF TO O	OFX ext. info: |Trans type:Generic debit|Memo:Transfer to Credit Card TRF TO OTHER	Transfer to Credit Card TRF TO OTHER		c	-347139/100	-347139/100	2024-08-11 16:42:20
===== END
===== START
D	ff389b8e2b8e4dd5a06ede6d2409622b	637b889c92e24bec94aa014e32e921fc	2024-08-11 20:27:07	2024-08-11 16:41:40	2024-04-01 10:59:00	3323a52a32464e5db6926fdc8fbced8f	Imbalance-USD		Transfer to Credit Card TRF TO O	OFX ext. info: |Trans type:Generic debit|Memo:Transfer to Credit Card TRF TO OTHER			n	347139/100	347139/100	1970-01-01 00:00:00
D	ff389b8e2b8e4dd5a06ede6d2409622b	70bfe2eab8484166b86dd005881d31cf	2024-08-11 20:27:07	2024-08-11 16:41:40	2024-04-01 10:59:00	5f8cd3d7d07f4e76916a760d36c0523b	Checking Account		Transfer to Credit Card TRF TO O	OFX ext. info: |Trans type:Generic debit|Memo:Transfer to Credit Card TRF TO OTHER	Transfer to Credit Card TRF TO OTHER		c	-347139/100	-347139/100	2024-08-11 16:42:20
===== END
===== START
B	b43a8bbfd80646d9a6fd7a64910818da	b3c20c6c4a3b4f86bde83a61deae6714	2024-08-11 20:27:18	2024-08-11 19:49:23	2024-04-01 10:59:00	f51833ab51c446f28a6ab0d10a773759	Miscellaneous		Microsoft	OFX ext. info: |Trans type:Generic debit|Memo:Microsoft*Microsoft 365 P425-6816830 WA - 0001			n	699/100	699/100	1970-01-01 00:00:00
B	b43a8bbfd80646d9a6fd7a64910818da	c7e1bcc10ae942b2b438c1a55039898d	2024-08-11 20:27:18	2024-08-11 19:49:23	2024-04-01 10:59:00	48c0a9bb8af04622bbb5c2e2aac3f735	Navy Rewards Card		Microsoft	OFX ext. info: |Trans type:Generic debit|Memo:Microsoft*Microsoft 365 P425-6816830 WA - 0001	Microsoft*Microsoft 365 P425-6816830 WA - 0001		c	-699/100	-699/100	2024-08-11 20:19:10
===== END
===== START
C	b43a8bbfd80646d9a6fd7a64910818da	b3c20c6c4a3b4f86bde83a61deae6714	2024-08-11 20:27:18	2024-08-11 19:49:23	2024-04-01 10:59:00	3feaad255df249169127e590b1602cd7	Subscriptions		Microsoft	OFX ext. info: |Trans type:Generic debit|Memo:Microsoft*Microsoft 365 P425-6816830 WA - 0001			n	699/100	699/100	1970-01-01 00:00:00
C	b43a8bbfd80646d9a6fd7a64910818da	c7e1bcc10ae942b2b438c1a55039898d	2024-08-11 20:27:18	2024-08-11 19:49:23	2024-04-01 10:59:00	48c0a9bb8af04622bbb5c2e2aac3f735	Navy Rewards Card		Microsoft	OFX ext. info: |Trans type:Generic debit|Memo:Microsoft*Microsoft 365 P425-6816830 WA - 0001	Microsoft*Microsoft 365 P425-6816830 WA - 0001		c	-699/100	-699/100	2024-08-11 20:19:10
===== END
===== START
B	0ef9679e1f124e3d96bdfac1a40d97a5	aa570b25f9964210930f7fa588456251	2024-08-11 20:27:30	2024-08-11 19:49:23	2024-04-01 10:59:00	3feaad255df249169127e590b1602cd7	Subscriptions		Payment to Amazon Prime	OFX ext. info: |Trans type:Generic debit|Memo:AMAZON PRIME*RA2X71521 888-802-3080 WA - 0001			n	1303/100	1303/100	1970-01-01 00:00:00
B	0ef9679e1f124e3d96bdfac1a40d97a5	759914cddd2c4e53b02d62250f4255aa	2024-08-11 20:27:30	2024-08-11 19:49:23	2024-04-01 10:59:00	48c0a9bb8af04622bbb5c2e2aac3f735	Navy Rewards Card		Payment to Amazon Prime	OFX ext. info: |Trans type:Generic debit|Memo:AMAZON PRIME*RA2X71521 888-802-3080 WA - 0001	AMAZON PRIME*RA2X71521 888-802-3080 WA - 0001		c	-1303/100	-1303/100	2024-08-11 20:19:10
===== END
===== START
C	0ef9679e1f124e3d96bdfac1a40d97a5	aa570b25f9964210930f7fa588456251	2024-08-11 20:27:30	2024-08-11 19:49:23	2024-04-01 10:59:00	f51833ab51c446f28a6ab0d10a773759	Miscellaneous		Payment to Amazon Prime	OFX ext. info: |Trans type:Generic debit|Memo:AMAZON PRIME*RA2X71521 888-802-3080 WA - 0001			n	1303/100	1303/100	1970-01-01 00:00:00
C	0ef9679e1f124e3d96bdfac1a40d97a5	759914cddd2c4e53b02d62250f4255aa	2024-08-11 20:27:30	2024-08-11 19:49:23	2024-04-01 10:59:00	48c0a9bb8af04622bbb5c2e2aac3f735	Navy Rewards Card		Payment to Amazon Prime	OFX ext. info: |Trans type:Generic debit|Memo:AMAZON PRIME*RA2X71521 888-802-3080 WA - 0001	AMAZON PRIME*RA2X71521 888-802-3080 WA - 0001		c	-1303/100	-1303/100	2024-08-11 20:19:10
===== END
===== START
B	043ed54d95d54260a268b3da78752e14	abc93c21fb3c4c6f9c3bf6109abb1d3c	2024-08-11 20:27:34	2024-08-11 19:49:23	2024-04-01 10:59:00	3323a52a32464e5db6926fdc8fbced8f	Imbalance-USD		SQ *MOTOSONORA BREWING COTucson	OFX ext. info: |Trans type:Generic debit|Memo:SQ *MOTOSONORA BREWING COTucson AZ - 0001			n	815/100	815/100	1970-01-01 00:00:00
B	043ed54d95d54260a268b3da78752e14	029d8185d4714504bb6cbb1f80afedd6	2024-08-11 20:27:34	2024-08-11 19:49:23	2024-04-01 10:59:00	48c0a9bb8af04622bbb5c2e2aac3f735	Navy Rewards Card		SQ *MOTOSONORA BREWING COTucson	OFX ext. info: |Trans type:Generic debit|Memo:SQ *MOTOSONORA BREWING COTucson AZ - 0001	SQ *MOTOSONORA BREWING COTucson AZ - 0001		c	-815/100	-815/100	2024-08-11 20:19:10
===== END
===== START
C	043ed54d95d54260a268b3da78752e14	abc93c21fb3c4c6f9c3bf6109abb1d3c	2024-08-11 20:27:34	2024-08-11 19:49:23	2024-04-01 10:59:00	7c452bea58344d23b0f556cf05df9fe0	Dining		SQ *MOTOSONORA BREWING COTucson	OFX ext. info: |Trans type:Generic debit|Memo:SQ *MOTOSONORA BREWING COTucson AZ - 0001			n	815/100	815/100	1970-01-01 00:00:00
C	043ed54d95d54260a268b3da78752e14	029d8185d4714504bb6cbb1f80afedd6	2024-08-11 20:27:34	2024-08-11 19:49:23	2024-04-01 10:59:00	48c0a9bb8af04622bbb5c2e2aac3f735	Navy Rewards Card		SQ *MOTOSONORA BREWING COTucson	OFX ext. info: |Trans type:Generic debit|Memo:SQ *MOTOSONORA BREWING COTucson AZ - 0001	SQ *MOTOSONORA BREWING COTucson AZ - 0001		c	-815/100	-815/100	2024-08-11 20:19:10
===== END
===== START
B	76e95cb95459441b80a7ebc32cf7010d	81f25695130c40a3964f5f9f2b8491b9	2024-08-11 20:27:37	2024-08-11 19:49:23	2024-04-01 10:59:00	3323a52a32464e5db6926fdc8fbced8f	Imbalance-USD		SQ *MOTOSONORA BREWING COTucson	OFX ext. info: |Trans type:Generic debit|Memo:SQ *MOTOSONORA BREWING COTucson AZ - 0001			n	807/100	807/100	1970-01-01 00:00:00
B	76e95cb95459441b80a7ebc32cf7010d	5d203b34182d4d4c8238f260e203f5f2	2024-08-11 20:27:37	2024-08-11 19:49:23	2024-04-01 10:59:00	48c0a9bb8af04622bbb5c2e2aac3f735	Navy Rewards Card		SQ *MOTOSONORA BREWING COTucson	OFX ext. info: |Trans type:Generic debit|Memo:SQ *MOTOSONORA BREWING COTucson AZ - 0001	SQ *MOTOSONORA BREWING COTucson AZ - 0001		c	-807/100	-807/100	2024-08-11 20:19:10
===== END
===== START
C	76e95cb95459441b80a7ebc32cf7010d	81f25695130c40a3964f5f9f2b8491b9	2024-08-11 20:27:37	2024-08-11 19:49:23	2024-04-01 10:59:00	7c452bea58344d23b0f556cf05df9fe0	Dining		SQ *MOTOSONORA BREWING COTucson	OFX ext. info: |Trans type:Generic debit|Memo:SQ *MOTOSONORA BREWING COTucson AZ - 0001			n	807/100	807/100	1970-01-01 00:00:00
C	76e95cb95459441b80a7ebc32cf7010d	5d203b34182d4d4c8238f260e203f5f2	2024-08-11 20:27:37	2024-08-11 19:49:23	2024-04-01 10:59:00	48c0a9bb8af04622bbb5c2e2aac3f735	Navy Rewards Card		SQ *MOTOSONORA BREWING COTucson	OFX ext. info: |Trans type:Generic debit|Memo:SQ *MOTOSONORA BREWING COTucson AZ - 0001	SQ *MOTOSONORA BREWING COTucson AZ - 0001		c	-807/100	-807/100	2024-08-11 20:19:10
===== END
===== START
B	89db60d93ef0433988896266339fa608	8b42a9faa16345cb9950a6672f5385d9	2024-08-11 20:27:39	2024-08-11 19:49:23	2024-04-01 10:59:00	3323a52a32464e5db6926fdc8fbced8f	Imbalance-USD		SQ *MOTOSONORA BREWING COTucson	OFX ext. info: |Trans type:Generic debit|Memo:SQ *MOTOSONORA BREWING COTucson AZ - 0001			n	807/100	807/100	1970-01-01 00:00:00
B	89db60d93ef0433988896266339fa608	69b883e3c38a4ac3bfcb8df63b9389e5	2024-08-11 20:27:39	2024-08-11 19:49:23	2024-04-01 10:59:00	48c0a9bb8af04622bbb5c2e2aac3f735	Navy Rewards Card		SQ *MOTOSONORA BREWING COTucson	OFX ext. info: |Trans type:Generic debit|Memo:SQ *MOTOSONORA BREWING COTucson AZ - 0001	SQ *MOTOSONORA BREWING COTucson AZ - 0001		c	-807/100	-807/100	2024-08-11 20:19:10
===== END
===== START
C	89db60d93ef0433988896266339fa608	8b42a9faa16345cb9950a6672f5385d9	2024-08-11 20:27:39	2024-08-11 19:49:23	2024-04-01 10:59:00	7c452bea58344d23b0f556cf05df9fe0	Dining		SQ *MOTOSONORA BREWING COTucson	OFX ext. info: |Trans type:Generic debit|Memo:SQ *MOTOSONORA BREWING COTucson AZ - 0001			n	807/100	807/100	1970-01-01 00:00:00
C	89db60d93ef0433988896266339fa608	69b883e3c38a4ac3bfcb8df63b9389e5	2024-08-11 20:27:39	2024-08-11 19:49:23	2024-04-01 10:59:00	48c0a9bb8af04622bbb5c2e2aac3f735	Navy Rewards Card		SQ *MOTOSONORA BREWING COTucson	OFX ext. info: |Trans type:Generic debit|Memo:SQ *MOTOSONORA BREWING COTucson AZ - 0001	SQ *MOTOSONORA BREWING COTucson AZ - 0001		c	-807/100	-807/100	2024-08-11 20:19:10
===== END
===== START
B	7a4240ff46da4927a913d4c88ce1383d	4ae10db0b0e14474bf3916555e9de048	2024-08-11 20:27:56	2024-08-11 19:49:23	2024-04-01 10:59:00	f51833ab51c446f28a6ab0d10a773759	Miscellaneous		Steamgames	OFX ext. info: |Trans type:Generic debit|Memo:STEAMGAMES.COM 4259522985425-8899642 WA - 4430			n	756/100	756/100	1970-01-01 00:00:00
B	7a4240ff46da4927a913d4c88ce1383d	143598f6033c410eafa7dcbb55fecf97	2024-08-11 20:27:56	2024-08-11 19:49:23	2024-04-01 10:59:00	48c0a9bb8af04622bbb5c2e2aac3f735	Navy Rewards Card		Steamgames	OFX ext. info: |Trans type:Generic debit|Memo:STEAMGAMES.COM 4259522985425-8899642 WA - 4430	STEAMGAMES.COM 4259522985425-8899642 WA - 4430		c	-756/100	-756/100	2024-08-11 20:19:10
===== END
===== START
C	7a4240ff46da4927a913d4c88ce1383d	4ae10db0b0e14474bf3916555e9de048	2024-08-11 20:27:56	2024-08-11 19:49:23	2024-04-01 10:59:00	bbed357c20cf4671bd7d4c792f540180	Recreation		Steamgames	OFX ext. info: |Trans type:Generic debit|Memo:STEAMGAMES.COM 4259522985425-8899642 WA - 4430			n	756/100	756/100	1970-01-01 00:00:00
C	7a4240ff46da4927a913d4c88ce1383d	143598f6033c410eafa7dcbb55fecf97	2024-08-11 20:27:56	2024-08-11 19:49:23	2024-04-01 10:59:00	48c0a9bb8af04622bbb5c2e2aac3f735	Navy Rewards Card		Steamgames	OFX ext. info: |Trans type:Generic debit|Memo:STEAMGAMES.COM 4259522985425-8899642 WA - 4430	STEAMGAMES.COM 4259522985425-8899642 WA - 4430		c	-756/100	-756/100	2024-08-11 20:19:10
===== END
===== START
B	5315f4daad8041ce8c05c9109d4fb253	26ece9b7e2a347bfa3180b998157db96	2024-08-11 20:28:08	2024-08-11 19:49:23	2024-04-02 10:59:00	3323a52a32464e5db6926fdc8fbced8f	Imbalance-USD		Avis	OFX ext. info: |Trans type:Generic debit|Memo:AVIS RENT-A-CAR EGLIN AFB FL - 0001			n	8814/100	8814/100	1970-01-01 00:00:00
B	5315f4daad8041ce8c05c9109d4fb253	114ce3d3c47445f7af32e50f65706d4a	2024-08-11 20:28:08	2024-08-11 19:49:23	2024-04-02 10:59:00	48c0a9bb8af04622bbb5c2e2aac3f735	Navy Rewards Card		Avis	OFX ext. info: |Trans type:Generic debit|Memo:AVIS RENT-A-CAR EGLIN AFB FL - 0001	AVIS RENT-A-CAR EGLIN AFB FL - 0001		c	-8814/100	-8814/100	2024-08-11 20:19:10
===== END
===== START
C	5315f4daad8041ce8c05c9109d4fb253	26ece9b7e2a347bfa3180b998157db96	2024-08-11 20:28:08	2024-08-11 19:49:23	2024-04-02 10:59:00	39523e58dddf4d9c83c3a995e932b37f	Travel		Avis	OFX ext. info: |Trans type:Generic debit|Memo:AVIS RENT-A-CAR EGLIN AFB FL - 0001			n	8814/100	8814/100	1970-01-01 00:00:00
C	5315f4daad8041ce8c05c9109d4fb253	114ce3d3c47445f7af32e50f65706d4a	2024-08-11 20:28:08	2024-08-11 19:49:23	2024-04-02 10:59:00	48c0a9bb8af04622bbb5c2e2aac3f735	Navy Rewards Card		Avis	OFX ext. info: |Trans type:Generic debit|Memo:AVIS RENT-A-CAR EGLIN AFB FL - 0001	AVIS RENT-A-CAR EGLIN AFB FL - 0001		c	-8814/100	-8814/100	2024-08-11 20:19:10
===== END
===== START
B	0a2a741fe4a64c95874d1f7e42a61317	9ad0fd5f0d594d3f988805be4ac93c7b	2024-08-11 20:28:11	2024-08-11 19:49:23	2024-04-02 10:59:00	7c452bea58344d23b0f556cf05df9fe0	Dining		Canteen Vending Services	OFX ext. info: |Trans type:Generic debit|Memo:CANTEEN VENDING TUCSON AZ - 0001			n	160/100	160/100	1970-01-01 00:00:00
B	0a2a741fe4a64c95874d1f7e42a61317	fd909d0cc8ab4530ba1b8bd32723c8fb	2024-08-11 20:28:11	2024-08-11 19:49:23	2024-04-02 10:59:00	48c0a9bb8af04622bbb5c2e2aac3f735	Navy Rewards Card		Canteen Vending Services	OFX ext. info: |Trans type:Generic debit|Memo:CANTEEN VENDING TUCSON AZ - 0001	CANTEEN VENDING TUCSON AZ - 0001		c	-160/100	-160/100	2024-08-11 20:19:10
===== END
===== START
C	0a2a741fe4a64c95874d1f7e42a61317	9ad0fd5f0d594d3f988805be4ac93c7b	2024-08-11 20:28:11	2024-08-11 19:49:23	2024-04-02 10:59:00	7c452bea58344d23b0f556cf05df9fe0	Dining		Canteen Vending Services	OFX ext. info: |Trans type:Generic debit|Memo:CANTEEN VENDING TUCSON AZ - 0001			n	160/100	160/100	1970-01-01 00:00:00
C	0a2a741fe4a64c95874d1f7e42a61317	fd909d0cc8ab4530ba1b8bd32723c8fb	2024-08-11 20:28:11	2024-08-11 19:49:23	2024-04-02 10:59:00	48c0a9bb8af04622bbb5c2e2aac3f735	Navy Rewards Card		Canteen Vending Services	OFX ext. info: |Trans type:Generic debit|Memo:CANTEEN VENDING TUCSON AZ - 0001	CANTEEN VENDING TUCSON AZ - 0001		c	-160/100	-160/100	2024-08-11 20:19:10
===== END
===== START
B	bbf3c19eb13649c78a564be43337e05d	dc84de13f5f6433d8c68b1200c40bcb5	2024-08-11 20:28:17	2024-08-11 19:49:23	2024-04-02 10:59:00	3323a52a32464e5db6926fdc8fbced8f	Imbalance-USD		Tucson Hop Shop	OFX ext. info: |Trans type:Generic debit|Memo:TST* TUCSON HOP SHOP TUCSON AZ - 0001			n	1370/100	1370/100	1970-01-01 00:00:00
B	bbf3c19eb13649c78a564be43337e05d	b7d69f82e6684820adc55771c3c5eb12	2024-08-11 20:28:17	2024-08-11 19:49:23	2024-04-02 10:59:00	48c0a9bb8af04622bbb5c2e2aac3f735	Navy Rewards Card		Tucson Hop Shop	OFX ext. info: |Trans type:Generic debit|Memo:TST* TUCSON HOP SHOP TUCSON AZ - 0001	TST* TUCSON HOP SHOP TUCSON AZ - 0001		c	-1370/100	-1370/100	2024-08-11 20:19:10
===== END
===== START
C	bbf3c19eb13649c78a564be43337e05d	dc84de13f5f6433d8c68b1200c40bcb5	2024-08-11 20:28:17	2024-08-11 19:49:23	2024-04-02 10:59:00	7c452bea58344d23b0f556cf05df9fe0	Dining		Tucson Hop Shop	OFX ext. info: |Trans type:Generic debit|Memo:TST* TUCSON HOP SHOP TUCSON AZ - 0001			n	1370/100	1370/100	1970-01-01 00:00:00
C	bbf3c19eb13649c78a564be43337e05d	b7d69f82e6684820adc55771c3c5eb12	2024-08-11 20:28:17	2024-08-11 19:49:23	2024-04-02 10:59:00	48c0a9bb8af04622bbb5c2e2aac3f735	Navy Rewards Card		Tucson Hop Shop	OFX ext. info: |Trans type:Generic debit|Memo:TST* TUCSON HOP SHOP TUCSON AZ - 0001	TST* TUCSON HOP SHOP TUCSON AZ - 0001		c	-1370/100	-1370/100	2024-08-11 20:19:10
===== END
===== START
B	0474a9c78792469d912aeb1ea09186cf	5cf6d40951ca4c6fa32cd4557f7f7822	2024-08-11 20:28:46	2024-08-11 19:49:23	2024-04-04 10:59:00	3323a52a32464e5db6926fdc8fbced8f	Imbalance-USD		McDonald's	OFX ext. info: |Trans type:Generic debit|Memo:McDonalds 39562 TUCSON AZ - 0001			n	467/100	467/100	1970-01-01 00:00:00
B	0474a9c78792469d912aeb1ea09186cf	0b10c77c77354582862b2b8e5a9bc405	2024-08-11 20:28:46	2024-08-11 19:49:23	2024-04-04 10:59:00	48c0a9bb8af04622bbb5c2e2aac3f735	Navy Rewards Card		McDonald's	OFX ext. info: |Trans type:Generic debit|Memo:McDonalds 39562 TUCSON AZ - 0001	McDonalds 39562 TUCSON AZ - 0001		c	-467/100	-467/100	2024-08-11 20:19:10
===== END
===== START
C	0474a9c78792469d912aeb1ea09186cf	5cf6d40951ca4c6fa32cd4557f7f7822	2024-08-11 20:28:46	2024-08-11 19:49:23	2024-04-04 10:59:00	7c452bea58344d23b0f556cf05df9fe0	Dining		McDonald's	OFX ext. info: |Trans type:Generic debit|Memo:McDonalds 39562 TUCSON AZ - 0001			n	467/100	467/100	1970-01-01 00:00:00
C	0474a9c78792469d912aeb1ea09186cf	0b10c77c77354582862b2b8e5a9bc405	2024-08-11 20:28:46	2024-08-11 19:49:23	2024-04-04 10:59:00	48c0a9bb8af04622bbb5c2e2aac3f735	Navy Rewards Card		McDonald's	OFX ext. info: |Trans type:Generic debit|Memo:McDonalds 39562 TUCSON AZ - 0001	McDonalds 39562 TUCSON AZ - 0001		c	-467/100	-467/100	2024-08-11 20:19:10
===== END
===== START
B	9ed0b34712c74f2f8e11ec1b9c2a0687	4675b3a367374a59aa2a24770888c719	2024-08-11 20:28:56	2024-08-11 19:49:23	2024-04-05 10:59:00	3323a52a32464e5db6926fdc8fbced8f	Imbalance-USD		American Airlines	OFX ext. info: |Trans type:Generic debit|Memo:AMERICAN AIR0010648216160FORT WORTH TX - 0001			n	1922/100	1922/100	1970-01-01 00:00:00
B	9ed0b34712c74f2f8e11ec1b9c2a0687	c4e97080283445c88798a4b53b83d42a	2024-08-11 20:28:56	2024-08-11 19:49:23	2024-04-05 10:59:00	48c0a9bb8af04622bbb5c2e2aac3f735	Navy Rewards Card		American Airlines	OFX ext. info: |Trans type:Generic debit|Memo:AMERICAN AIR0010648216160FORT WORTH TX - 0001	AMERICAN AIR0010648216160FORT WORTH TX - 0001		c	-1922/100	-1922/100	2024-08-11 20:19:10
===== END
===== START
C	9ed0b34712c74f2f8e11ec1b9c2a0687	4675b3a367374a59aa2a24770888c719	2024-08-11 20:28:56	2024-08-11 19:49:23	2024-04-05 10:59:00	39523e58dddf4d9c83c3a995e932b37f	Travel		American Airlines	OFX ext. info: |Trans type:Generic debit|Memo:AMERICAN AIR0010648216160FORT WORTH TX - 0001			n	1922/100	1922/100	1970-01-01 00:00:00
C	9ed0b34712c74f2f8e11ec1b9c2a0687	c4e97080283445c88798a4b53b83d42a	2024-08-11 20:28:56	2024-08-11 19:49:23	2024-04-05 10:59:00	48c0a9bb8af04622bbb5c2e2aac3f735	Navy Rewards Card		American Airlines	OFX ext. info: |Trans type:Generic debit|Memo:AMERICAN AIR0010648216160FORT WORTH TX - 0001	AMERICAN AIR0010648216160FORT WORTH TX - 0001		c	-1922/100	-1922/100	2024-08-11 20:19:10
===== END
===== START
B	b86c37acdb814e17ac971911cd35dd19	5f535a953b564b009a4a48e7a9bcfee1	2024-08-11 20:29:00	2024-08-11 19:49:23	2024-04-05 10:59:00	3323a52a32464e5db6926fdc8fbced8f	Imbalance-USD		American Airlines	OFX ext. info: |Trans type:Generic debit|Memo:AMERICAN AIR0012130374810FORT WORTH TX - 0001			n	14760/100	14760/100	1970-01-01 00:00:00
B	b86c37acdb814e17ac971911cd35dd19	9c9abedf67ee43169218272921aceb64	2024-08-11 20:29:00	2024-08-11 19:49:23	2024-04-05 10:59:00	48c0a9bb8af04622bbb5c2e2aac3f735	Navy Rewards Card		American Airlines	OFX ext. info: |Trans type:Generic debit|Memo:AMERICAN AIR0012130374810FORT WORTH TX - 0001	AMERICAN AIR0012130374810FORT WORTH TX - 0001		c	-14760/100	-14760/100	2024-08-11 20:19:10
===== END
===== START
C	b86c37acdb814e17ac971911cd35dd19	5f535a953b564b009a4a48e7a9bcfee1	2024-08-11 20:29:00	2024-08-11 19:49:23	2024-04-05 10:59:00	39523e58dddf4d9c83c3a995e932b37f	Travel		American Airlines	OFX ext. info: |Trans type:Generic debit|Memo:AMERICAN AIR0012130374810FORT WORTH TX - 0001			n	14760/100	14760/100	1970-01-01 00:00:00
C	b86c37acdb814e17ac971911cd35dd19	9c9abedf67ee43169218272921aceb64	2024-08-11 20:29:00	2024-08-11 19:49:23	2024-04-05 10:59:00	48c0a9bb8af04622bbb5c2e2aac3f735	Navy Rewards Card		American Airlines	OFX ext. info: |Trans type:Generic debit|Memo:AMERICAN AIR0012130374810FORT WORTH TX - 0001	AMERICAN AIR0012130374810FORT WORTH TX - 0001		c	-14760/100	-14760/100	2024-08-11 20:19:10
===== END
===== START
B	bf32ee269c8043a6baed7d5c28e2711f	90a50b0481a04120aa47de4727a9d731	2024-08-11 20:29:04	2024-08-11 19:49:23	2024-04-05 10:59:00	3323a52a32464e5db6926fdc8fbced8f	Imbalance-USD		American Airlines	OFX ext. info: |Trans type:Generic debit|Memo:AMERICAN AIR0010648216159FORT WORTH TX - 0001			n	1976/100	1976/100	1970-01-01 00:00:00
B	bf32ee269c8043a6baed7d5c28e2711f	5d0b45dacb044eff9ea1e2ad6a62ae23	2024-08-11 20:29:04	2024-08-11 19:49:23	2024-04-05 10:59:00	48c0a9bb8af04622bbb5c2e2aac3f735	Navy Rewards Card		American Airlines	OFX ext. info: |Trans type:Generic debit|Memo:AMERICAN AIR0010648216159FORT WORTH TX - 0001	AMERICAN AIR0010648216159FORT WORTH TX - 0001		c	-1976/100	-1976/100	2024-08-11 20:19:10
===== END
===== START
C	bf32ee269c8043a6baed7d5c28e2711f	90a50b0481a04120aa47de4727a9d731	2024-08-11 20:29:04	2024-08-11 19:49:23	2024-04-05 10:59:00	39523e58dddf4d9c83c3a995e932b37f	Travel		American Airlines	OFX ext. info: |Trans type:Generic debit|Memo:AMERICAN AIR0010648216159FORT WORTH TX - 0001			n	1976/100	1976/100	1970-01-01 00:00:00
C	bf32ee269c8043a6baed7d5c28e2711f	5d0b45dacb044eff9ea1e2ad6a62ae23	2024-08-11 20:29:04	2024-08-11 19:49:23	2024-04-05 10:59:00	48c0a9bb8af04622bbb5c2e2aac3f735	Navy Rewards Card		American Airlines	OFX ext. info: |Trans type:Generic debit|Memo:AMERICAN AIR0010648216159FORT WORTH TX - 0001	AMERICAN AIR0010648216159FORT WORTH TX - 0001		c	-1976/100	-1976/100	2024-08-11 20:19:10
===== END
===== START
B	d64976f5ddb445efa64cb7c16f8764a7	ce12e024aad14093846e7c8b4e0d3479	2024-08-11 20:29:09	2024-08-11 19:49:23	2024-04-05 10:59:00	3323a52a32464e5db6926fdc8fbced8f	Imbalance-USD		American Airlines	OFX ext. info: |Trans type:Generic debit|Memo:AMERICAN AIR0012130374811FORT WORTH TX - 0001			n	14760/100	14760/100	1970-01-01 00:00:00
B	d64976f5ddb445efa64cb7c16f8764a7	09f01204b1464c82a76e9f7164a71de8	2024-08-11 20:29:09	2024-08-11 19:49:23	2024-04-05 10:59:00	48c0a9bb8af04622bbb5c2e2aac3f735	Navy Rewards Card		American Airlines	OFX ext. info: |Trans type:Generic debit|Memo:AMERICAN AIR0012130374811FORT WORTH TX - 0001	AMERICAN AIR0012130374811FORT WORTH TX - 0001		c	-14760/100	-14760/100	2024-08-11 20:19:10
===== END
===== START
C	d64976f5ddb445efa64cb7c16f8764a7	ce12e024aad14093846e7c8b4e0d3479	2024-08-11 20:29:09	2024-08-11 19:49:23	2024-04-05 10:59:00	39523e58dddf4d9c83c3a995e932b37f	Travel		American Airlines	OFX ext. info: |Trans type:Generic debit|Memo:AMERICAN AIR0012130374811FORT WORTH TX - 0001			n	14760/100	14760/100	1970-01-01 00:00:00
C	d64976f5ddb445efa64cb7c16f8764a7	09f01204b1464c82a76e9f7164a71de8	2024-08-11 20:29:09	2024-08-11 19:49:23	2024-04-05 10:59:00	48c0a9bb8af04622bbb5c2e2aac3f735	Navy Rewards Card		American Airlines	OFX ext. info: |Trans type:Generic debit|Memo:AMERICAN AIR0012130374811FORT WORTH TX - 0001	AMERICAN AIR0012130374811FORT WORTH TX - 0001		c	-14760/100	-14760/100	2024-08-11 20:19:10
===== END
===== START
B	f247f543fe034674b6c238db110f1500	afe2aa84879f4fb49ac7198d34dd18e7	2024-08-11 20:29:14	2024-08-11 19:49:23	2024-04-05 10:59:00	3323a52a32464e5db6926fdc8fbced8f	Imbalance-USD		American Airlines	OFX ext. info: |Trans type:Generic debit|Memo:AMERICAN AIR0012130384417FORT WORTH TX - 4430			n	30110/100	30110/100	1970-01-01 00:00:00
B	f247f543fe034674b6c238db110f1500	1ed47a2e687444dd85e51fc5a85ea1a6	2024-08-11 20:29:14	2024-08-11 19:49:23	2024-04-05 10:59:00	48c0a9bb8af04622bbb5c2e2aac3f735	Navy Rewards Card		American Airlines	OFX ext. info: |Trans type:Generic debit|Memo:AMERICAN AIR0012130384417FORT WORTH TX - 4430	AMERICAN AIR0012130384417FORT WORTH TX - 4430		c	-30110/100	-30110/100	2024-08-11 20:19:10
===== END
===== START
C	f247f543fe034674b6c238db110f1500	afe2aa84879f4fb49ac7198d34dd18e7	2024-08-11 20:29:14	2024-08-11 19:49:23	2024-04-05 10:59:00	39523e58dddf4d9c83c3a995e932b37f	Travel		American Airlines	OFX ext. info: |Trans type:Generic debit|Memo:AMERICAN AIR0012130384417FORT WORTH TX - 4430			n	30110/100	30110/100	1970-01-01 00:00:00
C	f247f543fe034674b6c238db110f1500	1ed47a2e687444dd85e51fc5a85ea1a6	2024-08-11 20:29:14	2024-08-11 19:49:23	2024-04-05 10:59:00	48c0a9bb8af04622bbb5c2e2aac3f735	Navy Rewards Card		American Airlines	OFX ext. info: |Trans type:Generic debit|Memo:AMERICAN AIR0012130384417FORT WORTH TX - 4430	AMERICAN AIR0012130384417FORT WORTH TX - 4430		c	-30110/100	-30110/100	2024-08-11 20:19:10
===== END
