mod	trans_guid	split_guid	time_now	date_entered	date_posted	acc_guid	acc_name	num	description	notes	memo	action	reconciled	amount	value	date_reconciled
-----------------
===== START
B	7a4f38963cea44a59c58b1557c790d16	36a53107b71a44699306c255a358394b	2024-08-11 21:25:23	2024-08-11 19:49:22	2024-08-01 10:59:00	3323a52a32464e5db6926fdc8fbced8f	Imbalance-USD		Flower Child	OFX ext. info: |Trans type:Generic debit|Memo:FLOWER CHILD OLO olo.com AZ - 4430			n	3396/100	3396/100	1970-01-01 00:00:00
B	7a4f38963cea44a59c58b1557c790d16	9e6a7ceaeb4f4207ad76c754d8d183cd	2024-08-11 21:25:23	2024-08-11 19:49:22	2024-08-01 10:59:00	48c0a9bb8af04622bbb5c2e2aac3f735	Navy Rewards Card		Flower Child	OFX ext. info: |Trans type:Generic debit|Memo:FLOWER CHILD OLO olo.com AZ - 4430	FLOWER CHILD OLO olo.com AZ - 4430		c	-3396/100	-3396/100	2024-08-11 20:19:11
===== END
===== START
C	7a4f38963cea44a59c58b1557c790d16	36a53107b71a44699306c255a358394b	2024-08-11 21:25:23	2024-08-11 19:49:22	2024-08-01 10:59:00	7c452bea58344d23b0f556cf05df9fe0	Dining		Flower Child	OFX ext. info: |Trans type:Generic debit|Memo:FLOWER CHILD OLO olo.com AZ - 4430			n	3396/100	3396/100	1970-01-01 00:00:00
C	7a4f38963cea44a59c58b1557c790d16	9e6a7ceaeb4f4207ad76c754d8d183cd	2024-08-11 21:25:23	2024-08-11 19:49:22	2024-08-01 10:59:00	48c0a9bb8af04622bbb5c2e2aac3f735	Navy Rewards Card		Flower Child	OFX ext. info: |Trans type:Generic debit|Memo:FLOWER CHILD OLO olo.com AZ - 4430	FLOWER CHILD OLO olo.com AZ - 4430		c	-3396/100	-3396/100	2024-08-11 20:19:11
===== END
===== START
B	1e58990c43944c86991d109d43a3e125	41cca0c8d9a24b45b5ff8658ebc563e3	2024-08-11 21:25:28	2024-08-11 19:49:22	2024-08-02 10:59:00	3323a52a32464e5db6926fdc8fbced8f	Imbalance-USD		Greentoes	OFX ext. info: |Trans type:Generic debit|Memo:GREENTOES NORTH TUCSON AZ - 4430			n	5620/100	5620/100	1970-01-01 00:00:00
B	1e58990c43944c86991d109d43a3e125	7d29ad08dac24f629e05cbec9524d06c	2024-08-11 21:25:28	2024-08-11 19:49:22	2024-08-02 10:59:00	48c0a9bb8af04622bbb5c2e2aac3f735	Navy Rewards Card		Greentoes	OFX ext. info: |Trans type:Generic debit|Memo:GREENTOES NORTH TUCSON AZ - 4430	GREENTOES NORTH TUCSON AZ - 4430		c	-5620/100	-5620/100	2024-08-11 20:19:11
===== END
===== START
C	1e58990c43944c86991d109d43a3e125	41cca0c8d9a24b45b5ff8658ebc563e3	2024-08-11 21:25:28	2024-08-11 19:49:22	2024-08-02 10:59:00	f51833ab51c446f28a6ab0d10a773759	Miscellaneous		Greentoes	OFX ext. info: |Trans type:Generic debit|Memo:GREENTOES NORTH TUCSON AZ - 4430			n	5620/100	5620/100	1970-01-01 00:00:00
C	1e58990c43944c86991d109d43a3e125	7d29ad08dac24f629e05cbec9524d06c	2024-08-11 21:25:28	2024-08-11 19:49:22	2024-08-02 10:59:00	48c0a9bb8af04622bbb5c2e2aac3f735	Navy Rewards Card		Greentoes	OFX ext. info: |Trans type:Generic debit|Memo:GREENTOES NORTH TUCSON AZ - 4430	GREENTOES NORTH TUCSON AZ - 4430		c	-5620/100	-5620/100	2024-08-11 20:19:11
===== END
===== START
B	078961579ce04b15b2f6d83dec35bcd8	95b0f773359145faa234c7f03e68376c	2024-08-11 21:25:29	2024-08-11 19:49:22	2024-08-02 10:59:00	3323a52a32464e5db6926fdc8fbced8f	Imbalance-USD		McDonald's	OFX ext. info: |Trans type:Generic debit|Memo:McDonalds 39562 TUCSON AZ - 0001			n	379/100	379/100	1970-01-01 00:00:00
B	078961579ce04b15b2f6d83dec35bcd8	adbb072bc5164840971aa56189b4254c	2024-08-11 21:25:29	2024-08-11 19:49:22	2024-08-02 10:59:00	48c0a9bb8af04622bbb5c2e2aac3f735	Navy Rewards Card		McDonald's	OFX ext. info: |Trans type:Generic debit|Memo:McDonalds 39562 TUCSON AZ - 0001	McDonalds 39562 TUCSON AZ - 0001		c	-379/100	-379/100	2024-08-11 20:19:11
===== END
===== START
C	078961579ce04b15b2f6d83dec35bcd8	95b0f773359145faa234c7f03e68376c	2024-08-11 21:25:30	2024-08-11 19:49:22	2024-08-02 10:59:00	7c452bea58344d23b0f556cf05df9fe0	Dining		McDonald's	OFX ext. info: |Trans type:Generic debit|Memo:McDonalds 39562 TUCSON AZ - 0001			n	379/100	379/100	1970-01-01 00:00:00
C	078961579ce04b15b2f6d83dec35bcd8	adbb072bc5164840971aa56189b4254c	2024-08-11 21:25:30	2024-08-11 19:49:22	2024-08-02 10:59:00	48c0a9bb8af04622bbb5c2e2aac3f735	Navy Rewards Card		McDonald's	OFX ext. info: |Trans type:Generic debit|Memo:McDonalds 39562 TUCSON AZ - 0001	McDonalds 39562 TUCSON AZ - 0001		c	-379/100	-379/100	2024-08-11 20:19:11
===== END
===== START
B	9c7f74f79d9041d29cfc110d6d04c069	c32fcfb7173744c98b5dc3095d5222f6	2024-08-11 21:25:33	2024-08-11 19:49:22	2024-08-02 10:59:00	f51833ab51c446f28a6ab0d10a773759	Miscellaneous		Microsoft	OFX ext. info: |Trans type:Generic debit|Memo:Microsoft*Microsoft 365 P425-6816830 WA - 0001			n	699/100	699/100	1970-01-01 00:00:00
B	9c7f74f79d9041d29cfc110d6d04c069	65c83673830f451884bebf20aa2f268b	2024-08-11 21:25:33	2024-08-11 19:49:22	2024-08-02 10:59:00	48c0a9bb8af04622bbb5c2e2aac3f735	Navy Rewards Card		Microsoft	OFX ext. info: |Trans type:Generic debit|Memo:Microsoft*Microsoft 365 P425-6816830 WA - 0001	Microsoft*Microsoft 365 P425-6816830 WA - 0001		c	-699/100	-699/100	2024-08-11 20:19:11
===== END
===== START
C	9c7f74f79d9041d29cfc110d6d04c069	c32fcfb7173744c98b5dc3095d5222f6	2024-08-11 21:25:33	2024-08-11 19:49:22	2024-08-02 10:59:00	3feaad255df249169127e590b1602cd7	Subscriptions		Microsoft	OFX ext. info: |Trans type:Generic debit|Memo:Microsoft*Microsoft 365 P425-6816830 WA - 0001			n	699/100	699/100	1970-01-01 00:00:00
C	9c7f74f79d9041d29cfc110d6d04c069	65c83673830f451884bebf20aa2f268b	2024-08-11 21:25:33	2024-08-11 19:49:22	2024-08-02 10:59:00	48c0a9bb8af04622bbb5c2e2aac3f735	Navy Rewards Card		Microsoft	OFX ext. info: |Trans type:Generic debit|Memo:Microsoft*Microsoft 365 P425-6816830 WA - 0001	Microsoft*Microsoft 365 P425-6816830 WA - 0001		c	-699/100	-699/100	2024-08-11 20:19:11
===== END
===== START
B	2e33c895afc04de781a25e1dd24ee25e	1c6d18ea404b4713a0a8531312ec79ed	2024-08-11 21:25:40	2024-08-11 19:49:22	2024-08-02 10:59:00	3323a52a32464e5db6926fdc8fbced8f	Imbalance-USD		Safeway	OFX ext. info: |Trans type:Generic debit|Memo:SAFEWAY #1684 TUCSON AZ - 0001			n	2061/100	2061/100	1970-01-01 00:00:00
B	2e33c895afc04de781a25e1dd24ee25e	ef972b7f1dd5427a87b6cc39137a6c29	2024-08-11 21:25:40	2024-08-11 19:49:22	2024-08-02 10:59:00	48c0a9bb8af04622bbb5c2e2aac3f735	Navy Rewards Card		Safeway	OFX ext. info: |Trans type:Generic debit|Memo:SAFEWAY #1684 TUCSON AZ - 0001	SAFEWAY #1684 TUCSON AZ - 0001		c	-2061/100	-2061/100	2024-08-11 20:19:11
===== END
===== START
C	2e33c895afc04de781a25e1dd24ee25e	1c6d18ea404b4713a0a8531312ec79ed	2024-08-11 21:25:40	2024-08-11 19:49:22	2024-08-02 10:59:00	8e074199bfaa4e0aae7c0e094b0ccf9e	Gas		Safeway	OFX ext. info: |Trans type:Generic debit|Memo:SAFEWAY #1684 TUCSON AZ - 0001			n	2061/100	2061/100	1970-01-01 00:00:00
C	2e33c895afc04de781a25e1dd24ee25e	ef972b7f1dd5427a87b6cc39137a6c29	2024-08-11 21:25:40	2024-08-11 19:49:22	2024-08-02 10:59:00	48c0a9bb8af04622bbb5c2e2aac3f735	Navy Rewards Card		Safeway	OFX ext. info: |Trans type:Generic debit|Memo:SAFEWAY #1684 TUCSON AZ - 0001	SAFEWAY #1684 TUCSON AZ - 0001		c	-2061/100	-2061/100	2024-08-11 20:19:11
===== END
===== START
B	6ee047bab3554e59becbab50fe48e521	7c0f5a1df0eb4dc396a329a441b1da6c	2024-08-11 21:25:46	2024-08-11 19:49:22	2024-08-05 10:59:00	3323a52a32464e5db6926fdc8fbced8f	Imbalance-USD		Tucson Hop Shop	OFX ext. info: |Trans type:Generic debit|Memo:TST* TUCSON HOP SHOP TUCSON AZ - 0001			n	1825/100	1825/100	1970-01-01 00:00:00
B	6ee047bab3554e59becbab50fe48e521	0e6220231d9f423e95fccfcfe2af1e0c	2024-08-11 21:25:46	2024-08-11 19:49:22	2024-08-05 10:59:00	48c0a9bb8af04622bbb5c2e2aac3f735	Navy Rewards Card		Tucson Hop Shop	OFX ext. info: |Trans type:Generic debit|Memo:TST* TUCSON HOP SHOP TUCSON AZ - 0001	TST* TUCSON HOP SHOP TUCSON AZ - 0001		c	-1825/100	-1825/100	2024-08-11 20:19:11
===== END
===== START
C	6ee047bab3554e59becbab50fe48e521	7c0f5a1df0eb4dc396a329a441b1da6c	2024-08-11 21:25:46	2024-08-11 19:49:22	2024-08-05 10:59:00	7c452bea58344d23b0f556cf05df9fe0	Dining		Tucson Hop Shop	OFX ext. info: |Trans type:Generic debit|Memo:TST* TUCSON HOP SHOP TUCSON AZ - 0001			n	1825/100	1825/100	1970-01-01 00:00:00
C	6ee047bab3554e59becbab50fe48e521	0e6220231d9f423e95fccfcfe2af1e0c	2024-08-11 21:25:46	2024-08-11 19:49:22	2024-08-05 10:59:00	48c0a9bb8af04622bbb5c2e2aac3f735	Navy Rewards Card		Tucson Hop Shop	OFX ext. info: |Trans type:Generic debit|Memo:TST* TUCSON HOP SHOP TUCSON AZ - 0001	TST* TUCSON HOP SHOP TUCSON AZ - 0001		c	-1825/100	-1825/100	2024-08-11 20:19:11
===== END
===== START
B	848622e34a0a430a9d240acc5e75d30d	ff17fdb89d0c42c99e9368cda05a8c34	2024-08-11 21:25:53	2024-08-11 19:49:22	2024-08-05 10:59:00	3323a52a32464e5db6926fdc8fbced8f	Imbalance-USD		Wall Street Journal	OFX ext. info: |Trans type:Generic debit|Memo:D J*WALL-ST-JOURNAL 800-568-7625 NJ - 0001			n	1055/100	1055/100	1970-01-01 00:00:00
B	848622e34a0a430a9d240acc5e75d30d	3c59cc3c8b974a82aeb70eb8cd9ff29c	2024-08-11 21:25:53	2024-08-11 19:49:22	2024-08-05 10:59:00	48c0a9bb8af04622bbb5c2e2aac3f735	Navy Rewards Card		Wall Street Journal	OFX ext. info: |Trans type:Generic debit|Memo:D J*WALL-ST-JOURNAL 800-568-7625 NJ - 0001	D J*WALL-ST-JOURNAL 800-568-7625 NJ - 0001		c	-1055/100	-1055/100	2024-08-11 20:19:11
===== END
===== START
C	848622e34a0a430a9d240acc5e75d30d	ff17fdb89d0c42c99e9368cda05a8c34	2024-08-11 21:25:53	2024-08-11 19:49:22	2024-08-05 10:59:00	3feaad255df249169127e590b1602cd7	Subscriptions		Wall Street Journal	OFX ext. info: |Trans type:Generic debit|Memo:D J*WALL-ST-JOURNAL 800-568-7625 NJ - 0001			n	1055/100	1055/100	1970-01-01 00:00:00
C	848622e34a0a430a9d240acc5e75d30d	3c59cc3c8b974a82aeb70eb8cd9ff29c	2024-08-11 21:25:53	2024-08-11 19:49:22	2024-08-05 10:59:00	48c0a9bb8af04622bbb5c2e2aac3f735	Navy Rewards Card		Wall Street Journal	OFX ext. info: |Trans type:Generic debit|Memo:D J*WALL-ST-JOURNAL 800-568-7625 NJ - 0001	D J*WALL-ST-JOURNAL 800-568-7625 NJ - 0001		c	-1055/100	-1055/100	2024-08-11 20:19:11
===== END
===== START
B	4556fafeb69143fe818394cff4f276e2	b24fa13331014eeba0a8fc035defca4d	2024-08-11 21:26:05	2024-08-11 19:49:22	2024-08-06 10:59:00	3323a52a32464e5db6926fdc8fbced8f	Imbalance-USD		Adobe	OFX ext. info: |Trans type:Generic debit|Memo:ADOBE INC. 408-536-6000 CA - 4430			n	3779/100	3779/100	1970-01-01 00:00:00
B	4556fafeb69143fe818394cff4f276e2	be0ede3a43064e41bcb2672f70369ba1	2024-08-11 21:26:05	2024-08-11 19:49:22	2024-08-06 10:59:00	48c0a9bb8af04622bbb5c2e2aac3f735	Navy Rewards Card		Adobe	OFX ext. info: |Trans type:Generic debit|Memo:ADOBE INC. 408-536-6000 CA - 4430	ADOBE INC. 408-536-6000 CA - 4430		c	-3779/100	-3779/100	2024-08-11 20:19:11
===== END
===== START
C	4556fafeb69143fe818394cff4f276e2	b24fa13331014eeba0a8fc035defca4d	2024-08-11 21:26:05	2024-08-11 19:49:22	2024-08-06 10:59:00	3feaad255df249169127e590b1602cd7	Subscriptions		Adobe	OFX ext. info: |Trans type:Generic debit|Memo:ADOBE INC. 408-536-6000 CA - 4430			n	3779/100	3779/100	1970-01-01 00:00:00
C	4556fafeb69143fe818394cff4f276e2	be0ede3a43064e41bcb2672f70369ba1	2024-08-11 21:26:05	2024-08-11 19:49:22	2024-08-06 10:59:00	48c0a9bb8af04622bbb5c2e2aac3f735	Navy Rewards Card		Adobe	OFX ext. info: |Trans type:Generic debit|Memo:ADOBE INC. 408-536-6000 CA - 4430	ADOBE INC. 408-536-6000 CA - 4430		c	-3779/100	-3779/100	2024-08-11 20:19:11
===== END
===== START
B	6281310c833e42d98cc5de75336af415	f19a6a705c6243bca8f418e738314fc8	2024-08-11 21:26:11	2024-08-11 19:49:22	2024-08-06 10:59:00	3323a52a32464e5db6926fdc8fbced8f	Imbalance-USD		Amazon	OFX ext. info: |Trans type:Generic debit|Memo:AMAZON MKTPL*RF9O81XJ1 Amzn.com/billWA - 0001			n	1082/100	1082/100	1970-01-01 00:00:00
B	6281310c833e42d98cc5de75336af415	012737c258d543478a25003e1c267c81	2024-08-11 21:26:11	2024-08-11 19:49:22	2024-08-06 10:59:00	48c0a9bb8af04622bbb5c2e2aac3f735	Navy Rewards Card		Amazon	OFX ext. info: |Trans type:Generic debit|Memo:AMAZON MKTPL*RF9O81XJ1 Amzn.com/billWA - 0001	AMAZON MKTPL*RF9O81XJ1 Amzn.com/billWA - 0001		c	-1082/100	-1082/100	2024-08-11 20:19:11
===== END
===== START
C	6281310c833e42d98cc5de75336af415	f19a6a705c6243bca8f418e738314fc8	2024-08-11 21:26:11	2024-08-11 19:49:22	2024-08-06 10:59:00	f51833ab51c446f28a6ab0d10a773759	Miscellaneous		Amazon	OFX ext. info: |Trans type:Generic debit|Memo:AMAZON MKTPL*RF9O81XJ1 Amzn.com/billWA - 0001			n	1082/100	1082/100	1970-01-01 00:00:00
C	6281310c833e42d98cc5de75336af415	012737c258d543478a25003e1c267c81	2024-08-11 21:26:11	2024-08-11 19:49:22	2024-08-06 10:59:00	48c0a9bb8af04622bbb5c2e2aac3f735	Navy Rewards Card		Amazon	OFX ext. info: |Trans type:Generic debit|Memo:AMAZON MKTPL*RF9O81XJ1 Amzn.com/billWA - 0001	AMAZON MKTPL*RF9O81XJ1 Amzn.com/billWA - 0001		c	-1082/100	-1082/100	2024-08-11 20:19:11
===== END
===== START
B	7ea6ba9d6ecf4bdf9f98fb916ecf893a	b54e88b2144f4910b539024e0facd6c9	2024-08-11 21:26:12	2024-08-11 19:49:22	2024-08-06 10:59:00	3323a52a32464e5db6926fdc8fbced8f	Imbalance-USD		Amazon	OFX ext. info: |Trans type:Generic debit|Memo:AMAZON MKTPL*RF30B3DD2 Amzn.com/billWA - 4430			n	5661/100	5661/100	1970-01-01 00:00:00
B	7ea6ba9d6ecf4bdf9f98fb916ecf893a	adb041a85ca646ab8289c4614d4c64f8	2024-08-11 21:26:12	2024-08-11 19:49:22	2024-08-06 10:59:00	48c0a9bb8af04622bbb5c2e2aac3f735	Navy Rewards Card		Amazon	OFX ext. info: |Trans type:Generic debit|Memo:AMAZON MKTPL*RF30B3DD2 Amzn.com/billWA - 4430	AMAZON MKTPL*RF30B3DD2 Amzn.com/billWA - 4430		c	-5661/100	-5661/100	2024-08-11 20:19:11
===== END
===== START
C	7ea6ba9d6ecf4bdf9f98fb916ecf893a	b54e88b2144f4910b539024e0facd6c9	2024-08-11 21:26:12	2024-08-11 19:49:22	2024-08-06 10:59:00	f51833ab51c446f28a6ab0d10a773759	Miscellaneous		Amazon	OFX ext. info: |Trans type:Generic debit|Memo:AMAZON MKTPL*RF30B3DD2 Amzn.com/billWA - 4430			n	5661/100	5661/100	1970-01-01 00:00:00
C	7ea6ba9d6ecf4bdf9f98fb916ecf893a	adb041a85ca646ab8289c4614d4c64f8	2024-08-11 21:26:12	2024-08-11 19:49:22	2024-08-06 10:59:00	48c0a9bb8af04622bbb5c2e2aac3f735	Navy Rewards Card		Amazon	OFX ext. info: |Trans type:Generic debit|Memo:AMAZON MKTPL*RF30B3DD2 Amzn.com/billWA - 4430	AMAZON MKTPL*RF30B3DD2 Amzn.com/billWA - 4430		c	-5661/100	-5661/100	2024-08-11 20:19:11
===== END
===== START
B	0cffbfabbdf24969866d221720fefc5e	9d679ea84fea4d8aa60e719fe3bd545d	2024-08-11 21:26:20	2024-08-11 19:49:22	2024-08-06 10:59:00	3323a52a32464e5db6926fdc8fbced8f	Imbalance-USD		Speedway	OFX ext. info: |Trans type:Generic debit|Memo:SPEEDWAY 46265 TUCSON AZ - 0001			n	3608/100	3608/100	1970-01-01 00:00:00
B	0cffbfabbdf24969866d221720fefc5e	76bb1d0296724c928142f838cfd4377f	2024-08-11 21:26:20	2024-08-11 19:49:22	2024-08-06 10:59:00	48c0a9bb8af04622bbb5c2e2aac3f735	Navy Rewards Card		Speedway	OFX ext. info: |Trans type:Generic debit|Memo:SPEEDWAY 46265 TUCSON AZ - 0001	SPEEDWAY 46265 TUCSON AZ - 0001		c	-3608/100	-3608/100	2024-08-11 20:19:11
===== END
===== START
C	0cffbfabbdf24969866d221720fefc5e	9d679ea84fea4d8aa60e719fe3bd545d	2024-08-11 21:26:20	2024-08-11 19:49:22	2024-08-06 10:59:00	8e074199bfaa4e0aae7c0e094b0ccf9e	Gas		Speedway	OFX ext. info: |Trans type:Generic debit|Memo:SPEEDWAY 46265 TUCSON AZ - 0001			n	3608/100	3608/100	1970-01-01 00:00:00
C	0cffbfabbdf24969866d221720fefc5e	76bb1d0296724c928142f838cfd4377f	2024-08-11 21:26:20	2024-08-11 19:49:22	2024-08-06 10:59:00	48c0a9bb8af04622bbb5c2e2aac3f735	Navy Rewards Card		Speedway	OFX ext. info: |Trans type:Generic debit|Memo:SPEEDWAY 46265 TUCSON AZ - 0001	SPEEDWAY 46265 TUCSON AZ - 0001		c	-3608/100	-3608/100	2024-08-11 20:19:11
===== END
===== START
B	0447d338b308464b90e4473701e3d77f	ce93ead7ccf0441d85089ef2a8fe9d08	2024-08-11 21:26:28	2024-08-11 19:49:22	2024-08-06 10:59:00	3323a52a32464e5db6926fdc8fbced8f	Imbalance-USD		TST*FLORAS MARKET RUN Tucson AZ	OFX ext. info: |Trans type:Generic debit|Memo:TST*FLORAS MARKET RUN Tucson AZ - 0001			n	8429/100	8429/100	1970-01-01 00:00:00
B	0447d338b308464b90e4473701e3d77f	b6720251fc9c4d62a3ec162998633b19	2024-08-11 21:26:28	2024-08-11 19:49:22	2024-08-06 10:59:00	48c0a9bb8af04622bbb5c2e2aac3f735	Navy Rewards Card		TST*FLORAS MARKET RUN Tucson AZ	OFX ext. info: |Trans type:Generic debit|Memo:TST*FLORAS MARKET RUN Tucson AZ - 0001	TST*FLORAS MARKET RUN Tucson AZ - 0001		c	-8429/100	-8429/100	2024-08-11 20:19:11
===== END
===== START
C	0447d338b308464b90e4473701e3d77f	ce93ead7ccf0441d85089ef2a8fe9d08	2024-08-11 21:26:28	2024-08-11 19:49:22	2024-08-06 10:59:00	7c452bea58344d23b0f556cf05df9fe0	Dining		TST*FLORAS MARKET RUN Tucson AZ	OFX ext. info: |Trans type:Generic debit|Memo:TST*FLORAS MARKET RUN Tucson AZ - 0001			n	8429/100	8429/100	1970-01-01 00:00:00
C	0447d338b308464b90e4473701e3d77f	b6720251fc9c4d62a3ec162998633b19	2024-08-11 21:26:28	2024-08-11 19:49:22	2024-08-06 10:59:00	48c0a9bb8af04622bbb5c2e2aac3f735	Navy Rewards Card		TST*FLORAS MARKET RUN Tucson AZ	OFX ext. info: |Trans type:Generic debit|Memo:TST*FLORAS MARKET RUN Tucson AZ - 0001	TST*FLORAS MARKET RUN Tucson AZ - 0001		c	-8429/100	-8429/100	2024-08-11 20:19:11
===== END
===== START
B	c3a8b130f5854d31b4a4723e4d7f7e8a	d20aa12d11e440f48ea6f38de0c3ea8b	2024-08-11 21:26:33	2024-08-11 19:49:22	2024-08-07 10:59:00	7c452bea58344d23b0f556cf05df9fe0	Dining		BENARDA VETERINARY HOSPITTUCSON	OFX ext. info: |Trans type:Generic debit|Memo:BENARDA VETERINARY HOSPITTUCSON AZ - 0001			n	5000/100	5000/100	1970-01-01 00:00:00
B	c3a8b130f5854d31b4a4723e4d7f7e8a	0326549aebaa4522955c4d0f0ad06738	2024-08-11 21:26:33	2024-08-11 19:49:22	2024-08-07 10:59:00	48c0a9bb8af04622bbb5c2e2aac3f735	Navy Rewards Card		BENARDA VETERINARY HOSPITTUCSON	OFX ext. info: |Trans type:Generic debit|Memo:BENARDA VETERINARY HOSPITTUCSON AZ - 0001	BENARDA VETERINARY HOSPITTUCSON AZ - 0001		c	-5000/100	-5000/100	2024-08-11 20:19:11
===== END
===== START
C	c3a8b130f5854d31b4a4723e4d7f7e8a	d20aa12d11e440f48ea6f38de0c3ea8b	2024-08-11 21:26:33	2024-08-11 19:49:22	2024-08-07 10:59:00	0287a1bc9c4949d4a9997f42ef1fe557	Pet Care		BENARDA VETERINARY HOSPITTUCSON	OFX ext. info: |Trans type:Generic debit|Memo:BENARDA VETERINARY HOSPITTUCSON AZ - 0001			n	5000/100	5000/100	1970-01-01 00:00:00
C	c3a8b130f5854d31b4a4723e4d7f7e8a	0326549aebaa4522955c4d0f0ad06738	2024-08-11 21:26:33	2024-08-11 19:49:22	2024-08-07 10:59:00	48c0a9bb8af04622bbb5c2e2aac3f735	Navy Rewards Card		BENARDA VETERINARY HOSPITTUCSON	OFX ext. info: |Trans type:Generic debit|Memo:BENARDA VETERINARY HOSPITTUCSON AZ - 0001	BENARDA VETERINARY HOSPITTUCSON AZ - 0001		c	-5000/100	-5000/100	2024-08-11 20:19:11
===== END
