mod	trans_guid	split_guid	time_now	date_entered	date_posted	acc_guid	acc_name	num	description	notes	memo	action	reconciled	amount	value	date_reconciled
-----------------
===== START
B	fbef7428866a4fbfb0c1dc9ff2d9702b	76ff4b48381b45569475e0eeddde87d1	2024-08-11 17:16:59	2024-08-11 16:41:40	2024-04-02 10:59:00	afe29b9815264ab1bdb84bb218ad1d54	Auto Insurance		USAA	OFX ext. info: |Trans type:Generic debit|Memo:ACH Transaction - USAA FSB ICPAYMENT 0031407426 ACH DEBIT			n	40957/100	40957/100	1970-01-01 00:00:00
B	fbef7428866a4fbfb0c1dc9ff2d9702b	211dc918ee244d25aa9f09ce2786ff44	2024-08-11 17:16:59	2024-08-11 16:41:40	2024-04-02 10:59:00	5f8cd3d7d07f4e76916a760d36c0523b	Checking Account		USAA	OFX ext. info: |Trans type:Generic debit|Memo:ACH Transaction - USAA FSB ICPAYMENT 0031407426 ACH DEBIT	ACH Transaction - USAA FSB ICPAYMENT 0031407426 ACH DEBIT		c	-40957/100	-40957/100	2024-08-11 16:42:20
===== END
===== START
C	fbef7428866a4fbfb0c1dc9ff2d9702b	76ff4b48381b45569475e0eeddde87d1	2024-08-11 17:17:12	2024-08-11 16:41:40	2024-04-02 10:59:00	afe29b9815264ab1bdb84bb218ad1d54	Auto Insurance		USAA	OFX ext. info: |Trans type:Generic debit|Memo:ACH Transaction - USAA FSB ICPAYMENT 0031407426 ACH DEBIT			n	32138/100	32138/100	1970-01-01 00:00:00
C	fbef7428866a4fbfb0c1dc9ff2d9702b	211dc918ee244d25aa9f09ce2786ff44	2024-08-11 17:17:12	2024-08-11 16:41:40	2024-04-02 10:59:00	5f8cd3d7d07f4e76916a760d36c0523b	Checking Account		USAA	OFX ext. info: |Trans type:Generic debit|Memo:ACH Transaction - USAA FSB ICPAYMENT 0031407426 ACH DEBIT	ACH Transaction - USAA FSB ICPAYMENT 0031407426 ACH DEBIT		c	-40957/100	-40957/100	2024-08-11 16:42:20
C	fbef7428866a4fbfb0c1dc9ff2d9702b	208b42d1f2244d7a9af2dfd9315dbdff	2024-08-11 17:17:12	2024-08-11 16:41:40	2024-04-02 10:59:00	2affe66e455c4d78a971998e23de3f9b	Vehicle Loan Interest		USAA	OFX ext. info: |Trans type:Generic debit|Memo:ACH Transaction - USAA FSB ICPAYMENT 0031407426 ACH DEBIT			n	8819/100	8819/100	1970-01-01 00:00:00
===== END
===== START
B	449354985b5b4d60a704f77d675c5a94	8505cc3b980f4b7cb7b676670f0c40f0	2024-08-11 17:17:39	2024-08-11 16:41:40	2024-04-05 10:59:00	3323a52a32464e5db6926fdc8fbced8f	Imbalance-USD		Payment to Cox Communications	OFX ext. info: |Trans type:Generic debit|Memo:ACH Transaction - COX COMM PHX BANK DRAFT 0009100001 ACH DEBIT			n	11622/100	11622/100	1970-01-01 00:00:00
B	449354985b5b4d60a704f77d675c5a94	c4c9be12d94640b0ae0a1048b668f8dd	2024-08-11 17:17:39	2024-08-11 16:41:40	2024-04-05 10:59:00	5f8cd3d7d07f4e76916a760d36c0523b	Checking Account		Payment to Cox Communications	OFX ext. info: |Trans type:Generic debit|Memo:ACH Transaction - COX COMM PHX BANK DRAFT 0009100001 ACH DEBIT	ACH Transaction - COX COMM PHX BANK DRAFT 0009100001 ACH DEBIT		c	-11622/100	-11622/100	2024-08-11 16:42:20
===== END
===== START
C	449354985b5b4d60a704f77d675c5a94	8505cc3b980f4b7cb7b676670f0c40f0	2024-08-11 17:17:39	2024-08-11 16:41:40	2024-04-05 10:59:00	5fb458e08b3f44cd8c8eb1926266338d	internet		Payment to Cox Communications	OFX ext. info: |Trans type:Generic debit|Memo:ACH Transaction - COX COMM PHX BANK DRAFT 0009100001 ACH DEBIT			n	11622/100	11622/100	1970-01-01 00:00:00
C	449354985b5b4d60a704f77d675c5a94	c4c9be12d94640b0ae0a1048b668f8dd	2024-08-11 17:17:39	2024-08-11 16:41:40	2024-04-05 10:59:00	5f8cd3d7d07f4e76916a760d36c0523b	Checking Account		Payment to Cox Communications	OFX ext. info: |Trans type:Generic debit|Memo:ACH Transaction - COX COMM PHX BANK DRAFT 0009100001 ACH DEBIT	ACH Transaction - COX COMM PHX BANK DRAFT 0009100001 ACH DEBIT		c	-11622/100	-11622/100	2024-08-11 16:42:20
===== END
===== START
B	6bc14e469ad04cef92e0924bc0398a94	71b25f516a084d579895e8db2b1cf19b	2024-08-11 17:18:09	2024-08-11 16:41:40	2024-04-12 10:59:00	5f8cd3d7d07f4e76916a760d36c0523b	Checking Account		Arizona Department Of Revenue De	OFX ext. info: |Trans type:Generic credit|Memo:Deposit - AZ DEPT OF REV AZ DEPT OF REV DEPOSIT	Deposit - AZ DEPT OF REV AZ DEPT OF REV DEPOSIT		c	63600/100	63600/100	2024-08-11 16:42:20
B	6bc14e469ad04cef92e0924bc0398a94	6f71eb176caf4017b546041161a4697a	2024-08-11 17:18:09	2024-08-11 16:41:40	2024-04-12 10:59:00	02a2adb803174ca7979491311a508662	Electric		Arizona Department Of Revenue De	OFX ext. info: |Trans type:Generic credit|Memo:Deposit - AZ DEPT OF REV AZ DEPT OF REV DEPOSIT			n	-63600/100	-63600/100	1970-01-01 00:00:00
===== END
===== START
C	6bc14e469ad04cef92e0924bc0398a94	71b25f516a084d579895e8db2b1cf19b	2024-08-11 17:18:09	2024-08-11 16:41:40	2024-04-12 10:59:00	5f8cd3d7d07f4e76916a760d36c0523b	Checking Account		Arizona Department Of Revenue De	OFX ext. info: |Trans type:Generic credit|Memo:Deposit - AZ DEPT OF REV AZ DEPT OF REV DEPOSIT	Deposit - AZ DEPT OF REV AZ DEPT OF REV DEPOSIT		c	63600/100	63600/100	2024-08-11 16:42:20
C	6bc14e469ad04cef92e0924bc0398a94	6f71eb176caf4017b546041161a4697a	2024-08-11 17:18:09	2024-08-11 16:41:40	2024-04-12 10:59:00	70b02378b1b94b60aae59e9d9d94a6af	Tax Refund		Arizona Department Of Revenue De	OFX ext. info: |Trans type:Generic credit|Memo:Deposit - AZ DEPT OF REV AZ DEPT OF REV DEPOSIT			n	-63600/100	-63600/100	1970-01-01 00:00:00
===== END
===== START
B	8732ead65b774c7a8a34edf7d15b78e1	506abe63c22c4e158e88f81b5e472fb2	2024-08-11 17:19:12	2024-08-11 16:41:40	2024-04-15 10:59:00	a996b30c3e714c1483ec007f2699fc71	Groceries		Fidelity Investments	OFX ext. info: |Trans type:Generic debit|Memo:ACH Transaction - FID BKG SVC LLC MONEYLINE 0009100001 ACH DEBIT			n	650000/100	650000/100	1970-01-01 00:00:00
B	8732ead65b774c7a8a34edf7d15b78e1	fc019c13a2d04b8ea2e3e27bf58daeec	2024-08-11 17:19:12	2024-08-11 16:41:40	2024-04-15 10:59:00	5f8cd3d7d07f4e76916a760d36c0523b	Checking Account		Fidelity Investments	OFX ext. info: |Trans type:Generic debit|Memo:ACH Transaction - FID BKG SVC LLC MONEYLINE 0009100001 ACH DEBIT	ACH Transaction - FID BKG SVC LLC MONEYLINE 0009100001 ACH DEBIT		c	-650000/100	-650000/100	2024-08-11 16:42:20
===== END
===== START
C	8732ead65b774c7a8a34edf7d15b78e1	506abe63c22c4e158e88f81b5e472fb2	2024-08-11 17:19:12	2024-08-11 16:41:40	2024-04-15 10:59:00	0e986e920dc24b6bb66b8b7974dfa6ef	Roth IRA		Fidelity Investments	OFX ext. info: |Trans type:Generic debit|Memo:ACH Transaction - FID BKG SVC LLC MONEYLINE 0009100001 ACH DEBIT			n	650000/100	650000/100	1970-01-01 00:00:00
C	8732ead65b774c7a8a34edf7d15b78e1	fc019c13a2d04b8ea2e3e27bf58daeec	2024-08-11 17:19:12	2024-08-11 16:41:40	2024-04-15 10:59:00	5f8cd3d7d07f4e76916a760d36c0523b	Checking Account		Fidelity Investments	OFX ext. info: |Trans type:Generic debit|Memo:ACH Transaction - FID BKG SVC LLC MONEYLINE 0009100001 ACH DEBIT	ACH Transaction - FID BKG SVC LLC MONEYLINE 0009100001 ACH DEBIT		c	-650000/100	-650000/100	2024-08-11 16:42:20
===== END
===== START
B	8bfd24e207624add83f03a2038920ef1	f659ff1a43c24247a4d4366a7ddb9462	2024-08-11 17:20:29	2024-08-11 16:41:40	2024-04-15 10:59:00	5f8cd3d7d07f4e76916a760d36c0523b	Checking Account		Salary/Regular Income from IRS	OFX ext. info: |Trans type:Generic credit|Memo:Deposit - IRS TREAS 310 IRS TREAS 310 DEPOSIT	Deposit - IRS TREAS 310 IRS TREAS 310 DEPOSIT		c	51300/100	51300/100	2024-08-11 16:42:20
B	8bfd24e207624add83f03a2038920ef1	163a636262794c239a1fc4ba88af820f	2024-08-11 17:20:29	2024-08-11 16:41:40	2024-04-15 10:59:00	19cd0144a4154367b52e975f70af3df4	dividend		Salary/Regular Income from IRS	OFX ext. info: |Trans type:Generic credit|Memo:Deposit - IRS TREAS 310 IRS TREAS 310 DEPOSIT			n	-51300/100	-51300/100	1970-01-01 00:00:00
===== END
===== START
C	8bfd24e207624add83f03a2038920ef1	f659ff1a43c24247a4d4366a7ddb9462	2024-08-11 17:20:29	2024-08-11 16:41:40	2024-04-15 10:59:00	5f8cd3d7d07f4e76916a760d36c0523b	Checking Account		Salary/Regular Income from IRS	OFX ext. info: |Trans type:Generic credit|Memo:Deposit - IRS TREAS 310 IRS TREAS 310 DEPOSIT	Deposit - IRS TREAS 310 IRS TREAS 310 DEPOSIT		c	51300/100	51300/100	2024-08-11 16:42:20
C	8bfd24e207624add83f03a2038920ef1	163a636262794c239a1fc4ba88af820f	2024-08-11 17:20:29	2024-08-11 16:41:40	2024-04-15 10:59:00	70b02378b1b94b60aae59e9d9d94a6af	Tax Refund		Salary/Regular Income from IRS	OFX ext. info: |Trans type:Generic credit|Memo:Deposit - IRS TREAS 310 IRS TREAS 310 DEPOSIT			n	-51300/100	-51300/100	1970-01-01 00:00:00
===== END
