mod	trans_guid	split_guid	time_now	date_entered	date_posted	acc_guid	acc_name	num	description	notes	memo	action	reconciled	amount	value	date_reconciled
-----------------
===== START
B	f7c27827df304306876758ac5059dab1	4929f0aff1144628ae638abbfe860183	2024-08-18 21:35:20	2024-03-24 13:56:49	2024-03-21 10:59:00	e96006f03af946419f174c26ada68cf6	Home Repair		Debit- XX 4551 Weedco XX1390 AZ	OFX ext. info: |Trans type:Generic debit|Memo:Pos Debit-    4551 4551 Weedco 520-5491390 AZ|Date funds available:2024-03-19 12:00:00			n	13390/100	13390/100	1970-01-01 00:00:00
B	f7c27827df304306876758ac5059dab1	a6ff4e56b53a4b96bc173170c9984a34	2024-08-18 21:35:20	2024-03-24 13:56:49	2024-03-21 10:59:00	5f8cd3d7d07f4e76916a760d36c0523b	Checking Account		Debit- XX 4551 Weedco XX1390 AZ	OFX ext. info: |Trans type:Generic debit|Memo:Pos Debit-    4551 4551 Weedco 520-5491390 AZ|Date funds available:2024-03-19 12:00:00	Pos Debit-    4551 4551 Weedco 520-5491390 AZ		c	-13390/100	-13390/100	2024-03-24 13:56:59
===== END
===== START
C	f7c27827df304306876758ac5059dab1	4929f0aff1144628ae638abbfe860183	2024-08-18 21:35:20	2024-03-24 13:56:49	2024-03-21 10:59:00	af032c55cf594d379b710a0f7b2f11ee	Weed Company		Debit- XX 4551 Weedco XX1390 AZ	OFX ext. info: |Trans type:Generic debit|Memo:Pos Debit-    4551 4551 Weedco 520-5491390 AZ|Date funds available:2024-03-19 12:00:00			n	13390/100	13390/100	1970-01-01 00:00:00
C	f7c27827df304306876758ac5059dab1	a6ff4e56b53a4b96bc173170c9984a34	2024-08-18 21:35:20	2024-03-24 13:56:49	2024-03-21 10:59:00	5f8cd3d7d07f4e76916a760d36c0523b	Checking Account		Debit- XX 4551 Weedco XX1390 AZ	OFX ext. info: |Trans type:Generic debit|Memo:Pos Debit-    4551 4551 Weedco 520-5491390 AZ|Date funds available:2024-03-19 12:00:00	Pos Debit-    4551 4551 Weedco 520-5491390 AZ		c	-13390/100	-13390/100	2024-03-24 13:56:59
===== END
===== START
===== END
===== START
===== END
===== START
===== END
===== START
===== END
===== START
===== END
===== START
===== END
===== START
===== END
===== START
===== END
===== START
===== END
===== START
===== END
===== START
===== END
===== START
===== END
===== START
===== END
===== START
===== END
===== START
===== END
===== START
===== END
===== START
===== END
===== START
===== END
===== START
===== END
===== START
===== END
===== START
===== END
===== START
===== END
===== START
===== END
===== START
===== END
===== START
===== END
===== START
===== END
===== START
===== END
===== START
D	04be8e572e974278974025d5de263b57	8ede884be2644bf682dffcc16daae4f8	2024-08-18 21:38:55	2024-08-18 21:38:55	2024-03-11 10:59:00	39d3c305cefb42799b43896918986dd1	Visa Platinum		McAfee	OFX ext. info: |Trans type:Generic debit|Memo:MCAFEE *WWW.MCAFEE.COM 866-622-3911 TX - 1928	MCAFEE *WWW.MCAFEE.COM 866-622-3911 TX - 1928		n	-11999/100	-11999/100	1970-01-01 00:00:00
===== END
===== START
C	9d9e2e12588c419ab50a4afb6b602121	d85814d5a0c84401a75e68b2e25af0f8	2024-08-18 21:38:58	2024-08-18 21:38:55	2024-04-01 10:59:00	39d3c305cefb42799b43896918986dd1	Visa Platinum		Credit Card Payment Received	OFX ext. info: |Trans type:Generic credit|Memo:PAYMENT RECEIVED - 1928	PAYMENT RECEIVED - 1928		c	14673/100	14673/100	2024-08-18 21:38:58
C	9d9e2e12588c419ab50a4afb6b602121	6decff821b824902b584d597beafc570	2024-08-18 21:38:58	2024-08-18 21:38:55	2024-04-01 10:59:00	3323a52a32464e5db6926fdc8fbced8f	Imbalance-USD		Credit Card Payment Received	OFX ext. info: |Trans type:Generic credit|Memo:PAYMENT RECEIVED - 1928			n	-14673/100	-14673/100	1970-01-01 00:00:00
===== END
===== START
C	5fd8c74f0b0e418491152502b01c3464	49a3b5d1e9e1409bb1ea5308f849d433	2024-08-18 21:38:58	2024-08-18 21:38:55	2024-04-04 10:59:00	39d3c305cefb42799b43896918986dd1	Visa Platinum		Payment to New York Times	OFX ext. info: |Trans type:Generic debit|Memo:NYTIMES* 800-698-4637 NY - 1928	NYTIMES* 800-698-4637 NY - 1928		c	-695/100	-695/100	2024-08-18 21:38:58
C	5fd8c74f0b0e418491152502b01c3464	efdd2fd1943f4547b06c27841d3019b6	2024-08-18 21:38:58	2024-08-18 21:38:55	2024-04-04 10:59:00	3323a52a32464e5db6926fdc8fbced8f	Imbalance-USD		Payment to New York Times	OFX ext. info: |Trans type:Generic debit|Memo:NYTIMES* 800-698-4637 NY - 1928			n	695/100	695/100	1970-01-01 00:00:00
===== END
===== START
C	79b5d18522944d218694aec610c642f7	151a645a65bc4958b88d7128f24fa746	2024-08-18 21:38:58	2024-08-18 21:38:55	2024-04-05 10:59:00	39d3c305cefb42799b43896918986dd1	Visa Platinum		Experian	OFX ext. info: |Trans type:Generic debit|Memo:Experian* Credit Report 479-3436237 CA - 1928	Experian* Credit Report 479-3436237 CA - 1928		c	-2674/100	-2674/100	2024-08-18 21:38:58
C	79b5d18522944d218694aec610c642f7	2afbc35b6bce49c1b7c1814e78f0ba6e	2024-08-18 21:38:58	2024-08-18 21:38:55	2024-04-05 10:59:00	3323a52a32464e5db6926fdc8fbced8f	Imbalance-USD		Experian	OFX ext. info: |Trans type:Generic debit|Memo:Experian* Credit Report 479-3436237 CA - 1928			n	2674/100	2674/100	1970-01-01 00:00:00
===== END
===== START
C	8b24f0d4da7b449ca0f1b70c1f91c714	9f7fe80259aa475ca7a9472737037edc	2024-08-18 21:38:58	2024-08-18 21:38:55	2024-04-19 10:59:00	39d3c305cefb42799b43896918986dd1	Visa Platinum		Payment to New York Times	OFX ext. info: |Trans type:Generic debit|Memo:NYTIMES* 800-698-4637 NY - 1928	NYTIMES* 800-698-4637 NY - 1928		c	-695/100	-695/100	2024-08-18 21:38:58
C	8b24f0d4da7b449ca0f1b70c1f91c714	9f4824f33eb84726b9d02ce132c98029	2024-08-18 21:38:58	2024-08-18 21:38:55	2024-04-19 10:59:00	3323a52a32464e5db6926fdc8fbced8f	Imbalance-USD		Payment to New York Times	OFX ext. info: |Trans type:Generic debit|Memo:NYTIMES* 800-698-4637 NY - 1928			n	695/100	695/100	1970-01-01 00:00:00
===== END
===== START
C	709028dee5ff4fccb78e7a1f2f41f5ac	f9ffc74af6a645de8569ea72b3ed31ac	2024-08-18 21:38:58	2024-08-18 21:38:55	2024-05-01 10:59:00	39d3c305cefb42799b43896918986dd1	Visa Platinum		Credit Card Payment Received	OFX ext. info: |Trans type:Generic credit|Memo:PAYMENT RECEIVED - 1928	PAYMENT RECEIVED - 1928		c	4064/100	4064/100	2024-08-18 21:38:58
C	709028dee5ff4fccb78e7a1f2f41f5ac	f878e3df4dd846d1b274767635198522	2024-08-18 21:38:58	2024-08-18 21:38:55	2024-05-01 10:59:00	3323a52a32464e5db6926fdc8fbced8f	Imbalance-USD		Credit Card Payment Received	OFX ext. info: |Trans type:Generic credit|Memo:PAYMENT RECEIVED - 1928			n	-4064/100	-4064/100	1970-01-01 00:00:00
===== END
===== START
C	a15310d7340f44db817670075e0e3f40	34b23f23ffb945e7a44c22d3d6bb75c9	2024-08-18 21:38:58	2024-08-18 21:38:55	2024-05-06 10:59:00	39d3c305cefb42799b43896918986dd1	Visa Platinum		Experian	OFX ext. info: |Trans type:Generic debit|Memo:Experian* Credit Report 479-3436237 CA - 1928	Experian* Credit Report 479-3436237 CA - 1928		c	-2674/100	-2674/100	2024-08-18 21:38:58
C	a15310d7340f44db817670075e0e3f40	ea1db6fee76d4763a37d2042bb1e21d7	2024-08-18 21:38:58	2024-08-18 21:38:55	2024-05-06 10:59:00	3323a52a32464e5db6926fdc8fbced8f	Imbalance-USD		Experian	OFX ext. info: |Trans type:Generic debit|Memo:Experian* Credit Report 479-3436237 CA - 1928			n	2674/100	2674/100	1970-01-01 00:00:00
===== END
===== START
C	1c1efe93243042b1b72acf09d304a526	9ec8d7e4c2ff4d35bf7d039a7159c023	2024-08-18 21:38:58	2024-08-18 21:38:55	2024-05-20 10:59:00	39d3c305cefb42799b43896918986dd1	Visa Platinum		Payment to New York Times	OFX ext. info: |Trans type:Generic debit|Memo:NYTimes*NYTimes 800-698-4637 NY - 1928	NYTimes*NYTimes 800-698-4637 NY - 1928		c	-695/100	-695/100	2024-08-18 21:38:58
C	1c1efe93243042b1b72acf09d304a526	5ca95430a5224335ac7b1a39c9dd75fe	2024-08-18 21:38:58	2024-08-18 21:38:55	2024-05-20 10:59:00	3323a52a32464e5db6926fdc8fbced8f	Imbalance-USD		Payment to New York Times	OFX ext. info: |Trans type:Generic debit|Memo:NYTimes*NYTimes 800-698-4637 NY - 1928			n	695/100	695/100	1970-01-01 00:00:00
===== END
===== START
C	2df65177de654766ab23dadd1230af75	02118f4d11794486b7c7b982f5b7217b	2024-08-18 21:38:58	2024-08-18 21:38:55	2024-05-31 10:59:00	39d3c305cefb42799b43896918986dd1	Visa Platinum		Credit Card Payment Received	OFX ext. info: |Trans type:Generic credit|Memo:PAYMENT RECEIVED - 1928	PAYMENT RECEIVED - 1928		c	3369/100	3369/100	2024-08-18 21:38:58
C	2df65177de654766ab23dadd1230af75	af683c2a3f5044a9ac37884421e3634b	2024-08-18 21:38:58	2024-08-18 21:38:55	2024-05-31 10:59:00	3323a52a32464e5db6926fdc8fbced8f	Imbalance-USD		Credit Card Payment Received	OFX ext. info: |Trans type:Generic credit|Memo:PAYMENT RECEIVED - 1928			n	-3369/100	-3369/100	1970-01-01 00:00:00
===== END
===== START
C	e42695600da2481782dee6a9fdfc9fb5	cc25950acf5b40a9b9072e2487d43502	2024-08-18 21:38:58	2024-08-18 21:38:55	2024-06-03 10:59:00	39d3c305cefb42799b43896918986dd1	Visa Platinum		MIRAGE - SHOWROOM BAR LAS VEGAS	OFX ext. info: |Trans type:Generic debit|Memo:MIRAGE - SHOWROOM BAR LAS VEGAS NV - 1928	MIRAGE - SHOWROOM BAR LAS VEGAS NV - 1928		c	-1866/100	-1866/100	2024-08-18 21:38:58
C	e42695600da2481782dee6a9fdfc9fb5	a147d67d4fee48bca3458630cdd479b9	2024-08-18 21:38:58	2024-08-18 21:38:55	2024-06-03 10:59:00	3323a52a32464e5db6926fdc8fbced8f	Imbalance-USD		MIRAGE - SHOWROOM BAR LAS VEGAS	OFX ext. info: |Trans type:Generic debit|Memo:MIRAGE - SHOWROOM BAR LAS VEGAS NV - 1928			n	1866/100	1866/100	1970-01-01 00:00:00
===== END
===== START
C	7ea31b46b8a04a83849dc944b9b4d772	fcc4ec09033142e9bcfe15da2d1f6b67	2024-08-18 21:38:58	2024-08-18 21:38:55	2024-06-03 10:59:00	39d3c305cefb42799b43896918986dd1	Visa Platinum		McDonald's	OFX ext. info: |Trans type:Generic debit|Memo:MCDONALD'S F20902 LAS VEGAS NV - 1928	MCDONALD'S F20902 LAS VEGAS NV - 1928		c	-400/100	-400/100	2024-08-18 21:38:58
C	7ea31b46b8a04a83849dc944b9b4d772	7a3d4d4bb1784d4f96c229c3399af5e0	2024-08-18 21:38:58	2024-08-18 21:38:55	2024-06-03 10:59:00	3323a52a32464e5db6926fdc8fbced8f	Imbalance-USD		McDonald's	OFX ext. info: |Trans type:Generic debit|Memo:MCDONALD'S F20902 LAS VEGAS NV - 1928			n	400/100	400/100	1970-01-01 00:00:00
===== END
===== START
C	28035c5bb56a49fab810f227b7d6fcd3	90478e10392d46388bcc1f98f5ac9759	2024-08-18 21:38:58	2024-08-18 21:38:55	2024-06-03 10:59:00	39d3c305cefb42799b43896918986dd1	Visa Platinum		EVI* EXCALIBUR HOTEL LAS VEGAS N	OFX ext. info: |Trans type:Generic debit|Memo:EVI* EXCALIBUR HOTEL LAS VEGAS NV - 1928	EVI* EXCALIBUR HOTEL LAS VEGAS NV - 1928		c	-11299/100	-11299/100	2024-08-18 21:38:58
C	28035c5bb56a49fab810f227b7d6fcd3	d8d768217f604c42971ee35d6dacd391	2024-08-18 21:38:58	2024-08-18 21:38:55	2024-06-03 10:59:00	3323a52a32464e5db6926fdc8fbced8f	Imbalance-USD		EVI* EXCALIBUR HOTEL LAS VEGAS N	OFX ext. info: |Trans type:Generic debit|Memo:EVI* EXCALIBUR HOTEL LAS VEGAS NV - 1928			n	11299/100	11299/100	1970-01-01 00:00:00
===== END
===== START
C	cf87cfce36e84da9a40d57ebc93e7ed1	9a862501a50b4ac78ae84318e90d7b7e	2024-08-18 21:38:58	2024-08-18 21:38:55	2024-06-03 10:59:00	39d3c305cefb42799b43896918986dd1	Visa Platinum		EVI* EXCALIBUR HOTEL LAS VEGAS N	OFX ext. info: |Trans type:Generic debit|Memo:EVI* EXCALIBUR HOTEL LAS VEGAS NV - 1928	EVI* EXCALIBUR HOTEL LAS VEGAS NV - 1928		c	-11299/100	-11299/100	2024-08-18 21:38:58
C	cf87cfce36e84da9a40d57ebc93e7ed1	0098d9cf5cf845fe9f157bcc7c9ec136	2024-08-18 21:38:58	2024-08-18 21:38:55	2024-06-03 10:59:00	3323a52a32464e5db6926fdc8fbced8f	Imbalance-USD		EVI* EXCALIBUR HOTEL LAS VEGAS N	OFX ext. info: |Trans type:Generic debit|Memo:EVI* EXCALIBUR HOTEL LAS VEGAS NV - 1928			n	11299/100	11299/100	1970-01-01 00:00:00
===== END
===== START
C	0eae94ccb6434c1db3017e99caace87d	c2a950fcef3f4ff0a98cefbd7cad31b4	2024-08-18 21:38:58	2024-08-18 21:38:55	2024-06-03 10:59:00	39d3c305cefb42799b43896918986dd1	Visa Platinum		Chevron	OFX ext. info: |Trans type:Generic debit|Memo:CHEVRON 0208719 LAS VEGAS NV - 1928	CHEVRON 0208719 LAS VEGAS NV - 1928		c	-229/100	-229/100	2024-08-18 21:38:58
C	0eae94ccb6434c1db3017e99caace87d	3930c2f0bff34b53a73e68b7e246282b	2024-08-18 21:38:58	2024-08-18 21:38:55	2024-06-03 10:59:00	3323a52a32464e5db6926fdc8fbced8f	Imbalance-USD		Chevron	OFX ext. info: |Trans type:Generic debit|Memo:CHEVRON 0208719 LAS VEGAS NV - 1928			n	229/100	229/100	1970-01-01 00:00:00
===== END
===== START
C	07ec7df154b64f27a99e1da20ab1ba8b	1551294dc70b4cb9ae24d8b4af1780b1	2024-08-18 21:38:58	2024-08-18 21:38:55	2024-06-03 10:59:00	39d3c305cefb42799b43896918986dd1	Visa Platinum		NYNY - TOM'S WATCH BAR LAS VEGAS	OFX ext. info: |Trans type:Generic debit|Memo:NYNY - TOM'S WATCH BAR LAS VEGAS NV - 1928	NYNY - TOM'S WATCH BAR LAS VEGAS NV - 1928		c	-3749/100	-3749/100	2024-08-18 21:38:58
C	07ec7df154b64f27a99e1da20ab1ba8b	234018db0e104bc28290570794fa3541	2024-08-18 21:38:58	2024-08-18 21:38:55	2024-06-03 10:59:00	3323a52a32464e5db6926fdc8fbced8f	Imbalance-USD		NYNY - TOM'S WATCH BAR LAS VEGAS	OFX ext. info: |Trans type:Generic debit|Memo:NYNY - TOM'S WATCH BAR LAS VEGAS NV - 1928			n	3749/100	3749/100	1970-01-01 00:00:00
===== END
===== START
C	31931ea3147f4cdf9f9e59370a7539b7	d26c647b0710418bb6b96483acb8f86a	2024-08-18 21:38:58	2024-08-18 21:38:55	2024-06-04 10:59:00	39d3c305cefb42799b43896918986dd1	Visa Platinum		Betmgm	OFX ext. info: |Trans type:Generic debit|Memo:MGM*BETMGM NV LAS VEGAS NV - 1928	MGM*BETMGM NV LAS VEGAS NV - 1928		c	-5000/100	-5000/100	2024-08-18 21:38:58
C	31931ea3147f4cdf9f9e59370a7539b7	742648cf097e4b53979e1526682e1b87	2024-08-18 21:38:58	2024-08-18 21:38:55	2024-06-04 10:59:00	3323a52a32464e5db6926fdc8fbced8f	Imbalance-USD		Betmgm	OFX ext. info: |Trans type:Generic debit|Memo:MGM*BETMGM NV LAS VEGAS NV - 1928			n	5000/100	5000/100	1970-01-01 00:00:00
===== END
===== START
C	b1dea16222894b3480177de3e63340e2	e3baca257089423bb6c4446ec2bc1d4e	2024-08-18 21:38:58	2024-08-18 21:38:55	2024-06-05 10:59:00	39d3c305cefb42799b43896918986dd1	Visa Platinum		Experian	OFX ext. info: |Trans type:Generic debit|Memo:Experian* Credit Report 479-3436237 CA - 1928	Experian* Credit Report 479-3436237 CA - 1928		c	-2674/100	-2674/100	2024-08-18 21:38:58
C	b1dea16222894b3480177de3e63340e2	827eff4eaccb47d292692ee0bbb89704	2024-08-18 21:38:58	2024-08-18 21:38:55	2024-06-05 10:59:00	3323a52a32464e5db6926fdc8fbced8f	Imbalance-USD		Experian	OFX ext. info: |Trans type:Generic debit|Memo:Experian* Credit Report 479-3436237 CA - 1928			n	2674/100	2674/100	1970-01-01 00:00:00
===== END
===== START
C	b23bcb043206420f978c73ec029d05db	bfc13671eeb6429dab25f4038f1f2f65	2024-08-18 21:38:58	2024-08-18 21:38:55	2024-06-18 10:59:00	39d3c305cefb42799b43896918986dd1	Visa Platinum		Payment to New York Times	OFX ext. info: |Trans type:Generic debit|Memo:NYTimes*NYTimes 800-698-4637 NY - 1928	NYTimes*NYTimes 800-698-4637 NY - 1928		c	-695/100	-695/100	2024-08-18 21:38:58
C	b23bcb043206420f978c73ec029d05db	a422a22081914f2e99e37365ccea0133	2024-08-18 21:38:58	2024-08-18 21:38:55	2024-06-18 10:59:00	3323a52a32464e5db6926fdc8fbced8f	Imbalance-USD		Payment to New York Times	OFX ext. info: |Trans type:Generic debit|Memo:NYTimes*NYTimes 800-698-4637 NY - 1928			n	695/100	695/100	1970-01-01 00:00:00
===== END
===== START
C	4550ca89bd614d369da8ca69b022be4c	4ebc89a956ae4c66b23773d328d90c91	2024-08-18 21:38:58	2024-08-18 21:38:55	2024-06-20 10:59:00	39d3c305cefb42799b43896918986dd1	Visa Platinum		RTX CAFE TUCSON848 TUCSON AZ - 1	OFX ext. info: |Trans type:Generic debit|Memo:RTX CAFE TUCSON848 TUCSON AZ - 1928	RTX CAFE TUCSON848 TUCSON AZ - 1928		c	-375/100	-375/100	2024-08-18 21:38:58
C	4550ca89bd614d369da8ca69b022be4c	0b25577ac7ef41609d84d0d2cdbad2cf	2024-08-18 21:38:58	2024-08-18 21:38:55	2024-06-20 10:59:00	3323a52a32464e5db6926fdc8fbced8f	Imbalance-USD		RTX CAFE TUCSON848 TUCSON AZ - 1	OFX ext. info: |Trans type:Generic debit|Memo:RTX CAFE TUCSON848 TUCSON AZ - 1928			n	375/100	375/100	1970-01-01 00:00:00
===== END
===== START
C	f6b52a0bdba94f37817a2154a64cc4f7	effe706903f34c888d5abbb560a15cc2	2024-08-18 21:38:58	2024-08-18 21:38:55	2024-06-26 10:59:00	39d3c305cefb42799b43896918986dd1	Visa Platinum		INTEREST CHARGE-CASH ADVANCES -	OFX ext. info: |Trans type:Generic debit|Memo:INTEREST CHARGE-CASH ADVANCES - 1928	INTEREST CHARGE-CASH ADVANCES - 1928		c	-318/100	-318/100	2024-08-18 21:38:58
C	f6b52a0bdba94f37817a2154a64cc4f7	0edd6ddf82474337ba59753928ab1ae0	2024-08-18 21:38:58	2024-08-18 21:38:55	2024-06-26 10:59:00	3323a52a32464e5db6926fdc8fbced8f	Imbalance-USD		INTEREST CHARGE-CASH ADVANCES -	OFX ext. info: |Trans type:Generic debit|Memo:INTEREST CHARGE-CASH ADVANCES - 1928			n	318/100	318/100	1970-01-01 00:00:00
===== END
===== START
C	467ef3e435e84397ab1db196a673fafa	e028dd3e020d44c8b904e32828585b0b	2024-08-18 21:38:58	2024-08-18 21:38:55	2024-07-01 10:59:00	39d3c305cefb42799b43896918986dd1	Visa Platinum		Credit Card Payment Received	OFX ext. info: |Trans type:Generic credit|Memo:PAYMENT RECEIVED - 1928	PAYMENT RECEIVED - 1928		c	37904/100	37904/100	2024-08-18 21:38:58
C	467ef3e435e84397ab1db196a673fafa	72707b39735946b7be1b297d2fffb01a	2024-08-18 21:38:58	2024-08-18 21:38:55	2024-07-01 10:59:00	3323a52a32464e5db6926fdc8fbced8f	Imbalance-USD		Credit Card Payment Received	OFX ext. info: |Trans type:Generic credit|Memo:PAYMENT RECEIVED - 1928			n	-37904/100	-37904/100	1970-01-01 00:00:00
===== END
===== START
C	fdcc022276574267a5e71aa5c2701c55	abae3e5c96c644008abfef25ff4acf50	2024-08-18 21:38:58	2024-08-18 21:38:55	2024-07-05 10:59:00	39d3c305cefb42799b43896918986dd1	Visa Platinum		Experian	OFX ext. info: |Trans type:Generic debit|Memo:Experian* Credit Report 479-3436237 CA - 1928	Experian* Credit Report 479-3436237 CA - 1928		c	-2674/100	-2674/100	2024-08-18 21:38:58
C	fdcc022276574267a5e71aa5c2701c55	a23d11b806bb45adb14b66f282cba6af	2024-08-18 21:38:58	2024-08-18 21:38:55	2024-07-05 10:59:00	3323a52a32464e5db6926fdc8fbced8f	Imbalance-USD		Experian	OFX ext. info: |Trans type:Generic debit|Memo:Experian* Credit Report 479-3436237 CA - 1928			n	2674/100	2674/100	1970-01-01 00:00:00
===== END
===== START
C	fd124aaf49ed45c1b1af525eaf2e28df	8a79c19408554593a752e9be71c54035	2024-08-18 21:38:58	2024-08-18 21:38:55	2024-07-18 10:59:00	39d3c305cefb42799b43896918986dd1	Visa Platinum		Payment to New York Times	OFX ext. info: |Trans type:Generic debit|Memo:NYTimes*NYTimes 800-698-4637 NY - 1928	NYTimes*NYTimes 800-698-4637 NY - 1928		c	-695/100	-695/100	2024-08-18 21:38:58
C	fd124aaf49ed45c1b1af525eaf2e28df	88f40a76f8734e50b0dc5ed5a5377442	2024-08-18 21:38:58	2024-08-18 21:38:55	2024-07-18 10:59:00	3323a52a32464e5db6926fdc8fbced8f	Imbalance-USD		Payment to New York Times	OFX ext. info: |Trans type:Generic debit|Memo:NYTimes*NYTimes 800-698-4637 NY - 1928			n	695/100	695/100	1970-01-01 00:00:00
===== END
===== START
C	2c0a73669a0647eea5921c72d52f42a7	229bd917697e4e6495b9af66183e61d0	2024-08-18 21:38:58	2024-08-18 21:38:55	2024-07-26 10:59:00	39d3c305cefb42799b43896918986dd1	Visa Platinum		INTEREST CHARGE-CASH ADVANCES -	OFX ext. info: |Trans type:Generic debit|Memo:INTEREST CHARGE-CASH ADVANCES - 1928	INTEREST CHARGE-CASH ADVANCES - 1928		c	-55/100	-55/100	2024-08-18 21:38:58
C	2c0a73669a0647eea5921c72d52f42a7	81ec473a8f81419c9e9b43641e960d23	2024-08-18 21:38:58	2024-08-18 21:38:55	2024-07-26 10:59:00	3323a52a32464e5db6926fdc8fbced8f	Imbalance-USD		INTEREST CHARGE-CASH ADVANCES -	OFX ext. info: |Trans type:Generic debit|Memo:INTEREST CHARGE-CASH ADVANCES - 1928			n	55/100	55/100	1970-01-01 00:00:00
===== END
===== START
C	feece2b08f9c4b99817a31659654fea2	4a3e9f1a9dc2426782425ab0ea49e20e	2024-08-18 21:38:58	2024-08-18 21:38:55	2024-08-01 10:59:00	39d3c305cefb42799b43896918986dd1	Visa Platinum		Credit Card Payment Received	OFX ext. info: |Trans type:Generic credit|Memo:PAYMENT RECEIVED - 1928	PAYMENT RECEIVED - 1928		c	3424/100	3424/100	2024-08-18 21:38:58
C	feece2b08f9c4b99817a31659654fea2	25260b9b88b446809777122bd3eebaf6	2024-08-18 21:38:58	2024-08-18 21:38:55	2024-08-01 10:59:00	3323a52a32464e5db6926fdc8fbced8f	Imbalance-USD		Credit Card Payment Received	OFX ext. info: |Trans type:Generic credit|Memo:PAYMENT RECEIVED - 1928			n	-3424/100	-3424/100	1970-01-01 00:00:00
===== END
===== START
C	cdfb9b4114994edfa7b64c3235c0e9d6	878bfc6f90b24235b66301fb03bb9e5d	2024-08-18 21:38:58	2024-08-18 21:38:55	2024-08-05 10:59:00	39d3c305cefb42799b43896918986dd1	Visa Platinum		Experian	OFX ext. info: |Trans type:Generic debit|Memo:Experian* Credit Report 479-3436237 CA - 1928	Experian* Credit Report 479-3436237 CA - 1928		c	-2674/100	-2674/100	2024-08-18 21:38:58
C	cdfb9b4114994edfa7b64c3235c0e9d6	eae38dca35574ae7a8da9839956968b8	2024-08-18 21:38:58	2024-08-18 21:38:55	2024-08-05 10:59:00	3323a52a32464e5db6926fdc8fbced8f	Imbalance-USD		Experian	OFX ext. info: |Trans type:Generic debit|Memo:Experian* Credit Report 479-3436237 CA - 1928			n	2674/100	2674/100	1970-01-01 00:00:00
===== END
===== START
B	5fd8c74f0b0e418491152502b01c3464	efdd2fd1943f4547b06c27841d3019b6	2024-08-18 21:39:13	2024-08-18 21:38:55	2024-04-04 10:59:00	3323a52a32464e5db6926fdc8fbced8f	Imbalance-USD		Payment to New York Times	OFX ext. info: |Trans type:Generic debit|Memo:NYTIMES* 800-698-4637 NY - 1928			n	695/100	695/100	1970-01-01 00:00:00
B	5fd8c74f0b0e418491152502b01c3464	49a3b5d1e9e1409bb1ea5308f849d433	2024-08-18 21:39:13	2024-08-18 21:38:55	2024-04-04 10:59:00	39d3c305cefb42799b43896918986dd1	Visa Platinum		Payment to New York Times	OFX ext. info: |Trans type:Generic debit|Memo:NYTIMES* 800-698-4637 NY - 1928	NYTIMES* 800-698-4637 NY - 1928		c	-695/100	-695/100	2024-08-18 21:38:58
===== END
===== START
C	5fd8c74f0b0e418491152502b01c3464	efdd2fd1943f4547b06c27841d3019b6	2024-08-18 21:39:13	2024-08-18 21:38:55	2024-04-04 10:59:00	31a7d74e98d747738a6d42e6cd88f1f0	NYT		Payment to New York Times	OFX ext. info: |Trans type:Generic debit|Memo:NYTIMES* 800-698-4637 NY - 1928			n	695/100	695/100	1970-01-01 00:00:00
C	5fd8c74f0b0e418491152502b01c3464	49a3b5d1e9e1409bb1ea5308f849d433	2024-08-18 21:39:13	2024-08-18 21:38:55	2024-04-04 10:59:00	39d3c305cefb42799b43896918986dd1	Visa Platinum		Payment to New York Times	OFX ext. info: |Trans type:Generic debit|Memo:NYTIMES* 800-698-4637 NY - 1928	NYTIMES* 800-698-4637 NY - 1928		c	-695/100	-695/100	2024-08-18 21:38:58
===== END
===== START
B	79b5d18522944d218694aec610c642f7	2afbc35b6bce49c1b7c1814e78f0ba6e	2024-08-18 21:39:19	2024-08-18 21:38:55	2024-04-05 10:59:00	3323a52a32464e5db6926fdc8fbced8f	Imbalance-USD		Experian	OFX ext. info: |Trans type:Generic debit|Memo:Experian* Credit Report 479-3436237 CA - 1928			n	2674/100	2674/100	1970-01-01 00:00:00
B	79b5d18522944d218694aec610c642f7	151a645a65bc4958b88d7128f24fa746	2024-08-18 21:39:19	2024-08-18 21:38:55	2024-04-05 10:59:00	39d3c305cefb42799b43896918986dd1	Visa Platinum		Experian	OFX ext. info: |Trans type:Generic debit|Memo:Experian* Credit Report 479-3436237 CA - 1928	Experian* Credit Report 479-3436237 CA - 1928		c	-2674/100	-2674/100	2024-08-18 21:38:58
===== END
===== START
C	79b5d18522944d218694aec610c642f7	2afbc35b6bce49c1b7c1814e78f0ba6e	2024-08-18 21:39:19	2024-08-18 21:38:55	2024-04-05 10:59:00	047f6fc043a74d3eb7f8351cb5245272	Experian		Experian	OFX ext. info: |Trans type:Generic debit|Memo:Experian* Credit Report 479-3436237 CA - 1928			n	2674/100	2674/100	1970-01-01 00:00:00
C	79b5d18522944d218694aec610c642f7	151a645a65bc4958b88d7128f24fa746	2024-08-18 21:39:19	2024-08-18 21:38:55	2024-04-05 10:59:00	39d3c305cefb42799b43896918986dd1	Visa Platinum		Experian	OFX ext. info: |Trans type:Generic debit|Memo:Experian* Credit Report 479-3436237 CA - 1928	Experian* Credit Report 479-3436237 CA - 1928		c	-2674/100	-2674/100	2024-08-18 21:38:58
===== END
===== START
B	8b24f0d4da7b449ca0f1b70c1f91c714	9f4824f33eb84726b9d02ce132c98029	2024-08-18 21:39:24	2024-08-18 21:38:55	2024-04-19 10:59:00	3323a52a32464e5db6926fdc8fbced8f	Imbalance-USD		Payment to New York Times	OFX ext. info: |Trans type:Generic debit|Memo:NYTIMES* 800-698-4637 NY - 1928			n	695/100	695/100	1970-01-01 00:00:00
B	8b24f0d4da7b449ca0f1b70c1f91c714	9f7fe80259aa475ca7a9472737037edc	2024-08-18 21:39:24	2024-08-18 21:38:55	2024-04-19 10:59:00	39d3c305cefb42799b43896918986dd1	Visa Platinum		Payment to New York Times	OFX ext. info: |Trans type:Generic debit|Memo:NYTIMES* 800-698-4637 NY - 1928	NYTIMES* 800-698-4637 NY - 1928		c	-695/100	-695/100	2024-08-18 21:38:58
===== END
===== START
C	8b24f0d4da7b449ca0f1b70c1f91c714	9f4824f33eb84726b9d02ce132c98029	2024-08-18 21:39:24	2024-08-18 21:38:55	2024-04-19 10:59:00	31a7d74e98d747738a6d42e6cd88f1f0	NYT		Payment to New York Times	OFX ext. info: |Trans type:Generic debit|Memo:NYTIMES* 800-698-4637 NY - 1928			n	695/100	695/100	1970-01-01 00:00:00
C	8b24f0d4da7b449ca0f1b70c1f91c714	9f7fe80259aa475ca7a9472737037edc	2024-08-18 21:39:24	2024-08-18 21:38:55	2024-04-19 10:59:00	39d3c305cefb42799b43896918986dd1	Visa Platinum		Payment to New York Times	OFX ext. info: |Trans type:Generic debit|Memo:NYTIMES* 800-698-4637 NY - 1928	NYTIMES* 800-698-4637 NY - 1928		c	-695/100	-695/100	2024-08-18 21:38:58
===== END
===== START
B	a15310d7340f44db817670075e0e3f40	ea1db6fee76d4763a37d2042bb1e21d7	2024-08-18 21:39:30	2024-08-18 21:38:55	2024-05-06 10:59:00	3323a52a32464e5db6926fdc8fbced8f	Imbalance-USD		Experian	OFX ext. info: |Trans type:Generic debit|Memo:Experian* Credit Report 479-3436237 CA - 1928			n	2674/100	2674/100	1970-01-01 00:00:00
B	a15310d7340f44db817670075e0e3f40	34b23f23ffb945e7a44c22d3d6bb75c9	2024-08-18 21:39:30	2024-08-18 21:38:55	2024-05-06 10:59:00	39d3c305cefb42799b43896918986dd1	Visa Platinum		Experian	OFX ext. info: |Trans type:Generic debit|Memo:Experian* Credit Report 479-3436237 CA - 1928	Experian* Credit Report 479-3436237 CA - 1928		c	-2674/100	-2674/100	2024-08-18 21:38:58
===== END
===== START
C	a15310d7340f44db817670075e0e3f40	ea1db6fee76d4763a37d2042bb1e21d7	2024-08-18 21:39:30	2024-08-18 21:38:55	2024-05-06 10:59:00	047f6fc043a74d3eb7f8351cb5245272	Experian		Experian	OFX ext. info: |Trans type:Generic debit|Memo:Experian* Credit Report 479-3436237 CA - 1928			n	2674/100	2674/100	1970-01-01 00:00:00
C	a15310d7340f44db817670075e0e3f40	34b23f23ffb945e7a44c22d3d6bb75c9	2024-08-18 21:39:30	2024-08-18 21:38:55	2024-05-06 10:59:00	39d3c305cefb42799b43896918986dd1	Visa Platinum		Experian	OFX ext. info: |Trans type:Generic debit|Memo:Experian* Credit Report 479-3436237 CA - 1928	Experian* Credit Report 479-3436237 CA - 1928		c	-2674/100	-2674/100	2024-08-18 21:38:58
===== END
===== START
B	1c1efe93243042b1b72acf09d304a526	5ca95430a5224335ac7b1a39c9dd75fe	2024-08-18 21:39:33	2024-08-18 21:38:55	2024-05-20 10:59:00	3323a52a32464e5db6926fdc8fbced8f	Imbalance-USD		Payment to New York Times	OFX ext. info: |Trans type:Generic debit|Memo:NYTimes*NYTimes 800-698-4637 NY - 1928			n	695/100	695/100	1970-01-01 00:00:00
B	1c1efe93243042b1b72acf09d304a526	9ec8d7e4c2ff4d35bf7d039a7159c023	2024-08-18 21:39:33	2024-08-18 21:38:55	2024-05-20 10:59:00	39d3c305cefb42799b43896918986dd1	Visa Platinum		Payment to New York Times	OFX ext. info: |Trans type:Generic debit|Memo:NYTimes*NYTimes 800-698-4637 NY - 1928	NYTimes*NYTimes 800-698-4637 NY - 1928		c	-695/100	-695/100	2024-08-18 21:38:58
===== END
===== START
C	1c1efe93243042b1b72acf09d304a526	5ca95430a5224335ac7b1a39c9dd75fe	2024-08-18 21:39:33	2024-08-18 21:38:55	2024-05-20 10:59:00	31a7d74e98d747738a6d42e6cd88f1f0	NYT		Payment to New York Times	OFX ext. info: |Trans type:Generic debit|Memo:NYTimes*NYTimes 800-698-4637 NY - 1928			n	695/100	695/100	1970-01-01 00:00:00
C	1c1efe93243042b1b72acf09d304a526	9ec8d7e4c2ff4d35bf7d039a7159c023	2024-08-18 21:39:33	2024-08-18 21:38:55	2024-05-20 10:59:00	39d3c305cefb42799b43896918986dd1	Visa Platinum		Payment to New York Times	OFX ext. info: |Trans type:Generic debit|Memo:NYTimes*NYTimes 800-698-4637 NY - 1928	NYTimes*NYTimes 800-698-4637 NY - 1928		c	-695/100	-695/100	2024-08-18 21:38:58
===== END
===== START
B	0eae94ccb6434c1db3017e99caace87d	3930c2f0bff34b53a73e68b7e246282b	2024-08-18 21:39:39	2024-08-18 21:38:55	2024-06-03 10:59:00	3323a52a32464e5db6926fdc8fbced8f	Imbalance-USD		Chevron	OFX ext. info: |Trans type:Generic debit|Memo:CHEVRON 0208719 LAS VEGAS NV - 1928			n	229/100	229/100	1970-01-01 00:00:00
B	0eae94ccb6434c1db3017e99caace87d	c2a950fcef3f4ff0a98cefbd7cad31b4	2024-08-18 21:39:39	2024-08-18 21:38:55	2024-06-03 10:59:00	39d3c305cefb42799b43896918986dd1	Visa Platinum		Chevron	OFX ext. info: |Trans type:Generic debit|Memo:CHEVRON 0208719 LAS VEGAS NV - 1928	CHEVRON 0208719 LAS VEGAS NV - 1928		c	-229/100	-229/100	2024-08-18 21:38:58
===== END
===== START
C	0eae94ccb6434c1db3017e99caace87d	3930c2f0bff34b53a73e68b7e246282b	2024-08-18 21:39:39	2024-08-18 21:38:55	2024-06-03 10:59:00	8e074199bfaa4e0aae7c0e094b0ccf9e	Gas		Chevron	OFX ext. info: |Trans type:Generic debit|Memo:CHEVRON 0208719 LAS VEGAS NV - 1928			n	229/100	229/100	1970-01-01 00:00:00
C	0eae94ccb6434c1db3017e99caace87d	c2a950fcef3f4ff0a98cefbd7cad31b4	2024-08-18 21:39:39	2024-08-18 21:38:55	2024-06-03 10:59:00	39d3c305cefb42799b43896918986dd1	Visa Platinum		Chevron	OFX ext. info: |Trans type:Generic debit|Memo:CHEVRON 0208719 LAS VEGAS NV - 1928	CHEVRON 0208719 LAS VEGAS NV - 1928		c	-229/100	-229/100	2024-08-18 21:38:58
===== END
===== START
B	28035c5bb56a49fab810f227b7d6fcd3	d8d768217f604c42971ee35d6dacd391	2024-08-18 21:39:42	2024-08-18 21:38:55	2024-06-03 10:59:00	3323a52a32464e5db6926fdc8fbced8f	Imbalance-USD		EVI* EXCALIBUR HOTEL LAS VEGAS N	OFX ext. info: |Trans type:Generic debit|Memo:EVI* EXCALIBUR HOTEL LAS VEGAS NV - 1928			n	11299/100	11299/100	1970-01-01 00:00:00
B	28035c5bb56a49fab810f227b7d6fcd3	90478e10392d46388bcc1f98f5ac9759	2024-08-18 21:39:42	2024-08-18 21:38:55	2024-06-03 10:59:00	39d3c305cefb42799b43896918986dd1	Visa Platinum		EVI* EXCALIBUR HOTEL LAS VEGAS N	OFX ext. info: |Trans type:Generic debit|Memo:EVI* EXCALIBUR HOTEL LAS VEGAS NV - 1928	EVI* EXCALIBUR HOTEL LAS VEGAS NV - 1928		c	-11299/100	-11299/100	2024-08-18 21:38:58
===== END
===== START
C	28035c5bb56a49fab810f227b7d6fcd3	d8d768217f604c42971ee35d6dacd391	2024-08-18 21:39:42	2024-08-18 21:38:55	2024-06-03 10:59:00	f51833ab51c446f28a6ab0d10a773759	Miscellaneous		EVI* EXCALIBUR HOTEL LAS VEGAS N	OFX ext. info: |Trans type:Generic debit|Memo:EVI* EXCALIBUR HOTEL LAS VEGAS NV - 1928			n	11299/100	11299/100	1970-01-01 00:00:00
C	28035c5bb56a49fab810f227b7d6fcd3	90478e10392d46388bcc1f98f5ac9759	2024-08-18 21:39:42	2024-08-18 21:38:55	2024-06-03 10:59:00	39d3c305cefb42799b43896918986dd1	Visa Platinum		EVI* EXCALIBUR HOTEL LAS VEGAS N	OFX ext. info: |Trans type:Generic debit|Memo:EVI* EXCALIBUR HOTEL LAS VEGAS NV - 1928	EVI* EXCALIBUR HOTEL LAS VEGAS NV - 1928		c	-11299/100	-11299/100	2024-08-18 21:38:58
===== END
===== START
B	cf87cfce36e84da9a40d57ebc93e7ed1	0098d9cf5cf845fe9f157bcc7c9ec136	2024-08-18 21:39:44	2024-08-18 21:38:55	2024-06-03 10:59:00	3323a52a32464e5db6926fdc8fbced8f	Imbalance-USD		EVI* EXCALIBUR HOTEL LAS VEGAS N	OFX ext. info: |Trans type:Generic debit|Memo:EVI* EXCALIBUR HOTEL LAS VEGAS NV - 1928			n	11299/100	11299/100	1970-01-01 00:00:00
B	cf87cfce36e84da9a40d57ebc93e7ed1	9a862501a50b4ac78ae84318e90d7b7e	2024-08-18 21:39:44	2024-08-18 21:38:55	2024-06-03 10:59:00	39d3c305cefb42799b43896918986dd1	Visa Platinum		EVI* EXCALIBUR HOTEL LAS VEGAS N	OFX ext. info: |Trans type:Generic debit|Memo:EVI* EXCALIBUR HOTEL LAS VEGAS NV - 1928	EVI* EXCALIBUR HOTEL LAS VEGAS NV - 1928		c	-11299/100	-11299/100	2024-08-18 21:38:58
===== END
===== START
C	cf87cfce36e84da9a40d57ebc93e7ed1	0098d9cf5cf845fe9f157bcc7c9ec136	2024-08-18 21:39:44	2024-08-18 21:38:55	2024-06-03 10:59:00	f51833ab51c446f28a6ab0d10a773759	Miscellaneous		EVI* EXCALIBUR HOTEL LAS VEGAS N	OFX ext. info: |Trans type:Generic debit|Memo:EVI* EXCALIBUR HOTEL LAS VEGAS NV - 1928			n	11299/100	11299/100	1970-01-01 00:00:00
C	cf87cfce36e84da9a40d57ebc93e7ed1	9a862501a50b4ac78ae84318e90d7b7e	2024-08-18 21:39:44	2024-08-18 21:38:55	2024-06-03 10:59:00	39d3c305cefb42799b43896918986dd1	Visa Platinum		EVI* EXCALIBUR HOTEL LAS VEGAS N	OFX ext. info: |Trans type:Generic debit|Memo:EVI* EXCALIBUR HOTEL LAS VEGAS NV - 1928	EVI* EXCALIBUR HOTEL LAS VEGAS NV - 1928		c	-11299/100	-11299/100	2024-08-18 21:38:58
===== END
===== START
B	7ea31b46b8a04a83849dc944b9b4d772	7a3d4d4bb1784d4f96c229c3399af5e0	2024-08-18 21:39:49	2024-08-18 21:38:55	2024-06-03 10:59:00	3323a52a32464e5db6926fdc8fbced8f	Imbalance-USD		McDonald's	OFX ext. info: |Trans type:Generic debit|Memo:MCDONALD'S F20902 LAS VEGAS NV - 1928			n	400/100	400/100	1970-01-01 00:00:00
B	7ea31b46b8a04a83849dc944b9b4d772	fcc4ec09033142e9bcfe15da2d1f6b67	2024-08-18 21:39:49	2024-08-18 21:38:55	2024-06-03 10:59:00	39d3c305cefb42799b43896918986dd1	Visa Platinum		McDonald's	OFX ext. info: |Trans type:Generic debit|Memo:MCDONALD'S F20902 LAS VEGAS NV - 1928	MCDONALD'S F20902 LAS VEGAS NV - 1928		c	-400/100	-400/100	2024-08-18 21:38:58
===== END
===== START
C	7ea31b46b8a04a83849dc944b9b4d772	7a3d4d4bb1784d4f96c229c3399af5e0	2024-08-18 21:39:49	2024-08-18 21:38:55	2024-06-03 10:59:00	7c452bea58344d23b0f556cf05df9fe0	Dining		McDonald's	OFX ext. info: |Trans type:Generic debit|Memo:MCDONALD'S F20902 LAS VEGAS NV - 1928			n	400/100	400/100	1970-01-01 00:00:00
C	7ea31b46b8a04a83849dc944b9b4d772	fcc4ec09033142e9bcfe15da2d1f6b67	2024-08-18 21:39:49	2024-08-18 21:38:55	2024-06-03 10:59:00	39d3c305cefb42799b43896918986dd1	Visa Platinum		McDonald's	OFX ext. info: |Trans type:Generic debit|Memo:MCDONALD'S F20902 LAS VEGAS NV - 1928	MCDONALD'S F20902 LAS VEGAS NV - 1928		c	-400/100	-400/100	2024-08-18 21:38:58
===== END
===== START
B	e42695600da2481782dee6a9fdfc9fb5	a147d67d4fee48bca3458630cdd479b9	2024-08-18 21:39:57	2024-08-18 21:38:55	2024-06-03 10:59:00	3323a52a32464e5db6926fdc8fbced8f	Imbalance-USD		MIRAGE - SHOWROOM BAR LAS VEGAS	OFX ext. info: |Trans type:Generic debit|Memo:MIRAGE - SHOWROOM BAR LAS VEGAS NV - 1928			n	1866/100	1866/100	1970-01-01 00:00:00
B	e42695600da2481782dee6a9fdfc9fb5	cc25950acf5b40a9b9072e2487d43502	2024-08-18 21:39:57	2024-08-18 21:38:55	2024-06-03 10:59:00	39d3c305cefb42799b43896918986dd1	Visa Platinum		MIRAGE - SHOWROOM BAR LAS VEGAS	OFX ext. info: |Trans type:Generic debit|Memo:MIRAGE - SHOWROOM BAR LAS VEGAS NV - 1928	MIRAGE - SHOWROOM BAR LAS VEGAS NV - 1928		c	-1866/100	-1866/100	2024-08-18 21:38:58
===== END
===== START
C	e42695600da2481782dee6a9fdfc9fb5	a147d67d4fee48bca3458630cdd479b9	2024-08-18 21:39:57	2024-08-18 21:38:55	2024-06-03 10:59:00	7c452bea58344d23b0f556cf05df9fe0	Dining		MIRAGE - SHOWROOM BAR LAS VEGAS	OFX ext. info: |Trans type:Generic debit|Memo:MIRAGE - SHOWROOM BAR LAS VEGAS NV - 1928			n	1866/100	1866/100	1970-01-01 00:00:00
C	e42695600da2481782dee6a9fdfc9fb5	cc25950acf5b40a9b9072e2487d43502	2024-08-18 21:39:57	2024-08-18 21:38:55	2024-06-03 10:59:00	39d3c305cefb42799b43896918986dd1	Visa Platinum		MIRAGE - SHOWROOM BAR LAS VEGAS	OFX ext. info: |Trans type:Generic debit|Memo:MIRAGE - SHOWROOM BAR LAS VEGAS NV - 1928	MIRAGE - SHOWROOM BAR LAS VEGAS NV - 1928		c	-1866/100	-1866/100	2024-08-18 21:38:58
===== END
===== START
B	07ec7df154b64f27a99e1da20ab1ba8b	234018db0e104bc28290570794fa3541	2024-08-18 21:40:01	2024-08-18 21:38:55	2024-06-03 10:59:00	3323a52a32464e5db6926fdc8fbced8f	Imbalance-USD		NYNY - TOM'S WATCH BAR LAS VEGAS	OFX ext. info: |Trans type:Generic debit|Memo:NYNY - TOM'S WATCH BAR LAS VEGAS NV - 1928			n	3749/100	3749/100	1970-01-01 00:00:00
B	07ec7df154b64f27a99e1da20ab1ba8b	1551294dc70b4cb9ae24d8b4af1780b1	2024-08-18 21:40:01	2024-08-18 21:38:55	2024-06-03 10:59:00	39d3c305cefb42799b43896918986dd1	Visa Platinum		NYNY - TOM'S WATCH BAR LAS VEGAS	OFX ext. info: |Trans type:Generic debit|Memo:NYNY - TOM'S WATCH BAR LAS VEGAS NV - 1928	NYNY - TOM'S WATCH BAR LAS VEGAS NV - 1928		c	-3749/100	-3749/100	2024-08-18 21:38:58
===== END
===== START
C	07ec7df154b64f27a99e1da20ab1ba8b	234018db0e104bc28290570794fa3541	2024-08-18 21:40:01	2024-08-18 21:38:55	2024-06-03 10:59:00	7c452bea58344d23b0f556cf05df9fe0	Dining		NYNY - TOM'S WATCH BAR LAS VEGAS	OFX ext. info: |Trans type:Generic debit|Memo:NYNY - TOM'S WATCH BAR LAS VEGAS NV - 1928			n	3749/100	3749/100	1970-01-01 00:00:00
C	07ec7df154b64f27a99e1da20ab1ba8b	1551294dc70b4cb9ae24d8b4af1780b1	2024-08-18 21:40:01	2024-08-18 21:38:55	2024-06-03 10:59:00	39d3c305cefb42799b43896918986dd1	Visa Platinum		NYNY - TOM'S WATCH BAR LAS VEGAS	OFX ext. info: |Trans type:Generic debit|Memo:NYNY - TOM'S WATCH BAR LAS VEGAS NV - 1928	NYNY - TOM'S WATCH BAR LAS VEGAS NV - 1928		c	-3749/100	-3749/100	2024-08-18 21:38:58
===== END
===== START
B	31931ea3147f4cdf9f9e59370a7539b7	742648cf097e4b53979e1526682e1b87	2024-08-18 21:40:05	2024-08-18 21:38:55	2024-06-04 10:59:00	3323a52a32464e5db6926fdc8fbced8f	Imbalance-USD		Betmgm	OFX ext. info: |Trans type:Generic debit|Memo:MGM*BETMGM NV LAS VEGAS NV - 1928			n	5000/100	5000/100	1970-01-01 00:00:00
B	31931ea3147f4cdf9f9e59370a7539b7	d26c647b0710418bb6b96483acb8f86a	2024-08-18 21:40:05	2024-08-18 21:38:55	2024-06-04 10:59:00	39d3c305cefb42799b43896918986dd1	Visa Platinum		Betmgm	OFX ext. info: |Trans type:Generic debit|Memo:MGM*BETMGM NV LAS VEGAS NV - 1928	MGM*BETMGM NV LAS VEGAS NV - 1928		c	-5000/100	-5000/100	2024-08-18 21:38:58
===== END
===== START
C	31931ea3147f4cdf9f9e59370a7539b7	742648cf097e4b53979e1526682e1b87	2024-08-18 21:40:05	2024-08-18 21:38:55	2024-06-04 10:59:00	f51833ab51c446f28a6ab0d10a773759	Miscellaneous		Betmgm	OFX ext. info: |Trans type:Generic debit|Memo:MGM*BETMGM NV LAS VEGAS NV - 1928			n	5000/100	5000/100	1970-01-01 00:00:00
C	31931ea3147f4cdf9f9e59370a7539b7	d26c647b0710418bb6b96483acb8f86a	2024-08-18 21:40:05	2024-08-18 21:38:55	2024-06-04 10:59:00	39d3c305cefb42799b43896918986dd1	Visa Platinum		Betmgm	OFX ext. info: |Trans type:Generic debit|Memo:MGM*BETMGM NV LAS VEGAS NV - 1928	MGM*BETMGM NV LAS VEGAS NV - 1928		c	-5000/100	-5000/100	2024-08-18 21:38:58
===== END
===== START
B	b1dea16222894b3480177de3e63340e2	827eff4eaccb47d292692ee0bbb89704	2024-08-18 21:40:10	2024-08-18 21:38:55	2024-06-05 10:59:00	3323a52a32464e5db6926fdc8fbced8f	Imbalance-USD		Experian	OFX ext. info: |Trans type:Generic debit|Memo:Experian* Credit Report 479-3436237 CA - 1928			n	2674/100	2674/100	1970-01-01 00:00:00
B	b1dea16222894b3480177de3e63340e2	e3baca257089423bb6c4446ec2bc1d4e	2024-08-18 21:40:10	2024-08-18 21:38:55	2024-06-05 10:59:00	39d3c305cefb42799b43896918986dd1	Visa Platinum		Experian	OFX ext. info: |Trans type:Generic debit|Memo:Experian* Credit Report 479-3436237 CA - 1928	Experian* Credit Report 479-3436237 CA - 1928		c	-2674/100	-2674/100	2024-08-18 21:38:58
===== END
===== START
C	b1dea16222894b3480177de3e63340e2	827eff4eaccb47d292692ee0bbb89704	2024-08-18 21:40:10	2024-08-18 21:38:55	2024-06-05 10:59:00	047f6fc043a74d3eb7f8351cb5245272	Experian		Experian	OFX ext. info: |Trans type:Generic debit|Memo:Experian* Credit Report 479-3436237 CA - 1928			n	2674/100	2674/100	1970-01-01 00:00:00
C	b1dea16222894b3480177de3e63340e2	e3baca257089423bb6c4446ec2bc1d4e	2024-08-18 21:40:10	2024-08-18 21:38:55	2024-06-05 10:59:00	39d3c305cefb42799b43896918986dd1	Visa Platinum		Experian	OFX ext. info: |Trans type:Generic debit|Memo:Experian* Credit Report 479-3436237 CA - 1928	Experian* Credit Report 479-3436237 CA - 1928		c	-2674/100	-2674/100	2024-08-18 21:38:58
===== END
===== START
B	b23bcb043206420f978c73ec029d05db	a422a22081914f2e99e37365ccea0133	2024-08-18 21:40:13	2024-08-18 21:38:55	2024-06-18 10:59:00	3323a52a32464e5db6926fdc8fbced8f	Imbalance-USD		Payment to New York Times	OFX ext. info: |Trans type:Generic debit|Memo:NYTimes*NYTimes 800-698-4637 NY - 1928			n	695/100	695/100	1970-01-01 00:00:00
B	b23bcb043206420f978c73ec029d05db	bfc13671eeb6429dab25f4038f1f2f65	2024-08-18 21:40:13	2024-08-18 21:38:55	2024-06-18 10:59:00	39d3c305cefb42799b43896918986dd1	Visa Platinum		Payment to New York Times	OFX ext. info: |Trans type:Generic debit|Memo:NYTimes*NYTimes 800-698-4637 NY - 1928	NYTimes*NYTimes 800-698-4637 NY - 1928		c	-695/100	-695/100	2024-08-18 21:38:58
===== END
===== START
C	b23bcb043206420f978c73ec029d05db	a422a22081914f2e99e37365ccea0133	2024-08-18 21:40:13	2024-08-18 21:38:55	2024-06-18 10:59:00	31a7d74e98d747738a6d42e6cd88f1f0	NYT		Payment to New York Times	OFX ext. info: |Trans type:Generic debit|Memo:NYTimes*NYTimes 800-698-4637 NY - 1928			n	695/100	695/100	1970-01-01 00:00:00
C	b23bcb043206420f978c73ec029d05db	bfc13671eeb6429dab25f4038f1f2f65	2024-08-18 21:40:13	2024-08-18 21:38:55	2024-06-18 10:59:00	39d3c305cefb42799b43896918986dd1	Visa Platinum		Payment to New York Times	OFX ext. info: |Trans type:Generic debit|Memo:NYTimes*NYTimes 800-698-4637 NY - 1928	NYTimes*NYTimes 800-698-4637 NY - 1928		c	-695/100	-695/100	2024-08-18 21:38:58
===== END
===== START
B	4550ca89bd614d369da8ca69b022be4c	0b25577ac7ef41609d84d0d2cdbad2cf	2024-08-18 21:40:16	2024-08-18 21:38:55	2024-06-20 10:59:00	3323a52a32464e5db6926fdc8fbced8f	Imbalance-USD		RTX CAFE TUCSON848 TUCSON AZ - 1	OFX ext. info: |Trans type:Generic debit|Memo:RTX CAFE TUCSON848 TUCSON AZ - 1928			n	375/100	375/100	1970-01-01 00:00:00
B	4550ca89bd614d369da8ca69b022be4c	4ebc89a956ae4c66b23773d328d90c91	2024-08-18 21:40:16	2024-08-18 21:38:55	2024-06-20 10:59:00	39d3c305cefb42799b43896918986dd1	Visa Platinum		RTX CAFE TUCSON848 TUCSON AZ - 1	OFX ext. info: |Trans type:Generic debit|Memo:RTX CAFE TUCSON848 TUCSON AZ - 1928	RTX CAFE TUCSON848 TUCSON AZ - 1928		c	-375/100	-375/100	2024-08-18 21:38:58
===== END
===== START
C	4550ca89bd614d369da8ca69b022be4c	0b25577ac7ef41609d84d0d2cdbad2cf	2024-08-18 21:40:16	2024-08-18 21:38:55	2024-06-20 10:59:00	7c452bea58344d23b0f556cf05df9fe0	Dining		RTX CAFE TUCSON848 TUCSON AZ - 1	OFX ext. info: |Trans type:Generic debit|Memo:RTX CAFE TUCSON848 TUCSON AZ - 1928			n	375/100	375/100	1970-01-01 00:00:00
C	4550ca89bd614d369da8ca69b022be4c	4ebc89a956ae4c66b23773d328d90c91	2024-08-18 21:40:16	2024-08-18 21:38:55	2024-06-20 10:59:00	39d3c305cefb42799b43896918986dd1	Visa Platinum		RTX CAFE TUCSON848 TUCSON AZ - 1	OFX ext. info: |Trans type:Generic debit|Memo:RTX CAFE TUCSON848 TUCSON AZ - 1928	RTX CAFE TUCSON848 TUCSON AZ - 1928		c	-375/100	-375/100	2024-08-18 21:38:58
===== END
