mod	trans_guid	split_guid	time_now	date_entered	date_posted	acc_guid	acc_name	num	description	notes	memo	action	reconciled	amount	value	date_reconciled
-----------------
===== START
B	03c688ffe64e48b88d30decf4024aaef	918bf4c7867b497b8f9a37e654e2efc4	2024-08-12 02:06:34	2024-08-11 16:41:40	2024-07-01 10:59:00	c1a75babbea345e8b2348dec32de443b	Mortgage Principal		Transfer To Mortgage	OFX ext. info: |Trans type:Generic debit|Memo:Transfer To Mortgage			n	36052/100	36052/100	1970-01-01 00:00:00
B	03c688ffe64e48b88d30decf4024aaef	75dbf5247fad47c291f01aa2ff378d4d	2024-08-12 02:06:34	2024-08-11 16:41:40	2024-07-01 10:59:00	3323a52a32464e5db6926fdc8fbced8f	Imbalance-USD		Transfer To Mortgage	OFX ext. info: |Trans type:Generic debit|Memo:Transfer To Mortgage			n	84272/100	84272/100	1970-01-01 00:00:00
B	03c688ffe64e48b88d30decf4024aaef	531c6f11ee714931b2fd8df2f4727d99	2024-08-12 02:06:34	2024-08-11 16:41:40	2024-07-01 10:59:00	5f8cd3d7d07f4e76916a760d36c0523b	Checking Account		Transfer To Mortgage	OFX ext. info: |Trans type:Generic debit|Memo:Transfer To Mortgage	Transfer To Mortgage		c	-120324/100	-120324/100	2024-08-11 16:42:20
===== END
===== START
C	03c688ffe64e48b88d30decf4024aaef	918bf4c7867b497b8f9a37e654e2efc4	2024-08-12 02:07:08	2024-08-11 16:41:40	2024-07-01 10:59:00	c1a75babbea345e8b2348dec32de443b	Mortgage Principal		Transfer To Mortgage	OFX ext. info: |Trans type:Generic debit|Memo:Transfer To Mortgage			n	36052/100	36052/100	1970-01-01 00:00:00
C	03c688ffe64e48b88d30decf4024aaef	75dbf5247fad47c291f01aa2ff378d4d	2024-08-12 02:07:08	2024-08-11 16:41:40	2024-07-01 10:59:00	57af0c9d6678493a9e63871c4089d09d	Principal Add.		Transfer To Mortgage	OFX ext. info: |Trans type:Generic debit|Memo:Transfer To Mortgage			n	15000/100	15000/100	1970-01-01 00:00:00
C	03c688ffe64e48b88d30decf4024aaef	531c6f11ee714931b2fd8df2f4727d99	2024-08-12 02:07:08	2024-08-11 16:41:40	2024-07-01 10:59:00	5f8cd3d7d07f4e76916a760d36c0523b	Checking Account		Transfer To Mortgage	OFX ext. info: |Trans type:Generic debit|Memo:Transfer To Mortgage	Transfer To Mortgage		c	-120324/100	-120324/100	2024-08-11 16:42:20
C	03c688ffe64e48b88d30decf4024aaef	095d2e9c028b4163b14ca888c424541c	2024-08-12 02:07:08	2024-08-11 16:41:40	2024-07-01 10:59:00	64f62a5cdd484a45bb34183b4362e035	Interest		Transfer To Mortgage	OFX ext. info: |Trans type:Generic debit|Memo:Transfer To Mortgage			n	37639/100	37639/100	1970-01-01 00:00:00
C	03c688ffe64e48b88d30decf4024aaef	55ae5a8bf7d14c3bbf413c998cc00641	2024-08-12 02:07:08	2024-08-11 16:41:40	2024-07-01 10:59:00	3323a52a32464e5db6926fdc8fbced8f	Imbalance-USD		Transfer To Mortgage	OFX ext. info: |Trans type:Generic debit|Memo:Transfer To Mortgage			n	31633/100	31633/100	1970-01-01 00:00:00
===== END
===== START
B	03c688ffe64e48b88d30decf4024aaef	918bf4c7867b497b8f9a37e654e2efc4	2024-08-12 02:07:22	2024-08-11 16:41:40	2024-07-01 10:59:00	c1a75babbea345e8b2348dec32de443b	Mortgage Principal		Transfer To Mortgage	OFX ext. info: |Trans type:Generic debit|Memo:Transfer To Mortgage			n	36052/100	36052/100	1970-01-01 00:00:00
B	03c688ffe64e48b88d30decf4024aaef	75dbf5247fad47c291f01aa2ff378d4d	2024-08-12 02:07:22	2024-08-11 16:41:40	2024-07-01 10:59:00	57af0c9d6678493a9e63871c4089d09d	Principal Add.		Transfer To Mortgage	OFX ext. info: |Trans type:Generic debit|Memo:Transfer To Mortgage			n	15000/100	15000/100	1970-01-01 00:00:00
B	03c688ffe64e48b88d30decf4024aaef	095d2e9c028b4163b14ca888c424541c	2024-08-12 02:07:22	2024-08-11 16:41:40	2024-07-01 10:59:00	64f62a5cdd484a45bb34183b4362e035	Interest		Transfer To Mortgage	OFX ext. info: |Trans type:Generic debit|Memo:Transfer To Mortgage			n	37639/100	37639/100	1970-01-01 00:00:00
B	03c688ffe64e48b88d30decf4024aaef	55ae5a8bf7d14c3bbf413c998cc00641	2024-08-12 02:07:22	2024-08-11 16:41:40	2024-07-01 10:59:00	3323a52a32464e5db6926fdc8fbced8f	Imbalance-USD		Transfer To Mortgage	OFX ext. info: |Trans type:Generic debit|Memo:Transfer To Mortgage			n	31633/100	31633/100	1970-01-01 00:00:00
B	03c688ffe64e48b88d30decf4024aaef	531c6f11ee714931b2fd8df2f4727d99	2024-08-12 02:07:22	2024-08-11 16:41:40	2024-07-01 10:59:00	5f8cd3d7d07f4e76916a760d36c0523b	Checking Account		Transfer To Mortgage	OFX ext. info: |Trans type:Generic debit|Memo:Transfer To Mortgage	Transfer To Mortgage		c	-120324/100	-120324/100	2024-08-11 16:42:20
===== END
===== START
C	03c688ffe64e48b88d30decf4024aaef	918bf4c7867b497b8f9a37e654e2efc4	2024-08-12 02:07:22	2024-08-11 16:41:40	2024-07-01 10:59:00	c1a75babbea345e8b2348dec32de443b	Mortgage Principal		Transfer To Mortgage	OFX ext. info: |Trans type:Generic debit|Memo:Transfer To Mortgage			n	36052/100	36052/100	1970-01-01 00:00:00
C	03c688ffe64e48b88d30decf4024aaef	75dbf5247fad47c291f01aa2ff378d4d	2024-08-12 02:07:22	2024-08-11 16:41:40	2024-07-01 10:59:00	57af0c9d6678493a9e63871c4089d09d	Principal Add.		Transfer To Mortgage	OFX ext. info: |Trans type:Generic debit|Memo:Transfer To Mortgage			n	15000/100	15000/100	1970-01-01 00:00:00
C	03c688ffe64e48b88d30decf4024aaef	095d2e9c028b4163b14ca888c424541c	2024-08-12 02:07:22	2024-08-11 16:41:40	2024-07-01 10:59:00	64f62a5cdd484a45bb34183b4362e035	Interest		Transfer To Mortgage	OFX ext. info: |Trans type:Generic debit|Memo:Transfer To Mortgage			n	37639/100	37639/100	1970-01-01 00:00:00
C	03c688ffe64e48b88d30decf4024aaef	55ae5a8bf7d14c3bbf413c998cc00641	2024-08-12 02:07:22	2024-08-11 16:41:40	2024-07-01 10:59:00	8a82287b7caa43b288f83bca008f5def	Escrow		Transfer To Mortgage	OFX ext. info: |Trans type:Generic debit|Memo:Transfer To Mortgage			n	31633/100	31633/100	1970-01-01 00:00:00
C	03c688ffe64e48b88d30decf4024aaef	531c6f11ee714931b2fd8df2f4727d99	2024-08-12 02:07:22	2024-08-11 16:41:40	2024-07-01 10:59:00	5f8cd3d7d07f4e76916a760d36c0523b	Checking Account		Transfer To Mortgage	OFX ext. info: |Trans type:Generic debit|Memo:Transfer To Mortgage	Transfer To Mortgage		c	-120324/100	-120324/100	2024-08-11 16:42:20
===== END
===== START
B	acb28e8f36f448be81f43e7cd1658768	64afc3a4b8b94b348eaaa6c743ee00e1	2024-08-12 02:08:22	2024-08-11 16:41:40	2024-06-03 10:59:00	3323a52a32464e5db6926fdc8fbced8f	Imbalance-USD		Transfer to Mortgage TRF TO OTHE	OFX ext. info: |Trans type:Generic debit|Memo:Transfer to Mortgage TRF TO OTHER			n	120324/100	120324/100	1970-01-01 00:00:00
B	acb28e8f36f448be81f43e7cd1658768	fbb994bedd0e4212b237737d2055e842	2024-08-12 02:08:22	2024-08-11 16:41:40	2024-06-03 10:59:00	5f8cd3d7d07f4e76916a760d36c0523b	Checking Account		Transfer to Mortgage TRF TO OTHE	OFX ext. info: |Trans type:Generic debit|Memo:Transfer to Mortgage TRF TO OTHER	Transfer to Mortgage TRF TO OTHER		c	-120324/100	-120324/100	2024-08-11 16:42:20
===== END
===== START
C	acb28e8f36f448be81f43e7cd1658768	64afc3a4b8b94b348eaaa6c743ee00e1	2024-08-12 02:08:22	2024-08-11 16:41:40	2024-06-03 10:59:00	44e62de6d4584063a29e51d2b286354e	Principal		Transfer to Mortgage TRF TO OTHE	OFX ext. info: |Trans type:Generic debit|Memo:Transfer to Mortgage TRF TO OTHER			n	35941/100	35941/100	1970-01-01 00:00:00
C	acb28e8f36f448be81f43e7cd1658768	fbb994bedd0e4212b237737d2055e842	2024-08-12 02:08:22	2024-08-11 16:41:40	2024-06-03 10:59:00	5f8cd3d7d07f4e76916a760d36c0523b	Checking Account		Transfer to Mortgage TRF TO OTHE	OFX ext. info: |Trans type:Generic debit|Memo:Transfer to Mortgage TRF TO OTHER	Transfer to Mortgage TRF TO OTHER		c	-120324/100	-120324/100	2024-08-11 16:42:20
C	acb28e8f36f448be81f43e7cd1658768	4201029adeeb4c65bc901da771d03763	2024-08-12 02:08:22	2024-08-11 16:41:40	2024-06-03 10:59:00	3323a52a32464e5db6926fdc8fbced8f	Imbalance-USD		Transfer to Mortgage TRF TO OTHE	OFX ext. info: |Trans type:Generic debit|Memo:Transfer to Mortgage TRF TO OTHER			n	84383/100	84383/100	1970-01-01 00:00:00
===== END
===== START
B	acb28e8f36f448be81f43e7cd1658768	64afc3a4b8b94b348eaaa6c743ee00e1	2024-08-12 02:08:28	2024-08-11 16:41:40	2024-06-03 10:59:00	44e62de6d4584063a29e51d2b286354e	Principal		Transfer to Mortgage TRF TO OTHE	OFX ext. info: |Trans type:Generic debit|Memo:Transfer to Mortgage TRF TO OTHER			n	35941/100	35941/100	1970-01-01 00:00:00
B	acb28e8f36f448be81f43e7cd1658768	4201029adeeb4c65bc901da771d03763	2024-08-12 02:08:28	2024-08-11 16:41:40	2024-06-03 10:59:00	3323a52a32464e5db6926fdc8fbced8f	Imbalance-USD		Transfer to Mortgage TRF TO OTHE	OFX ext. info: |Trans type:Generic debit|Memo:Transfer to Mortgage TRF TO OTHER			n	84383/100	84383/100	1970-01-01 00:00:00
B	acb28e8f36f448be81f43e7cd1658768	fbb994bedd0e4212b237737d2055e842	2024-08-12 02:08:28	2024-08-11 16:41:40	2024-06-03 10:59:00	5f8cd3d7d07f4e76916a760d36c0523b	Checking Account		Transfer to Mortgage TRF TO OTHE	OFX ext. info: |Trans type:Generic debit|Memo:Transfer to Mortgage TRF TO OTHER	Transfer to Mortgage TRF TO OTHER		c	-120324/100	-120324/100	2024-08-11 16:42:20
===== END
===== START
C	acb28e8f36f448be81f43e7cd1658768	64afc3a4b8b94b348eaaa6c743ee00e1	2024-08-12 02:08:38	2024-08-11 16:41:40	2024-06-03 10:59:00	44e62de6d4584063a29e51d2b286354e	Principal		Transfer to Mortgage TRF TO OTHE	OFX ext. info: |Trans type:Generic debit|Memo:Transfer to Mortgage TRF TO OTHER			n	35941/100	35941/100	1970-01-01 00:00:00
C	acb28e8f36f448be81f43e7cd1658768	4201029adeeb4c65bc901da771d03763	2024-08-12 02:08:38	2024-08-11 16:41:40	2024-06-03 10:59:00	57af0c9d6678493a9e63871c4089d09d	Principal Add.		Transfer to Mortgage TRF TO OTHE	OFX ext. info: |Trans type:Generic debit|Memo:Transfer to Mortgage TRF TO OTHER			n	15000/100	15000/100	1970-01-01 00:00:00
C	acb28e8f36f448be81f43e7cd1658768	fbb994bedd0e4212b237737d2055e842	2024-08-12 02:08:38	2024-08-11 16:41:40	2024-06-03 10:59:00	5f8cd3d7d07f4e76916a760d36c0523b	Checking Account		Transfer to Mortgage TRF TO OTHE	OFX ext. info: |Trans type:Generic debit|Memo:Transfer to Mortgage TRF TO OTHER	Transfer to Mortgage TRF TO OTHER		c	-120324/100	-120324/100	2024-08-11 16:42:20
C	acb28e8f36f448be81f43e7cd1658768	1aa0224bb2bd4b0b8d8cbcf23cf75b1e	2024-08-12 02:08:38	2024-08-11 16:41:40	2024-06-03 10:59:00	3323a52a32464e5db6926fdc8fbced8f	Imbalance-USD		Transfer to Mortgage TRF TO OTHE	OFX ext. info: |Trans type:Generic debit|Memo:Transfer to Mortgage TRF TO OTHER			n	69383/100	69383/100	1970-01-01 00:00:00
===== END
===== START
B	acb28e8f36f448be81f43e7cd1658768	64afc3a4b8b94b348eaaa6c743ee00e1	2024-08-12 02:08:55	2024-08-11 16:41:40	2024-06-03 10:59:00	44e62de6d4584063a29e51d2b286354e	Principal		Transfer to Mortgage TRF TO OTHE	OFX ext. info: |Trans type:Generic debit|Memo:Transfer to Mortgage TRF TO OTHER			n	35941/100	35941/100	1970-01-01 00:00:00
B	acb28e8f36f448be81f43e7cd1658768	4201029adeeb4c65bc901da771d03763	2024-08-12 02:08:55	2024-08-11 16:41:40	2024-06-03 10:59:00	57af0c9d6678493a9e63871c4089d09d	Principal Add.		Transfer to Mortgage TRF TO OTHE	OFX ext. info: |Trans type:Generic debit|Memo:Transfer to Mortgage TRF TO OTHER			n	15000/100	15000/100	1970-01-01 00:00:00
B	acb28e8f36f448be81f43e7cd1658768	1aa0224bb2bd4b0b8d8cbcf23cf75b1e	2024-08-12 02:08:55	2024-08-11 16:41:40	2024-06-03 10:59:00	3323a52a32464e5db6926fdc8fbced8f	Imbalance-USD		Transfer to Mortgage TRF TO OTHE	OFX ext. info: |Trans type:Generic debit|Memo:Transfer to Mortgage TRF TO OTHER			n	69383/100	69383/100	1970-01-01 00:00:00
B	acb28e8f36f448be81f43e7cd1658768	fbb994bedd0e4212b237737d2055e842	2024-08-12 02:08:55	2024-08-11 16:41:40	2024-06-03 10:59:00	5f8cd3d7d07f4e76916a760d36c0523b	Checking Account		Transfer to Mortgage TRF TO OTHE	OFX ext. info: |Trans type:Generic debit|Memo:Transfer to Mortgage TRF TO OTHER	Transfer to Mortgage TRF TO OTHER		c	-120324/100	-120324/100	2024-08-11 16:42:20
===== END
===== START
C	acb28e8f36f448be81f43e7cd1658768	64afc3a4b8b94b348eaaa6c743ee00e1	2024-08-12 02:08:55	2024-08-11 16:41:40	2024-06-03 10:59:00	44e62de6d4584063a29e51d2b286354e	Principal		Transfer to Mortgage TRF TO OTHE	OFX ext. info: |Trans type:Generic debit|Memo:Transfer to Mortgage TRF TO OTHER			n	35941/100	35941/100	1970-01-01 00:00:00
C	acb28e8f36f448be81f43e7cd1658768	4201029adeeb4c65bc901da771d03763	2024-08-12 02:08:55	2024-08-11 16:41:40	2024-06-03 10:59:00	57af0c9d6678493a9e63871c4089d09d	Principal Add.		Transfer to Mortgage TRF TO OTHE	OFX ext. info: |Trans type:Generic debit|Memo:Transfer to Mortgage TRF TO OTHER			n	15000/100	15000/100	1970-01-01 00:00:00
C	acb28e8f36f448be81f43e7cd1658768	1aa0224bb2bd4b0b8d8cbcf23cf75b1e	2024-08-12 02:08:55	2024-08-11 16:41:40	2024-06-03 10:59:00	64f62a5cdd484a45bb34183b4362e035	Interest		Transfer to Mortgage TRF TO OTHE	OFX ext. info: |Trans type:Generic debit|Memo:Transfer to Mortgage TRF TO OTHER			n	37750/100	37750/100	1970-01-01 00:00:00
C	acb28e8f36f448be81f43e7cd1658768	fbb994bedd0e4212b237737d2055e842	2024-08-12 02:08:55	2024-08-11 16:41:40	2024-06-03 10:59:00	5f8cd3d7d07f4e76916a760d36c0523b	Checking Account		Transfer to Mortgage TRF TO OTHE	OFX ext. info: |Trans type:Generic debit|Memo:Transfer to Mortgage TRF TO OTHER	Transfer to Mortgage TRF TO OTHER		c	-120324/100	-120324/100	2024-08-11 16:42:20
C	acb28e8f36f448be81f43e7cd1658768	3090bc2dccd643e9a11204725ddcb8e5	2024-08-12 02:08:55	2024-08-11 16:41:40	2024-06-03 10:59:00	3323a52a32464e5db6926fdc8fbced8f	Imbalance-USD		Transfer to Mortgage TRF TO OTHE	OFX ext. info: |Trans type:Generic debit|Memo:Transfer to Mortgage TRF TO OTHER			n	31633/100	31633/100	1970-01-01 00:00:00
===== END
===== START
B	acb28e8f36f448be81f43e7cd1658768	64afc3a4b8b94b348eaaa6c743ee00e1	2024-08-12 02:09:16	2024-08-11 16:41:40	2024-06-03 10:59:00	44e62de6d4584063a29e51d2b286354e	Principal		Transfer to Mortgage TRF TO OTHE	OFX ext. info: |Trans type:Generic debit|Memo:Transfer to Mortgage TRF TO OTHER			n	35941/100	35941/100	1970-01-01 00:00:00
B	acb28e8f36f448be81f43e7cd1658768	4201029adeeb4c65bc901da771d03763	2024-08-12 02:09:16	2024-08-11 16:41:40	2024-06-03 10:59:00	57af0c9d6678493a9e63871c4089d09d	Principal Add.		Transfer to Mortgage TRF TO OTHE	OFX ext. info: |Trans type:Generic debit|Memo:Transfer to Mortgage TRF TO OTHER			n	15000/100	15000/100	1970-01-01 00:00:00
B	acb28e8f36f448be81f43e7cd1658768	1aa0224bb2bd4b0b8d8cbcf23cf75b1e	2024-08-12 02:09:16	2024-08-11 16:41:40	2024-06-03 10:59:00	64f62a5cdd484a45bb34183b4362e035	Interest		Transfer to Mortgage TRF TO OTHE	OFX ext. info: |Trans type:Generic debit|Memo:Transfer to Mortgage TRF TO OTHER			n	37750/100	37750/100	1970-01-01 00:00:00
B	acb28e8f36f448be81f43e7cd1658768	3090bc2dccd643e9a11204725ddcb8e5	2024-08-12 02:09:16	2024-08-11 16:41:40	2024-06-03 10:59:00	3323a52a32464e5db6926fdc8fbced8f	Imbalance-USD		Transfer to Mortgage TRF TO OTHE	OFX ext. info: |Trans type:Generic debit|Memo:Transfer to Mortgage TRF TO OTHER			n	31633/100	31633/100	1970-01-01 00:00:00
B	acb28e8f36f448be81f43e7cd1658768	fbb994bedd0e4212b237737d2055e842	2024-08-12 02:09:16	2024-08-11 16:41:40	2024-06-03 10:59:00	5f8cd3d7d07f4e76916a760d36c0523b	Checking Account		Transfer to Mortgage TRF TO OTHE	OFX ext. info: |Trans type:Generic debit|Memo:Transfer to Mortgage TRF TO OTHER	Transfer to Mortgage TRF TO OTHER		c	-120324/100	-120324/100	2024-08-11 16:42:20
===== END
===== START
C	acb28e8f36f448be81f43e7cd1658768	64afc3a4b8b94b348eaaa6c743ee00e1	2024-08-12 02:09:16	2024-08-11 16:41:40	2024-06-03 10:59:00	44e62de6d4584063a29e51d2b286354e	Principal		Transfer to Mortgage TRF TO OTHE	OFX ext. info: |Trans type:Generic debit|Memo:Transfer to Mortgage TRF TO OTHER			n	35941/100	35941/100	1970-01-01 00:00:00
C	acb28e8f36f448be81f43e7cd1658768	4201029adeeb4c65bc901da771d03763	2024-08-12 02:09:16	2024-08-11 16:41:40	2024-06-03 10:59:00	57af0c9d6678493a9e63871c4089d09d	Principal Add.		Transfer to Mortgage TRF TO OTHE	OFX ext. info: |Trans type:Generic debit|Memo:Transfer to Mortgage TRF TO OTHER			n	15000/100	15000/100	1970-01-01 00:00:00
C	acb28e8f36f448be81f43e7cd1658768	1aa0224bb2bd4b0b8d8cbcf23cf75b1e	2024-08-12 02:09:16	2024-08-11 16:41:40	2024-06-03 10:59:00	64f62a5cdd484a45bb34183b4362e035	Interest		Transfer to Mortgage TRF TO OTHE	OFX ext. info: |Trans type:Generic debit|Memo:Transfer to Mortgage TRF TO OTHER			n	37750/100	37750/100	1970-01-01 00:00:00
C	acb28e8f36f448be81f43e7cd1658768	3090bc2dccd643e9a11204725ddcb8e5	2024-08-12 02:09:16	2024-08-11 16:41:40	2024-06-03 10:59:00	8a82287b7caa43b288f83bca008f5def	Escrow		Transfer to Mortgage TRF TO OTHE	OFX ext. info: |Trans type:Generic debit|Memo:Transfer to Mortgage TRF TO OTHER			n	31633/100	31633/100	1970-01-01 00:00:00
C	acb28e8f36f448be81f43e7cd1658768	fbb994bedd0e4212b237737d2055e842	2024-08-12 02:09:16	2024-08-11 16:41:40	2024-06-03 10:59:00	5f8cd3d7d07f4e76916a760d36c0523b	Checking Account		Transfer to Mortgage TRF TO OTHE	OFX ext. info: |Trans type:Generic debit|Memo:Transfer to Mortgage TRF TO OTHER	Transfer to Mortgage TRF TO OTHER		c	-120324/100	-120324/100	2024-08-11 16:42:20
===== END
