mod	trans_guid	split_guid	time_now	date_entered	date_posted	acc_guid	acc_name	num	description	notes	memo	action	reconciled	amount	value	date_reconciled
-----------------
===== START
B	81060804e4764b479c8e46ac8e91e864	39d69797217347e6b1ee464927fad6cf	2024-01-21 17:23:46	2024-01-21 17:09:53	2024-01-08 10:59:00	48c0a9bb8af04622bbb5c2e2aac3f735	Navy Rewards Card	4430	Greentoes				c	4335/100	4335/100	2024-01-21 17:09:53
B	81060804e4764b479c8e46ac8e91e864	89c7ee5bf80f423ab126ca7dc76b4074	2024-01-21 17:23:46	2024-01-21 17:09:53	2024-01-08 10:59:00	3323a52a32464e5db6926fdc8fbced8f	Imbalance-USD	4430	Greentoes				n	-4335/100	-4335/100	1970-01-01 00:00:00
===== END
===== START
C	81060804e4764b479c8e46ac8e91e864	39d69797217347e6b1ee464927fad6cf	2024-01-21 17:23:46	2024-01-21 17:09:53	2024-01-08 10:59:00	48c0a9bb8af04622bbb5c2e2aac3f735	Navy Rewards Card	4430	Greentoes				c	4335/100	4335/100	2024-01-21 17:09:53
C	81060804e4764b479c8e46ac8e91e864	89c7ee5bf80f423ab126ca7dc76b4074	2024-01-21 17:23:46	2024-01-21 17:09:53	2024-01-08 10:59:00	bbed357c20cf4671bd7d4c792f540180	Recreation	4430	Greentoes				n	-4335/100	-4335/100	1970-01-01 00:00:00
===== END
===== START
B	012daa83e2644e04b308843e6582410b	33df4bab9e574470b52e184905595fa2	2024-01-21 17:23:58	2024-01-21 17:09:53	2024-01-08 10:59:00	48c0a9bb8af04622bbb5c2e2aac3f735	Navy Rewards Card	4430	Natural Grocers				c	5365/100	5365/100	2024-01-21 17:09:53
B	012daa83e2644e04b308843e6582410b	fc08d5a208404936b5f0c63760a8c4a1	2024-01-21 17:23:58	2024-01-21 17:09:53	2024-01-08 10:59:00	3323a52a32464e5db6926fdc8fbced8f	Imbalance-USD	4430	Natural Grocers				n	-5365/100	-5365/100	1970-01-01 00:00:00
===== END
===== START
C	012daa83e2644e04b308843e6582410b	33df4bab9e574470b52e184905595fa2	2024-01-21 17:23:58	2024-01-21 17:09:53	2024-01-08 10:59:00	48c0a9bb8af04622bbb5c2e2aac3f735	Navy Rewards Card	4430	Natural Grocers				c	5365/100	5365/100	2024-01-21 17:09:53
C	012daa83e2644e04b308843e6582410b	fc08d5a208404936b5f0c63760a8c4a1	2024-01-21 17:23:58	2024-01-21 17:09:53	2024-01-08 10:59:00	a996b30c3e714c1483ec007f2699fc71	Groceries	4430	Natural Grocers				n	-5365/100	-5365/100	1970-01-01 00:00:00
===== END
===== START
B	7475529a05774cf68461a39e3d58a877	9d9827a913904632acbe84e6ebe1ef19	2024-01-21 17:24:07	2024-01-21 17:09:53	2024-01-08 10:59:00	48c0a9bb8af04622bbb5c2e2aac3f735	Navy Rewards Card	4430	Target				c	5549/100	5549/100	2024-01-21 17:09:53
B	7475529a05774cf68461a39e3d58a877	cad186460707401f910b70e0c086783a	2024-01-21 17:24:07	2024-01-21 17:09:53	2024-01-08 10:59:00	3323a52a32464e5db6926fdc8fbced8f	Imbalance-USD	4430	Target				n	-5549/100	-5549/100	1970-01-01 00:00:00
===== END
===== START
C	7475529a05774cf68461a39e3d58a877	9d9827a913904632acbe84e6ebe1ef19	2024-01-21 17:24:07	2024-01-21 17:09:53	2024-01-08 10:59:00	48c0a9bb8af04622bbb5c2e2aac3f735	Navy Rewards Card	4430	Target				c	5549/100	5549/100	2024-01-21 17:09:53
C	7475529a05774cf68461a39e3d58a877	cad186460707401f910b70e0c086783a	2024-01-21 17:24:07	2024-01-21 17:09:53	2024-01-08 10:59:00	a996b30c3e714c1483ec007f2699fc71	Groceries	4430	Target				n	-5549/100	-5549/100	1970-01-01 00:00:00
===== END
===== START
B	12b57cf62d53490e9b6c1eed6c815e18	93ddb2972b624225b7aa0ae8844247d9	2024-01-21 17:24:13	2024-01-21 17:09:53	2024-01-08 10:59:00	48c0a9bb8af04622bbb5c2e2aac3f735	Navy Rewards Card	4430	Whole Foods Market				c	1646/100	1646/100	2024-01-21 17:09:53
B	12b57cf62d53490e9b6c1eed6c815e18	022961cf643040f1a5a7339115d3644e	2024-01-21 17:24:13	2024-01-21 17:09:53	2024-01-08 10:59:00	3323a52a32464e5db6926fdc8fbced8f	Imbalance-USD	4430	Whole Foods Market				n	-1646/100	-1646/100	1970-01-01 00:00:00
===== END
===== START
C	12b57cf62d53490e9b6c1eed6c815e18	93ddb2972b624225b7aa0ae8844247d9	2024-01-21 17:24:13	2024-01-21 17:09:53	2024-01-08 10:59:00	48c0a9bb8af04622bbb5c2e2aac3f735	Navy Rewards Card	4430	Whole Foods Market				c	1646/100	1646/100	2024-01-21 17:09:53
C	12b57cf62d53490e9b6c1eed6c815e18	022961cf643040f1a5a7339115d3644e	2024-01-21 17:24:13	2024-01-21 17:09:53	2024-01-08 10:59:00	a996b30c3e714c1483ec007f2699fc71	Groceries	4430	Whole Foods Market				n	-1646/100	-1646/100	1970-01-01 00:00:00
===== END
===== START
B	70c8e7b24d4943eebcf8764d2cdd84cb	48a5a57deac645deae7f7e500d67c0b1	2024-01-21 17:24:22	2024-01-21 17:09:53	2024-01-08 10:59:00	48c0a9bb8af04622bbb5c2e2aac3f735	Navy Rewards Card	4430	Whole Foods Market				c	8847/100	8847/100	2024-01-21 17:09:53
B	70c8e7b24d4943eebcf8764d2cdd84cb	145a9588e2e0472f928b5a85a9f65c62	2024-01-21 17:24:22	2024-01-21 17:09:53	2024-01-08 10:59:00	3323a52a32464e5db6926fdc8fbced8f	Imbalance-USD	4430	Whole Foods Market				n	-8847/100	-8847/100	1970-01-01 00:00:00
===== END
===== START
C	70c8e7b24d4943eebcf8764d2cdd84cb	48a5a57deac645deae7f7e500d67c0b1	2024-01-21 17:24:22	2024-01-21 17:09:53	2024-01-08 10:59:00	48c0a9bb8af04622bbb5c2e2aac3f735	Navy Rewards Card	4430	Whole Foods Market				c	8847/100	8847/100	2024-01-21 17:09:53
C	70c8e7b24d4943eebcf8764d2cdd84cb	145a9588e2e0472f928b5a85a9f65c62	2024-01-21 17:24:22	2024-01-21 17:09:53	2024-01-08 10:59:00	a996b30c3e714c1483ec007f2699fc71	Groceries	4430	Whole Foods Market				n	-8847/100	-8847/100	1970-01-01 00:00:00
===== END
===== START
B	fa156ce9c10f4e36b595a8d4c8c2563e	0e0978d0c4034b54b58fd4e2cf94a68e	2024-01-21 17:24:40	2024-01-21 17:09:53	2024-01-09 10:59:00	48c0a9bb8af04622bbb5c2e2aac3f735	Navy Rewards Card	0001	PLAZA LIQUORS LLC TUCSON AZ - 0001				c	2392/100	2392/100	2024-01-21 17:09:53
B	fa156ce9c10f4e36b595a8d4c8c2563e	5bd77be239104e1b91c63057e67c6787	2024-01-21 17:24:40	2024-01-21 17:09:53	2024-01-09 10:59:00	3323a52a32464e5db6926fdc8fbced8f	Imbalance-USD	0001	PLAZA LIQUORS LLC TUCSON AZ - 0001				n	-2392/100	-2392/100	1970-01-01 00:00:00
===== END
===== START
C	fa156ce9c10f4e36b595a8d4c8c2563e	0e0978d0c4034b54b58fd4e2cf94a68e	2024-01-21 17:24:40	2024-01-21 17:09:53	2024-01-09 10:59:00	48c0a9bb8af04622bbb5c2e2aac3f735	Navy Rewards Card	0001	PLAZA LIQUORS LLC TUCSON AZ - 0001				c	2392/100	2392/100	2024-01-21 17:09:53
C	fa156ce9c10f4e36b595a8d4c8c2563e	5bd77be239104e1b91c63057e67c6787	2024-01-21 17:24:40	2024-01-21 17:09:53	2024-01-09 10:59:00	a996b30c3e714c1483ec007f2699fc71	Groceries	0001	PLAZA LIQUORS LLC TUCSON AZ - 0001				n	-2392/100	-2392/100	1970-01-01 00:00:00
===== END
===== START
B	c3b181d4512845a3aa5a569ca8943c7a	2813c3470ed2477aa0d13b88b04312b0	2024-01-21 17:24:43	2024-01-21 17:09:53	2024-01-10 10:59:00	48c0a9bb8af04622bbb5c2e2aac3f735	Navy Rewards Card	4430	Target				c	2412/100	2412/100	2024-01-21 17:09:53
B	c3b181d4512845a3aa5a569ca8943c7a	13b3e393bddf4460a9dfa213c57de5b4	2024-01-21 17:24:43	2024-01-21 17:09:53	2024-01-10 10:59:00	3323a52a32464e5db6926fdc8fbced8f	Imbalance-USD	4430	Target				n	-2412/100	-2412/100	1970-01-01 00:00:00
===== END
===== START
C	c3b181d4512845a3aa5a569ca8943c7a	2813c3470ed2477aa0d13b88b04312b0	2024-01-21 17:24:43	2024-01-21 17:09:53	2024-01-10 10:59:00	48c0a9bb8af04622bbb5c2e2aac3f735	Navy Rewards Card	4430	Target				c	2412/100	2412/100	2024-01-21 17:09:53
C	c3b181d4512845a3aa5a569ca8943c7a	13b3e393bddf4460a9dfa213c57de5b4	2024-01-21 17:24:43	2024-01-21 17:09:53	2024-01-10 10:59:00	a996b30c3e714c1483ec007f2699fc71	Groceries	4430	Target				n	-2412/100	-2412/100	1970-01-01 00:00:00
===== END
===== START
B	669353ba428c4a8990790bd04c0aee49	f9e9960a90274315b26f61d0cc6c91c0	2024-01-21 17:24:46	2024-01-21 17:09:53	2024-01-11 10:59:00	48c0a9bb8af04622bbb5c2e2aac3f735	Navy Rewards Card	0001	Target				c	2922/100	2922/100	2024-01-21 17:09:53
B	669353ba428c4a8990790bd04c0aee49	91ffc37d850c43489a787ea817f63376	2024-01-21 17:24:46	2024-01-21 17:09:53	2024-01-11 10:59:00	3323a52a32464e5db6926fdc8fbced8f	Imbalance-USD	0001	Target				n	-2922/100	-2922/100	1970-01-01 00:00:00
===== END
===== START
C	669353ba428c4a8990790bd04c0aee49	f9e9960a90274315b26f61d0cc6c91c0	2024-01-21 17:24:46	2024-01-21 17:09:53	2024-01-11 10:59:00	48c0a9bb8af04622bbb5c2e2aac3f735	Navy Rewards Card	0001	Target				c	2922/100	2922/100	2024-01-21 17:09:53
C	669353ba428c4a8990790bd04c0aee49	91ffc37d850c43489a787ea817f63376	2024-01-21 17:24:46	2024-01-21 17:09:53	2024-01-11 10:59:00	a996b30c3e714c1483ec007f2699fc71	Groceries	0001	Target				n	-2922/100	-2922/100	1970-01-01 00:00:00
===== END
===== START
B	a473ddbb8d4a493cbf40f7ce350305b5	abfe7f90e2a84dcf88762efde6baeb4d	2024-01-21 17:24:56	2024-01-21 17:09:53	2024-01-11 10:59:00	48c0a9bb8af04622bbb5c2e2aac3f735	Navy Rewards Card	4430	Trader Joe's				c	2871/100	2871/100	2024-01-21 17:09:53
B	a473ddbb8d4a493cbf40f7ce350305b5	4d85dcb8189647fe8a5ca70661f98e14	2024-01-21 17:24:56	2024-01-21 17:09:53	2024-01-11 10:59:00	3323a52a32464e5db6926fdc8fbced8f	Imbalance-USD	4430	Trader Joe's				n	-2871/100	-2871/100	1970-01-01 00:00:00
===== END
===== START
C	a473ddbb8d4a493cbf40f7ce350305b5	abfe7f90e2a84dcf88762efde6baeb4d	2024-01-21 17:24:56	2024-01-21 17:09:53	2024-01-11 10:59:00	48c0a9bb8af04622bbb5c2e2aac3f735	Navy Rewards Card	4430	Trader Joe's				c	2871/100	2871/100	2024-01-21 17:09:53
C	a473ddbb8d4a493cbf40f7ce350305b5	4d85dcb8189647fe8a5ca70661f98e14	2024-01-21 17:24:56	2024-01-21 17:09:53	2024-01-11 10:59:00	a996b30c3e714c1483ec007f2699fc71	Groceries	4430	Trader Joe's				n	-2871/100	-2871/100	1970-01-01 00:00:00
===== END
===== START
B	b1296ff71dfd4708a5758ef79e25dad5	7b674c7b1a644c9f8650ca8331fc069e	2024-01-21 17:25:02	2024-01-21 17:09:54	2024-01-15 10:59:00	48c0a9bb8af04622bbb5c2e2aac3f735	Navy Rewards Card	0001	Costco				c	6084/100	6084/100	2024-01-21 17:09:54
B	b1296ff71dfd4708a5758ef79e25dad5	fec1675faa7a4532a746f2791ceb9b93	2024-01-21 17:25:02	2024-01-21 17:09:54	2024-01-15 10:59:00	3323a52a32464e5db6926fdc8fbced8f	Imbalance-USD	0001	Costco				n	-6084/100	-6084/100	1970-01-01 00:00:00
===== END
===== START
C	b1296ff71dfd4708a5758ef79e25dad5	7b674c7b1a644c9f8650ca8331fc069e	2024-01-21 17:25:02	2024-01-21 17:09:54	2024-01-15 10:59:00	48c0a9bb8af04622bbb5c2e2aac3f735	Navy Rewards Card	0001	Costco				c	6084/100	6084/100	2024-01-21 17:09:54
C	b1296ff71dfd4708a5758ef79e25dad5	fec1675faa7a4532a746f2791ceb9b93	2024-01-21 17:25:02	2024-01-21 17:09:54	2024-01-15 10:59:00	a996b30c3e714c1483ec007f2699fc71	Groceries	0001	Costco				n	-6084/100	-6084/100	1970-01-01 00:00:00
===== END
===== START
B	f9c93b2505c742ab9058d5d09577b984	cdcf9b88265a4dbca65f22ed828c4f6b	2024-01-21 17:25:29	2024-01-21 17:09:54	2024-01-15 10:59:00	48c0a9bb8af04622bbb5c2e2aac3f735	Navy Rewards Card	0001	Costco Gas Stations				c	2608/100	2608/100	2024-01-21 17:09:54
B	f9c93b2505c742ab9058d5d09577b984	6aad7308bf074a77adda71675d39b432	2024-01-21 17:25:29	2024-01-21 17:09:54	2024-01-15 10:59:00	3323a52a32464e5db6926fdc8fbced8f	Imbalance-USD	0001	Costco Gas Stations				n	-2608/100	-2608/100	1970-01-01 00:00:00
===== END
===== START
C	f9c93b2505c742ab9058d5d09577b984	cdcf9b88265a4dbca65f22ed828c4f6b	2024-01-21 17:25:29	2024-01-21 17:09:54	2024-01-15 10:59:00	48c0a9bb8af04622bbb5c2e2aac3f735	Navy Rewards Card	0001	Costco Gas Stations				c	2608/100	2608/100	2024-01-21 17:09:54
C	f9c93b2505c742ab9058d5d09577b984	6aad7308bf074a77adda71675d39b432	2024-01-21 17:25:29	2024-01-21 17:09:54	2024-01-15 10:59:00	27481ce2defd46158db8ea43cba7ef12	Fuel	0001	Costco Gas Stations				n	-2608/100	-2608/100	1970-01-01 00:00:00
===== END
===== START
B	ecfa400e2f11490fb3a32e1691b14fb9	6d243d52756e49cba8fe5420d69786ca	2024-01-21 17:25:43	2024-01-21 17:09:54	2024-01-15 10:59:00	48c0a9bb8af04622bbb5c2e2aac3f735	Navy Rewards Card	0001	SMG TCC PARKING TUCSON AZ - 0001				c	1000/100	1000/100	2024-01-21 17:09:54
B	ecfa400e2f11490fb3a32e1691b14fb9	685df7e0dd824f4e809ab93ee9390db0	2024-01-21 17:25:43	2024-01-21 17:09:54	2024-01-15 10:59:00	3323a52a32464e5db6926fdc8fbced8f	Imbalance-USD	0001	SMG TCC PARKING TUCSON AZ - 0001				n	-1000/100	-1000/100	1970-01-01 00:00:00
===== END
===== START
C	ecfa400e2f11490fb3a32e1691b14fb9	6d243d52756e49cba8fe5420d69786ca	2024-01-21 17:25:43	2024-01-21 17:09:54	2024-01-15 10:59:00	48c0a9bb8af04622bbb5c2e2aac3f735	Navy Rewards Card	0001	SMG TCC PARKING TUCSON AZ - 0001				c	1000/100	1000/100	2024-01-21 17:09:54
C	ecfa400e2f11490fb3a32e1691b14fb9	685df7e0dd824f4e809ab93ee9390db0	2024-01-21 17:25:43	2024-01-21 17:09:54	2024-01-15 10:59:00	bbed357c20cf4671bd7d4c792f540180	Recreation	0001	SMG TCC PARKING TUCSON AZ - 0001				n	-1000/100	-1000/100	1970-01-01 00:00:00
===== END
===== START
B	b1ae039e97a64d6a8c2eae19e0b4ca56	e58783b5451449ce8c3d219c6db8a3f7	2024-01-21 17:25:49	2024-01-21 17:09:54	2024-01-15 10:59:00	48c0a9bb8af04622bbb5c2e2aac3f735	Navy Rewards Card	0001	Eric H Cheng				c	1679/100	1679/100	2024-01-21 17:09:54
B	b1ae039e97a64d6a8c2eae19e0b4ca56	94f98bd7e21e44e0b0a99dff7e6ccc56	2024-01-21 17:25:49	2024-01-21 17:09:54	2024-01-15 10:59:00	3323a52a32464e5db6926fdc8fbced8f	Imbalance-USD	0001	Eric H Cheng				n	-1679/100	-1679/100	1970-01-01 00:00:00
===== END
===== START
C	b1ae039e97a64d6a8c2eae19e0b4ca56	e58783b5451449ce8c3d219c6db8a3f7	2024-01-21 17:25:49	2024-01-21 17:09:54	2024-01-15 10:59:00	48c0a9bb8af04622bbb5c2e2aac3f735	Navy Rewards Card	0001	Eric H Cheng				c	1679/100	1679/100	2024-01-21 17:09:54
C	b1ae039e97a64d6a8c2eae19e0b4ca56	94f98bd7e21e44e0b0a99dff7e6ccc56	2024-01-21 17:25:49	2024-01-21 17:09:54	2024-01-15 10:59:00	f51833ab51c446f28a6ab0d10a773759	Miscellaneous	0001	Eric H Cheng				n	-1679/100	-1679/100	1970-01-01 00:00:00
===== END
===== START
B	0e98a0440a514a64a53ce3492088667e	8863f4bcecd1466fbf4fa957f05c86bf	2024-01-21 17:26:06	2024-01-21 17:09:54	2024-01-15 10:59:00	48c0a9bb8af04622bbb5c2e2aac3f735	Navy Rewards Card	0001	Spotify				c	1195/100	1195/100	2024-01-21 17:09:54
B	0e98a0440a514a64a53ce3492088667e	7ee2f2a4ad85437e91f568e29c232264	2024-01-21 17:26:06	2024-01-21 17:09:54	2024-01-15 10:59:00	3323a52a32464e5db6926fdc8fbced8f	Imbalance-USD	0001	Spotify				n	-1195/100	-1195/100	1970-01-01 00:00:00
===== END
===== START
C	0e98a0440a514a64a53ce3492088667e	8863f4bcecd1466fbf4fa957f05c86bf	2024-01-21 17:26:06	2024-01-21 17:09:54	2024-01-15 10:59:00	48c0a9bb8af04622bbb5c2e2aac3f735	Navy Rewards Card	0001	Spotify				c	1195/100	1195/100	2024-01-21 17:09:54
C	0e98a0440a514a64a53ce3492088667e	7ee2f2a4ad85437e91f568e29c232264	2024-01-21 17:26:06	2024-01-21 17:09:54	2024-01-15 10:59:00	3feaad255df249169127e590b1602cd7	Subscriptions	0001	Spotify				n	-1195/100	-1195/100	1970-01-01 00:00:00
===== END
===== START
B	e1ee00ce61734cde8f671eaf81dafdc4	07ceaf23ad0d4a7bb22d48544c24d132	2024-01-21 17:26:13	2024-01-21 17:09:54	2024-01-15 10:59:00	48c0a9bb8af04622bbb5c2e2aac3f735	Navy Rewards Card	0001	Trader Joe's				c	667/100	667/100	2024-01-21 17:09:54
B	e1ee00ce61734cde8f671eaf81dafdc4	d8dac3ff966a45b2bf842e87360e3a46	2024-01-21 17:26:13	2024-01-21 17:09:54	2024-01-15 10:59:00	3323a52a32464e5db6926fdc8fbced8f	Imbalance-USD	0001	Trader Joe's				n	-667/100	-667/100	1970-01-01 00:00:00
===== END
===== START
C	e1ee00ce61734cde8f671eaf81dafdc4	07ceaf23ad0d4a7bb22d48544c24d132	2024-01-21 17:26:13	2024-01-21 17:09:54	2024-01-15 10:59:00	48c0a9bb8af04622bbb5c2e2aac3f735	Navy Rewards Card	0001	Trader Joe's				c	667/100	667/100	2024-01-21 17:09:54
C	e1ee00ce61734cde8f671eaf81dafdc4	d8dac3ff966a45b2bf842e87360e3a46	2024-01-21 17:26:13	2024-01-21 17:09:54	2024-01-15 10:59:00	a996b30c3e714c1483ec007f2699fc71	Groceries	0001	Trader Joe's				n	-667/100	-667/100	1970-01-01 00:00:00
===== END
===== START
B	80e2afdc4c1b4b1c92cc081d62ba8356	9724f42f161e481c9750ed7e3f0fdf60	2024-01-21 17:26:41	2024-01-21 17:09:54	2024-01-15 10:59:00	48c0a9bb8af04622bbb5c2e2aac3f735	Navy Rewards Card	0001	ZEFFY-x0-30 CLUB OF TU HTTPSWWW.ZEFFDE - 0001				c	12500/100	12500/100	2024-01-21 17:09:54
B	80e2afdc4c1b4b1c92cc081d62ba8356	51d4f223c80a44bcad6b3b6e656f06e1	2024-01-21 17:26:41	2024-01-21 17:09:54	2024-01-15 10:59:00	3323a52a32464e5db6926fdc8fbced8f	Imbalance-USD	0001	ZEFFY-x0-30 CLUB OF TU HTTPSWWW.ZEFFDE - 0001				n	-12500/100	-12500/100	1970-01-01 00:00:00
===== END
===== START
C	80e2afdc4c1b4b1c92cc081d62ba8356	9724f42f161e481c9750ed7e3f0fdf60	2024-01-21 17:26:41	2024-01-21 17:09:54	2024-01-15 10:59:00	48c0a9bb8af04622bbb5c2e2aac3f735	Navy Rewards Card	0001	ZEFFY-x0-30 CLUB OF TU HTTPSWWW.ZEFFDE - 0001				c	12500/100	12500/100	2024-01-21 17:09:54
C	80e2afdc4c1b4b1c92cc081d62ba8356	51d4f223c80a44bcad6b3b6e656f06e1	2024-01-21 17:26:41	2024-01-21 17:09:54	2024-01-15 10:59:00	3feaad255df249169127e590b1602cd7	Subscriptions	0001	ZEFFY-x0-30 CLUB OF TU HTTPSWWW.ZEFFDE - 0001				n	-12500/100	-12500/100	1970-01-01 00:00:00
===== END
===== START
B	17d2cbbbde3b4fa59604247a41e2a9e2	d9cef8cdf180457ab84bbb83d5c11c7b	2024-01-21 17:26:44	2024-01-21 17:09:54	2024-01-15 10:59:00	48c0a9bb8af04622bbb5c2e2aac3f735	Navy Rewards Card	4430	Target				c	4337/100	4337/100	2024-01-21 17:09:54
B	17d2cbbbde3b4fa59604247a41e2a9e2	1b0db6fa494a47e5b8d3fa5beb3ca1d7	2024-01-21 17:26:44	2024-01-21 17:09:54	2024-01-15 10:59:00	3323a52a32464e5db6926fdc8fbced8f	Imbalance-USD	4430	Target				n	-4337/100	-4337/100	1970-01-01 00:00:00
===== END
===== START
C	17d2cbbbde3b4fa59604247a41e2a9e2	d9cef8cdf180457ab84bbb83d5c11c7b	2024-01-21 17:26:44	2024-01-21 17:09:54	2024-01-15 10:59:00	48c0a9bb8af04622bbb5c2e2aac3f735	Navy Rewards Card	4430	Target				c	4337/100	4337/100	2024-01-21 17:09:54
C	17d2cbbbde3b4fa59604247a41e2a9e2	1b0db6fa494a47e5b8d3fa5beb3ca1d7	2024-01-21 17:26:44	2024-01-21 17:09:54	2024-01-15 10:59:00	a996b30c3e714c1483ec007f2699fc71	Groceries	4430	Target				n	-4337/100	-4337/100	1970-01-01 00:00:00
===== END
===== START
B	ee2e167cd76d4690b1c772889bd4e7dc	7db7a8a6784e4cdcb18727382642e2d2	2024-01-21 17:26:50	2024-01-21 17:09:54	2024-01-15 10:59:00	48c0a9bb8af04622bbb5c2e2aac3f735	Navy Rewards Card	4430	Target				c	7492/100	7492/100	2024-01-21 17:09:54
B	ee2e167cd76d4690b1c772889bd4e7dc	6ffa4b127a6945878cc401c9ffb5eaf6	2024-01-21 17:26:50	2024-01-21 17:09:54	2024-01-15 10:59:00	3323a52a32464e5db6926fdc8fbced8f	Imbalance-USD	4430	Target				n	-7492/100	-7492/100	1970-01-01 00:00:00
===== END
===== START
C	ee2e167cd76d4690b1c772889bd4e7dc	7db7a8a6784e4cdcb18727382642e2d2	2024-01-21 17:26:50	2024-01-21 17:09:54	2024-01-15 10:59:00	48c0a9bb8af04622bbb5c2e2aac3f735	Navy Rewards Card	4430	Target				c	7492/100	7492/100	2024-01-21 17:09:54
C	ee2e167cd76d4690b1c772889bd4e7dc	6ffa4b127a6945878cc401c9ffb5eaf6	2024-01-21 17:26:50	2024-01-21 17:09:54	2024-01-15 10:59:00	a996b30c3e714c1483ec007f2699fc71	Groceries	4430	Target				n	-7492/100	-7492/100	1970-01-01 00:00:00
===== END
===== START
B	bc30e9c67fa24c1f83b73be57943cc21	c189dedb54d7438ab981fce9383eab76	2024-01-21 17:26:59	2024-01-21 17:09:54	2024-01-15 10:59:00	48c0a9bb8af04622bbb5c2e2aac3f735	Navy Rewards Card	4430	Whole Foods Market				c	7971/100	7971/100	2024-01-21 17:09:54
B	bc30e9c67fa24c1f83b73be57943cc21	c6dd5109b9384e02b273eac27812be7a	2024-01-21 17:26:59	2024-01-21 17:09:54	2024-01-15 10:59:00	3323a52a32464e5db6926fdc8fbced8f	Imbalance-USD	4430	Whole Foods Market				n	-7971/100	-7971/100	1970-01-01 00:00:00
===== END
===== START
C	bc30e9c67fa24c1f83b73be57943cc21	c189dedb54d7438ab981fce9383eab76	2024-01-21 17:26:59	2024-01-21 17:09:54	2024-01-15 10:59:00	48c0a9bb8af04622bbb5c2e2aac3f735	Navy Rewards Card	4430	Whole Foods Market				c	7971/100	7971/100	2024-01-21 17:09:54
C	bc30e9c67fa24c1f83b73be57943cc21	c6dd5109b9384e02b273eac27812be7a	2024-01-21 17:26:59	2024-01-21 17:09:54	2024-01-15 10:59:00	a996b30c3e714c1483ec007f2699fc71	Groceries	4430	Whole Foods Market				n	-7971/100	-7971/100	1970-01-01 00:00:00
===== END
===== START
B	73d40b7d3e594e6c9b4b66701265023b	ebdd2651dc834d3b9ff74b66d881b6e8	2024-01-21 17:27:01	2024-01-21 17:09:54	2024-01-16 10:59:00	48c0a9bb8af04622bbb5c2e2aac3f735	Navy Rewards Card	0001	Trader Joe's				c	1099/100	1099/100	2024-01-21 17:09:54
B	73d40b7d3e594e6c9b4b66701265023b	790a3c6a16224ceeb835ff9898f968be	2024-01-21 17:27:01	2024-01-21 17:09:54	2024-01-16 10:59:00	3323a52a32464e5db6926fdc8fbced8f	Imbalance-USD	0001	Trader Joe's				n	-1099/100	-1099/100	1970-01-01 00:00:00
===== END
===== START
C	73d40b7d3e594e6c9b4b66701265023b	ebdd2651dc834d3b9ff74b66d881b6e8	2024-01-21 17:27:01	2024-01-21 17:09:54	2024-01-16 10:59:00	48c0a9bb8af04622bbb5c2e2aac3f735	Navy Rewards Card	0001	Trader Joe's				c	1099/100	1099/100	2024-01-21 17:09:54
C	73d40b7d3e594e6c9b4b66701265023b	790a3c6a16224ceeb835ff9898f968be	2024-01-21 17:27:01	2024-01-21 17:09:54	2024-01-16 10:59:00	a996b30c3e714c1483ec007f2699fc71	Groceries	0001	Trader Joe's				n	-1099/100	-1099/100	1970-01-01 00:00:00
===== END
===== START
B	eb0dac5f3c2a411f845730be2d6f64b2	2c72df4419e54fe6877141dcc666283a	2024-01-21 17:27:05	2024-01-21 17:09:54	2024-01-16 10:59:00	48c0a9bb8af04622bbb5c2e2aac3f735	Navy Rewards Card	0001	Trader Joe's				c	4212/100	4212/100	2024-01-21 17:09:54
B	eb0dac5f3c2a411f845730be2d6f64b2	5026b1c68ffe438388a74553d59b9b59	2024-01-21 17:27:05	2024-01-21 17:09:54	2024-01-16 10:59:00	3323a52a32464e5db6926fdc8fbced8f	Imbalance-USD	0001	Trader Joe's				n	-4212/100	-4212/100	1970-01-01 00:00:00
===== END
===== START
C	eb0dac5f3c2a411f845730be2d6f64b2	2c72df4419e54fe6877141dcc666283a	2024-01-21 17:27:05	2024-01-21 17:09:54	2024-01-16 10:59:00	48c0a9bb8af04622bbb5c2e2aac3f735	Navy Rewards Card	0001	Trader Joe's				c	4212/100	4212/100	2024-01-21 17:09:54
C	eb0dac5f3c2a411f845730be2d6f64b2	5026b1c68ffe438388a74553d59b9b59	2024-01-21 17:27:05	2024-01-21 17:09:54	2024-01-16 10:59:00	a996b30c3e714c1483ec007f2699fc71	Groceries	0001	Trader Joe's				n	-4212/100	-4212/100	1970-01-01 00:00:00
===== END
===== START
B	21b2077e23b74e0eb803bb977f142ee7	8f8ed87f4d5b4090a2a5716b7c49e407	2024-01-21 17:27:27	2024-01-21 17:09:54	2024-01-16 10:59:00	48c0a9bb8af04622bbb5c2e2aac3f735	Navy Rewards Card	4430	Target				c	3288/100	3288/100	2024-01-21 17:09:54
B	21b2077e23b74e0eb803bb977f142ee7	6e7da026003c4c4eaee0e2da83a0ed44	2024-01-21 17:27:27	2024-01-21 17:09:54	2024-01-16 10:59:00	3323a52a32464e5db6926fdc8fbced8f	Imbalance-USD	4430	Target				n	-3288/100	-3288/100	1970-01-01 00:00:00
===== END
===== START
C	21b2077e23b74e0eb803bb977f142ee7	8f8ed87f4d5b4090a2a5716b7c49e407	2024-01-21 17:27:27	2024-01-21 17:09:54	2024-01-16 10:59:00	48c0a9bb8af04622bbb5c2e2aac3f735	Navy Rewards Card	4430	Target				c	3288/100	3288/100	2024-01-21 17:09:54
C	21b2077e23b74e0eb803bb977f142ee7	6e7da026003c4c4eaee0e2da83a0ed44	2024-01-21 17:27:27	2024-01-21 17:09:54	2024-01-16 10:59:00	a996b30c3e714c1483ec007f2699fc71	Groceries	4430	Target				n	-3288/100	-3288/100	1970-01-01 00:00:00
===== END
===== START
B	62c7a622f4ba4b34aba29107fdba0350	cf2a6d8c5493478eb2b97d8d65d17fc0	2024-01-21 17:27:45	2024-01-21 17:09:54	2024-01-19 10:59:00	48c0a9bb8af04622bbb5c2e2aac3f735	Navy Rewards Card	4430	Speedway				c	2071/100	2071/100	2024-01-21 17:09:54
B	62c7a622f4ba4b34aba29107fdba0350	943fe5599d7f40b3869514055f378551	2024-01-21 17:27:45	2024-01-21 17:09:54	2024-01-19 10:59:00	3323a52a32464e5db6926fdc8fbced8f	Imbalance-USD	4430	Speedway				n	-2071/100	-2071/100	1970-01-01 00:00:00
===== END
===== START
C	62c7a622f4ba4b34aba29107fdba0350	cf2a6d8c5493478eb2b97d8d65d17fc0	2024-01-21 17:27:45	2024-01-21 17:09:54	2024-01-19 10:59:00	48c0a9bb8af04622bbb5c2e2aac3f735	Navy Rewards Card	4430	Speedway				c	2071/100	2071/100	2024-01-21 17:09:54
C	62c7a622f4ba4b34aba29107fdba0350	943fe5599d7f40b3869514055f378551	2024-01-21 17:27:45	2024-01-21 17:09:54	2024-01-19 10:59:00	27481ce2defd46158db8ea43cba7ef12	Fuel	4430	Speedway				n	-2071/100	-2071/100	1970-01-01 00:00:00
===== END
===== START
B	041412faea454f52aec6e3c5dd29e7e6	460093de34174387864790c59bd89a30	2024-01-21 17:27:56	2024-01-21 17:09:53	2024-01-09 10:59:00	48c0a9bb8af04622bbb5c2e2aac3f735	Navy Rewards Card	0001	RTX CAFE TUCSON848 TUCSON AZ - 0001				c	576/100	576/100	2024-01-21 17:09:53
B	041412faea454f52aec6e3c5dd29e7e6	0e9dcd06850d40bfa034401e1a187555	2024-01-21 17:27:56	2024-01-21 17:09:53	2024-01-09 10:59:00	3323a52a32464e5db6926fdc8fbced8f	Imbalance-USD	0001	RTX CAFE TUCSON848 TUCSON AZ - 0001				n	-576/100	-576/100	1970-01-01 00:00:00
===== END
===== START
C	041412faea454f52aec6e3c5dd29e7e6	460093de34174387864790c59bd89a30	2024-01-21 17:27:56	2024-01-21 17:09:53	2024-01-09 10:59:00	48c0a9bb8af04622bbb5c2e2aac3f735	Navy Rewards Card	0001	RTX CAFE TUCSON848 TUCSON AZ - 0001				c	576/100	576/100	2024-01-21 17:09:53
C	041412faea454f52aec6e3c5dd29e7e6	0e9dcd06850d40bfa034401e1a187555	2024-01-21 17:27:56	2024-01-21 17:09:53	2024-01-09 10:59:00	7c452bea58344d23b0f556cf05df9fe0	Dining	0001	RTX CAFE TUCSON848 TUCSON AZ - 0001				n	-576/100	-576/100	1970-01-01 00:00:00
===== END
===== START
B	1a575e4a177c4f8285b1b81d3f40c9a6	e3376a7dd4ea4b74a6d6fe4873cd36b5	2024-01-21 17:27:59	2024-01-21 17:09:53	2024-01-10 10:59:00	48c0a9bb8af04622bbb5c2e2aac3f735	Navy Rewards Card	0001	RTX CAFE TUCSON848 TUCSON AZ - 0001				c	272/100	272/100	2024-01-21 17:09:53
B	1a575e4a177c4f8285b1b81d3f40c9a6	391486eb923d4c45b659864f289afe2b	2024-01-21 17:27:59	2024-01-21 17:09:53	2024-01-10 10:59:00	3323a52a32464e5db6926fdc8fbced8f	Imbalance-USD	0001	RTX CAFE TUCSON848 TUCSON AZ - 0001				n	-272/100	-272/100	1970-01-01 00:00:00
===== END
===== START
C	1a575e4a177c4f8285b1b81d3f40c9a6	e3376a7dd4ea4b74a6d6fe4873cd36b5	2024-01-21 17:27:59	2024-01-21 17:09:53	2024-01-10 10:59:00	48c0a9bb8af04622bbb5c2e2aac3f735	Navy Rewards Card	0001	RTX CAFE TUCSON848 TUCSON AZ - 0001				c	272/100	272/100	2024-01-21 17:09:53
C	1a575e4a177c4f8285b1b81d3f40c9a6	391486eb923d4c45b659864f289afe2b	2024-01-21 17:27:59	2024-01-21 17:09:53	2024-01-10 10:59:00	7c452bea58344d23b0f556cf05df9fe0	Dining	0001	RTX CAFE TUCSON848 TUCSON AZ - 0001				n	-272/100	-272/100	1970-01-01 00:00:00
===== END
===== START
B	ab7902b9b7464ff9b91487bb0fe2db66	993a59680e07421c9215075680c3d94e	2024-01-21 17:28:03	2024-01-21 17:09:53	2024-01-10 10:59:00	48c0a9bb8af04622bbb5c2e2aac3f735	Navy Rewards Card	0001	RTX CAFE TUCSON848 TUCSON AZ - 0001				c	1196/100	1196/100	2024-01-21 17:09:53
B	ab7902b9b7464ff9b91487bb0fe2db66	800303526d4a439caf4cd603ba7ddf83	2024-01-21 17:28:03	2024-01-21 17:09:53	2024-01-10 10:59:00	3323a52a32464e5db6926fdc8fbced8f	Imbalance-USD	0001	RTX CAFE TUCSON848 TUCSON AZ - 0001				n	-1196/100	-1196/100	1970-01-01 00:00:00
===== END
===== START
C	ab7902b9b7464ff9b91487bb0fe2db66	993a59680e07421c9215075680c3d94e	2024-01-21 17:28:03	2024-01-21 17:09:53	2024-01-10 10:59:00	48c0a9bb8af04622bbb5c2e2aac3f735	Navy Rewards Card	0001	RTX CAFE TUCSON848 TUCSON AZ - 0001				c	1196/100	1196/100	2024-01-21 17:09:53
C	ab7902b9b7464ff9b91487bb0fe2db66	800303526d4a439caf4cd603ba7ddf83	2024-01-21 17:28:03	2024-01-21 17:09:53	2024-01-10 10:59:00	7c452bea58344d23b0f556cf05df9fe0	Dining	0001	RTX CAFE TUCSON848 TUCSON AZ - 0001				n	-1196/100	-1196/100	1970-01-01 00:00:00
===== END
===== START
B	fbb5c1ef20c94af08afadb1ba8c1a72c	d7160fced0664173a13b035daa885263	2024-01-21 17:28:08	2024-01-21 17:09:53	2024-01-10 10:59:00	48c0a9bb8af04622bbb5c2e2aac3f735	Navy Rewards Card	0001	RTX CAFE TUCSON848 TUCSON AZ - 0001				c	1654/100	1654/100	2024-01-21 17:09:53
B	fbb5c1ef20c94af08afadb1ba8c1a72c	abf68f44608f4318aff9a11afd4196fe	2024-01-21 17:28:08	2024-01-21 17:09:53	2024-01-10 10:59:00	3323a52a32464e5db6926fdc8fbced8f	Imbalance-USD	0001	RTX CAFE TUCSON848 TUCSON AZ - 0001				n	-1654/100	-1654/100	1970-01-01 00:00:00
===== END
===== START
C	fbb5c1ef20c94af08afadb1ba8c1a72c	d7160fced0664173a13b035daa885263	2024-01-21 17:28:08	2024-01-21 17:09:53	2024-01-10 10:59:00	48c0a9bb8af04622bbb5c2e2aac3f735	Navy Rewards Card	0001	RTX CAFE TUCSON848 TUCSON AZ - 0001				c	1654/100	1654/100	2024-01-21 17:09:53
C	fbb5c1ef20c94af08afadb1ba8c1a72c	abf68f44608f4318aff9a11afd4196fe	2024-01-21 17:28:08	2024-01-21 17:09:53	2024-01-10 10:59:00	7c452bea58344d23b0f556cf05df9fe0	Dining	0001	RTX CAFE TUCSON848 TUCSON AZ - 0001				n	-1654/100	-1654/100	1970-01-01 00:00:00
===== END
