mod	trans_guid	split_guid	time_now	date_entered	date_posted	acc_guid	acc_name	num	description	notes	memo	action	reconciled	amount	value	date_reconciled
-----------------
===== START
===== END
===== START
C	a47e7e67caa949bdabf8a9f3f6ca0ff1	414953e8b0714255bf678c435bb250e9	2024-01-21 16:50:44	2024-01-21 16:50:44	2024-01-01 10:59:00	3ef47bba671245fdb0780a4a9b012fe0	Opening Balances		Opening Checking Balance				n	5280868/100	5280868/100	1970-01-01 00:00:00
C	a47e7e67caa949bdabf8a9f3f6ca0ff1	1969fa4462dc4b1c9672d56982a565b2	2024-01-21 16:50:44	2024-01-21 16:50:44	2024-01-01 10:59:00	5f8cd3d7d07f4e76916a760d36c0523b	Checking Account		Opening Checking Balance				n	-5280868/100	-5280868/100	1970-01-01 00:00:00
===== END
===== START
===== END
===== START
B	a47e7e67caa949bdabf8a9f3f6ca0ff1	414953e8b0714255bf678c435bb250e9	2024-01-21 16:50:53	2024-01-21 16:50:44	2024-01-01 10:59:00	3ef47bba671245fdb0780a4a9b012fe0	Opening Balances		Opening Checking Balance				n	5280868/100	5280868/100	1970-01-01 00:00:00
B	a47e7e67caa949bdabf8a9f3f6ca0ff1	1969fa4462dc4b1c9672d56982a565b2	2024-01-21 16:50:53	2024-01-21 16:50:44	2024-01-01 10:59:00	5f8cd3d7d07f4e76916a760d36c0523b	Checking Account		Opening Checking Balance				n	-5280868/100	-5280868/100	1970-01-01 00:00:00
===== END
===== START
C	a47e7e67caa949bdabf8a9f3f6ca0ff1	414953e8b0714255bf678c435bb250e9	2024-01-21 16:50:53	2024-01-21 16:50:44	2024-01-01 10:59:00	3ef47bba671245fdb0780a4a9b012fe0	Opening Balances		Opening Checking Balance				n	-5280868/100	-5280868/100	1970-01-01 00:00:00
C	a47e7e67caa949bdabf8a9f3f6ca0ff1	1969fa4462dc4b1c9672d56982a565b2	2024-01-21 16:50:53	2024-01-21 16:50:44	2024-01-01 10:59:00	5f8cd3d7d07f4e76916a760d36c0523b	Checking Account		Opening Checking Balance				n	5280868/100	5280868/100	1970-01-01 00:00:00
===== END
===== START
B	c9072363591145b5a191b6efca72f802	6b20e638b68340bbb0e309217f27b8ae	2024-01-21 16:51:22	2024-01-21 16:45:03	2024-01-02 10:59:00	3323a52a32464e5db6926fdc8fbced8f	Imbalance-USD		ACH Transaction - TEP Corporate De SNAP PMT 0009100001				n	14772/100	14772/100	1970-01-01 00:00:00
B	c9072363591145b5a191b6efca72f802	119ca061ea004169931c11df7af0985d	2024-01-21 16:51:22	2024-01-21 16:45:03	2024-01-02 10:59:00	5f8cd3d7d07f4e76916a760d36c0523b	Checking Account		ACH Transaction - TEP Corporate De SNAP PMT 0009100001				c	-14772/100	-14772/100	2024-01-21 16:45:03
===== END
===== START
C	c9072363591145b5a191b6efca72f802	6b20e638b68340bbb0e309217f27b8ae	2024-01-21 16:51:22	2024-01-21 16:45:03	2024-01-02 10:59:00	5890bd69a6864d8391e57ecc7ade736e	Water		ACH Transaction - TEP Corporate De SNAP PMT 0009100001				n	14772/100	14772/100	1970-01-01 00:00:00
C	c9072363591145b5a191b6efca72f802	119ca061ea004169931c11df7af0985d	2024-01-21 16:51:22	2024-01-21 16:45:03	2024-01-02 10:59:00	5f8cd3d7d07f4e76916a760d36c0523b	Checking Account		ACH Transaction - TEP Corporate De SNAP PMT 0009100001				c	-14772/100	-14772/100	2024-01-21 16:45:03
===== END
===== START
B	4f64c71844824613aad4574a1be3aafc	b41ec5a846b54677b0470006236e27ec	2024-01-21 16:51:29	2024-01-21 16:45:03	2024-01-02 10:59:00	3323a52a32464e5db6926fdc8fbced8f	Imbalance-USD		Transfer to Mortgage				n	120324/100	120324/100	1970-01-01 00:00:00
B	4f64c71844824613aad4574a1be3aafc	94c525db86b4425fbac7b58a5718ba7f	2024-01-21 16:51:29	2024-01-21 16:45:03	2024-01-02 10:59:00	5f8cd3d7d07f4e76916a760d36c0523b	Checking Account		Transfer to Mortgage				c	-120324/100	-120324/100	2024-01-21 16:45:03
===== END
===== START
C	4f64c71844824613aad4574a1be3aafc	b41ec5a846b54677b0470006236e27ec	2024-01-21 16:51:29	2024-01-21 16:45:03	2024-01-02 10:59:00	7602e2e17a804b4193d324c2da3f52ad	Mortgage Loan		Transfer to Mortgage				n	120324/100	120324/100	1970-01-01 00:00:00
C	4f64c71844824613aad4574a1be3aafc	94c525db86b4425fbac7b58a5718ba7f	2024-01-21 16:51:29	2024-01-21 16:45:03	2024-01-02 10:59:00	5f8cd3d7d07f4e76916a760d36c0523b	Checking Account		Transfer to Mortgage				c	-120324/100	-120324/100	2024-01-21 16:45:03
===== END
===== START
B	3796cbaff96f4e359b95189f88adb6a2	65540b97f12b4f8e83d23de57516721f	2024-01-21 16:52:01	2024-01-21 16:45:03	2024-01-10 10:59:00	5f8cd3d7d07f4e76916a760d36c0523b	Checking Account		Deposit - RAYTHEON COMPANY				c	242733/100	242733/100	2024-01-21 16:45:03
B	3796cbaff96f4e359b95189f88adb6a2	4f76a38b41af448da2f49c0ae99af6f9	2024-01-21 16:52:01	2024-01-21 16:45:03	2024-01-10 10:59:00	3323a52a32464e5db6926fdc8fbced8f	Imbalance-USD		Deposit - RAYTHEON COMPANY				n	-242733/100	-242733/100	1970-01-01 00:00:00
===== END
===== START
C	3796cbaff96f4e359b95189f88adb6a2	65540b97f12b4f8e83d23de57516721f	2024-01-21 16:52:01	2024-01-21 16:45:03	2024-01-10 10:59:00	5f8cd3d7d07f4e76916a760d36c0523b	Checking Account		Deposit - RAYTHEON COMPANY				c	242733/100	242733/100	2024-01-21 16:45:03
C	3796cbaff96f4e359b95189f88adb6a2	4f76a38b41af448da2f49c0ae99af6f9	2024-01-21 16:52:01	2024-01-21 16:45:03	2024-01-10 10:59:00	04c049366b5f48cbb21abe60a0b16637	Salary		Deposit - RAYTHEON COMPANY				n	-242733/100	-242733/100	1970-01-01 00:00:00
===== END
===== START
B	473d0710dd6740fc92a258425d94458b	c48ab2ee08d744a9a8c135914f323e27	2024-01-21 16:52:33	2024-01-21 16:45:04	2024-01-16 10:59:00	5f8cd3d7d07f4e76916a760d36c0523b	Checking Account		eDeposit-ScanMobile				c	20000/100	20000/100	2024-01-21 16:45:04
B	473d0710dd6740fc92a258425d94458b	e36ceecc76034f7fb71f04e2cf07a7b6	2024-01-21 16:52:33	2024-01-21 16:45:04	2024-01-16 10:59:00	3323a52a32464e5db6926fdc8fbced8f	Imbalance-USD		eDeposit-ScanMobile				n	-20000/100	-20000/100	1970-01-01 00:00:00
===== END
===== START
C	473d0710dd6740fc92a258425d94458b	c48ab2ee08d744a9a8c135914f323e27	2024-01-21 16:52:33	2024-01-21 16:45:04	2024-01-16 10:59:00	5f8cd3d7d07f4e76916a760d36c0523b	Checking Account		eDeposit-ScanMobile				c	20000/100	20000/100	2024-01-21 16:45:04
C	473d0710dd6740fc92a258425d94458b	e36ceecc76034f7fb71f04e2cf07a7b6	2024-01-21 16:52:33	2024-01-21 16:45:04	2024-01-16 10:59:00	3e45e66efe13410b94f9aaf1785992e8	Gifts Received		eDeposit-ScanMobile				n	-20000/100	-20000/100	1970-01-01 00:00:00
===== END
===== START
B	bdde9d3ff5224eb8845d0a219e599776	0f07a8dc07dd4dc0ac9edfe837585e5d	2024-01-21 16:52:37	2024-01-21 16:45:04	2024-01-16 10:59:00	5f8cd3d7d07f4e76916a760d36c0523b	Checking Account		eDeposit-ScanMobile				c	20000/100	20000/100	2024-01-21 16:45:04
B	bdde9d3ff5224eb8845d0a219e599776	09f6c55c454a46d195b74c8db287b37a	2024-01-21 16:52:37	2024-01-21 16:45:04	2024-01-16 10:59:00	3323a52a32464e5db6926fdc8fbced8f	Imbalance-USD		eDeposit-ScanMobile				n	-20000/100	-20000/100	1970-01-01 00:00:00
===== END
===== START
C	bdde9d3ff5224eb8845d0a219e599776	0f07a8dc07dd4dc0ac9edfe837585e5d	2024-01-21 16:52:37	2024-01-21 16:45:04	2024-01-16 10:59:00	5f8cd3d7d07f4e76916a760d36c0523b	Checking Account		eDeposit-ScanMobile				c	20000/100	20000/100	2024-01-21 16:45:04
C	bdde9d3ff5224eb8845d0a219e599776	09f6c55c454a46d195b74c8db287b37a	2024-01-21 16:52:37	2024-01-21 16:45:04	2024-01-16 10:59:00	3e45e66efe13410b94f9aaf1785992e8	Gifts Received		eDeposit-ScanMobile				n	-20000/100	-20000/100	1970-01-01 00:00:00
===== END
===== START
B	d62f1d56d5a14613b5e937631af7343f	f31444ca57f142f4bb88cf607080d322	2024-01-21 16:53:15	2024-01-21 16:45:04	2024-01-17 10:59:00	3323a52a32464e5db6926fdc8fbced8f	Imbalance-USD		POS Debit - Visa Check Card 4551 - PLAZA LIQUORS LLC TUCSON				n	1371/100	1371/100	1970-01-01 00:00:00
B	d62f1d56d5a14613b5e937631af7343f	1d049e68c72b4490b41bf4fc0588840a	2024-01-21 16:53:15	2024-01-21 16:45:04	2024-01-17 10:59:00	5f8cd3d7d07f4e76916a760d36c0523b	Checking Account		POS Debit - Visa Check Card 4551 - PLAZA LIQUORS LLC TUCSON				c	-1371/100	-1371/100	2024-01-21 16:45:04
===== END
===== START
C	d62f1d56d5a14613b5e937631af7343f	f31444ca57f142f4bb88cf607080d322	2024-01-21 16:53:15	2024-01-21 16:45:04	2024-01-17 10:59:00	a996b30c3e714c1483ec007f2699fc71	Groceries		POS Debit - Visa Check Card 4551 - PLAZA LIQUORS LLC TUCSON				n	1371/100	1371/100	1970-01-01 00:00:00
C	d62f1d56d5a14613b5e937631af7343f	1d049e68c72b4490b41bf4fc0588840a	2024-01-21 16:53:15	2024-01-21 16:45:04	2024-01-17 10:59:00	5f8cd3d7d07f4e76916a760d36c0523b	Checking Account		POS Debit - Visa Check Card 4551 - PLAZA LIQUORS LLC TUCSON				c	-1371/100	-1371/100	2024-01-21 16:45:04
===== END
===== START
B	fdb4126ed35d41ef826a4f25ddc3b52f	7f29d3f139194719b7a8bc9993a01062	2024-01-21 16:53:25	2024-01-21 16:45:03	2024-01-03 10:59:00	3323a52a32464e5db6926fdc8fbced8f	Imbalance-USD		ACH Transaction - USAA FSB ICPAYMENT 0031407426				n	40957/100	40957/100	1970-01-01 00:00:00
B	fdb4126ed35d41ef826a4f25ddc3b52f	a4df7589501043d897750b0193f0aa3d	2024-01-21 16:53:25	2024-01-21 16:45:03	2024-01-03 10:59:00	5f8cd3d7d07f4e76916a760d36c0523b	Checking Account		ACH Transaction - USAA FSB ICPAYMENT 0031407426				c	-40957/100	-40957/100	2024-01-21 16:45:03
===== END
===== START
C	fdb4126ed35d41ef826a4f25ddc3b52f	7f29d3f139194719b7a8bc9993a01062	2024-01-21 16:53:25	2024-01-21 16:45:03	2024-01-03 10:59:00	afe29b9815264ab1bdb84bb218ad1d54	Auto Insurance		ACH Transaction - USAA FSB ICPAYMENT 0031407426				n	40957/100	40957/100	1970-01-01 00:00:00
C	fdb4126ed35d41ef826a4f25ddc3b52f	a4df7589501043d897750b0193f0aa3d	2024-01-21 16:53:25	2024-01-21 16:45:03	2024-01-03 10:59:00	5f8cd3d7d07f4e76916a760d36c0523b	Checking Account		ACH Transaction - USAA FSB ICPAYMENT 0031407426				c	-40957/100	-40957/100	2024-01-21 16:45:03
===== END
===== START
B	cdbd897327b34e499a2c4957c3099850	526479adc2c4484fbf933959957eaeb6	2024-01-21 16:53:35	2024-01-21 16:45:03	2024-01-03 10:59:00	3323a52a32464e5db6926fdc8fbced8f	Imbalance-USD		ACH Transaction - USAA P C AUTOPAY 0002100002				n	18969/100	18969/100	1970-01-01 00:00:00
B	cdbd897327b34e499a2c4957c3099850	1b30baa32df74ae482aaf3f88080c632	2024-01-21 16:53:35	2024-01-21 16:45:03	2024-01-03 10:59:00	5f8cd3d7d07f4e76916a760d36c0523b	Checking Account		ACH Transaction - USAA P C AUTOPAY 0002100002				c	-18969/100	-18969/100	2024-01-21 16:45:03
===== END
===== START
C	cdbd897327b34e499a2c4957c3099850	526479adc2c4484fbf933959957eaeb6	2024-01-21 16:53:35	2024-01-21 16:45:03	2024-01-03 10:59:00	afe29b9815264ab1bdb84bb218ad1d54	Auto Insurance		ACH Transaction - USAA P C AUTOPAY 0002100002				n	18969/100	18969/100	1970-01-01 00:00:00
C	cdbd897327b34e499a2c4957c3099850	1b30baa32df74ae482aaf3f88080c632	2024-01-21 16:53:35	2024-01-21 16:45:03	2024-01-03 10:59:00	5f8cd3d7d07f4e76916a760d36c0523b	Checking Account		ACH Transaction - USAA P C AUTOPAY 0002100002				c	-18969/100	-18969/100	2024-01-21 16:45:03
===== END
===== START
B	3fdea95e934c4862992b5efeb53bdce7	253e2cd761144d228685d76e491b02cd	2024-01-21 16:53:56	2024-01-21 16:45:03	2024-01-05 10:59:00	3323a52a32464e5db6926fdc8fbced8f	Imbalance-USD		ACH Transaction - COX COMM PHX BANK DRAFT 0009100001				n	11512/100	11512/100	1970-01-01 00:00:00
B	3fdea95e934c4862992b5efeb53bdce7	294a55c473b24d428ca143ce66eed4c6	2024-01-21 16:53:56	2024-01-21 16:45:03	2024-01-05 10:59:00	5f8cd3d7d07f4e76916a760d36c0523b	Checking Account		ACH Transaction - COX COMM PHX BANK DRAFT 0009100001				c	-11512/100	-11512/100	2024-01-21 16:45:03
===== END
===== START
C	3fdea95e934c4862992b5efeb53bdce7	253e2cd761144d228685d76e491b02cd	2024-01-21 16:53:56	2024-01-21 16:45:03	2024-01-05 10:59:00	890aae79ca274eb9a74c85e15d6a82ae	Online Services		ACH Transaction - COX COMM PHX BANK DRAFT 0009100001				n	11512/100	11512/100	1970-01-01 00:00:00
C	3fdea95e934c4862992b5efeb53bdce7	294a55c473b24d428ca143ce66eed4c6	2024-01-21 16:53:56	2024-01-21 16:45:03	2024-01-05 10:59:00	5f8cd3d7d07f4e76916a760d36c0523b	Checking Account		ACH Transaction - COX COMM PHX BANK DRAFT 0009100001				c	-11512/100	-11512/100	2024-01-21 16:45:03
===== END
===== START
B	6b1ed22470ee48a9a5d127a827f48e0d	e3f8e6b17ce2421e826b18125a89e460	2024-01-21 16:54:00	2024-01-21 16:45:03	2024-01-16 10:59:00	5f8cd3d7d07f4e76916a760d36c0523b	Checking Account		Deposit - B6481 BASIS EDUC				c	138064/100	138064/100	2024-01-21 16:45:03
B	6b1ed22470ee48a9a5d127a827f48e0d	16f52c3b2b624b8faf4af4f9dfb5c074	2024-01-21 16:54:00	2024-01-21 16:45:03	2024-01-16 10:59:00	3323a52a32464e5db6926fdc8fbced8f	Imbalance-USD		Deposit - B6481 BASIS EDUC				n	-138064/100	-138064/100	1970-01-01 00:00:00
===== END
===== START
C	6b1ed22470ee48a9a5d127a827f48e0d	e3f8e6b17ce2421e826b18125a89e460	2024-01-21 16:54:00	2024-01-21 16:45:03	2024-01-16 10:59:00	5f8cd3d7d07f4e76916a760d36c0523b	Checking Account		Deposit - B6481 BASIS EDUC				c	138064/100	138064/100	2024-01-21 16:45:03
C	6b1ed22470ee48a9a5d127a827f48e0d	16f52c3b2b624b8faf4af4f9dfb5c074	2024-01-21 16:54:00	2024-01-21 16:45:03	2024-01-16 10:59:00	fdc7f1bbcc004a4c96981c63fc1d9e7c	Salary (Spouse)		Deposit - B6481 BASIS EDUC				n	-138064/100	-138064/100	1970-01-01 00:00:00
===== END
