mod	trans_guid	split_guid	time_now	date_entered	date_posted	acc_guid	acc_name	num	description	notes	memo	action	reconciled	amount	value	date_reconciled
-----------------
===== START
===== END
===== START
===== END
===== START
===== END
===== START
===== END
===== START
===== END
===== START
===== END
===== START
===== END
===== START
===== END
===== START
===== END
===== START
===== END
===== START
===== END
===== START
===== END
===== START
===== END
===== START
===== END
===== START
===== END
===== START
===== END
===== START
===== END
===== START
===== END
===== START
===== END
===== START
===== END
===== START
B	89bb763147b94fdbbf145d93245e6a6b	9975b829db44493f8ea98875a0d4c184	2024-02-07 03:01:30	2024-01-21 16:45:03	2024-01-16 10:59:00	5f8cd3d7d07f4e76916a760d36c0523b	Checking Account		eDeposit-ScanMobile				c	597644/100	597644/100	2024-01-21 16:45:03
B	89bb763147b94fdbbf145d93245e6a6b	d7b42e4791f84292a148a22336223fbf	2024-02-07 03:01:30	2024-01-21 16:45:03	2024-01-16 10:59:00	a1a11adb497d4b5b846f5cce987a7dfa	Other Income		eDeposit-ScanMobile		Total loss check recived from insurance		n	-597644/100	-597644/100	1970-01-01 00:00:00
===== END
===== START
C	89bb763147b94fdbbf145d93245e6a6b	9975b829db44493f8ea98875a0d4c184	2024-02-07 03:01:30	2024-01-21 16:45:03	2024-01-16 10:59:00	5f8cd3d7d07f4e76916a760d36c0523b	Checking Account		eDeposit-ScanMobile				c	597644/100	597644/100	2024-02-07 03:01:30
C	89bb763147b94fdbbf145d93245e6a6b	d7b42e4791f84292a148a22336223fbf	2024-02-07 03:01:30	2024-01-21 16:45:03	2024-01-16 10:59:00	a1a11adb497d4b5b846f5cce987a7dfa	Other Income		eDeposit-ScanMobile		Total loss check recived from insurance		n	-597644/100	-597644/100	1970-01-01 00:00:00
===== END
===== START
D	fec6afb113234f86b68a12e692b73a4c	0fec0d76289c4bd9a33263465f55074a	2024-02-07 03:01:30	2024-02-07 03:01:30	2024-01-16 10:59:00	5f8cd3d7d07f4e76916a760d36c0523b	Checking Account		eDeposit-ScanMobile				n	597644/100	597644/100	1970-01-01 00:00:00
===== END
===== START
B	6b1ed22470ee48a9a5d127a827f48e0d	e3f8e6b17ce2421e826b18125a89e460	2024-02-07 03:01:30	2024-01-21 16:45:03	2024-01-16 10:59:00	5f8cd3d7d07f4e76916a760d36c0523b	Checking Account		Deposit - B6481 BASIS EDUC				c	138064/100	138064/100	2024-01-21 16:45:03
B	6b1ed22470ee48a9a5d127a827f48e0d	16f52c3b2b624b8faf4af4f9dfb5c074	2024-02-07 03:01:30	2024-01-21 16:45:03	2024-01-16 10:59:00	fdc7f1bbcc004a4c96981c63fc1d9e7c	Salary (Spouse)		Deposit - B6481 BASIS EDUC				n	-138064/100	-138064/100	1970-01-01 00:00:00
===== END
===== START
C	6b1ed22470ee48a9a5d127a827f48e0d	e3f8e6b17ce2421e826b18125a89e460	2024-02-07 03:01:30	2024-01-21 16:45:03	2024-01-16 10:59:00	5f8cd3d7d07f4e76916a760d36c0523b	Checking Account		Deposit - B6481 BASIS EDUC				c	138064/100	138064/100	2024-02-07 03:01:30
C	6b1ed22470ee48a9a5d127a827f48e0d	16f52c3b2b624b8faf4af4f9dfb5c074	2024-02-07 03:01:30	2024-01-21 16:45:03	2024-01-16 10:59:00	fdc7f1bbcc004a4c96981c63fc1d9e7c	Salary (Spouse)		Deposit - B6481 BASIS EDUC				n	-138064/100	-138064/100	1970-01-01 00:00:00
===== END
===== START
D	a6a11592fed24d4c9ade406949462b9b	dad1d4f0b1d1421b91fb2aa17fd7a52d	2024-02-07 03:01:30	2024-02-07 03:01:30	2024-01-16 10:59:00	5f8cd3d7d07f4e76916a760d36c0523b	Checking Account		Deposit - B6481 BASIS EDUC				n	138064/100	138064/100	1970-01-01 00:00:00
===== END
===== START
B	473d0710dd6740fc92a258425d94458b	c48ab2ee08d744a9a8c135914f323e27	2024-02-07 03:01:30	2024-01-21 16:45:04	2024-01-16 10:59:00	5f8cd3d7d07f4e76916a760d36c0523b	Checking Account		eDeposit-ScanMobile				c	20000/100	20000/100	2024-01-21 16:45:04
B	473d0710dd6740fc92a258425d94458b	e36ceecc76034f7fb71f04e2cf07a7b6	2024-02-07 03:01:30	2024-01-21 16:45:04	2024-01-16 10:59:00	3e45e66efe13410b94f9aaf1785992e8	Gifts Received		eDeposit-ScanMobile				n	-20000/100	-20000/100	1970-01-01 00:00:00
===== END
===== START
C	473d0710dd6740fc92a258425d94458b	c48ab2ee08d744a9a8c135914f323e27	2024-02-07 03:01:30	2024-01-21 16:45:04	2024-01-16 10:59:00	5f8cd3d7d07f4e76916a760d36c0523b	Checking Account		eDeposit-ScanMobile				c	20000/100	20000/100	2024-02-07 03:01:30
C	473d0710dd6740fc92a258425d94458b	e36ceecc76034f7fb71f04e2cf07a7b6	2024-02-07 03:01:30	2024-01-21 16:45:04	2024-01-16 10:59:00	3e45e66efe13410b94f9aaf1785992e8	Gifts Received		eDeposit-ScanMobile				n	-20000/100	-20000/100	1970-01-01 00:00:00
===== END
===== START
D	2e356acd040f40578fbc6478a813064c	c9d32c344c9f4cda947ed85c94afb628	2024-02-07 03:01:30	2024-02-07 03:01:30	2024-01-16 10:59:00	5f8cd3d7d07f4e76916a760d36c0523b	Checking Account		eDeposit-ScanMobile				n	20000/100	20000/100	1970-01-01 00:00:00
===== END
===== START
B	bdde9d3ff5224eb8845d0a219e599776	0f07a8dc07dd4dc0ac9edfe837585e5d	2024-02-07 03:01:30	2024-01-21 16:45:04	2024-01-16 10:59:00	5f8cd3d7d07f4e76916a760d36c0523b	Checking Account		eDeposit-ScanMobile				c	20000/100	20000/100	2024-01-21 16:45:04
B	bdde9d3ff5224eb8845d0a219e599776	09f6c55c454a46d195b74c8db287b37a	2024-02-07 03:01:30	2024-01-21 16:45:04	2024-01-16 10:59:00	3e45e66efe13410b94f9aaf1785992e8	Gifts Received		eDeposit-ScanMobile				n	-20000/100	-20000/100	1970-01-01 00:00:00
===== END
===== START
C	bdde9d3ff5224eb8845d0a219e599776	0f07a8dc07dd4dc0ac9edfe837585e5d	2024-02-07 03:01:30	2024-01-21 16:45:04	2024-01-16 10:59:00	5f8cd3d7d07f4e76916a760d36c0523b	Checking Account		eDeposit-ScanMobile				c	20000/100	20000/100	2024-02-07 03:01:30
C	bdde9d3ff5224eb8845d0a219e599776	09f6c55c454a46d195b74c8db287b37a	2024-02-07 03:01:30	2024-01-21 16:45:04	2024-01-16 10:59:00	3e45e66efe13410b94f9aaf1785992e8	Gifts Received		eDeposit-ScanMobile				n	-20000/100	-20000/100	1970-01-01 00:00:00
===== END
===== START
D	e82269f5fcfd41949819b6bbc0b84bed	37b97656a2da45d59fa3584e147a7626	2024-02-07 03:01:30	2024-02-07 03:01:30	2024-01-16 10:59:00	5f8cd3d7d07f4e76916a760d36c0523b	Checking Account		eDeposit-ScanMobile				n	20000/100	20000/100	1970-01-01 00:00:00
===== END
===== START
B	d62f1d56d5a14613b5e937631af7343f	f31444ca57f142f4bb88cf607080d322	2024-02-07 03:01:30	2024-01-21 16:45:04	2024-01-17 10:59:00	a996b30c3e714c1483ec007f2699fc71	Groceries		POS Debit - Visa Check Card 4551 - PLAZA LIQUORS LLC TUCSON				n	1371/100	1371/100	1970-01-01 00:00:00
B	d62f1d56d5a14613b5e937631af7343f	1d049e68c72b4490b41bf4fc0588840a	2024-02-07 03:01:30	2024-01-21 16:45:04	2024-01-17 10:59:00	5f8cd3d7d07f4e76916a760d36c0523b	Checking Account		POS Debit - Visa Check Card 4551 - PLAZA LIQUORS LLC TUCSON				c	-1371/100	-1371/100	2024-01-21 16:45:04
===== END
===== START
C	d62f1d56d5a14613b5e937631af7343f	f31444ca57f142f4bb88cf607080d322	2024-02-07 03:01:30	2024-01-21 16:45:04	2024-01-17 10:59:00	a996b30c3e714c1483ec007f2699fc71	Groceries		POS Debit - Visa Check Card 4551 - PLAZA LIQUORS LLC TUCSON				n	1371/100	1371/100	1970-01-01 00:00:00
C	d62f1d56d5a14613b5e937631af7343f	1d049e68c72b4490b41bf4fc0588840a	2024-02-07 03:01:30	2024-01-21 16:45:04	2024-01-17 10:59:00	5f8cd3d7d07f4e76916a760d36c0523b	Checking Account		POS Debit - Visa Check Card 4551 - PLAZA LIQUORS LLC TUCSON				c	-1371/100	-1371/100	2024-02-07 03:01:30
===== END
===== START
D	38f213d1ddd64556bc5911fdb507cba6	8ab5ee9f536c4e279fe4fc2297c1575c	2024-02-07 03:01:30	2024-02-07 03:01:30	2024-01-17 10:59:00	5f8cd3d7d07f4e76916a760d36c0523b	Checking Account		POS Debit - Visa Check Card 4551 - PLAZA LIQUORS LLC TUCSON				n	-1371/100	-1371/100	1970-01-01 00:00:00
===== END
===== START
C	de3047236d4e434f8b0f01848eca3379	52ea9e38ec0540d6af22d4bbb58eca44	2024-02-07 03:01:30	2024-02-07 03:01:30	2024-01-22 10:59:00	5f8cd3d7d07f4e76916a760d36c0523b	Checking Account		Transfer from Shares				c	196151/100	196151/100	2024-02-07 03:01:30
C	de3047236d4e434f8b0f01848eca3379	9ea509c1de8046e3b566a0de21a4969c	2024-02-07 03:01:30	2024-02-07 03:01:30	2024-01-22 10:59:00	3323a52a32464e5db6926fdc8fbced8f	Imbalance-USD		Transfer from Shares				n	-196151/100	-196151/100	1970-01-01 00:00:00
===== END
===== START
C	bbe01287fca743d1a81bce1590523716	e289f88be732424283c9bc8d9b012f09	2024-02-07 03:01:31	2024-02-07 03:01:30	2024-01-22 10:59:00	5f8cd3d7d07f4e76916a760d36c0523b	Checking Account		Transfer from Savings				c	6290/100	6290/100	2024-02-07 03:01:30
C	bbe01287fca743d1a81bce1590523716	621a3e93c8d14c60b7d99e85b6990b3e	2024-02-07 03:01:31	2024-02-07 03:01:30	2024-01-22 10:59:00	3323a52a32464e5db6926fdc8fbced8f	Imbalance-USD		Transfer from Savings				n	-6290/100	-6290/100	1970-01-01 00:00:00
===== END
===== START
C	3bb77f2e08e34fce9b3876ed2609abec	169b68e31d514363baaef62d423e498c	2024-02-07 03:01:31	2024-02-07 03:01:31	2024-01-22 10:59:00	5f8cd3d7d07f4e76916a760d36c0523b	Checking Account		eDeposit-ScanMobile				c	387699/100	387699/100	2024-02-07 03:01:31
C	3bb77f2e08e34fce9b3876ed2609abec	2a856c220da24cd89849455fa10ebc95	2024-02-07 03:01:31	2024-02-07 03:01:31	2024-01-22 10:59:00	3323a52a32464e5db6926fdc8fbced8f	Imbalance-USD		eDeposit-ScanMobile				n	-387699/100	-387699/100	1970-01-01 00:00:00
===== END
===== START
C	b44035759b0044cf940119184c7b0dbb	af305433f2034fdab23582d1e7b556c4	2024-02-07 03:01:31	2024-02-07 03:01:31	2024-01-24 10:59:00	5f8cd3d7d07f4e76916a760d36c0523b	Checking Account		Deposit - RAYTHEON COMPANY				c	242733/100	242733/100	2024-02-07 03:01:31
C	b44035759b0044cf940119184c7b0dbb	6c136881d14d4eb09cb62ddd49f3a733	2024-02-07 03:01:31	2024-02-07 03:01:31	2024-01-24 10:59:00	3323a52a32464e5db6926fdc8fbced8f	Imbalance-USD		Deposit - RAYTHEON COMPANY				n	-242733/100	-242733/100	1970-01-01 00:00:00
===== END
===== START
C	804f7778fadc4b92a43ff90646b3bdba	d243f68333a3482daf32a1eff463b321	2024-02-07 03:01:31	2024-02-07 03:01:31	2024-01-25 10:59:00	5f8cd3d7d07f4e76916a760d36c0523b	Checking Account		ACH Transaction - SERVICE FINANCE PAYMENTS 0004200001				c	-120000/100	-120000/100	2024-02-07 03:01:31
C	804f7778fadc4b92a43ff90646b3bdba	6e20ac15e964485892a466d24acc96e5	2024-02-07 03:01:31	2024-02-07 03:01:31	2024-01-25 10:59:00	3323a52a32464e5db6926fdc8fbced8f	Imbalance-USD		ACH Transaction - SERVICE FINANCE PAYMENTS 0004200001				n	120000/100	120000/100	1970-01-01 00:00:00
===== END
===== START
C	e7e41e1d79f44e0290b26d415022ab8e	6104cff1c07a4e32ad6c3e9aa25c8a98	2024-02-07 03:01:31	2024-02-07 03:01:31	2024-01-31 10:59:00	5f8cd3d7d07f4e76916a760d36c0523b	Checking Account		Dividend				c	42/100	42/100	2024-02-07 03:01:31
C	e7e41e1d79f44e0290b26d415022ab8e	2aa77a5b5cb148cf8dc8564141898475	2024-02-07 03:01:31	2024-02-07 03:01:31	2024-01-31 10:59:00	3323a52a32464e5db6926fdc8fbced8f	Imbalance-USD		Dividend				n	-42/100	-42/100	1970-01-01 00:00:00
===== END
===== START
C	950458addf754bfa9c11013975bfa121	b4e6860ae26c4e4d9bc68c3a2449b205	2024-02-07 03:01:31	2024-02-07 03:01:31	2024-01-31 10:59:00	5f8cd3d7d07f4e76916a760d36c0523b	Checking Account		Deposit - B6481 BASIS EDUC				c	138064/100	138064/100	2024-02-07 03:01:31
C	950458addf754bfa9c11013975bfa121	1e9dd6629288460ebafe00ea0b6bec62	2024-02-07 03:01:31	2024-02-07 03:01:31	2024-01-31 10:59:00	3323a52a32464e5db6926fdc8fbced8f	Imbalance-USD		Deposit - B6481 BASIS EDUC				n	-138064/100	-138064/100	1970-01-01 00:00:00
===== END
===== START
C	fb326a0c12df48119a014e3a6ce3d7ac	7f156e8a40b74a2aa66db5616f7f729f	2024-02-07 03:01:31	2024-02-07 03:01:31	2024-02-01 10:59:00	5f8cd3d7d07f4e76916a760d36c0523b	Checking Account		ACH Transaction - USAA FSB ICPAYMENT 0031407426				c	-40957/100	-40957/100	2024-02-07 03:01:31
C	fb326a0c12df48119a014e3a6ce3d7ac	19cf6dd2c3bb4d409554b020d75c158a	2024-02-07 03:01:31	2024-02-07 03:01:31	2024-02-01 10:59:00	3323a52a32464e5db6926fdc8fbced8f	Imbalance-USD		ACH Transaction - USAA FSB ICPAYMENT 0031407426				n	40957/100	40957/100	1970-01-01 00:00:00
===== END
===== START
B	4301c870f0464800973a0cabdd487b31	dfc5f0f9034b4f2fbad8ac14e5177c30	2024-02-07 03:01:31	2024-02-04 20:43:15	2024-02-01 10:59:00	48c0a9bb8af04622bbb5c2e2aac3f735	Navy Rewards Card		PAYMENT RECEIVED				c	572190/100	572190/100	2024-02-04 20:43:15
B	4301c870f0464800973a0cabdd487b31	edc61374f0e345ac85fa370ab3f0b4b8	2024-02-07 03:01:31	2024-02-04 20:43:15	2024-02-01 10:59:00	5f8cd3d7d07f4e76916a760d36c0523b	Checking Account		PAYMENT RECEIVED				n	-572190/100	-572190/100	1970-01-01 00:00:00
===== END
===== START
C	4301c870f0464800973a0cabdd487b31	dfc5f0f9034b4f2fbad8ac14e5177c30	2024-02-07 03:01:31	2024-02-04 20:43:15	2024-02-01 10:59:00	48c0a9bb8af04622bbb5c2e2aac3f735	Navy Rewards Card		PAYMENT RECEIVED				c	572190/100	572190/100	2024-02-04 20:43:15
C	4301c870f0464800973a0cabdd487b31	edc61374f0e345ac85fa370ab3f0b4b8	2024-02-07 03:01:31	2024-02-04 20:43:15	2024-02-01 10:59:00	5f8cd3d7d07f4e76916a760d36c0523b	Checking Account		PAYMENT RECEIVED				c	-572190/100	-572190/100	2024-02-07 03:01:31
===== END
===== START
D	de60b4d12a774917a245f7a6663fffa2	4620daad353b4b828672c8e4940ca47b	2024-02-07 03:01:31	2024-02-07 03:01:31	2024-02-01 10:59:00	5f8cd3d7d07f4e76916a760d36c0523b	Checking Account		Transfer to Credit Card				n	-572190/100	-572190/100	1970-01-01 00:00:00
===== END
===== START
C	7894e1072c2e47dcaa4015ec67cd8259	641ce893efa1423c94bb40d1bfb9f225	2024-02-07 03:01:31	2024-02-07 03:01:31	2024-02-01 10:59:00	5f8cd3d7d07f4e76916a760d36c0523b	Checking Account		Transfer to Mortgage				c	-120324/100	-120324/100	2024-02-07 03:01:31
C	7894e1072c2e47dcaa4015ec67cd8259	f6e8d2a813c24791952c0daaf5ee1d55	2024-02-07 03:01:31	2024-02-07 03:01:31	2024-02-01 10:59:00	3323a52a32464e5db6926fdc8fbced8f	Imbalance-USD		Transfer to Mortgage				n	120324/100	120324/100	1970-01-01 00:00:00
===== END
===== START
C	783f963b8bc4402fa4bacbadc00878b2	f045fe4b3d51427c9e6f90bd94910b1b	2024-02-07 03:01:31	2024-02-07 03:01:31	2024-02-01 10:59:00	5f8cd3d7d07f4e76916a760d36c0523b	Checking Account		Transfer to Credit Card				c	-5369/100	-5369/100	2024-02-07 03:01:31
C	783f963b8bc4402fa4bacbadc00878b2	861f7b41ebd64fc8a288ace73c76d477	2024-02-07 03:01:31	2024-02-07 03:01:31	2024-02-01 10:59:00	3323a52a32464e5db6926fdc8fbced8f	Imbalance-USD		Transfer to Credit Card				n	5369/100	5369/100	1970-01-01 00:00:00
===== END
===== START
C	47316605bdb14fb9839370482880a546	2aaba5cbbab448a1ad04052980b60b46	2024-02-07 03:01:31	2024-02-07 03:01:31	2024-02-02 10:59:00	5f8cd3d7d07f4e76916a760d36c0523b	Checking Account		ACH Transaction - USAA P C AUTOPAY 0002100002				c	-19933/100	-19933/100	2024-02-07 03:01:31
C	47316605bdb14fb9839370482880a546	249b581ab2324161a5dceede313fe510	2024-02-07 03:01:31	2024-02-07 03:01:31	2024-02-02 10:59:00	3323a52a32464e5db6926fdc8fbced8f	Imbalance-USD		ACH Transaction - USAA P C AUTOPAY 0002100002				n	19933/100	19933/100	1970-01-01 00:00:00
===== END
===== START
C	a709db5a4e044f6bb4710e489e8deccf	637198549cf942588f79f387ece536e5	2024-02-07 03:01:31	2024-02-07 03:01:31	2024-02-05 10:59:00	5f8cd3d7d07f4e76916a760d36c0523b	Checking Account		eDeposit-ScanMobile				c	60000/100	60000/100	2024-02-07 03:01:31
C	a709db5a4e044f6bb4710e489e8deccf	07d654b8b10a466bb5dc22d7d80d04ec	2024-02-07 03:01:31	2024-02-07 03:01:31	2024-02-05 10:59:00	3323a52a32464e5db6926fdc8fbced8f	Imbalance-USD		eDeposit-ScanMobile				n	-60000/100	-60000/100	1970-01-01 00:00:00
===== END
===== START
C	d62552d2adfb4e28b2e043324c7c5f3a	09929c8b96864163a8fb646ff08a4af5	2024-02-07 03:01:31	2024-02-07 03:01:31	2024-02-05 10:59:00	5f8cd3d7d07f4e76916a760d36c0523b	Checking Account		ACH Transaction - COX COMM PHX BANK DRAFT 0009100001				c	-11622/100	-11622/100	2024-02-07 03:01:31
C	d62552d2adfb4e28b2e043324c7c5f3a	eb8983d55d1f4730a764d0c4f1467f18	2024-02-07 03:01:31	2024-02-07 03:01:31	2024-02-05 10:59:00	3323a52a32464e5db6926fdc8fbced8f	Imbalance-USD		ACH Transaction - COX COMM PHX BANK DRAFT 0009100001				n	11622/100	11622/100	1970-01-01 00:00:00
===== END
===== START
C	6e487610e34345cca50b3b3bbdfa1e04	543b082d83bb437d9b3944d59f540e4f	2024-02-07 03:01:31	2024-02-07 03:01:31	2024-02-05 10:59:00	5f8cd3d7d07f4e76916a760d36c0523b	Checking Account		ACH Transaction - TEP Corporate De SNAP PMT 0009100001				c	-25788/100	-25788/100	2024-02-07 03:01:31
C	6e487610e34345cca50b3b3bbdfa1e04	71bbe863f1f44bceae6593a8161e2ebf	2024-02-07 03:01:31	2024-02-07 03:01:31	2024-02-05 10:59:00	3323a52a32464e5db6926fdc8fbced8f	Imbalance-USD		ACH Transaction - TEP Corporate De SNAP PMT 0009100001				n	25788/100	25788/100	1970-01-01 00:00:00
===== END
===== START
===== END
===== START
B	b44035759b0044cf940119184c7b0dbb	af305433f2034fdab23582d1e7b556c4	2024-02-07 03:02:35	2024-02-07 03:01:31	2024-01-24 10:59:00	5f8cd3d7d07f4e76916a760d36c0523b	Checking Account		Deposit - RAYTHEON COMPANY				c	242733/100	242733/100	2024-02-07 03:01:31
B	b44035759b0044cf940119184c7b0dbb	6c136881d14d4eb09cb62ddd49f3a733	2024-02-07 03:02:35	2024-02-07 03:01:31	2024-01-24 10:59:00	3323a52a32464e5db6926fdc8fbced8f	Imbalance-USD		Deposit - RAYTHEON COMPANY				n	-242733/100	-242733/100	1970-01-01 00:00:00
===== END
===== START
C	b44035759b0044cf940119184c7b0dbb	af305433f2034fdab23582d1e7b556c4	2024-02-07 03:02:35	2024-02-07 03:01:31	2024-01-24 10:59:00	5f8cd3d7d07f4e76916a760d36c0523b	Checking Account		Deposit - RAYTHEON COMPANY				c	242733/100	242733/100	2024-02-07 03:01:31
C	b44035759b0044cf940119184c7b0dbb	6c136881d14d4eb09cb62ddd49f3a733	2024-02-07 03:02:35	2024-02-07 03:01:31	2024-01-24 10:59:00	04c049366b5f48cbb21abe60a0b16637	Salary		Deposit - RAYTHEON COMPANY				n	-242733/100	-242733/100	1970-01-01 00:00:00
===== END
===== START
B	804f7778fadc4b92a43ff90646b3bdba	6e20ac15e964485892a466d24acc96e5	2024-02-07 03:02:49	2024-02-07 03:01:31	2024-01-25 10:59:00	3323a52a32464e5db6926fdc8fbced8f	Imbalance-USD		ACH Transaction - SERVICE FINANCE PAYMENTS 0004200001				n	120000/100	120000/100	1970-01-01 00:00:00
B	804f7778fadc4b92a43ff90646b3bdba	d243f68333a3482daf32a1eff463b321	2024-02-07 03:02:49	2024-02-07 03:01:31	2024-01-25 10:59:00	5f8cd3d7d07f4e76916a760d36c0523b	Checking Account		ACH Transaction - SERVICE FINANCE PAYMENTS 0004200001				c	-120000/100	-120000/100	2024-02-07 03:01:31
===== END
===== START
C	804f7778fadc4b92a43ff90646b3bdba	6e20ac15e964485892a466d24acc96e5	2024-02-07 03:02:49	2024-02-07 03:01:31	2024-01-25 10:59:00	e96006f03af946419f174c26ada68cf6	Home Repair		ACH Transaction - SERVICE FINANCE PAYMENTS 0004200001				n	120000/100	120000/100	1970-01-01 00:00:00
C	804f7778fadc4b92a43ff90646b3bdba	d243f68333a3482daf32a1eff463b321	2024-02-07 03:02:49	2024-02-07 03:01:31	2024-01-25 10:59:00	5f8cd3d7d07f4e76916a760d36c0523b	Checking Account		ACH Transaction - SERVICE FINANCE PAYMENTS 0004200001				c	-120000/100	-120000/100	2024-02-07 03:01:31
===== END
===== START
B	950458addf754bfa9c11013975bfa121	b4e6860ae26c4e4d9bc68c3a2449b205	2024-02-07 03:03:08	2024-02-07 03:01:31	2024-01-31 10:59:00	5f8cd3d7d07f4e76916a760d36c0523b	Checking Account		Deposit - B6481 BASIS EDUC				c	138064/100	138064/100	2024-02-07 03:01:31
B	950458addf754bfa9c11013975bfa121	1e9dd6629288460ebafe00ea0b6bec62	2024-02-07 03:03:08	2024-02-07 03:01:31	2024-01-31 10:59:00	3323a52a32464e5db6926fdc8fbced8f	Imbalance-USD		Deposit - B6481 BASIS EDUC				n	-138064/100	-138064/100	1970-01-01 00:00:00
===== END
===== START
C	950458addf754bfa9c11013975bfa121	b4e6860ae26c4e4d9bc68c3a2449b205	2024-02-07 03:03:08	2024-02-07 03:01:31	2024-01-31 10:59:00	5f8cd3d7d07f4e76916a760d36c0523b	Checking Account		Deposit - B6481 BASIS EDUC				c	138064/100	138064/100	2024-02-07 03:01:31
C	950458addf754bfa9c11013975bfa121	1e9dd6629288460ebafe00ea0b6bec62	2024-02-07 03:03:08	2024-02-07 03:01:31	2024-01-31 10:59:00	fdc7f1bbcc004a4c96981c63fc1d9e7c	Salary (Spouse)		Deposit - B6481 BASIS EDUC				n	-138064/100	-138064/100	1970-01-01 00:00:00
===== END
===== START
B	fb326a0c12df48119a014e3a6ce3d7ac	19cf6dd2c3bb4d409554b020d75c158a	2024-02-07 03:03:27	2024-02-07 03:01:31	2024-02-01 10:59:00	3323a52a32464e5db6926fdc8fbced8f	Imbalance-USD		ACH Transaction - USAA FSB ICPAYMENT 0031407426				n	40957/100	40957/100	1970-01-01 00:00:00
B	fb326a0c12df48119a014e3a6ce3d7ac	7f156e8a40b74a2aa66db5616f7f729f	2024-02-07 03:03:27	2024-02-07 03:01:31	2024-02-01 10:59:00	5f8cd3d7d07f4e76916a760d36c0523b	Checking Account		ACH Transaction - USAA FSB ICPAYMENT 0031407426				c	-40957/100	-40957/100	2024-02-07 03:01:31
===== END
===== START
C	fb326a0c12df48119a014e3a6ce3d7ac	19cf6dd2c3bb4d409554b020d75c158a	2024-02-07 03:03:27	2024-02-07 03:01:31	2024-02-01 10:59:00	d21f7d0d27fd4d2eb27b2d994c3718b9	Car Payment		ACH Transaction - USAA FSB ICPAYMENT 0031407426				n	40957/100	40957/100	1970-01-01 00:00:00
C	fb326a0c12df48119a014e3a6ce3d7ac	7f156e8a40b74a2aa66db5616f7f729f	2024-02-07 03:03:27	2024-02-07 03:01:31	2024-02-01 10:59:00	5f8cd3d7d07f4e76916a760d36c0523b	Checking Account		ACH Transaction - USAA FSB ICPAYMENT 0031407426				c	-40957/100	-40957/100	2024-02-07 03:01:31
===== END
===== START
B	7894e1072c2e47dcaa4015ec67cd8259	f6e8d2a813c24791952c0daaf5ee1d55	2024-02-07 03:03:47	2024-02-07 03:01:31	2024-02-01 10:59:00	3323a52a32464e5db6926fdc8fbced8f	Imbalance-USD		Transfer to Mortgage				n	120324/100	120324/100	1970-01-01 00:00:00
B	7894e1072c2e47dcaa4015ec67cd8259	641ce893efa1423c94bb40d1bfb9f225	2024-02-07 03:03:47	2024-02-07 03:01:31	2024-02-01 10:59:00	5f8cd3d7d07f4e76916a760d36c0523b	Checking Account		Transfer to Mortgage				c	-120324/100	-120324/100	2024-02-07 03:01:31
===== END
===== START
C	7894e1072c2e47dcaa4015ec67cd8259	f6e8d2a813c24791952c0daaf5ee1d55	2024-02-07 03:03:47	2024-02-07 03:01:31	2024-02-01 10:59:00	7602e2e17a804b4193d324c2da3f52ad	Mortgage Loan		Transfer to Mortgage				n	120324/100	120324/100	1970-01-01 00:00:00
C	7894e1072c2e47dcaa4015ec67cd8259	641ce893efa1423c94bb40d1bfb9f225	2024-02-07 03:03:47	2024-02-07 03:01:31	2024-02-01 10:59:00	5f8cd3d7d07f4e76916a760d36c0523b	Checking Account		Transfer to Mortgage				c	-120324/100	-120324/100	2024-02-07 03:01:31
===== END
===== START
B	47316605bdb14fb9839370482880a546	249b581ab2324161a5dceede313fe510	2024-02-07 03:03:55	2024-02-07 03:01:31	2024-02-02 10:59:00	3323a52a32464e5db6926fdc8fbced8f	Imbalance-USD		ACH Transaction - USAA P C AUTOPAY 0002100002				n	19933/100	19933/100	1970-01-01 00:00:00
B	47316605bdb14fb9839370482880a546	2aaba5cbbab448a1ad04052980b60b46	2024-02-07 03:03:55	2024-02-07 03:01:31	2024-02-02 10:59:00	5f8cd3d7d07f4e76916a760d36c0523b	Checking Account		ACH Transaction - USAA P C AUTOPAY 0002100002				c	-19933/100	-19933/100	2024-02-07 03:01:31
===== END
===== START
C	47316605bdb14fb9839370482880a546	249b581ab2324161a5dceede313fe510	2024-02-07 03:03:55	2024-02-07 03:01:31	2024-02-02 10:59:00	afe29b9815264ab1bdb84bb218ad1d54	Auto Insurance		ACH Transaction - USAA P C AUTOPAY 0002100002				n	19933/100	19933/100	1970-01-01 00:00:00
C	47316605bdb14fb9839370482880a546	2aaba5cbbab448a1ad04052980b60b46	2024-02-07 03:03:55	2024-02-07 03:01:31	2024-02-02 10:59:00	5f8cd3d7d07f4e76916a760d36c0523b	Checking Account		ACH Transaction - USAA P C AUTOPAY 0002100002				c	-19933/100	-19933/100	2024-02-07 03:01:31
===== END
===== START
B	d62552d2adfb4e28b2e043324c7c5f3a	eb8983d55d1f4730a764d0c4f1467f18	2024-02-07 03:04:30	2024-02-07 03:01:31	2024-02-05 10:59:00	3323a52a32464e5db6926fdc8fbced8f	Imbalance-USD		ACH Transaction - COX COMM PHX BANK DRAFT 0009100001				n	11622/100	11622/100	1970-01-01 00:00:00
B	d62552d2adfb4e28b2e043324c7c5f3a	09929c8b96864163a8fb646ff08a4af5	2024-02-07 03:04:30	2024-02-07 03:01:31	2024-02-05 10:59:00	5f8cd3d7d07f4e76916a760d36c0523b	Checking Account		ACH Transaction - COX COMM PHX BANK DRAFT 0009100001				c	-11622/100	-11622/100	2024-02-07 03:01:31
===== END
===== START
C	d62552d2adfb4e28b2e043324c7c5f3a	eb8983d55d1f4730a764d0c4f1467f18	2024-02-07 03:04:30	2024-02-07 03:01:31	2024-02-05 10:59:00	5fb458e08b3f44cd8c8eb1926266338d	internet		ACH Transaction - COX COMM PHX BANK DRAFT 0009100001				n	11622/100	11622/100	1970-01-01 00:00:00
C	d62552d2adfb4e28b2e043324c7c5f3a	09929c8b96864163a8fb646ff08a4af5	2024-02-07 03:04:30	2024-02-07 03:01:31	2024-02-05 10:59:00	5f8cd3d7d07f4e76916a760d36c0523b	Checking Account		ACH Transaction - COX COMM PHX BANK DRAFT 0009100001				c	-11622/100	-11622/100	2024-02-07 03:01:31
===== END
===== START
B	6e487610e34345cca50b3b3bbdfa1e04	71bbe863f1f44bceae6593a8161e2ebf	2024-02-07 03:04:42	2024-02-07 03:01:31	2024-02-05 10:59:00	3323a52a32464e5db6926fdc8fbced8f	Imbalance-USD		ACH Transaction - TEP Corporate De SNAP PMT 0009100001				n	25788/100	25788/100	1970-01-01 00:00:00
B	6e487610e34345cca50b3b3bbdfa1e04	543b082d83bb437d9b3944d59f540e4f	2024-02-07 03:04:42	2024-02-07 03:01:31	2024-02-05 10:59:00	5f8cd3d7d07f4e76916a760d36c0523b	Checking Account		ACH Transaction - TEP Corporate De SNAP PMT 0009100001				c	-25788/100	-25788/100	2024-02-07 03:01:31
===== END
===== START
C	6e487610e34345cca50b3b3bbdfa1e04	71bbe863f1f44bceae6593a8161e2ebf	2024-02-07 03:04:42	2024-02-07 03:01:31	2024-02-05 10:59:00	02a2adb803174ca7979491311a508662	Electric		ACH Transaction - TEP Corporate De SNAP PMT 0009100001				n	25788/100	25788/100	1970-01-01 00:00:00
C	6e487610e34345cca50b3b3bbdfa1e04	543b082d83bb437d9b3944d59f540e4f	2024-02-07 03:04:42	2024-02-07 03:01:31	2024-02-05 10:59:00	5f8cd3d7d07f4e76916a760d36c0523b	Checking Account		ACH Transaction - TEP Corporate De SNAP PMT 0009100001				c	-25788/100	-25788/100	2024-02-07 03:01:31
===== END
===== START
B	a709db5a4e044f6bb4710e489e8deccf	637198549cf942588f79f387ece536e5	2024-02-07 03:05:01	2024-02-07 03:01:31	2024-02-05 10:59:00	5f8cd3d7d07f4e76916a760d36c0523b	Checking Account		eDeposit-ScanMobile				c	60000/100	60000/100	2024-02-07 03:01:31
B	a709db5a4e044f6bb4710e489e8deccf	07d654b8b10a466bb5dc22d7d80d04ec	2024-02-07 03:05:01	2024-02-07 03:01:31	2024-02-05 10:59:00	3323a52a32464e5db6926fdc8fbced8f	Imbalance-USD		eDeposit-ScanMobile				n	-60000/100	-60000/100	1970-01-01 00:00:00
===== END
===== START
C	a709db5a4e044f6bb4710e489e8deccf	637198549cf942588f79f387ece536e5	2024-02-07 03:05:01	2024-02-07 03:01:31	2024-02-05 10:59:00	5f8cd3d7d07f4e76916a760d36c0523b	Checking Account		eDeposit-ScanMobile				c	60000/100	60000/100	2024-02-07 03:01:31
C	a709db5a4e044f6bb4710e489e8deccf	07d654b8b10a466bb5dc22d7d80d04ec	2024-02-07 03:05:01	2024-02-07 03:01:31	2024-02-05 10:59:00	04c049366b5f48cbb21abe60a0b16637	Salary		eDeposit-ScanMobile				n	-60000/100	-60000/100	1970-01-01 00:00:00
===== END
===== START
B	e7e41e1d79f44e0290b26d415022ab8e	6104cff1c07a4e32ad6c3e9aa25c8a98	2024-02-07 03:05:15	2024-02-07 03:01:31	2024-01-31 10:59:00	5f8cd3d7d07f4e76916a760d36c0523b	Checking Account		Dividend				c	42/100	42/100	2024-02-07 03:01:31
B	e7e41e1d79f44e0290b26d415022ab8e	2aa77a5b5cb148cf8dc8564141898475	2024-02-07 03:05:15	2024-02-07 03:01:31	2024-01-31 10:59:00	3323a52a32464e5db6926fdc8fbced8f	Imbalance-USD		Dividend				n	-42/100	-42/100	1970-01-01 00:00:00
===== END
===== START
C	e7e41e1d79f44e0290b26d415022ab8e	6104cff1c07a4e32ad6c3e9aa25c8a98	2024-02-07 03:05:15	2024-02-07 03:01:31	2024-01-31 10:59:00	5f8cd3d7d07f4e76916a760d36c0523b	Checking Account		Dividend				c	42/100	42/100	2024-02-07 03:01:31
C	e7e41e1d79f44e0290b26d415022ab8e	2aa77a5b5cb148cf8dc8564141898475	2024-02-07 03:05:15	2024-02-07 03:01:31	2024-01-31 10:59:00	19cd0144a4154367b52e975f70af3df4	dividend		Dividend				n	-42/100	-42/100	1970-01-01 00:00:00
===== END
