mod	trans_guid	split_guid	time_now	date_entered	date_posted	acc_guid	acc_name	num	description	notes	memo	action	reconciled	amount	value	date_reconciled
-----------------
===== START
B	2057a9206ee24679a6585af743633f52	2277a88bd94f44899466ac91b5dc086e	2024-01-21 17:12:55	2024-01-21 17:09:53	2024-01-02 10:59:00	48c0a9bb8af04622bbb5c2e2aac3f735	Navy Rewards Card	4430	Speedway				c	4418/100	4418/100	2024-01-21 17:09:53
B	2057a9206ee24679a6585af743633f52	edc1a2d2ff764a28abfb2a6ac759cdab	2024-01-21 17:12:55	2024-01-21 17:09:53	2024-01-02 10:59:00	3323a52a32464e5db6926fdc8fbced8f	Imbalance-USD	4430	Speedway				n	-4418/100	-4418/100	1970-01-01 00:00:00
===== END
===== START
C	2057a9206ee24679a6585af743633f52	2277a88bd94f44899466ac91b5dc086e	2024-01-21 17:12:55	2024-01-21 17:09:53	2024-01-02 10:59:00	48c0a9bb8af04622bbb5c2e2aac3f735	Navy Rewards Card	4430	Speedway				c	4418/100	4418/100	2024-01-21 17:09:53
C	2057a9206ee24679a6585af743633f52	edc1a2d2ff764a28abfb2a6ac759cdab	2024-01-21 17:12:55	2024-01-21 17:09:53	2024-01-02 10:59:00	27481ce2defd46158db8ea43cba7ef12	Fuel	4430	Speedway				n	-4418/100	-4418/100	1970-01-01 00:00:00
===== END
===== START
B	ff00e8a39a8b498f8f8309710bdfbcba	91324ba601964baab4e3dddd7cf1e253	2024-01-21 17:13:10	2024-01-21 17:09:53	2024-01-02 10:59:00	48c0a9bb8af04622bbb5c2e2aac3f735	Navy Rewards Card	4430	Target				c	7916/100	7916/100	2024-01-21 17:09:53
B	ff00e8a39a8b498f8f8309710bdfbcba	246a4c88d0d6479a86043dd67476f67c	2024-01-21 17:13:10	2024-01-21 17:09:53	2024-01-02 10:59:00	3323a52a32464e5db6926fdc8fbced8f	Imbalance-USD	4430	Target				n	-7916/100	-7916/100	1970-01-01 00:00:00
===== END
===== START
C	ff00e8a39a8b498f8f8309710bdfbcba	91324ba601964baab4e3dddd7cf1e253	2024-01-21 17:13:10	2024-01-21 17:09:53	2024-01-02 10:59:00	48c0a9bb8af04622bbb5c2e2aac3f735	Navy Rewards Card	4430	Target				c	7916/100	7916/100	2024-01-21 17:09:53
C	ff00e8a39a8b498f8f8309710bdfbcba	246a4c88d0d6479a86043dd67476f67c	2024-01-21 17:13:10	2024-01-21 17:09:53	2024-01-02 10:59:00	a996b30c3e714c1483ec007f2699fc71	Groceries	4430	Target				n	-7916/100	-7916/100	1970-01-01 00:00:00
===== END
===== START
B	161f348200434c80ba9e9e6224836718	9ee8138291794a4596c68d6aaedd381f	2024-01-21 17:13:21	2024-01-21 17:09:53	2024-01-02 10:59:00	48c0a9bb8af04622bbb5c2e2aac3f735	Navy Rewards Card	4430	Trader Joe's				c	6492/100	6492/100	2024-01-21 17:09:53
B	161f348200434c80ba9e9e6224836718	4e3a32f281664e799f26de727c781c02	2024-01-21 17:13:21	2024-01-21 17:09:53	2024-01-02 10:59:00	3323a52a32464e5db6926fdc8fbced8f	Imbalance-USD	4430	Trader Joe's				n	-6492/100	-6492/100	1970-01-01 00:00:00
===== END
===== START
C	161f348200434c80ba9e9e6224836718	9ee8138291794a4596c68d6aaedd381f	2024-01-21 17:13:21	2024-01-21 17:09:53	2024-01-02 10:59:00	48c0a9bb8af04622bbb5c2e2aac3f735	Navy Rewards Card	4430	Trader Joe's				c	6492/100	6492/100	2024-01-21 17:09:53
C	161f348200434c80ba9e9e6224836718	4e3a32f281664e799f26de727c781c02	2024-01-21 17:13:21	2024-01-21 17:09:53	2024-01-02 10:59:00	a996b30c3e714c1483ec007f2699fc71	Groceries	4430	Trader Joe's				n	-6492/100	-6492/100	1970-01-01 00:00:00
===== END
===== START
B	5d4f29f5144b427088d282638982fc16	b195f75c714d49c0a146296c512b4fcc	2024-01-21 17:15:07	2024-01-21 17:09:53	2024-01-02 10:59:00	48c0a9bb8af04622bbb5c2e2aac3f735	Navy Rewards Card	4430	WDW SWIRLS ON WATER LAKE BUENA VIFL - 4430				c	1169/100	1169/100	2024-01-21 17:09:53
B	5d4f29f5144b427088d282638982fc16	d135e3980ba846c1ae94a19209e39e10	2024-01-21 17:15:07	2024-01-21 17:09:53	2024-01-02 10:59:00	3323a52a32464e5db6926fdc8fbced8f	Imbalance-USD	4430	WDW SWIRLS ON WATER LAKE BUENA VIFL - 4430				n	-1169/100	-1169/100	1970-01-01 00:00:00
===== END
===== START
C	5d4f29f5144b427088d282638982fc16	b195f75c714d49c0a146296c512b4fcc	2024-01-21 17:15:07	2024-01-21 17:09:53	2024-01-02 10:59:00	48c0a9bb8af04622bbb5c2e2aac3f735	Navy Rewards Card	4430	WDW SWIRLS ON WATER LAKE BUENA VIFL - 4430				c	1169/100	1169/100	2024-01-21 17:09:53
C	5d4f29f5144b427088d282638982fc16	d135e3980ba846c1ae94a19209e39e10	2024-01-21 17:15:07	2024-01-21 17:09:53	2024-01-02 10:59:00	bbed357c20cf4671bd7d4c792f540180	Recreation	4430	WDW SWIRLS ON WATER LAKE BUENA VIFL - 4430				n	-1169/100	-1169/100	1970-01-01 00:00:00
===== END
===== START
B	7014b9e4e76d4e16a702a6ecb205b67a	c7f9a6988a584d3d967e57d5af13ffb9	2024-01-21 17:15:33	2024-01-21 17:09:53	2024-01-02 10:59:00	48c0a9bb8af04622bbb5c2e2aac3f735	Navy Rewards Card	4430	Whole Foods Market				c	7053/100	7053/100	2024-01-21 17:09:53
B	7014b9e4e76d4e16a702a6ecb205b67a	fb91e231136f487ba3af0df69cf17e55	2024-01-21 17:15:33	2024-01-21 17:09:53	2024-01-02 10:59:00	3323a52a32464e5db6926fdc8fbced8f	Imbalance-USD	4430	Whole Foods Market				n	-7053/100	-7053/100	1970-01-01 00:00:00
===== END
===== START
C	7014b9e4e76d4e16a702a6ecb205b67a	c7f9a6988a584d3d967e57d5af13ffb9	2024-01-21 17:15:34	2024-01-21 17:09:53	2024-01-02 10:59:00	48c0a9bb8af04622bbb5c2e2aac3f735	Navy Rewards Card	4430	Whole Foods Market				c	7053/100	7053/100	2024-01-21 17:09:53
C	7014b9e4e76d4e16a702a6ecb205b67a	fb91e231136f487ba3af0df69cf17e55	2024-01-21 17:15:34	2024-01-21 17:09:53	2024-01-02 10:59:00	a996b30c3e714c1483ec007f2699fc71	Groceries	4430	Whole Foods Market				n	-7053/100	-7053/100	1970-01-01 00:00:00
===== END
===== START
B	6603866095064c4f9ad1d56005b5ed2e	4fe31db96b35418aa386e07e66063b02	2024-01-21 17:15:53	2024-01-21 17:09:53	2024-01-03 10:59:00	48c0a9bb8af04622bbb5c2e2aac3f735	Navy Rewards Card	0001	JCLICK MZ EAST F&I TUCSON AZ - 0001				c	100000/100	100000/100	2024-01-21 17:09:53
B	6603866095064c4f9ad1d56005b5ed2e	d1e9380e549a4abb8f36ff8a1b84311f	2024-01-21 17:15:53	2024-01-21 17:09:53	2024-01-03 10:59:00	3323a52a32464e5db6926fdc8fbced8f	Imbalance-USD	0001	JCLICK MZ EAST F&I TUCSON AZ - 0001				n	-100000/100	-100000/100	1970-01-01 00:00:00
===== END
===== START
C	6603866095064c4f9ad1d56005b5ed2e	4fe31db96b35418aa386e07e66063b02	2024-01-21 17:15:53	2024-01-21 17:09:53	2024-01-03 10:59:00	48c0a9bb8af04622bbb5c2e2aac3f735	Navy Rewards Card	0001	JCLICK MZ EAST F&I TUCSON AZ - 0001				c	100000/100	100000/100	2024-01-21 17:09:53
C	6603866095064c4f9ad1d56005b5ed2e	d1e9380e549a4abb8f36ff8a1b84311f	2024-01-21 17:15:53	2024-01-21 17:09:53	2024-01-03 10:59:00	1062845aaafc40eeae65b1822c287a64	Mazda CX-30	0001	JCLICK MZ EAST F&I TUCSON AZ - 0001				n	-100000/100	-100000/100	1970-01-01 00:00:00
===== END
===== START
B	3c0d927827824097971426229c0e202b	d7466a77818249219b24814c9d18ca1b	2024-01-21 17:15:59	2024-01-21 17:09:53	2024-01-03 10:59:00	48c0a9bb8af04622bbb5c2e2aac3f735	Navy Rewards Card	4430	Target				c	2726/100	2726/100	2024-01-21 17:09:53
B	3c0d927827824097971426229c0e202b	d3489ff5df6c4a38b76841572bcb943f	2024-01-21 17:15:59	2024-01-21 17:09:53	2024-01-03 10:59:00	3323a52a32464e5db6926fdc8fbced8f	Imbalance-USD	4430	Target				n	-2726/100	-2726/100	1970-01-01 00:00:00
===== END
===== START
C	3c0d927827824097971426229c0e202b	d7466a77818249219b24814c9d18ca1b	2024-01-21 17:15:59	2024-01-21 17:09:53	2024-01-03 10:59:00	48c0a9bb8af04622bbb5c2e2aac3f735	Navy Rewards Card	4430	Target				c	2726/100	2726/100	2024-01-21 17:09:53
C	3c0d927827824097971426229c0e202b	d3489ff5df6c4a38b76841572bcb943f	2024-01-21 17:15:59	2024-01-21 17:09:53	2024-01-03 10:59:00	a996b30c3e714c1483ec007f2699fc71	Groceries	4430	Target				n	-2726/100	-2726/100	1970-01-01 00:00:00
===== END
===== START
B	d16379ad65ec4038bde560621617735a	ed627fbcb44e49b4b274a51cfb0a53df	2024-01-21 17:16:04	2024-01-21 17:09:53	2024-01-03 10:59:00	48c0a9bb8af04622bbb5c2e2aac3f735	Navy Rewards Card	4430	Target				c	5439/100	5439/100	2024-01-21 17:09:53
B	d16379ad65ec4038bde560621617735a	1750224752f447539681beba33e31c1d	2024-01-21 17:16:04	2024-01-21 17:09:53	2024-01-03 10:59:00	3323a52a32464e5db6926fdc8fbced8f	Imbalance-USD	4430	Target				n	-5439/100	-5439/100	1970-01-01 00:00:00
===== END
===== START
C	d16379ad65ec4038bde560621617735a	ed627fbcb44e49b4b274a51cfb0a53df	2024-01-21 17:16:04	2024-01-21 17:09:53	2024-01-03 10:59:00	48c0a9bb8af04622bbb5c2e2aac3f735	Navy Rewards Card	4430	Target				c	5439/100	5439/100	2024-01-21 17:09:53
C	d16379ad65ec4038bde560621617735a	1750224752f447539681beba33e31c1d	2024-01-21 17:16:04	2024-01-21 17:09:53	2024-01-03 10:59:00	a996b30c3e714c1483ec007f2699fc71	Groceries	4430	Target				n	-5439/100	-5439/100	1970-01-01 00:00:00
===== END
===== START
B	6a95211f69ef4daa902887a21cbede29	bb1cd86770474e7a87651f1d54c532d7	2024-01-21 17:16:15	2024-01-21 17:09:53	2024-01-04 10:59:00	48c0a9bb8af04622bbb5c2e2aac3f735	Navy Rewards Card	4430	Target				c	5874/100	5874/100	2024-01-21 17:09:53
B	6a95211f69ef4daa902887a21cbede29	751328acc80e4e36bf4c011cbe1511b6	2024-01-21 17:16:15	2024-01-21 17:09:53	2024-01-04 10:59:00	3323a52a32464e5db6926fdc8fbced8f	Imbalance-USD	4430	Target				n	-5874/100	-5874/100	1970-01-01 00:00:00
===== END
===== START
C	6a95211f69ef4daa902887a21cbede29	bb1cd86770474e7a87651f1d54c532d7	2024-01-21 17:16:15	2024-01-21 17:09:53	2024-01-04 10:59:00	48c0a9bb8af04622bbb5c2e2aac3f735	Navy Rewards Card	4430	Target				c	5874/100	5874/100	2024-01-21 17:09:53
C	6a95211f69ef4daa902887a21cbede29	751328acc80e4e36bf4c011cbe1511b6	2024-01-21 17:16:15	2024-01-21 17:09:53	2024-01-04 10:59:00	a996b30c3e714c1483ec007f2699fc71	Groceries	4430	Target				n	-5874/100	-5874/100	1970-01-01 00:00:00
===== END
===== START
B	1b5acb9151894e369e95aff236bc8d12	313b193e206f47f88252af82b05f66bb	2024-01-21 17:16:59	2024-01-21 17:09:53	2024-01-04 10:59:00	48c0a9bb8af04622bbb5c2e2aac3f735	Navy Rewards Card	4430	Trader Joe's				c	5306/100	5306/100	2024-01-21 17:09:53
B	1b5acb9151894e369e95aff236bc8d12	6eb477b2888c46cbbeeed1bbc5ead1cb	2024-01-21 17:16:59	2024-01-21 17:09:53	2024-01-04 10:59:00	3323a52a32464e5db6926fdc8fbced8f	Imbalance-USD	4430	Trader Joe's				n	-5306/100	-5306/100	1970-01-01 00:00:00
===== END
===== START
C	1b5acb9151894e369e95aff236bc8d12	313b193e206f47f88252af82b05f66bb	2024-01-21 17:16:59	2024-01-21 17:09:53	2024-01-04 10:59:00	48c0a9bb8af04622bbb5c2e2aac3f735	Navy Rewards Card	4430	Trader Joe's				c	5306/100	5306/100	2024-01-21 17:09:53
C	1b5acb9151894e369e95aff236bc8d12	6eb477b2888c46cbbeeed1bbc5ead1cb	2024-01-21 17:16:59	2024-01-21 17:09:53	2024-01-04 10:59:00	a996b30c3e714c1483ec007f2699fc71	Groceries	4430	Trader Joe's				n	-5306/100	-5306/100	1970-01-01 00:00:00
===== END
===== START
B	35b948f4c69144d5b56ad65132cabd4d	2712b8de194648c4a631f3a3a365f0ef	2024-01-21 17:17:52	2024-01-21 17:09:53	2024-01-03 10:59:00	48c0a9bb8af04622bbb5c2e2aac3f735	Navy Rewards Card	0001	CrossFit				c	6912/100	6912/100	2024-01-21 17:09:53
B	35b948f4c69144d5b56ad65132cabd4d	5300862cf2494c3f853562f977a60431	2024-01-21 17:17:52	2024-01-21 17:09:53	2024-01-03 10:59:00	3323a52a32464e5db6926fdc8fbced8f	Imbalance-USD	0001	CrossFit				n	-6912/100	-6912/100	1970-01-01 00:00:00
===== END
===== START
C	35b948f4c69144d5b56ad65132cabd4d	2712b8de194648c4a631f3a3a365f0ef	2024-01-21 17:17:52	2024-01-21 17:09:53	2024-01-03 10:59:00	48c0a9bb8af04622bbb5c2e2aac3f735	Navy Rewards Card	0001	CrossFit				c	6912/100	6912/100	2024-01-21 17:09:53
C	35b948f4c69144d5b56ad65132cabd4d	5300862cf2494c3f853562f977a60431	2024-01-21 17:17:52	2024-01-21 17:09:53	2024-01-03 10:59:00	789025d0417f4d7d9ea5258d8ea5a14a	Hobbies	0001	CrossFit				n	-6912/100	-6912/100	1970-01-01 00:00:00
===== END
