mod	trans_guid	split_guid	time_now	date_entered	date_posted	acc_guid	acc_name	num	description	notes	memo	action	reconciled	amount	value	date_reconciled
-----------------
===== START
B	3b86ef8d4f0d4690b12b157cde56c0f3	b1a4faeffcd44b91b2d1b0c5712f61db	2024-08-11 17:26:07	2024-08-11 16:41:40	2024-04-16 10:59:00	afe29b9815264ab1bdb84bb218ad1d54	Auto Insurance		USAA	OFX ext. info: |Trans type:Generic debit|Memo:ACH Transaction - USAA FSB ICPAYMENT 0031407426 ACH DEBIT			n	33536/100	33536/100	1970-01-01 00:00:00
B	3b86ef8d4f0d4690b12b157cde56c0f3	0c2e6edc1f284225965c3e7ba4a197eb	2024-08-11 17:26:07	2024-08-11 16:41:40	2024-04-16 10:59:00	5f8cd3d7d07f4e76916a760d36c0523b	Checking Account		USAA	OFX ext. info: |Trans type:Generic debit|Memo:ACH Transaction - USAA FSB ICPAYMENT 0031407426 ACH DEBIT	ACH Transaction - USAA FSB ICPAYMENT 0031407426 ACH DEBIT		c	-33536/100	-33536/100	2024-08-11 16:42:20
===== END
===== START
C	3b86ef8d4f0d4690b12b157cde56c0f3	b1a4faeffcd44b91b2d1b0c5712f61db	2024-08-11 17:26:13	2024-08-11 16:41:40	2024-04-16 10:59:00	d21f7d0d27fd4d2eb27b2d994c3718b9	Car Payment		USAA	OFX ext. info: |Trans type:Generic debit|Memo:ACH Transaction - USAA FSB ICPAYMENT 0031407426 ACH DEBIT			n	24476/100	24476/100	1970-01-01 00:00:00
C	3b86ef8d4f0d4690b12b157cde56c0f3	0c2e6edc1f284225965c3e7ba4a197eb	2024-08-11 17:26:13	2024-08-11 16:41:40	2024-04-16 10:59:00	5f8cd3d7d07f4e76916a760d36c0523b	Checking Account		USAA	OFX ext. info: |Trans type:Generic debit|Memo:ACH Transaction - USAA FSB ICPAYMENT 0031407426 ACH DEBIT	ACH Transaction - USAA FSB ICPAYMENT 0031407426 ACH DEBIT		c	-33536/100	-33536/100	2024-08-11 16:42:20
C	3b86ef8d4f0d4690b12b157cde56c0f3	ddb4683abefb4c14a667ebf96726dde6	2024-08-11 17:26:13	2024-08-11 16:41:40	2024-04-16 10:59:00	3323a52a32464e5db6926fdc8fbced8f	Imbalance-USD		USAA	OFX ext. info: |Trans type:Generic debit|Memo:ACH Transaction - USAA FSB ICPAYMENT 0031407426 ACH DEBIT			n	9060/100	9060/100	1970-01-01 00:00:00
===== END
===== START
B	3b86ef8d4f0d4690b12b157cde56c0f3	b1a4faeffcd44b91b2d1b0c5712f61db	2024-08-11 17:26:27	2024-08-11 16:41:40	2024-04-16 10:59:00	d21f7d0d27fd4d2eb27b2d994c3718b9	Car Payment		USAA	OFX ext. info: |Trans type:Generic debit|Memo:ACH Transaction - USAA FSB ICPAYMENT 0031407426 ACH DEBIT			n	24476/100	24476/100	1970-01-01 00:00:00
B	3b86ef8d4f0d4690b12b157cde56c0f3	ddb4683abefb4c14a667ebf96726dde6	2024-08-11 17:26:27	2024-08-11 16:41:40	2024-04-16 10:59:00	3323a52a32464e5db6926fdc8fbced8f	Imbalance-USD		USAA	OFX ext. info: |Trans type:Generic debit|Memo:ACH Transaction - USAA FSB ICPAYMENT 0031407426 ACH DEBIT			n	9060/100	9060/100	1970-01-01 00:00:00
B	3b86ef8d4f0d4690b12b157cde56c0f3	0c2e6edc1f284225965c3e7ba4a197eb	2024-08-11 17:26:27	2024-08-11 16:41:40	2024-04-16 10:59:00	5f8cd3d7d07f4e76916a760d36c0523b	Checking Account		USAA	OFX ext. info: |Trans type:Generic debit|Memo:ACH Transaction - USAA FSB ICPAYMENT 0031407426 ACH DEBIT	ACH Transaction - USAA FSB ICPAYMENT 0031407426 ACH DEBIT		c	-33536/100	-33536/100	2024-08-11 16:42:20
===== END
===== START
C	3b86ef8d4f0d4690b12b157cde56c0f3	b1a4faeffcd44b91b2d1b0c5712f61db	2024-08-11 17:26:27	2024-08-11 16:41:40	2024-04-16 10:59:00	d21f7d0d27fd4d2eb27b2d994c3718b9	Car Payment		USAA	OFX ext. info: |Trans type:Generic debit|Memo:ACH Transaction - USAA FSB ICPAYMENT 0031407426 ACH DEBIT			n	24476/100	24476/100	1970-01-01 00:00:00
C	3b86ef8d4f0d4690b12b157cde56c0f3	ddb4683abefb4c14a667ebf96726dde6	2024-08-11 17:26:27	2024-08-11 16:41:40	2024-04-16 10:59:00	2affe66e455c4d78a971998e23de3f9b	Vehicle Loan Interest		USAA	OFX ext. info: |Trans type:Generic debit|Memo:ACH Transaction - USAA FSB ICPAYMENT 0031407426 ACH DEBIT			n	9060/100	9060/100	1970-01-01 00:00:00
C	3b86ef8d4f0d4690b12b157cde56c0f3	0c2e6edc1f284225965c3e7ba4a197eb	2024-08-11 17:26:27	2024-08-11 16:41:40	2024-04-16 10:59:00	5f8cd3d7d07f4e76916a760d36c0523b	Checking Account		USAA	OFX ext. info: |Trans type:Generic debit|Memo:ACH Transaction - USAA FSB ICPAYMENT 0031407426 ACH DEBIT	ACH Transaction - USAA FSB ICPAYMENT 0031407426 ACH DEBIT		c	-33536/100	-33536/100	2024-08-11 16:42:20
===== END
===== START
B	2f64e4b755cd49bbb0e8f87e18bc5fe1	26a1df267bbc46dba6fc05f07db3d2cb	2024-08-11 17:28:15	2024-08-11 16:41:40	2024-05-01 10:59:00	afe29b9815264ab1bdb84bb218ad1d54	Auto Insurance		USAA	OFX ext. info: |Trans type:Generic debit|Memo:ACH Transaction - USAA FSB ICPAYMENT 0031407426 ACH DEBIT			n	40957/100	40957/100	1970-01-01 00:00:00
B	2f64e4b755cd49bbb0e8f87e18bc5fe1	601c795cbedd45cd876494b65bbdee28	2024-08-11 17:28:15	2024-08-11 16:41:40	2024-05-01 10:59:00	5f8cd3d7d07f4e76916a760d36c0523b	Checking Account		USAA	OFX ext. info: |Trans type:Generic debit|Memo:ACH Transaction - USAA FSB ICPAYMENT 0031407426 ACH DEBIT	ACH Transaction - USAA FSB ICPAYMENT 0031407426 ACH DEBIT		c	-40957/100	-40957/100	2024-08-11 16:42:20
===== END
===== START
C	2f64e4b755cd49bbb0e8f87e18bc5fe1	26a1df267bbc46dba6fc05f07db3d2cb	2024-08-11 17:28:20	2024-08-11 16:41:40	2024-05-01 10:59:00	d21f7d0d27fd4d2eb27b2d994c3718b9	Car Payment		USAA	OFX ext. info: |Trans type:Generic debit|Memo:ACH Transaction - USAA FSB ICPAYMENT 0031407426 ACH DEBIT			n	32568/100	32568/100	1970-01-01 00:00:00
C	2f64e4b755cd49bbb0e8f87e18bc5fe1	601c795cbedd45cd876494b65bbdee28	2024-08-11 17:28:20	2024-08-11 16:41:40	2024-05-01 10:59:00	5f8cd3d7d07f4e76916a760d36c0523b	Checking Account		USAA	OFX ext. info: |Trans type:Generic debit|Memo:ACH Transaction - USAA FSB ICPAYMENT 0031407426 ACH DEBIT	ACH Transaction - USAA FSB ICPAYMENT 0031407426 ACH DEBIT		c	-40957/100	-40957/100	2024-08-11 16:42:20
C	2f64e4b755cd49bbb0e8f87e18bc5fe1	7cee72011568400ba64e1fd378a07a67	2024-08-11 17:28:20	2024-08-11 16:41:40	2024-05-01 10:59:00	3323a52a32464e5db6926fdc8fbced8f	Imbalance-USD		USAA	OFX ext. info: |Trans type:Generic debit|Memo:ACH Transaction - USAA FSB ICPAYMENT 0031407426 ACH DEBIT			n	8389/100	8389/100	1970-01-01 00:00:00
===== END
===== START
B	2f64e4b755cd49bbb0e8f87e18bc5fe1	26a1df267bbc46dba6fc05f07db3d2cb	2024-08-11 17:28:34	2024-08-11 16:41:40	2024-05-01 10:59:00	d21f7d0d27fd4d2eb27b2d994c3718b9	Car Payment		USAA	OFX ext. info: |Trans type:Generic debit|Memo:ACH Transaction - USAA FSB ICPAYMENT 0031407426 ACH DEBIT			n	32568/100	32568/100	1970-01-01 00:00:00
B	2f64e4b755cd49bbb0e8f87e18bc5fe1	7cee72011568400ba64e1fd378a07a67	2024-08-11 17:28:34	2024-08-11 16:41:40	2024-05-01 10:59:00	3323a52a32464e5db6926fdc8fbced8f	Imbalance-USD		USAA	OFX ext. info: |Trans type:Generic debit|Memo:ACH Transaction - USAA FSB ICPAYMENT 0031407426 ACH DEBIT			n	8389/100	8389/100	1970-01-01 00:00:00
B	2f64e4b755cd49bbb0e8f87e18bc5fe1	601c795cbedd45cd876494b65bbdee28	2024-08-11 17:28:34	2024-08-11 16:41:40	2024-05-01 10:59:00	5f8cd3d7d07f4e76916a760d36c0523b	Checking Account		USAA	OFX ext. info: |Trans type:Generic debit|Memo:ACH Transaction - USAA FSB ICPAYMENT 0031407426 ACH DEBIT	ACH Transaction - USAA FSB ICPAYMENT 0031407426 ACH DEBIT		c	-40957/100	-40957/100	2024-08-11 16:42:20
===== END
===== START
C	2f64e4b755cd49bbb0e8f87e18bc5fe1	26a1df267bbc46dba6fc05f07db3d2cb	2024-08-11 17:28:34	2024-08-11 16:41:40	2024-05-01 10:59:00	d21f7d0d27fd4d2eb27b2d994c3718b9	Car Payment		USAA	OFX ext. info: |Trans type:Generic debit|Memo:ACH Transaction - USAA FSB ICPAYMENT 0031407426 ACH DEBIT			n	32568/100	32568/100	1970-01-01 00:00:00
C	2f64e4b755cd49bbb0e8f87e18bc5fe1	7cee72011568400ba64e1fd378a07a67	2024-08-11 17:28:34	2024-08-11 16:41:40	2024-05-01 10:59:00	2affe66e455c4d78a971998e23de3f9b	Vehicle Loan Interest		USAA	OFX ext. info: |Trans type:Generic debit|Memo:ACH Transaction - USAA FSB ICPAYMENT 0031407426 ACH DEBIT			n	8389/100	8389/100	1970-01-01 00:00:00
C	2f64e4b755cd49bbb0e8f87e18bc5fe1	601c795cbedd45cd876494b65bbdee28	2024-08-11 17:28:34	2024-08-11 16:41:40	2024-05-01 10:59:00	5f8cd3d7d07f4e76916a760d36c0523b	Checking Account		USAA	OFX ext. info: |Trans type:Generic debit|Memo:ACH Transaction - USAA FSB ICPAYMENT 0031407426 ACH DEBIT	ACH Transaction - USAA FSB ICPAYMENT 0031407426 ACH DEBIT		c	-40957/100	-40957/100	2024-08-11 16:42:20
===== END
===== START
B	84dc34f974664670911f5e7d3e2f072c	ba72732354ae40c7b3cc3a7acff5e0d8	2024-08-11 17:29:48	2024-08-11 16:41:40	2024-05-06 10:59:00	04c049366b5f48cbb21abe60a0b16637	Salary		Dan Finan	OFX ext. info: |Trans type:Generic debit|Memo:POS Debit - Visa Check Card 4551 - VENMO Dan Finan Visa Direct PHILIP A WITHERSPOON POS TRANSACTION			n	15900/100	15900/100	1970-01-01 00:00:00
B	84dc34f974664670911f5e7d3e2f072c	3aab6ba11dc1467e8e1e797553e5fa5c	2024-08-11 17:29:48	2024-08-11 16:41:40	2024-05-06 10:59:00	5f8cd3d7d07f4e76916a760d36c0523b	Checking Account		Dan Finan	OFX ext. info: |Trans type:Generic debit|Memo:POS Debit - Visa Check Card 4551 - VENMO Dan Finan Visa Direct PHILIP A WITHERSPOON POS TRANSACTION	POS Debit - Visa Check Card 4551 - VENMO Dan Finan Visa Direct PHILIP A WITHERSPOON POS TRANSACTION		c	-15900/100	-15900/100	2024-08-11 16:42:20
===== END
===== START
C	84dc34f974664670911f5e7d3e2f072c	ba72732354ae40c7b3cc3a7acff5e0d8	2024-08-11 17:29:48	2024-08-11 16:41:40	2024-05-06 10:59:00	bbed357c20cf4671bd7d4c792f540180	Recreation		Dan Finan	OFX ext. info: |Trans type:Generic debit|Memo:POS Debit - Visa Check Card 4551 - VENMO Dan Finan Visa Direct PHILIP A WITHERSPOON POS TRANSACTION			n	15900/100	15900/100	1970-01-01 00:00:00
C	84dc34f974664670911f5e7d3e2f072c	3aab6ba11dc1467e8e1e797553e5fa5c	2024-08-11 17:29:48	2024-08-11 16:41:40	2024-05-06 10:59:00	5f8cd3d7d07f4e76916a760d36c0523b	Checking Account		Dan Finan	OFX ext. info: |Trans type:Generic debit|Memo:POS Debit - Visa Check Card 4551 - VENMO Dan Finan Visa Direct PHILIP A WITHERSPOON POS TRANSACTION	POS Debit - Visa Check Card 4551 - VENMO Dan Finan Visa Direct PHILIP A WITHERSPOON POS TRANSACTION		c	-15900/100	-15900/100	2024-08-11 16:42:20
===== END
===== START
B	84dc34f974664670911f5e7d3e2f072c	ba72732354ae40c7b3cc3a7acff5e0d8	2024-08-11 17:30:44	2024-08-11 16:41:40	2024-05-06 10:59:00	bbed357c20cf4671bd7d4c792f540180	Recreation		Dan Finan	OFX ext. info: |Trans type:Generic debit|Memo:POS Debit - Visa Check Card 4551 - VENMO Dan Finan Visa Direct PHILIP A WITHERSPOON POS TRANSACTION			n	15900/100	15900/100	1970-01-01 00:00:00
B	84dc34f974664670911f5e7d3e2f072c	3aab6ba11dc1467e8e1e797553e5fa5c	2024-08-11 17:30:44	2024-08-11 16:41:40	2024-05-06 10:59:00	5f8cd3d7d07f4e76916a760d36c0523b	Checking Account		Dan Finan	OFX ext. info: |Trans type:Generic debit|Memo:POS Debit - Visa Check Card 4551 - VENMO Dan Finan Visa Direct PHILIP A WITHERSPOON POS TRANSACTION	POS Debit - Visa Check Card 4551 - VENMO Dan Finan Visa Direct PHILIP A WITHERSPOON POS TRANSACTION		c	-15900/100	-15900/100	2024-08-11 16:42:20
===== END
===== START
C	84dc34f974664670911f5e7d3e2f072c	ba72732354ae40c7b3cc3a7acff5e0d8	2024-08-11 17:30:44	2024-08-11 16:41:40	2024-05-06 10:59:00	bbed357c20cf4671bd7d4c792f540180	Recreation		Dan Finan - Vegas magic show tickets and dinner	OFX ext. info: |Trans type:Generic debit|Memo:POS Debit - Visa Check Card 4551 - VENMO Dan Finan Visa Direct PHILIP A WITHERSPOON POS TRANSACTION			n	15900/100	15900/100	1970-01-01 00:00:00
C	84dc34f974664670911f5e7d3e2f072c	3aab6ba11dc1467e8e1e797553e5fa5c	2024-08-11 17:30:44	2024-08-11 16:41:40	2024-05-06 10:59:00	5f8cd3d7d07f4e76916a760d36c0523b	Checking Account		Dan Finan - Vegas magic show tickets and dinner	OFX ext. info: |Trans type:Generic debit|Memo:POS Debit - Visa Check Card 4551 - VENMO Dan Finan Visa Direct PHILIP A WITHERSPOON POS TRANSACTION	POS Debit - Visa Check Card 4551 - VENMO Dan Finan Visa Direct PHILIP A WITHERSPOON POS TRANSACTION		c	-15900/100	-15900/100	2024-08-11 16:42:20
===== END
===== START
B	c176171f9a454b32b6f45695c81b7e31	9a23adb0cdbe44beafb3463650443129	2024-08-11 17:30:57	2024-08-11 16:41:40	2024-05-06 10:59:00	3323a52a32464e5db6926fdc8fbced8f	Imbalance-USD		Payment to Cox Communications	OFX ext. info: |Trans type:Generic debit|Memo:ACH Transaction - COX COMM PHX BANK DRAFT 0009100001 ACH DEBIT			n	11622/100	11622/100	1970-01-01 00:00:00
B	c176171f9a454b32b6f45695c81b7e31	8c4d261164624ae6812941c842f40183	2024-08-11 17:30:57	2024-08-11 16:41:40	2024-05-06 10:59:00	5f8cd3d7d07f4e76916a760d36c0523b	Checking Account		Payment to Cox Communications	OFX ext. info: |Trans type:Generic debit|Memo:ACH Transaction - COX COMM PHX BANK DRAFT 0009100001 ACH DEBIT	ACH Transaction - COX COMM PHX BANK DRAFT 0009100001 ACH DEBIT		c	-11622/100	-11622/100	2024-08-11 16:42:20
===== END
===== START
C	c176171f9a454b32b6f45695c81b7e31	9a23adb0cdbe44beafb3463650443129	2024-08-11 17:30:57	2024-08-11 16:41:40	2024-05-06 10:59:00	5fb458e08b3f44cd8c8eb1926266338d	internet		Payment to Cox Communications	OFX ext. info: |Trans type:Generic debit|Memo:ACH Transaction - COX COMM PHX BANK DRAFT 0009100001 ACH DEBIT			n	11622/100	11622/100	1970-01-01 00:00:00
C	c176171f9a454b32b6f45695c81b7e31	8c4d261164624ae6812941c842f40183	2024-08-11 17:30:57	2024-08-11 16:41:40	2024-05-06 10:59:00	5f8cd3d7d07f4e76916a760d36c0523b	Checking Account		Payment to Cox Communications	OFX ext. info: |Trans type:Generic debit|Memo:ACH Transaction - COX COMM PHX BANK DRAFT 0009100001 ACH DEBIT	ACH Transaction - COX COMM PHX BANK DRAFT 0009100001 ACH DEBIT		c	-11622/100	-11622/100	2024-08-11 16:42:20
===== END
===== START
B	c275f732311044f0a5a37a38561324e0	52b924d5c9484539b9ef3862c1359364	2024-08-11 17:31:06	2024-08-11 16:41:40	2024-05-13 10:59:00	a996b30c3e714c1483ec007f2699fc71	Groceries		McAfee	OFX ext. info: |Trans type:Generic debit|Memo:POS Debit - Visa Check Card 4551 - MCAFEE AUTORENEWAL 514551 PHILIP A WITHERSPOON POS TRANSACTION			n	12749/100	12749/100	1970-01-01 00:00:00
B	c275f732311044f0a5a37a38561324e0	379531da5d054e17a1353ad9206a8bcb	2024-08-11 17:31:06	2024-08-11 16:41:40	2024-05-13 10:59:00	5f8cd3d7d07f4e76916a760d36c0523b	Checking Account		McAfee	OFX ext. info: |Trans type:Generic debit|Memo:POS Debit - Visa Check Card 4551 - MCAFEE AUTORENEWAL 514551 PHILIP A WITHERSPOON POS TRANSACTION	POS Debit - Visa Check Card 4551 - MCAFEE AUTORENEWAL 514551 PHILIP A WITHERSPOON POS TRANSACTION		c	-12749/100	-12749/100	2024-08-11 16:42:20
===== END
===== START
C	c275f732311044f0a5a37a38561324e0	52b924d5c9484539b9ef3862c1359364	2024-08-11 17:31:06	2024-08-11 16:41:40	2024-05-13 10:59:00	f51833ab51c446f28a6ab0d10a773759	Miscellaneous		McAfee	OFX ext. info: |Trans type:Generic debit|Memo:POS Debit - Visa Check Card 4551 - MCAFEE AUTORENEWAL 514551 PHILIP A WITHERSPOON POS TRANSACTION			n	12749/100	12749/100	1970-01-01 00:00:00
C	c275f732311044f0a5a37a38561324e0	379531da5d054e17a1353ad9206a8bcb	2024-08-11 17:31:06	2024-08-11 16:41:40	2024-05-13 10:59:00	5f8cd3d7d07f4e76916a760d36c0523b	Checking Account		McAfee	OFX ext. info: |Trans type:Generic debit|Memo:POS Debit - Visa Check Card 4551 - MCAFEE AUTORENEWAL 514551 PHILIP A WITHERSPOON POS TRANSACTION	POS Debit - Visa Check Card 4551 - MCAFEE AUTORENEWAL 514551 PHILIP A WITHERSPOON POS TRANSACTION		c	-12749/100	-12749/100	2024-08-11 16:42:20
===== END
