mod	trans_guid	split_guid	time_now	date_entered	date_posted	acc_guid	acc_name	num	description	notes	memo	action	reconciled	amount	value	date_reconciled
-----------------
===== START
B	8d07281d8a3a4739839a404c358c46ac	9d87decc3fa840fa86df69238c2b1e7a	2024-08-11 17:32:02	2024-08-11 16:41:40	2024-05-15 10:59:00	afe29b9815264ab1bdb84bb218ad1d54	Auto Insurance		USAA	OFX ext. info: |Trans type:Generic debit|Memo:ACH Transaction - USAA FSB ICPAYMENT 0031407426 ACH DEBIT			n	33536/100	33536/100	1970-01-01 00:00:00
B	8d07281d8a3a4739839a404c358c46ac	433abf15d007429dbe7412dd3533696c	2024-08-11 17:32:02	2024-08-11 16:41:40	2024-05-15 10:59:00	5f8cd3d7d07f4e76916a760d36c0523b	Checking Account		USAA	OFX ext. info: |Trans type:Generic debit|Memo:ACH Transaction - USAA FSB ICPAYMENT 0031407426 ACH DEBIT	ACH Transaction - USAA FSB ICPAYMENT 0031407426 ACH DEBIT		c	-33536/100	-33536/100	2024-08-11 16:42:20
===== END
===== START
C	8d07281d8a3a4739839a404c358c46ac	9d87decc3fa840fa86df69238c2b1e7a	2024-08-11 17:32:08	2024-08-11 16:41:40	2024-05-15 10:59:00	d21f7d0d27fd4d2eb27b2d994c3718b9	Car Payment		USAA	OFX ext. info: |Trans type:Generic debit|Memo:ACH Transaction - USAA FSB ICPAYMENT 0031407426 ACH DEBIT			n	24896/100	24896/100	1970-01-01 00:00:00
C	8d07281d8a3a4739839a404c358c46ac	433abf15d007429dbe7412dd3533696c	2024-08-11 17:32:08	2024-08-11 16:41:40	2024-05-15 10:59:00	5f8cd3d7d07f4e76916a760d36c0523b	Checking Account		USAA	OFX ext. info: |Trans type:Generic debit|Memo:ACH Transaction - USAA FSB ICPAYMENT 0031407426 ACH DEBIT	ACH Transaction - USAA FSB ICPAYMENT 0031407426 ACH DEBIT		c	-33536/100	-33536/100	2024-08-11 16:42:20
C	8d07281d8a3a4739839a404c358c46ac	9e53f08676164a789d31195c376016d5	2024-08-11 17:32:08	2024-08-11 16:41:40	2024-05-15 10:59:00	3323a52a32464e5db6926fdc8fbced8f	Imbalance-USD		USAA	OFX ext. info: |Trans type:Generic debit|Memo:ACH Transaction - USAA FSB ICPAYMENT 0031407426 ACH DEBIT			n	8640/100	8640/100	1970-01-01 00:00:00
===== END
===== START
B	8d07281d8a3a4739839a404c358c46ac	9d87decc3fa840fa86df69238c2b1e7a	2024-08-11 17:32:21	2024-08-11 16:41:40	2024-05-15 10:59:00	d21f7d0d27fd4d2eb27b2d994c3718b9	Car Payment		USAA	OFX ext. info: |Trans type:Generic debit|Memo:ACH Transaction - USAA FSB ICPAYMENT 0031407426 ACH DEBIT			n	24896/100	24896/100	1970-01-01 00:00:00
B	8d07281d8a3a4739839a404c358c46ac	9e53f08676164a789d31195c376016d5	2024-08-11 17:32:21	2024-08-11 16:41:40	2024-05-15 10:59:00	3323a52a32464e5db6926fdc8fbced8f	Imbalance-USD		USAA	OFX ext. info: |Trans type:Generic debit|Memo:ACH Transaction - USAA FSB ICPAYMENT 0031407426 ACH DEBIT			n	8640/100	8640/100	1970-01-01 00:00:00
B	8d07281d8a3a4739839a404c358c46ac	433abf15d007429dbe7412dd3533696c	2024-08-11 17:32:21	2024-08-11 16:41:40	2024-05-15 10:59:00	5f8cd3d7d07f4e76916a760d36c0523b	Checking Account		USAA	OFX ext. info: |Trans type:Generic debit|Memo:ACH Transaction - USAA FSB ICPAYMENT 0031407426 ACH DEBIT	ACH Transaction - USAA FSB ICPAYMENT 0031407426 ACH DEBIT		c	-33536/100	-33536/100	2024-08-11 16:42:20
===== END
===== START
C	8d07281d8a3a4739839a404c358c46ac	9d87decc3fa840fa86df69238c2b1e7a	2024-08-11 17:32:21	2024-08-11 16:41:40	2024-05-15 10:59:00	d21f7d0d27fd4d2eb27b2d994c3718b9	Car Payment		USAA	OFX ext. info: |Trans type:Generic debit|Memo:ACH Transaction - USAA FSB ICPAYMENT 0031407426 ACH DEBIT			n	24896/100	24896/100	1970-01-01 00:00:00
C	8d07281d8a3a4739839a404c358c46ac	9e53f08676164a789d31195c376016d5	2024-08-11 17:32:21	2024-08-11 16:41:40	2024-05-15 10:59:00	2affe66e455c4d78a971998e23de3f9b	Vehicle Loan Interest		USAA	OFX ext. info: |Trans type:Generic debit|Memo:ACH Transaction - USAA FSB ICPAYMENT 0031407426 ACH DEBIT			n	8640/100	8640/100	1970-01-01 00:00:00
C	8d07281d8a3a4739839a404c358c46ac	433abf15d007429dbe7412dd3533696c	2024-08-11 17:32:21	2024-08-11 16:41:40	2024-05-15 10:59:00	5f8cd3d7d07f4e76916a760d36c0523b	Checking Account		USAA	OFX ext. info: |Trans type:Generic debit|Memo:ACH Transaction - USAA FSB ICPAYMENT 0031407426 ACH DEBIT	ACH Transaction - USAA FSB ICPAYMENT 0031407426 ACH DEBIT		c	-33536/100	-33536/100	2024-08-11 16:42:20
===== END
