mod	trans_guid	split_guid	time_now	date_entered	date_posted	acc_guid	acc_name	num	description	notes	memo	action	reconciled	amount	value	date_reconciled
-----------------
===== START
===== END
===== START
===== END
===== START
===== END
===== START
B	6e487610e34345cca50b3b3bbdfa1e04	71bbe863f1f44bceae6593a8161e2ebf	2024-02-11 16:46:06	2024-02-07 03:01:31	2024-02-05 10:59:00	02a2adb803174ca7979491311a508662	Electric		ACH Transaction - TEP Corporate De SNAP PMT 0009100001				n	25788/100	25788/100	1970-01-01 00:00:00
B	6e487610e34345cca50b3b3bbdfa1e04	543b082d83bb437d9b3944d59f540e4f	2024-02-11 16:46:06	2024-02-07 03:01:31	2024-02-05 10:59:00	5f8cd3d7d07f4e76916a760d36c0523b	Checking Account		ACH Transaction - TEP Corporate De SNAP PMT 0009100001				c	-25788/100	-25788/100	2024-02-07 03:01:31
===== END
===== START
C	6e487610e34345cca50b3b3bbdfa1e04	71bbe863f1f44bceae6593a8161e2ebf	2024-02-11 16:46:06	2024-02-07 03:01:31	2024-02-05 10:59:00	02a2adb803174ca7979491311a508662	Electric		ACH Transaction - TEP Corporate De SNAP PMT 0009100001				n	25788/100	25788/100	1970-01-01 00:00:00
C	6e487610e34345cca50b3b3bbdfa1e04	543b082d83bb437d9b3944d59f540e4f	2024-02-11 16:46:06	2024-02-07 03:01:31	2024-02-05 10:59:00	5f8cd3d7d07f4e76916a760d36c0523b	Checking Account		ACH Transaction - TEP Corporate De SNAP PMT 0009100001				c	-25788/100	-25788/100	2024-02-11 16:46:06
===== END
===== START
D	f6ed5f13789944bfb280fbd9fac09fe2	944484e644464ac88e2dd3b6a2405f25	2024-02-11 16:46:06	2024-02-11 16:46:06	2024-02-05 10:59:00	5f8cd3d7d07f4e76916a760d36c0523b	Checking Account		Payment to Tucson Electric Power				n	-25788/100	-25788/100	1970-01-01 00:00:00
===== END
===== START
B	d62552d2adfb4e28b2e043324c7c5f3a	eb8983d55d1f4730a764d0c4f1467f18	2024-02-11 16:46:06	2024-02-07 03:01:31	2024-02-05 10:59:00	5fb458e08b3f44cd8c8eb1926266338d	internet		ACH Transaction - COX COMM PHX BANK DRAFT 0009100001				n	11622/100	11622/100	1970-01-01 00:00:00
B	d62552d2adfb4e28b2e043324c7c5f3a	09929c8b96864163a8fb646ff08a4af5	2024-02-11 16:46:06	2024-02-07 03:01:31	2024-02-05 10:59:00	5f8cd3d7d07f4e76916a760d36c0523b	Checking Account		ACH Transaction - COX COMM PHX BANK DRAFT 0009100001				c	-11622/100	-11622/100	2024-02-07 03:01:31
===== END
===== START
C	d62552d2adfb4e28b2e043324c7c5f3a	eb8983d55d1f4730a764d0c4f1467f18	2024-02-11 16:46:06	2024-02-07 03:01:31	2024-02-05 10:59:00	5fb458e08b3f44cd8c8eb1926266338d	internet		ACH Transaction - COX COMM PHX BANK DRAFT 0009100001				n	11622/100	11622/100	1970-01-01 00:00:00
C	d62552d2adfb4e28b2e043324c7c5f3a	09929c8b96864163a8fb646ff08a4af5	2024-02-11 16:46:06	2024-02-07 03:01:31	2024-02-05 10:59:00	5f8cd3d7d07f4e76916a760d36c0523b	Checking Account		ACH Transaction - COX COMM PHX BANK DRAFT 0009100001				c	-11622/100	-11622/100	2024-02-11 16:46:06
===== END
===== START
D	a9076ea290184bb1b2b657933ccbc43f	27c505f1735945e6bc766b42f57145c0	2024-02-11 16:46:06	2024-02-11 16:46:06	2024-02-05 10:59:00	5f8cd3d7d07f4e76916a760d36c0523b	Checking Account		Payment to Cox Communications				n	-11622/100	-11622/100	1970-01-01 00:00:00
===== END
===== START
D	2fc3d162dd484dae93639f7b023f04fd	e8d212983d034653b866b27a3de852c1	2024-02-11 16:46:06	2024-02-11 16:46:06	2024-02-07 10:59:00	5f8cd3d7d07f4e76916a760d36c0523b	Checking Account		Raytheon Company Deposit				n	-242735/100	-242735/100	1970-01-01 00:00:00
===== END
===== START
D	1d6bc656ba0f4728b3b551905778a640	fb2acc8e793048e79d018a2c92bf344c	2024-02-11 16:46:20	2024-02-11 16:46:20	2024-02-11 10:59:00								n	0/1	0/100	1970-01-01 00:00:00
===== END
===== START
===== END
===== START
===== END
===== START
===== END
===== START
C	a88a3347a11d4717bdbcb12de008b0a4	779eda32f9264e5e9293484f24fdebe5	2024-02-11 16:48:06	2024-02-11 16:48:06	2024-02-07 10:59:00	5f8cd3d7d07f4e76916a760d36c0523b	Checking Account		Deposit - RAYTHEON COMPANY				n	242733/100	242733/100	1970-01-01 00:00:00
C	a88a3347a11d4717bdbcb12de008b0a4	8ede453b089e4a9985689b89b1be608f	2024-02-11 16:48:06	2024-02-11 16:48:06	2024-02-07 10:59:00	04c049366b5f48cbb21abe60a0b16637	Salary		Deposit - RAYTHEON COMPANY				n	-242733/100	-242733/100	1970-01-01 00:00:00
===== END
===== START
B	a88a3347a11d4717bdbcb12de008b0a4	779eda32f9264e5e9293484f24fdebe5	2024-02-11 16:48:38	2024-02-11 16:48:06	2024-02-07 10:59:00	5f8cd3d7d07f4e76916a760d36c0523b	Checking Account		Deposit - RAYTHEON COMPANY				n	242733/100	242733/100	1970-01-01 00:00:00
B	a88a3347a11d4717bdbcb12de008b0a4	8ede453b089e4a9985689b89b1be608f	2024-02-11 16:48:38	2024-02-11 16:48:06	2024-02-07 10:59:00	04c049366b5f48cbb21abe60a0b16637	Salary		Deposit - RAYTHEON COMPANY				n	-242733/100	-242733/100	1970-01-01 00:00:00
===== END
===== START
C	a88a3347a11d4717bdbcb12de008b0a4	779eda32f9264e5e9293484f24fdebe5	2024-02-11 16:48:38	2024-02-11 16:48:06	2024-02-07 10:59:00	5f8cd3d7d07f4e76916a760d36c0523b	Checking Account		Deposit - RAYTHEON COMPANY				n	242735/100	242735/100	1970-01-01 00:00:00
C	a88a3347a11d4717bdbcb12de008b0a4	8ede453b089e4a9985689b89b1be608f	2024-02-11 16:48:38	2024-02-11 16:48:06	2024-02-07 10:59:00	04c049366b5f48cbb21abe60a0b16637	Salary		Deposit - RAYTHEON COMPANY				n	-242735/100	-242735/100	1970-01-01 00:00:00
===== END
