mod	trans_guid	split_guid	time_now	date_entered	date_posted	acc_guid	acc_name	num	description	notes	memo	action	reconciled	amount	value	date_reconciled
-----------------
===== START
B	b0c314fabc534ed382ca6a8c37d20c4b	488ba46ece714c2286ffd9cd8b0f71e8	2024-08-11 20:49:59	2024-08-11 19:49:23	2024-04-30 10:59:00	3323a52a32464e5db6926fdc8fbced8f	Imbalance-USD		SP VA SERVICE SUPPLY WWW.VIRGINI	OFX ext. info: |Trans type:Generic debit|Memo:SP VA SERVICE SUPPLY WWW.VIRGINIASVA - 0001			n	2568/100	2568/100	1970-01-01 00:00:00
B	b0c314fabc534ed382ca6a8c37d20c4b	bac95ec22c0140779247202592c6c0a1	2024-08-11 20:49:59	2024-08-11 19:49:23	2024-04-30 10:59:00	48c0a9bb8af04622bbb5c2e2aac3f735	Navy Rewards Card		SP VA SERVICE SUPPLY WWW.VIRGINI	OFX ext. info: |Trans type:Generic debit|Memo:SP VA SERVICE SUPPLY WWW.VIRGINIASVA - 0001	SP VA SERVICE SUPPLY WWW.VIRGINIASVA - 0001		c	-2568/100	-2568/100	2024-08-11 20:19:10
===== END
===== START
C	b0c314fabc534ed382ca6a8c37d20c4b	488ba46ece714c2286ffd9cd8b0f71e8	2024-08-11 20:49:59	2024-08-11 19:49:23	2024-04-30 10:59:00	f51833ab51c446f28a6ab0d10a773759	Miscellaneous		SP VA SERVICE SUPPLY WWW.VIRGINI	OFX ext. info: |Trans type:Generic debit|Memo:SP VA SERVICE SUPPLY WWW.VIRGINIASVA - 0001			n	2568/100	2568/100	1970-01-01 00:00:00
C	b0c314fabc534ed382ca6a8c37d20c4b	bac95ec22c0140779247202592c6c0a1	2024-08-11 20:49:59	2024-08-11 19:49:23	2024-04-30 10:59:00	48c0a9bb8af04622bbb5c2e2aac3f735	Navy Rewards Card		SP VA SERVICE SUPPLY WWW.VIRGINI	OFX ext. info: |Trans type:Generic debit|Memo:SP VA SERVICE SUPPLY WWW.VIRGINIASVA - 0001	SP VA SERVICE SUPPLY WWW.VIRGINIASVA - 0001		c	-2568/100	-2568/100	2024-08-11 20:19:10
===== END
===== START
D	f367efa2927740889857cc129de6b0dd	6f6e2d0975c5449ea2a76225f6f95a85	2024-08-11 20:50:07	2024-08-11 20:50:07	2024-08-11 10:59:00								n	0/1	0/100	1970-01-01 00:00:00
===== END
===== START
B	f32a2a1ca6834eb2b1deb809d4380d98	cded879b699646f0967eece51742b6f3	2024-08-11 20:50:26	2024-08-11 16:41:40	2024-05-01 10:59:00	3323a52a32464e5db6926fdc8fbced8f	Imbalance-USD		Transfer to Credit Card TRF TO O	OFX ext. info: |Trans type:Generic debit|Memo:Transfer to Credit Card TRF TO OTHER			n	448268/100	448268/100	1970-01-01 00:00:00
B	f32a2a1ca6834eb2b1deb809d4380d98	e0b63671baec4840836fc7ea9113693f	2024-08-11 20:50:26	2024-08-11 16:41:40	2024-05-01 10:59:00	5f8cd3d7d07f4e76916a760d36c0523b	Checking Account		Transfer to Credit Card TRF TO O	OFX ext. info: |Trans type:Generic debit|Memo:Transfer to Credit Card TRF TO OTHER	Transfer to Credit Card TRF TO OTHER		c	-448268/100	-448268/100	2024-08-11 16:42:20
===== END
===== START
D	f32a2a1ca6834eb2b1deb809d4380d98	cded879b699646f0967eece51742b6f3	2024-08-11 20:50:26	2024-08-11 16:41:40	2024-05-01 10:59:00	3323a52a32464e5db6926fdc8fbced8f	Imbalance-USD		Transfer to Credit Card TRF TO O	OFX ext. info: |Trans type:Generic debit|Memo:Transfer to Credit Card TRF TO OTHER			n	448268/100	448268/100	1970-01-01 00:00:00
D	f32a2a1ca6834eb2b1deb809d4380d98	e0b63671baec4840836fc7ea9113693f	2024-08-11 20:50:26	2024-08-11 16:41:40	2024-05-01 10:59:00	5f8cd3d7d07f4e76916a760d36c0523b	Checking Account		Transfer to Credit Card TRF TO O	OFX ext. info: |Trans type:Generic debit|Memo:Transfer to Credit Card TRF TO OTHER	Transfer to Credit Card TRF TO OTHER		c	-448268/100	-448268/100	2024-08-11 16:42:20
===== END
===== START
B	ed21f469e19346a7a639bc084bc13f48	361248c61b3b442583f60a7f0d7d6891	2024-08-11 20:50:40	2024-08-11 19:49:23	2024-05-02 10:59:00	3323a52a32464e5db6926fdc8fbced8f	Imbalance-USD		Dutch Bros. Coffee	OFX ext. info: |Trans type:Generic debit|Memo:DUTCH BROS AZ0905 TUCSON TUCSON AZ - 4430			n	315/100	315/100	1970-01-01 00:00:00
B	ed21f469e19346a7a639bc084bc13f48	2fc7ebc054954f6db434aa737ff715dc	2024-08-11 20:50:40	2024-08-11 19:49:23	2024-05-02 10:59:00	48c0a9bb8af04622bbb5c2e2aac3f735	Navy Rewards Card		Dutch Bros. Coffee	OFX ext. info: |Trans type:Generic debit|Memo:DUTCH BROS AZ0905 TUCSON TUCSON AZ - 4430	DUTCH BROS AZ0905 TUCSON TUCSON AZ - 4430		c	-315/100	-315/100	2024-08-11 20:19:10
===== END
===== START
C	ed21f469e19346a7a639bc084bc13f48	361248c61b3b442583f60a7f0d7d6891	2024-08-11 20:50:40	2024-08-11 19:49:23	2024-05-02 10:59:00	7c452bea58344d23b0f556cf05df9fe0	Dining		Dutch Bros. Coffee	OFX ext. info: |Trans type:Generic debit|Memo:DUTCH BROS AZ0905 TUCSON TUCSON AZ - 4430			n	315/100	315/100	1970-01-01 00:00:00
C	ed21f469e19346a7a639bc084bc13f48	2fc7ebc054954f6db434aa737ff715dc	2024-08-11 20:50:40	2024-08-11 19:49:23	2024-05-02 10:59:00	48c0a9bb8af04622bbb5c2e2aac3f735	Navy Rewards Card		Dutch Bros. Coffee	OFX ext. info: |Trans type:Generic debit|Memo:DUTCH BROS AZ0905 TUCSON TUCSON AZ - 4430	DUTCH BROS AZ0905 TUCSON TUCSON AZ - 4430		c	-315/100	-315/100	2024-08-11 20:19:10
===== END
===== START
B	b45601a5612c4bc78afe7ee073c82636	ad89ea03f3fc43a78ad3f5eb22b90676	2024-08-11 20:50:49	2024-08-11 19:49:23	2024-05-03 10:59:00	3323a52a32464e5db6926fdc8fbced8f	Imbalance-USD		Instant Ink	OFX ext. info: |Trans type:Generic debit|Memo:HP *INSTANT INK 855-785-2777 CA - 0001			n	760/100	760/100	1970-01-01 00:00:00
B	b45601a5612c4bc78afe7ee073c82636	0b3a5adf4b2142ce96b73f80573a5057	2024-08-11 20:50:49	2024-08-11 19:49:23	2024-05-03 10:59:00	48c0a9bb8af04622bbb5c2e2aac3f735	Navy Rewards Card		Instant Ink	OFX ext. info: |Trans type:Generic debit|Memo:HP *INSTANT INK 855-785-2777 CA - 0001	HP *INSTANT INK 855-785-2777 CA - 0001		c	-760/100	-760/100	2024-08-11 20:19:10
===== END
===== START
C	b45601a5612c4bc78afe7ee073c82636	ad89ea03f3fc43a78ad3f5eb22b90676	2024-08-11 20:50:49	2024-08-11 19:49:23	2024-05-03 10:59:00	3feaad255df249169127e590b1602cd7	Subscriptions		Instant Ink	OFX ext. info: |Trans type:Generic debit|Memo:HP *INSTANT INK 855-785-2777 CA - 0001			n	760/100	760/100	1970-01-01 00:00:00
C	b45601a5612c4bc78afe7ee073c82636	0b3a5adf4b2142ce96b73f80573a5057	2024-08-11 20:50:49	2024-08-11 19:49:23	2024-05-03 10:59:00	48c0a9bb8af04622bbb5c2e2aac3f735	Navy Rewards Card		Instant Ink	OFX ext. info: |Trans type:Generic debit|Memo:HP *INSTANT INK 855-785-2777 CA - 0001	HP *INSTANT INK 855-785-2777 CA - 0001		c	-760/100	-760/100	2024-08-11 20:19:10
===== END
===== START
B	9e145a4082244176874000de6abe1f4f	4b4cc927da104e65836737e9e2ef8ece	2024-08-11 20:50:58	2024-08-11 19:49:23	2024-05-03 10:59:00	3323a52a32464e5db6926fdc8fbced8f	Imbalance-USD		SQ *BORDERLANDS BREWING CTucson	OFX ext. info: |Trans type:Generic debit|Memo:SQ *BORDERLANDS BREWING CTucson AZ - 0001			n	861/100	861/100	1970-01-01 00:00:00
B	9e145a4082244176874000de6abe1f4f	6a7859a0c82d4617a5c4f9c328bb023d	2024-08-11 20:50:58	2024-08-11 19:49:23	2024-05-03 10:59:00	48c0a9bb8af04622bbb5c2e2aac3f735	Navy Rewards Card		SQ *BORDERLANDS BREWING CTucson	OFX ext. info: |Trans type:Generic debit|Memo:SQ *BORDERLANDS BREWING CTucson AZ - 0001	SQ *BORDERLANDS BREWING CTucson AZ - 0001		c	-861/100	-861/100	2024-08-11 20:19:10
===== END
===== START
C	9e145a4082244176874000de6abe1f4f	4b4cc927da104e65836737e9e2ef8ece	2024-08-11 20:50:58	2024-08-11 19:49:23	2024-05-03 10:59:00	7c452bea58344d23b0f556cf05df9fe0	Dining		SQ *BORDERLANDS BREWING CTucson	OFX ext. info: |Trans type:Generic debit|Memo:SQ *BORDERLANDS BREWING CTucson AZ - 0001			n	861/100	861/100	1970-01-01 00:00:00
C	9e145a4082244176874000de6abe1f4f	6a7859a0c82d4617a5c4f9c328bb023d	2024-08-11 20:50:58	2024-08-11 19:49:23	2024-05-03 10:59:00	48c0a9bb8af04622bbb5c2e2aac3f735	Navy Rewards Card		SQ *BORDERLANDS BREWING CTucson	OFX ext. info: |Trans type:Generic debit|Memo:SQ *BORDERLANDS BREWING CTucson AZ - 0001	SQ *BORDERLANDS BREWING CTucson AZ - 0001		c	-861/100	-861/100	2024-08-11 20:19:10
===== END
===== START
B	bbf42c287fb2466db74481d356dc46cd	d7f222f4841248d1bdb64eb7fb8e8001	2024-08-11 20:51:00	2024-08-11 19:49:23	2024-05-03 10:59:00	3323a52a32464e5db6926fdc8fbced8f	Imbalance-USD		SQ *BORDERLANDS TAPROOM CTucson	OFX ext. info: |Trans type:Generic debit|Memo:SQ *BORDERLANDS TAPROOM CTucson AZ - 0001			n	1078/100	1078/100	1970-01-01 00:00:00
B	bbf42c287fb2466db74481d356dc46cd	1812548a1cee4368a5e7a352d26b43b8	2024-08-11 20:51:00	2024-08-11 19:49:23	2024-05-03 10:59:00	48c0a9bb8af04622bbb5c2e2aac3f735	Navy Rewards Card		SQ *BORDERLANDS TAPROOM CTucson	OFX ext. info: |Trans type:Generic debit|Memo:SQ *BORDERLANDS TAPROOM CTucson AZ - 0001	SQ *BORDERLANDS TAPROOM CTucson AZ - 0001		c	-1078/100	-1078/100	2024-08-11 20:19:10
===== END
===== START
C	bbf42c287fb2466db74481d356dc46cd	d7f222f4841248d1bdb64eb7fb8e8001	2024-08-11 20:51:00	2024-08-11 19:49:23	2024-05-03 10:59:00	7c452bea58344d23b0f556cf05df9fe0	Dining		SQ *BORDERLANDS TAPROOM CTucson	OFX ext. info: |Trans type:Generic debit|Memo:SQ *BORDERLANDS TAPROOM CTucson AZ - 0001			n	1078/100	1078/100	1970-01-01 00:00:00
C	bbf42c287fb2466db74481d356dc46cd	1812548a1cee4368a5e7a352d26b43b8	2024-08-11 20:51:00	2024-08-11 19:49:23	2024-05-03 10:59:00	48c0a9bb8af04622bbb5c2e2aac3f735	Navy Rewards Card		SQ *BORDERLANDS TAPROOM CTucson	OFX ext. info: |Trans type:Generic debit|Memo:SQ *BORDERLANDS TAPROOM CTucson AZ - 0001	SQ *BORDERLANDS TAPROOM CTucson AZ - 0001		c	-1078/100	-1078/100	2024-08-11 20:19:10
===== END
===== START
B	02f10852c4cd4d12986ebde1845ed489	b9e59fcfb5944d8698c09daac845ccc4	2024-08-11 20:51:04	2024-08-11 19:49:23	2024-05-06 10:59:00	3323a52a32464e5db6926fdc8fbced8f	Imbalance-USD		Adobe	OFX ext. info: |Trans type:Generic debit|Memo:ADOBE INC. 408-536-6000 CA - 4430			n	3239/100	3239/100	1970-01-01 00:00:00
B	02f10852c4cd4d12986ebde1845ed489	9859d7d8c44b4c84ab30b6bfbb5679c8	2024-08-11 20:51:04	2024-08-11 19:49:23	2024-05-06 10:59:00	48c0a9bb8af04622bbb5c2e2aac3f735	Navy Rewards Card		Adobe	OFX ext. info: |Trans type:Generic debit|Memo:ADOBE INC. 408-536-6000 CA - 4430	ADOBE INC. 408-536-6000 CA - 4430		c	-3239/100	-3239/100	2024-08-11 20:19:10
===== END
===== START
C	02f10852c4cd4d12986ebde1845ed489	b9e59fcfb5944d8698c09daac845ccc4	2024-08-11 20:51:04	2024-08-11 19:49:23	2024-05-06 10:59:00	3feaad255df249169127e590b1602cd7	Subscriptions		Adobe	OFX ext. info: |Trans type:Generic debit|Memo:ADOBE INC. 408-536-6000 CA - 4430			n	3239/100	3239/100	1970-01-01 00:00:00
C	02f10852c4cd4d12986ebde1845ed489	9859d7d8c44b4c84ab30b6bfbb5679c8	2024-08-11 20:51:04	2024-08-11 19:49:23	2024-05-06 10:59:00	48c0a9bb8af04622bbb5c2e2aac3f735	Navy Rewards Card		Adobe	OFX ext. info: |Trans type:Generic debit|Memo:ADOBE INC. 408-536-6000 CA - 4430	ADOBE INC. 408-536-6000 CA - 4430		c	-3239/100	-3239/100	2024-08-11 20:19:10
===== END
===== START
B	7175412966a445e7ba10cd9ea9409b94	20b93373f10545529ba7723f36b4dca1	2024-08-11 20:51:16	2024-08-11 19:49:23	2024-05-06 10:59:00	3323a52a32464e5db6926fdc8fbced8f	Imbalance-USD		AMAZON MAR* XX5464 HTTPSAMAZON.C	OFX ext. info: |Trans type:Generic debit|Memo:AMAZON MAR* 113-775464 HTTPSAMAZON.CWA - 4430			n	6952/100	6952/100	1970-01-01 00:00:00
B	7175412966a445e7ba10cd9ea9409b94	aebbd385195a4b8fa4d1ebf131ea31e2	2024-08-11 20:51:16	2024-08-11 19:49:23	2024-05-06 10:59:00	48c0a9bb8af04622bbb5c2e2aac3f735	Navy Rewards Card		AMAZON MAR* XX5464 HTTPSAMAZON.C	OFX ext. info: |Trans type:Generic debit|Memo:AMAZON MAR* 113-775464 HTTPSAMAZON.CWA - 4430	AMAZON MAR* 113-775464 HTTPSAMAZON.CWA - 4430		c	-6952/100	-6952/100	2024-08-11 20:19:10
===== END
===== START
C	7175412966a445e7ba10cd9ea9409b94	20b93373f10545529ba7723f36b4dca1	2024-08-11 20:51:16	2024-08-11 19:49:23	2024-05-06 10:59:00	f51833ab51c446f28a6ab0d10a773759	Miscellaneous		AMAZON MAR* XX5464 HTTPSAMAZON.C	OFX ext. info: |Trans type:Generic debit|Memo:AMAZON MAR* 113-775464 HTTPSAMAZON.CWA - 4430			n	6952/100	6952/100	1970-01-01 00:00:00
C	7175412966a445e7ba10cd9ea9409b94	aebbd385195a4b8fa4d1ebf131ea31e2	2024-08-11 20:51:16	2024-08-11 19:49:23	2024-05-06 10:59:00	48c0a9bb8af04622bbb5c2e2aac3f735	Navy Rewards Card		AMAZON MAR* XX5464 HTTPSAMAZON.C	OFX ext. info: |Trans type:Generic debit|Memo:AMAZON MAR* 113-775464 HTTPSAMAZON.CWA - 4430	AMAZON MAR* 113-775464 HTTPSAMAZON.CWA - 4430		c	-6952/100	-6952/100	2024-08-11 20:19:10
===== END
===== START
B	d1baf411313640fdb87335f5d4317063	44b95fefa6a44377918ea0dad7c1e2f6	2024-08-11 20:51:24	2024-08-11 19:49:23	2024-05-06 10:59:00	3323a52a32464e5db6926fdc8fbced8f	Imbalance-USD		BENARDA VETERINARY HOSPITTUCSON	OFX ext. info: |Trans type:Generic debit|Memo:BENARDA VETERINARY HOSPITTUCSON AZ - 4430			n	24750/100	24750/100	1970-01-01 00:00:00
B	d1baf411313640fdb87335f5d4317063	260df630a5b34d8c8332b1bb69c2a2e9	2024-08-11 20:51:24	2024-08-11 19:49:23	2024-05-06 10:59:00	48c0a9bb8af04622bbb5c2e2aac3f735	Navy Rewards Card		BENARDA VETERINARY HOSPITTUCSON	OFX ext. info: |Trans type:Generic debit|Memo:BENARDA VETERINARY HOSPITTUCSON AZ - 4430	BENARDA VETERINARY HOSPITTUCSON AZ - 4430		c	-24750/100	-24750/100	2024-08-11 20:19:10
===== END
===== START
C	d1baf411313640fdb87335f5d4317063	44b95fefa6a44377918ea0dad7c1e2f6	2024-08-11 20:51:24	2024-08-11 19:49:23	2024-05-06 10:59:00	0287a1bc9c4949d4a9997f42ef1fe557	Pet Care		BENARDA VETERINARY HOSPITTUCSON	OFX ext. info: |Trans type:Generic debit|Memo:BENARDA VETERINARY HOSPITTUCSON AZ - 4430			n	24750/100	24750/100	1970-01-01 00:00:00
C	d1baf411313640fdb87335f5d4317063	260df630a5b34d8c8332b1bb69c2a2e9	2024-08-11 20:51:24	2024-08-11 19:49:23	2024-05-06 10:59:00	48c0a9bb8af04622bbb5c2e2aac3f735	Navy Rewards Card		BENARDA VETERINARY HOSPITTUCSON	OFX ext. info: |Trans type:Generic debit|Memo:BENARDA VETERINARY HOSPITTUCSON AZ - 4430	BENARDA VETERINARY HOSPITTUCSON AZ - 4430		c	-24750/100	-24750/100	2024-08-11 20:19:10
===== END
===== START
B	0199351b22c14543b1189e2cd286cbc8	f62e058d95a640e7b2cb6ea3ef9273c5	2024-08-11 20:51:30	2024-08-11 19:49:23	2024-05-06 10:59:00	8e074199bfaa4e0aae7c0e094b0ccf9e	Gas		Costco	OFX ext. info: |Trans type:Generic debit|Memo:COSTCO WHSE #0407 TUCSON AZ - 0001			n	216/100	216/100	1970-01-01 00:00:00
B	0199351b22c14543b1189e2cd286cbc8	b4a48f4fb37d4fbca0b3b687b47d979c	2024-08-11 20:51:30	2024-08-11 19:49:23	2024-05-06 10:59:00	48c0a9bb8af04622bbb5c2e2aac3f735	Navy Rewards Card		Costco	OFX ext. info: |Trans type:Generic debit|Memo:COSTCO WHSE #0407 TUCSON AZ - 0001	COSTCO WHSE #0407 TUCSON AZ - 0001		c	-216/100	-216/100	2024-08-11 20:19:10
===== END
===== START
C	0199351b22c14543b1189e2cd286cbc8	f62e058d95a640e7b2cb6ea3ef9273c5	2024-08-11 20:51:30	2024-08-11 19:49:23	2024-05-06 10:59:00	7c452bea58344d23b0f556cf05df9fe0	Dining		Costco	OFX ext. info: |Trans type:Generic debit|Memo:COSTCO WHSE #0407 TUCSON AZ - 0001			n	216/100	216/100	1970-01-01 00:00:00
C	0199351b22c14543b1189e2cd286cbc8	b4a48f4fb37d4fbca0b3b687b47d979c	2024-08-11 20:51:30	2024-08-11 19:49:23	2024-05-06 10:59:00	48c0a9bb8af04622bbb5c2e2aac3f735	Navy Rewards Card		Costco	OFX ext. info: |Trans type:Generic debit|Memo:COSTCO WHSE #0407 TUCSON AZ - 0001	COSTCO WHSE #0407 TUCSON AZ - 0001		c	-216/100	-216/100	2024-08-11 20:19:10
===== END
===== START
B	1a785271095145ffbe5a392dca7b455f	a629ab7236464354a99c88e90ae06f35	2024-08-11 20:51:36	2024-08-11 19:49:23	2024-05-06 10:59:00	8e074199bfaa4e0aae7c0e094b0ccf9e	Gas		Costco	OFX ext. info: |Trans type:Generic debit|Memo:COSTCO WHSE #0407 TUCSON AZ - 0001			n	7316/100	7316/100	1970-01-01 00:00:00
B	1a785271095145ffbe5a392dca7b455f	c27937a078234edbba2afcc36cc7e041	2024-08-11 20:51:36	2024-08-11 19:49:23	2024-05-06 10:59:00	48c0a9bb8af04622bbb5c2e2aac3f735	Navy Rewards Card		Costco	OFX ext. info: |Trans type:Generic debit|Memo:COSTCO WHSE #0407 TUCSON AZ - 0001	COSTCO WHSE #0407 TUCSON AZ - 0001		c	-7316/100	-7316/100	2024-08-11 20:19:10
===== END
===== START
C	1a785271095145ffbe5a392dca7b455f	a629ab7236464354a99c88e90ae06f35	2024-08-11 20:51:36	2024-08-11 19:49:23	2024-05-06 10:59:00	a996b30c3e714c1483ec007f2699fc71	Groceries		Costco	OFX ext. info: |Trans type:Generic debit|Memo:COSTCO WHSE #0407 TUCSON AZ - 0001			n	7316/100	7316/100	1970-01-01 00:00:00
C	1a785271095145ffbe5a392dca7b455f	c27937a078234edbba2afcc36cc7e041	2024-08-11 20:51:36	2024-08-11 19:49:23	2024-05-06 10:59:00	48c0a9bb8af04622bbb5c2e2aac3f735	Navy Rewards Card		Costco	OFX ext. info: |Trans type:Generic debit|Memo:COSTCO WHSE #0407 TUCSON AZ - 0001	COSTCO WHSE #0407 TUCSON AZ - 0001		c	-7316/100	-7316/100	2024-08-11 20:19:10
===== END
===== START
B	bb6ba56e8c5d49d999fbdebe3e748fbf	0b81e28608c940848720c052fe1010d2	2024-08-11 20:51:41	2024-08-11 19:49:23	2024-05-06 10:59:00	3323a52a32464e5db6926fdc8fbced8f	Imbalance-USD		GoTucson - Parking XX-2500 NC -	OFX ext. info: |Trans type:Generic debit|Memo:GoTucson - Parking 704-817-2500 NC - 0001			n	300/100	300/100	1970-01-01 00:00:00
B	bb6ba56e8c5d49d999fbdebe3e748fbf	47bf821ae05d4d3387c7300bc681dd9e	2024-08-11 20:51:41	2024-08-11 19:49:23	2024-05-06 10:59:00	48c0a9bb8af04622bbb5c2e2aac3f735	Navy Rewards Card		GoTucson - Parking XX-2500 NC -	OFX ext. info: |Trans type:Generic debit|Memo:GoTucson - Parking 704-817-2500 NC - 0001	GoTucson - Parking 704-817-2500 NC - 0001		c	-300/100	-300/100	2024-08-11 20:19:10
===== END
===== START
C	bb6ba56e8c5d49d999fbdebe3e748fbf	0b81e28608c940848720c052fe1010d2	2024-08-11 20:51:41	2024-08-11 19:49:23	2024-05-06 10:59:00	39523e58dddf4d9c83c3a995e932b37f	Travel		GoTucson - Parking XX-2500 NC -	OFX ext. info: |Trans type:Generic debit|Memo:GoTucson - Parking 704-817-2500 NC - 0001			n	300/100	300/100	1970-01-01 00:00:00
C	bb6ba56e8c5d49d999fbdebe3e748fbf	47bf821ae05d4d3387c7300bc681dd9e	2024-08-11 20:51:41	2024-08-11 19:49:23	2024-05-06 10:59:00	48c0a9bb8af04622bbb5c2e2aac3f735	Navy Rewards Card		GoTucson - Parking XX-2500 NC -	OFX ext. info: |Trans type:Generic debit|Memo:GoTucson - Parking 704-817-2500 NC - 0001	GoTucson - Parking 704-817-2500 NC - 0001		c	-300/100	-300/100	2024-08-11 20:19:10
===== END
===== START
B	6041518f2c55469d800078f8cfa53943	89f5c118490645cdb1a1afcb040e50c1	2024-08-11 20:51:47	2024-08-11 19:49:23	2024-05-06 10:59:00	3323a52a32464e5db6926fdc8fbced8f	Imbalance-USD		Mister Car Wash	OFX ext. info: |Trans type:Generic debit|Memo:MISTER CAR WASH #0335 TUCSON AZ - 0001			n	1500/100	1500/100	1970-01-01 00:00:00
B	6041518f2c55469d800078f8cfa53943	240d155312ea4f249eee9fa65f3fc83b	2024-08-11 20:51:47	2024-08-11 19:49:23	2024-05-06 10:59:00	48c0a9bb8af04622bbb5c2e2aac3f735	Navy Rewards Card		Mister Car Wash	OFX ext. info: |Trans type:Generic debit|Memo:MISTER CAR WASH #0335 TUCSON AZ - 0001	MISTER CAR WASH #0335 TUCSON AZ - 0001		c	-1500/100	-1500/100	2024-08-11 20:19:10
===== END
===== START
C	6041518f2c55469d800078f8cfa53943	89f5c118490645cdb1a1afcb040e50c1	2024-08-11 20:51:47	2024-08-11 19:49:23	2024-05-06 10:59:00	f51833ab51c446f28a6ab0d10a773759	Miscellaneous		Mister Car Wash	OFX ext. info: |Trans type:Generic debit|Memo:MISTER CAR WASH #0335 TUCSON AZ - 0001			n	1500/100	1500/100	1970-01-01 00:00:00
C	6041518f2c55469d800078f8cfa53943	240d155312ea4f249eee9fa65f3fc83b	2024-08-11 20:51:47	2024-08-11 19:49:23	2024-05-06 10:59:00	48c0a9bb8af04622bbb5c2e2aac3f735	Navy Rewards Card		Mister Car Wash	OFX ext. info: |Trans type:Generic debit|Memo:MISTER CAR WASH #0335 TUCSON AZ - 0001	MISTER CAR WASH #0335 TUCSON AZ - 0001		c	-1500/100	-1500/100	2024-08-11 20:19:10
===== END
===== START
B	7da4cba3f38e47199204814b54d54ef4	b9d47c538112410b931296df4c189a90	2024-08-11 20:51:51	2024-08-11 19:49:23	2024-05-06 10:59:00	3323a52a32464e5db6926fdc8fbced8f	Imbalance-USD		Natural Grocers	OFX ext. info: |Trans type:Generic debit|Memo:NATURAL GROCERS TR TUCSON AZ - 4430			n	4311/100	4311/100	1970-01-01 00:00:00
B	7da4cba3f38e47199204814b54d54ef4	c6143a9c45ca404080187abec150f8e7	2024-08-11 20:51:51	2024-08-11 19:49:23	2024-05-06 10:59:00	48c0a9bb8af04622bbb5c2e2aac3f735	Navy Rewards Card		Natural Grocers	OFX ext. info: |Trans type:Generic debit|Memo:NATURAL GROCERS TR TUCSON AZ - 4430	NATURAL GROCERS TR TUCSON AZ - 4430		c	-4311/100	-4311/100	2024-08-11 20:19:10
===== END
===== START
C	7da4cba3f38e47199204814b54d54ef4	b9d47c538112410b931296df4c189a90	2024-08-11 20:51:51	2024-08-11 19:49:23	2024-05-06 10:59:00	a996b30c3e714c1483ec007f2699fc71	Groceries		Natural Grocers	OFX ext. info: |Trans type:Generic debit|Memo:NATURAL GROCERS TR TUCSON AZ - 4430			n	4311/100	4311/100	1970-01-01 00:00:00
C	7da4cba3f38e47199204814b54d54ef4	c6143a9c45ca404080187abec150f8e7	2024-08-11 20:51:51	2024-08-11 19:49:23	2024-05-06 10:59:00	48c0a9bb8af04622bbb5c2e2aac3f735	Navy Rewards Card		Natural Grocers	OFX ext. info: |Trans type:Generic debit|Memo:NATURAL GROCERS TR TUCSON AZ - 4430	NATURAL GROCERS TR TUCSON AZ - 4430		c	-4311/100	-4311/100	2024-08-11 20:19:10
===== END
===== START
B	6f0ed817c03f4c7db91ad9eefee46b6d	0c833ee32b674287816e3d4759f43ad9	2024-08-11 20:52:05	2024-08-11 19:49:23	2024-05-06 10:59:00	3323a52a32464e5db6926fdc8fbced8f	Imbalance-USD		PIMA CNTY PARKING GARAGE TUCSON	OFX ext. info: |Trans type:Generic debit|Memo:PIMA CNTY PARKING GARAGE TUCSON AZ - 0001			n	200/100	200/100	1970-01-01 00:00:00
B	6f0ed817c03f4c7db91ad9eefee46b6d	23abe89eb0834bc780ff4ad797e2ab28	2024-08-11 20:52:05	2024-08-11 19:49:23	2024-05-06 10:59:00	48c0a9bb8af04622bbb5c2e2aac3f735	Navy Rewards Card		PIMA CNTY PARKING GARAGE TUCSON	OFX ext. info: |Trans type:Generic debit|Memo:PIMA CNTY PARKING GARAGE TUCSON AZ - 0001	PIMA CNTY PARKING GARAGE TUCSON AZ - 0001		c	-200/100	-200/100	2024-08-11 20:19:10
===== END
===== START
C	6f0ed817c03f4c7db91ad9eefee46b6d	0c833ee32b674287816e3d4759f43ad9	2024-08-11 20:52:05	2024-08-11 19:49:23	2024-05-06 10:59:00	39523e58dddf4d9c83c3a995e932b37f	Travel		PIMA CNTY PARKING GARAGE TUCSON	OFX ext. info: |Trans type:Generic debit|Memo:PIMA CNTY PARKING GARAGE TUCSON AZ - 0001			n	200/100	200/100	1970-01-01 00:00:00
C	6f0ed817c03f4c7db91ad9eefee46b6d	23abe89eb0834bc780ff4ad797e2ab28	2024-08-11 20:52:05	2024-08-11 19:49:23	2024-05-06 10:59:00	48c0a9bb8af04622bbb5c2e2aac3f735	Navy Rewards Card		PIMA CNTY PARKING GARAGE TUCSON	OFX ext. info: |Trans type:Generic debit|Memo:PIMA CNTY PARKING GARAGE TUCSON AZ - 0001	PIMA CNTY PARKING GARAGE TUCSON AZ - 0001		c	-200/100	-200/100	2024-08-11 20:19:10
===== END
===== START
B	9b089d9c75f34ff39014b0e25ec358ca	a85e472748054e28b168e7422600945c	2024-08-11 20:52:09	2024-08-11 19:49:23	2024-05-06 10:59:00	3323a52a32464e5db6926fdc8fbced8f	Imbalance-USD		SQ *BORDERLANDS BREWING CTucson	OFX ext. info: |Trans type:Generic debit|Memo:SQ *BORDERLANDS BREWING CTucson AZ - 0001			n	1631/100	1631/100	1970-01-01 00:00:00
B	9b089d9c75f34ff39014b0e25ec358ca	26cc21d057a64775ab927ac812678f8e	2024-08-11 20:52:09	2024-08-11 19:49:23	2024-05-06 10:59:00	48c0a9bb8af04622bbb5c2e2aac3f735	Navy Rewards Card		SQ *BORDERLANDS BREWING CTucson	OFX ext. info: |Trans type:Generic debit|Memo:SQ *BORDERLANDS BREWING CTucson AZ - 0001	SQ *BORDERLANDS BREWING CTucson AZ - 0001		c	-1631/100	-1631/100	2024-08-11 20:19:10
===== END
===== START
C	9b089d9c75f34ff39014b0e25ec358ca	a85e472748054e28b168e7422600945c	2024-08-11 20:52:09	2024-08-11 19:49:23	2024-05-06 10:59:00	7c452bea58344d23b0f556cf05df9fe0	Dining		SQ *BORDERLANDS BREWING CTucson	OFX ext. info: |Trans type:Generic debit|Memo:SQ *BORDERLANDS BREWING CTucson AZ - 0001			n	1631/100	1631/100	1970-01-01 00:00:00
C	9b089d9c75f34ff39014b0e25ec358ca	26cc21d057a64775ab927ac812678f8e	2024-08-11 20:52:09	2024-08-11 19:49:23	2024-05-06 10:59:00	48c0a9bb8af04622bbb5c2e2aac3f735	Navy Rewards Card		SQ *BORDERLANDS BREWING CTucson	OFX ext. info: |Trans type:Generic debit|Memo:SQ *BORDERLANDS BREWING CTucson AZ - 0001	SQ *BORDERLANDS BREWING CTucson AZ - 0001		c	-1631/100	-1631/100	2024-08-11 20:19:10
===== END
===== START
B	9d322e26e5d641ebb09dd186d6e2f888	6fff40592495429592fca9958c2c2228	2024-08-11 20:52:12	2024-08-11 19:49:23	2024-05-06 10:59:00	3323a52a32464e5db6926fdc8fbced8f	Imbalance-USD		SQ *SONORA MOONSHINE CO. Tucson	OFX ext. info: |Trans type:Generic debit|Memo:SQ *SONORA MOONSHINE CO. Tucson AZ - 0001			n	3000/100	3000/100	1970-01-01 00:00:00
B	9d322e26e5d641ebb09dd186d6e2f888	8fc3e5502487439fa23c4fc17c888678	2024-08-11 20:52:12	2024-08-11 19:49:23	2024-05-06 10:59:00	48c0a9bb8af04622bbb5c2e2aac3f735	Navy Rewards Card		SQ *SONORA MOONSHINE CO. Tucson	OFX ext. info: |Trans type:Generic debit|Memo:SQ *SONORA MOONSHINE CO. Tucson AZ - 0001	SQ *SONORA MOONSHINE CO. Tucson AZ - 0001		c	-3000/100	-3000/100	2024-08-11 20:19:10
===== END
===== START
C	9d322e26e5d641ebb09dd186d6e2f888	6fff40592495429592fca9958c2c2228	2024-08-11 20:52:12	2024-08-11 19:49:23	2024-05-06 10:59:00	7c452bea58344d23b0f556cf05df9fe0	Dining		SQ *SONORA MOONSHINE CO. Tucson	OFX ext. info: |Trans type:Generic debit|Memo:SQ *SONORA MOONSHINE CO. Tucson AZ - 0001			n	3000/100	3000/100	1970-01-01 00:00:00
C	9d322e26e5d641ebb09dd186d6e2f888	8fc3e5502487439fa23c4fc17c888678	2024-08-11 20:52:12	2024-08-11 19:49:23	2024-05-06 10:59:00	48c0a9bb8af04622bbb5c2e2aac3f735	Navy Rewards Card		SQ *SONORA MOONSHINE CO. Tucson	OFX ext. info: |Trans type:Generic debit|Memo:SQ *SONORA MOONSHINE CO. Tucson AZ - 0001	SQ *SONORA MOONSHINE CO. Tucson AZ - 0001		c	-3000/100	-3000/100	2024-08-11 20:19:10
===== END
===== START
B	76af2d5d51dd42ca97b2ea21b1f62665	7fb8fea72f014d33998a8242aaa1642d	2024-08-11 20:52:17	2024-08-11 19:49:23	2024-05-06 10:59:00	3323a52a32464e5db6926fdc8fbced8f	Imbalance-USD		The Home Depot	OFX ext. info: |Trans type:Generic debit|Memo:THE HOME DEPOT #0486 TUCSON AZ - 0001			n	1834/100	1834/100	1970-01-01 00:00:00
B	76af2d5d51dd42ca97b2ea21b1f62665	f640146dd3b44bf988634c4eaab7bcef	2024-08-11 20:52:17	2024-08-11 19:49:23	2024-05-06 10:59:00	48c0a9bb8af04622bbb5c2e2aac3f735	Navy Rewards Card		The Home Depot	OFX ext. info: |Trans type:Generic debit|Memo:THE HOME DEPOT #0486 TUCSON AZ - 0001	THE HOME DEPOT #0486 TUCSON AZ - 0001		c	-1834/100	-1834/100	2024-08-11 20:19:10
===== END
===== START
C	76af2d5d51dd42ca97b2ea21b1f62665	7fb8fea72f014d33998a8242aaa1642d	2024-08-11 20:52:17	2024-08-11 19:49:23	2024-05-06 10:59:00	e96006f03af946419f174c26ada68cf6	Home Repair		The Home Depot	OFX ext. info: |Trans type:Generic debit|Memo:THE HOME DEPOT #0486 TUCSON AZ - 0001			n	1834/100	1834/100	1970-01-01 00:00:00
C	76af2d5d51dd42ca97b2ea21b1f62665	f640146dd3b44bf988634c4eaab7bcef	2024-08-11 20:52:17	2024-08-11 19:49:23	2024-05-06 10:59:00	48c0a9bb8af04622bbb5c2e2aac3f735	Navy Rewards Card		The Home Depot	OFX ext. info: |Trans type:Generic debit|Memo:THE HOME DEPOT #0486 TUCSON AZ - 0001	THE HOME DEPOT #0486 TUCSON AZ - 0001		c	-1834/100	-1834/100	2024-08-11 20:19:10
===== END
===== START
B	15b774d2b3b7406a8823a60ec184bd60	4101ee7e192a4e7ca0aa9cc84917aead	2024-08-11 20:53:32	2024-08-11 19:49:23	2024-05-06 10:59:00	3323a52a32464e5db6926fdc8fbced8f	Imbalance-USD		TST* FLORAS MARKET RUN Tucson AZ	OFX ext. info: |Trans type:Generic debit|Memo:TST* FLORAS MARKET RUN Tucson AZ - 0001			n	1291/100	1291/100	1970-01-01 00:00:00
B	15b774d2b3b7406a8823a60ec184bd60	4ad5a3eabb0b45e58c1f42e8893b908e	2024-08-11 20:53:32	2024-08-11 19:49:23	2024-05-06 10:59:00	48c0a9bb8af04622bbb5c2e2aac3f735	Navy Rewards Card		TST* FLORAS MARKET RUN Tucson AZ	OFX ext. info: |Trans type:Generic debit|Memo:TST* FLORAS MARKET RUN Tucson AZ - 0001	TST* FLORAS MARKET RUN Tucson AZ - 0001		c	-1291/100	-1291/100	2024-08-11 20:19:10
===== END
===== START
C	15b774d2b3b7406a8823a60ec184bd60	4101ee7e192a4e7ca0aa9cc84917aead	2024-08-11 20:53:32	2024-08-11 19:49:23	2024-05-06 10:59:00	7c452bea58344d23b0f556cf05df9fe0	Dining		TST* FLORAS MARKET RUN Tucson AZ	OFX ext. info: |Trans type:Generic debit|Memo:TST* FLORAS MARKET RUN Tucson AZ - 0001			n	1291/100	1291/100	1970-01-01 00:00:00
C	15b774d2b3b7406a8823a60ec184bd60	4ad5a3eabb0b45e58c1f42e8893b908e	2024-08-11 20:53:32	2024-08-11 19:49:23	2024-05-06 10:59:00	48c0a9bb8af04622bbb5c2e2aac3f735	Navy Rewards Card		TST* FLORAS MARKET RUN Tucson AZ	OFX ext. info: |Trans type:Generic debit|Memo:TST* FLORAS MARKET RUN Tucson AZ - 0001	TST* FLORAS MARKET RUN Tucson AZ - 0001		c	-1291/100	-1291/100	2024-08-11 20:19:10
===== END
===== START
B	27fe61aa099d4f3f8d99e0c2046d9658	a2d658dcb0f34b6b834bb2731bbfcc0c	2024-08-11 20:53:38	2024-08-11 19:49:23	2024-05-07 10:59:00	3323a52a32464e5db6926fdc8fbced8f	Imbalance-USD		The Home Depot	OFX ext. info: |Trans type:Generic debit|Memo:THE HOME DEPOT #0486 TUCSON AZ - 0001			n	1707/100	1707/100	1970-01-01 00:00:00
B	27fe61aa099d4f3f8d99e0c2046d9658	1579d31ccb2a49b1846f36f09a42f848	2024-08-11 20:53:38	2024-08-11 19:49:23	2024-05-07 10:59:00	48c0a9bb8af04622bbb5c2e2aac3f735	Navy Rewards Card		The Home Depot	OFX ext. info: |Trans type:Generic debit|Memo:THE HOME DEPOT #0486 TUCSON AZ - 0001	THE HOME DEPOT #0486 TUCSON AZ - 0001		c	-1707/100	-1707/100	2024-08-11 20:19:10
===== END
===== START
C	27fe61aa099d4f3f8d99e0c2046d9658	a2d658dcb0f34b6b834bb2731bbfcc0c	2024-08-11 20:53:38	2024-08-11 19:49:23	2024-05-07 10:59:00	e96006f03af946419f174c26ada68cf6	Home Repair		The Home Depot	OFX ext. info: |Trans type:Generic debit|Memo:THE HOME DEPOT #0486 TUCSON AZ - 0001			n	1707/100	1707/100	1970-01-01 00:00:00
C	27fe61aa099d4f3f8d99e0c2046d9658	1579d31ccb2a49b1846f36f09a42f848	2024-08-11 20:53:38	2024-08-11 19:49:23	2024-05-07 10:59:00	48c0a9bb8af04622bbb5c2e2aac3f735	Navy Rewards Card		The Home Depot	OFX ext. info: |Trans type:Generic debit|Memo:THE HOME DEPOT #0486 TUCSON AZ - 0001	THE HOME DEPOT #0486 TUCSON AZ - 0001		c	-1707/100	-1707/100	2024-08-11 20:19:10
===== END
===== START
B	306351220e3f441a9f83d9b408f02837	2b53fd04aef7429bb52aaaee94caf96c	2024-08-11 20:53:44	2024-08-11 19:49:23	2024-05-10 10:59:00	3323a52a32464e5db6926fdc8fbced8f	Imbalance-USD		Amazon	OFX ext. info: |Trans type:Generic debit|Memo:AMAZON PRIME*KO70O1K43 amzn.com/billWA - 0001			n	325/100	325/100	1970-01-01 00:00:00
B	306351220e3f441a9f83d9b408f02837	7378801502b7443c973e837ddec65967	2024-08-11 20:53:44	2024-08-11 19:49:23	2024-05-10 10:59:00	48c0a9bb8af04622bbb5c2e2aac3f735	Navy Rewards Card		Amazon	OFX ext. info: |Trans type:Generic debit|Memo:AMAZON PRIME*KO70O1K43 amzn.com/billWA - 0001	AMAZON PRIME*KO70O1K43 amzn.com/billWA - 0001		c	-325/100	-325/100	2024-08-11 20:19:11
===== END
===== START
C	306351220e3f441a9f83d9b408f02837	2b53fd04aef7429bb52aaaee94caf96c	2024-08-11 20:53:44	2024-08-11 19:49:23	2024-05-10 10:59:00	f51833ab51c446f28a6ab0d10a773759	Miscellaneous		Amazon	OFX ext. info: |Trans type:Generic debit|Memo:AMAZON PRIME*KO70O1K43 amzn.com/billWA - 0001			n	325/100	325/100	1970-01-01 00:00:00
C	306351220e3f441a9f83d9b408f02837	7378801502b7443c973e837ddec65967	2024-08-11 20:53:44	2024-08-11 19:49:23	2024-05-10 10:59:00	48c0a9bb8af04622bbb5c2e2aac3f735	Navy Rewards Card		Amazon	OFX ext. info: |Trans type:Generic debit|Memo:AMAZON PRIME*KO70O1K43 amzn.com/billWA - 0001	AMAZON PRIME*KO70O1K43 amzn.com/billWA - 0001		c	-325/100	-325/100	2024-08-11 20:19:11
===== END
===== START
B	d5ee88809db54a409c841b94fea9c465	770b5c9149f8490a92637453214c6cd1	2024-08-11 20:53:46	2024-08-11 19:49:23	2024-05-10 10:59:00	3323a52a32464e5db6926fdc8fbced8f	Imbalance-USD		McDonald's	OFX ext. info: |Trans type:Generic debit|Memo:McDonalds 39562 TUCSON AZ - 0001			n	379/100	379/100	1970-01-01 00:00:00
B	d5ee88809db54a409c841b94fea9c465	dab039503fed4fb6a180c3e774a80d44	2024-08-11 20:53:46	2024-08-11 19:49:23	2024-05-10 10:59:00	48c0a9bb8af04622bbb5c2e2aac3f735	Navy Rewards Card		McDonald's	OFX ext. info: |Trans type:Generic debit|Memo:McDonalds 39562 TUCSON AZ - 0001	McDonalds 39562 TUCSON AZ - 0001		c	-379/100	-379/100	2024-08-11 20:19:11
===== END
===== START
C	d5ee88809db54a409c841b94fea9c465	770b5c9149f8490a92637453214c6cd1	2024-08-11 20:53:46	2024-08-11 19:49:23	2024-05-10 10:59:00	7c452bea58344d23b0f556cf05df9fe0	Dining		McDonald's	OFX ext. info: |Trans type:Generic debit|Memo:McDonalds 39562 TUCSON AZ - 0001			n	379/100	379/100	1970-01-01 00:00:00
C	d5ee88809db54a409c841b94fea9c465	dab039503fed4fb6a180c3e774a80d44	2024-08-11 20:53:46	2024-08-11 19:49:23	2024-05-10 10:59:00	48c0a9bb8af04622bbb5c2e2aac3f735	Navy Rewards Card		McDonald's	OFX ext. info: |Trans type:Generic debit|Memo:McDonalds 39562 TUCSON AZ - 0001	McDonalds 39562 TUCSON AZ - 0001		c	-379/100	-379/100	2024-08-11 20:19:11
===== END
===== START
B	f2dec7f936b94a1cad58b8bda0fe14d2	063c0674b0a8497ba126f38b9b243da8	2024-08-11 20:53:57	2024-08-11 19:49:23	2024-05-10 10:59:00	3323a52a32464e5db6926fdc8fbced8f	Imbalance-USD		Trident Grill Ii	OFX ext. info: |Trans type:Generic debit|Memo:TRIDENT GRILL II TUCSON AZ - 0001			n	4405/100	4405/100	1970-01-01 00:00:00
B	f2dec7f936b94a1cad58b8bda0fe14d2	174fe1f3c56448a785b003824d8db300	2024-08-11 20:53:57	2024-08-11 19:49:23	2024-05-10 10:59:00	48c0a9bb8af04622bbb5c2e2aac3f735	Navy Rewards Card		Trident Grill Ii	OFX ext. info: |Trans type:Generic debit|Memo:TRIDENT GRILL II TUCSON AZ - 0001	TRIDENT GRILL II TUCSON AZ - 0001		c	-4405/100	-4405/100	2024-08-11 20:19:11
===== END
===== START
C	f2dec7f936b94a1cad58b8bda0fe14d2	063c0674b0a8497ba126f38b9b243da8	2024-08-11 20:53:57	2024-08-11 19:49:23	2024-05-10 10:59:00	7c452bea58344d23b0f556cf05df9fe0	Dining		Trident Grill Ii	OFX ext. info: |Trans type:Generic debit|Memo:TRIDENT GRILL II TUCSON AZ - 0001			n	4405/100	4405/100	1970-01-01 00:00:00
C	f2dec7f936b94a1cad58b8bda0fe14d2	174fe1f3c56448a785b003824d8db300	2024-08-11 20:53:57	2024-08-11 19:49:23	2024-05-10 10:59:00	48c0a9bb8af04622bbb5c2e2aac3f735	Navy Rewards Card		Trident Grill Ii	OFX ext. info: |Trans type:Generic debit|Memo:TRIDENT GRILL II TUCSON AZ - 0001	TRIDENT GRILL II TUCSON AZ - 0001		c	-4405/100	-4405/100	2024-08-11 20:19:11
===== END
===== START
B	2e2f6d98c59c424991557bd6b8052748	e067566e93074b85b2a708a9ef54a5f3	2024-08-11 20:54:00	2024-08-11 19:49:23	2024-05-13 10:59:00	3323a52a32464e5db6926fdc8fbced8f	Imbalance-USD		Beyond Bread	OFX ext. info: |Trans type:Generic debit|Memo:TST* BEYOND BREAD - EAST 520-747-7477 AZ - 4430			n	2967/100	2967/100	1970-01-01 00:00:00
B	2e2f6d98c59c424991557bd6b8052748	1cf84a764dc7440f9f427ac8a6b25d9e	2024-08-11 20:54:00	2024-08-11 19:49:23	2024-05-13 10:59:00	48c0a9bb8af04622bbb5c2e2aac3f735	Navy Rewards Card		Beyond Bread	OFX ext. info: |Trans type:Generic debit|Memo:TST* BEYOND BREAD - EAST 520-747-7477 AZ - 4430	TST* BEYOND BREAD - EAST 520-747-7477 AZ - 4430		c	-2967/100	-2967/100	2024-08-11 20:19:11
===== END
===== START
C	2e2f6d98c59c424991557bd6b8052748	e067566e93074b85b2a708a9ef54a5f3	2024-08-11 20:54:00	2024-08-11 19:49:23	2024-05-13 10:59:00	7c452bea58344d23b0f556cf05df9fe0	Dining		Beyond Bread	OFX ext. info: |Trans type:Generic debit|Memo:TST* BEYOND BREAD - EAST 520-747-7477 AZ - 4430			n	2967/100	2967/100	1970-01-01 00:00:00
C	2e2f6d98c59c424991557bd6b8052748	1cf84a764dc7440f9f427ac8a6b25d9e	2024-08-11 20:54:00	2024-08-11 19:49:23	2024-05-13 10:59:00	48c0a9bb8af04622bbb5c2e2aac3f735	Navy Rewards Card		Beyond Bread	OFX ext. info: |Trans type:Generic debit|Memo:TST* BEYOND BREAD - EAST 520-747-7477 AZ - 4430	TST* BEYOND BREAD - EAST 520-747-7477 AZ - 4430		c	-2967/100	-2967/100	2024-08-11 20:19:11
===== END
===== START
B	b876a480a4404eb59ab780b5212bf85d	033891cef9474ce69f28a42616755bf9	2024-08-11 20:54:03	2024-08-11 19:49:23	2024-05-13 10:59:00	3323a52a32464e5db6926fdc8fbced8f	Imbalance-USD		Beyond Bread	OFX ext. info: |Trans type:Generic debit|Memo:TST* BEYOND BREAD - EAST 520-747-7477 AZ - 0001			n	2771/100	2771/100	1970-01-01 00:00:00
B	b876a480a4404eb59ab780b5212bf85d	0ac63d877b564651889bb5c24425a617	2024-08-11 20:54:03	2024-08-11 19:49:23	2024-05-13 10:59:00	48c0a9bb8af04622bbb5c2e2aac3f735	Navy Rewards Card		Beyond Bread	OFX ext. info: |Trans type:Generic debit|Memo:TST* BEYOND BREAD - EAST 520-747-7477 AZ - 0001	TST* BEYOND BREAD - EAST 520-747-7477 AZ - 0001		c	-2771/100	-2771/100	2024-08-11 20:19:11
===== END
===== START
C	b876a480a4404eb59ab780b5212bf85d	033891cef9474ce69f28a42616755bf9	2024-08-11 20:54:03	2024-08-11 19:49:23	2024-05-13 10:59:00	7c452bea58344d23b0f556cf05df9fe0	Dining		Beyond Bread	OFX ext. info: |Trans type:Generic debit|Memo:TST* BEYOND BREAD - EAST 520-747-7477 AZ - 0001			n	2771/100	2771/100	1970-01-01 00:00:00
C	b876a480a4404eb59ab780b5212bf85d	0ac63d877b564651889bb5c24425a617	2024-08-11 20:54:03	2024-08-11 19:49:23	2024-05-13 10:59:00	48c0a9bb8af04622bbb5c2e2aac3f735	Navy Rewards Card		Beyond Bread	OFX ext. info: |Trans type:Generic debit|Memo:TST* BEYOND BREAD - EAST 520-747-7477 AZ - 0001	TST* BEYOND BREAD - EAST 520-747-7477 AZ - 0001		c	-2771/100	-2771/100	2024-08-11 20:19:11
===== END
===== START
B	04bac5bbc80743ab891d03515a2fd697	a037c0c84779467a8bce278753744840	2024-08-11 20:54:14	2024-08-11 19:49:23	2024-05-13 10:59:00	7c452bea58344d23b0f556cf05df9fe0	Dining		buy.paddle.com Brooklyn NY - 000	OFX ext. info: |Trans type:Generic debit|Memo:buy.paddle.com Brooklyn NY - 0001			n	3000/100	3000/100	1970-01-01 00:00:00
B	04bac5bbc80743ab891d03515a2fd697	76ebc879848344b9adb3115c574cb1ff	2024-08-11 20:54:14	2024-08-11 19:49:23	2024-05-13 10:59:00	48c0a9bb8af04622bbb5c2e2aac3f735	Navy Rewards Card		buy.paddle.com Brooklyn NY - 000	OFX ext. info: |Trans type:Generic debit|Memo:buy.paddle.com Brooklyn NY - 0001	buy.paddle.com Brooklyn NY - 0001		c	-3000/100	-3000/100	2024-08-11 20:19:11
===== END
===== START
C	04bac5bbc80743ab891d03515a2fd697	a037c0c84779467a8bce278753744840	2024-08-11 20:54:14	2024-08-11 19:49:23	2024-05-13 10:59:00	f51833ab51c446f28a6ab0d10a773759	Miscellaneous		buy.paddle.com Brooklyn NY - 000	OFX ext. info: |Trans type:Generic debit|Memo:buy.paddle.com Brooklyn NY - 0001			n	3000/100	3000/100	1970-01-01 00:00:00
C	04bac5bbc80743ab891d03515a2fd697	76ebc879848344b9adb3115c574cb1ff	2024-08-11 20:54:14	2024-08-11 19:49:23	2024-05-13 10:59:00	48c0a9bb8af04622bbb5c2e2aac3f735	Navy Rewards Card		buy.paddle.com Brooklyn NY - 000	OFX ext. info: |Trans type:Generic debit|Memo:buy.paddle.com Brooklyn NY - 0001	buy.paddle.com Brooklyn NY - 0001		c	-3000/100	-3000/100	2024-08-11 20:19:11
===== END
===== START
B	68719e7babbc46448d1cd6c6cecf553f	8a27689563a04abe891b4495a271e046	2024-08-11 20:54:23	2024-08-11 19:49:23	2024-05-13 10:59:00	8e074199bfaa4e0aae7c0e094b0ccf9e	Gas		Costco	OFX ext. info: |Trans type:Generic debit|Memo:COSTCO WHSE #0407 TUCSON AZ - 0001			n	216/100	216/100	1970-01-01 00:00:00
B	68719e7babbc46448d1cd6c6cecf553f	e5a60c1277f541a38bc85368b7015b46	2024-08-11 20:54:23	2024-08-11 19:49:23	2024-05-13 10:59:00	48c0a9bb8af04622bbb5c2e2aac3f735	Navy Rewards Card		Costco	OFX ext. info: |Trans type:Generic debit|Memo:COSTCO WHSE #0407 TUCSON AZ - 0001	COSTCO WHSE #0407 TUCSON AZ - 0001		c	-216/100	-216/100	2024-08-11 20:19:11
===== END
===== START
C	68719e7babbc46448d1cd6c6cecf553f	8a27689563a04abe891b4495a271e046	2024-08-11 20:54:23	2024-08-11 19:49:23	2024-05-13 10:59:00	7c452bea58344d23b0f556cf05df9fe0	Dining		Costco	OFX ext. info: |Trans type:Generic debit|Memo:COSTCO WHSE #0407 TUCSON AZ - 0001			n	216/100	216/100	1970-01-01 00:00:00
C	68719e7babbc46448d1cd6c6cecf553f	e5a60c1277f541a38bc85368b7015b46	2024-08-11 20:54:23	2024-08-11 19:49:23	2024-05-13 10:59:00	48c0a9bb8af04622bbb5c2e2aac3f735	Navy Rewards Card		Costco	OFX ext. info: |Trans type:Generic debit|Memo:COSTCO WHSE #0407 TUCSON AZ - 0001	COSTCO WHSE #0407 TUCSON AZ - 0001		c	-216/100	-216/100	2024-08-11 20:19:11
===== END
===== START
B	f41869a538b745fbb30fbe39bb1f47aa	8696f2f0c34040f196865926778d140b	2024-08-11 20:54:33	2024-08-11 19:49:23	2024-05-13 10:59:00	8e074199bfaa4e0aae7c0e094b0ccf9e	Gas		Costco	OFX ext. info: |Trans type:Generic debit|Memo:COSTCO WHSE #0407 TUCSON AZ - 0001			n	4735/100	4735/100	1970-01-01 00:00:00
B	f41869a538b745fbb30fbe39bb1f47aa	d4a26b724320428fa0769e77dcc20dc5	2024-08-11 20:54:33	2024-08-11 19:49:23	2024-05-13 10:59:00	48c0a9bb8af04622bbb5c2e2aac3f735	Navy Rewards Card		Costco	OFX ext. info: |Trans type:Generic debit|Memo:COSTCO WHSE #0407 TUCSON AZ - 0001	COSTCO WHSE #0407 TUCSON AZ - 0001		c	-4735/100	-4735/100	2024-08-11 20:19:11
===== END
===== START
C	f41869a538b745fbb30fbe39bb1f47aa	8696f2f0c34040f196865926778d140b	2024-08-11 20:54:33	2024-08-11 19:49:23	2024-05-13 10:59:00	a996b30c3e714c1483ec007f2699fc71	Groceries		Costco	OFX ext. info: |Trans type:Generic debit|Memo:COSTCO WHSE #0407 TUCSON AZ - 0001			n	4735/100	4735/100	1970-01-01 00:00:00
C	f41869a538b745fbb30fbe39bb1f47aa	d4a26b724320428fa0769e77dcc20dc5	2024-08-11 20:54:33	2024-08-11 19:49:23	2024-05-13 10:59:00	48c0a9bb8af04622bbb5c2e2aac3f735	Navy Rewards Card		Costco	OFX ext. info: |Trans type:Generic debit|Memo:COSTCO WHSE #0407 TUCSON AZ - 0001	COSTCO WHSE #0407 TUCSON AZ - 0001		c	-4735/100	-4735/100	2024-08-11 20:19:11
===== END
===== START
B	02e3c49fb9d540048208639ec69960aa	60d202eaefe44f79906c01e2f8e9c11b	2024-08-11 20:54:50	2024-08-11 19:49:23	2024-05-13 10:59:00	3323a52a32464e5db6926fdc8fbced8f	Imbalance-USD		Dirty Dawgs	OFX ext. info: |Trans type:Generic debit|Memo:DIRTY DAWGS TUCSON HTTPSDIRTYDAWAZ - 4430			n	9400/100	9400/100	1970-01-01 00:00:00
B	02e3c49fb9d540048208639ec69960aa	1fb3a3b8f5fa4a5180bb28c5f50161fb	2024-08-11 20:54:50	2024-08-11 19:49:23	2024-05-13 10:59:00	48c0a9bb8af04622bbb5c2e2aac3f735	Navy Rewards Card		Dirty Dawgs	OFX ext. info: |Trans type:Generic debit|Memo:DIRTY DAWGS TUCSON HTTPSDIRTYDAWAZ - 4430	DIRTY DAWGS TUCSON HTTPSDIRTYDAWAZ - 4430		c	-9400/100	-9400/100	2024-08-11 20:19:11
===== END
===== START
C	02e3c49fb9d540048208639ec69960aa	60d202eaefe44f79906c01e2f8e9c11b	2024-08-11 20:54:50	2024-08-11 19:49:23	2024-05-13 10:59:00	0287a1bc9c4949d4a9997f42ef1fe557	Pet Care		Dirty Dawgs	OFX ext. info: |Trans type:Generic debit|Memo:DIRTY DAWGS TUCSON HTTPSDIRTYDAWAZ - 4430			n	9400/100	9400/100	1970-01-01 00:00:00
C	02e3c49fb9d540048208639ec69960aa	1fb3a3b8f5fa4a5180bb28c5f50161fb	2024-08-11 20:54:50	2024-08-11 19:49:23	2024-05-13 10:59:00	48c0a9bb8af04622bbb5c2e2aac3f735	Navy Rewards Card		Dirty Dawgs	OFX ext. info: |Trans type:Generic debit|Memo:DIRTY DAWGS TUCSON HTTPSDIRTYDAWAZ - 4430	DIRTY DAWGS TUCSON HTTPSDIRTYDAWAZ - 4430		c	-9400/100	-9400/100	2024-08-11 20:19:11
===== END
===== START
B	b1d41cf1b7bb4f81bb34ad3dd2edc74c	1bc96b4601c64e439cbc82e91843e271	2024-08-11 20:54:56	2024-08-11 19:49:23	2024-05-13 10:59:00	3323a52a32464e5db6926fdc8fbced8f	Imbalance-USD		HomeGoods	OFX ext. info: |Trans type:Generic debit|Memo:HOMEGOODS #314 TUCSON AZ - 4430			n	1173/100	1173/100	1970-01-01 00:00:00
B	b1d41cf1b7bb4f81bb34ad3dd2edc74c	63d75d550e2e44fa949e68292de83889	2024-08-11 20:54:56	2024-08-11 19:49:23	2024-05-13 10:59:00	48c0a9bb8af04622bbb5c2e2aac3f735	Navy Rewards Card		HomeGoods	OFX ext. info: |Trans type:Generic debit|Memo:HOMEGOODS #314 TUCSON AZ - 4430	HOMEGOODS #314 TUCSON AZ - 4430		c	-1173/100	-1173/100	2024-08-11 20:19:11
===== END
===== START
C	b1d41cf1b7bb4f81bb34ad3dd2edc74c	1bc96b4601c64e439cbc82e91843e271	2024-08-11 20:54:56	2024-08-11 19:49:23	2024-05-13 10:59:00	f51833ab51c446f28a6ab0d10a773759	Miscellaneous		HomeGoods	OFX ext. info: |Trans type:Generic debit|Memo:HOMEGOODS #314 TUCSON AZ - 4430			n	1173/100	1173/100	1970-01-01 00:00:00
C	b1d41cf1b7bb4f81bb34ad3dd2edc74c	63d75d550e2e44fa949e68292de83889	2024-08-11 20:54:56	2024-08-11 19:49:23	2024-05-13 10:59:00	48c0a9bb8af04622bbb5c2e2aac3f735	Navy Rewards Card		HomeGoods	OFX ext. info: |Trans type:Generic debit|Memo:HOMEGOODS #314 TUCSON AZ - 4430	HOMEGOODS #314 TUCSON AZ - 4430		c	-1173/100	-1173/100	2024-08-11 20:19:11
===== END
===== START
B	166228a350ae4064bfd0f7a53ed6dd8f	247978278a434264a35d7edc3464ec70	2024-08-11 20:54:59	2024-08-11 19:49:23	2024-05-13 10:59:00	3323a52a32464e5db6926fdc8fbced8f	Imbalance-USD		Michaels	OFX ext. info: |Trans type:Generic debit|Memo:MICHAELS #9490 800-642-4235 TX - 4430			n	2925/100	2925/100	1970-01-01 00:00:00
B	166228a350ae4064bfd0f7a53ed6dd8f	4e3af3ea902c46aa90d250028885535d	2024-08-11 20:54:59	2024-08-11 19:49:23	2024-05-13 10:59:00	48c0a9bb8af04622bbb5c2e2aac3f735	Navy Rewards Card		Michaels	OFX ext. info: |Trans type:Generic debit|Memo:MICHAELS #9490 800-642-4235 TX - 4430	MICHAELS #9490 800-642-4235 TX - 4430		c	-2925/100	-2925/100	2024-08-11 20:19:11
===== END
===== START
C	166228a350ae4064bfd0f7a53ed6dd8f	247978278a434264a35d7edc3464ec70	2024-08-11 20:54:59	2024-08-11 19:49:23	2024-05-13 10:59:00	f51833ab51c446f28a6ab0d10a773759	Miscellaneous		Michaels	OFX ext. info: |Trans type:Generic debit|Memo:MICHAELS #9490 800-642-4235 TX - 4430			n	2925/100	2925/100	1970-01-01 00:00:00
C	166228a350ae4064bfd0f7a53ed6dd8f	4e3af3ea902c46aa90d250028885535d	2024-08-11 20:54:59	2024-08-11 19:49:23	2024-05-13 10:59:00	48c0a9bb8af04622bbb5c2e2aac3f735	Navy Rewards Card		Michaels	OFX ext. info: |Trans type:Generic debit|Memo:MICHAELS #9490 800-642-4235 TX - 4430	MICHAELS #9490 800-642-4235 TX - 4430		c	-2925/100	-2925/100	2024-08-11 20:19:11
===== END
