mod	trans_guid	split_guid	time_now	date_entered	date_posted	acc_guid	acc_name	num	description	notes	memo	action	reconciled	amount	value	date_reconciled
-----------------
===== START
B	e0193ad90c24497cb60dad37ee75522c	a335e1f2c48b468f99eabecb5ed432a1	2024-08-11 21:15:30	2024-08-11 19:49:22	2024-07-25 10:59:00	3feaad255df249169127e590b1602cd7	Subscriptions		Payment to Verizon Wireless	OFX ext. info: |Trans type:Generic debit|Memo:VZWRLSS*APOCC VISE 800-922-0204 FL - 0001			n	11310/100	11310/100	1970-01-01 00:00:00
B	e0193ad90c24497cb60dad37ee75522c	aa3da70886fd4c129b14b72043ac8556	2024-08-11 21:15:30	2024-08-11 19:49:22	2024-07-25 10:59:00	48c0a9bb8af04622bbb5c2e2aac3f735	Navy Rewards Card		Payment to Verizon Wireless	OFX ext. info: |Trans type:Generic debit|Memo:VZWRLSS*APOCC VISE 800-922-0204 FL - 0001	VZWRLSS*APOCC VISE 800-922-0204 FL - 0001		c	-11310/100	-11310/100	2024-08-11 20:19:11
===== END
===== START
C	e0193ad90c24497cb60dad37ee75522c	a335e1f2c48b468f99eabecb5ed432a1	2024-08-11 21:15:30	2024-08-11 19:49:22	2024-07-25 10:59:00	295a21c094a14565a0db59e2c2fa8fb7	Phone		Payment to Verizon Wireless	OFX ext. info: |Trans type:Generic debit|Memo:VZWRLSS*APOCC VISE 800-922-0204 FL - 0001			n	11310/100	11310/100	1970-01-01 00:00:00
C	e0193ad90c24497cb60dad37ee75522c	aa3da70886fd4c129b14b72043ac8556	2024-08-11 21:15:30	2024-08-11 19:49:22	2024-07-25 10:59:00	48c0a9bb8af04622bbb5c2e2aac3f735	Navy Rewards Card		Payment to Verizon Wireless	OFX ext. info: |Trans type:Generic debit|Memo:VZWRLSS*APOCC VISE 800-922-0204 FL - 0001	VZWRLSS*APOCC VISE 800-922-0204 FL - 0001		c	-11310/100	-11310/100	2024-08-11 20:19:11
===== END
===== START
B	386f51e4d5324a44a52d31a6ab08e460	48955a960e2b42a5b829214d4353e64e	2024-08-11 21:15:33	2024-08-11 19:49:22	2024-07-25 10:59:00	3323a52a32464e5db6926fdc8fbced8f	Imbalance-USD		TUCSON FOODIE HTTPSTUCSONFOAZ -	OFX ext. info: |Trans type:Generic debit|Memo:TUCSON FOODIE HTTPSTUCSONFOAZ - 0001			n	2000/100	2000/100	1970-01-01 00:00:00
B	386f51e4d5324a44a52d31a6ab08e460	9ff5d0fc4a64411e908bd1ba04b1a59a	2024-08-11 21:15:33	2024-08-11 19:49:22	2024-07-25 10:59:00	48c0a9bb8af04622bbb5c2e2aac3f735	Navy Rewards Card		TUCSON FOODIE HTTPSTUCSONFOAZ -	OFX ext. info: |Trans type:Generic debit|Memo:TUCSON FOODIE HTTPSTUCSONFOAZ - 0001	TUCSON FOODIE HTTPSTUCSONFOAZ - 0001		c	-2000/100	-2000/100	2024-08-11 20:19:11
===== END
===== START
C	386f51e4d5324a44a52d31a6ab08e460	48955a960e2b42a5b829214d4353e64e	2024-08-11 21:15:33	2024-08-11 19:49:22	2024-07-25 10:59:00	3feaad255df249169127e590b1602cd7	Subscriptions		TUCSON FOODIE HTTPSTUCSONFOAZ -	OFX ext. info: |Trans type:Generic debit|Memo:TUCSON FOODIE HTTPSTUCSONFOAZ - 0001			n	2000/100	2000/100	1970-01-01 00:00:00
C	386f51e4d5324a44a52d31a6ab08e460	9ff5d0fc4a64411e908bd1ba04b1a59a	2024-08-11 21:15:33	2024-08-11 19:49:22	2024-07-25 10:59:00	48c0a9bb8af04622bbb5c2e2aac3f735	Navy Rewards Card		TUCSON FOODIE HTTPSTUCSONFOAZ -	OFX ext. info: |Trans type:Generic debit|Memo:TUCSON FOODIE HTTPSTUCSONFOAZ - 0001	TUCSON FOODIE HTTPSTUCSONFOAZ - 0001		c	-2000/100	-2000/100	2024-08-11 20:19:11
===== END
===== START
B	4ba344e9df1b4e40a139b1964b225b8a	76e59a7d32ff4c88bd587578e74c3cb9	2024-08-11 21:15:37	2024-08-11 19:49:22	2024-07-26 10:59:00	3323a52a32464e5db6926fdc8fbced8f	Imbalance-USD		Instant Ink	OFX ext. info: |Trans type:Generic debit|Memo:HP *INSTANT INK 855-785-2777 CA - 0001			n	760/100	760/100	1970-01-01 00:00:00
B	4ba344e9df1b4e40a139b1964b225b8a	419876bd7fbc4f119332068d518d3440	2024-08-11 21:15:37	2024-08-11 19:49:22	2024-07-26 10:59:00	48c0a9bb8af04622bbb5c2e2aac3f735	Navy Rewards Card		Instant Ink	OFX ext. info: |Trans type:Generic debit|Memo:HP *INSTANT INK 855-785-2777 CA - 0001	HP *INSTANT INK 855-785-2777 CA - 0001		c	-760/100	-760/100	2024-08-11 20:19:11
===== END
===== START
C	4ba344e9df1b4e40a139b1964b225b8a	76e59a7d32ff4c88bd587578e74c3cb9	2024-08-11 21:15:37	2024-08-11 19:49:22	2024-07-26 10:59:00	3feaad255df249169127e590b1602cd7	Subscriptions		Instant Ink	OFX ext. info: |Trans type:Generic debit|Memo:HP *INSTANT INK 855-785-2777 CA - 0001			n	760/100	760/100	1970-01-01 00:00:00
C	4ba344e9df1b4e40a139b1964b225b8a	419876bd7fbc4f119332068d518d3440	2024-08-11 21:15:37	2024-08-11 19:49:22	2024-07-26 10:59:00	48c0a9bb8af04622bbb5c2e2aac3f735	Navy Rewards Card		Instant Ink	OFX ext. info: |Trans type:Generic debit|Memo:HP *INSTANT INK 855-785-2777 CA - 0001	HP *INSTANT INK 855-785-2777 CA - 0001		c	-760/100	-760/100	2024-08-11 20:19:11
===== END
===== START
B	cdeee8048d154ea19bd2d2bf591260ed	1c9013373a2c46069f5136f44444bb9d	2024-08-11 21:15:49	2024-08-11 19:49:22	2024-07-26 10:59:00	3feaad255df249169127e590b1602cd7	Subscriptions		Payment to Embrace Pet Insurance	OFX ext. info: |Trans type:Generic debit|Memo:EMBRACE PET INSURANCE AG HELLO@EMBRACEOH - 0001			n	10661/100	10661/100	1970-01-01 00:00:00
B	cdeee8048d154ea19bd2d2bf591260ed	8b8ee4e8dd5e483ca51169d24d5581cc	2024-08-11 21:15:49	2024-08-11 19:49:22	2024-07-26 10:59:00	48c0a9bb8af04622bbb5c2e2aac3f735	Navy Rewards Card		Payment to Embrace Pet Insurance	OFX ext. info: |Trans type:Generic debit|Memo:EMBRACE PET INSURANCE AG HELLO@EMBRACEOH - 0001	EMBRACE PET INSURANCE AG HELLO@EMBRACEOH - 0001		c	-10661/100	-10661/100	2024-08-11 20:19:11
===== END
===== START
C	cdeee8048d154ea19bd2d2bf591260ed	1c9013373a2c46069f5136f44444bb9d	2024-08-11 21:15:49	2024-08-11 19:49:22	2024-07-26 10:59:00	9c3f33b0eb154f429a34afb77f11f295	Pet		Payment to Embrace Pet Insurance	OFX ext. info: |Trans type:Generic debit|Memo:EMBRACE PET INSURANCE AG HELLO@EMBRACEOH - 0001			n	10661/100	10661/100	1970-01-01 00:00:00
C	cdeee8048d154ea19bd2d2bf591260ed	8b8ee4e8dd5e483ca51169d24d5581cc	2024-08-11 21:15:49	2024-08-11 19:49:22	2024-07-26 10:59:00	48c0a9bb8af04622bbb5c2e2aac3f735	Navy Rewards Card		Payment to Embrace Pet Insurance	OFX ext. info: |Trans type:Generic debit|Memo:EMBRACE PET INSURANCE AG HELLO@EMBRACEOH - 0001	EMBRACE PET INSURANCE AG HELLO@EMBRACEOH - 0001		c	-10661/100	-10661/100	2024-08-11 20:19:11
===== END
===== START
B	1417a6f711d64da8bfee437cf5e65185	2b2efc31e9c74847bcd815bc20f3a4ee	2024-08-11 21:15:57	2024-08-11 19:49:22	2024-07-29 10:59:00	3323a52a32464e5db6926fdc8fbced8f	Imbalance-USD		Albertsons	OFX ext. info: |Trans type:Generic debit|Memo:ALBERTSONS #0961 TUCSON AZ - 0001			n	1412/100	1412/100	1970-01-01 00:00:00
B	1417a6f711d64da8bfee437cf5e65185	fa2a9814ff514d439d77a437032387e6	2024-08-11 21:15:57	2024-08-11 19:49:22	2024-07-29 10:59:00	48c0a9bb8af04622bbb5c2e2aac3f735	Navy Rewards Card		Albertsons	OFX ext. info: |Trans type:Generic debit|Memo:ALBERTSONS #0961 TUCSON AZ - 0001	ALBERTSONS #0961 TUCSON AZ - 0001		c	-1412/100	-1412/100	2024-08-11 20:19:11
===== END
===== START
C	1417a6f711d64da8bfee437cf5e65185	2b2efc31e9c74847bcd815bc20f3a4ee	2024-08-11 21:15:57	2024-08-11 19:49:22	2024-07-29 10:59:00	a996b30c3e714c1483ec007f2699fc71	Groceries		Albertsons	OFX ext. info: |Trans type:Generic debit|Memo:ALBERTSONS #0961 TUCSON AZ - 0001			n	1412/100	1412/100	1970-01-01 00:00:00
C	1417a6f711d64da8bfee437cf5e65185	fa2a9814ff514d439d77a437032387e6	2024-08-11 21:15:57	2024-08-11 19:49:22	2024-07-29 10:59:00	48c0a9bb8af04622bbb5c2e2aac3f735	Navy Rewards Card		Albertsons	OFX ext. info: |Trans type:Generic debit|Memo:ALBERTSONS #0961 TUCSON AZ - 0001	ALBERTSONS #0961 TUCSON AZ - 0001		c	-1412/100	-1412/100	2024-08-11 20:19:11
===== END
===== START
B	d91cba7ea6064724903fcf294d698c36	d91869110b1e44be9abda5edf5a1f118	2024-08-11 21:15:58	2024-08-11 19:49:22	2024-07-29 10:59:00	3323a52a32464e5db6926fdc8fbced8f	Imbalance-USD		Amazon	OFX ext. info: |Trans type:Generic debit|Memo:AMAZON MKTPL*RV90U4TK1 Amzn.com/billWA - 4430			n	3846/100	3846/100	1970-01-01 00:00:00
B	d91cba7ea6064724903fcf294d698c36	f6ae95b2eac2490aa8d3190f8af85f0e	2024-08-11 21:15:58	2024-08-11 19:49:22	2024-07-29 10:59:00	48c0a9bb8af04622bbb5c2e2aac3f735	Navy Rewards Card		Amazon	OFX ext. info: |Trans type:Generic debit|Memo:AMAZON MKTPL*RV90U4TK1 Amzn.com/billWA - 4430	AMAZON MKTPL*RV90U4TK1 Amzn.com/billWA - 4430		c	-3846/100	-3846/100	2024-08-11 20:19:11
===== END
===== START
C	d91cba7ea6064724903fcf294d698c36	d91869110b1e44be9abda5edf5a1f118	2024-08-11 21:15:58	2024-08-11 19:49:22	2024-07-29 10:59:00	f51833ab51c446f28a6ab0d10a773759	Miscellaneous		Amazon	OFX ext. info: |Trans type:Generic debit|Memo:AMAZON MKTPL*RV90U4TK1 Amzn.com/billWA - 4430			n	3846/100	3846/100	1970-01-01 00:00:00
C	d91cba7ea6064724903fcf294d698c36	f6ae95b2eac2490aa8d3190f8af85f0e	2024-08-11 21:15:58	2024-08-11 19:49:22	2024-07-29 10:59:00	48c0a9bb8af04622bbb5c2e2aac3f735	Navy Rewards Card		Amazon	OFX ext. info: |Trans type:Generic debit|Memo:AMAZON MKTPL*RV90U4TK1 Amzn.com/billWA - 4430	AMAZON MKTPL*RV90U4TK1 Amzn.com/billWA - 4430		c	-3846/100	-3846/100	2024-08-11 20:19:11
===== END
===== START
B	91753c608bdd4529abec2b0cf1a46fc2	dd528c7747c94c6a845a8addb0020401	2024-08-11 21:16:03	2024-08-11 19:49:22	2024-07-29 10:59:00	3323a52a32464e5db6926fdc8fbced8f	Imbalance-USD		AMAZON MARK* RV6VI36N2 HTTPSAMAZ	OFX ext. info: |Trans type:Generic debit|Memo:AMAZON MARK* RV6VI36N2 HTTPSAMAZON.CWA - 0001			n	1086/100	1086/100	1970-01-01 00:00:00
B	91753c608bdd4529abec2b0cf1a46fc2	34462853b3374e90a0dd8f076094eeab	2024-08-11 21:16:03	2024-08-11 19:49:22	2024-07-29 10:59:00	48c0a9bb8af04622bbb5c2e2aac3f735	Navy Rewards Card		AMAZON MARK* RV6VI36N2 HTTPSAMAZ	OFX ext. info: |Trans type:Generic debit|Memo:AMAZON MARK* RV6VI36N2 HTTPSAMAZON.CWA - 0001	AMAZON MARK* RV6VI36N2 HTTPSAMAZON.CWA - 0001		c	-1086/100	-1086/100	2024-08-11 20:19:11
===== END
===== START
C	91753c608bdd4529abec2b0cf1a46fc2	dd528c7747c94c6a845a8addb0020401	2024-08-11 21:16:03	2024-08-11 19:49:22	2024-07-29 10:59:00	f51833ab51c446f28a6ab0d10a773759	Miscellaneous		AMAZON MARK* RV6VI36N2 HTTPSAMAZ	OFX ext. info: |Trans type:Generic debit|Memo:AMAZON MARK* RV6VI36N2 HTTPSAMAZON.CWA - 0001			n	1086/100	1086/100	1970-01-01 00:00:00
C	91753c608bdd4529abec2b0cf1a46fc2	34462853b3374e90a0dd8f076094eeab	2024-08-11 21:16:03	2024-08-11 19:49:22	2024-07-29 10:59:00	48c0a9bb8af04622bbb5c2e2aac3f735	Navy Rewards Card		AMAZON MARK* RV6VI36N2 HTTPSAMAZ	OFX ext. info: |Trans type:Generic debit|Memo:AMAZON MARK* RV6VI36N2 HTTPSAMAZON.CWA - 0001	AMAZON MARK* RV6VI36N2 HTTPSAMAZON.CWA - 0001		c	-1086/100	-1086/100	2024-08-11 20:19:11
===== END
===== START
B	e87a21570a8742fc89bf9c1935102d14	921309a71a874ea0911816532a0121dc	2024-08-11 21:16:10	2024-08-11 19:49:22	2024-07-29 10:59:00	3323a52a32464e5db6926fdc8fbced8f	Imbalance-USD		American Airlines	OFX ext. info: |Trans type:Generic debit|Memo:AMERICAN AIR0012162758865FORT WORTH TX - 4430			n	36195/100	36195/100	1970-01-01 00:00:00
B	e87a21570a8742fc89bf9c1935102d14	82b975ef77bd4cf68b82d0eb30f6bc13	2024-08-11 21:16:10	2024-08-11 19:49:22	2024-07-29 10:59:00	48c0a9bb8af04622bbb5c2e2aac3f735	Navy Rewards Card		American Airlines	OFX ext. info: |Trans type:Generic debit|Memo:AMERICAN AIR0012162758865FORT WORTH TX - 4430	AMERICAN AIR0012162758865FORT WORTH TX - 4430		c	-36195/100	-36195/100	2024-08-11 20:19:11
===== END
===== START
C	e87a21570a8742fc89bf9c1935102d14	921309a71a874ea0911816532a0121dc	2024-08-11 21:16:10	2024-08-11 19:49:22	2024-07-29 10:59:00	39523e58dddf4d9c83c3a995e932b37f	Travel		American Airlines	OFX ext. info: |Trans type:Generic debit|Memo:AMERICAN AIR0012162758865FORT WORTH TX - 4430			n	36195/100	36195/100	1970-01-01 00:00:00
C	e87a21570a8742fc89bf9c1935102d14	82b975ef77bd4cf68b82d0eb30f6bc13	2024-08-11 21:16:10	2024-08-11 19:49:22	2024-07-29 10:59:00	48c0a9bb8af04622bbb5c2e2aac3f735	Navy Rewards Card		American Airlines	OFX ext. info: |Trans type:Generic debit|Memo:AMERICAN AIR0012162758865FORT WORTH TX - 4430	AMERICAN AIR0012162758865FORT WORTH TX - 4430		c	-36195/100	-36195/100	2024-08-11 20:19:11
===== END
===== START
B	f23e4be0bf0240bca91e440914af0681	38d2675cfbae41069d47b57f9f0b3243	2024-08-11 21:16:14	2024-08-11 19:49:22	2024-07-29 10:59:00	3323a52a32464e5db6926fdc8fbced8f	Imbalance-USD		American Airlines	OFX ext. info: |Trans type:Generic debit|Memo:AMERICAN AIR0012162758866FORT WORTH TX - 4430			n	36195/100	36195/100	1970-01-01 00:00:00
B	f23e4be0bf0240bca91e440914af0681	bc2b937b95564938b73427dbb6312d00	2024-08-11 21:16:14	2024-08-11 19:49:22	2024-07-29 10:59:00	48c0a9bb8af04622bbb5c2e2aac3f735	Navy Rewards Card		American Airlines	OFX ext. info: |Trans type:Generic debit|Memo:AMERICAN AIR0012162758866FORT WORTH TX - 4430	AMERICAN AIR0012162758866FORT WORTH TX - 4430		c	-36195/100	-36195/100	2024-08-11 20:19:11
===== END
===== START
C	f23e4be0bf0240bca91e440914af0681	38d2675cfbae41069d47b57f9f0b3243	2024-08-11 21:16:14	2024-08-11 19:49:22	2024-07-29 10:59:00	39523e58dddf4d9c83c3a995e932b37f	Travel		American Airlines	OFX ext. info: |Trans type:Generic debit|Memo:AMERICAN AIR0012162758866FORT WORTH TX - 4430			n	36195/100	36195/100	1970-01-01 00:00:00
C	f23e4be0bf0240bca91e440914af0681	bc2b937b95564938b73427dbb6312d00	2024-08-11 21:16:14	2024-08-11 19:49:22	2024-07-29 10:59:00	48c0a9bb8af04622bbb5c2e2aac3f735	Navy Rewards Card		American Airlines	OFX ext. info: |Trans type:Generic debit|Memo:AMERICAN AIR0012162758866FORT WORTH TX - 4430	AMERICAN AIR0012162758866FORT WORTH TX - 4430		c	-36195/100	-36195/100	2024-08-11 20:19:11
===== END
===== START
B	b560fd9f34744296aef9bcb8e3991201	0e3059793b98496694b9a61e0995d75b	2024-08-11 21:16:18	2024-08-11 19:49:22	2024-07-29 10:59:00	3323a52a32464e5db6926fdc8fbced8f	Imbalance-USD		Beyond Bread	OFX ext. info: |Trans type:Generic debit|Memo:TST* BEYOND BREAD - CENTR520-322-9965 AZ - 4430			n	1467/100	1467/100	1970-01-01 00:00:00
B	b560fd9f34744296aef9bcb8e3991201	2a18fe5d8a984d04922f7c8a5b2f56fa	2024-08-11 21:16:18	2024-08-11 19:49:22	2024-07-29 10:59:00	48c0a9bb8af04622bbb5c2e2aac3f735	Navy Rewards Card		Beyond Bread	OFX ext. info: |Trans type:Generic debit|Memo:TST* BEYOND BREAD - CENTR520-322-9965 AZ - 4430	TST* BEYOND BREAD - CENTR520-322-9965 AZ - 4430		c	-1467/100	-1467/100	2024-08-11 20:19:11
===== END
===== START
C	b560fd9f34744296aef9bcb8e3991201	0e3059793b98496694b9a61e0995d75b	2024-08-11 21:16:18	2024-08-11 19:49:22	2024-07-29 10:59:00	7c452bea58344d23b0f556cf05df9fe0	Dining		Beyond Bread	OFX ext. info: |Trans type:Generic debit|Memo:TST* BEYOND BREAD - CENTR520-322-9965 AZ - 4430			n	1467/100	1467/100	1970-01-01 00:00:00
C	b560fd9f34744296aef9bcb8e3991201	2a18fe5d8a984d04922f7c8a5b2f56fa	2024-08-11 21:16:18	2024-08-11 19:49:22	2024-07-29 10:59:00	48c0a9bb8af04622bbb5c2e2aac3f735	Navy Rewards Card		Beyond Bread	OFX ext. info: |Trans type:Generic debit|Memo:TST* BEYOND BREAD - CENTR520-322-9965 AZ - 4430	TST* BEYOND BREAD - CENTR520-322-9965 AZ - 4430		c	-1467/100	-1467/100	2024-08-11 20:19:11
===== END
===== START
B	a1b06361408a487b91e2b71f99bf4cca	06b5e21ad1194c04baaca7996a7335f6	2024-08-11 21:16:22	2024-08-11 19:49:22	2024-07-29 10:59:00	8e074199bfaa4e0aae7c0e094b0ccf9e	Gas		Costco	OFX ext. info: |Trans type:Generic debit|Memo:COSTCO WHSE #0407 TUCSON AZ - 0001			n	6539/100	6539/100	1970-01-01 00:00:00
B	a1b06361408a487b91e2b71f99bf4cca	223b257b374c427bafc78bab0cd13307	2024-08-11 21:16:22	2024-08-11 19:49:22	2024-07-29 10:59:00	48c0a9bb8af04622bbb5c2e2aac3f735	Navy Rewards Card		Costco	OFX ext. info: |Trans type:Generic debit|Memo:COSTCO WHSE #0407 TUCSON AZ - 0001	COSTCO WHSE #0407 TUCSON AZ - 0001		c	-6539/100	-6539/100	2024-08-11 20:19:11
===== END
===== START
C	a1b06361408a487b91e2b71f99bf4cca	06b5e21ad1194c04baaca7996a7335f6	2024-08-11 21:16:22	2024-08-11 19:49:22	2024-07-29 10:59:00	a996b30c3e714c1483ec007f2699fc71	Groceries		Costco	OFX ext. info: |Trans type:Generic debit|Memo:COSTCO WHSE #0407 TUCSON AZ - 0001			n	6539/100	6539/100	1970-01-01 00:00:00
C	a1b06361408a487b91e2b71f99bf4cca	223b257b374c427bafc78bab0cd13307	2024-08-11 21:16:22	2024-08-11 19:49:22	2024-07-29 10:59:00	48c0a9bb8af04622bbb5c2e2aac3f735	Navy Rewards Card		Costco	OFX ext. info: |Trans type:Generic debit|Memo:COSTCO WHSE #0407 TUCSON AZ - 0001	COSTCO WHSE #0407 TUCSON AZ - 0001		c	-6539/100	-6539/100	2024-08-11 20:19:11
===== END
===== START
B	8764a4fc604e462d86f0a16faef48741	ee5e313917f74179a6bff94086e7ce3e	2024-08-11 21:16:25	2024-08-11 19:49:22	2024-07-29 10:59:00	3323a52a32464e5db6926fdc8fbced8f	Imbalance-USD		Hulu	OFX ext. info: |Trans type:Generic debit|Memo:Hulu 877-8244858 CA HULU.COM/BILLCA - 0001			n	9782/100	9782/100	1970-01-01 00:00:00
B	8764a4fc604e462d86f0a16faef48741	331d93fc179d4d97b50b1111f4bae860	2024-08-11 21:16:25	2024-08-11 19:49:22	2024-07-29 10:59:00	48c0a9bb8af04622bbb5c2e2aac3f735	Navy Rewards Card		Hulu	OFX ext. info: |Trans type:Generic debit|Memo:Hulu 877-8244858 CA HULU.COM/BILLCA - 0001	Hulu 877-8244858 CA HULU.COM/BILLCA - 0001		c	-9782/100	-9782/100	2024-08-11 20:19:11
===== END
===== START
C	8764a4fc604e462d86f0a16faef48741	ee5e313917f74179a6bff94086e7ce3e	2024-08-11 21:16:25	2024-08-11 19:49:22	2024-07-29 10:59:00	3feaad255df249169127e590b1602cd7	Subscriptions		Hulu	OFX ext. info: |Trans type:Generic debit|Memo:Hulu 877-8244858 CA HULU.COM/BILLCA - 0001			n	9782/100	9782/100	1970-01-01 00:00:00
C	8764a4fc604e462d86f0a16faef48741	331d93fc179d4d97b50b1111f4bae860	2024-08-11 21:16:25	2024-08-11 19:49:22	2024-07-29 10:59:00	48c0a9bb8af04622bbb5c2e2aac3f735	Navy Rewards Card		Hulu	OFX ext. info: |Trans type:Generic debit|Memo:Hulu 877-8244858 CA HULU.COM/BILLCA - 0001	Hulu 877-8244858 CA HULU.COM/BILLCA - 0001		c	-9782/100	-9782/100	2024-08-11 20:19:11
===== END
===== START
B	198aaa8f95b949a68934974c7daa5637	c3d854b0697f46bc93652767bb906a44	2024-08-11 21:16:28	2024-08-11 19:49:22	2024-07-29 10:59:00	3323a52a32464e5db6926fdc8fbced8f	Imbalance-USD		Speedway	OFX ext. info: |Trans type:Generic debit|Memo:SPEEDWAY 46283 TUCSON AZ - 4430			n	3913/100	3913/100	1970-01-01 00:00:00
B	198aaa8f95b949a68934974c7daa5637	0d76c7abf5604eaeb820d0c805873534	2024-08-11 21:16:28	2024-08-11 19:49:22	2024-07-29 10:59:00	48c0a9bb8af04622bbb5c2e2aac3f735	Navy Rewards Card		Speedway	OFX ext. info: |Trans type:Generic debit|Memo:SPEEDWAY 46283 TUCSON AZ - 4430	SPEEDWAY 46283 TUCSON AZ - 4430		c	-3913/100	-3913/100	2024-08-11 20:19:11
===== END
===== START
C	198aaa8f95b949a68934974c7daa5637	c3d854b0697f46bc93652767bb906a44	2024-08-11 21:16:28	2024-08-11 19:49:22	2024-07-29 10:59:00	8e074199bfaa4e0aae7c0e094b0ccf9e	Gas		Speedway	OFX ext. info: |Trans type:Generic debit|Memo:SPEEDWAY 46283 TUCSON AZ - 4430			n	3913/100	3913/100	1970-01-01 00:00:00
C	198aaa8f95b949a68934974c7daa5637	0d76c7abf5604eaeb820d0c805873534	2024-08-11 21:16:28	2024-08-11 19:49:22	2024-07-29 10:59:00	48c0a9bb8af04622bbb5c2e2aac3f735	Navy Rewards Card		Speedway	OFX ext. info: |Trans type:Generic debit|Memo:SPEEDWAY 46283 TUCSON AZ - 4430	SPEEDWAY 46283 TUCSON AZ - 4430		c	-3913/100	-3913/100	2024-08-11 20:19:11
===== END
===== START
B	71e5711cf225429da83a6ee281da204e	1bd3ca7143f943b5bd1b3f26ed41d769	2024-08-11 21:16:31	2024-08-11 19:49:22	2024-07-29 10:59:00	3323a52a32464e5db6926fdc8fbced8f	Imbalance-USD		Speedway	OFX ext. info: |Trans type:Generic debit|Memo:SPEEDWAY 46265 TUCSON AZ - 0001			n	3760/100	3760/100	1970-01-01 00:00:00
B	71e5711cf225429da83a6ee281da204e	cfc3b048a2d542738b843af67198bef9	2024-08-11 21:16:31	2024-08-11 19:49:22	2024-07-29 10:59:00	48c0a9bb8af04622bbb5c2e2aac3f735	Navy Rewards Card		Speedway	OFX ext. info: |Trans type:Generic debit|Memo:SPEEDWAY 46265 TUCSON AZ - 0001	SPEEDWAY 46265 TUCSON AZ - 0001		c	-3760/100	-3760/100	2024-08-11 20:19:11
===== END
===== START
C	71e5711cf225429da83a6ee281da204e	1bd3ca7143f943b5bd1b3f26ed41d769	2024-08-11 21:16:31	2024-08-11 19:49:22	2024-07-29 10:59:00	8e074199bfaa4e0aae7c0e094b0ccf9e	Gas		Speedway	OFX ext. info: |Trans type:Generic debit|Memo:SPEEDWAY 46265 TUCSON AZ - 0001			n	3760/100	3760/100	1970-01-01 00:00:00
C	71e5711cf225429da83a6ee281da204e	cfc3b048a2d542738b843af67198bef9	2024-08-11 21:16:31	2024-08-11 19:49:22	2024-07-29 10:59:00	48c0a9bb8af04622bbb5c2e2aac3f735	Navy Rewards Card		Speedway	OFX ext. info: |Trans type:Generic debit|Memo:SPEEDWAY 46265 TUCSON AZ - 0001	SPEEDWAY 46265 TUCSON AZ - 0001		c	-3760/100	-3760/100	2024-08-11 20:19:11
===== END
===== START
B	3650443fdd254235aad089b6f57f3201	0effd987fd1042c489fa494735b28eae	2024-08-11 21:16:35	2024-08-11 19:49:22	2024-07-29 10:59:00	3323a52a32464e5db6926fdc8fbced8f	Imbalance-USD		The Home Depot	OFX ext. info: |Trans type:Generic debit|Memo:THE HOME DEPOT #0486 TUCSON AZ - 0001			n	976/100	976/100	1970-01-01 00:00:00
B	3650443fdd254235aad089b6f57f3201	a166f79b8fe547eeb0c91ac835576018	2024-08-11 21:16:35	2024-08-11 19:49:22	2024-07-29 10:59:00	48c0a9bb8af04622bbb5c2e2aac3f735	Navy Rewards Card		The Home Depot	OFX ext. info: |Trans type:Generic debit|Memo:THE HOME DEPOT #0486 TUCSON AZ - 0001	THE HOME DEPOT #0486 TUCSON AZ - 0001		c	-976/100	-976/100	2024-08-11 20:19:11
===== END
===== START
C	3650443fdd254235aad089b6f57f3201	0effd987fd1042c489fa494735b28eae	2024-08-11 21:16:35	2024-08-11 19:49:22	2024-07-29 10:59:00	e96006f03af946419f174c26ada68cf6	Home Repair		The Home Depot	OFX ext. info: |Trans type:Generic debit|Memo:THE HOME DEPOT #0486 TUCSON AZ - 0001			n	976/100	976/100	1970-01-01 00:00:00
C	3650443fdd254235aad089b6f57f3201	a166f79b8fe547eeb0c91ac835576018	2024-08-11 21:16:35	2024-08-11 19:49:22	2024-07-29 10:59:00	48c0a9bb8af04622bbb5c2e2aac3f735	Navy Rewards Card		The Home Depot	OFX ext. info: |Trans type:Generic debit|Memo:THE HOME DEPOT #0486 TUCSON AZ - 0001	THE HOME DEPOT #0486 TUCSON AZ - 0001		c	-976/100	-976/100	2024-08-11 20:19:11
===== END
===== START
B	fa5d0023f2af457da1d2a5e56dffc593	2e66fb29cd584dff9fb34f21419ad0ef	2024-08-11 21:16:49	2024-08-11 19:49:22	2024-07-30 10:59:00	3323a52a32464e5db6926fdc8fbced8f	Imbalance-USD		PY *REVEL WINE TUCSON AZ - 0001	OFX ext. info: |Trans type:Generic debit|Memo:PY *REVEL WINE TUCSON AZ - 0001			n	4739/100	4739/100	1970-01-01 00:00:00
B	fa5d0023f2af457da1d2a5e56dffc593	9d52461268e94c2f94fcb7657b36b845	2024-08-11 21:16:49	2024-08-11 19:49:22	2024-07-30 10:59:00	48c0a9bb8af04622bbb5c2e2aac3f735	Navy Rewards Card		PY *REVEL WINE TUCSON AZ - 0001	OFX ext. info: |Trans type:Generic debit|Memo:PY *REVEL WINE TUCSON AZ - 0001	PY *REVEL WINE TUCSON AZ - 0001		c	-4739/100	-4739/100	2024-08-11 20:19:11
===== END
===== START
C	fa5d0023f2af457da1d2a5e56dffc593	2e66fb29cd584dff9fb34f21419ad0ef	2024-08-11 21:16:49	2024-08-11 19:49:22	2024-07-30 10:59:00	7c452bea58344d23b0f556cf05df9fe0	Dining		PY *REVEL WINE TUCSON AZ - 0001	OFX ext. info: |Trans type:Generic debit|Memo:PY *REVEL WINE TUCSON AZ - 0001			n	4739/100	4739/100	1970-01-01 00:00:00
C	fa5d0023f2af457da1d2a5e56dffc593	9d52461268e94c2f94fcb7657b36b845	2024-08-11 21:16:49	2024-08-11 19:49:22	2024-07-30 10:59:00	48c0a9bb8af04622bbb5c2e2aac3f735	Navy Rewards Card		PY *REVEL WINE TUCSON AZ - 0001	OFX ext. info: |Trans type:Generic debit|Memo:PY *REVEL WINE TUCSON AZ - 0001	PY *REVEL WINE TUCSON AZ - 0001		c	-4739/100	-4739/100	2024-08-11 20:19:11
===== END
===== START
B	9bcc499c072a4dde88cc73929f2ce0c4	b957a0dbd3004b888bfc6fd82aba60c3	2024-08-11 21:17:13	2024-08-11 16:41:40	2024-08-01 10:59:00	3323a52a32464e5db6926fdc8fbced8f	Imbalance-USD		Transfer To Credit Card -0001	OFX ext. info: |Trans type:Generic debit|Memo:Transfer To Credit Card -0001			n	497577/100	497577/100	1970-01-01 00:00:00
B	9bcc499c072a4dde88cc73929f2ce0c4	813d3924d8b343abbfd69cbcec6ef6a2	2024-08-11 21:17:13	2024-08-11 16:41:40	2024-08-01 10:59:00	5f8cd3d7d07f4e76916a760d36c0523b	Checking Account		Transfer To Credit Card -0001	OFX ext. info: |Trans type:Generic debit|Memo:Transfer To Credit Card -0001	Transfer To Credit Card -0001		c	-497577/100	-497577/100	2024-08-11 16:42:20
===== END
===== START
D	9bcc499c072a4dde88cc73929f2ce0c4	b957a0dbd3004b888bfc6fd82aba60c3	2024-08-11 21:17:13	2024-08-11 16:41:40	2024-08-01 10:59:00	3323a52a32464e5db6926fdc8fbced8f	Imbalance-USD		Transfer To Credit Card -0001	OFX ext. info: |Trans type:Generic debit|Memo:Transfer To Credit Card -0001			n	497577/100	497577/100	1970-01-01 00:00:00
D	9bcc499c072a4dde88cc73929f2ce0c4	813d3924d8b343abbfd69cbcec6ef6a2	2024-08-11 21:17:13	2024-08-11 16:41:40	2024-08-01 10:59:00	5f8cd3d7d07f4e76916a760d36c0523b	Checking Account		Transfer To Credit Card -0001	OFX ext. info: |Trans type:Generic debit|Memo:Transfer To Credit Card -0001	Transfer To Credit Card -0001		c	-497577/100	-497577/100	2024-08-11 16:42:20
===== END
