mod	trans_guid	split_guid	time_now	date_entered	date_posted	acc_guid	acc_name	num	description	notes	memo	action	reconciled	amount	value	date_reconciled
-----------------
===== START
B	e27952fe659a4124b4db421a82879d01	9dea6cf802934c439778c02b42fd6958	2024-08-12 03:52:37	2024-03-24 13:56:49	2024-03-01 10:59:00	994b494e17704424babe25edbe7a3775	Mazda CX-5		USAA	OFX ext. info: |Trans type:Generic debit|Memo:ACH Debit - Usaa Fsb  Icpayment 31407426|Date funds available:2024-03-01 12:00:00			n	40957/100	40957/100	1970-01-01 00:00:00
B	e27952fe659a4124b4db421a82879d01	db8cf304a9c24d558a7e56fc64ce28a1	2024-08-12 03:52:37	2024-03-24 13:56:49	2024-03-01 10:59:00	5f8cd3d7d07f4e76916a760d36c0523b	Checking Account		USAA	OFX ext. info: |Trans type:Generic debit|Memo:ACH Debit - Usaa Fsb  Icpayment 31407426|Date funds available:2024-03-01 12:00:00	ACH Debit - Usaa Fsb  Icpayment 31407426		c	-40957/100	-40957/100	2024-03-24 13:56:59
===== END
===== START
C	e27952fe659a4124b4db421a82879d01	9dea6cf802934c439778c02b42fd6958	2024-08-12 03:52:37	2024-03-24 13:56:49	2024-03-01 10:59:00	7d1c37c295d641c1837ee449ce970ab2	Interest		USAA	OFX ext. info: |Trans type:Generic debit|Memo:ACH Debit - Usaa Fsb  Icpayment 31407426|Date funds available:2024-03-01 12:00:00			n	8392/100	8392/100	1970-01-01 00:00:00
C	e27952fe659a4124b4db421a82879d01	db8cf304a9c24d558a7e56fc64ce28a1	2024-08-12 03:52:37	2024-03-24 13:56:49	2024-03-01 10:59:00	5f8cd3d7d07f4e76916a760d36c0523b	Checking Account		USAA	OFX ext. info: |Trans type:Generic debit|Memo:ACH Debit - Usaa Fsb  Icpayment 31407426|Date funds available:2024-03-01 12:00:00	ACH Debit - Usaa Fsb  Icpayment 31407426		c	-40957/100	-40957/100	2024-03-24 13:56:59
C	e27952fe659a4124b4db421a82879d01	6a08542220654a5ca8a90baea80cc6ce	2024-08-12 03:52:37	2024-03-24 13:56:49	2024-03-01 10:59:00	3323a52a32464e5db6926fdc8fbced8f	Imbalance-USD		USAA	OFX ext. info: |Trans type:Generic debit|Memo:ACH Debit - Usaa Fsb  Icpayment 31407426|Date funds available:2024-03-01 12:00:00			n	32565/100	32565/100	1970-01-01 00:00:00
===== END
===== START
===== END
===== START
B	e27952fe659a4124b4db421a82879d01	9dea6cf802934c439778c02b42fd6958	2024-08-12 03:53:13	2024-03-24 13:56:49	2024-03-01 10:59:00	7d1c37c295d641c1837ee449ce970ab2	Interest		USAA	OFX ext. info: |Trans type:Generic debit|Memo:ACH Debit - Usaa Fsb  Icpayment 31407426|Date funds available:2024-03-01 12:00:00			n	8392/100	8392/100	1970-01-01 00:00:00
B	e27952fe659a4124b4db421a82879d01	6a08542220654a5ca8a90baea80cc6ce	2024-08-12 03:53:13	2024-03-24 13:56:49	2024-03-01 10:59:00	3323a52a32464e5db6926fdc8fbced8f	Imbalance-USD		USAA	OFX ext. info: |Trans type:Generic debit|Memo:ACH Debit - Usaa Fsb  Icpayment 31407426|Date funds available:2024-03-01 12:00:00			n	32565/100	32565/100	1970-01-01 00:00:00
B	e27952fe659a4124b4db421a82879d01	db8cf304a9c24d558a7e56fc64ce28a1	2024-08-12 03:53:13	2024-03-24 13:56:49	2024-03-01 10:59:00	5f8cd3d7d07f4e76916a760d36c0523b	Checking Account		USAA	OFX ext. info: |Trans type:Generic debit|Memo:ACH Debit - Usaa Fsb  Icpayment 31407426|Date funds available:2024-03-01 12:00:00	ACH Debit - Usaa Fsb  Icpayment 31407426		c	-40957/100	-40957/100	2024-03-24 13:56:59
===== END
===== START
C	e27952fe659a4124b4db421a82879d01	9dea6cf802934c439778c02b42fd6958	2024-08-12 03:53:13	2024-03-24 13:56:49	2024-03-01 10:59:00	7d1c37c295d641c1837ee449ce970ab2	Interest		USAA	OFX ext. info: |Trans type:Generic debit|Memo:ACH Debit - Usaa Fsb  Icpayment 31407426|Date funds available:2024-03-01 12:00:00			n	8392/100	8392/100	1970-01-01 00:00:00
C	e27952fe659a4124b4db421a82879d01	6a08542220654a5ca8a90baea80cc6ce	2024-08-12 03:53:13	2024-03-24 13:56:49	2024-03-01 10:59:00	2a747c08f0a34e0594789b7cdc8d292b	Principal		USAA	OFX ext. info: |Trans type:Generic debit|Memo:ACH Debit - Usaa Fsb  Icpayment 31407426|Date funds available:2024-03-01 12:00:00			n	32565/100	32565/100	1970-01-01 00:00:00
C	e27952fe659a4124b4db421a82879d01	db8cf304a9c24d558a7e56fc64ce28a1	2024-08-12 03:53:13	2024-03-24 13:56:49	2024-03-01 10:59:00	5f8cd3d7d07f4e76916a760d36c0523b	Checking Account		USAA	OFX ext. info: |Trans type:Generic debit|Memo:ACH Debit - Usaa Fsb  Icpayment 31407426|Date funds available:2024-03-01 12:00:00	ACH Debit - Usaa Fsb  Icpayment 31407426		c	-40957/100	-40957/100	2024-03-24 13:56:59
===== END
===== START
B	fdb4126ed35d41ef826a4f25ddc3b52f	7f29d3f139194719b7a8bc9993a01062	2024-08-12 03:53:51	2024-01-21 16:45:03	2024-01-03 10:59:00	994b494e17704424babe25edbe7a3775	Mazda CX-5		ACH Transaction - USAA FSB ICPAYMENT 0031407426				n	31690/100	31690/100	1970-01-01 00:00:00
B	fdb4126ed35d41ef826a4f25ddc3b52f	85a225a64d264a2b892a89d7fdb4ca89	2024-08-12 03:53:51	2024-01-21 16:45:03	2024-01-03 10:59:00	2affe66e455c4d78a971998e23de3f9b	Vehicle Loan Interest		ACH Transaction - USAA FSB ICPAYMENT 0031407426				n	9267/100	9267/100	1970-01-01 00:00:00
B	fdb4126ed35d41ef826a4f25ddc3b52f	a4df7589501043d897750b0193f0aa3d	2024-08-12 03:53:51	2024-01-21 16:45:03	2024-01-03 10:59:00	5f8cd3d7d07f4e76916a760d36c0523b	Checking Account		ACH Transaction - USAA FSB ICPAYMENT 0031407426				c	-40957/100	-40957/100	2024-01-21 16:45:03
===== END
===== START
C	fdb4126ed35d41ef826a4f25ddc3b52f	7f29d3f139194719b7a8bc9993a01062	2024-08-12 03:53:51	2024-01-21 16:45:03	2024-01-03 10:59:00	2a747c08f0a34e0594789b7cdc8d292b	Principal		ACH Transaction - USAA FSB ICPAYMENT 0031407426				n	31690/100	31690/100	1970-01-01 00:00:00
C	fdb4126ed35d41ef826a4f25ddc3b52f	85a225a64d264a2b892a89d7fdb4ca89	2024-08-12 03:53:51	2024-01-21 16:45:03	2024-01-03 10:59:00	2affe66e455c4d78a971998e23de3f9b	Vehicle Loan Interest		ACH Transaction - USAA FSB ICPAYMENT 0031407426				n	9267/100	9267/100	1970-01-01 00:00:00
C	fdb4126ed35d41ef826a4f25ddc3b52f	a4df7589501043d897750b0193f0aa3d	2024-08-12 03:53:51	2024-01-21 16:45:03	2024-01-03 10:59:00	5f8cd3d7d07f4e76916a760d36c0523b	Checking Account		ACH Transaction - USAA FSB ICPAYMENT 0031407426				c	-40957/100	-40957/100	2024-01-21 16:45:03
===== END
===== START
B	3d984571a03741cc950f4398af2bba69	0becc4ad82e341f381a41c1d4c21e92e	2024-08-12 03:54:05	2024-08-11 16:41:40	2024-08-01 10:59:00	2a747c08f0a34e0594789b7cdc8d292b	Principal		USAA	OFX ext. info: |Trans type:Generic debit|Memo:ACH Debit - Usaa Fsb  Icpayment 31407426			n	32744/100	32744/100	1970-01-01 00:00:00
B	3d984571a03741cc950f4398af2bba69	5175f33618524809a40d18f32b19c9dd	2024-08-12 03:54:05	2024-08-11 16:41:40	2024-08-01 10:59:00	2affe66e455c4d78a971998e23de3f9b	Vehicle Loan Interest		USAA	OFX ext. info: |Trans type:Generic debit|Memo:ACH Debit - Usaa Fsb  Icpayment 31407426			n	8213/100	8213/100	1970-01-01 00:00:00
B	3d984571a03741cc950f4398af2bba69	26188619ee83469ca350bae88503e88a	2024-08-12 03:54:05	2024-08-11 16:41:40	2024-08-01 10:59:00	5f8cd3d7d07f4e76916a760d36c0523b	Checking Account		USAA	OFX ext. info: |Trans type:Generic debit|Memo:ACH Debit - Usaa Fsb  Icpayment 31407426	ACH Debit - Usaa Fsb  Icpayment 31407426		c	-40957/100	-40957/100	2024-08-11 16:42:20
===== END
===== START
C	3d984571a03741cc950f4398af2bba69	0becc4ad82e341f381a41c1d4c21e92e	2024-08-12 03:54:05	2024-08-11 16:41:40	2024-08-01 10:59:00	2a747c08f0a34e0594789b7cdc8d292b	Principal		USAA	OFX ext. info: |Trans type:Generic debit|Memo:ACH Debit - Usaa Fsb  Icpayment 31407426			n	32744/100	32744/100	1970-01-01 00:00:00
C	3d984571a03741cc950f4398af2bba69	5175f33618524809a40d18f32b19c9dd	2024-08-12 03:54:05	2024-08-11 16:41:40	2024-08-01 10:59:00	7d1c37c295d641c1837ee449ce970ab2	Interest		USAA	OFX ext. info: |Trans type:Generic debit|Memo:ACH Debit - Usaa Fsb  Icpayment 31407426			n	8213/100	8213/100	1970-01-01 00:00:00
C	3d984571a03741cc950f4398af2bba69	26188619ee83469ca350bae88503e88a	2024-08-12 03:54:05	2024-08-11 16:41:40	2024-08-01 10:59:00	5f8cd3d7d07f4e76916a760d36c0523b	Checking Account		USAA	OFX ext. info: |Trans type:Generic debit|Memo:ACH Debit - Usaa Fsb  Icpayment 31407426	ACH Debit - Usaa Fsb  Icpayment 31407426		c	-40957/100	-40957/100	2024-08-11 16:42:20
===== END
===== START
D	d4643c9555f147f8b525fc680b72d682	c8ecc0c66c5d4bfd879130018a2c23a1	2024-08-12 03:54:35	2024-08-12 03:54:35	2024-08-11 10:59:00								n	0/1	0/100	1970-01-01 00:00:00
===== END
===== START
B	fbef7428866a4fbfb0c1dc9ff2d9702b	76ff4b48381b45569475e0eeddde87d1	2024-08-12 03:55:36	2024-08-11 16:41:40	2024-04-02 10:59:00	afe29b9815264ab1bdb84bb218ad1d54	Auto Insurance		USAA	OFX ext. info: |Trans type:Generic debit|Memo:ACH Transaction - USAA FSB ICPAYMENT 0031407426 ACH DEBIT			n	32138/100	32138/100	1970-01-01 00:00:00
B	fbef7428866a4fbfb0c1dc9ff2d9702b	208b42d1f2244d7a9af2dfd9315dbdff	2024-08-12 03:55:36	2024-08-11 16:41:40	2024-04-02 10:59:00	2affe66e455c4d78a971998e23de3f9b	Vehicle Loan Interest		USAA	OFX ext. info: |Trans type:Generic debit|Memo:ACH Transaction - USAA FSB ICPAYMENT 0031407426 ACH DEBIT			n	8819/100	8819/100	1970-01-01 00:00:00
B	fbef7428866a4fbfb0c1dc9ff2d9702b	211dc918ee244d25aa9f09ce2786ff44	2024-08-12 03:55:36	2024-08-11 16:41:40	2024-04-02 10:59:00	5f8cd3d7d07f4e76916a760d36c0523b	Checking Account		USAA	OFX ext. info: |Trans type:Generic debit|Memo:ACH Transaction - USAA FSB ICPAYMENT 0031407426 ACH DEBIT	ACH Transaction - USAA FSB ICPAYMENT 0031407426 ACH DEBIT		c	-40957/100	-40957/100	2024-08-11 16:42:20
===== END
===== START
C	fbef7428866a4fbfb0c1dc9ff2d9702b	76ff4b48381b45569475e0eeddde87d1	2024-08-12 03:55:36	2024-08-11 16:41:40	2024-04-02 10:59:00	2a747c08f0a34e0594789b7cdc8d292b	Principal		USAA	OFX ext. info: |Trans type:Generic debit|Memo:ACH Transaction - USAA FSB ICPAYMENT 0031407426 ACH DEBIT			n	32138/100	32138/100	1970-01-01 00:00:00
C	fbef7428866a4fbfb0c1dc9ff2d9702b	208b42d1f2244d7a9af2dfd9315dbdff	2024-08-12 03:55:36	2024-08-11 16:41:40	2024-04-02 10:59:00	2affe66e455c4d78a971998e23de3f9b	Vehicle Loan Interest		USAA	OFX ext. info: |Trans type:Generic debit|Memo:ACH Transaction - USAA FSB ICPAYMENT 0031407426 ACH DEBIT			n	8819/100	8819/100	1970-01-01 00:00:00
C	fbef7428866a4fbfb0c1dc9ff2d9702b	211dc918ee244d25aa9f09ce2786ff44	2024-08-12 03:55:36	2024-08-11 16:41:40	2024-04-02 10:59:00	5f8cd3d7d07f4e76916a760d36c0523b	Checking Account		USAA	OFX ext. info: |Trans type:Generic debit|Memo:ACH Transaction - USAA FSB ICPAYMENT 0031407426 ACH DEBIT	ACH Transaction - USAA FSB ICPAYMENT 0031407426 ACH DEBIT		c	-40957/100	-40957/100	2024-08-11 16:42:20
===== END
===== START
B	fbef7428866a4fbfb0c1dc9ff2d9702b	76ff4b48381b45569475e0eeddde87d1	2024-08-12 03:55:47	2024-08-11 16:41:40	2024-04-02 10:59:00	2a747c08f0a34e0594789b7cdc8d292b	Principal		USAA	OFX ext. info: |Trans type:Generic debit|Memo:ACH Transaction - USAA FSB ICPAYMENT 0031407426 ACH DEBIT			n	32138/100	32138/100	1970-01-01 00:00:00
B	fbef7428866a4fbfb0c1dc9ff2d9702b	208b42d1f2244d7a9af2dfd9315dbdff	2024-08-12 03:55:47	2024-08-11 16:41:40	2024-04-02 10:59:00	2affe66e455c4d78a971998e23de3f9b	Vehicle Loan Interest		USAA	OFX ext. info: |Trans type:Generic debit|Memo:ACH Transaction - USAA FSB ICPAYMENT 0031407426 ACH DEBIT			n	8819/100	8819/100	1970-01-01 00:00:00
B	fbef7428866a4fbfb0c1dc9ff2d9702b	211dc918ee244d25aa9f09ce2786ff44	2024-08-12 03:55:47	2024-08-11 16:41:40	2024-04-02 10:59:00	5f8cd3d7d07f4e76916a760d36c0523b	Checking Account		USAA	OFX ext. info: |Trans type:Generic debit|Memo:ACH Transaction - USAA FSB ICPAYMENT 0031407426 ACH DEBIT	ACH Transaction - USAA FSB ICPAYMENT 0031407426 ACH DEBIT		c	-40957/100	-40957/100	2024-08-11 16:42:20
===== END
===== START
C	fbef7428866a4fbfb0c1dc9ff2d9702b	76ff4b48381b45569475e0eeddde87d1	2024-08-12 03:55:47	2024-08-11 16:41:40	2024-04-02 10:59:00	2a747c08f0a34e0594789b7cdc8d292b	Principal		USAA	OFX ext. info: |Trans type:Generic debit|Memo:ACH Transaction - USAA FSB ICPAYMENT 0031407426 ACH DEBIT			n	32138/100	32138/100	1970-01-01 00:00:00
C	fbef7428866a4fbfb0c1dc9ff2d9702b	208b42d1f2244d7a9af2dfd9315dbdff	2024-08-12 03:55:47	2024-08-11 16:41:40	2024-04-02 10:59:00	7d1c37c295d641c1837ee449ce970ab2	Interest		USAA	OFX ext. info: |Trans type:Generic debit|Memo:ACH Transaction - USAA FSB ICPAYMENT 0031407426 ACH DEBIT			n	8819/100	8819/100	1970-01-01 00:00:00
C	fbef7428866a4fbfb0c1dc9ff2d9702b	211dc918ee244d25aa9f09ce2786ff44	2024-08-12 03:55:47	2024-08-11 16:41:40	2024-04-02 10:59:00	5f8cd3d7d07f4e76916a760d36c0523b	Checking Account		USAA	OFX ext. info: |Trans type:Generic debit|Memo:ACH Transaction - USAA FSB ICPAYMENT 0031407426 ACH DEBIT	ACH Transaction - USAA FSB ICPAYMENT 0031407426 ACH DEBIT		c	-40957/100	-40957/100	2024-08-11 16:42:20
===== END
===== START
B	3b86ef8d4f0d4690b12b157cde56c0f3	b1a4faeffcd44b91b2d1b0c5712f61db	2024-08-12 03:56:10	2024-08-11 16:41:40	2024-04-16 10:59:00	6939935e25c74abc830e50d2fe4f7ba9	Principal		USAA	OFX ext. info: |Trans type:Generic debit|Memo:ACH Transaction - USAA FSB ICPAYMENT 0031407426 ACH DEBIT			n	24476/100	24476/100	1970-01-01 00:00:00
B	3b86ef8d4f0d4690b12b157cde56c0f3	ddb4683abefb4c14a667ebf96726dde6	2024-08-12 03:56:10	2024-08-11 16:41:40	2024-04-16 10:59:00	2affe66e455c4d78a971998e23de3f9b	Vehicle Loan Interest		USAA	OFX ext. info: |Trans type:Generic debit|Memo:ACH Transaction - USAA FSB ICPAYMENT 0031407426 ACH DEBIT			n	9060/100	9060/100	1970-01-01 00:00:00
B	3b86ef8d4f0d4690b12b157cde56c0f3	0c2e6edc1f284225965c3e7ba4a197eb	2024-08-12 03:56:10	2024-08-11 16:41:40	2024-04-16 10:59:00	5f8cd3d7d07f4e76916a760d36c0523b	Checking Account		USAA	OFX ext. info: |Trans type:Generic debit|Memo:ACH Transaction - USAA FSB ICPAYMENT 0031407426 ACH DEBIT	ACH Transaction - USAA FSB ICPAYMENT 0031407426 ACH DEBIT		c	-33536/100	-33536/100	2024-08-11 16:42:20
===== END
===== START
C	3b86ef8d4f0d4690b12b157cde56c0f3	b1a4faeffcd44b91b2d1b0c5712f61db	2024-08-12 03:56:10	2024-08-11 16:41:40	2024-04-16 10:59:00	6939935e25c74abc830e50d2fe4f7ba9	Principal		USAA	OFX ext. info: |Trans type:Generic debit|Memo:ACH Transaction - USAA FSB ICPAYMENT 0031407426 ACH DEBIT			n	24476/100	24476/100	1970-01-01 00:00:00
C	3b86ef8d4f0d4690b12b157cde56c0f3	ddb4683abefb4c14a667ebf96726dde6	2024-08-12 03:56:10	2024-08-11 16:41:40	2024-04-16 10:59:00	e7e94c71dd214f239201435c152aa2d4	Interest		USAA	OFX ext. info: |Trans type:Generic debit|Memo:ACH Transaction - USAA FSB ICPAYMENT 0031407426 ACH DEBIT			n	9060/100	9060/100	1970-01-01 00:00:00
C	3b86ef8d4f0d4690b12b157cde56c0f3	0c2e6edc1f284225965c3e7ba4a197eb	2024-08-12 03:56:10	2024-08-11 16:41:40	2024-04-16 10:59:00	5f8cd3d7d07f4e76916a760d36c0523b	Checking Account		USAA	OFX ext. info: |Trans type:Generic debit|Memo:ACH Transaction - USAA FSB ICPAYMENT 0031407426 ACH DEBIT	ACH Transaction - USAA FSB ICPAYMENT 0031407426 ACH DEBIT		c	-33536/100	-33536/100	2024-08-11 16:42:20
===== END
