mod	trans_guid	split_guid	time_now	date_entered	date_posted	acc_guid	acc_name	num	description	notes	memo	action	reconciled	amount	value	date_reconciled
-----------------
===== START
D	badc9940e461435d8b20ae34c8335be2	f5ab493ef2fe483284d6e33d6491e5cc	2024-08-15 01:33:39	2024-08-15 01:33:39	2024-08-13 10:59:00								n	0/1	0/100	1970-01-01 00:00:00
===== END
===== START
D	1651b167b9154a0384745852a60d3197	5c21408a1cc640118f9d93e8d70d2377	2024-08-15 01:33:39	2024-08-15 01:33:39	2024-08-13 10:59:00								n	0/1	0/100	1970-01-01 00:00:00
===== END
===== START
D	11fdfcfea855439d8031d4bf91b21613	73049a395e91445eaade80a19549dcf9	2024-08-15 01:33:39	2024-08-15 01:33:39	2024-08-13 10:59:00								n	0/1	0/100	1970-01-01 00:00:00
===== END
===== START
D	de6402aaa63b4832b5a4085582a1e62d	47cbb44306c74f97a5e6d54c2ae22f32	2024-08-15 01:33:39	2024-08-15 01:33:39	2024-08-13 10:59:00								n	0/1	0/100	1970-01-01 00:00:00
===== END
===== START
D	f6e41022efe2464daa49b37b4a866f73	3ce840e9ebe649deb376777acffaefb0	2024-08-15 01:33:39	2024-08-15 01:33:39	2024-08-13 10:59:00								n	0/1	0/100	1970-01-01 00:00:00
===== END
===== START
D	6966167159d948af998d8a27404be853	70be5a4287db49d4a074f36c276f382d	2024-08-15 01:33:39	2024-08-15 01:33:39	2024-08-13 10:59:00								n	0/1	0/100	1970-01-01 00:00:00
===== END
===== START
D	c7b59292071a47908b59978290fc377f	347dd81ecfa74a22a7efb88ec0e68653	2024-08-15 01:33:39	2024-08-15 01:33:39	2024-08-13 10:59:00								n	0/1	0/100	1970-01-01 00:00:00
===== END
