mod	trans_guid	split_guid	time_now	date_entered	date_posted	acc_guid	acc_name	num	description	notes	memo	action	reconciled	amount	value	date_reconciled
-----------------
===== START
B	12fb89b3d4fe4274a3a3ab8e5520697e	ee6a20f6490c4f80821a5b86c6afeb21	2024-08-12 03:27:53	2024-03-24 13:56:49	2024-03-01 10:59:00	3323a52a32464e5db6926fdc8fbced8f	Imbalance-USD		Transfer To Mortgage	OFX ext. info: |Trans type:Generic debit|Memo:Transfer To Mortgage|Date funds available:2024-03-01 12:00:00			n	120324/100	120324/100	1970-01-01 00:00:00
B	12fb89b3d4fe4274a3a3ab8e5520697e	9394d26b1779498a8a8506656fd4d29d	2024-08-12 03:27:53	2024-03-24 13:56:49	2024-03-01 10:59:00	5f8cd3d7d07f4e76916a760d36c0523b	Checking Account		Transfer To Mortgage	OFX ext. info: |Trans type:Generic debit|Memo:Transfer To Mortgage|Date funds available:2024-03-01 12:00:00	Transfer To Mortgage		c	-120324/100	-120324/100	2024-03-24 13:56:59
===== END
===== START
C	12fb89b3d4fe4274a3a3ab8e5520697e	ee6a20f6490c4f80821a5b86c6afeb21	2024-08-12 03:27:53	2024-03-24 13:56:49	2024-03-01 10:59:00	44e62de6d4584063a29e51d2b286354e	Principal		Transfer To Mortgage	OFX ext. info: |Trans type:Generic debit|Memo:Transfer To Mortgage|Date funds available:2024-03-01 12:00:00			n	35608/100	35608/100	1970-01-01 00:00:00
C	12fb89b3d4fe4274a3a3ab8e5520697e	9394d26b1779498a8a8506656fd4d29d	2024-08-12 03:27:53	2024-03-24 13:56:49	2024-03-01 10:59:00	5f8cd3d7d07f4e76916a760d36c0523b	Checking Account		Transfer To Mortgage	OFX ext. info: |Trans type:Generic debit|Memo:Transfer To Mortgage|Date funds available:2024-03-01 12:00:00	Transfer To Mortgage		c	-120324/100	-120324/100	2024-03-24 13:56:59
C	12fb89b3d4fe4274a3a3ab8e5520697e	316b2eeb1d4b4a609446c5fa3f70fefe	2024-08-12 03:27:53	2024-03-24 13:56:49	2024-03-01 10:59:00	3323a52a32464e5db6926fdc8fbced8f	Imbalance-USD		Transfer To Mortgage	OFX ext. info: |Trans type:Generic debit|Memo:Transfer To Mortgage|Date funds available:2024-03-01 12:00:00			n	84716/100	84716/100	1970-01-01 00:00:00
===== END
===== START
B	12fb89b3d4fe4274a3a3ab8e5520697e	ee6a20f6490c4f80821a5b86c6afeb21	2024-08-12 03:28:02	2024-03-24 13:56:49	2024-03-01 10:59:00	44e62de6d4584063a29e51d2b286354e	Principal		Transfer To Mortgage	OFX ext. info: |Trans type:Generic debit|Memo:Transfer To Mortgage|Date funds available:2024-03-01 12:00:00			n	35608/100	35608/100	1970-01-01 00:00:00
B	12fb89b3d4fe4274a3a3ab8e5520697e	316b2eeb1d4b4a609446c5fa3f70fefe	2024-08-12 03:28:02	2024-03-24 13:56:49	2024-03-01 10:59:00	3323a52a32464e5db6926fdc8fbced8f	Imbalance-USD		Transfer To Mortgage	OFX ext. info: |Trans type:Generic debit|Memo:Transfer To Mortgage|Date funds available:2024-03-01 12:00:00			n	84716/100	84716/100	1970-01-01 00:00:00
B	12fb89b3d4fe4274a3a3ab8e5520697e	9394d26b1779498a8a8506656fd4d29d	2024-08-12 03:28:02	2024-03-24 13:56:49	2024-03-01 10:59:00	5f8cd3d7d07f4e76916a760d36c0523b	Checking Account		Transfer To Mortgage	OFX ext. info: |Trans type:Generic debit|Memo:Transfer To Mortgage|Date funds available:2024-03-01 12:00:00	Transfer To Mortgage		c	-120324/100	-120324/100	2024-03-24 13:56:59
===== END
===== START
C	12fb89b3d4fe4274a3a3ab8e5520697e	ee6a20f6490c4f80821a5b86c6afeb21	2024-08-12 03:28:13	2024-03-24 13:56:49	2024-03-01 10:59:00	44e62de6d4584063a29e51d2b286354e	Principal		Transfer To Mortgage	OFX ext. info: |Trans type:Generic debit|Memo:Transfer To Mortgage|Date funds available:2024-03-01 12:00:00			n	35608/100	35608/100	1970-01-01 00:00:00
C	12fb89b3d4fe4274a3a3ab8e5520697e	316b2eeb1d4b4a609446c5fa3f70fefe	2024-08-12 03:28:13	2024-03-24 13:56:49	2024-03-01 10:59:00	57af0c9d6678493a9e63871c4089d09d	Principal Add.		Transfer To Mortgage	OFX ext. info: |Trans type:Generic debit|Memo:Transfer To Mortgage|Date funds available:2024-03-01 12:00:00			n	15000/100	15000/100	1970-01-01 00:00:00
C	12fb89b3d4fe4274a3a3ab8e5520697e	9394d26b1779498a8a8506656fd4d29d	2024-08-12 03:28:13	2024-03-24 13:56:49	2024-03-01 10:59:00	5f8cd3d7d07f4e76916a760d36c0523b	Checking Account		Transfer To Mortgage	OFX ext. info: |Trans type:Generic debit|Memo:Transfer To Mortgage|Date funds available:2024-03-01 12:00:00	Transfer To Mortgage		c	-120324/100	-120324/100	2024-03-24 13:56:59
C	12fb89b3d4fe4274a3a3ab8e5520697e	21f02246b4c8472ebbff5f6017b1a402	2024-08-12 03:28:13	2024-03-24 13:56:49	2024-03-01 10:59:00	64f62a5cdd484a45bb34183b4362e035	Interest		Transfer To Mortgage	OFX ext. info: |Trans type:Generic debit|Memo:Transfer To Mortgage|Date funds available:2024-03-01 12:00:00			n	69716/100	69716/100	1970-01-01 00:00:00
===== END
===== START
B	12fb89b3d4fe4274a3a3ab8e5520697e	ee6a20f6490c4f80821a5b86c6afeb21	2024-08-12 03:28:28	2024-03-24 13:56:49	2024-03-01 10:59:00	44e62de6d4584063a29e51d2b286354e	Principal		Transfer To Mortgage	OFX ext. info: |Trans type:Generic debit|Memo:Transfer To Mortgage|Date funds available:2024-03-01 12:00:00			n	35608/100	35608/100	1970-01-01 00:00:00
B	12fb89b3d4fe4274a3a3ab8e5520697e	316b2eeb1d4b4a609446c5fa3f70fefe	2024-08-12 03:28:28	2024-03-24 13:56:49	2024-03-01 10:59:00	57af0c9d6678493a9e63871c4089d09d	Principal Add.		Transfer To Mortgage	OFX ext. info: |Trans type:Generic debit|Memo:Transfer To Mortgage|Date funds available:2024-03-01 12:00:00			n	15000/100	15000/100	1970-01-01 00:00:00
B	12fb89b3d4fe4274a3a3ab8e5520697e	21f02246b4c8472ebbff5f6017b1a402	2024-08-12 03:28:28	2024-03-24 13:56:49	2024-03-01 10:59:00	64f62a5cdd484a45bb34183b4362e035	Interest		Transfer To Mortgage	OFX ext. info: |Trans type:Generic debit|Memo:Transfer To Mortgage|Date funds available:2024-03-01 12:00:00			n	69716/100	69716/100	1970-01-01 00:00:00
B	12fb89b3d4fe4274a3a3ab8e5520697e	9394d26b1779498a8a8506656fd4d29d	2024-08-12 03:28:28	2024-03-24 13:56:49	2024-03-01 10:59:00	5f8cd3d7d07f4e76916a760d36c0523b	Checking Account		Transfer To Mortgage	OFX ext. info: |Trans type:Generic debit|Memo:Transfer To Mortgage|Date funds available:2024-03-01 12:00:00	Transfer To Mortgage		c	-120324/100	-120324/100	2024-03-24 13:56:59
===== END
===== START
C	12fb89b3d4fe4274a3a3ab8e5520697e	ee6a20f6490c4f80821a5b86c6afeb21	2024-08-12 03:28:28	2024-03-24 13:56:49	2024-03-01 10:59:00	44e62de6d4584063a29e51d2b286354e	Principal		Transfer To Mortgage	OFX ext. info: |Trans type:Generic debit|Memo:Transfer To Mortgage|Date funds available:2024-03-01 12:00:00			n	35608/100	35608/100	1970-01-01 00:00:00
C	12fb89b3d4fe4274a3a3ab8e5520697e	316b2eeb1d4b4a609446c5fa3f70fefe	2024-08-12 03:28:28	2024-03-24 13:56:49	2024-03-01 10:59:00	57af0c9d6678493a9e63871c4089d09d	Principal Add.		Transfer To Mortgage	OFX ext. info: |Trans type:Generic debit|Memo:Transfer To Mortgage|Date funds available:2024-03-01 12:00:00			n	15000/100	15000/100	1970-01-01 00:00:00
C	12fb89b3d4fe4274a3a3ab8e5520697e	21f02246b4c8472ebbff5f6017b1a402	2024-08-12 03:28:28	2024-03-24 13:56:49	2024-03-01 10:59:00	64f62a5cdd484a45bb34183b4362e035	Interest		Transfer To Mortgage	OFX ext. info: |Trans type:Generic debit|Memo:Transfer To Mortgage|Date funds available:2024-03-01 12:00:00			n	38083/100	38083/100	1970-01-01 00:00:00
C	12fb89b3d4fe4274a3a3ab8e5520697e	9394d26b1779498a8a8506656fd4d29d	2024-08-12 03:28:28	2024-03-24 13:56:49	2024-03-01 10:59:00	5f8cd3d7d07f4e76916a760d36c0523b	Checking Account		Transfer To Mortgage	OFX ext. info: |Trans type:Generic debit|Memo:Transfer To Mortgage|Date funds available:2024-03-01 12:00:00	Transfer To Mortgage		c	-120324/100	-120324/100	2024-03-24 13:56:59
C	12fb89b3d4fe4274a3a3ab8e5520697e	9506226ea7e64de7bbaea6c5687c74f7	2024-08-12 03:28:28	2024-03-24 13:56:49	2024-03-01 10:59:00	3323a52a32464e5db6926fdc8fbced8f	Imbalance-USD		Transfer To Mortgage	OFX ext. info: |Trans type:Generic debit|Memo:Transfer To Mortgage|Date funds available:2024-03-01 12:00:00			n	31633/100	31633/100	1970-01-01 00:00:00
===== END
===== START
B	12fb89b3d4fe4274a3a3ab8e5520697e	ee6a20f6490c4f80821a5b86c6afeb21	2024-08-12 03:28:39	2024-03-24 13:56:49	2024-03-01 10:59:00	44e62de6d4584063a29e51d2b286354e	Principal		Transfer To Mortgage	OFX ext. info: |Trans type:Generic debit|Memo:Transfer To Mortgage|Date funds available:2024-03-01 12:00:00			n	35608/100	35608/100	1970-01-01 00:00:00
B	12fb89b3d4fe4274a3a3ab8e5520697e	316b2eeb1d4b4a609446c5fa3f70fefe	2024-08-12 03:28:39	2024-03-24 13:56:49	2024-03-01 10:59:00	57af0c9d6678493a9e63871c4089d09d	Principal Add.		Transfer To Mortgage	OFX ext. info: |Trans type:Generic debit|Memo:Transfer To Mortgage|Date funds available:2024-03-01 12:00:00			n	15000/100	15000/100	1970-01-01 00:00:00
B	12fb89b3d4fe4274a3a3ab8e5520697e	21f02246b4c8472ebbff5f6017b1a402	2024-08-12 03:28:39	2024-03-24 13:56:49	2024-03-01 10:59:00	64f62a5cdd484a45bb34183b4362e035	Interest		Transfer To Mortgage	OFX ext. info: |Trans type:Generic debit|Memo:Transfer To Mortgage|Date funds available:2024-03-01 12:00:00			n	38083/100	38083/100	1970-01-01 00:00:00
B	12fb89b3d4fe4274a3a3ab8e5520697e	9506226ea7e64de7bbaea6c5687c74f7	2024-08-12 03:28:39	2024-03-24 13:56:49	2024-03-01 10:59:00	3323a52a32464e5db6926fdc8fbced8f	Imbalance-USD		Transfer To Mortgage	OFX ext. info: |Trans type:Generic debit|Memo:Transfer To Mortgage|Date funds available:2024-03-01 12:00:00			n	31633/100	31633/100	1970-01-01 00:00:00
B	12fb89b3d4fe4274a3a3ab8e5520697e	9394d26b1779498a8a8506656fd4d29d	2024-08-12 03:28:39	2024-03-24 13:56:49	2024-03-01 10:59:00	5f8cd3d7d07f4e76916a760d36c0523b	Checking Account		Transfer To Mortgage	OFX ext. info: |Trans type:Generic debit|Memo:Transfer To Mortgage|Date funds available:2024-03-01 12:00:00	Transfer To Mortgage		c	-120324/100	-120324/100	2024-03-24 13:56:59
===== END
===== START
C	12fb89b3d4fe4274a3a3ab8e5520697e	ee6a20f6490c4f80821a5b86c6afeb21	2024-08-12 03:29:10	2024-03-24 13:56:49	2024-03-01 10:59:00	44e62de6d4584063a29e51d2b286354e	Principal		Transfer To Mortgage	OFX ext. info: |Trans type:Generic debit|Memo:Transfer To Mortgage|Date funds available:2024-03-01 12:00:00			n	35608/100	35608/100	1970-01-01 00:00:00
C	12fb89b3d4fe4274a3a3ab8e5520697e	316b2eeb1d4b4a609446c5fa3f70fefe	2024-08-12 03:29:10	2024-03-24 13:56:49	2024-03-01 10:59:00	57af0c9d6678493a9e63871c4089d09d	Principal Add.		Transfer To Mortgage	OFX ext. info: |Trans type:Generic debit|Memo:Transfer To Mortgage|Date funds available:2024-03-01 12:00:00			n	15000/100	15000/100	1970-01-01 00:00:00
C	12fb89b3d4fe4274a3a3ab8e5520697e	21f02246b4c8472ebbff5f6017b1a402	2024-08-12 03:29:10	2024-03-24 13:56:49	2024-03-01 10:59:00	64f62a5cdd484a45bb34183b4362e035	Interest		Transfer To Mortgage	OFX ext. info: |Trans type:Generic debit|Memo:Transfer To Mortgage|Date funds available:2024-03-01 12:00:00			n	38083/100	38083/100	1970-01-01 00:00:00
C	12fb89b3d4fe4274a3a3ab8e5520697e	9506226ea7e64de7bbaea6c5687c74f7	2024-08-12 03:29:10	2024-03-24 13:56:49	2024-03-01 10:59:00	8a82287b7caa43b288f83bca008f5def	Escrow		Transfer To Mortgage	OFX ext. info: |Trans type:Generic debit|Memo:Transfer To Mortgage|Date funds available:2024-03-01 12:00:00			n	31633/100	31633/100	1970-01-01 00:00:00
C	12fb89b3d4fe4274a3a3ab8e5520697e	9394d26b1779498a8a8506656fd4d29d	2024-08-12 03:29:10	2024-03-24 13:56:49	2024-03-01 10:59:00	5f8cd3d7d07f4e76916a760d36c0523b	Checking Account		Transfer To Mortgage	OFX ext. info: |Trans type:Generic debit|Memo:Transfer To Mortgage|Date funds available:2024-03-01 12:00:00	Transfer To Mortgage		c	-120324/100	-120324/100	2024-03-24 13:56:59
===== END
===== START
B	0c438e21027f443bb38edc02ff919354	3706da61f2c6455098e465b82f45ebe6	2024-08-12 03:29:32	2024-08-11 16:41:40	2024-04-01 10:59:00	3323a52a32464e5db6926fdc8fbced8f	Imbalance-USD		Transfer to Mortgage TRF TO OTHE	OFX ext. info: |Trans type:Generic debit|Memo:Transfer to Mortgage TRF TO OTHER			n	120324/100	120324/100	1970-01-01 00:00:00
B	0c438e21027f443bb38edc02ff919354	5080233e94394bc697e56eb4c3a0c3a7	2024-08-12 03:29:32	2024-08-11 16:41:40	2024-04-01 10:59:00	5f8cd3d7d07f4e76916a760d36c0523b	Checking Account		Transfer to Mortgage TRF TO OTHE	OFX ext. info: |Trans type:Generic debit|Memo:Transfer to Mortgage TRF TO OTHER	Transfer to Mortgage TRF TO OTHER		c	-120324/100	-120324/100	2024-08-11 16:42:20
===== END
===== START
C	0c438e21027f443bb38edc02ff919354	3706da61f2c6455098e465b82f45ebe6	2024-08-12 03:29:32	2024-08-11 16:41:40	2024-04-01 10:59:00	44e62de6d4584063a29e51d2b286354e	Principal		Transfer to Mortgage TRF TO OTHE	OFX ext. info: |Trans type:Generic debit|Memo:Transfer to Mortgage TRF TO OTHER			n	35719/100	35719/100	1970-01-01 00:00:00
C	0c438e21027f443bb38edc02ff919354	5080233e94394bc697e56eb4c3a0c3a7	2024-08-12 03:29:32	2024-08-11 16:41:40	2024-04-01 10:59:00	5f8cd3d7d07f4e76916a760d36c0523b	Checking Account		Transfer to Mortgage TRF TO OTHE	OFX ext. info: |Trans type:Generic debit|Memo:Transfer to Mortgage TRF TO OTHER	Transfer to Mortgage TRF TO OTHER		c	-120324/100	-120324/100	2024-08-11 16:42:20
C	0c438e21027f443bb38edc02ff919354	b007b3447d70421798b9459c91901c72	2024-08-12 03:29:32	2024-08-11 16:41:40	2024-04-01 10:59:00	3323a52a32464e5db6926fdc8fbced8f	Imbalance-USD		Transfer to Mortgage TRF TO OTHE	OFX ext. info: |Trans type:Generic debit|Memo:Transfer to Mortgage TRF TO OTHER			n	84605/100	84605/100	1970-01-01 00:00:00
===== END
===== START
B	0c438e21027f443bb38edc02ff919354	3706da61f2c6455098e465b82f45ebe6	2024-08-12 03:29:39	2024-08-11 16:41:40	2024-04-01 10:59:00	44e62de6d4584063a29e51d2b286354e	Principal		Transfer to Mortgage TRF TO OTHE	OFX ext. info: |Trans type:Generic debit|Memo:Transfer to Mortgage TRF TO OTHER			n	35719/100	35719/100	1970-01-01 00:00:00
B	0c438e21027f443bb38edc02ff919354	b007b3447d70421798b9459c91901c72	2024-08-12 03:29:39	2024-08-11 16:41:40	2024-04-01 10:59:00	3323a52a32464e5db6926fdc8fbced8f	Imbalance-USD		Transfer to Mortgage TRF TO OTHE	OFX ext. info: |Trans type:Generic debit|Memo:Transfer to Mortgage TRF TO OTHER			n	84605/100	84605/100	1970-01-01 00:00:00
B	0c438e21027f443bb38edc02ff919354	5080233e94394bc697e56eb4c3a0c3a7	2024-08-12 03:29:39	2024-08-11 16:41:40	2024-04-01 10:59:00	5f8cd3d7d07f4e76916a760d36c0523b	Checking Account		Transfer to Mortgage TRF TO OTHE	OFX ext. info: |Trans type:Generic debit|Memo:Transfer to Mortgage TRF TO OTHER	Transfer to Mortgage TRF TO OTHER		c	-120324/100	-120324/100	2024-08-11 16:42:20
===== END
===== START
C	0c438e21027f443bb38edc02ff919354	3706da61f2c6455098e465b82f45ebe6	2024-08-12 03:29:58	2024-08-11 16:41:40	2024-04-01 10:59:00	44e62de6d4584063a29e51d2b286354e	Principal		Transfer to Mortgage TRF TO OTHE	OFX ext. info: |Trans type:Generic debit|Memo:Transfer to Mortgage TRF TO OTHER			n	35719/100	35719/100	1970-01-01 00:00:00
C	0c438e21027f443bb38edc02ff919354	b007b3447d70421798b9459c91901c72	2024-08-12 03:29:58	2024-08-11 16:41:40	2024-04-01 10:59:00	57af0c9d6678493a9e63871c4089d09d	Principal Add.		Transfer to Mortgage TRF TO OTHE	OFX ext. info: |Trans type:Generic debit|Memo:Transfer to Mortgage TRF TO OTHER			n	15000/100	15000/100	1970-01-01 00:00:00
C	0c438e21027f443bb38edc02ff919354	5080233e94394bc697e56eb4c3a0c3a7	2024-08-12 03:29:58	2024-08-11 16:41:40	2024-04-01 10:59:00	5f8cd3d7d07f4e76916a760d36c0523b	Checking Account		Transfer to Mortgage TRF TO OTHE	OFX ext. info: |Trans type:Generic debit|Memo:Transfer to Mortgage TRF TO OTHER	Transfer to Mortgage TRF TO OTHER		c	-120324/100	-120324/100	2024-08-11 16:42:20
C	0c438e21027f443bb38edc02ff919354	005b33b01d9a44bb82d9142321e56ce8	2024-08-12 03:29:58	2024-08-11 16:41:40	2024-04-01 10:59:00	64f62a5cdd484a45bb34183b4362e035	Interest		Transfer to Mortgage TRF TO OTHE	OFX ext. info: |Trans type:Generic debit|Memo:Transfer to Mortgage TRF TO OTHER			n	37972/100	37972/100	1970-01-01 00:00:00
C	0c438e21027f443bb38edc02ff919354	e88f59142afb4923b6524d1f6e49dcfd	2024-08-12 03:29:58	2024-08-11 16:41:40	2024-04-01 10:59:00	3323a52a32464e5db6926fdc8fbced8f	Imbalance-USD		Transfer to Mortgage TRF TO OTHE	OFX ext. info: |Trans type:Generic debit|Memo:Transfer to Mortgage TRF TO OTHER			n	31633/100	31633/100	1970-01-01 00:00:00
===== END
===== START
B	0c438e21027f443bb38edc02ff919354	3706da61f2c6455098e465b82f45ebe6	2024-08-12 03:30:05	2024-08-11 16:41:40	2024-04-01 10:59:00	44e62de6d4584063a29e51d2b286354e	Principal		Transfer to Mortgage TRF TO OTHE	OFX ext. info: |Trans type:Generic debit|Memo:Transfer to Mortgage TRF TO OTHER			n	35719/100	35719/100	1970-01-01 00:00:00
B	0c438e21027f443bb38edc02ff919354	b007b3447d70421798b9459c91901c72	2024-08-12 03:30:05	2024-08-11 16:41:40	2024-04-01 10:59:00	57af0c9d6678493a9e63871c4089d09d	Principal Add.		Transfer to Mortgage TRF TO OTHE	OFX ext. info: |Trans type:Generic debit|Memo:Transfer to Mortgage TRF TO OTHER			n	15000/100	15000/100	1970-01-01 00:00:00
B	0c438e21027f443bb38edc02ff919354	005b33b01d9a44bb82d9142321e56ce8	2024-08-12 03:30:05	2024-08-11 16:41:40	2024-04-01 10:59:00	64f62a5cdd484a45bb34183b4362e035	Interest		Transfer to Mortgage TRF TO OTHE	OFX ext. info: |Trans type:Generic debit|Memo:Transfer to Mortgage TRF TO OTHER			n	37972/100	37972/100	1970-01-01 00:00:00
B	0c438e21027f443bb38edc02ff919354	e88f59142afb4923b6524d1f6e49dcfd	2024-08-12 03:30:05	2024-08-11 16:41:40	2024-04-01 10:59:00	3323a52a32464e5db6926fdc8fbced8f	Imbalance-USD		Transfer to Mortgage TRF TO OTHE	OFX ext. info: |Trans type:Generic debit|Memo:Transfer to Mortgage TRF TO OTHER			n	31633/100	31633/100	1970-01-01 00:00:00
B	0c438e21027f443bb38edc02ff919354	5080233e94394bc697e56eb4c3a0c3a7	2024-08-12 03:30:05	2024-08-11 16:41:40	2024-04-01 10:59:00	5f8cd3d7d07f4e76916a760d36c0523b	Checking Account		Transfer to Mortgage TRF TO OTHE	OFX ext. info: |Trans type:Generic debit|Memo:Transfer to Mortgage TRF TO OTHER	Transfer to Mortgage TRF TO OTHER		c	-120324/100	-120324/100	2024-08-11 16:42:20
===== END
===== START
C	0c438e21027f443bb38edc02ff919354	3706da61f2c6455098e465b82f45ebe6	2024-08-12 03:30:05	2024-08-11 16:41:40	2024-04-01 10:59:00	44e62de6d4584063a29e51d2b286354e	Principal		Transfer to Mortgage TRF TO OTHE	OFX ext. info: |Trans type:Generic debit|Memo:Transfer to Mortgage TRF TO OTHER			n	35719/100	35719/100	1970-01-01 00:00:00
C	0c438e21027f443bb38edc02ff919354	b007b3447d70421798b9459c91901c72	2024-08-12 03:30:05	2024-08-11 16:41:40	2024-04-01 10:59:00	57af0c9d6678493a9e63871c4089d09d	Principal Add.		Transfer to Mortgage TRF TO OTHE	OFX ext. info: |Trans type:Generic debit|Memo:Transfer to Mortgage TRF TO OTHER			n	15000/100	15000/100	1970-01-01 00:00:00
C	0c438e21027f443bb38edc02ff919354	005b33b01d9a44bb82d9142321e56ce8	2024-08-12 03:30:05	2024-08-11 16:41:40	2024-04-01 10:59:00	64f62a5cdd484a45bb34183b4362e035	Interest		Transfer to Mortgage TRF TO OTHE	OFX ext. info: |Trans type:Generic debit|Memo:Transfer to Mortgage TRF TO OTHER			n	37972/100	37972/100	1970-01-01 00:00:00
C	0c438e21027f443bb38edc02ff919354	e88f59142afb4923b6524d1f6e49dcfd	2024-08-12 03:30:05	2024-08-11 16:41:40	2024-04-01 10:59:00	8a82287b7caa43b288f83bca008f5def	Escrow		Transfer to Mortgage TRF TO OTHE	OFX ext. info: |Trans type:Generic debit|Memo:Transfer to Mortgage TRF TO OTHER			n	31633/100	31633/100	1970-01-01 00:00:00
C	0c438e21027f443bb38edc02ff919354	5080233e94394bc697e56eb4c3a0c3a7	2024-08-12 03:30:05	2024-08-11 16:41:40	2024-04-01 10:59:00	5f8cd3d7d07f4e76916a760d36c0523b	Checking Account		Transfer to Mortgage TRF TO OTHE	OFX ext. info: |Trans type:Generic debit|Memo:Transfer to Mortgage TRF TO OTHER	Transfer to Mortgage TRF TO OTHER		c	-120324/100	-120324/100	2024-08-11 16:42:20
===== END
===== START
B	e80a21b58c784995b5db715f45580629	cee12bef297942028b8232797ab408f3	2024-08-12 03:30:43	2024-08-11 16:41:40	2024-05-01 10:59:00	3323a52a32464e5db6926fdc8fbced8f	Imbalance-USD		Transfer to Mortgage TRF TO OTHE	OFX ext. info: |Trans type:Generic debit|Memo:Transfer to Mortgage TRF TO OTHER			n	120324/100	120324/100	1970-01-01 00:00:00
B	e80a21b58c784995b5db715f45580629	253046f03d87488e828e5ecbd4481a9d	2024-08-12 03:30:43	2024-08-11 16:41:40	2024-05-01 10:59:00	5f8cd3d7d07f4e76916a760d36c0523b	Checking Account		Transfer to Mortgage TRF TO OTHE	OFX ext. info: |Trans type:Generic debit|Memo:Transfer to Mortgage TRF TO OTHER	Transfer to Mortgage TRF TO OTHER		c	-120324/100	-120324/100	2024-08-11 16:42:20
===== END
===== START
C	e80a21b58c784995b5db715f45580629	cee12bef297942028b8232797ab408f3	2024-08-12 03:31:15	2024-08-11 16:41:40	2024-05-01 10:59:00	44e62de6d4584063a29e51d2b286354e	Principal		Transfer to Mortgage TRF TO OTHE	OFX ext. info: |Trans type:Generic debit|Memo:Transfer to Mortgage TRF TO OTHER			n	35830/100	35830/100	1970-01-01 00:00:00
C	e80a21b58c784995b5db715f45580629	253046f03d87488e828e5ecbd4481a9d	2024-08-12 03:31:15	2024-08-11 16:41:40	2024-05-01 10:59:00	5f8cd3d7d07f4e76916a760d36c0523b	Checking Account		Transfer to Mortgage TRF TO OTHE	OFX ext. info: |Trans type:Generic debit|Memo:Transfer to Mortgage TRF TO OTHER	Transfer to Mortgage TRF TO OTHER		c	-120324/100	-120324/100	2024-08-11 16:42:20
C	e80a21b58c784995b5db715f45580629	5cb5fad2a98d44b083a5afbbcafb42a9	2024-08-12 03:31:15	2024-08-11 16:41:40	2024-05-01 10:59:00	57af0c9d6678493a9e63871c4089d09d	Principal Add.		Transfer to Mortgage TRF TO OTHE	OFX ext. info: |Trans type:Generic debit|Memo:Transfer to Mortgage TRF TO OTHER			n	15000/100	15000/100	1970-01-01 00:00:00
C	e80a21b58c784995b5db715f45580629	f54912346335446d96c5b7e14a38a20a	2024-08-12 03:31:15	2024-08-11 16:41:40	2024-05-01 10:59:00	64f62a5cdd484a45bb34183b4362e035	Interest		Transfer to Mortgage TRF TO OTHE	OFX ext. info: |Trans type:Generic debit|Memo:Transfer to Mortgage TRF TO OTHER			n	37861/100	37861/100	1970-01-01 00:00:00
C	e80a21b58c784995b5db715f45580629	96288fb2b8884dc4b28dccfdf9893a7e	2024-08-12 03:31:15	2024-08-11 16:41:40	2024-05-01 10:59:00	3323a52a32464e5db6926fdc8fbced8f	Imbalance-USD		Transfer to Mortgage TRF TO OTHE	OFX ext. info: |Trans type:Generic debit|Memo:Transfer to Mortgage TRF TO OTHER			n	31633/100	31633/100	1970-01-01 00:00:00
===== END
===== START
B	e80a21b58c784995b5db715f45580629	cee12bef297942028b8232797ab408f3	2024-08-12 03:31:23	2024-08-11 16:41:40	2024-05-01 10:59:00	44e62de6d4584063a29e51d2b286354e	Principal		Transfer to Mortgage TRF TO OTHE	OFX ext. info: |Trans type:Generic debit|Memo:Transfer to Mortgage TRF TO OTHER			n	35830/100	35830/100	1970-01-01 00:00:00
B	e80a21b58c784995b5db715f45580629	5cb5fad2a98d44b083a5afbbcafb42a9	2024-08-12 03:31:23	2024-08-11 16:41:40	2024-05-01 10:59:00	57af0c9d6678493a9e63871c4089d09d	Principal Add.		Transfer to Mortgage TRF TO OTHE	OFX ext. info: |Trans type:Generic debit|Memo:Transfer to Mortgage TRF TO OTHER			n	15000/100	15000/100	1970-01-01 00:00:00
B	e80a21b58c784995b5db715f45580629	f54912346335446d96c5b7e14a38a20a	2024-08-12 03:31:23	2024-08-11 16:41:40	2024-05-01 10:59:00	64f62a5cdd484a45bb34183b4362e035	Interest		Transfer to Mortgage TRF TO OTHE	OFX ext. info: |Trans type:Generic debit|Memo:Transfer to Mortgage TRF TO OTHER			n	37861/100	37861/100	1970-01-01 00:00:00
B	e80a21b58c784995b5db715f45580629	96288fb2b8884dc4b28dccfdf9893a7e	2024-08-12 03:31:23	2024-08-11 16:41:40	2024-05-01 10:59:00	3323a52a32464e5db6926fdc8fbced8f	Imbalance-USD		Transfer to Mortgage TRF TO OTHE	OFX ext. info: |Trans type:Generic debit|Memo:Transfer to Mortgage TRF TO OTHER			n	31633/100	31633/100	1970-01-01 00:00:00
B	e80a21b58c784995b5db715f45580629	253046f03d87488e828e5ecbd4481a9d	2024-08-12 03:31:23	2024-08-11 16:41:40	2024-05-01 10:59:00	5f8cd3d7d07f4e76916a760d36c0523b	Checking Account		Transfer to Mortgage TRF TO OTHE	OFX ext. info: |Trans type:Generic debit|Memo:Transfer to Mortgage TRF TO OTHER	Transfer to Mortgage TRF TO OTHER		c	-120324/100	-120324/100	2024-08-11 16:42:20
===== END
===== START
C	e80a21b58c784995b5db715f45580629	cee12bef297942028b8232797ab408f3	2024-08-12 03:31:23	2024-08-11 16:41:40	2024-05-01 10:59:00	44e62de6d4584063a29e51d2b286354e	Principal		Transfer to Mortgage TRF TO OTHE	OFX ext. info: |Trans type:Generic debit|Memo:Transfer to Mortgage TRF TO OTHER			n	35830/100	35830/100	1970-01-01 00:00:00
C	e80a21b58c784995b5db715f45580629	5cb5fad2a98d44b083a5afbbcafb42a9	2024-08-12 03:31:23	2024-08-11 16:41:40	2024-05-01 10:59:00	57af0c9d6678493a9e63871c4089d09d	Principal Add.		Transfer to Mortgage TRF TO OTHE	OFX ext. info: |Trans type:Generic debit|Memo:Transfer to Mortgage TRF TO OTHER			n	15000/100	15000/100	1970-01-01 00:00:00
C	e80a21b58c784995b5db715f45580629	f54912346335446d96c5b7e14a38a20a	2024-08-12 03:31:23	2024-08-11 16:41:40	2024-05-01 10:59:00	64f62a5cdd484a45bb34183b4362e035	Interest		Transfer to Mortgage TRF TO OTHE	OFX ext. info: |Trans type:Generic debit|Memo:Transfer to Mortgage TRF TO OTHER			n	37861/100	37861/100	1970-01-01 00:00:00
C	e80a21b58c784995b5db715f45580629	96288fb2b8884dc4b28dccfdf9893a7e	2024-08-12 03:31:23	2024-08-11 16:41:40	2024-05-01 10:59:00	8a82287b7caa43b288f83bca008f5def	Escrow		Transfer to Mortgage TRF TO OTHE	OFX ext. info: |Trans type:Generic debit|Memo:Transfer to Mortgage TRF TO OTHER			n	31633/100	31633/100	1970-01-01 00:00:00
C	e80a21b58c784995b5db715f45580629	253046f03d87488e828e5ecbd4481a9d	2024-08-12 03:31:23	2024-08-11 16:41:40	2024-05-01 10:59:00	5f8cd3d7d07f4e76916a760d36c0523b	Checking Account		Transfer to Mortgage TRF TO OTHE	OFX ext. info: |Trans type:Generic debit|Memo:Transfer to Mortgage TRF TO OTHER	Transfer to Mortgage TRF TO OTHER		c	-120324/100	-120324/100	2024-08-11 16:42:20
===== END
