mod	trans_guid	split_guid	time_now	date_entered	date_posted	acc_guid	acc_name	num	description	notes	memo	action	reconciled	amount	value	date_reconciled
-----------------
===== START
===== END
===== START
===== END
===== START
===== END
===== START
===== END
===== START
===== END
===== START
===== END
===== START
===== END
===== START
===== END
===== START
===== END
===== START
===== END
===== START
===== END
===== START
===== END
===== START
===== END
===== START
===== END
===== START
===== END
===== START
===== END
===== START
===== END
===== START
===== END
===== START
===== END
===== START
===== END
===== START
===== END
===== START
===== END
===== START
===== END
===== START
===== END
===== START
===== END
===== START
===== END
===== START
===== END
===== START
===== END
===== START
===== END
===== START
===== END
===== START
===== END
===== START
===== END
===== START
D	ec8895c85c7142bfa96afea4b3639e50	34a8a9db5c57490891bb808704d9e7c2	2024-02-11 16:26:05	2024-02-11 16:26:05	2024-02-11 10:59:00								n	0/1	0/100	1970-01-01 00:00:00
===== END
===== START
===== END
===== START
D	75c0c165d7df430994e437cd382835f6	2da833d4bd6443a091f1b2ecf44020cf	2024-02-11 16:27:25	2024-02-11 16:27:25	2024-02-09 10:59:00	48c0a9bb8af04622bbb5c2e2aac3f735	Navy Rewards Card	0001	RTX CAFE TUCSON848 TUCSON AZ - 0001				n	1196/100	1196/100	1970-01-01 00:00:00
===== END
===== START
D	d7ab78478e484109a4a2899add96374e	157d51a8837a4ce79d9d1e7893104d81	2024-02-11 16:27:25	2024-02-11 16:27:25	2024-02-09 10:59:00	48c0a9bb8af04622bbb5c2e2aac3f735	Navy Rewards Card	0001	RTX CAFE TUCSON848 TUCSON AZ - 0001				n	554/100	554/100	1970-01-01 00:00:00
===== END
===== START
D	1b724a7670774c7d90eef2502283f92e	33871e17bc0e4883ba111131ac7aba8e	2024-02-11 16:27:25	2024-02-11 16:27:25	2024-02-09 10:59:00	48c0a9bb8af04622bbb5c2e2aac3f735	Navy Rewards Card	0001	Costco Gas Stations				n	3028/100	3028/100	1970-01-01 00:00:00
===== END
===== START
D	6509b852819648e0af1f574ffccf348a	27a35874acf84951be2ebcfffdef854d	2024-02-11 16:27:25	2024-02-11 16:27:25	2024-02-09 10:59:00	48c0a9bb8af04622bbb5c2e2aac3f735	Navy Rewards Card	4430	Apple				n	325/100	325/100	1970-01-01 00:00:00
===== END
===== START
D	f1c2cb2948f04a8ca013c2f1eb7a2249	6b176b8a0af74eb1a72d244c4c6b1ae8	2024-02-11 16:27:25	2024-02-11 16:27:25	2024-02-08 10:59:00	48c0a9bb8af04622bbb5c2e2aac3f735	Navy Rewards Card	0001	RTX CAFE TUCSON848 TUCSON AZ - 0001				n	1630/100	1630/100	1970-01-01 00:00:00
===== END
===== START
D	8d42ce9359e84275bbe8e993f685d4c7	d1a9038b89894f67bbe9ddb01003752a	2024-02-11 16:27:25	2024-02-11 16:27:25	2024-02-08 10:59:00	48c0a9bb8af04622bbb5c2e2aac3f735	Navy Rewards Card	0001	Canteen Vending Services				n	140/100	140/100	1970-01-01 00:00:00
===== END
===== START
D	abb93d5f51dc4f5ab2f57dc86c896a32	13c97f58052747ff86da1166e1c5e49e	2024-02-11 16:27:25	2024-02-11 16:27:25	2024-02-08 10:59:00	48c0a9bb8af04622bbb5c2e2aac3f735	Navy Rewards Card	4430	Whole Foods Market				n	2161/100	2161/100	1970-01-01 00:00:00
===== END
===== START
D	4343ef3bc84a4b88a26283dc11de7573	5631bb6ddd4c4bfda0e1d23076605b47	2024-02-11 16:27:25	2024-02-11 16:27:25	2024-02-07 10:59:00	48c0a9bb8af04622bbb5c2e2aac3f735	Navy Rewards Card	0001	Canteen Vending Services				n	140/100	140/100	1970-01-01 00:00:00
===== END
===== START
D	bf8d7b181e7947c197f26065f5c662cb	4a8a84b722814f27909eba3f6e0dd209	2024-02-11 16:27:25	2024-02-11 16:27:25	2024-02-06 10:59:00	48c0a9bb8af04622bbb5c2e2aac3f735	Navy Rewards Card	0001	PARADISE CANTINA XX6887 NV - 0001				n	6400/100	6400/100	1970-01-01 00:00:00
===== END
===== START
D	48be307b96d44d0e8de5f0855732e11c	752dc736a8bc474f9d626917e4d28099	2024-02-11 16:27:25	2024-02-11 16:27:25	2024-02-06 10:59:00	48c0a9bb8af04622bbb5c2e2aac3f735	Navy Rewards Card	0001	Payment to Youtube Premium				n	1584/100	1584/100	1970-01-01 00:00:00
===== END
===== START
D	25acda434d704ce2961f96fa203fcd73	5af1bcc7834a48758c667f1655bb6824	2024-02-11 16:27:25	2024-02-11 16:27:25	2024-02-06 10:59:00	48c0a9bb8af04622bbb5c2e2aac3f735	Navy Rewards Card	4430	Trader Joe's				n	5365/100	5365/100	1970-01-01 00:00:00
===== END
===== START
D	34de5d2efcde435bac1257b424b0d6c7	0812dd1fa9a24f549cc665262fd0a05a	2024-02-11 16:27:25	2024-02-11 16:27:25	2024-02-05 10:59:00	48c0a9bb8af04622bbb5c2e2aac3f735	Navy Rewards Card	0001	Trader Joe's				n	7419/100	7419/100	1970-01-01 00:00:00
===== END
===== START
D	2d0aaea7b45b431cbc630acab6e5ebd3	42f01f502ba344e2bd64a365129c42f8	2024-02-11 16:27:25	2024-02-11 16:27:25	2024-02-05 10:59:00	48c0a9bb8af04622bbb5c2e2aac3f735	Navy Rewards Card	0001	GoTucson - Parking XX-2500 NC - 0001				n	300/100	300/100	1970-01-01 00:00:00
===== END
===== START
D	f965089988e8405aa0735f2f80f6d121	49f5334798f5456086262f9a61002bbc	2024-02-11 16:27:25	2024-02-11 16:27:25	2024-02-05 10:59:00	48c0a9bb8af04622bbb5c2e2aac3f735	Navy Rewards Card	0001	Circle K				n	639/100	639/100	1970-01-01 00:00:00
===== END
===== START
D	316c87ad8bd14cd38e721734b7ae79d2	ebc2737a4a7348ff9d77bc31841ca2fc	2024-02-11 16:27:25	2024-02-11 16:27:25	2024-02-05 10:59:00	48c0a9bb8af04622bbb5c2e2aac3f735	Navy Rewards Card	0001	SQ *BORDERLANDS BREWING CTucson AZ - 0001				n	1375/100	1375/100	1970-01-01 00:00:00
===== END
===== START
D	9d178aafe8ad4f149334845d2995cd4e	bedbea2b9eed420c8485f94a334f8cc4	2024-02-11 16:27:25	2024-02-11 16:27:25	2024-02-05 10:59:00	48c0a9bb8af04622bbb5c2e2aac3f735	Navy Rewards Card	0001	RTX CAFE TUCSON848 TUCSON AZ - 0001				n	1087/100	1087/100	1970-01-01 00:00:00
===== END
===== START
D	d80a1ddd06d043a9b1a8854e3d42b9c4	b104a683f313497a9718f20628a7e2fc	2024-02-11 16:27:25	2024-02-11 16:27:25	2024-02-05 10:59:00	48c0a9bb8af04622bbb5c2e2aac3f735	Navy Rewards Card	0001	Canteen Vending Services				n	200/100	200/100	1970-01-01 00:00:00
===== END
===== START
D	9ed36ad5a517446bad801598397b201e	409c927ae1a3405e85e84735516ed62f	2024-02-11 16:27:25	2024-02-11 16:27:25	2024-02-05 10:59:00	48c0a9bb8af04622bbb5c2e2aac3f735	Navy Rewards Card	0001	Microsoft				n	699/100	699/100	1970-01-01 00:00:00
===== END
===== START
D	e4d9e763696a4c20bf8919f713d930cc	ba34e6055b564c37a5dc442c8066ceae	2024-02-11 16:27:25	2024-02-11 16:27:25	2024-02-05 10:59:00	48c0a9bb8af04622bbb5c2e2aac3f735	Navy Rewards Card	4430	Flower Child				n	2381/100	2381/100	1970-01-01 00:00:00
===== END
===== START
D	22efe4b72b184ea49159d566c3154827	d8cd2ec1788f4eca892aa9ce82c9e5a8	2024-02-11 16:27:25	2024-02-11 16:27:25	2024-02-05 10:59:00	48c0a9bb8af04622bbb5c2e2aac3f735	Navy Rewards Card	4430	Target				n	624/100	624/100	1970-01-01 00:00:00
===== END
===== START
D	44379ab863964835bbb94b73c84887df	c456e1fb55774a41b4e011bf2df7ff7b	2024-02-11 16:27:25	2024-02-11 16:27:25	2024-02-05 10:59:00	48c0a9bb8af04622bbb5c2e2aac3f735	Navy Rewards Card	4430	Target				n	3102/100	3102/100	1970-01-01 00:00:00
===== END
===== START
D	0c61d80fccf144418acd061570971ab4	92eb68cc054940ec97f969dccbb6994b	2024-02-11 16:27:25	2024-02-11 16:27:25	2024-02-05 10:59:00	48c0a9bb8af04622bbb5c2e2aac3f735	Navy Rewards Card	4430	Tucson				n	1140/100	1140/100	1970-01-01 00:00:00
===== END
===== START
D	3d13657e7b4e476eb3ee9f8ee90d40a0	c2a4f506440845ed96b45f00eaadd0ee	2024-02-11 16:27:25	2024-02-11 16:27:25	2024-02-05 10:59:00	48c0a9bb8af04622bbb5c2e2aac3f735	Navy Rewards Card	4430	Apple				n	760/100	760/100	1970-01-01 00:00:00
===== END
===== START
D	894eb6e1dce0445dbe913b69cc48d669	dcb5a194e96e4f20a3c85f4c0b19953c	2024-02-11 16:27:25	2024-02-11 16:27:25	2024-02-05 10:59:00	48c0a9bb8af04622bbb5c2e2aac3f735	Navy Rewards Card	4430	Target				n	4633/100	4633/100	1970-01-01 00:00:00
===== END
===== START
D	03a7fa4b820447d596e927e1f690f19b	0de4900eaa0c46c7a28a2a072ded0b43	2024-02-11 16:27:25	2024-02-11 16:27:25	2024-02-02 10:59:00	48c0a9bb8af04622bbb5c2e2aac3f735	Navy Rewards Card	0001	RTX CAFE TUCSON848 TUCSON AZ - 0001				n	478/100	478/100	1970-01-01 00:00:00
===== END
===== START
D	33b1da8344d84219b84c795b0e7746d5	b21e142ab3984e7eaca0d3ab03d7e7c2	2024-02-11 16:27:25	2024-02-11 16:27:25	2024-02-02 10:59:00	48c0a9bb8af04622bbb5c2e2aac3f735	Navy Rewards Card	0001	RTX CAFE TUCSON848 TUCSON AZ - 0001				n	1044/100	1044/100	1970-01-01 00:00:00
===== END
===== START
D	0475abe800234fab84d72bce28715c3c	2a225df3557c462e81ac950cf19e62ff	2024-02-11 16:27:25	2024-02-11 16:27:25	2024-02-01 10:59:00	48c0a9bb8af04622bbb5c2e2aac3f735	Navy Rewards Card	0001	Credit Card Payment Received				n	572190/100	572190/100	1970-01-01 00:00:00
===== END
===== START
D	0e4b34db06554303bb9022034c29e418	12f6a40e1b834b10a4cf92a93dc9958a	2024-02-11 16:27:25	2024-02-11 16:27:25	2024-02-01 10:59:00	48c0a9bb8af04622bbb5c2e2aac3f735	Navy Rewards Card	0001	Canteen Vending Services				n	140/100	140/100	1970-01-01 00:00:00
===== END
===== START
D	7de24a3b264440c6bc7c247c294bb778	4f57b1e517554df992347950d031a428	2024-02-11 16:27:25	2024-02-11 16:27:25	2024-02-01 10:59:00	48c0a9bb8af04622bbb5c2e2aac3f735	Navy Rewards Card	0001	Tucson Hop Shop				n	1075/100	1075/100	1970-01-01 00:00:00
===== END
===== START
D	e03a2e5a78bf4c1b8d64067d13874bb5	c3bd20886e394d87ad2614130309acbc	2024-02-11 16:27:25	2024-02-11 16:27:25	2024-02-01 10:59:00	48c0a9bb8af04622bbb5c2e2aac3f735	Navy Rewards Card	0001	Weathertech				n	15056/100	15056/100	1970-01-01 00:00:00
===== END
===== START
D	44e6868083c342848c2d26ce0e82cdac	69ea8dcb0bf848ca80a178cbeed2cd32	2024-02-11 16:27:34	2024-02-11 16:27:34	2024-02-11 10:59:00								n	0/1	0/100	1970-01-01 00:00:00
===== END
===== START
===== END
===== START
===== END
===== START
===== END
===== START
===== END
===== START
===== END
===== START
===== END
===== START
===== END
===== START
===== END
===== START
===== END
===== START
===== END
===== START
===== END
===== START
===== END
===== START
===== END
===== START
===== END
===== START
===== END
===== START
===== END
===== START
===== END
===== START
===== END
===== START
===== END
===== START
===== END
===== START
===== END
===== START
===== END
===== START
===== END
===== START
===== END
===== START
===== END
===== START
D	944cce5266e1428089157e4312fcd6b1	4c7fc66b81164193bd5667199f4f6c55	2024-02-11 16:30:55	2024-02-11 16:30:55	2024-02-11 10:59:00								n	0/1	0/100	1970-01-01 00:00:00
===== END
===== START
===== END
===== START
D	701cdd3bd1f3413bb6d8a41368b07788	4e7f29aee9f849dfb424901d149db462	2024-02-11 16:31:31	2024-02-11 16:31:31	2024-02-09 10:59:00	48c0a9bb8af04622bbb5c2e2aac3f735	Navy Rewards Card	0001	RTX CAFE TUCSON848 TUCSON AZ - 0001				n	1196/100	1196/100	1970-01-01 00:00:00
===== END
===== START
D	fa0feb815f544d7594f2aab5c0edf149	25bbcb9600fb4d28849617d75de5f648	2024-02-11 16:31:31	2024-02-11 16:31:31	2024-02-09 10:59:00	48c0a9bb8af04622bbb5c2e2aac3f735	Navy Rewards Card	0001	RTX CAFE TUCSON848 TUCSON AZ - 0001				n	554/100	554/100	1970-01-01 00:00:00
===== END
===== START
D	4f9690aa316f4d3e8e136ff7b130f6e4	76097f169ff24044b13a9f737e7a6587	2024-02-11 16:31:31	2024-02-11 16:31:31	2024-02-09 10:59:00	48c0a9bb8af04622bbb5c2e2aac3f735	Navy Rewards Card	0001	Costco Gas Stations				n	3028/100	3028/100	1970-01-01 00:00:00
===== END
===== START
D	cfed3893fe284611b1b4646c3d2ea72c	290ad83e41be4b0bab7a45a774debe9c	2024-02-11 16:31:31	2024-02-11 16:31:31	2024-02-09 10:59:00	48c0a9bb8af04622bbb5c2e2aac3f735	Navy Rewards Card	4430	Apple				n	325/100	325/100	1970-01-01 00:00:00
===== END
===== START
D	3fd5ca710dae47f7915c5a1aa42336f1	42c840a266e2474b857ea10540d3ac01	2024-02-11 16:31:31	2024-02-11 16:31:31	2024-02-08 10:59:00	48c0a9bb8af04622bbb5c2e2aac3f735	Navy Rewards Card	0001	RTX CAFE TUCSON848 TUCSON AZ - 0001				n	1630/100	1630/100	1970-01-01 00:00:00
===== END
===== START
D	c01e26b41cfc440da9f5c07fcecb5dfc	d221b6803d144bdaa63281fbfc457ea8	2024-02-11 16:31:31	2024-02-11 16:31:31	2024-02-08 10:59:00	48c0a9bb8af04622bbb5c2e2aac3f735	Navy Rewards Card	0001	Canteen Vending Services				n	140/100	140/100	1970-01-01 00:00:00
===== END
===== START
D	2ae916a533224f0e8a40b586898f23fa	4fbfcb479ccd431a9f9eb2cf170dda18	2024-02-11 16:31:31	2024-02-11 16:31:31	2024-02-08 10:59:00	48c0a9bb8af04622bbb5c2e2aac3f735	Navy Rewards Card	4430	Whole Foods Market				n	2161/100	2161/100	1970-01-01 00:00:00
===== END
===== START
D	0a72c3a5ef22486792f3a7934b69c7d4	b5359b98f957493ea70ebbb0b1913bca	2024-02-11 16:31:31	2024-02-11 16:31:31	2024-02-07 10:59:00	48c0a9bb8af04622bbb5c2e2aac3f735	Navy Rewards Card	0001	Canteen Vending Services				n	140/100	140/100	1970-01-01 00:00:00
===== END
===== START
D	6422ee71e6ec4c46ad2e61c86ffc7665	75ad6e164fb24e7fa39263f57a72804a	2024-02-11 16:31:31	2024-02-11 16:31:31	2024-02-06 10:59:00	48c0a9bb8af04622bbb5c2e2aac3f735	Navy Rewards Card	0001	PARADISE CANTINA XX6887 NV - 0001				n	6400/100	6400/100	1970-01-01 00:00:00
===== END
===== START
D	de47a4137c3b48cbb62c8f50661a9ce4	a23d12968b784950b5962c83e959750d	2024-02-11 16:31:31	2024-02-11 16:31:31	2024-02-06 10:59:00	48c0a9bb8af04622bbb5c2e2aac3f735	Navy Rewards Card	0001	Payment to Youtube Premium				n	1584/100	1584/100	1970-01-01 00:00:00
===== END
===== START
D	08330441e22549dba53a3b3faea5d052	4894f12ba85f48068822daf890606316	2024-02-11 16:31:31	2024-02-11 16:31:31	2024-02-06 10:59:00	48c0a9bb8af04622bbb5c2e2aac3f735	Navy Rewards Card	4430	Trader Joe's				n	5365/100	5365/100	1970-01-01 00:00:00
===== END
===== START
D	89e830197d6d4f5fa312566f2f941201	0a4b7e2003fc48fab8eb1949b5a3054f	2024-02-11 16:31:31	2024-02-11 16:31:31	2024-02-05 10:59:00	48c0a9bb8af04622bbb5c2e2aac3f735	Navy Rewards Card	0001	Trader Joe's				n	7419/100	7419/100	1970-01-01 00:00:00
===== END
===== START
D	ce2dfd22812a40aca2b9e8642378c2b2	40e723ff69c74583ab0ee91591b90535	2024-02-11 16:31:31	2024-02-11 16:31:31	2024-02-05 10:59:00	48c0a9bb8af04622bbb5c2e2aac3f735	Navy Rewards Card	0001	GoTucson - Parking XX-2500 NC - 0001				n	300/100	300/100	1970-01-01 00:00:00
===== END
===== START
D	5b9b673f4de9415fb5a18246a980b433	306fe8b61c15430b90a1d48d13b97759	2024-02-11 16:31:31	2024-02-11 16:31:31	2024-02-05 10:59:00	48c0a9bb8af04622bbb5c2e2aac3f735	Navy Rewards Card	0001	Circle K				n	639/100	639/100	1970-01-01 00:00:00
===== END
===== START
D	7820920d8c644f319e0a57aa3b6c9630	4b5be9c4893b4540b7ef6e3863a75af7	2024-02-11 16:31:31	2024-02-11 16:31:31	2024-02-05 10:59:00	48c0a9bb8af04622bbb5c2e2aac3f735	Navy Rewards Card	0001	SQ *BORDERLANDS BREWING CTucson AZ - 0001				n	1375/100	1375/100	1970-01-01 00:00:00
===== END
===== START
D	38b44d3de5fc4a15b8a62341a5552eed	34a20c80446448ffaa6d89569eacf20f	2024-02-11 16:31:31	2024-02-11 16:31:31	2024-02-05 10:59:00	48c0a9bb8af04622bbb5c2e2aac3f735	Navy Rewards Card	0001	RTX CAFE TUCSON848 TUCSON AZ - 0001				n	1087/100	1087/100	1970-01-01 00:00:00
===== END
===== START
D	0e22e945b11c44adb004e15c43eb357a	3cc3e08e1c5f40bea1331bcdafa243f2	2024-02-11 16:31:31	2024-02-11 16:31:31	2024-02-05 10:59:00	48c0a9bb8af04622bbb5c2e2aac3f735	Navy Rewards Card	0001	Canteen Vending Services				n	200/100	200/100	1970-01-01 00:00:00
===== END
===== START
D	c4b32d228d084818b838d90aaa19266e	f538dac1020c4b45b90761999535390f	2024-02-11 16:31:31	2024-02-11 16:31:31	2024-02-05 10:59:00	48c0a9bb8af04622bbb5c2e2aac3f735	Navy Rewards Card	0001	Microsoft				n	699/100	699/100	1970-01-01 00:00:00
===== END
===== START
D	cebc729cc34b409181f5c00d23cb7b07	cd59ca8c3f234f5e8ecc2b6d5ea78224	2024-02-11 16:31:31	2024-02-11 16:31:31	2024-02-05 10:59:00	48c0a9bb8af04622bbb5c2e2aac3f735	Navy Rewards Card	4430	Flower Child				n	2381/100	2381/100	1970-01-01 00:00:00
===== END
===== START
D	a3afa8c122fd44049f4482efc4042b83	d3b0393296b8401ca38293040eaa00d5	2024-02-11 16:31:31	2024-02-11 16:31:31	2024-02-05 10:59:00	48c0a9bb8af04622bbb5c2e2aac3f735	Navy Rewards Card	4430	Target				n	624/100	624/100	1970-01-01 00:00:00
===== END
===== START
D	6915a064a1694d9c9bfc53f3d83561bb	b4ce441062774e11a0d1d1f007dc3018	2024-02-11 16:31:31	2024-02-11 16:31:31	2024-02-05 10:59:00	48c0a9bb8af04622bbb5c2e2aac3f735	Navy Rewards Card	4430	Target				n	3102/100	3102/100	1970-01-01 00:00:00
===== END
===== START
D	ec6430c6cbf04feaaab29ea1d609bfa4	72c3b63994a343c3b884b88da9e80d84	2024-02-11 16:31:31	2024-02-11 16:31:31	2024-02-05 10:59:00	48c0a9bb8af04622bbb5c2e2aac3f735	Navy Rewards Card	4430	Tucson				n	1140/100	1140/100	1970-01-01 00:00:00
===== END
===== START
D	1a3ce766018a419991ba6f7e491cb5e0	6c33906ae0584e629bbc9e415a3a2920	2024-02-11 16:31:31	2024-02-11 16:31:31	2024-02-05 10:59:00	48c0a9bb8af04622bbb5c2e2aac3f735	Navy Rewards Card	4430	Apple				n	760/100	760/100	1970-01-01 00:00:00
===== END
===== START
D	87d1c05c9ee74fceb798b27ba111063c	cefc913f28914fe69139a08dd7ebdc63	2024-02-11 16:31:31	2024-02-11 16:31:31	2024-02-05 10:59:00	48c0a9bb8af04622bbb5c2e2aac3f735	Navy Rewards Card	4430	Target				n	4633/100	4633/100	1970-01-01 00:00:00
===== END
===== START
===== END
===== START
===== END
===== START
===== END
===== START
===== END
===== START
===== END
===== START
===== END
===== START
===== END
===== START
===== END
===== START
===== END
===== START
===== END
===== START
===== END
===== START
===== END
===== START
===== END
===== START
===== END
===== START
===== END
===== START
===== END
===== START
===== END
===== START
===== END
===== START
===== END
===== START
===== END
===== START
===== END
===== START
===== END
===== START
===== END
===== START
===== END
===== START
D	cf0e422cf56c4a6ca76bbf9e578fb401	75fa885503644264994e7c907bff7223	2024-02-11 16:32:46	2024-02-11 16:32:46	2024-02-11 10:59:00								n	0/1	0/100	1970-01-01 00:00:00
===== END
===== START
D	68bd67c6155a4a649fcbf2e67443c3e5	d0ee5decd4a440c1818a08ae19e227cf	2024-02-11 16:32:49	2024-02-11 16:32:49	2024-02-11 10:59:00								n	0/1	0/100	1970-01-01 00:00:00
===== END
===== START
===== END
===== START
C	ec3cf9197df14867b6e5f9c661b25382	50bba244f7bd42b8837a28cb9d57e17a	2024-02-11 16:33:11	2024-02-11 16:33:11	2024-02-05 10:59:00	48c0a9bb8af04622bbb5c2e2aac3f735	Navy Rewards Card	4430	Target				c	-4633/100	-4633/100	2024-02-11 16:33:11
C	ec3cf9197df14867b6e5f9c661b25382	eca722eb8cd2400697923824b32c88eb	2024-02-11 16:33:11	2024-02-11 16:33:11	2024-02-05 10:59:00	3323a52a32464e5db6926fdc8fbced8f	Imbalance-USD	4430	Target				n	4633/100	4633/100	1970-01-01 00:00:00
===== END
===== START
C	1da6d57f33574e9cb033fa3242260d89	3554ef86c7d345f4ad67c4e9f67d7066	2024-02-11 16:33:11	2024-02-11 16:33:11	2024-02-05 10:59:00	48c0a9bb8af04622bbb5c2e2aac3f735	Navy Rewards Card	4430	Apple				c	-760/100	-760/100	2024-02-11 16:33:11
C	1da6d57f33574e9cb033fa3242260d89	a5af90c4441a4d67bca918120f7db6a5	2024-02-11 16:33:11	2024-02-11 16:33:11	2024-02-05 10:59:00	3323a52a32464e5db6926fdc8fbced8f	Imbalance-USD	4430	Apple				n	760/100	760/100	1970-01-01 00:00:00
===== END
===== START
C	fce49c597ce046bc9c997afa91c41d7e	dff83c2281cf4c6389b0be307255855b	2024-02-11 16:33:11	2024-02-11 16:33:11	2024-02-05 10:59:00	48c0a9bb8af04622bbb5c2e2aac3f735	Navy Rewards Card	4430	Tucson				c	-1140/100	-1140/100	2024-02-11 16:33:11
C	fce49c597ce046bc9c997afa91c41d7e	d266151f28904a389dce3c1d36cedab4	2024-02-11 16:33:11	2024-02-11 16:33:11	2024-02-05 10:59:00	3323a52a32464e5db6926fdc8fbced8f	Imbalance-USD	4430	Tucson				n	1140/100	1140/100	1970-01-01 00:00:00
===== END
===== START
C	cf0037c7da56453ca01557fee6a89fc0	3cd99ceb38c64fd7a4bd4d69b0cd1715	2024-02-11 16:33:11	2024-02-11 16:33:11	2024-02-05 10:59:00	48c0a9bb8af04622bbb5c2e2aac3f735	Navy Rewards Card	4430	Target				c	-3102/100	-3102/100	2024-02-11 16:33:11
C	cf0037c7da56453ca01557fee6a89fc0	c24a12f7e34a4a93bbf36924c6c6c982	2024-02-11 16:33:11	2024-02-11 16:33:11	2024-02-05 10:59:00	3323a52a32464e5db6926fdc8fbced8f	Imbalance-USD	4430	Target				n	3102/100	3102/100	1970-01-01 00:00:00
===== END
===== START
C	22efeb6fb36d4affada5c90b967e5433	b47d58617f8040f7b48458a99da47042	2024-02-11 16:33:11	2024-02-11 16:33:11	2024-02-05 10:59:00	48c0a9bb8af04622bbb5c2e2aac3f735	Navy Rewards Card	4430	Target				c	-624/100	-624/100	2024-02-11 16:33:11
C	22efeb6fb36d4affada5c90b967e5433	45e463c71038489b946cf9943f8e7565	2024-02-11 16:33:11	2024-02-11 16:33:11	2024-02-05 10:59:00	3323a52a32464e5db6926fdc8fbced8f	Imbalance-USD	4430	Target				n	624/100	624/100	1970-01-01 00:00:00
===== END
===== START
C	470c786c10564032943b8ec696ae3617	7b49eb930f2c4a0d940f555986b47db9	2024-02-11 16:33:11	2024-02-11 16:33:11	2024-02-05 10:59:00	48c0a9bb8af04622bbb5c2e2aac3f735	Navy Rewards Card	4430	Flower Child				c	-2381/100	-2381/100	2024-02-11 16:33:11
C	470c786c10564032943b8ec696ae3617	02d2d5d4578d4b63b2637467a98d2357	2024-02-11 16:33:11	2024-02-11 16:33:11	2024-02-05 10:59:00	3323a52a32464e5db6926fdc8fbced8f	Imbalance-USD	4430	Flower Child				n	2381/100	2381/100	1970-01-01 00:00:00
===== END
===== START
C	3f802216a8c84ca8a6b462fac59e264d	c860a6354de8427f888712454da9d592	2024-02-11 16:33:11	2024-02-11 16:33:11	2024-02-05 10:59:00	48c0a9bb8af04622bbb5c2e2aac3f735	Navy Rewards Card	0001	Microsoft				c	-699/100	-699/100	2024-02-11 16:33:11
C	3f802216a8c84ca8a6b462fac59e264d	8c2f95b4fc744faeb4975bbe26cc9141	2024-02-11 16:33:11	2024-02-11 16:33:11	2024-02-05 10:59:00	3323a52a32464e5db6926fdc8fbced8f	Imbalance-USD	0001	Microsoft				n	699/100	699/100	1970-01-01 00:00:00
===== END
===== START
C	d7f52f7cf8b2444f93c6ebd23f13c5b4	3cccefc8ac7a44168e5e33474e2ad0c4	2024-02-11 16:33:11	2024-02-11 16:33:11	2024-02-05 10:59:00	48c0a9bb8af04622bbb5c2e2aac3f735	Navy Rewards Card	0001	Canteen Vending Services				c	-200/100	-200/100	2024-02-11 16:33:11
C	d7f52f7cf8b2444f93c6ebd23f13c5b4	677dfff6a498423384f29fb52cdf5f2f	2024-02-11 16:33:11	2024-02-11 16:33:11	2024-02-05 10:59:00	3323a52a32464e5db6926fdc8fbced8f	Imbalance-USD	0001	Canteen Vending Services				n	200/100	200/100	1970-01-01 00:00:00
===== END
===== START
C	9b1631387ffa4c55aaf7a6240ef1d2b1	547bcc2586944b96a6c9d0be01a6d616	2024-02-11 16:33:11	2024-02-11 16:33:11	2024-02-05 10:59:00	48c0a9bb8af04622bbb5c2e2aac3f735	Navy Rewards Card	0001	RTX CAFE TUCSON848 TUCSON AZ - 0001				c	-1087/100	-1087/100	2024-02-11 16:33:11
C	9b1631387ffa4c55aaf7a6240ef1d2b1	5a17bcc2eb9b4b78bb8edd4868ba0781	2024-02-11 16:33:11	2024-02-11 16:33:11	2024-02-05 10:59:00	3323a52a32464e5db6926fdc8fbced8f	Imbalance-USD	0001	RTX CAFE TUCSON848 TUCSON AZ - 0001				n	1087/100	1087/100	1970-01-01 00:00:00
===== END
===== START
C	e8d66771b54f42e79ea95adda89a97f7	f100e3641be045738cf6e138766e009e	2024-02-11 16:33:11	2024-02-11 16:33:11	2024-02-05 10:59:00	48c0a9bb8af04622bbb5c2e2aac3f735	Navy Rewards Card	0001	SQ *BORDERLANDS BREWING CTucson AZ - 0001				c	-1375/100	-1375/100	2024-02-11 16:33:11
C	e8d66771b54f42e79ea95adda89a97f7	41245b77e5cd43e09b974aca98bc4ed5	2024-02-11 16:33:11	2024-02-11 16:33:11	2024-02-05 10:59:00	3323a52a32464e5db6926fdc8fbced8f	Imbalance-USD	0001	SQ *BORDERLANDS BREWING CTucson AZ - 0001				n	1375/100	1375/100	1970-01-01 00:00:00
===== END
===== START
C	83773433629146279f59be76167b4e20	5174d841cc8d482d834fc46fe6d789d4	2024-02-11 16:33:11	2024-02-11 16:33:11	2024-02-05 10:59:00	48c0a9bb8af04622bbb5c2e2aac3f735	Navy Rewards Card	0001	Circle K				c	-639/100	-639/100	2024-02-11 16:33:11
C	83773433629146279f59be76167b4e20	5e1e80581f39438da08464e31bcdb198	2024-02-11 16:33:11	2024-02-11 16:33:11	2024-02-05 10:59:00	3323a52a32464e5db6926fdc8fbced8f	Imbalance-USD	0001	Circle K				n	639/100	639/100	1970-01-01 00:00:00
===== END
===== START
C	5f98a966ad2142d78e132400fd636567	1c38fcd4323c4894b6bd3ac5b384a098	2024-02-11 16:33:12	2024-02-11 16:33:11	2024-02-05 10:59:00	48c0a9bb8af04622bbb5c2e2aac3f735	Navy Rewards Card	0001	GoTucson - Parking XX-2500 NC - 0001				c	-300/100	-300/100	2024-02-11 16:33:11
C	5f98a966ad2142d78e132400fd636567	7e7790efcafe417eb92d30e585c20715	2024-02-11 16:33:12	2024-02-11 16:33:11	2024-02-05 10:59:00	3323a52a32464e5db6926fdc8fbced8f	Imbalance-USD	0001	GoTucson - Parking XX-2500 NC - 0001				n	300/100	300/100	1970-01-01 00:00:00
===== END
===== START
C	968ee58ee56348eeadb2290db0beaeb2	0e64a47988a149ebbbb17c2fd0f0da3f	2024-02-11 16:33:12	2024-02-11 16:33:12	2024-02-05 10:59:00	48c0a9bb8af04622bbb5c2e2aac3f735	Navy Rewards Card	0001	Trader Joe's				c	-7419/100	-7419/100	2024-02-11 16:33:12
C	968ee58ee56348eeadb2290db0beaeb2	93c24a76a824405a80e3978ea1631c3d	2024-02-11 16:33:12	2024-02-11 16:33:12	2024-02-05 10:59:00	3323a52a32464e5db6926fdc8fbced8f	Imbalance-USD	0001	Trader Joe's				n	7419/100	7419/100	1970-01-01 00:00:00
===== END
===== START
C	5f3da98c31c840c7b56bbd7bb155e411	8a51452a95764a24b59e0a392bb43c18	2024-02-11 16:33:12	2024-02-11 16:33:12	2024-02-06 10:59:00	48c0a9bb8af04622bbb5c2e2aac3f735	Navy Rewards Card	4430	Trader Joe's				c	-5365/100	-5365/100	2024-02-11 16:33:12
C	5f3da98c31c840c7b56bbd7bb155e411	228f7b4ecf904a1d9e297607aef225a8	2024-02-11 16:33:12	2024-02-11 16:33:12	2024-02-06 10:59:00	3323a52a32464e5db6926fdc8fbced8f	Imbalance-USD	4430	Trader Joe's				n	5365/100	5365/100	1970-01-01 00:00:00
===== END
===== START
C	bf960108795943098dad7ff4374f3619	3aca688695c4428eb085efb9a3c91051	2024-02-11 16:33:12	2024-02-11 16:33:12	2024-02-06 10:59:00	48c0a9bb8af04622bbb5c2e2aac3f735	Navy Rewards Card	0001	Payment to Youtube Premium				c	-1584/100	-1584/100	2024-02-11 16:33:12
C	bf960108795943098dad7ff4374f3619	ee5529dfa729462594caace7b863a274	2024-02-11 16:33:12	2024-02-11 16:33:12	2024-02-06 10:59:00	3323a52a32464e5db6926fdc8fbced8f	Imbalance-USD	0001	Payment to Youtube Premium				n	1584/100	1584/100	1970-01-01 00:00:00
===== END
===== START
C	97ab24d2791d4f96b17773a973e9febd	4156519b525b468fa2a3133a498e8199	2024-02-11 16:33:12	2024-02-11 16:33:12	2024-02-06 10:59:00	48c0a9bb8af04622bbb5c2e2aac3f735	Navy Rewards Card	0001	PARADISE CANTINA XX6887 NV - 0001				c	-6400/100	-6400/100	2024-02-11 16:33:12
C	97ab24d2791d4f96b17773a973e9febd	423638c5c87c4e498cd5a494fd18a561	2024-02-11 16:33:12	2024-02-11 16:33:12	2024-02-06 10:59:00	3323a52a32464e5db6926fdc8fbced8f	Imbalance-USD	0001	PARADISE CANTINA XX6887 NV - 0001				n	6400/100	6400/100	1970-01-01 00:00:00
===== END
===== START
C	df5be2100bc84767aa36e5daeb239398	2766e55badb6449f8cfb884188ffd15c	2024-02-11 16:33:12	2024-02-11 16:33:12	2024-02-07 10:59:00	48c0a9bb8af04622bbb5c2e2aac3f735	Navy Rewards Card	0001	Canteen Vending Services				c	-140/100	-140/100	2024-02-11 16:33:12
C	df5be2100bc84767aa36e5daeb239398	3d8a470c530c42f7a2c7e7dbb0265280	2024-02-11 16:33:12	2024-02-11 16:33:12	2024-02-07 10:59:00	3323a52a32464e5db6926fdc8fbced8f	Imbalance-USD	0001	Canteen Vending Services				n	140/100	140/100	1970-01-01 00:00:00
===== END
===== START
C	87d8137e76b941bba17a1115bc8f0d92	f60d26b9d9824d3bbed721185bca646f	2024-02-11 16:33:12	2024-02-11 16:33:12	2024-02-08 10:59:00	48c0a9bb8af04622bbb5c2e2aac3f735	Navy Rewards Card	4430	Whole Foods Market				c	-2161/100	-2161/100	2024-02-11 16:33:12
C	87d8137e76b941bba17a1115bc8f0d92	b00fca4cfd4c448689885cc3960af52a	2024-02-11 16:33:12	2024-02-11 16:33:12	2024-02-08 10:59:00	3323a52a32464e5db6926fdc8fbced8f	Imbalance-USD	4430	Whole Foods Market				n	2161/100	2161/100	1970-01-01 00:00:00
===== END
===== START
C	fbec2915248048af8ecab4eaa0796116	649957ad77df40afa986a41b258227a3	2024-02-11 16:33:12	2024-02-11 16:33:12	2024-02-08 10:59:00	48c0a9bb8af04622bbb5c2e2aac3f735	Navy Rewards Card	0001	Canteen Vending Services				c	-140/100	-140/100	2024-02-11 16:33:12
C	fbec2915248048af8ecab4eaa0796116	1060e496ee2e4ec6b8bacff8c4c29605	2024-02-11 16:33:12	2024-02-11 16:33:12	2024-02-08 10:59:00	3323a52a32464e5db6926fdc8fbced8f	Imbalance-USD	0001	Canteen Vending Services				n	140/100	140/100	1970-01-01 00:00:00
===== END
===== START
C	331fa87017834b659bf6b9a167b03129	5a6386b675a14bdf82dffe9974db6765	2024-02-11 16:33:12	2024-02-11 16:33:12	2024-02-08 10:59:00	48c0a9bb8af04622bbb5c2e2aac3f735	Navy Rewards Card	0001	RTX CAFE TUCSON848 TUCSON AZ - 0001				c	-1630/100	-1630/100	2024-02-11 16:33:12
C	331fa87017834b659bf6b9a167b03129	24b29d18b8824981938a5b00df37b5a9	2024-02-11 16:33:12	2024-02-11 16:33:12	2024-02-08 10:59:00	3323a52a32464e5db6926fdc8fbced8f	Imbalance-USD	0001	RTX CAFE TUCSON848 TUCSON AZ - 0001				n	1630/100	1630/100	1970-01-01 00:00:00
===== END
===== START
C	9860e15c182c40f29b0dee3fc6fffecb	f3920a14646f42c7b2b5774671c03d9e	2024-02-11 16:33:12	2024-02-11 16:33:12	2024-02-09 10:59:00	48c0a9bb8af04622bbb5c2e2aac3f735	Navy Rewards Card	0001	RTX CAFE TUCSON848 TUCSON AZ - 0001				c	-1196/100	-1196/100	2024-02-11 16:33:12
C	9860e15c182c40f29b0dee3fc6fffecb	b2f6f6496ff34b4fada6532592d576a7	2024-02-11 16:33:12	2024-02-11 16:33:12	2024-02-09 10:59:00	3323a52a32464e5db6926fdc8fbced8f	Imbalance-USD	0001	RTX CAFE TUCSON848 TUCSON AZ - 0001				n	1196/100	1196/100	1970-01-01 00:00:00
===== END
===== START
C	4a98826d04d44d3d896d2e66cd071887	119c5cbd8719460cad627639657c2ff8	2024-02-11 16:33:12	2024-02-11 16:33:12	2024-02-09 10:59:00	48c0a9bb8af04622bbb5c2e2aac3f735	Navy Rewards Card	0001	RTX CAFE TUCSON848 TUCSON AZ - 0001				c	-554/100	-554/100	2024-02-11 16:33:12
C	4a98826d04d44d3d896d2e66cd071887	1d1c8b2087234c39863a082edc66653e	2024-02-11 16:33:12	2024-02-11 16:33:12	2024-02-09 10:59:00	3323a52a32464e5db6926fdc8fbced8f	Imbalance-USD	0001	RTX CAFE TUCSON848 TUCSON AZ - 0001				n	554/100	554/100	1970-01-01 00:00:00
===== END
===== START
C	6868339f00544806911520314b968417	3ae0e2f9616a4906a854713e3e3bb441	2024-02-11 16:33:12	2024-02-11 16:33:12	2024-02-09 10:59:00	48c0a9bb8af04622bbb5c2e2aac3f735	Navy Rewards Card	0001	Costco Gas Stations				c	-3028/100	-3028/100	2024-02-11 16:33:12
C	6868339f00544806911520314b968417	4f2e5311a83e4c24be5c9de170f210c1	2024-02-11 16:33:12	2024-02-11 16:33:12	2024-02-09 10:59:00	3323a52a32464e5db6926fdc8fbced8f	Imbalance-USD	0001	Costco Gas Stations				n	3028/100	3028/100	1970-01-01 00:00:00
===== END
===== START
C	323548bd26fb4820b8bea59674d21514	c3686ee62f3147a2ac7ca32207daa46c	2024-02-11 16:33:12	2024-02-11 16:33:12	2024-02-09 10:59:00	48c0a9bb8af04622bbb5c2e2aac3f735	Navy Rewards Card	4430	Apple				c	-325/100	-325/100	2024-02-11 16:33:12
C	323548bd26fb4820b8bea59674d21514	f173518c0cf548489d1aa8bfbec572a6	2024-02-11 16:33:12	2024-02-11 16:33:12	2024-02-09 10:59:00	3323a52a32464e5db6926fdc8fbced8f	Imbalance-USD	4430	Apple				n	325/100	325/100	1970-01-01 00:00:00
===== END
===== START
B	d7f52f7cf8b2444f93c6ebd23f13c5b4	677dfff6a498423384f29fb52cdf5f2f	2024-02-11 16:33:37	2024-02-11 16:33:11	2024-02-05 10:59:00	3323a52a32464e5db6926fdc8fbced8f	Imbalance-USD	0001	Canteen Vending Services				n	200/100	200/100	1970-01-01 00:00:00
B	d7f52f7cf8b2444f93c6ebd23f13c5b4	3cccefc8ac7a44168e5e33474e2ad0c4	2024-02-11 16:33:37	2024-02-11 16:33:11	2024-02-05 10:59:00	48c0a9bb8af04622bbb5c2e2aac3f735	Navy Rewards Card	0001	Canteen Vending Services				c	-200/100	-200/100	2024-02-11 16:33:11
===== END
===== START
C	d7f52f7cf8b2444f93c6ebd23f13c5b4	677dfff6a498423384f29fb52cdf5f2f	2024-02-11 16:33:37	2024-02-11 16:33:11	2024-02-05 10:59:00	7c452bea58344d23b0f556cf05df9fe0	Dining	0001	Canteen Vending Services				n	200/100	200/100	1970-01-01 00:00:00
C	d7f52f7cf8b2444f93c6ebd23f13c5b4	3cccefc8ac7a44168e5e33474e2ad0c4	2024-02-11 16:33:37	2024-02-11 16:33:11	2024-02-05 10:59:00	48c0a9bb8af04622bbb5c2e2aac3f735	Navy Rewards Card	0001	Canteen Vending Services				c	-200/100	-200/100	2024-02-11 16:33:11
===== END
===== START
B	83773433629146279f59be76167b4e20	5e1e80581f39438da08464e31bcdb198	2024-02-11 16:33:43	2024-02-11 16:33:11	2024-02-05 10:59:00	3323a52a32464e5db6926fdc8fbced8f	Imbalance-USD	0001	Circle K				n	639/100	639/100	1970-01-01 00:00:00
B	83773433629146279f59be76167b4e20	5174d841cc8d482d834fc46fe6d789d4	2024-02-11 16:33:43	2024-02-11 16:33:11	2024-02-05 10:59:00	48c0a9bb8af04622bbb5c2e2aac3f735	Navy Rewards Card	0001	Circle K				c	-639/100	-639/100	2024-02-11 16:33:11
===== END
===== START
C	83773433629146279f59be76167b4e20	5e1e80581f39438da08464e31bcdb198	2024-02-11 16:33:43	2024-02-11 16:33:11	2024-02-05 10:59:00	7c452bea58344d23b0f556cf05df9fe0	Dining	0001	Circle K				n	639/100	639/100	1970-01-01 00:00:00
C	83773433629146279f59be76167b4e20	5174d841cc8d482d834fc46fe6d789d4	2024-02-11 16:33:43	2024-02-11 16:33:11	2024-02-05 10:59:00	48c0a9bb8af04622bbb5c2e2aac3f735	Navy Rewards Card	0001	Circle K				c	-639/100	-639/100	2024-02-11 16:33:11
===== END
===== START
B	5f98a966ad2142d78e132400fd636567	7e7790efcafe417eb92d30e585c20715	2024-02-11 16:33:49	2024-02-11 16:33:11	2024-02-05 10:59:00	3323a52a32464e5db6926fdc8fbced8f	Imbalance-USD	0001	GoTucson - Parking XX-2500 NC - 0001				n	300/100	300/100	1970-01-01 00:00:00
B	5f98a966ad2142d78e132400fd636567	1c38fcd4323c4894b6bd3ac5b384a098	2024-02-11 16:33:49	2024-02-11 16:33:11	2024-02-05 10:59:00	48c0a9bb8af04622bbb5c2e2aac3f735	Navy Rewards Card	0001	GoTucson - Parking XX-2500 NC - 0001				c	-300/100	-300/100	2024-02-11 16:33:11
===== END
===== START
C	5f98a966ad2142d78e132400fd636567	7e7790efcafe417eb92d30e585c20715	2024-02-11 16:33:49	2024-02-11 16:33:11	2024-02-05 10:59:00	d2bda8ba19e74029be09fb34988f47ce	Parking	0001	GoTucson - Parking XX-2500 NC - 0001				n	300/100	300/100	1970-01-01 00:00:00
C	5f98a966ad2142d78e132400fd636567	1c38fcd4323c4894b6bd3ac5b384a098	2024-02-11 16:33:49	2024-02-11 16:33:11	2024-02-05 10:59:00	48c0a9bb8af04622bbb5c2e2aac3f735	Navy Rewards Card	0001	GoTucson - Parking XX-2500 NC - 0001				c	-300/100	-300/100	2024-02-11 16:33:11
===== END
===== START
B	3f802216a8c84ca8a6b462fac59e264d	8c2f95b4fc744faeb4975bbe26cc9141	2024-02-11 16:33:53	2024-02-11 16:33:11	2024-02-05 10:59:00	3323a52a32464e5db6926fdc8fbced8f	Imbalance-USD	0001	Microsoft				n	699/100	699/100	1970-01-01 00:00:00
B	3f802216a8c84ca8a6b462fac59e264d	c860a6354de8427f888712454da9d592	2024-02-11 16:33:53	2024-02-11 16:33:11	2024-02-05 10:59:00	48c0a9bb8af04622bbb5c2e2aac3f735	Navy Rewards Card	0001	Microsoft				c	-699/100	-699/100	2024-02-11 16:33:11
===== END
===== START
C	3f802216a8c84ca8a6b462fac59e264d	8c2f95b4fc744faeb4975bbe26cc9141	2024-02-11 16:33:53	2024-02-11 16:33:11	2024-02-05 10:59:00	3feaad255df249169127e590b1602cd7	Subscriptions	0001	Microsoft				n	699/100	699/100	1970-01-01 00:00:00
C	3f802216a8c84ca8a6b462fac59e264d	c860a6354de8427f888712454da9d592	2024-02-11 16:33:53	2024-02-11 16:33:11	2024-02-05 10:59:00	48c0a9bb8af04622bbb5c2e2aac3f735	Navy Rewards Card	0001	Microsoft				c	-699/100	-699/100	2024-02-11 16:33:11
===== END
===== START
B	9b1631387ffa4c55aaf7a6240ef1d2b1	5a17bcc2eb9b4b78bb8edd4868ba0781	2024-02-11 16:33:56	2024-02-11 16:33:11	2024-02-05 10:59:00	3323a52a32464e5db6926fdc8fbced8f	Imbalance-USD	0001	RTX CAFE TUCSON848 TUCSON AZ - 0001				n	1087/100	1087/100	1970-01-01 00:00:00
B	9b1631387ffa4c55aaf7a6240ef1d2b1	547bcc2586944b96a6c9d0be01a6d616	2024-02-11 16:33:56	2024-02-11 16:33:11	2024-02-05 10:59:00	48c0a9bb8af04622bbb5c2e2aac3f735	Navy Rewards Card	0001	RTX CAFE TUCSON848 TUCSON AZ - 0001				c	-1087/100	-1087/100	2024-02-11 16:33:11
===== END
===== START
C	9b1631387ffa4c55aaf7a6240ef1d2b1	5a17bcc2eb9b4b78bb8edd4868ba0781	2024-02-11 16:33:56	2024-02-11 16:33:11	2024-02-05 10:59:00	7c452bea58344d23b0f556cf05df9fe0	Dining	0001	RTX CAFE TUCSON848 TUCSON AZ - 0001				n	1087/100	1087/100	1970-01-01 00:00:00
C	9b1631387ffa4c55aaf7a6240ef1d2b1	547bcc2586944b96a6c9d0be01a6d616	2024-02-11 16:33:56	2024-02-11 16:33:11	2024-02-05 10:59:00	48c0a9bb8af04622bbb5c2e2aac3f735	Navy Rewards Card	0001	RTX CAFE TUCSON848 TUCSON AZ - 0001				c	-1087/100	-1087/100	2024-02-11 16:33:11
===== END
===== START
B	e8d66771b54f42e79ea95adda89a97f7	41245b77e5cd43e09b974aca98bc4ed5	2024-02-11 16:34:04	2024-02-11 16:33:11	2024-02-05 10:59:00	3323a52a32464e5db6926fdc8fbced8f	Imbalance-USD	0001	SQ *BORDERLANDS BREWING CTucson AZ - 0001				n	1375/100	1375/100	1970-01-01 00:00:00
B	e8d66771b54f42e79ea95adda89a97f7	f100e3641be045738cf6e138766e009e	2024-02-11 16:34:04	2024-02-11 16:33:11	2024-02-05 10:59:00	48c0a9bb8af04622bbb5c2e2aac3f735	Navy Rewards Card	0001	SQ *BORDERLANDS BREWING CTucson AZ - 0001				c	-1375/100	-1375/100	2024-02-11 16:33:11
===== END
===== START
C	e8d66771b54f42e79ea95adda89a97f7	41245b77e5cd43e09b974aca98bc4ed5	2024-02-11 16:34:04	2024-02-11 16:33:11	2024-02-05 10:59:00	7c452bea58344d23b0f556cf05df9fe0	Dining	0001	SQ *BORDERLANDS BREWING CTucson AZ - 0001				n	1375/100	1375/100	1970-01-01 00:00:00
C	e8d66771b54f42e79ea95adda89a97f7	f100e3641be045738cf6e138766e009e	2024-02-11 16:34:04	2024-02-11 16:33:11	2024-02-05 10:59:00	48c0a9bb8af04622bbb5c2e2aac3f735	Navy Rewards Card	0001	SQ *BORDERLANDS BREWING CTucson AZ - 0001				c	-1375/100	-1375/100	2024-02-11 16:33:11
===== END
===== START
B	968ee58ee56348eeadb2290db0beaeb2	93c24a76a824405a80e3978ea1631c3d	2024-02-11 16:34:09	2024-02-11 16:33:12	2024-02-05 10:59:00	3323a52a32464e5db6926fdc8fbced8f	Imbalance-USD	0001	Trader Joe's				n	7419/100	7419/100	1970-01-01 00:00:00
B	968ee58ee56348eeadb2290db0beaeb2	0e64a47988a149ebbbb17c2fd0f0da3f	2024-02-11 16:34:09	2024-02-11 16:33:12	2024-02-05 10:59:00	48c0a9bb8af04622bbb5c2e2aac3f735	Navy Rewards Card	0001	Trader Joe's				c	-7419/100	-7419/100	2024-02-11 16:33:12
===== END
===== START
C	968ee58ee56348eeadb2290db0beaeb2	93c24a76a824405a80e3978ea1631c3d	2024-02-11 16:34:09	2024-02-11 16:33:12	2024-02-05 10:59:00	a996b30c3e714c1483ec007f2699fc71	Groceries	0001	Trader Joe's				n	7419/100	7419/100	1970-01-01 00:00:00
C	968ee58ee56348eeadb2290db0beaeb2	0e64a47988a149ebbbb17c2fd0f0da3f	2024-02-11 16:34:09	2024-02-11 16:33:12	2024-02-05 10:59:00	48c0a9bb8af04622bbb5c2e2aac3f735	Navy Rewards Card	0001	Trader Joe's				c	-7419/100	-7419/100	2024-02-11 16:33:12
===== END
===== START
B	1da6d57f33574e9cb033fa3242260d89	a5af90c4441a4d67bca918120f7db6a5	2024-02-11 16:34:34	2024-02-11 16:33:11	2024-02-05 10:59:00	3323a52a32464e5db6926fdc8fbced8f	Imbalance-USD	4430	Apple				n	760/100	760/100	1970-01-01 00:00:00
B	1da6d57f33574e9cb033fa3242260d89	3554ef86c7d345f4ad67c4e9f67d7066	2024-02-11 16:34:34	2024-02-11 16:33:11	2024-02-05 10:59:00	48c0a9bb8af04622bbb5c2e2aac3f735	Navy Rewards Card	4430	Apple				c	-760/100	-760/100	2024-02-11 16:33:11
===== END
===== START
C	1da6d57f33574e9cb033fa3242260d89	a5af90c4441a4d67bca918120f7db6a5	2024-02-11 16:34:34	2024-02-11 16:33:11	2024-02-05 10:59:00	3feaad255df249169127e590b1602cd7	Subscriptions	4430	Apple				n	760/100	760/100	1970-01-01 00:00:00
C	1da6d57f33574e9cb033fa3242260d89	3554ef86c7d345f4ad67c4e9f67d7066	2024-02-11 16:34:34	2024-02-11 16:33:11	2024-02-05 10:59:00	48c0a9bb8af04622bbb5c2e2aac3f735	Navy Rewards Card	4430	Apple				c	-760/100	-760/100	2024-02-11 16:33:11
===== END
===== START
B	470c786c10564032943b8ec696ae3617	02d2d5d4578d4b63b2637467a98d2357	2024-02-11 16:34:37	2024-02-11 16:33:11	2024-02-05 10:59:00	3323a52a32464e5db6926fdc8fbced8f	Imbalance-USD	4430	Flower Child				n	2381/100	2381/100	1970-01-01 00:00:00
B	470c786c10564032943b8ec696ae3617	7b49eb930f2c4a0d940f555986b47db9	2024-02-11 16:34:37	2024-02-11 16:33:11	2024-02-05 10:59:00	48c0a9bb8af04622bbb5c2e2aac3f735	Navy Rewards Card	4430	Flower Child				c	-2381/100	-2381/100	2024-02-11 16:33:11
===== END
===== START
C	470c786c10564032943b8ec696ae3617	02d2d5d4578d4b63b2637467a98d2357	2024-02-11 16:34:37	2024-02-11 16:33:11	2024-02-05 10:59:00	7c452bea58344d23b0f556cf05df9fe0	Dining	4430	Flower Child				n	2381/100	2381/100	1970-01-01 00:00:00
C	470c786c10564032943b8ec696ae3617	7b49eb930f2c4a0d940f555986b47db9	2024-02-11 16:34:37	2024-02-11 16:33:11	2024-02-05 10:59:00	48c0a9bb8af04622bbb5c2e2aac3f735	Navy Rewards Card	4430	Flower Child				c	-2381/100	-2381/100	2024-02-11 16:33:11
===== END
===== START
B	22efeb6fb36d4affada5c90b967e5433	45e463c71038489b946cf9943f8e7565	2024-02-11 16:34:42	2024-02-11 16:33:11	2024-02-05 10:59:00	3323a52a32464e5db6926fdc8fbced8f	Imbalance-USD	4430	Target				n	624/100	624/100	1970-01-01 00:00:00
B	22efeb6fb36d4affada5c90b967e5433	b47d58617f8040f7b48458a99da47042	2024-02-11 16:34:42	2024-02-11 16:33:11	2024-02-05 10:59:00	48c0a9bb8af04622bbb5c2e2aac3f735	Navy Rewards Card	4430	Target				c	-624/100	-624/100	2024-02-11 16:33:11
===== END
===== START
C	22efeb6fb36d4affada5c90b967e5433	45e463c71038489b946cf9943f8e7565	2024-02-11 16:34:42	2024-02-11 16:33:11	2024-02-05 10:59:00	a996b30c3e714c1483ec007f2699fc71	Groceries	4430	Target				n	624/100	624/100	1970-01-01 00:00:00
C	22efeb6fb36d4affada5c90b967e5433	b47d58617f8040f7b48458a99da47042	2024-02-11 16:34:42	2024-02-11 16:33:11	2024-02-05 10:59:00	48c0a9bb8af04622bbb5c2e2aac3f735	Navy Rewards Card	4430	Target				c	-624/100	-624/100	2024-02-11 16:33:11
===== END
===== START
B	cf0037c7da56453ca01557fee6a89fc0	c24a12f7e34a4a93bbf36924c6c6c982	2024-02-11 16:34:46	2024-02-11 16:33:11	2024-02-05 10:59:00	3323a52a32464e5db6926fdc8fbced8f	Imbalance-USD	4430	Target				n	3102/100	3102/100	1970-01-01 00:00:00
B	cf0037c7da56453ca01557fee6a89fc0	3cd99ceb38c64fd7a4bd4d69b0cd1715	2024-02-11 16:34:46	2024-02-11 16:33:11	2024-02-05 10:59:00	48c0a9bb8af04622bbb5c2e2aac3f735	Navy Rewards Card	4430	Target				c	-3102/100	-3102/100	2024-02-11 16:33:11
===== END
===== START
C	cf0037c7da56453ca01557fee6a89fc0	c24a12f7e34a4a93bbf36924c6c6c982	2024-02-11 16:34:46	2024-02-11 16:33:11	2024-02-05 10:59:00	a996b30c3e714c1483ec007f2699fc71	Groceries	4430	Target				n	3102/100	3102/100	1970-01-01 00:00:00
C	cf0037c7da56453ca01557fee6a89fc0	3cd99ceb38c64fd7a4bd4d69b0cd1715	2024-02-11 16:34:46	2024-02-11 16:33:11	2024-02-05 10:59:00	48c0a9bb8af04622bbb5c2e2aac3f735	Navy Rewards Card	4430	Target				c	-3102/100	-3102/100	2024-02-11 16:33:11
===== END
===== START
B	ec3cf9197df14867b6e5f9c661b25382	eca722eb8cd2400697923824b32c88eb	2024-02-11 16:34:52	2024-02-11 16:33:11	2024-02-05 10:59:00	3323a52a32464e5db6926fdc8fbced8f	Imbalance-USD	4430	Target				n	4633/100	4633/100	1970-01-01 00:00:00
B	ec3cf9197df14867b6e5f9c661b25382	50bba244f7bd42b8837a28cb9d57e17a	2024-02-11 16:34:52	2024-02-11 16:33:11	2024-02-05 10:59:00	48c0a9bb8af04622bbb5c2e2aac3f735	Navy Rewards Card	4430	Target				c	-4633/100	-4633/100	2024-02-11 16:33:11
===== END
===== START
C	ec3cf9197df14867b6e5f9c661b25382	eca722eb8cd2400697923824b32c88eb	2024-02-11 16:34:52	2024-02-11 16:33:11	2024-02-05 10:59:00	a996b30c3e714c1483ec007f2699fc71	Groceries	4430	Target				n	4633/100	4633/100	1970-01-01 00:00:00
C	ec3cf9197df14867b6e5f9c661b25382	50bba244f7bd42b8837a28cb9d57e17a	2024-02-11 16:34:52	2024-02-11 16:33:11	2024-02-05 10:59:00	48c0a9bb8af04622bbb5c2e2aac3f735	Navy Rewards Card	4430	Target				c	-4633/100	-4633/100	2024-02-11 16:33:11
===== END
===== START
B	97ab24d2791d4f96b17773a973e9febd	423638c5c87c4e498cd5a494fd18a561	2024-02-11 16:35:05	2024-02-11 16:33:12	2024-02-06 10:59:00	3323a52a32464e5db6926fdc8fbced8f	Imbalance-USD	0001	PARADISE CANTINA XX6887 NV - 0001				n	6400/100	6400/100	1970-01-01 00:00:00
B	97ab24d2791d4f96b17773a973e9febd	4156519b525b468fa2a3133a498e8199	2024-02-11 16:35:05	2024-02-11 16:33:12	2024-02-06 10:59:00	48c0a9bb8af04622bbb5c2e2aac3f735	Navy Rewards Card	0001	PARADISE CANTINA XX6887 NV - 0001				c	-6400/100	-6400/100	2024-02-11 16:33:12
===== END
===== START
C	97ab24d2791d4f96b17773a973e9febd	423638c5c87c4e498cd5a494fd18a561	2024-02-11 16:35:05	2024-02-11 16:33:12	2024-02-06 10:59:00	7c452bea58344d23b0f556cf05df9fe0	Dining	0001	PARADISE CANTINA XX6887 NV - 0001				n	6400/100	6400/100	1970-01-01 00:00:00
C	97ab24d2791d4f96b17773a973e9febd	4156519b525b468fa2a3133a498e8199	2024-02-11 16:35:05	2024-02-11 16:33:12	2024-02-06 10:59:00	48c0a9bb8af04622bbb5c2e2aac3f735	Navy Rewards Card	0001	PARADISE CANTINA XX6887 NV - 0001				c	-6400/100	-6400/100	2024-02-11 16:33:12
===== END
===== START
B	bf960108795943098dad7ff4374f3619	ee5529dfa729462594caace7b863a274	2024-02-11 16:35:10	2024-02-11 16:33:12	2024-02-06 10:59:00	3323a52a32464e5db6926fdc8fbced8f	Imbalance-USD	0001	Payment to Youtube Premium				n	1584/100	1584/100	1970-01-01 00:00:00
B	bf960108795943098dad7ff4374f3619	3aca688695c4428eb085efb9a3c91051	2024-02-11 16:35:10	2024-02-11 16:33:12	2024-02-06 10:59:00	48c0a9bb8af04622bbb5c2e2aac3f735	Navy Rewards Card	0001	Payment to Youtube Premium				c	-1584/100	-1584/100	2024-02-11 16:33:12
===== END
===== START
C	bf960108795943098dad7ff4374f3619	ee5529dfa729462594caace7b863a274	2024-02-11 16:35:10	2024-02-11 16:33:12	2024-02-06 10:59:00	3feaad255df249169127e590b1602cd7	Subscriptions	0001	Payment to Youtube Premium				n	1584/100	1584/100	1970-01-01 00:00:00
C	bf960108795943098dad7ff4374f3619	3aca688695c4428eb085efb9a3c91051	2024-02-11 16:35:10	2024-02-11 16:33:12	2024-02-06 10:59:00	48c0a9bb8af04622bbb5c2e2aac3f735	Navy Rewards Card	0001	Payment to Youtube Premium				c	-1584/100	-1584/100	2024-02-11 16:33:12
===== END
===== START
B	5f3da98c31c840c7b56bbd7bb155e411	228f7b4ecf904a1d9e297607aef225a8	2024-02-11 16:35:15	2024-02-11 16:33:12	2024-02-06 10:59:00	3323a52a32464e5db6926fdc8fbced8f	Imbalance-USD	4430	Trader Joe's				n	5365/100	5365/100	1970-01-01 00:00:00
B	5f3da98c31c840c7b56bbd7bb155e411	8a51452a95764a24b59e0a392bb43c18	2024-02-11 16:35:15	2024-02-11 16:33:12	2024-02-06 10:59:00	48c0a9bb8af04622bbb5c2e2aac3f735	Navy Rewards Card	4430	Trader Joe's				c	-5365/100	-5365/100	2024-02-11 16:33:12
===== END
===== START
C	5f3da98c31c840c7b56bbd7bb155e411	228f7b4ecf904a1d9e297607aef225a8	2024-02-11 16:35:15	2024-02-11 16:33:12	2024-02-06 10:59:00	a996b30c3e714c1483ec007f2699fc71	Groceries	4430	Trader Joe's				n	5365/100	5365/100	1970-01-01 00:00:00
C	5f3da98c31c840c7b56bbd7bb155e411	8a51452a95764a24b59e0a392bb43c18	2024-02-11 16:35:15	2024-02-11 16:33:12	2024-02-06 10:59:00	48c0a9bb8af04622bbb5c2e2aac3f735	Navy Rewards Card	4430	Trader Joe's				c	-5365/100	-5365/100	2024-02-11 16:33:12
===== END
===== START
B	df5be2100bc84767aa36e5daeb239398	3d8a470c530c42f7a2c7e7dbb0265280	2024-02-11 16:35:18	2024-02-11 16:33:12	2024-02-07 10:59:00	3323a52a32464e5db6926fdc8fbced8f	Imbalance-USD	0001	Canteen Vending Services				n	140/100	140/100	1970-01-01 00:00:00
B	df5be2100bc84767aa36e5daeb239398	2766e55badb6449f8cfb884188ffd15c	2024-02-11 16:35:18	2024-02-11 16:33:12	2024-02-07 10:59:00	48c0a9bb8af04622bbb5c2e2aac3f735	Navy Rewards Card	0001	Canteen Vending Services				c	-140/100	-140/100	2024-02-11 16:33:12
===== END
===== START
C	df5be2100bc84767aa36e5daeb239398	3d8a470c530c42f7a2c7e7dbb0265280	2024-02-11 16:35:18	2024-02-11 16:33:12	2024-02-07 10:59:00	7c452bea58344d23b0f556cf05df9fe0	Dining	0001	Canteen Vending Services				n	140/100	140/100	1970-01-01 00:00:00
C	df5be2100bc84767aa36e5daeb239398	2766e55badb6449f8cfb884188ffd15c	2024-02-11 16:35:18	2024-02-11 16:33:12	2024-02-07 10:59:00	48c0a9bb8af04622bbb5c2e2aac3f735	Navy Rewards Card	0001	Canteen Vending Services				c	-140/100	-140/100	2024-02-11 16:33:12
===== END
===== START
B	fbec2915248048af8ecab4eaa0796116	1060e496ee2e4ec6b8bacff8c4c29605	2024-02-11 16:35:22	2024-02-11 16:33:12	2024-02-08 10:59:00	3323a52a32464e5db6926fdc8fbced8f	Imbalance-USD	0001	Canteen Vending Services				n	140/100	140/100	1970-01-01 00:00:00
B	fbec2915248048af8ecab4eaa0796116	649957ad77df40afa986a41b258227a3	2024-02-11 16:35:22	2024-02-11 16:33:12	2024-02-08 10:59:00	48c0a9bb8af04622bbb5c2e2aac3f735	Navy Rewards Card	0001	Canteen Vending Services				c	-140/100	-140/100	2024-02-11 16:33:12
===== END
===== START
C	fbec2915248048af8ecab4eaa0796116	1060e496ee2e4ec6b8bacff8c4c29605	2024-02-11 16:35:22	2024-02-11 16:33:12	2024-02-08 10:59:00	7c452bea58344d23b0f556cf05df9fe0	Dining	0001	Canteen Vending Services				n	140/100	140/100	1970-01-01 00:00:00
C	fbec2915248048af8ecab4eaa0796116	649957ad77df40afa986a41b258227a3	2024-02-11 16:35:22	2024-02-11 16:33:12	2024-02-08 10:59:00	48c0a9bb8af04622bbb5c2e2aac3f735	Navy Rewards Card	0001	Canteen Vending Services				c	-140/100	-140/100	2024-02-11 16:33:12
===== END
===== START
B	331fa87017834b659bf6b9a167b03129	24b29d18b8824981938a5b00df37b5a9	2024-02-11 16:35:25	2024-02-11 16:33:12	2024-02-08 10:59:00	3323a52a32464e5db6926fdc8fbced8f	Imbalance-USD	0001	RTX CAFE TUCSON848 TUCSON AZ - 0001				n	1630/100	1630/100	1970-01-01 00:00:00
B	331fa87017834b659bf6b9a167b03129	5a6386b675a14bdf82dffe9974db6765	2024-02-11 16:35:25	2024-02-11 16:33:12	2024-02-08 10:59:00	48c0a9bb8af04622bbb5c2e2aac3f735	Navy Rewards Card	0001	RTX CAFE TUCSON848 TUCSON AZ - 0001				c	-1630/100	-1630/100	2024-02-11 16:33:12
===== END
===== START
C	331fa87017834b659bf6b9a167b03129	24b29d18b8824981938a5b00df37b5a9	2024-02-11 16:35:25	2024-02-11 16:33:12	2024-02-08 10:59:00	7c452bea58344d23b0f556cf05df9fe0	Dining	0001	RTX CAFE TUCSON848 TUCSON AZ - 0001				n	1630/100	1630/100	1970-01-01 00:00:00
C	331fa87017834b659bf6b9a167b03129	5a6386b675a14bdf82dffe9974db6765	2024-02-11 16:35:25	2024-02-11 16:33:12	2024-02-08 10:59:00	48c0a9bb8af04622bbb5c2e2aac3f735	Navy Rewards Card	0001	RTX CAFE TUCSON848 TUCSON AZ - 0001				c	-1630/100	-1630/100	2024-02-11 16:33:12
===== END
===== START
B	87d8137e76b941bba17a1115bc8f0d92	b00fca4cfd4c448689885cc3960af52a	2024-02-11 16:35:29	2024-02-11 16:33:12	2024-02-08 10:59:00	3323a52a32464e5db6926fdc8fbced8f	Imbalance-USD	4430	Whole Foods Market				n	2161/100	2161/100	1970-01-01 00:00:00
B	87d8137e76b941bba17a1115bc8f0d92	f60d26b9d9824d3bbed721185bca646f	2024-02-11 16:35:29	2024-02-11 16:33:12	2024-02-08 10:59:00	48c0a9bb8af04622bbb5c2e2aac3f735	Navy Rewards Card	4430	Whole Foods Market				c	-2161/100	-2161/100	2024-02-11 16:33:12
===== END
===== START
C	87d8137e76b941bba17a1115bc8f0d92	b00fca4cfd4c448689885cc3960af52a	2024-02-11 16:35:29	2024-02-11 16:33:12	2024-02-08 10:59:00	a996b30c3e714c1483ec007f2699fc71	Groceries	4430	Whole Foods Market				n	2161/100	2161/100	1970-01-01 00:00:00
C	87d8137e76b941bba17a1115bc8f0d92	f60d26b9d9824d3bbed721185bca646f	2024-02-11 16:35:29	2024-02-11 16:33:12	2024-02-08 10:59:00	48c0a9bb8af04622bbb5c2e2aac3f735	Navy Rewards Card	4430	Whole Foods Market				c	-2161/100	-2161/100	2024-02-11 16:33:12
===== END
===== START
B	6868339f00544806911520314b968417	4f2e5311a83e4c24be5c9de170f210c1	2024-02-11 16:35:34	2024-02-11 16:33:12	2024-02-09 10:59:00	3323a52a32464e5db6926fdc8fbced8f	Imbalance-USD	0001	Costco Gas Stations				n	3028/100	3028/100	1970-01-01 00:00:00
B	6868339f00544806911520314b968417	3ae0e2f9616a4906a854713e3e3bb441	2024-02-11 16:35:34	2024-02-11 16:33:12	2024-02-09 10:59:00	48c0a9bb8af04622bbb5c2e2aac3f735	Navy Rewards Card	0001	Costco Gas Stations				c	-3028/100	-3028/100	2024-02-11 16:33:12
===== END
===== START
C	6868339f00544806911520314b968417	4f2e5311a83e4c24be5c9de170f210c1	2024-02-11 16:35:34	2024-02-11 16:33:12	2024-02-09 10:59:00	8e074199bfaa4e0aae7c0e094b0ccf9e	Gas	0001	Costco Gas Stations				n	3028/100	3028/100	1970-01-01 00:00:00
C	6868339f00544806911520314b968417	3ae0e2f9616a4906a854713e3e3bb441	2024-02-11 16:35:34	2024-02-11 16:33:12	2024-02-09 10:59:00	48c0a9bb8af04622bbb5c2e2aac3f735	Navy Rewards Card	0001	Costco Gas Stations				c	-3028/100	-3028/100	2024-02-11 16:33:12
===== END
===== START
B	4a98826d04d44d3d896d2e66cd071887	1d1c8b2087234c39863a082edc66653e	2024-02-11 16:35:39	2024-02-11 16:33:12	2024-02-09 10:59:00	3323a52a32464e5db6926fdc8fbced8f	Imbalance-USD	0001	RTX CAFE TUCSON848 TUCSON AZ - 0001				n	554/100	554/100	1970-01-01 00:00:00
B	4a98826d04d44d3d896d2e66cd071887	119c5cbd8719460cad627639657c2ff8	2024-02-11 16:35:39	2024-02-11 16:33:12	2024-02-09 10:59:00	48c0a9bb8af04622bbb5c2e2aac3f735	Navy Rewards Card	0001	RTX CAFE TUCSON848 TUCSON AZ - 0001				c	-554/100	-554/100	2024-02-11 16:33:12
===== END
===== START
C	4a98826d04d44d3d896d2e66cd071887	1d1c8b2087234c39863a082edc66653e	2024-02-11 16:35:39	2024-02-11 16:33:12	2024-02-09 10:59:00	7c452bea58344d23b0f556cf05df9fe0	Dining	0001	RTX CAFE TUCSON848 TUCSON AZ - 0001				n	554/100	554/100	1970-01-01 00:00:00
C	4a98826d04d44d3d896d2e66cd071887	119c5cbd8719460cad627639657c2ff8	2024-02-11 16:35:39	2024-02-11 16:33:12	2024-02-09 10:59:00	48c0a9bb8af04622bbb5c2e2aac3f735	Navy Rewards Card	0001	RTX CAFE TUCSON848 TUCSON AZ - 0001				c	-554/100	-554/100	2024-02-11 16:33:12
===== END
===== START
B	9860e15c182c40f29b0dee3fc6fffecb	b2f6f6496ff34b4fada6532592d576a7	2024-02-11 16:35:45	2024-02-11 16:33:12	2024-02-09 10:59:00	3323a52a32464e5db6926fdc8fbced8f	Imbalance-USD	0001	RTX CAFE TUCSON848 TUCSON AZ - 0001				n	1196/100	1196/100	1970-01-01 00:00:00
B	9860e15c182c40f29b0dee3fc6fffecb	f3920a14646f42c7b2b5774671c03d9e	2024-02-11 16:35:45	2024-02-11 16:33:12	2024-02-09 10:59:00	48c0a9bb8af04622bbb5c2e2aac3f735	Navy Rewards Card	0001	RTX CAFE TUCSON848 TUCSON AZ - 0001				c	-1196/100	-1196/100	2024-02-11 16:33:12
===== END
===== START
C	9860e15c182c40f29b0dee3fc6fffecb	b2f6f6496ff34b4fada6532592d576a7	2024-02-11 16:35:45	2024-02-11 16:33:12	2024-02-09 10:59:00	7c452bea58344d23b0f556cf05df9fe0	Dining	0001	RTX CAFE TUCSON848 TUCSON AZ - 0001				n	1196/100	1196/100	1970-01-01 00:00:00
C	9860e15c182c40f29b0dee3fc6fffecb	f3920a14646f42c7b2b5774671c03d9e	2024-02-11 16:35:45	2024-02-11 16:33:12	2024-02-09 10:59:00	48c0a9bb8af04622bbb5c2e2aac3f735	Navy Rewards Card	0001	RTX CAFE TUCSON848 TUCSON AZ - 0001				c	-1196/100	-1196/100	2024-02-11 16:33:12
===== END
===== START
B	323548bd26fb4820b8bea59674d21514	f173518c0cf548489d1aa8bfbec572a6	2024-02-11 16:35:55	2024-02-11 16:33:12	2024-02-09 10:59:00	3323a52a32464e5db6926fdc8fbced8f	Imbalance-USD	4430	Apple				n	325/100	325/100	1970-01-01 00:00:00
B	323548bd26fb4820b8bea59674d21514	c3686ee62f3147a2ac7ca32207daa46c	2024-02-11 16:35:55	2024-02-11 16:33:12	2024-02-09 10:59:00	48c0a9bb8af04622bbb5c2e2aac3f735	Navy Rewards Card	4430	Apple				c	-325/100	-325/100	2024-02-11 16:33:12
===== END
===== START
C	323548bd26fb4820b8bea59674d21514	f173518c0cf548489d1aa8bfbec572a6	2024-02-11 16:35:55	2024-02-11 16:33:12	2024-02-09 10:59:00	3feaad255df249169127e590b1602cd7	Subscriptions	4430	Apple				n	325/100	325/100	1970-01-01 00:00:00
C	323548bd26fb4820b8bea59674d21514	c3686ee62f3147a2ac7ca32207daa46c	2024-02-11 16:35:55	2024-02-11 16:33:12	2024-02-09 10:59:00	48c0a9bb8af04622bbb5c2e2aac3f735	Navy Rewards Card	4430	Apple				c	-325/100	-325/100	2024-02-11 16:33:12
===== END
===== START
B	fce49c597ce046bc9c997afa91c41d7e	d266151f28904a389dce3c1d36cedab4	2024-02-11 16:36:19	2024-02-11 16:33:11	2024-02-05 10:59:00	3323a52a32464e5db6926fdc8fbced8f	Imbalance-USD	4430	Tucson				n	1140/100	1140/100	1970-01-01 00:00:00
B	fce49c597ce046bc9c997afa91c41d7e	dff83c2281cf4c6389b0be307255855b	2024-02-11 16:36:19	2024-02-11 16:33:11	2024-02-05 10:59:00	48c0a9bb8af04622bbb5c2e2aac3f735	Navy Rewards Card	4430	Tucson				c	-1140/100	-1140/100	2024-02-11 16:33:11
===== END
===== START
C	fce49c597ce046bc9c997afa91c41d7e	d266151f28904a389dce3c1d36cedab4	2024-02-11 16:36:19	2024-02-11 16:33:11	2024-02-05 10:59:00	f51833ab51c446f28a6ab0d10a773759	Miscellaneous	4430	Tucson				n	1140/100	1140/100	1970-01-01 00:00:00
C	fce49c597ce046bc9c997afa91c41d7e	dff83c2281cf4c6389b0be307255855b	2024-02-11 16:36:19	2024-02-11 16:33:11	2024-02-05 10:59:00	48c0a9bb8af04622bbb5c2e2aac3f735	Navy Rewards Card	4430	Tucson				c	-1140/100	-1140/100	2024-02-11 16:33:11
===== END
===== START
===== END
