mod	trans_guid	split_guid	time_now	date_entered	date_posted	acc_guid	acc_name	num	description	notes	memo	action	reconciled	amount	value	date_reconciled
-----------------
===== START
B	eb13b80e5e6a4ec4b6f8b1f22b297a27	7ea4a6546bf54d51a605b292aa4ab733	2024-01-21 17:34:16	2024-01-21 17:09:53	2024-01-09 10:59:00	48c0a9bb8af04622bbb5c2e2aac3f735	Navy Rewards Card	4430	Bath & Body Works				c	4766/100	4766/100	2024-01-21 17:09:53
B	eb13b80e5e6a4ec4b6f8b1f22b297a27	0520a90b17d149ddafb30b3ec2a39f53	2024-01-21 17:34:16	2024-01-21 17:09:53	2024-01-09 10:59:00	3323a52a32464e5db6926fdc8fbced8f	Imbalance-USD	4430	Bath & Body Works				n	-4766/100	-4766/100	1970-01-01 00:00:00
===== END
===== START
C	eb13b80e5e6a4ec4b6f8b1f22b297a27	7ea4a6546bf54d51a605b292aa4ab733	2024-01-21 17:34:16	2024-01-21 17:09:53	2024-01-09 10:59:00	48c0a9bb8af04622bbb5c2e2aac3f735	Navy Rewards Card	4430	Bath & Body Works				c	4766/100	4766/100	2024-01-21 17:09:53
C	eb13b80e5e6a4ec4b6f8b1f22b297a27	0520a90b17d149ddafb30b3ec2a39f53	2024-01-21 17:34:16	2024-01-21 17:09:53	2024-01-09 10:59:00	f51833ab51c446f28a6ab0d10a773759	Miscellaneous	4430	Bath & Body Works				n	-4766/100	-4766/100	1970-01-01 00:00:00
===== END
===== START
D	ec973b03c6b04a8ab407daa1e58f17d7	3f21292e7e27406c981efe0efa081441	2024-01-21 17:34:18	2024-01-21 17:34:18	2024-01-21 10:59:00								n	0/1	0/100	1970-01-01 00:00:00
===== END
===== START
===== END
===== START
D	0d62bb4963af435eaefb3a6589600b65	94d3497868e44d3696c4255b0e887b2c	2024-01-21 17:35:52	2024-01-21 17:35:52	2024-01-21 10:59:00								n	0/1	0/100	1970-01-01 00:00:00
===== END
===== START
===== END
===== START
===== END
