mod	trans_guid	split_guid	time_now	date_entered	date_posted	acc_guid	acc_name	num	description	notes	memo	action	reconciled	amount	value	date_reconciled
-----------------
===== START
B	f6b52a0bdba94f37817a2154a64cc4f7	0edd6ddf82474337ba59753928ab1ae0	2024-08-18 21:40:20	2024-08-18 21:38:55	2024-06-26 10:59:00	3323a52a32464e5db6926fdc8fbced8f	Imbalance-USD		INTEREST CHARGE-CASH ADVANCES -	OFX ext. info: |Trans type:Generic debit|Memo:INTEREST CHARGE-CASH ADVANCES - 1928			n	318/100	318/100	1970-01-01 00:00:00
B	f6b52a0bdba94f37817a2154a64cc4f7	effe706903f34c888d5abbb560a15cc2	2024-08-18 21:40:20	2024-08-18 21:38:55	2024-06-26 10:59:00	39d3c305cefb42799b43896918986dd1	Visa Platinum		INTEREST CHARGE-CASH ADVANCES -	OFX ext. info: |Trans type:Generic debit|Memo:INTEREST CHARGE-CASH ADVANCES - 1928	INTEREST CHARGE-CASH ADVANCES - 1928		c	-318/100	-318/100	2024-08-18 21:38:58
===== END
===== START
C	f6b52a0bdba94f37817a2154a64cc4f7	0edd6ddf82474337ba59753928ab1ae0	2024-08-18 21:40:20	2024-08-18 21:38:55	2024-06-26 10:59:00	f51833ab51c446f28a6ab0d10a773759	Miscellaneous		INTEREST CHARGE-CASH ADVANCES -	OFX ext. info: |Trans type:Generic debit|Memo:INTEREST CHARGE-CASH ADVANCES - 1928			n	318/100	318/100	1970-01-01 00:00:00
C	f6b52a0bdba94f37817a2154a64cc4f7	effe706903f34c888d5abbb560a15cc2	2024-08-18 21:40:20	2024-08-18 21:38:55	2024-06-26 10:59:00	39d3c305cefb42799b43896918986dd1	Visa Platinum		INTEREST CHARGE-CASH ADVANCES -	OFX ext. info: |Trans type:Generic debit|Memo:INTEREST CHARGE-CASH ADVANCES - 1928	INTEREST CHARGE-CASH ADVANCES - 1928		c	-318/100	-318/100	2024-08-18 21:38:58
===== END
===== START
B	fdcc022276574267a5e71aa5c2701c55	a23d11b806bb45adb14b66f282cba6af	2024-08-18 21:40:33	2024-08-18 21:38:55	2024-07-05 10:59:00	3323a52a32464e5db6926fdc8fbced8f	Imbalance-USD		Experian	OFX ext. info: |Trans type:Generic debit|Memo:Experian* Credit Report 479-3436237 CA - 1928			n	2674/100	2674/100	1970-01-01 00:00:00
B	fdcc022276574267a5e71aa5c2701c55	abae3e5c96c644008abfef25ff4acf50	2024-08-18 21:40:33	2024-08-18 21:38:55	2024-07-05 10:59:00	39d3c305cefb42799b43896918986dd1	Visa Platinum		Experian	OFX ext. info: |Trans type:Generic debit|Memo:Experian* Credit Report 479-3436237 CA - 1928	Experian* Credit Report 479-3436237 CA - 1928		c	-2674/100	-2674/100	2024-08-18 21:38:58
===== END
===== START
C	fdcc022276574267a5e71aa5c2701c55	a23d11b806bb45adb14b66f282cba6af	2024-08-18 21:40:33	2024-08-18 21:38:55	2024-07-05 10:59:00	047f6fc043a74d3eb7f8351cb5245272	Experian		Experian	OFX ext. info: |Trans type:Generic debit|Memo:Experian* Credit Report 479-3436237 CA - 1928			n	2674/100	2674/100	1970-01-01 00:00:00
C	fdcc022276574267a5e71aa5c2701c55	abae3e5c96c644008abfef25ff4acf50	2024-08-18 21:40:33	2024-08-18 21:38:55	2024-07-05 10:59:00	39d3c305cefb42799b43896918986dd1	Visa Platinum		Experian	OFX ext. info: |Trans type:Generic debit|Memo:Experian* Credit Report 479-3436237 CA - 1928	Experian* Credit Report 479-3436237 CA - 1928		c	-2674/100	-2674/100	2024-08-18 21:38:58
===== END
===== START
B	fd124aaf49ed45c1b1af525eaf2e28df	88f40a76f8734e50b0dc5ed5a5377442	2024-08-18 21:40:36	2024-08-18 21:38:55	2024-07-18 10:59:00	3323a52a32464e5db6926fdc8fbced8f	Imbalance-USD		Payment to New York Times	OFX ext. info: |Trans type:Generic debit|Memo:NYTimes*NYTimes 800-698-4637 NY - 1928			n	695/100	695/100	1970-01-01 00:00:00
B	fd124aaf49ed45c1b1af525eaf2e28df	8a79c19408554593a752e9be71c54035	2024-08-18 21:40:36	2024-08-18 21:38:55	2024-07-18 10:59:00	39d3c305cefb42799b43896918986dd1	Visa Platinum		Payment to New York Times	OFX ext. info: |Trans type:Generic debit|Memo:NYTimes*NYTimes 800-698-4637 NY - 1928	NYTimes*NYTimes 800-698-4637 NY - 1928		c	-695/100	-695/100	2024-08-18 21:38:58
===== END
===== START
C	fd124aaf49ed45c1b1af525eaf2e28df	88f40a76f8734e50b0dc5ed5a5377442	2024-08-18 21:40:36	2024-08-18 21:38:55	2024-07-18 10:59:00	31a7d74e98d747738a6d42e6cd88f1f0	NYT		Payment to New York Times	OFX ext. info: |Trans type:Generic debit|Memo:NYTimes*NYTimes 800-698-4637 NY - 1928			n	695/100	695/100	1970-01-01 00:00:00
C	fd124aaf49ed45c1b1af525eaf2e28df	8a79c19408554593a752e9be71c54035	2024-08-18 21:40:36	2024-08-18 21:38:55	2024-07-18 10:59:00	39d3c305cefb42799b43896918986dd1	Visa Platinum		Payment to New York Times	OFX ext. info: |Trans type:Generic debit|Memo:NYTimes*NYTimes 800-698-4637 NY - 1928	NYTimes*NYTimes 800-698-4637 NY - 1928		c	-695/100	-695/100	2024-08-18 21:38:58
===== END
===== START
B	2c0a73669a0647eea5921c72d52f42a7	81ec473a8f81419c9e9b43641e960d23	2024-08-18 21:40:50	2024-08-18 21:38:55	2024-07-26 10:59:00	3323a52a32464e5db6926fdc8fbced8f	Imbalance-USD		INTEREST CHARGE-CASH ADVANCES -	OFX ext. info: |Trans type:Generic debit|Memo:INTEREST CHARGE-CASH ADVANCES - 1928			n	55/100	55/100	1970-01-01 00:00:00
B	2c0a73669a0647eea5921c72d52f42a7	229bd917697e4e6495b9af66183e61d0	2024-08-18 21:40:50	2024-08-18 21:38:55	2024-07-26 10:59:00	39d3c305cefb42799b43896918986dd1	Visa Platinum		INTEREST CHARGE-CASH ADVANCES -	OFX ext. info: |Trans type:Generic debit|Memo:INTEREST CHARGE-CASH ADVANCES - 1928	INTEREST CHARGE-CASH ADVANCES - 1928		c	-55/100	-55/100	2024-08-18 21:38:58
===== END
===== START
C	2c0a73669a0647eea5921c72d52f42a7	81ec473a8f81419c9e9b43641e960d23	2024-08-18 21:40:50	2024-08-18 21:38:55	2024-07-26 10:59:00	f51833ab51c446f28a6ab0d10a773759	Miscellaneous		INTEREST CHARGE-CASH ADVANCES -	OFX ext. info: |Trans type:Generic debit|Memo:INTEREST CHARGE-CASH ADVANCES - 1928			n	55/100	55/100	1970-01-01 00:00:00
C	2c0a73669a0647eea5921c72d52f42a7	229bd917697e4e6495b9af66183e61d0	2024-08-18 21:40:50	2024-08-18 21:38:55	2024-07-26 10:59:00	39d3c305cefb42799b43896918986dd1	Visa Platinum		INTEREST CHARGE-CASH ADVANCES -	OFX ext. info: |Trans type:Generic debit|Memo:INTEREST CHARGE-CASH ADVANCES - 1928	INTEREST CHARGE-CASH ADVANCES - 1928		c	-55/100	-55/100	2024-08-18 21:38:58
===== END
===== START
B	cdfb9b4114994edfa7b64c3235c0e9d6	eae38dca35574ae7a8da9839956968b8	2024-08-18 21:41:17	2024-08-18 21:38:55	2024-08-05 10:59:00	3323a52a32464e5db6926fdc8fbced8f	Imbalance-USD		Experian	OFX ext. info: |Trans type:Generic debit|Memo:Experian* Credit Report 479-3436237 CA - 1928			n	2674/100	2674/100	1970-01-01 00:00:00
B	cdfb9b4114994edfa7b64c3235c0e9d6	878bfc6f90b24235b66301fb03bb9e5d	2024-08-18 21:41:17	2024-08-18 21:38:55	2024-08-05 10:59:00	39d3c305cefb42799b43896918986dd1	Visa Platinum		Experian	OFX ext. info: |Trans type:Generic debit|Memo:Experian* Credit Report 479-3436237 CA - 1928	Experian* Credit Report 479-3436237 CA - 1928		c	-2674/100	-2674/100	2024-08-18 21:38:58
===== END
===== START
C	cdfb9b4114994edfa7b64c3235c0e9d6	eae38dca35574ae7a8da9839956968b8	2024-08-18 21:41:17	2024-08-18 21:38:55	2024-08-05 10:59:00	047f6fc043a74d3eb7f8351cb5245272	Experian		Experian	OFX ext. info: |Trans type:Generic debit|Memo:Experian* Credit Report 479-3436237 CA - 1928			n	2674/100	2674/100	1970-01-01 00:00:00
C	cdfb9b4114994edfa7b64c3235c0e9d6	878bfc6f90b24235b66301fb03bb9e5d	2024-08-18 21:41:17	2024-08-18 21:38:55	2024-08-05 10:59:00	39d3c305cefb42799b43896918986dd1	Visa Platinum		Experian	OFX ext. info: |Trans type:Generic debit|Memo:Experian* Credit Report 479-3436237 CA - 1928	Experian* Credit Report 479-3436237 CA - 1928		c	-2674/100	-2674/100	2024-08-18 21:38:58
===== END
===== START
===== END
===== START
B	8d11a887c9a94b6dab29e853e93e12c1	844fd561f8de4c39b34fe1a750369987	2024-08-18 21:41:59	2024-08-11 16:41:40	2024-04-01 10:59:00	3323a52a32464e5db6926fdc8fbced8f	Imbalance-USD		Transfer to Credit Card TRF TO O	OFX ext. info: |Trans type:Generic debit|Memo:Transfer to Credit Card TRF TO OTHER			n	14673/100	14673/100	1970-01-01 00:00:00
B	8d11a887c9a94b6dab29e853e93e12c1	f4b8d00659c64acda6334c66c5721ef8	2024-08-18 21:41:59	2024-08-11 16:41:40	2024-04-01 10:59:00	5f8cd3d7d07f4e76916a760d36c0523b	Checking Account		Transfer to Credit Card TRF TO O	OFX ext. info: |Trans type:Generic debit|Memo:Transfer to Credit Card TRF TO OTHER	Transfer to Credit Card TRF TO OTHER		c	-14673/100	-14673/100	2024-08-11 16:42:20
===== END
===== START
C	8d11a887c9a94b6dab29e853e93e12c1	844fd561f8de4c39b34fe1a750369987	2024-08-18 21:41:59	2024-08-11 16:41:40	2024-04-01 10:59:00	39d3c305cefb42799b43896918986dd1	Visa Platinum		Transfer to Credit Card TRF TO O	OFX ext. info: |Trans type:Generic debit|Memo:Transfer to Credit Card TRF TO OTHER			n	14673/100	14673/100	1970-01-01 00:00:00
C	8d11a887c9a94b6dab29e853e93e12c1	f4b8d00659c64acda6334c66c5721ef8	2024-08-18 21:41:59	2024-08-11 16:41:40	2024-04-01 10:59:00	5f8cd3d7d07f4e76916a760d36c0523b	Checking Account		Transfer to Credit Card TRF TO O	OFX ext. info: |Trans type:Generic debit|Memo:Transfer to Credit Card TRF TO OTHER	Transfer to Credit Card TRF TO OTHER		c	-14673/100	-14673/100	2024-08-11 16:42:20
===== END
===== START
B	9d9e2e12588c419ab50a4afb6b602121	d85814d5a0c84401a75e68b2e25af0f8	2024-08-18 21:42:03	2024-08-18 21:38:55	2024-04-01 10:59:00	39d3c305cefb42799b43896918986dd1	Visa Platinum		Credit Card Payment Received	OFX ext. info: |Trans type:Generic credit|Memo:PAYMENT RECEIVED - 1928	PAYMENT RECEIVED - 1928		c	14673/100	14673/100	2024-08-18 21:38:58
B	9d9e2e12588c419ab50a4afb6b602121	6decff821b824902b584d597beafc570	2024-08-18 21:42:03	2024-08-18 21:38:55	2024-04-01 10:59:00	3323a52a32464e5db6926fdc8fbced8f	Imbalance-USD		Credit Card Payment Received	OFX ext. info: |Trans type:Generic credit|Memo:PAYMENT RECEIVED - 1928			n	-14673/100	-14673/100	1970-01-01 00:00:00
===== END
===== START
D	9d9e2e12588c419ab50a4afb6b602121	d85814d5a0c84401a75e68b2e25af0f8	2024-08-18 21:42:03	2024-08-18 21:38:55	2024-04-01 10:59:00	39d3c305cefb42799b43896918986dd1	Visa Platinum		Credit Card Payment Received	OFX ext. info: |Trans type:Generic credit|Memo:PAYMENT RECEIVED - 1928	PAYMENT RECEIVED - 1928		c	14673/100	14673/100	2024-08-18 21:38:58
D	9d9e2e12588c419ab50a4afb6b602121	6decff821b824902b584d597beafc570	2024-08-18 21:42:03	2024-08-18 21:38:55	2024-04-01 10:59:00	3323a52a32464e5db6926fdc8fbced8f	Imbalance-USD		Credit Card Payment Received	OFX ext. info: |Trans type:Generic credit|Memo:PAYMENT RECEIVED - 1928			n	-14673/100	-14673/100	1970-01-01 00:00:00
===== END
===== START
B	32c3ba3e4c8a40b0bf93b1d219162629	076f83ea749249a69bf4620e335e0f24	2024-08-18 21:42:11	2024-08-11 16:41:40	2024-05-01 10:59:00	3323a52a32464e5db6926fdc8fbced8f	Imbalance-USD		Transfer to Credit Card TRF TO O	OFX ext. info: |Trans type:Generic debit|Memo:Transfer to Credit Card TRF TO OTHER			n	4064/100	4064/100	1970-01-01 00:00:00
B	32c3ba3e4c8a40b0bf93b1d219162629	f98ef75330ac41df8db41da2ec02b539	2024-08-18 21:42:11	2024-08-11 16:41:40	2024-05-01 10:59:00	5f8cd3d7d07f4e76916a760d36c0523b	Checking Account		Transfer to Credit Card TRF TO O	OFX ext. info: |Trans type:Generic debit|Memo:Transfer to Credit Card TRF TO OTHER	Transfer to Credit Card TRF TO OTHER		c	-4064/100	-4064/100	2024-08-11 16:42:20
===== END
===== START
C	32c3ba3e4c8a40b0bf93b1d219162629	076f83ea749249a69bf4620e335e0f24	2024-08-18 21:42:11	2024-08-11 16:41:40	2024-05-01 10:59:00	39d3c305cefb42799b43896918986dd1	Visa Platinum		Transfer to Credit Card TRF TO O	OFX ext. info: |Trans type:Generic debit|Memo:Transfer to Credit Card TRF TO OTHER			n	4064/100	4064/100	1970-01-01 00:00:00
C	32c3ba3e4c8a40b0bf93b1d219162629	f98ef75330ac41df8db41da2ec02b539	2024-08-18 21:42:11	2024-08-11 16:41:40	2024-05-01 10:59:00	5f8cd3d7d07f4e76916a760d36c0523b	Checking Account		Transfer to Credit Card TRF TO O	OFX ext. info: |Trans type:Generic debit|Memo:Transfer to Credit Card TRF TO OTHER	Transfer to Credit Card TRF TO OTHER		c	-4064/100	-4064/100	2024-08-11 16:42:20
===== END
===== START
B	709028dee5ff4fccb78e7a1f2f41f5ac	f9ffc74af6a645de8569ea72b3ed31ac	2024-08-18 21:42:17	2024-08-18 21:38:55	2024-05-01 10:59:00	39d3c305cefb42799b43896918986dd1	Visa Platinum		Credit Card Payment Received	OFX ext. info: |Trans type:Generic credit|Memo:PAYMENT RECEIVED - 1928	PAYMENT RECEIVED - 1928		c	4064/100	4064/100	2024-08-18 21:38:58
B	709028dee5ff4fccb78e7a1f2f41f5ac	f878e3df4dd846d1b274767635198522	2024-08-18 21:42:17	2024-08-18 21:38:55	2024-05-01 10:59:00	3323a52a32464e5db6926fdc8fbced8f	Imbalance-USD		Credit Card Payment Received	OFX ext. info: |Trans type:Generic credit|Memo:PAYMENT RECEIVED - 1928			n	-4064/100	-4064/100	1970-01-01 00:00:00
===== END
===== START
D	709028dee5ff4fccb78e7a1f2f41f5ac	f9ffc74af6a645de8569ea72b3ed31ac	2024-08-18 21:42:17	2024-08-18 21:38:55	2024-05-01 10:59:00	39d3c305cefb42799b43896918986dd1	Visa Platinum		Credit Card Payment Received	OFX ext. info: |Trans type:Generic credit|Memo:PAYMENT RECEIVED - 1928	PAYMENT RECEIVED - 1928		c	4064/100	4064/100	2024-08-18 21:38:58
D	709028dee5ff4fccb78e7a1f2f41f5ac	f878e3df4dd846d1b274767635198522	2024-08-18 21:42:17	2024-08-18 21:38:55	2024-05-01 10:59:00	3323a52a32464e5db6926fdc8fbced8f	Imbalance-USD		Credit Card Payment Received	OFX ext. info: |Trans type:Generic credit|Memo:PAYMENT RECEIVED - 1928			n	-4064/100	-4064/100	1970-01-01 00:00:00
===== END
===== START
B	e030c8029b574ddc8a6c0b9a7c39dad8	4399ec88378944b8a555f3fce6fdf833	2024-08-18 21:42:30	2024-08-11 16:41:40	2024-05-31 10:59:00	3323a52a32464e5db6926fdc8fbced8f	Imbalance-USD		Transfer to Credit Card TRF TO O	OFX ext. info: |Trans type:Generic debit|Memo:Transfer to Credit Card TRF TO OTHER			n	3369/100	3369/100	1970-01-01 00:00:00
B	e030c8029b574ddc8a6c0b9a7c39dad8	cf665fd29b5848328000df5b9b899ee3	2024-08-18 21:42:30	2024-08-11 16:41:40	2024-05-31 10:59:00	5f8cd3d7d07f4e76916a760d36c0523b	Checking Account		Transfer to Credit Card TRF TO O	OFX ext. info: |Trans type:Generic debit|Memo:Transfer to Credit Card TRF TO OTHER	Transfer to Credit Card TRF TO OTHER		c	-3369/100	-3369/100	2024-08-11 16:42:20
===== END
===== START
C	e030c8029b574ddc8a6c0b9a7c39dad8	4399ec88378944b8a555f3fce6fdf833	2024-08-18 21:42:30	2024-08-11 16:41:40	2024-05-31 10:59:00	39d3c305cefb42799b43896918986dd1	Visa Platinum		Transfer to Credit Card TRF TO O	OFX ext. info: |Trans type:Generic debit|Memo:Transfer to Credit Card TRF TO OTHER			n	3369/100	3369/100	1970-01-01 00:00:00
C	e030c8029b574ddc8a6c0b9a7c39dad8	cf665fd29b5848328000df5b9b899ee3	2024-08-18 21:42:30	2024-08-11 16:41:40	2024-05-31 10:59:00	5f8cd3d7d07f4e76916a760d36c0523b	Checking Account		Transfer to Credit Card TRF TO O	OFX ext. info: |Trans type:Generic debit|Memo:Transfer to Credit Card TRF TO OTHER	Transfer to Credit Card TRF TO OTHER		c	-3369/100	-3369/100	2024-08-11 16:42:20
===== END
===== START
B	2df65177de654766ab23dadd1230af75	02118f4d11794486b7c7b982f5b7217b	2024-08-18 21:42:34	2024-08-18 21:38:55	2024-05-31 10:59:00	39d3c305cefb42799b43896918986dd1	Visa Platinum		Credit Card Payment Received	OFX ext. info: |Trans type:Generic credit|Memo:PAYMENT RECEIVED - 1928	PAYMENT RECEIVED - 1928		c	3369/100	3369/100	2024-08-18 21:38:58
B	2df65177de654766ab23dadd1230af75	af683c2a3f5044a9ac37884421e3634b	2024-08-18 21:42:34	2024-08-18 21:38:55	2024-05-31 10:59:00	3323a52a32464e5db6926fdc8fbced8f	Imbalance-USD		Credit Card Payment Received	OFX ext. info: |Trans type:Generic credit|Memo:PAYMENT RECEIVED - 1928			n	-3369/100	-3369/100	1970-01-01 00:00:00
===== END
===== START
D	2df65177de654766ab23dadd1230af75	02118f4d11794486b7c7b982f5b7217b	2024-08-18 21:42:34	2024-08-18 21:38:55	2024-05-31 10:59:00	39d3c305cefb42799b43896918986dd1	Visa Platinum		Credit Card Payment Received	OFX ext. info: |Trans type:Generic credit|Memo:PAYMENT RECEIVED - 1928	PAYMENT RECEIVED - 1928		c	3369/100	3369/100	2024-08-18 21:38:58
D	2df65177de654766ab23dadd1230af75	af683c2a3f5044a9ac37884421e3634b	2024-08-18 21:42:34	2024-08-18 21:38:55	2024-05-31 10:59:00	3323a52a32464e5db6926fdc8fbced8f	Imbalance-USD		Credit Card Payment Received	OFX ext. info: |Trans type:Generic credit|Memo:PAYMENT RECEIVED - 1928			n	-3369/100	-3369/100	1970-01-01 00:00:00
===== END
===== START
B	dedd13340a9248ebad2ad2562d47dcc1	7f6e5289e6564dcc914e433590d7f3b3	2024-08-18 21:42:42	2024-08-11 16:41:40	2024-07-01 10:59:00	3323a52a32464e5db6926fdc8fbced8f	Imbalance-USD		Transfer To Credit Card -1928	OFX ext. info: |Trans type:Generic debit|Memo:Transfer To Credit Card -1928			n	37904/100	37904/100	1970-01-01 00:00:00
B	dedd13340a9248ebad2ad2562d47dcc1	0cc28426dba143db97bf6c084dbbb156	2024-08-18 21:42:42	2024-08-11 16:41:40	2024-07-01 10:59:00	5f8cd3d7d07f4e76916a760d36c0523b	Checking Account		Transfer To Credit Card -1928	OFX ext. info: |Trans type:Generic debit|Memo:Transfer To Credit Card -1928	Transfer To Credit Card -1928		c	-37904/100	-37904/100	2024-08-11 16:42:20
===== END
===== START
C	dedd13340a9248ebad2ad2562d47dcc1	7f6e5289e6564dcc914e433590d7f3b3	2024-08-18 21:42:42	2024-08-11 16:41:40	2024-07-01 10:59:00	39d3c305cefb42799b43896918986dd1	Visa Platinum		Transfer To Credit Card -1928	OFX ext. info: |Trans type:Generic debit|Memo:Transfer To Credit Card -1928			n	37904/100	37904/100	1970-01-01 00:00:00
C	dedd13340a9248ebad2ad2562d47dcc1	0cc28426dba143db97bf6c084dbbb156	2024-08-18 21:42:42	2024-08-11 16:41:40	2024-07-01 10:59:00	5f8cd3d7d07f4e76916a760d36c0523b	Checking Account		Transfer To Credit Card -1928	OFX ext. info: |Trans type:Generic debit|Memo:Transfer To Credit Card -1928	Transfer To Credit Card -1928		c	-37904/100	-37904/100	2024-08-11 16:42:20
===== END
===== START
B	467ef3e435e84397ab1db196a673fafa	e028dd3e020d44c8b904e32828585b0b	2024-08-18 21:42:45	2024-08-18 21:38:55	2024-07-01 10:59:00	39d3c305cefb42799b43896918986dd1	Visa Platinum		Credit Card Payment Received	OFX ext. info: |Trans type:Generic credit|Memo:PAYMENT RECEIVED - 1928	PAYMENT RECEIVED - 1928		c	37904/100	37904/100	2024-08-18 21:38:58
B	467ef3e435e84397ab1db196a673fafa	72707b39735946b7be1b297d2fffb01a	2024-08-18 21:42:45	2024-08-18 21:38:55	2024-07-01 10:59:00	3323a52a32464e5db6926fdc8fbced8f	Imbalance-USD		Credit Card Payment Received	OFX ext. info: |Trans type:Generic credit|Memo:PAYMENT RECEIVED - 1928			n	-37904/100	-37904/100	1970-01-01 00:00:00
===== END
===== START
D	467ef3e435e84397ab1db196a673fafa	e028dd3e020d44c8b904e32828585b0b	2024-08-18 21:42:45	2024-08-18 21:38:55	2024-07-01 10:59:00	39d3c305cefb42799b43896918986dd1	Visa Platinum		Credit Card Payment Received	OFX ext. info: |Trans type:Generic credit|Memo:PAYMENT RECEIVED - 1928	PAYMENT RECEIVED - 1928		c	37904/100	37904/100	2024-08-18 21:38:58
D	467ef3e435e84397ab1db196a673fafa	72707b39735946b7be1b297d2fffb01a	2024-08-18 21:42:45	2024-08-18 21:38:55	2024-07-01 10:59:00	3323a52a32464e5db6926fdc8fbced8f	Imbalance-USD		Credit Card Payment Received	OFX ext. info: |Trans type:Generic credit|Memo:PAYMENT RECEIVED - 1928			n	-37904/100	-37904/100	1970-01-01 00:00:00
===== END
===== START
B	650fbcfb3e4b42db8705e0c4ad605f36	161bc6e69b7643859ed0a2e7fa2c939a	2024-08-18 21:42:53	2024-08-11 16:41:40	2024-08-01 10:59:00	3323a52a32464e5db6926fdc8fbced8f	Imbalance-USD		Transfer To Credit Card -1928	OFX ext. info: |Trans type:Generic debit|Memo:Transfer To Credit Card -1928			n	3424/100	3424/100	1970-01-01 00:00:00
B	650fbcfb3e4b42db8705e0c4ad605f36	85690445833f43d59b6cc0f1bd2b2a00	2024-08-18 21:42:53	2024-08-11 16:41:40	2024-08-01 10:59:00	5f8cd3d7d07f4e76916a760d36c0523b	Checking Account		Transfer To Credit Card -1928	OFX ext. info: |Trans type:Generic debit|Memo:Transfer To Credit Card -1928	Transfer To Credit Card -1928		c	-3424/100	-3424/100	2024-08-11 16:42:20
===== END
===== START
C	650fbcfb3e4b42db8705e0c4ad605f36	161bc6e69b7643859ed0a2e7fa2c939a	2024-08-18 21:42:53	2024-08-11 16:41:40	2024-08-01 10:59:00	39d3c305cefb42799b43896918986dd1	Visa Platinum		Transfer To Credit Card -1928	OFX ext. info: |Trans type:Generic debit|Memo:Transfer To Credit Card -1928			n	3424/100	3424/100	1970-01-01 00:00:00
C	650fbcfb3e4b42db8705e0c4ad605f36	85690445833f43d59b6cc0f1bd2b2a00	2024-08-18 21:42:53	2024-08-11 16:41:40	2024-08-01 10:59:00	5f8cd3d7d07f4e76916a760d36c0523b	Checking Account		Transfer To Credit Card -1928	OFX ext. info: |Trans type:Generic debit|Memo:Transfer To Credit Card -1928	Transfer To Credit Card -1928		c	-3424/100	-3424/100	2024-08-11 16:42:20
===== END
===== START
B	feece2b08f9c4b99817a31659654fea2	4a3e9f1a9dc2426782425ab0ea49e20e	2024-08-18 21:43:03	2024-08-18 21:38:55	2024-08-01 10:59:00	39d3c305cefb42799b43896918986dd1	Visa Platinum		Credit Card Payment Received	OFX ext. info: |Trans type:Generic credit|Memo:PAYMENT RECEIVED - 1928	PAYMENT RECEIVED - 1928		c	3424/100	3424/100	2024-08-18 21:38:58
B	feece2b08f9c4b99817a31659654fea2	25260b9b88b446809777122bd3eebaf6	2024-08-18 21:43:03	2024-08-18 21:38:55	2024-08-01 10:59:00	3323a52a32464e5db6926fdc8fbced8f	Imbalance-USD		Credit Card Payment Received	OFX ext. info: |Trans type:Generic credit|Memo:PAYMENT RECEIVED - 1928			n	-3424/100	-3424/100	1970-01-01 00:00:00
===== END
===== START
D	feece2b08f9c4b99817a31659654fea2	4a3e9f1a9dc2426782425ab0ea49e20e	2024-08-18 21:43:03	2024-08-18 21:38:55	2024-08-01 10:59:00	39d3c305cefb42799b43896918986dd1	Visa Platinum		Credit Card Payment Received	OFX ext. info: |Trans type:Generic credit|Memo:PAYMENT RECEIVED - 1928	PAYMENT RECEIVED - 1928		c	3424/100	3424/100	2024-08-18 21:38:58
D	feece2b08f9c4b99817a31659654fea2	25260b9b88b446809777122bd3eebaf6	2024-08-18 21:43:03	2024-08-18 21:38:55	2024-08-01 10:59:00	3323a52a32464e5db6926fdc8fbced8f	Imbalance-USD		Credit Card Payment Received	OFX ext. info: |Trans type:Generic credit|Memo:PAYMENT RECEIVED - 1928			n	-3424/100	-3424/100	1970-01-01 00:00:00
===== END
===== START
B	e66ffd67670f41a9aea45e121d46c117	69b9bcae2523455cbdb4b3beafe49368	2024-08-18 21:43:16	2024-08-18 21:18:12	2024-08-12 10:59:00	3323a52a32464e5db6926fdc8fbced8f	Imbalance-USD		Culinary	OFX ext. info: |Trans type:Generic debit|Memo:SQ *CIAO DOWN CULINARY STTucson AZ - 0001			n	1574/100	1574/100	1970-01-01 00:00:00
B	e66ffd67670f41a9aea45e121d46c117	d8ad736bcdc04f1bbd01cb0d4daf4102	2024-08-18 21:43:16	2024-08-18 21:18:12	2024-08-12 10:59:00	48c0a9bb8af04622bbb5c2e2aac3f735	Navy Rewards Card		Culinary	OFX ext. info: |Trans type:Generic debit|Memo:SQ *CIAO DOWN CULINARY STTucson AZ - 0001	SQ *CIAO DOWN CULINARY STTucson AZ - 0001		c	-1574/100	-1574/100	2024-08-18 21:18:43
===== END
===== START
C	e66ffd67670f41a9aea45e121d46c117	69b9bcae2523455cbdb4b3beafe49368	2024-08-18 21:43:16	2024-08-18 21:18:12	2024-08-12 10:59:00	7c452bea58344d23b0f556cf05df9fe0	Dining		Culinary	OFX ext. info: |Trans type:Generic debit|Memo:SQ *CIAO DOWN CULINARY STTucson AZ - 0001			n	1574/100	1574/100	1970-01-01 00:00:00
C	e66ffd67670f41a9aea45e121d46c117	d8ad736bcdc04f1bbd01cb0d4daf4102	2024-08-18 21:43:16	2024-08-18 21:18:12	2024-08-12 10:59:00	48c0a9bb8af04622bbb5c2e2aac3f735	Navy Rewards Card		Culinary	OFX ext. info: |Trans type:Generic debit|Memo:SQ *CIAO DOWN CULINARY STTucson AZ - 0001	SQ *CIAO DOWN CULINARY STTucson AZ - 0001		c	-1574/100	-1574/100	2024-08-18 21:18:43
===== END
