mod	trans_guid	split_guid	time_now	date_entered	date_posted	acc_guid	acc_name	num	description	notes	memo	action	reconciled	amount	value	date_reconciled
-----------------
===== START
B	b5aaee3eba584012bb4938d90349b976	eb42ec935b5545bda3383908389818c7	2024-01-21 17:44:43	2024-01-21 17:09:53	2024-01-05 10:59:00	48c0a9bb8af04622bbb5c2e2aac3f735	Navy Rewards Card	4430	Love's				c	2249/100	2249/100	2024-01-21 17:09:53
B	b5aaee3eba584012bb4938d90349b976	cf3eb9896d0f40b9951429446e6beb32	2024-01-21 17:44:43	2024-01-21 17:09:53	2024-01-05 10:59:00	27481ce2defd46158db8ea43cba7ef12	Fuel	4430	Love's				n	-2249/100	-2249/100	1970-01-01 00:00:00
===== END
===== START
C	b5aaee3eba584012bb4938d90349b976	eb42ec935b5545bda3383908389818c7	2024-01-21 17:44:43	2024-01-21 17:09:53	2024-01-05 10:59:00	48c0a9bb8af04622bbb5c2e2aac3f735	Navy Rewards Card	4430	Love's				c	-2249/100	-2249/100	2024-01-21 17:09:53
C	b5aaee3eba584012bb4938d90349b976	cf3eb9896d0f40b9951429446e6beb32	2024-01-21 17:44:43	2024-01-21 17:09:53	2024-01-05 10:59:00	27481ce2defd46158db8ea43cba7ef12	Fuel	4430	Love's				n	2249/100	2249/100	1970-01-01 00:00:00
===== END
===== START
B	3c14e015241e4768ab47c575a9d6ab30	25880255bed44509afc8765350dbbae1	2024-01-21 17:44:48	2024-01-21 17:09:53	2024-01-05 10:59:00	a1a11adb497d4b5b846f5cce987a7dfa	Other Income	4430	The Home Depot				n	2500/100	2500/100	1970-01-01 00:00:00
B	3c14e015241e4768ab47c575a9d6ab30	c7af9d61f59c45b8a30987273b23b896	2024-01-21 17:44:48	2024-01-21 17:09:53	2024-01-05 10:59:00	48c0a9bb8af04622bbb5c2e2aac3f735	Navy Rewards Card	4430	The Home Depot				c	-2500/100	-2500/100	2024-01-21 17:09:53
===== END
===== START
C	3c14e015241e4768ab47c575a9d6ab30	25880255bed44509afc8765350dbbae1	2024-01-21 17:44:48	2024-01-21 17:09:53	2024-01-05 10:59:00	a1a11adb497d4b5b846f5cce987a7dfa	Other Income	4430	The Home Depot				n	-2500/100	-2500/100	1970-01-01 00:00:00
C	3c14e015241e4768ab47c575a9d6ab30	c7af9d61f59c45b8a30987273b23b896	2024-01-21 17:44:48	2024-01-21 17:09:53	2024-01-05 10:59:00	48c0a9bb8af04622bbb5c2e2aac3f735	Navy Rewards Card	4430	The Home Depot				c	2500/100	2500/100	2024-01-21 17:09:53
===== END
===== START
B	d74a9d7d7bf14e839d0dda6615cf27ba	9f522a7910e14163b9c237deedc0e6bb	2024-01-21 17:44:52	2024-01-21 17:09:53	2024-01-05 10:59:00	48c0a9bb8af04622bbb5c2e2aac3f735	Navy Rewards Card	4430	The Home Depot				c	2049/100	2049/100	2024-01-21 17:09:53
B	d74a9d7d7bf14e839d0dda6615cf27ba	80a34ebbb7d442d68ac560f396a14fc6	2024-01-21 17:44:52	2024-01-21 17:09:53	2024-01-05 10:59:00	6217a7afd7e34252aa9114852df0b9a7	Supplies	4430	The Home Depot				n	-2049/100	-2049/100	1970-01-01 00:00:00
===== END
===== START
C	d74a9d7d7bf14e839d0dda6615cf27ba	9f522a7910e14163b9c237deedc0e6bb	2024-01-21 17:44:52	2024-01-21 17:09:53	2024-01-05 10:59:00	48c0a9bb8af04622bbb5c2e2aac3f735	Navy Rewards Card	4430	The Home Depot				c	-2049/100	-2049/100	2024-01-21 17:09:53
C	d74a9d7d7bf14e839d0dda6615cf27ba	80a34ebbb7d442d68ac560f396a14fc6	2024-01-21 17:44:52	2024-01-21 17:09:53	2024-01-05 10:59:00	6217a7afd7e34252aa9114852df0b9a7	Supplies	4430	The Home Depot				n	2049/100	2049/100	1970-01-01 00:00:00
===== END
===== START
B	fc35bb919bea4701ab17d0ea21561c9b	51aa538da1294c44b8559eef1a26a157	2024-01-21 17:45:47	2024-01-21 17:09:53	2024-01-08 10:59:00	48c0a9bb8af04622bbb5c2e2aac3f735	Navy Rewards Card	0001	2577PEPSIVENXX8600 TUCSON AZ - 0001				c	100/100	100/100	2024-01-21 17:09:53
B	fc35bb919bea4701ab17d0ea21561c9b	849022afb449471086d1a69f220cd573	2024-01-21 17:45:47	2024-01-21 17:09:53	2024-01-08 10:59:00	f51833ab51c446f28a6ab0d10a773759	Miscellaneous	0001	2577PEPSIVENXX8600 TUCSON AZ - 0001				n	-100/100	-100/100	1970-01-01 00:00:00
===== END
===== START
C	fc35bb919bea4701ab17d0ea21561c9b	51aa538da1294c44b8559eef1a26a157	2024-01-21 17:45:47	2024-01-21 17:09:53	2024-01-08 10:59:00	48c0a9bb8af04622bbb5c2e2aac3f735	Navy Rewards Card	0001	2577PEPSIVENXX8600 TUCSON AZ - 0001				c	-100/100	-100/100	2024-01-21 17:09:53
C	fc35bb919bea4701ab17d0ea21561c9b	849022afb449471086d1a69f220cd573	2024-01-21 17:45:47	2024-01-21 17:09:53	2024-01-08 10:59:00	f51833ab51c446f28a6ab0d10a773759	Miscellaneous	0001	2577PEPSIVENXX8600 TUCSON AZ - 0001				n	100/100	100/100	1970-01-01 00:00:00
===== END
===== START
B	22db582a962e402b890e3fad68404e3c	ff36ba6028d744cb82e75d71efe16464	2024-01-21 17:45:54	2024-01-21 17:09:53	2024-01-08 10:59:00	48c0a9bb8af04622bbb5c2e2aac3f735	Navy Rewards Card	0001	Amazon Marketplace				c	1521/100	1521/100	2024-01-21 17:09:53
B	22db582a962e402b890e3fad68404e3c	5e53381b36c34891aba2ef3742158da0	2024-01-21 17:45:54	2024-01-21 17:09:53	2024-01-08 10:59:00	f51833ab51c446f28a6ab0d10a773759	Miscellaneous	0001	Amazon Marketplace				n	-1521/100	-1521/100	1970-01-01 00:00:00
===== END
===== START
C	22db582a962e402b890e3fad68404e3c	ff36ba6028d744cb82e75d71efe16464	2024-01-21 17:45:54	2024-01-21 17:09:53	2024-01-08 10:59:00	48c0a9bb8af04622bbb5c2e2aac3f735	Navy Rewards Card	0001	Amazon Marketplace				c	-1521/100	-1521/100	2024-01-21 17:09:53
C	22db582a962e402b890e3fad68404e3c	5e53381b36c34891aba2ef3742158da0	2024-01-21 17:45:54	2024-01-21 17:09:53	2024-01-08 10:59:00	f51833ab51c446f28a6ab0d10a773759	Miscellaneous	0001	Amazon Marketplace				n	1521/100	1521/100	1970-01-01 00:00:00
===== END
===== START
B	bb660d5327d14eb5b4677b177877167c	f29d985729d84ab6b4ca4fc2d38374ef	2024-01-21 17:46:06	2024-01-21 17:09:53	2024-01-08 10:59:00	48c0a9bb8af04622bbb5c2e2aac3f735	Navy Rewards Card	0001	DoorDash				c	2932/100	2932/100	2024-01-21 17:09:53
B	bb660d5327d14eb5b4677b177877167c	a94ed1dac1f342209b720d5a33a651cb	2024-01-21 17:46:06	2024-01-21 17:09:53	2024-01-08 10:59:00	7c452bea58344d23b0f556cf05df9fe0	Dining	0001	DoorDash				n	-2932/100	-2932/100	1970-01-01 00:00:00
===== END
===== START
C	bb660d5327d14eb5b4677b177877167c	f29d985729d84ab6b4ca4fc2d38374ef	2024-01-21 17:46:06	2024-01-21 17:09:53	2024-01-08 10:59:00	48c0a9bb8af04622bbb5c2e2aac3f735	Navy Rewards Card	0001	DoorDash				c	-2932/100	-2932/100	2024-01-21 17:09:53
C	bb660d5327d14eb5b4677b177877167c	a94ed1dac1f342209b720d5a33a651cb	2024-01-21 17:46:06	2024-01-21 17:09:53	2024-01-08 10:59:00	7c452bea58344d23b0f556cf05df9fe0	Dining	0001	DoorDash				n	2932/100	2932/100	1970-01-01 00:00:00
===== END
===== START
B	7a9023da63a543688f5f4a51e990bc2f	6457ac527cb945dab505d3f36f485af5	2024-01-21 17:46:11	2024-01-21 17:09:53	2024-01-08 10:59:00	48c0a9bb8af04622bbb5c2e2aac3f735	Navy Rewards Card	0001	FANTUAN DELIVERY HTTPSWWW.FANTWA - 0001				n	1611/100	1611/100	2024-01-21 17:09:53
B	7a9023da63a543688f5f4a51e990bc2f	efa75887f4c84443a5b698df66ecf068	2024-01-21 17:46:11	2024-01-21 17:09:53	2024-01-08 10:59:00	7c452bea58344d23b0f556cf05df9fe0	Dining	0001	FANTUAN DELIVERY HTTPSWWW.FANTWA - 0001				n	-1611/100	-1611/100	1970-01-01 00:00:00
===== END
===== START
C	7a9023da63a543688f5f4a51e990bc2f	6457ac527cb945dab505d3f36f485af5	2024-01-21 17:46:11	2024-01-21 17:09:53	2024-01-08 10:59:00	48c0a9bb8af04622bbb5c2e2aac3f735	Navy Rewards Card	0001	FANTUAN DELIVERY HTTPSWWW.FANTWA - 0001				n	-1611/100	-1611/100	2024-01-21 17:09:53
C	7a9023da63a543688f5f4a51e990bc2f	efa75887f4c84443a5b698df66ecf068	2024-01-21 17:46:11	2024-01-21 17:09:53	2024-01-08 10:59:00	7c452bea58344d23b0f556cf05df9fe0	Dining	0001	FANTUAN DELIVERY HTTPSWWW.FANTWA - 0001				n	1611/100	1611/100	1970-01-01 00:00:00
===== END
===== START
B	2a19129e980a4e36b3b17c19c6a37f96	1c2458c716b549cabfe666f54377dc82	2024-01-21 17:46:17	2024-01-21 17:09:53	2024-01-08 10:59:00	48c0a9bb8af04622bbb5c2e2aac3f735	Navy Rewards Card	0001	NOODLEHOLICS TUCSON AZ - 0001				c	3375/100	3375/100	2024-01-21 17:09:53
B	2a19129e980a4e36b3b17c19c6a37f96	9a506c3049d744dbb2a9bbf1a1ecc44e	2024-01-21 17:46:17	2024-01-21 17:09:53	2024-01-08 10:59:00	7c452bea58344d23b0f556cf05df9fe0	Dining	0001	NOODLEHOLICS TUCSON AZ - 0001				n	-3375/100	-3375/100	1970-01-01 00:00:00
===== END
===== START
C	2a19129e980a4e36b3b17c19c6a37f96	1c2458c716b549cabfe666f54377dc82	2024-01-21 17:46:17	2024-01-21 17:09:53	2024-01-08 10:59:00	48c0a9bb8af04622bbb5c2e2aac3f735	Navy Rewards Card	0001	NOODLEHOLICS TUCSON AZ - 0001				c	-3375/100	-3375/100	2024-01-21 17:09:53
C	2a19129e980a4e36b3b17c19c6a37f96	9a506c3049d744dbb2a9bbf1a1ecc44e	2024-01-21 17:46:17	2024-01-21 17:09:53	2024-01-08 10:59:00	7c452bea58344d23b0f556cf05df9fe0	Dining	0001	NOODLEHOLICS TUCSON AZ - 0001				n	3375/100	3375/100	1970-01-01 00:00:00
===== END
===== START
B	423c3266bc5c4655b5bef8269dd78135	5b4b8aed29924ebf8db1cefc6c5b29d5	2024-01-21 17:46:22	2024-01-21 17:09:53	2024-01-08 10:59:00	48c0a9bb8af04622bbb5c2e2aac3f735	Navy Rewards Card	0001	Payment to Youtube Premium				c	1584/100	1584/100	2024-01-21 17:09:53
B	423c3266bc5c4655b5bef8269dd78135	5f802a37f06e4e769d508d5d609ac5c0	2024-01-21 17:46:22	2024-01-21 17:09:53	2024-01-08 10:59:00	3feaad255df249169127e590b1602cd7	Subscriptions	0001	Payment to Youtube Premium				n	-1584/100	-1584/100	1970-01-01 00:00:00
===== END
===== START
C	423c3266bc5c4655b5bef8269dd78135	5b4b8aed29924ebf8db1cefc6c5b29d5	2024-01-21 17:46:22	2024-01-21 17:09:53	2024-01-08 10:59:00	48c0a9bb8af04622bbb5c2e2aac3f735	Navy Rewards Card	0001	Payment to Youtube Premium				c	-1584/100	-1584/100	2024-01-21 17:09:53
C	423c3266bc5c4655b5bef8269dd78135	5f802a37f06e4e769d508d5d609ac5c0	2024-01-21 17:46:22	2024-01-21 17:09:53	2024-01-08 10:59:00	3feaad255df249169127e590b1602cd7	Subscriptions	0001	Payment to Youtube Premium				n	1584/100	1584/100	1970-01-01 00:00:00
===== END
===== START
B	8db71ed18d3a4b7f9478285fad390a1a	3cdaa1f30c39454da95f9c93ab4534ca	2024-01-21 17:46:26	2024-01-21 17:09:53	2024-01-08 10:59:00	48c0a9bb8af04622bbb5c2e2aac3f735	Navy Rewards Card	0001	Uber				c	612/100	612/100	2024-01-21 17:09:53
B	8db71ed18d3a4b7f9478285fad390a1a	9dfc4cfb11c24fe58b46bb0071c69693	2024-01-21 17:46:26	2024-01-21 17:09:53	2024-01-08 10:59:00	39523e58dddf4d9c83c3a995e932b37f	Travel	0001	Uber				n	-612/100	-612/100	1970-01-01 00:00:00
===== END
===== START
C	8db71ed18d3a4b7f9478285fad390a1a	3cdaa1f30c39454da95f9c93ab4534ca	2024-01-21 17:46:26	2024-01-21 17:09:53	2024-01-08 10:59:00	48c0a9bb8af04622bbb5c2e2aac3f735	Navy Rewards Card	0001	Uber				c	-612/100	-612/100	2024-01-21 17:09:53
C	8db71ed18d3a4b7f9478285fad390a1a	9dfc4cfb11c24fe58b46bb0071c69693	2024-01-21 17:46:26	2024-01-21 17:09:53	2024-01-08 10:59:00	39523e58dddf4d9c83c3a995e932b37f	Travel	0001	Uber				n	612/100	612/100	1970-01-01 00:00:00
===== END
===== START
B	bb97345f51cc4a2281881e998c9d937f	aca9b3140f4147b18d2fe884c8039ed8	2024-01-21 17:46:33	2024-01-21 17:09:53	2024-01-08 10:59:00	48c0a9bb8af04622bbb5c2e2aac3f735	Navy Rewards Card	4430	Amazon Marketplace				c	1766/100	1766/100	2024-01-21 17:09:53
B	bb97345f51cc4a2281881e998c9d937f	86b910ca11454dec8c1e0e48a3f1c05d	2024-01-21 17:46:33	2024-01-21 17:09:53	2024-01-08 10:59:00	f51833ab51c446f28a6ab0d10a773759	Miscellaneous	4430	Amazon Marketplace				n	-1766/100	-1766/100	1970-01-01 00:00:00
===== END
===== START
C	bb97345f51cc4a2281881e998c9d937f	aca9b3140f4147b18d2fe884c8039ed8	2024-01-21 17:46:33	2024-01-21 17:09:53	2024-01-08 10:59:00	48c0a9bb8af04622bbb5c2e2aac3f735	Navy Rewards Card	4430	Amazon Marketplace				c	-1766/100	-1766/100	2024-01-21 17:09:53
C	bb97345f51cc4a2281881e998c9d937f	86b910ca11454dec8c1e0e48a3f1c05d	2024-01-21 17:46:33	2024-01-21 17:09:53	2024-01-08 10:59:00	f51833ab51c446f28a6ab0d10a773759	Miscellaneous	4430	Amazon Marketplace				n	1766/100	1766/100	1970-01-01 00:00:00
===== END
===== START
B	0e8d7cef9ae14c50b6cd867e6926aef8	290d9194c0784c8bad6820aa59aae645	2024-01-21 17:46:37	2024-01-21 17:09:53	2024-01-08 10:59:00	48c0a9bb8af04622bbb5c2e2aac3f735	Navy Rewards Card	4430	FLOWER CHILD INSTORE GILBERT AZ - 4430				c	2515/100	2515/100	2024-01-21 17:09:53
B	0e8d7cef9ae14c50b6cd867e6926aef8	5a25bff037fc487eb56736da6a7c8c01	2024-01-21 17:46:37	2024-01-21 17:09:53	2024-01-08 10:59:00	7c452bea58344d23b0f556cf05df9fe0	Dining	4430	FLOWER CHILD INSTORE GILBERT AZ - 4430				n	-2515/100	-2515/100	1970-01-01 00:00:00
===== END
===== START
C	0e8d7cef9ae14c50b6cd867e6926aef8	290d9194c0784c8bad6820aa59aae645	2024-01-21 17:46:37	2024-01-21 17:09:53	2024-01-08 10:59:00	48c0a9bb8af04622bbb5c2e2aac3f735	Navy Rewards Card	4430	FLOWER CHILD INSTORE GILBERT AZ - 4430				c	-2515/100	-2515/100	2024-01-21 17:09:53
C	0e8d7cef9ae14c50b6cd867e6926aef8	5a25bff037fc487eb56736da6a7c8c01	2024-01-21 17:46:37	2024-01-21 17:09:53	2024-01-08 10:59:00	7c452bea58344d23b0f556cf05df9fe0	Dining	4430	FLOWER CHILD INSTORE GILBERT AZ - 4430				n	2515/100	2515/100	1970-01-01 00:00:00
===== END
===== START
B	81060804e4764b479c8e46ac8e91e864	39d69797217347e6b1ee464927fad6cf	2024-01-21 17:46:41	2024-01-21 17:09:53	2024-01-08 10:59:00	48c0a9bb8af04622bbb5c2e2aac3f735	Navy Rewards Card	4430	Greentoes				c	4335/100	4335/100	2024-01-21 17:09:53
B	81060804e4764b479c8e46ac8e91e864	89c7ee5bf80f423ab126ca7dc76b4074	2024-01-21 17:46:41	2024-01-21 17:09:53	2024-01-08 10:59:00	bbed357c20cf4671bd7d4c792f540180	Recreation	4430	Greentoes				n	-4335/100	-4335/100	1970-01-01 00:00:00
===== END
===== START
C	81060804e4764b479c8e46ac8e91e864	39d69797217347e6b1ee464927fad6cf	2024-01-21 17:46:41	2024-01-21 17:09:53	2024-01-08 10:59:00	48c0a9bb8af04622bbb5c2e2aac3f735	Navy Rewards Card	4430	Greentoes				c	-4335/100	-4335/100	2024-01-21 17:09:53
C	81060804e4764b479c8e46ac8e91e864	89c7ee5bf80f423ab126ca7dc76b4074	2024-01-21 17:46:41	2024-01-21 17:09:53	2024-01-08 10:59:00	bbed357c20cf4671bd7d4c792f540180	Recreation	4430	Greentoes				n	4335/100	4335/100	1970-01-01 00:00:00
===== END
===== START
B	012daa83e2644e04b308843e6582410b	33df4bab9e574470b52e184905595fa2	2024-01-21 17:46:45	2024-01-21 17:09:53	2024-01-08 10:59:00	48c0a9bb8af04622bbb5c2e2aac3f735	Navy Rewards Card	4430	Natural Grocers				c	5365/100	5365/100	2024-01-21 17:09:53
B	012daa83e2644e04b308843e6582410b	fc08d5a208404936b5f0c63760a8c4a1	2024-01-21 17:46:45	2024-01-21 17:09:53	2024-01-08 10:59:00	a996b30c3e714c1483ec007f2699fc71	Groceries	4430	Natural Grocers				n	-5365/100	-5365/100	1970-01-01 00:00:00
===== END
===== START
C	012daa83e2644e04b308843e6582410b	33df4bab9e574470b52e184905595fa2	2024-01-21 17:46:45	2024-01-21 17:09:53	2024-01-08 10:59:00	48c0a9bb8af04622bbb5c2e2aac3f735	Navy Rewards Card	4430	Natural Grocers				c	-5365/100	-5365/100	2024-01-21 17:09:53
C	012daa83e2644e04b308843e6582410b	fc08d5a208404936b5f0c63760a8c4a1	2024-01-21 17:46:45	2024-01-21 17:09:53	2024-01-08 10:59:00	a996b30c3e714c1483ec007f2699fc71	Groceries	4430	Natural Grocers				n	5365/100	5365/100	1970-01-01 00:00:00
===== END
===== START
B	7475529a05774cf68461a39e3d58a877	9d9827a913904632acbe84e6ebe1ef19	2024-01-21 17:46:49	2024-01-21 17:09:53	2024-01-08 10:59:00	48c0a9bb8af04622bbb5c2e2aac3f735	Navy Rewards Card	4430	Target				c	5549/100	5549/100	2024-01-21 17:09:53
B	7475529a05774cf68461a39e3d58a877	cad186460707401f910b70e0c086783a	2024-01-21 17:46:49	2024-01-21 17:09:53	2024-01-08 10:59:00	a996b30c3e714c1483ec007f2699fc71	Groceries	4430	Target				n	-5549/100	-5549/100	1970-01-01 00:00:00
===== END
===== START
C	7475529a05774cf68461a39e3d58a877	9d9827a913904632acbe84e6ebe1ef19	2024-01-21 17:46:49	2024-01-21 17:09:53	2024-01-08 10:59:00	48c0a9bb8af04622bbb5c2e2aac3f735	Navy Rewards Card	4430	Target				c	-5549/100	-5549/100	2024-01-21 17:09:53
C	7475529a05774cf68461a39e3d58a877	cad186460707401f910b70e0c086783a	2024-01-21 17:46:49	2024-01-21 17:09:53	2024-01-08 10:59:00	a996b30c3e714c1483ec007f2699fc71	Groceries	4430	Target				n	5549/100	5549/100	1970-01-01 00:00:00
===== END
===== START
B	12b57cf62d53490e9b6c1eed6c815e18	93ddb2972b624225b7aa0ae8844247d9	2024-01-21 17:46:52	2024-01-21 17:09:53	2024-01-08 10:59:00	48c0a9bb8af04622bbb5c2e2aac3f735	Navy Rewards Card	4430	Whole Foods Market				c	1646/100	1646/100	2024-01-21 17:09:53
B	12b57cf62d53490e9b6c1eed6c815e18	022961cf643040f1a5a7339115d3644e	2024-01-21 17:46:52	2024-01-21 17:09:53	2024-01-08 10:59:00	a996b30c3e714c1483ec007f2699fc71	Groceries	4430	Whole Foods Market				n	-1646/100	-1646/100	1970-01-01 00:00:00
===== END
===== START
C	12b57cf62d53490e9b6c1eed6c815e18	93ddb2972b624225b7aa0ae8844247d9	2024-01-21 17:46:52	2024-01-21 17:09:53	2024-01-08 10:59:00	48c0a9bb8af04622bbb5c2e2aac3f735	Navy Rewards Card	4430	Whole Foods Market				c	-1646/100	-1646/100	2024-01-21 17:09:53
C	12b57cf62d53490e9b6c1eed6c815e18	022961cf643040f1a5a7339115d3644e	2024-01-21 17:46:52	2024-01-21 17:09:53	2024-01-08 10:59:00	a996b30c3e714c1483ec007f2699fc71	Groceries	4430	Whole Foods Market				n	1646/100	1646/100	1970-01-01 00:00:00
===== END
===== START
B	70c8e7b24d4943eebcf8764d2cdd84cb	48a5a57deac645deae7f7e500d67c0b1	2024-01-21 17:46:56	2024-01-21 17:09:53	2024-01-08 10:59:00	48c0a9bb8af04622bbb5c2e2aac3f735	Navy Rewards Card	4430	Whole Foods Market				c	8847/100	8847/100	2024-01-21 17:09:53
B	70c8e7b24d4943eebcf8764d2cdd84cb	145a9588e2e0472f928b5a85a9f65c62	2024-01-21 17:46:56	2024-01-21 17:09:53	2024-01-08 10:59:00	a996b30c3e714c1483ec007f2699fc71	Groceries	4430	Whole Foods Market				n	-8847/100	-8847/100	1970-01-01 00:00:00
===== END
===== START
C	70c8e7b24d4943eebcf8764d2cdd84cb	48a5a57deac645deae7f7e500d67c0b1	2024-01-21 17:46:56	2024-01-21 17:09:53	2024-01-08 10:59:00	48c0a9bb8af04622bbb5c2e2aac3f735	Navy Rewards Card	4430	Whole Foods Market				c	-8847/100	-8847/100	2024-01-21 17:09:53
C	70c8e7b24d4943eebcf8764d2cdd84cb	145a9588e2e0472f928b5a85a9f65c62	2024-01-21 17:46:56	2024-01-21 17:09:53	2024-01-08 10:59:00	a996b30c3e714c1483ec007f2699fc71	Groceries	4430	Whole Foods Market				n	8847/100	8847/100	1970-01-01 00:00:00
===== END
===== START
B	fa156ce9c10f4e36b595a8d4c8c2563e	0e0978d0c4034b54b58fd4e2cf94a68e	2024-01-21 17:47:00	2024-01-21 17:09:53	2024-01-09 10:59:00	48c0a9bb8af04622bbb5c2e2aac3f735	Navy Rewards Card	0001	PLAZA LIQUORS LLC TUCSON AZ - 0001				c	2392/100	2392/100	2024-01-21 17:09:53
B	fa156ce9c10f4e36b595a8d4c8c2563e	5bd77be239104e1b91c63057e67c6787	2024-01-21 17:47:00	2024-01-21 17:09:53	2024-01-09 10:59:00	a996b30c3e714c1483ec007f2699fc71	Groceries	0001	PLAZA LIQUORS LLC TUCSON AZ - 0001				n	-2392/100	-2392/100	1970-01-01 00:00:00
===== END
===== START
C	fa156ce9c10f4e36b595a8d4c8c2563e	0e0978d0c4034b54b58fd4e2cf94a68e	2024-01-21 17:47:00	2024-01-21 17:09:53	2024-01-09 10:59:00	48c0a9bb8af04622bbb5c2e2aac3f735	Navy Rewards Card	0001	PLAZA LIQUORS LLC TUCSON AZ - 0001				c	-2392/100	-2392/100	2024-01-21 17:09:53
C	fa156ce9c10f4e36b595a8d4c8c2563e	5bd77be239104e1b91c63057e67c6787	2024-01-21 17:47:00	2024-01-21 17:09:53	2024-01-09 10:59:00	a996b30c3e714c1483ec007f2699fc71	Groceries	0001	PLAZA LIQUORS LLC TUCSON AZ - 0001				n	2392/100	2392/100	1970-01-01 00:00:00
===== END
===== START
B	041412faea454f52aec6e3c5dd29e7e6	460093de34174387864790c59bd89a30	2024-01-21 17:47:06	2024-01-21 17:09:53	2024-01-09 10:59:00	48c0a9bb8af04622bbb5c2e2aac3f735	Navy Rewards Card	0001	RTX CAFE TUCSON848 TUCSON AZ - 0001				c	576/100	576/100	2024-01-21 17:09:53
B	041412faea454f52aec6e3c5dd29e7e6	0e9dcd06850d40bfa034401e1a187555	2024-01-21 17:47:06	2024-01-21 17:09:53	2024-01-09 10:59:00	7c452bea58344d23b0f556cf05df9fe0	Dining	0001	RTX CAFE TUCSON848 TUCSON AZ - 0001				n	-576/100	-576/100	1970-01-01 00:00:00
===== END
===== START
C	041412faea454f52aec6e3c5dd29e7e6	460093de34174387864790c59bd89a30	2024-01-21 17:47:06	2024-01-21 17:09:53	2024-01-09 10:59:00	48c0a9bb8af04622bbb5c2e2aac3f735	Navy Rewards Card	0001	RTX CAFE TUCSON848 TUCSON AZ - 0001				c	-576/100	-576/100	2024-01-21 17:09:53
C	041412faea454f52aec6e3c5dd29e7e6	0e9dcd06850d40bfa034401e1a187555	2024-01-21 17:47:06	2024-01-21 17:09:53	2024-01-09 10:59:00	7c452bea58344d23b0f556cf05df9fe0	Dining	0001	RTX CAFE TUCSON848 TUCSON AZ - 0001				n	576/100	576/100	1970-01-01 00:00:00
===== END
===== START
B	5de8f1f0b06e49418e24ae2b0dfb1411	c5f055259d96451c8f8bc8b09cb01d94	2024-01-21 17:47:11	2024-01-21 17:09:53	2024-01-09 10:59:00	48c0a9bb8af04622bbb5c2e2aac3f735	Navy Rewards Card	4430	Apple				c	325/100	325/100	2024-01-21 17:09:53
B	5de8f1f0b06e49418e24ae2b0dfb1411	3087d8fb08714197a9eedabc0b24c75d	2024-01-21 17:47:11	2024-01-21 17:09:53	2024-01-09 10:59:00	3feaad255df249169127e590b1602cd7	Subscriptions	4430	Apple				n	-325/100	-325/100	1970-01-01 00:00:00
===== END
===== START
C	5de8f1f0b06e49418e24ae2b0dfb1411	c5f055259d96451c8f8bc8b09cb01d94	2024-01-21 17:47:11	2024-01-21 17:09:53	2024-01-09 10:59:00	48c0a9bb8af04622bbb5c2e2aac3f735	Navy Rewards Card	4430	Apple				c	-325/100	-325/100	2024-01-21 17:09:53
C	5de8f1f0b06e49418e24ae2b0dfb1411	3087d8fb08714197a9eedabc0b24c75d	2024-01-21 17:47:11	2024-01-21 17:09:53	2024-01-09 10:59:00	3feaad255df249169127e590b1602cd7	Subscriptions	4430	Apple				n	325/100	325/100	1970-01-01 00:00:00
===== END
===== START
B	eb13b80e5e6a4ec4b6f8b1f22b297a27	7ea4a6546bf54d51a605b292aa4ab733	2024-01-21 17:47:15	2024-01-21 17:09:53	2024-01-09 10:59:00	48c0a9bb8af04622bbb5c2e2aac3f735	Navy Rewards Card	4430	Bath & Body Works				c	4766/100	4766/100	2024-01-21 17:09:53
B	eb13b80e5e6a4ec4b6f8b1f22b297a27	0520a90b17d149ddafb30b3ec2a39f53	2024-01-21 17:47:15	2024-01-21 17:09:53	2024-01-09 10:59:00	f51833ab51c446f28a6ab0d10a773759	Miscellaneous	4430	Bath & Body Works				n	-4766/100	-4766/100	1970-01-01 00:00:00
===== END
===== START
C	eb13b80e5e6a4ec4b6f8b1f22b297a27	7ea4a6546bf54d51a605b292aa4ab733	2024-01-21 17:47:15	2024-01-21 17:09:53	2024-01-09 10:59:00	48c0a9bb8af04622bbb5c2e2aac3f735	Navy Rewards Card	4430	Bath & Body Works				c	-4766/100	-4766/100	2024-01-21 17:09:53
C	eb13b80e5e6a4ec4b6f8b1f22b297a27	0520a90b17d149ddafb30b3ec2a39f53	2024-01-21 17:47:15	2024-01-21 17:09:53	2024-01-09 10:59:00	f51833ab51c446f28a6ab0d10a773759	Miscellaneous	4430	Bath & Body Works				n	4766/100	4766/100	1970-01-01 00:00:00
===== END
===== START
B	1a575e4a177c4f8285b1b81d3f40c9a6	e3376a7dd4ea4b74a6d6fe4873cd36b5	2024-01-21 17:47:19	2024-01-21 17:09:53	2024-01-10 10:59:00	48c0a9bb8af04622bbb5c2e2aac3f735	Navy Rewards Card	0001	RTX CAFE TUCSON848 TUCSON AZ - 0001				c	272/100	272/100	2024-01-21 17:09:53
B	1a575e4a177c4f8285b1b81d3f40c9a6	391486eb923d4c45b659864f289afe2b	2024-01-21 17:47:19	2024-01-21 17:09:53	2024-01-10 10:59:00	7c452bea58344d23b0f556cf05df9fe0	Dining	0001	RTX CAFE TUCSON848 TUCSON AZ - 0001				n	-272/100	-272/100	1970-01-01 00:00:00
===== END
===== START
C	1a575e4a177c4f8285b1b81d3f40c9a6	e3376a7dd4ea4b74a6d6fe4873cd36b5	2024-01-21 17:47:19	2024-01-21 17:09:53	2024-01-10 10:59:00	48c0a9bb8af04622bbb5c2e2aac3f735	Navy Rewards Card	0001	RTX CAFE TUCSON848 TUCSON AZ - 0001				c	-272/100	-272/100	2024-01-21 17:09:53
C	1a575e4a177c4f8285b1b81d3f40c9a6	391486eb923d4c45b659864f289afe2b	2024-01-21 17:47:19	2024-01-21 17:09:53	2024-01-10 10:59:00	7c452bea58344d23b0f556cf05df9fe0	Dining	0001	RTX CAFE TUCSON848 TUCSON AZ - 0001				n	272/100	272/100	1970-01-01 00:00:00
===== END
===== START
B	ab7902b9b7464ff9b91487bb0fe2db66	993a59680e07421c9215075680c3d94e	2024-01-21 17:47:22	2024-01-21 17:09:53	2024-01-10 10:59:00	48c0a9bb8af04622bbb5c2e2aac3f735	Navy Rewards Card	0001	RTX CAFE TUCSON848 TUCSON AZ - 0001				c	1196/100	1196/100	2024-01-21 17:09:53
B	ab7902b9b7464ff9b91487bb0fe2db66	800303526d4a439caf4cd603ba7ddf83	2024-01-21 17:47:22	2024-01-21 17:09:53	2024-01-10 10:59:00	7c452bea58344d23b0f556cf05df9fe0	Dining	0001	RTX CAFE TUCSON848 TUCSON AZ - 0001				n	-1196/100	-1196/100	1970-01-01 00:00:00
===== END
===== START
C	ab7902b9b7464ff9b91487bb0fe2db66	993a59680e07421c9215075680c3d94e	2024-01-21 17:47:22	2024-01-21 17:09:53	2024-01-10 10:59:00	48c0a9bb8af04622bbb5c2e2aac3f735	Navy Rewards Card	0001	RTX CAFE TUCSON848 TUCSON AZ - 0001				c	-1196/100	-1196/100	2024-01-21 17:09:53
C	ab7902b9b7464ff9b91487bb0fe2db66	800303526d4a439caf4cd603ba7ddf83	2024-01-21 17:47:22	2024-01-21 17:09:53	2024-01-10 10:59:00	7c452bea58344d23b0f556cf05df9fe0	Dining	0001	RTX CAFE TUCSON848 TUCSON AZ - 0001				n	1196/100	1196/100	1970-01-01 00:00:00
===== END
===== START
B	fbb5c1ef20c94af08afadb1ba8c1a72c	d7160fced0664173a13b035daa885263	2024-01-21 17:47:26	2024-01-21 17:09:53	2024-01-10 10:59:00	48c0a9bb8af04622bbb5c2e2aac3f735	Navy Rewards Card	0001	RTX CAFE TUCSON848 TUCSON AZ - 0001				c	1654/100	1654/100	2024-01-21 17:09:53
B	fbb5c1ef20c94af08afadb1ba8c1a72c	abf68f44608f4318aff9a11afd4196fe	2024-01-21 17:47:26	2024-01-21 17:09:53	2024-01-10 10:59:00	7c452bea58344d23b0f556cf05df9fe0	Dining	0001	RTX CAFE TUCSON848 TUCSON AZ - 0001				n	-1654/100	-1654/100	1970-01-01 00:00:00
===== END
===== START
C	fbb5c1ef20c94af08afadb1ba8c1a72c	d7160fced0664173a13b035daa885263	2024-01-21 17:47:26	2024-01-21 17:09:53	2024-01-10 10:59:00	48c0a9bb8af04622bbb5c2e2aac3f735	Navy Rewards Card	0001	RTX CAFE TUCSON848 TUCSON AZ - 0001				c	-1654/100	-1654/100	2024-01-21 17:09:53
C	fbb5c1ef20c94af08afadb1ba8c1a72c	abf68f44608f4318aff9a11afd4196fe	2024-01-21 17:47:26	2024-01-21 17:09:53	2024-01-10 10:59:00	7c452bea58344d23b0f556cf05df9fe0	Dining	0001	RTX CAFE TUCSON848 TUCSON AZ - 0001				n	1654/100	1654/100	1970-01-01 00:00:00
===== END
===== START
B	d17e5413036e4ab08264bdc3b5793582	f2eceafe42f74c1b89803278711d9ef0	2024-01-21 17:47:30	2024-01-21 17:09:53	2024-01-10 10:59:00	48c0a9bb8af04622bbb5c2e2aac3f735	Navy Rewards Card	4430	Amazon Marketplace				c	2240/100	2240/100	2024-01-21 17:09:53
B	d17e5413036e4ab08264bdc3b5793582	71abcb68f41e49798f8ed39429948583	2024-01-21 17:47:30	2024-01-21 17:09:53	2024-01-10 10:59:00	f51833ab51c446f28a6ab0d10a773759	Miscellaneous	4430	Amazon Marketplace				n	-2240/100	-2240/100	1970-01-01 00:00:00
===== END
===== START
C	d17e5413036e4ab08264bdc3b5793582	f2eceafe42f74c1b89803278711d9ef0	2024-01-21 17:47:30	2024-01-21 17:09:53	2024-01-10 10:59:00	48c0a9bb8af04622bbb5c2e2aac3f735	Navy Rewards Card	4430	Amazon Marketplace				c	-2240/100	-2240/100	2024-01-21 17:09:53
C	d17e5413036e4ab08264bdc3b5793582	71abcb68f41e49798f8ed39429948583	2024-01-21 17:47:30	2024-01-21 17:09:53	2024-01-10 10:59:00	f51833ab51c446f28a6ab0d10a773759	Miscellaneous	4430	Amazon Marketplace				n	2240/100	2240/100	1970-01-01 00:00:00
===== END
===== START
B	811fc5935a4b4a169d3058ed3083176c	5b697dbbab5848ad92b99b4d857d5159	2024-01-21 17:47:34	2024-01-21 17:09:53	2024-01-10 10:59:00	48c0a9bb8af04622bbb5c2e2aac3f735	Navy Rewards Card	4430	BENARDA VETERINARY HOSPITTUCSON AZ - 4430				c	5000/100	5000/100	2024-01-21 17:09:53
B	811fc5935a4b4a169d3058ed3083176c	21636711b3564674b8243f079640cab7	2024-01-21 17:47:34	2024-01-21 17:09:53	2024-01-10 10:59:00	eca5ba8e100f46f5b9efae77c69dd313	Ernie Vet	4430	BENARDA VETERINARY HOSPITTUCSON AZ - 4430				n	-5000/100	-5000/100	1970-01-01 00:00:00
===== END
===== START
C	811fc5935a4b4a169d3058ed3083176c	5b697dbbab5848ad92b99b4d857d5159	2024-01-21 17:47:34	2024-01-21 17:09:53	2024-01-10 10:59:00	48c0a9bb8af04622bbb5c2e2aac3f735	Navy Rewards Card	4430	BENARDA VETERINARY HOSPITTUCSON AZ - 4430				c	-5000/100	-5000/100	2024-01-21 17:09:53
C	811fc5935a4b4a169d3058ed3083176c	21636711b3564674b8243f079640cab7	2024-01-21 17:47:34	2024-01-21 17:09:53	2024-01-10 10:59:00	eca5ba8e100f46f5b9efae77c69dd313	Ernie Vet	4430	BENARDA VETERINARY HOSPITTUCSON AZ - 4430				n	5000/100	5000/100	1970-01-01 00:00:00
===== END
===== START
B	c3b181d4512845a3aa5a569ca8943c7a	2813c3470ed2477aa0d13b88b04312b0	2024-01-21 17:47:37	2024-01-21 17:09:53	2024-01-10 10:59:00	48c0a9bb8af04622bbb5c2e2aac3f735	Navy Rewards Card	4430	Target				c	2412/100	2412/100	2024-01-21 17:09:53
B	c3b181d4512845a3aa5a569ca8943c7a	13b3e393bddf4460a9dfa213c57de5b4	2024-01-21 17:47:37	2024-01-21 17:09:53	2024-01-10 10:59:00	a996b30c3e714c1483ec007f2699fc71	Groceries	4430	Target				n	-2412/100	-2412/100	1970-01-01 00:00:00
===== END
===== START
C	c3b181d4512845a3aa5a569ca8943c7a	2813c3470ed2477aa0d13b88b04312b0	2024-01-21 17:47:37	2024-01-21 17:09:53	2024-01-10 10:59:00	48c0a9bb8af04622bbb5c2e2aac3f735	Navy Rewards Card	4430	Target				c	-2412/100	-2412/100	2024-01-21 17:09:53
C	c3b181d4512845a3aa5a569ca8943c7a	13b3e393bddf4460a9dfa213c57de5b4	2024-01-21 17:47:37	2024-01-21 17:09:53	2024-01-10 10:59:00	a996b30c3e714c1483ec007f2699fc71	Groceries	4430	Target				n	2412/100	2412/100	1970-01-01 00:00:00
===== END
===== START
B	669353ba428c4a8990790bd04c0aee49	f9e9960a90274315b26f61d0cc6c91c0	2024-01-21 17:47:43	2024-01-21 17:09:53	2024-01-11 10:59:00	48c0a9bb8af04622bbb5c2e2aac3f735	Navy Rewards Card	0001	Target				c	2922/100	2922/100	2024-01-21 17:09:53
B	669353ba428c4a8990790bd04c0aee49	91ffc37d850c43489a787ea817f63376	2024-01-21 17:47:43	2024-01-21 17:09:53	2024-01-11 10:59:00	a996b30c3e714c1483ec007f2699fc71	Groceries	0001	Target				n	-2922/100	-2922/100	1970-01-01 00:00:00
===== END
===== START
C	669353ba428c4a8990790bd04c0aee49	f9e9960a90274315b26f61d0cc6c91c0	2024-01-21 17:47:43	2024-01-21 17:09:53	2024-01-11 10:59:00	48c0a9bb8af04622bbb5c2e2aac3f735	Navy Rewards Card	0001	Target				c	-2922/100	-2922/100	2024-01-21 17:09:53
C	669353ba428c4a8990790bd04c0aee49	91ffc37d850c43489a787ea817f63376	2024-01-21 17:47:43	2024-01-21 17:09:53	2024-01-11 10:59:00	a996b30c3e714c1483ec007f2699fc71	Groceries	0001	Target				n	2922/100	2922/100	1970-01-01 00:00:00
===== END
===== START
B	0b23727403b14b028d51cffa9b0c448c	5f48f7dc35ae4ac393d95091b76d92c3	2024-01-21 17:47:47	2024-01-21 17:09:54	2024-01-11 10:59:00	48c0a9bb8af04622bbb5c2e2aac3f735	Navy Rewards Card	0001	THE BAR AT LAS VEGAS BLVDLAS VEGAS NV - 0001				c	1601/100	1601/100	2024-01-21 17:09:54
B	0b23727403b14b028d51cffa9b0c448c	f5ceaa5569b1491abb052e83f87ccd8d	2024-01-21 17:47:47	2024-01-21 17:09:54	2024-01-11 10:59:00	7c452bea58344d23b0f556cf05df9fe0	Dining	0001	THE BAR AT LAS VEGAS BLVDLAS VEGAS NV - 0001				n	-1601/100	-1601/100	1970-01-01 00:00:00
===== END
===== START
C	0b23727403b14b028d51cffa9b0c448c	5f48f7dc35ae4ac393d95091b76d92c3	2024-01-21 17:47:47	2024-01-21 17:09:54	2024-01-11 10:59:00	48c0a9bb8af04622bbb5c2e2aac3f735	Navy Rewards Card	0001	THE BAR AT LAS VEGAS BLVDLAS VEGAS NV - 0001				c	-1601/100	-1601/100	2024-01-21 17:09:54
C	0b23727403b14b028d51cffa9b0c448c	f5ceaa5569b1491abb052e83f87ccd8d	2024-01-21 17:47:47	2024-01-21 17:09:54	2024-01-11 10:59:00	7c452bea58344d23b0f556cf05df9fe0	Dining	0001	THE BAR AT LAS VEGAS BLVDLAS VEGAS NV - 0001				n	1601/100	1601/100	1970-01-01 00:00:00
===== END
===== START
B	932798676f164dabbb28cf19a5e8d5a8	5752eddcd36946d5a3e3390c542bcae4	2024-01-21 17:47:51	2024-01-21 17:09:54	2024-01-11 10:59:00	48c0a9bb8af04622bbb5c2e2aac3f735	Navy Rewards Card	0001	TUCSON AIRPORT TUCSON AZ - 0001				c	1669/100	1669/100	2024-01-21 17:09:54
B	932798676f164dabbb28cf19a5e8d5a8	d52dd5c9943646488d3cf61ce456afc6	2024-01-21 17:47:51	2024-01-21 17:09:54	2024-01-11 10:59:00	7c452bea58344d23b0f556cf05df9fe0	Dining	0001	TUCSON AIRPORT TUCSON AZ - 0001				n	-1669/100	-1669/100	1970-01-01 00:00:00
===== END
===== START
C	932798676f164dabbb28cf19a5e8d5a8	5752eddcd36946d5a3e3390c542bcae4	2024-01-21 17:47:51	2024-01-21 17:09:54	2024-01-11 10:59:00	48c0a9bb8af04622bbb5c2e2aac3f735	Navy Rewards Card	0001	TUCSON AIRPORT TUCSON AZ - 0001				c	-1669/100	-1669/100	2024-01-21 17:09:54
C	932798676f164dabbb28cf19a5e8d5a8	d52dd5c9943646488d3cf61ce456afc6	2024-01-21 17:47:51	2024-01-21 17:09:54	2024-01-11 10:59:00	7c452bea58344d23b0f556cf05df9fe0	Dining	0001	TUCSON AIRPORT TUCSON AZ - 0001				n	1669/100	1669/100	1970-01-01 00:00:00
===== END
===== START
B	a473ddbb8d4a493cbf40f7ce350305b5	abfe7f90e2a84dcf88762efde6baeb4d	2024-01-21 17:47:55	2024-01-21 17:09:53	2024-01-11 10:59:00	48c0a9bb8af04622bbb5c2e2aac3f735	Navy Rewards Card	4430	Trader Joe's				c	2871/100	2871/100	2024-01-21 17:09:53
B	a473ddbb8d4a493cbf40f7ce350305b5	4d85dcb8189647fe8a5ca70661f98e14	2024-01-21 17:47:55	2024-01-21 17:09:53	2024-01-11 10:59:00	a996b30c3e714c1483ec007f2699fc71	Groceries	4430	Trader Joe's				n	-2871/100	-2871/100	1970-01-01 00:00:00
===== END
===== START
C	a473ddbb8d4a493cbf40f7ce350305b5	abfe7f90e2a84dcf88762efde6baeb4d	2024-01-21 17:47:55	2024-01-21 17:09:53	2024-01-11 10:59:00	48c0a9bb8af04622bbb5c2e2aac3f735	Navy Rewards Card	4430	Trader Joe's				c	-2871/100	-2871/100	2024-01-21 17:09:53
C	a473ddbb8d4a493cbf40f7ce350305b5	4d85dcb8189647fe8a5ca70661f98e14	2024-01-21 17:47:55	2024-01-21 17:09:53	2024-01-11 10:59:00	a996b30c3e714c1483ec007f2699fc71	Groceries	4430	Trader Joe's				n	2871/100	2871/100	1970-01-01 00:00:00
===== END
===== START
B	28a4d14685ae410dafe208b49827de6b	30e4e10c7e2d47338b2c8dc6acb00c10	2024-01-21 17:47:58	2024-01-21 17:09:54	2024-01-12 10:59:00	48c0a9bb8af04622bbb5c2e2aac3f735	Navy Rewards Card	0001	True Food Kitchen				c	8276/100	8276/100	2024-01-21 17:09:54
B	28a4d14685ae410dafe208b49827de6b	e3602b2f4f914b2084d55e3a5426d39d	2024-01-21 17:47:58	2024-01-21 17:09:54	2024-01-12 10:59:00	a996b30c3e714c1483ec007f2699fc71	Groceries	0001	True Food Kitchen				n	-8276/100	-8276/100	1970-01-01 00:00:00
===== END
===== START
C	28a4d14685ae410dafe208b49827de6b	30e4e10c7e2d47338b2c8dc6acb00c10	2024-01-21 17:47:58	2024-01-21 17:09:54	2024-01-12 10:59:00	48c0a9bb8af04622bbb5c2e2aac3f735	Navy Rewards Card	0001	True Food Kitchen				c	-8276/100	-8276/100	2024-01-21 17:09:54
C	28a4d14685ae410dafe208b49827de6b	e3602b2f4f914b2084d55e3a5426d39d	2024-01-21 17:47:58	2024-01-21 17:09:54	2024-01-12 10:59:00	a996b30c3e714c1483ec007f2699fc71	Groceries	0001	True Food Kitchen				n	8276/100	8276/100	1970-01-01 00:00:00
===== END
===== START
B	b1296ff71dfd4708a5758ef79e25dad5	7b674c7b1a644c9f8650ca8331fc069e	2024-01-21 17:48:01	2024-01-21 17:09:54	2024-01-15 10:59:00	48c0a9bb8af04622bbb5c2e2aac3f735	Navy Rewards Card	0001	Costco				c	6084/100	6084/100	2024-01-21 17:09:54
B	b1296ff71dfd4708a5758ef79e25dad5	fec1675faa7a4532a746f2791ceb9b93	2024-01-21 17:48:01	2024-01-21 17:09:54	2024-01-15 10:59:00	a996b30c3e714c1483ec007f2699fc71	Groceries	0001	Costco				n	-6084/100	-6084/100	1970-01-01 00:00:00
===== END
===== START
C	b1296ff71dfd4708a5758ef79e25dad5	7b674c7b1a644c9f8650ca8331fc069e	2024-01-21 17:48:01	2024-01-21 17:09:54	2024-01-15 10:59:00	48c0a9bb8af04622bbb5c2e2aac3f735	Navy Rewards Card	0001	Costco				c	-6084/100	-6084/100	2024-01-21 17:09:54
C	b1296ff71dfd4708a5758ef79e25dad5	fec1675faa7a4532a746f2791ceb9b93	2024-01-21 17:48:01	2024-01-21 17:09:54	2024-01-15 10:59:00	a996b30c3e714c1483ec007f2699fc71	Groceries	0001	Costco				n	6084/100	6084/100	1970-01-01 00:00:00
===== END
===== START
B	b78ee394edeb410eb5b34dadcbe08743	2ad25b4ebddc40a68dd7375120685e73	2024-01-21 17:48:05	2024-01-21 17:09:54	2024-01-15 10:59:00	48c0a9bb8af04622bbb5c2e2aac3f735	Navy Rewards Card	0001	Costco				c	216/100	216/100	2024-01-21 17:09:54
B	b78ee394edeb410eb5b34dadcbe08743	c5d0422c8bd6488c9aecbf434afda17a	2024-01-21 17:48:05	2024-01-21 17:09:54	2024-01-15 10:59:00	7c452bea58344d23b0f556cf05df9fe0	Dining	0001	Costco				n	-216/100	-216/100	1970-01-01 00:00:00
===== END
===== START
C	b78ee394edeb410eb5b34dadcbe08743	2ad25b4ebddc40a68dd7375120685e73	2024-01-21 17:48:05	2024-01-21 17:09:54	2024-01-15 10:59:00	48c0a9bb8af04622bbb5c2e2aac3f735	Navy Rewards Card	0001	Costco				c	-216/100	-216/100	2024-01-21 17:09:54
C	b78ee394edeb410eb5b34dadcbe08743	c5d0422c8bd6488c9aecbf434afda17a	2024-01-21 17:48:05	2024-01-21 17:09:54	2024-01-15 10:59:00	7c452bea58344d23b0f556cf05df9fe0	Dining	0001	Costco				n	216/100	216/100	1970-01-01 00:00:00
===== END
===== START
B	f9c93b2505c742ab9058d5d09577b984	cdcf9b88265a4dbca65f22ed828c4f6b	2024-01-21 17:48:09	2024-01-21 17:09:54	2024-01-15 10:59:00	48c0a9bb8af04622bbb5c2e2aac3f735	Navy Rewards Card	0001	Costco Gas Stations				c	2608/100	2608/100	2024-01-21 17:09:54
B	f9c93b2505c742ab9058d5d09577b984	6aad7308bf074a77adda71675d39b432	2024-01-21 17:48:09	2024-01-21 17:09:54	2024-01-15 10:59:00	27481ce2defd46158db8ea43cba7ef12	Fuel	0001	Costco Gas Stations				n	-2608/100	-2608/100	1970-01-01 00:00:00
===== END
===== START
C	f9c93b2505c742ab9058d5d09577b984	cdcf9b88265a4dbca65f22ed828c4f6b	2024-01-21 17:48:09	2024-01-21 17:09:54	2024-01-15 10:59:00	48c0a9bb8af04622bbb5c2e2aac3f735	Navy Rewards Card	0001	Costco Gas Stations				c	-2608/100	-2608/100	2024-01-21 17:09:54
C	f9c93b2505c742ab9058d5d09577b984	6aad7308bf074a77adda71675d39b432	2024-01-21 17:48:09	2024-01-21 17:09:54	2024-01-15 10:59:00	27481ce2defd46158db8ea43cba7ef12	Fuel	0001	Costco Gas Stations				n	2608/100	2608/100	1970-01-01 00:00:00
===== END
===== START
B	b1ae039e97a64d6a8c2eae19e0b4ca56	e58783b5451449ce8c3d219c6db8a3f7	2024-01-21 17:48:12	2024-01-21 17:09:54	2024-01-15 10:59:00	48c0a9bb8af04622bbb5c2e2aac3f735	Navy Rewards Card	0001	Eric H Cheng				c	1679/100	1679/100	2024-01-21 17:09:54
B	b1ae039e97a64d6a8c2eae19e0b4ca56	94f98bd7e21e44e0b0a99dff7e6ccc56	2024-01-21 17:48:12	2024-01-21 17:09:54	2024-01-15 10:59:00	f51833ab51c446f28a6ab0d10a773759	Miscellaneous	0001	Eric H Cheng				n	-1679/100	-1679/100	1970-01-01 00:00:00
===== END
===== START
C	b1ae039e97a64d6a8c2eae19e0b4ca56	e58783b5451449ce8c3d219c6db8a3f7	2024-01-21 17:48:12	2024-01-21 17:09:54	2024-01-15 10:59:00	48c0a9bb8af04622bbb5c2e2aac3f735	Navy Rewards Card	0001	Eric H Cheng				c	-1679/100	-1679/100	2024-01-21 17:09:54
C	b1ae039e97a64d6a8c2eae19e0b4ca56	94f98bd7e21e44e0b0a99dff7e6ccc56	2024-01-21 17:48:12	2024-01-21 17:09:54	2024-01-15 10:59:00	f51833ab51c446f28a6ab0d10a773759	Miscellaneous	0001	Eric H Cheng				n	1679/100	1679/100	1970-01-01 00:00:00
===== END
===== START
B	ecfa400e2f11490fb3a32e1691b14fb9	6d243d52756e49cba8fe5420d69786ca	2024-01-21 17:48:16	2024-01-21 17:09:54	2024-01-15 10:59:00	48c0a9bb8af04622bbb5c2e2aac3f735	Navy Rewards Card	0001	SMG TCC PARKING TUCSON AZ - 0001				c	1000/100	1000/100	2024-01-21 17:09:54
B	ecfa400e2f11490fb3a32e1691b14fb9	685df7e0dd824f4e809ab93ee9390db0	2024-01-21 17:48:16	2024-01-21 17:09:54	2024-01-15 10:59:00	bbed357c20cf4671bd7d4c792f540180	Recreation	0001	SMG TCC PARKING TUCSON AZ - 0001				n	-1000/100	-1000/100	1970-01-01 00:00:00
===== END
===== START
C	ecfa400e2f11490fb3a32e1691b14fb9	6d243d52756e49cba8fe5420d69786ca	2024-01-21 17:48:16	2024-01-21 17:09:54	2024-01-15 10:59:00	48c0a9bb8af04622bbb5c2e2aac3f735	Navy Rewards Card	0001	SMG TCC PARKING TUCSON AZ - 0001				c	-1000/100	-1000/100	2024-01-21 17:09:54
C	ecfa400e2f11490fb3a32e1691b14fb9	685df7e0dd824f4e809ab93ee9390db0	2024-01-21 17:48:16	2024-01-21 17:09:54	2024-01-15 10:59:00	bbed357c20cf4671bd7d4c792f540180	Recreation	0001	SMG TCC PARKING TUCSON AZ - 0001				n	1000/100	1000/100	1970-01-01 00:00:00
===== END
===== START
B	0e98a0440a514a64a53ce3492088667e	8863f4bcecd1466fbf4fa957f05c86bf	2024-01-21 17:48:19	2024-01-21 17:09:54	2024-01-15 10:59:00	48c0a9bb8af04622bbb5c2e2aac3f735	Navy Rewards Card	0001	Spotify				c	1195/100	1195/100	2024-01-21 17:09:54
B	0e98a0440a514a64a53ce3492088667e	7ee2f2a4ad85437e91f568e29c232264	2024-01-21 17:48:19	2024-01-21 17:09:54	2024-01-15 10:59:00	3feaad255df249169127e590b1602cd7	Subscriptions	0001	Spotify				n	-1195/100	-1195/100	1970-01-01 00:00:00
===== END
===== START
C	0e98a0440a514a64a53ce3492088667e	8863f4bcecd1466fbf4fa957f05c86bf	2024-01-21 17:48:19	2024-01-21 17:09:54	2024-01-15 10:59:00	48c0a9bb8af04622bbb5c2e2aac3f735	Navy Rewards Card	0001	Spotify				c	-1195/100	-1195/100	2024-01-21 17:09:54
C	0e98a0440a514a64a53ce3492088667e	7ee2f2a4ad85437e91f568e29c232264	2024-01-21 17:48:19	2024-01-21 17:09:54	2024-01-15 10:59:00	3feaad255df249169127e590b1602cd7	Subscriptions	0001	Spotify				n	1195/100	1195/100	1970-01-01 00:00:00
===== END
===== START
B	e1ee00ce61734cde8f671eaf81dafdc4	07ceaf23ad0d4a7bb22d48544c24d132	2024-01-21 17:48:24	2024-01-21 17:09:54	2024-01-15 10:59:00	48c0a9bb8af04622bbb5c2e2aac3f735	Navy Rewards Card	0001	Trader Joe's				c	667/100	667/100	2024-01-21 17:09:54
B	e1ee00ce61734cde8f671eaf81dafdc4	d8dac3ff966a45b2bf842e87360e3a46	2024-01-21 17:48:24	2024-01-21 17:09:54	2024-01-15 10:59:00	a996b30c3e714c1483ec007f2699fc71	Groceries	0001	Trader Joe's				n	-667/100	-667/100	1970-01-01 00:00:00
===== END
===== START
C	e1ee00ce61734cde8f671eaf81dafdc4	07ceaf23ad0d4a7bb22d48544c24d132	2024-01-21 17:48:24	2024-01-21 17:09:54	2024-01-15 10:59:00	48c0a9bb8af04622bbb5c2e2aac3f735	Navy Rewards Card	0001	Trader Joe's				c	-667/100	-667/100	2024-01-21 17:09:54
C	e1ee00ce61734cde8f671eaf81dafdc4	d8dac3ff966a45b2bf842e87360e3a46	2024-01-21 17:48:24	2024-01-21 17:09:54	2024-01-15 10:59:00	a996b30c3e714c1483ec007f2699fc71	Groceries	0001	Trader Joe's				n	667/100	667/100	1970-01-01 00:00:00
===== END
===== START
B	80e2afdc4c1b4b1c92cc081d62ba8356	9724f42f161e481c9750ed7e3f0fdf60	2024-01-21 17:48:27	2024-01-21 17:09:54	2024-01-15 10:59:00	48c0a9bb8af04622bbb5c2e2aac3f735	Navy Rewards Card	0001	ZEFFY-x0-30 CLUB OF TU HTTPSWWW.ZEFFDE - 0001				c	12500/100	12500/100	2024-01-21 17:09:54
B	80e2afdc4c1b4b1c92cc081d62ba8356	51d4f223c80a44bcad6b3b6e656f06e1	2024-01-21 17:48:27	2024-01-21 17:09:54	2024-01-15 10:59:00	3feaad255df249169127e590b1602cd7	Subscriptions	0001	ZEFFY-x0-30 CLUB OF TU HTTPSWWW.ZEFFDE - 0001				n	-12500/100	-12500/100	1970-01-01 00:00:00
===== END
===== START
C	80e2afdc4c1b4b1c92cc081d62ba8356	9724f42f161e481c9750ed7e3f0fdf60	2024-01-21 17:48:27	2024-01-21 17:09:54	2024-01-15 10:59:00	48c0a9bb8af04622bbb5c2e2aac3f735	Navy Rewards Card	0001	ZEFFY-x0-30 CLUB OF TU HTTPSWWW.ZEFFDE - 0001				c	-12500/100	-12500/100	2024-01-21 17:09:54
C	80e2afdc4c1b4b1c92cc081d62ba8356	51d4f223c80a44bcad6b3b6e656f06e1	2024-01-21 17:48:27	2024-01-21 17:09:54	2024-01-15 10:59:00	3feaad255df249169127e590b1602cd7	Subscriptions	0001	ZEFFY-x0-30 CLUB OF TU HTTPSWWW.ZEFFDE - 0001				n	12500/100	12500/100	1970-01-01 00:00:00
===== END
===== START
B	17d2cbbbde3b4fa59604247a41e2a9e2	d9cef8cdf180457ab84bbb83d5c11c7b	2024-01-21 17:48:31	2024-01-21 17:09:54	2024-01-15 10:59:00	48c0a9bb8af04622bbb5c2e2aac3f735	Navy Rewards Card	4430	Target				c	4337/100	4337/100	2024-01-21 17:09:54
B	17d2cbbbde3b4fa59604247a41e2a9e2	1b0db6fa494a47e5b8d3fa5beb3ca1d7	2024-01-21 17:48:31	2024-01-21 17:09:54	2024-01-15 10:59:00	a996b30c3e714c1483ec007f2699fc71	Groceries	4430	Target				n	-4337/100	-4337/100	1970-01-01 00:00:00
===== END
===== START
C	17d2cbbbde3b4fa59604247a41e2a9e2	d9cef8cdf180457ab84bbb83d5c11c7b	2024-01-21 17:48:31	2024-01-21 17:09:54	2024-01-15 10:59:00	48c0a9bb8af04622bbb5c2e2aac3f735	Navy Rewards Card	4430	Target				c	-4337/100	-4337/100	2024-01-21 17:09:54
C	17d2cbbbde3b4fa59604247a41e2a9e2	1b0db6fa494a47e5b8d3fa5beb3ca1d7	2024-01-21 17:48:31	2024-01-21 17:09:54	2024-01-15 10:59:00	a996b30c3e714c1483ec007f2699fc71	Groceries	4430	Target				n	4337/100	4337/100	1970-01-01 00:00:00
===== END
===== START
B	ee2e167cd76d4690b1c772889bd4e7dc	7db7a8a6784e4cdcb18727382642e2d2	2024-01-21 17:48:34	2024-01-21 17:09:54	2024-01-15 10:59:00	48c0a9bb8af04622bbb5c2e2aac3f735	Navy Rewards Card	4430	Target				c	7492/100	7492/100	2024-01-21 17:09:54
B	ee2e167cd76d4690b1c772889bd4e7dc	6ffa4b127a6945878cc401c9ffb5eaf6	2024-01-21 17:48:34	2024-01-21 17:09:54	2024-01-15 10:59:00	a996b30c3e714c1483ec007f2699fc71	Groceries	4430	Target				n	-7492/100	-7492/100	1970-01-01 00:00:00
===== END
===== START
C	ee2e167cd76d4690b1c772889bd4e7dc	7db7a8a6784e4cdcb18727382642e2d2	2024-01-21 17:48:34	2024-01-21 17:09:54	2024-01-15 10:59:00	48c0a9bb8af04622bbb5c2e2aac3f735	Navy Rewards Card	4430	Target				c	-7492/100	-7492/100	2024-01-21 17:09:54
C	ee2e167cd76d4690b1c772889bd4e7dc	6ffa4b127a6945878cc401c9ffb5eaf6	2024-01-21 17:48:34	2024-01-21 17:09:54	2024-01-15 10:59:00	a996b30c3e714c1483ec007f2699fc71	Groceries	4430	Target				n	7492/100	7492/100	1970-01-01 00:00:00
===== END
===== START
B	bc30e9c67fa24c1f83b73be57943cc21	c189dedb54d7438ab981fce9383eab76	2024-01-21 17:48:38	2024-01-21 17:09:54	2024-01-15 10:59:00	48c0a9bb8af04622bbb5c2e2aac3f735	Navy Rewards Card	4430	Whole Foods Market				c	7971/100	7971/100	2024-01-21 17:09:54
B	bc30e9c67fa24c1f83b73be57943cc21	c6dd5109b9384e02b273eac27812be7a	2024-01-21 17:48:38	2024-01-21 17:09:54	2024-01-15 10:59:00	a996b30c3e714c1483ec007f2699fc71	Groceries	4430	Whole Foods Market				n	-7971/100	-7971/100	1970-01-01 00:00:00
===== END
===== START
C	bc30e9c67fa24c1f83b73be57943cc21	c189dedb54d7438ab981fce9383eab76	2024-01-21 17:48:38	2024-01-21 17:09:54	2024-01-15 10:59:00	48c0a9bb8af04622bbb5c2e2aac3f735	Navy Rewards Card	4430	Whole Foods Market				c	-7971/100	-7971/100	2024-01-21 17:09:54
C	bc30e9c67fa24c1f83b73be57943cc21	c6dd5109b9384e02b273eac27812be7a	2024-01-21 17:48:38	2024-01-21 17:09:54	2024-01-15 10:59:00	a996b30c3e714c1483ec007f2699fc71	Groceries	4430	Whole Foods Market				n	7971/100	7971/100	1970-01-01 00:00:00
===== END
===== START
B	f8fa3700552c4d1eb829fc396bfa02b3	9580549572864a89b1e20d0c364dbca1	2024-01-21 17:48:42	2024-01-21 17:09:54	2024-01-16 10:59:00	48c0a9bb8af04622bbb5c2e2aac3f735	Navy Rewards Card	0001	Canteen Vending Services				c	200/100	200/100	2024-01-21 17:09:54
B	f8fa3700552c4d1eb829fc396bfa02b3	24e0c0b18f4a40c392f4afdc87027091	2024-01-21 17:48:42	2024-01-21 17:09:54	2024-01-16 10:59:00	7c452bea58344d23b0f556cf05df9fe0	Dining	0001	Canteen Vending Services				n	-200/100	-200/100	1970-01-01 00:00:00
===== END
===== START
C	f8fa3700552c4d1eb829fc396bfa02b3	9580549572864a89b1e20d0c364dbca1	2024-01-21 17:48:42	2024-01-21 17:09:54	2024-01-16 10:59:00	48c0a9bb8af04622bbb5c2e2aac3f735	Navy Rewards Card	0001	Canteen Vending Services				c	-200/100	-200/100	2024-01-21 17:09:54
C	f8fa3700552c4d1eb829fc396bfa02b3	24e0c0b18f4a40c392f4afdc87027091	2024-01-21 17:48:42	2024-01-21 17:09:54	2024-01-16 10:59:00	7c452bea58344d23b0f556cf05df9fe0	Dining	0001	Canteen Vending Services				n	200/100	200/100	1970-01-01 00:00:00
===== END
===== START
B	07bacc8194ff42d4989546641f79d8b0	54a068d9a98f43cbb24dd5e33c5b2446	2024-01-21 17:48:46	2024-01-21 17:09:54	2024-01-16 10:59:00	48c0a9bb8af04622bbb5c2e2aac3f735	Navy Rewards Card	0001	CrossFit				c	17866/100	17866/100	2024-01-21 17:09:54
B	07bacc8194ff42d4989546641f79d8b0	cad885ba96b54573ab0e3bae53419db0	2024-01-21 17:48:46	2024-01-21 17:09:54	2024-01-16 10:59:00	789025d0417f4d7d9ea5258d8ea5a14a	Hobbies	0001	CrossFit				n	-17866/100	-17866/100	1970-01-01 00:00:00
===== END
===== START
C	07bacc8194ff42d4989546641f79d8b0	54a068d9a98f43cbb24dd5e33c5b2446	2024-01-21 17:48:46	2024-01-21 17:09:54	2024-01-16 10:59:00	48c0a9bb8af04622bbb5c2e2aac3f735	Navy Rewards Card	0001	CrossFit				c	-17866/100	-17866/100	2024-01-21 17:09:54
C	07bacc8194ff42d4989546641f79d8b0	cad885ba96b54573ab0e3bae53419db0	2024-01-21 17:48:46	2024-01-21 17:09:54	2024-01-16 10:59:00	789025d0417f4d7d9ea5258d8ea5a14a	Hobbies	0001	CrossFit				n	17866/100	17866/100	1970-01-01 00:00:00
===== END
===== START
B	87d3a97f91cb4925af9e2f32eb202e28	669301ee8c3246bb9aa05216b8841cad	2024-01-21 17:48:50	2024-01-21 17:09:54	2024-01-16 10:59:00	48c0a9bb8af04622bbb5c2e2aac3f735	Navy Rewards Card	0001	The Home Depot				c	12/100	12/100	2024-01-21 17:09:54
B	87d3a97f91cb4925af9e2f32eb202e28	f406f5eebbf944cda2774b95cacdb35b	2024-01-21 17:48:50	2024-01-21 17:09:54	2024-01-16 10:59:00	f51833ab51c446f28a6ab0d10a773759	Miscellaneous	0001	The Home Depot				n	-12/100	-12/100	1970-01-01 00:00:00
===== END
===== START
C	87d3a97f91cb4925af9e2f32eb202e28	669301ee8c3246bb9aa05216b8841cad	2024-01-21 17:48:50	2024-01-21 17:09:54	2024-01-16 10:59:00	48c0a9bb8af04622bbb5c2e2aac3f735	Navy Rewards Card	0001	The Home Depot				c	-12/100	-12/100	2024-01-21 17:09:54
C	87d3a97f91cb4925af9e2f32eb202e28	f406f5eebbf944cda2774b95cacdb35b	2024-01-21 17:48:50	2024-01-21 17:09:54	2024-01-16 10:59:00	f51833ab51c446f28a6ab0d10a773759	Miscellaneous	0001	The Home Depot				n	12/100	12/100	1970-01-01 00:00:00
===== END
===== START
B	73d40b7d3e594e6c9b4b66701265023b	ebdd2651dc834d3b9ff74b66d881b6e8	2024-01-21 17:48:55	2024-01-21 17:09:54	2024-01-16 10:59:00	48c0a9bb8af04622bbb5c2e2aac3f735	Navy Rewards Card	0001	Trader Joe's				c	1099/100	1099/100	2024-01-21 17:09:54
B	73d40b7d3e594e6c9b4b66701265023b	790a3c6a16224ceeb835ff9898f968be	2024-01-21 17:48:55	2024-01-21 17:09:54	2024-01-16 10:59:00	a996b30c3e714c1483ec007f2699fc71	Groceries	0001	Trader Joe's				n	-1099/100	-1099/100	1970-01-01 00:00:00
===== END
===== START
C	73d40b7d3e594e6c9b4b66701265023b	ebdd2651dc834d3b9ff74b66d881b6e8	2024-01-21 17:48:55	2024-01-21 17:09:54	2024-01-16 10:59:00	48c0a9bb8af04622bbb5c2e2aac3f735	Navy Rewards Card	0001	Trader Joe's				c	-1099/100	-1099/100	2024-01-21 17:09:54
C	73d40b7d3e594e6c9b4b66701265023b	790a3c6a16224ceeb835ff9898f968be	2024-01-21 17:48:55	2024-01-21 17:09:54	2024-01-16 10:59:00	a996b30c3e714c1483ec007f2699fc71	Groceries	0001	Trader Joe's				n	1099/100	1099/100	1970-01-01 00:00:00
===== END
===== START
B	eb0dac5f3c2a411f845730be2d6f64b2	2c72df4419e54fe6877141dcc666283a	2024-01-21 17:48:59	2024-01-21 17:09:54	2024-01-16 10:59:00	48c0a9bb8af04622bbb5c2e2aac3f735	Navy Rewards Card	0001	Trader Joe's				c	4212/100	4212/100	2024-01-21 17:09:54
B	eb0dac5f3c2a411f845730be2d6f64b2	5026b1c68ffe438388a74553d59b9b59	2024-01-21 17:48:59	2024-01-21 17:09:54	2024-01-16 10:59:00	a996b30c3e714c1483ec007f2699fc71	Groceries	0001	Trader Joe's				n	-4212/100	-4212/100	1970-01-01 00:00:00
===== END
===== START
C	eb0dac5f3c2a411f845730be2d6f64b2	2c72df4419e54fe6877141dcc666283a	2024-01-21 17:48:59	2024-01-21 17:09:54	2024-01-16 10:59:00	48c0a9bb8af04622bbb5c2e2aac3f735	Navy Rewards Card	0001	Trader Joe's				c	-4212/100	-4212/100	2024-01-21 17:09:54
C	eb0dac5f3c2a411f845730be2d6f64b2	5026b1c68ffe438388a74553d59b9b59	2024-01-21 17:48:59	2024-01-21 17:09:54	2024-01-16 10:59:00	a996b30c3e714c1483ec007f2699fc71	Groceries	0001	Trader Joe's				n	4212/100	4212/100	1970-01-01 00:00:00
===== END
===== START
B	21b2077e23b74e0eb803bb977f142ee7	8f8ed87f4d5b4090a2a5716b7c49e407	2024-01-21 17:49:02	2024-01-21 17:09:54	2024-01-16 10:59:00	48c0a9bb8af04622bbb5c2e2aac3f735	Navy Rewards Card	4430	Target				c	3288/100	3288/100	2024-01-21 17:09:54
B	21b2077e23b74e0eb803bb977f142ee7	6e7da026003c4c4eaee0e2da83a0ed44	2024-01-21 17:49:02	2024-01-21 17:09:54	2024-01-16 10:59:00	a996b30c3e714c1483ec007f2699fc71	Groceries	4430	Target				n	-3288/100	-3288/100	1970-01-01 00:00:00
===== END
===== START
C	21b2077e23b74e0eb803bb977f142ee7	8f8ed87f4d5b4090a2a5716b7c49e407	2024-01-21 17:49:02	2024-01-21 17:09:54	2024-01-16 10:59:00	48c0a9bb8af04622bbb5c2e2aac3f735	Navy Rewards Card	4430	Target				c	-3288/100	-3288/100	2024-01-21 17:09:54
C	21b2077e23b74e0eb803bb977f142ee7	6e7da026003c4c4eaee0e2da83a0ed44	2024-01-21 17:49:02	2024-01-21 17:09:54	2024-01-16 10:59:00	a996b30c3e714c1483ec007f2699fc71	Groceries	4430	Target				n	3288/100	3288/100	1970-01-01 00:00:00
===== END
===== START
B	0f5abafdf4cb410d86b1e3584abfe138	bb3f6a73d243453886c33d7d55aec443	2024-01-21 17:49:06	2024-01-21 17:09:54	2024-01-17 10:59:00	48c0a9bb8af04622bbb5c2e2aac3f735	Navy Rewards Card	0001	Apple				c	1738/100	1738/100	2024-01-21 17:09:54
B	0f5abafdf4cb410d86b1e3584abfe138	5052435f5daa46968bb3d77d4c28fed4	2024-01-21 17:49:06	2024-01-21 17:09:54	2024-01-17 10:59:00	3feaad255df249169127e590b1602cd7	Subscriptions	0001	Apple				n	-1738/100	-1738/100	1970-01-01 00:00:00
===== END
===== START
C	0f5abafdf4cb410d86b1e3584abfe138	bb3f6a73d243453886c33d7d55aec443	2024-01-21 17:49:06	2024-01-21 17:09:54	2024-01-17 10:59:00	48c0a9bb8af04622bbb5c2e2aac3f735	Navy Rewards Card	0001	Apple				c	-1738/100	-1738/100	2024-01-21 17:09:54
C	0f5abafdf4cb410d86b1e3584abfe138	5052435f5daa46968bb3d77d4c28fed4	2024-01-21 17:49:06	2024-01-21 17:09:54	2024-01-17 10:59:00	3feaad255df249169127e590b1602cd7	Subscriptions	0001	Apple				n	1738/100	1738/100	1970-01-01 00:00:00
===== END
===== START
B	1eeed6bf260040c5b40e72c469519f29	34c73cceff5b4eaca661e84f38db38f3	2024-01-21 17:49:11	2024-01-21 17:09:54	2024-01-17 10:59:00	48c0a9bb8af04622bbb5c2e2aac3f735	Navy Rewards Card	0001	Audible				c	1625/100	1625/100	2024-01-21 17:09:54
B	1eeed6bf260040c5b40e72c469519f29	7b4d0b4908c04b689340b3e710316c0a	2024-01-21 17:49:11	2024-01-21 17:09:54	2024-01-17 10:59:00	3feaad255df249169127e590b1602cd7	Subscriptions	0001	Audible				n	-1625/100	-1625/100	1970-01-01 00:00:00
===== END
===== START
C	1eeed6bf260040c5b40e72c469519f29	34c73cceff5b4eaca661e84f38db38f3	2024-01-21 17:49:11	2024-01-21 17:09:54	2024-01-17 10:59:00	48c0a9bb8af04622bbb5c2e2aac3f735	Navy Rewards Card	0001	Audible				c	-1625/100	-1625/100	2024-01-21 17:09:54
C	1eeed6bf260040c5b40e72c469519f29	7b4d0b4908c04b689340b3e710316c0a	2024-01-21 17:49:11	2024-01-21 17:09:54	2024-01-17 10:59:00	3feaad255df249169127e590b1602cd7	Subscriptions	0001	Audible				n	1625/100	1625/100	1970-01-01 00:00:00
===== END
===== START
B	d885c6a586a448cbaeadd68cf3944510	f1dae452854a4660b5721ff34d29b69b	2024-01-21 17:49:14	2024-01-21 17:09:54	2024-01-17 10:59:00	48c0a9bb8af04622bbb5c2e2aac3f735	Navy Rewards Card	0001	McDonald's				c	585/100	585/100	2024-01-21 17:09:54
B	d885c6a586a448cbaeadd68cf3944510	307e2e85432a40388d28ab4e1f9f95ff	2024-01-21 17:49:14	2024-01-21 17:09:54	2024-01-17 10:59:00	7c452bea58344d23b0f556cf05df9fe0	Dining	0001	McDonald's				n	-585/100	-585/100	1970-01-01 00:00:00
===== END
===== START
C	d885c6a586a448cbaeadd68cf3944510	f1dae452854a4660b5721ff34d29b69b	2024-01-21 17:49:14	2024-01-21 17:09:54	2024-01-17 10:59:00	48c0a9bb8af04622bbb5c2e2aac3f735	Navy Rewards Card	0001	McDonald's				c	-585/100	-585/100	2024-01-21 17:09:54
C	d885c6a586a448cbaeadd68cf3944510	307e2e85432a40388d28ab4e1f9f95ff	2024-01-21 17:49:14	2024-01-21 17:09:54	2024-01-17 10:59:00	7c452bea58344d23b0f556cf05df9fe0	Dining	0001	McDonald's				n	585/100	585/100	1970-01-01 00:00:00
===== END
===== START
B	86fae77a85114039a754d51b97d66ee0	545126364f234fd3939e67332eff3da8	2024-01-21 17:49:18	2024-01-21 17:09:54	2024-01-18 10:59:00	48c0a9bb8af04622bbb5c2e2aac3f735	Navy Rewards Card	0001	Apple				c	108/100	108/100	2024-01-21 17:09:54
B	86fae77a85114039a754d51b97d66ee0	84fa67475033447bbe362ff20331e880	2024-01-21 17:49:18	2024-01-21 17:09:54	2024-01-18 10:59:00	3feaad255df249169127e590b1602cd7	Subscriptions	0001	Apple				n	-108/100	-108/100	1970-01-01 00:00:00
===== END
===== START
C	86fae77a85114039a754d51b97d66ee0	545126364f234fd3939e67332eff3da8	2024-01-21 17:49:18	2024-01-21 17:09:54	2024-01-18 10:59:00	48c0a9bb8af04622bbb5c2e2aac3f735	Navy Rewards Card	0001	Apple				c	-108/100	-108/100	2024-01-21 17:09:54
C	86fae77a85114039a754d51b97d66ee0	84fa67475033447bbe362ff20331e880	2024-01-21 17:49:18	2024-01-21 17:09:54	2024-01-18 10:59:00	3feaad255df249169127e590b1602cd7	Subscriptions	0001	Apple				n	108/100	108/100	1970-01-01 00:00:00
===== END
===== START
B	ebb6023ff65e4830b39f48a8fceeb042	f71fef95b3614204b01fedc6b86612d9	2024-01-21 17:49:23	2024-01-21 17:09:54	2024-01-18 10:59:00	48c0a9bb8af04622bbb5c2e2aac3f735	Navy Rewards Card	0001	Canteen Vending Services				c	200/100	200/100	2024-01-21 17:09:54
B	ebb6023ff65e4830b39f48a8fceeb042	21e6a3e7f67f438f8493cff9efbb7810	2024-01-21 17:49:23	2024-01-21 17:09:54	2024-01-18 10:59:00	7c452bea58344d23b0f556cf05df9fe0	Dining	0001	Canteen Vending Services				n	-200/100	-200/100	1970-01-01 00:00:00
===== END
===== START
C	ebb6023ff65e4830b39f48a8fceeb042	f71fef95b3614204b01fedc6b86612d9	2024-01-21 17:49:23	2024-01-21 17:09:54	2024-01-18 10:59:00	48c0a9bb8af04622bbb5c2e2aac3f735	Navy Rewards Card	0001	Canteen Vending Services				c	-200/100	-200/100	2024-01-21 17:09:54
C	ebb6023ff65e4830b39f48a8fceeb042	21e6a3e7f67f438f8493cff9efbb7810	2024-01-21 17:49:23	2024-01-21 17:09:54	2024-01-18 10:59:00	7c452bea58344d23b0f556cf05df9fe0	Dining	0001	Canteen Vending Services				n	200/100	200/100	1970-01-01 00:00:00
===== END
===== START
B	fcda995e08894446ac0dca82a8b56674	b3b3799407054d1ba47f69f3e1fd24c8	2024-01-21 17:49:27	2024-01-21 17:09:54	2024-01-18 10:59:00	48c0a9bb8af04622bbb5c2e2aac3f735	Navy Rewards Card	0001	Canteen Vending Services				c	200/100	200/100	2024-01-21 17:09:54
B	fcda995e08894446ac0dca82a8b56674	0df23cc7dabc4e3188bfe1b2ddccb990	2024-01-21 17:49:27	2024-01-21 17:09:54	2024-01-18 10:59:00	7c452bea58344d23b0f556cf05df9fe0	Dining	0001	Canteen Vending Services				n	-200/100	-200/100	1970-01-01 00:00:00
===== END
===== START
C	fcda995e08894446ac0dca82a8b56674	b3b3799407054d1ba47f69f3e1fd24c8	2024-01-21 17:49:27	2024-01-21 17:09:54	2024-01-18 10:59:00	48c0a9bb8af04622bbb5c2e2aac3f735	Navy Rewards Card	0001	Canteen Vending Services				c	-200/100	-200/100	2024-01-21 17:09:54
C	fcda995e08894446ac0dca82a8b56674	0df23cc7dabc4e3188bfe1b2ddccb990	2024-01-21 17:49:27	2024-01-21 17:09:54	2024-01-18 10:59:00	7c452bea58344d23b0f556cf05df9fe0	Dining	0001	Canteen Vending Services				n	200/100	200/100	1970-01-01 00:00:00
===== END
===== START
B	f1fd8a4deb91468398d6789558f2a847	0e49ecee17f346e4b4783cb5e47fc3e2	2024-01-21 17:49:35	2024-01-21 17:09:54	2024-01-18 10:59:00	48c0a9bb8af04622bbb5c2e2aac3f735	Navy Rewards Card	4430	SP COLOR WOW COLORWOWHAIR.CT - 4430				c	3016/100	3016/100	2024-01-21 17:09:54
B	f1fd8a4deb91468398d6789558f2a847	b6b95f5ef3984019b3b572b7e7ea5115	2024-01-21 17:49:35	2024-01-21 17:09:54	2024-01-18 10:59:00	f51833ab51c446f28a6ab0d10a773759	Miscellaneous	4430	SP COLOR WOW COLORWOWHAIR.CT - 4430				n	-3016/100	-3016/100	1970-01-01 00:00:00
===== END
===== START
C	f1fd8a4deb91468398d6789558f2a847	0e49ecee17f346e4b4783cb5e47fc3e2	2024-01-21 17:49:35	2024-01-21 17:09:54	2024-01-18 10:59:00	48c0a9bb8af04622bbb5c2e2aac3f735	Navy Rewards Card	4430	SP COLOR WOW COLORWOWHAIR.CT - 4430				c	-3016/100	-3016/100	2024-01-21 17:09:54
C	f1fd8a4deb91468398d6789558f2a847	b6b95f5ef3984019b3b572b7e7ea5115	2024-01-21 17:49:35	2024-01-21 17:09:54	2024-01-18 10:59:00	f51833ab51c446f28a6ab0d10a773759	Miscellaneous	4430	SP COLOR WOW COLORWOWHAIR.CT - 4430				n	3016/100	3016/100	1970-01-01 00:00:00
===== END
===== START
B	65e1305a33c04c9eb1095cf68e279ba2	4be485559fc14f7f9821dd0e3509cc47	2024-01-21 17:49:39	2024-01-21 17:09:54	2024-01-19 10:59:00	48c0a9bb8af04622bbb5c2e2aac3f735	Navy Rewards Card	0001	Amazon Marketplace				c	4185/100	4185/100	2024-01-21 17:09:54
B	65e1305a33c04c9eb1095cf68e279ba2	22553b95e8a84a2a85d32a4016913814	2024-01-21 17:49:39	2024-01-21 17:09:54	2024-01-19 10:59:00	f51833ab51c446f28a6ab0d10a773759	Miscellaneous	0001	Amazon Marketplace				n	-4185/100	-4185/100	1970-01-01 00:00:00
===== END
===== START
C	65e1305a33c04c9eb1095cf68e279ba2	4be485559fc14f7f9821dd0e3509cc47	2024-01-21 17:49:39	2024-01-21 17:09:54	2024-01-19 10:59:00	48c0a9bb8af04622bbb5c2e2aac3f735	Navy Rewards Card	0001	Amazon Marketplace				c	-4185/100	-4185/100	2024-01-21 17:09:54
C	65e1305a33c04c9eb1095cf68e279ba2	22553b95e8a84a2a85d32a4016913814	2024-01-21 17:49:39	2024-01-21 17:09:54	2024-01-19 10:59:00	f51833ab51c446f28a6ab0d10a773759	Miscellaneous	0001	Amazon Marketplace				n	4185/100	4185/100	1970-01-01 00:00:00
===== END
===== START
B	16be602a69004bc79c4ce9ce893ae03a	e34a47dc0cf1483fafae783790b54ab7	2024-01-21 17:49:43	2024-01-21 17:09:54	2024-01-19 10:59:00	48c0a9bb8af04622bbb5c2e2aac3f735	Navy Rewards Card	0001	Canteen Vending Services				c	140/100	140/100	2024-01-21 17:09:54
B	16be602a69004bc79c4ce9ce893ae03a	c31c56d2327f4463b83219ccf97b3dce	2024-01-21 17:49:43	2024-01-21 17:09:54	2024-01-19 10:59:00	7c452bea58344d23b0f556cf05df9fe0	Dining	0001	Canteen Vending Services				n	-140/100	-140/100	1970-01-01 00:00:00
===== END
===== START
C	16be602a69004bc79c4ce9ce893ae03a	e34a47dc0cf1483fafae783790b54ab7	2024-01-21 17:49:43	2024-01-21 17:09:54	2024-01-19 10:59:00	48c0a9bb8af04622bbb5c2e2aac3f735	Navy Rewards Card	0001	Canteen Vending Services				c	-140/100	-140/100	2024-01-21 17:09:54
C	16be602a69004bc79c4ce9ce893ae03a	c31c56d2327f4463b83219ccf97b3dce	2024-01-21 17:49:43	2024-01-21 17:09:54	2024-01-19 10:59:00	7c452bea58344d23b0f556cf05df9fe0	Dining	0001	Canteen Vending Services				n	140/100	140/100	1970-01-01 00:00:00
===== END
