mod	trans_guid	split_guid	time_now	date_entered	date_posted	acc_guid	acc_name	num	description	notes	memo	action	reconciled	amount	value	date_reconciled
-----------------
===== START
===== END
===== START
B	e87a21570a8742fc89bf9c1935102d14	921309a71a874ea0911816532a0121dc	2024-08-19 01:24:06	2024-08-11 19:49:22	2024-07-29 10:59:00	d3c68d09f17f41fd847d470b8ca9a445	Transportation		American Airlines	OFX ext. info: |Trans type:Generic debit|Memo:AMERICAN AIR0012162758865FORT WORTH TX - 4430			n	36195/100	36195/100	1970-01-01 00:00:00
B	e87a21570a8742fc89bf9c1935102d14	82b975ef77bd4cf68b82d0eb30f6bc13	2024-08-19 01:24:06	2024-08-11 19:49:22	2024-07-29 10:59:00	48c0a9bb8af04622bbb5c2e2aac3f735	Navy Rewards Card		American Airlines	OFX ext. info: |Trans type:Generic debit|Memo:AMERICAN AIR0012162758865FORT WORTH TX - 4430	AMERICAN AIR0012162758865FORT WORTH TX - 4430		c	-36195/100	-36195/100	2024-08-11 20:19:11
===== END
===== START
C	e87a21570a8742fc89bf9c1935102d14	921309a71a874ea0911816532a0121dc	2024-08-19 01:24:06	2024-08-11 19:49:22	2024-07-29 10:59:00	9da82d2f7ce54d75896348f96cf93e02	AUG 2024 Wedding		American Airlines	OFX ext. info: |Trans type:Generic debit|Memo:AMERICAN AIR0012162758865FORT WORTH TX - 4430			n	36195/100	36195/100	1970-01-01 00:00:00
C	e87a21570a8742fc89bf9c1935102d14	82b975ef77bd4cf68b82d0eb30f6bc13	2024-08-19 01:24:06	2024-08-11 19:49:22	2024-07-29 10:59:00	48c0a9bb8af04622bbb5c2e2aac3f735	Navy Rewards Card		American Airlines	OFX ext. info: |Trans type:Generic debit|Memo:AMERICAN AIR0012162758865FORT WORTH TX - 4430	AMERICAN AIR0012162758865FORT WORTH TX - 4430		c	-36195/100	-36195/100	2024-08-11 20:19:11
===== END
===== START
B	f23e4be0bf0240bca91e440914af0681	38d2675cfbae41069d47b57f9f0b3243	2024-08-19 01:24:12	2024-08-11 19:49:22	2024-07-29 10:59:00	d3c68d09f17f41fd847d470b8ca9a445	Transportation		American Airlines	OFX ext. info: |Trans type:Generic debit|Memo:AMERICAN AIR0012162758866FORT WORTH TX - 4430			n	36195/100	36195/100	1970-01-01 00:00:00
B	f23e4be0bf0240bca91e440914af0681	bc2b937b95564938b73427dbb6312d00	2024-08-19 01:24:12	2024-08-11 19:49:22	2024-07-29 10:59:00	48c0a9bb8af04622bbb5c2e2aac3f735	Navy Rewards Card		American Airlines	OFX ext. info: |Trans type:Generic debit|Memo:AMERICAN AIR0012162758866FORT WORTH TX - 4430	AMERICAN AIR0012162758866FORT WORTH TX - 4430		c	-36195/100	-36195/100	2024-08-11 20:19:11
===== END
===== START
C	f23e4be0bf0240bca91e440914af0681	38d2675cfbae41069d47b57f9f0b3243	2024-08-19 01:24:12	2024-08-11 19:49:22	2024-07-29 10:59:00	9da82d2f7ce54d75896348f96cf93e02	AUG 2024 Wedding		American Airlines	OFX ext. info: |Trans type:Generic debit|Memo:AMERICAN AIR0012162758866FORT WORTH TX - 4430			n	36195/100	36195/100	1970-01-01 00:00:00
C	f23e4be0bf0240bca91e440914af0681	bc2b937b95564938b73427dbb6312d00	2024-08-19 01:24:12	2024-08-11 19:49:22	2024-07-29 10:59:00	48c0a9bb8af04622bbb5c2e2aac3f735	Navy Rewards Card		American Airlines	OFX ext. info: |Trans type:Generic debit|Memo:AMERICAN AIR0012162758866FORT WORTH TX - 4430	AMERICAN AIR0012162758866FORT WORTH TX - 4430		c	-36195/100	-36195/100	2024-08-11 20:19:11
===== END
===== START
===== END
