mod	trans_guid	split_guid	time_now	date_entered	date_posted	acc_guid	acc_name	num	description	notes	memo	action	reconciled	amount	value	date_reconciled
-----------------
===== START
B	b22eebf8efaa4f3faa5083556a40670f	3c39776b53344de984a23f58e6fe6044	2024-08-12 00:06:33	2024-08-11 19:49:23	2024-04-08 10:59:00	39523e58dddf4d9c83c3a995e932b37f	Travel		Delta Air Lines	OFX ext. info: |Trans type:Generic debit|Memo:DELTA AIR 0062225269782800-2211212 CA - 0001			n	560/100	560/100	1970-01-01 00:00:00
B	b22eebf8efaa4f3faa5083556a40670f	1165f1d954a24109981e1117e58238d8	2024-08-12 00:06:33	2024-08-11 19:49:23	2024-04-08 10:59:00	48c0a9bb8af04622bbb5c2e2aac3f735	Navy Rewards Card		Delta Air Lines	OFX ext. info: |Trans type:Generic debit|Memo:DELTA AIR 0062225269782800-2211212 CA - 0001	DELTA AIR 0062225269782800-2211212 CA - 0001		c	-560/100	-560/100	2024-08-11 20:19:10
===== END
===== START
C	b22eebf8efaa4f3faa5083556a40670f	3c39776b53344de984a23f58e6fe6044	2024-08-12 00:06:33	2024-08-11 19:49:23	2024-04-08 10:59:00	fc290de6495a4fd79f0a8aea25609814	Air		Delta Air Lines	OFX ext. info: |Trans type:Generic debit|Memo:DELTA AIR 0062225269782800-2211212 CA - 0001			n	560/100	560/100	1970-01-01 00:00:00
C	b22eebf8efaa4f3faa5083556a40670f	1165f1d954a24109981e1117e58238d8	2024-08-12 00:06:33	2024-08-11 19:49:23	2024-04-08 10:59:00	48c0a9bb8af04622bbb5c2e2aac3f735	Navy Rewards Card		Delta Air Lines	OFX ext. info: |Trans type:Generic debit|Memo:DELTA AIR 0062225269782800-2211212 CA - 0001	DELTA AIR 0062225269782800-2211212 CA - 0001		c	-560/100	-560/100	2024-08-11 20:19:10
===== END
===== START
B	35368003c2ad462ba3a17e99bb0bd88d	0b6f4d65505a4822953ef8e4d9a18381	2024-08-12 00:06:43	2024-08-11 19:49:23	2024-04-08 10:59:00	39523e58dddf4d9c83c3a995e932b37f	Travel		GoTucson - Parking XX-2500 NC -	OFX ext. info: |Trans type:Generic debit|Memo:GoTucson - Parking 704-817-2500 NC - 0001			n	230/100	230/100	1970-01-01 00:00:00
B	35368003c2ad462ba3a17e99bb0bd88d	81fb9498eacb4fefbf26631ee835d339	2024-08-12 00:06:43	2024-08-11 19:49:23	2024-04-08 10:59:00	48c0a9bb8af04622bbb5c2e2aac3f735	Navy Rewards Card		GoTucson - Parking XX-2500 NC -	OFX ext. info: |Trans type:Generic debit|Memo:GoTucson - Parking 704-817-2500 NC - 0001	GoTucson - Parking 704-817-2500 NC - 0001		c	-230/100	-230/100	2024-08-11 20:19:10
===== END
===== START
C	35368003c2ad462ba3a17e99bb0bd88d	0b6f4d65505a4822953ef8e4d9a18381	2024-08-12 00:06:43	2024-08-11 19:49:23	2024-04-08 10:59:00	00785621cb0d46609fa7bfc63b0654ff	Car		GoTucson - Parking XX-2500 NC -	OFX ext. info: |Trans type:Generic debit|Memo:GoTucson - Parking 704-817-2500 NC - 0001			n	230/100	230/100	1970-01-01 00:00:00
C	35368003c2ad462ba3a17e99bb0bd88d	81fb9498eacb4fefbf26631ee835d339	2024-08-12 00:06:43	2024-08-11 19:49:23	2024-04-08 10:59:00	48c0a9bb8af04622bbb5c2e2aac3f735	Navy Rewards Card		GoTucson - Parking XX-2500 NC -	OFX ext. info: |Trans type:Generic debit|Memo:GoTucson - Parking 704-817-2500 NC - 0001	GoTucson - Parking 704-817-2500 NC - 0001		c	-230/100	-230/100	2024-08-11 20:19:10
===== END
===== START
B	bb37c00eee4e4b0097ce38b7a1c54d49	dee3388211454bbdbeca521571ae4571	2024-08-12 00:06:55	2024-08-11 19:49:23	2024-04-08 10:59:00	39523e58dddf4d9c83c3a995e932b37f	Travel		PIMA CNTY PARKING GARAGE TUCSON	OFX ext. info: |Trans type:Generic debit|Memo:PIMA CNTY PARKING GARAGE TUCSON AZ - 0001			n	200/100	200/100	1970-01-01 00:00:00
B	bb37c00eee4e4b0097ce38b7a1c54d49	f49c97f1aeff4afeae655ce7d4f8c6f5	2024-08-12 00:06:55	2024-08-11 19:49:23	2024-04-08 10:59:00	48c0a9bb8af04622bbb5c2e2aac3f735	Navy Rewards Card		PIMA CNTY PARKING GARAGE TUCSON	OFX ext. info: |Trans type:Generic debit|Memo:PIMA CNTY PARKING GARAGE TUCSON AZ - 0001	PIMA CNTY PARKING GARAGE TUCSON AZ - 0001		c	-200/100	-200/100	2024-08-11 20:19:10
===== END
===== START
C	bb37c00eee4e4b0097ce38b7a1c54d49	dee3388211454bbdbeca521571ae4571	2024-08-12 00:06:55	2024-08-11 19:49:23	2024-04-08 10:59:00	00785621cb0d46609fa7bfc63b0654ff	Car		PIMA CNTY PARKING GARAGE TUCSON	OFX ext. info: |Trans type:Generic debit|Memo:PIMA CNTY PARKING GARAGE TUCSON AZ - 0001			n	200/100	200/100	1970-01-01 00:00:00
C	bb37c00eee4e4b0097ce38b7a1c54d49	f49c97f1aeff4afeae655ce7d4f8c6f5	2024-08-12 00:06:55	2024-08-11 19:49:23	2024-04-08 10:59:00	48c0a9bb8af04622bbb5c2e2aac3f735	Navy Rewards Card		PIMA CNTY PARKING GARAGE TUCSON	OFX ext. info: |Trans type:Generic debit|Memo:PIMA CNTY PARKING GARAGE TUCSON AZ - 0001	PIMA CNTY PARKING GARAGE TUCSON AZ - 0001		c	-200/100	-200/100	2024-08-11 20:19:10
===== END
===== START
B	bd876adbf1f447519194e75b917fe246	cf995beb55b94e17a66db0395a4fa21a	2024-08-12 00:07:04	2024-08-11 19:49:23	2024-04-11 10:59:00	39523e58dddf4d9c83c3a995e932b37f	Travel		Holiday Inn	OFX ext. info: |Trans type:Generic debit|Memo:RIPTIDES HOLIDAY INN 850-3019000 FL - 0001			n	631/100	631/100	1970-01-01 00:00:00
B	bd876adbf1f447519194e75b917fe246	d9aee815e98b4badbbcd4ea672009b7a	2024-08-12 00:07:04	2024-08-11 19:49:23	2024-04-11 10:59:00	48c0a9bb8af04622bbb5c2e2aac3f735	Navy Rewards Card		Holiday Inn	OFX ext. info: |Trans type:Generic debit|Memo:RIPTIDES HOLIDAY INN 850-3019000 FL - 0001	RIPTIDES HOLIDAY INN 850-3019000 FL - 0001		c	-631/100	-631/100	2024-08-11 20:19:10
===== END
===== START
C	bd876adbf1f447519194e75b917fe246	cf995beb55b94e17a66db0395a4fa21a	2024-08-12 00:07:04	2024-08-11 19:49:23	2024-04-11 10:59:00	d6f35a86c4b64de29f6f8338a78d683d	Food		Holiday Inn	OFX ext. info: |Trans type:Generic debit|Memo:RIPTIDES HOLIDAY INN 850-3019000 FL - 0001			n	631/100	631/100	1970-01-01 00:00:00
C	bd876adbf1f447519194e75b917fe246	d9aee815e98b4badbbcd4ea672009b7a	2024-08-12 00:07:04	2024-08-11 19:49:23	2024-04-11 10:59:00	48c0a9bb8af04622bbb5c2e2aac3f735	Navy Rewards Card		Holiday Inn	OFX ext. info: |Trans type:Generic debit|Memo:RIPTIDES HOLIDAY INN 850-3019000 FL - 0001	RIPTIDES HOLIDAY INN 850-3019000 FL - 0001		c	-631/100	-631/100	2024-08-11 20:19:10
===== END
===== START
B	5828bc46d90441a3a8a3e2bd9e662844	d16a38e275b74f05850576b2f3801c51	2024-08-12 00:07:18	2024-08-11 19:49:23	2024-04-11 10:59:00	39523e58dddf4d9c83c3a995e932b37f	Travel		Uber	OFX ext. info: |Trans type:Generic debit|Memo:UBER TRIP HELP.UBER.COMCA - 0001			n	2799/100	2799/100	1970-01-01 00:00:00
B	5828bc46d90441a3a8a3e2bd9e662844	3ed74b4bf33e4f90ae8f29952a71b0c3	2024-08-12 00:07:18	2024-08-11 19:49:23	2024-04-11 10:59:00	48c0a9bb8af04622bbb5c2e2aac3f735	Navy Rewards Card		Uber	OFX ext. info: |Trans type:Generic debit|Memo:UBER TRIP HELP.UBER.COMCA - 0001	UBER TRIP HELP.UBER.COMCA - 0001		c	-2799/100	-2799/100	2024-08-11 20:19:10
===== END
===== START
C	5828bc46d90441a3a8a3e2bd9e662844	d16a38e275b74f05850576b2f3801c51	2024-08-12 00:07:18	2024-08-11 19:49:23	2024-04-11 10:59:00	00785621cb0d46609fa7bfc63b0654ff	Car		Uber	OFX ext. info: |Trans type:Generic debit|Memo:UBER TRIP HELP.UBER.COMCA - 0001			n	2799/100	2799/100	1970-01-01 00:00:00
C	5828bc46d90441a3a8a3e2bd9e662844	3ed74b4bf33e4f90ae8f29952a71b0c3	2024-08-12 00:07:18	2024-08-11 19:49:23	2024-04-11 10:59:00	48c0a9bb8af04622bbb5c2e2aac3f735	Navy Rewards Card		Uber	OFX ext. info: |Trans type:Generic debit|Memo:UBER TRIP HELP.UBER.COMCA - 0001	UBER TRIP HELP.UBER.COMCA - 0001		c	-2799/100	-2799/100	2024-08-11 20:19:10
===== END
===== START
B	d9a76edc4b7d47faa6b37221a99c654a	dd6b8c6e1c564b6eb6dbb8b941fbb6a5	2024-08-12 00:07:27	2024-08-11 19:49:23	2024-04-12 10:59:00	39523e58dddf4d9c83c3a995e932b37f	Travel		Holiday Inn	OFX ext. info: |Trans type:Generic debit|Memo:RIPTIDES HOLIDAY INN 850-3019000 FL - 0001			n	2185/100	2185/100	1970-01-01 00:00:00
B	d9a76edc4b7d47faa6b37221a99c654a	1e1d840b26ad4b639023f5fa09c16592	2024-08-12 00:07:27	2024-08-11 19:49:23	2024-04-12 10:59:00	48c0a9bb8af04622bbb5c2e2aac3f735	Navy Rewards Card		Holiday Inn	OFX ext. info: |Trans type:Generic debit|Memo:RIPTIDES HOLIDAY INN 850-3019000 FL - 0001	RIPTIDES HOLIDAY INN 850-3019000 FL - 0001		c	-2185/100	-2185/100	2024-08-11 20:19:10
===== END
===== START
C	d9a76edc4b7d47faa6b37221a99c654a	dd6b8c6e1c564b6eb6dbb8b941fbb6a5	2024-08-12 00:07:27	2024-08-11 19:49:23	2024-04-12 10:59:00	d6f35a86c4b64de29f6f8338a78d683d	Food		Holiday Inn	OFX ext. info: |Trans type:Generic debit|Memo:RIPTIDES HOLIDAY INN 850-3019000 FL - 0001			n	2185/100	2185/100	1970-01-01 00:00:00
C	d9a76edc4b7d47faa6b37221a99c654a	1e1d840b26ad4b639023f5fa09c16592	2024-08-12 00:07:27	2024-08-11 19:49:23	2024-04-12 10:59:00	48c0a9bb8af04622bbb5c2e2aac3f735	Navy Rewards Card		Holiday Inn	OFX ext. info: |Trans type:Generic debit|Memo:RIPTIDES HOLIDAY INN 850-3019000 FL - 0001	RIPTIDES HOLIDAY INN 850-3019000 FL - 0001		c	-2185/100	-2185/100	2024-08-11 20:19:10
===== END
===== START
B	8f6d7e66895d4f09af7c8ef8d618374e	f2dfd7e819954e9ba2c179175a21a563	2024-08-12 00:07:34	2024-08-11 19:49:23	2024-04-15 10:59:00	39523e58dddf4d9c83c3a995e932b37f	Travel		Uber	OFX ext. info: |Trans type:Generic debit|Memo:UBER TRIP HELP.UBER.COMCA - 0001			n	1596/100	1596/100	1970-01-01 00:00:00
B	8f6d7e66895d4f09af7c8ef8d618374e	90a5e1ef44414835bd83e56c791a10b6	2024-08-12 00:07:34	2024-08-11 19:49:23	2024-04-15 10:59:00	48c0a9bb8af04622bbb5c2e2aac3f735	Navy Rewards Card		Uber	OFX ext. info: |Trans type:Generic debit|Memo:UBER TRIP HELP.UBER.COMCA - 0001	UBER TRIP HELP.UBER.COMCA - 0001		c	-1596/100	-1596/100	2024-08-11 20:19:10
===== END
===== START
C	8f6d7e66895d4f09af7c8ef8d618374e	f2dfd7e819954e9ba2c179175a21a563	2024-08-12 00:07:35	2024-08-11 19:49:23	2024-04-15 10:59:00	00785621cb0d46609fa7bfc63b0654ff	Car		Uber	OFX ext. info: |Trans type:Generic debit|Memo:UBER TRIP HELP.UBER.COMCA - 0001			n	1596/100	1596/100	1970-01-01 00:00:00
C	8f6d7e66895d4f09af7c8ef8d618374e	90a5e1ef44414835bd83e56c791a10b6	2024-08-12 00:07:35	2024-08-11 19:49:23	2024-04-15 10:59:00	48c0a9bb8af04622bbb5c2e2aac3f735	Navy Rewards Card		Uber	OFX ext. info: |Trans type:Generic debit|Memo:UBER TRIP HELP.UBER.COMCA - 0001	UBER TRIP HELP.UBER.COMCA - 0001		c	-1596/100	-1596/100	2024-08-11 20:19:10
===== END
===== START
B	a80c059f5a7140b2aa84588ab7c3a286	1008e94cf9c7493391d5cfcdc7315f90	2024-08-12 00:08:14	2024-08-11 19:49:23	2024-04-16 10:59:00	39523e58dddf4d9c83c3a995e932b37f	Travel		SMG TCC PARKING TUCSON AZ - 0001	OFX ext. info: |Trans type:Generic debit|Memo:SMG TCC PARKING TUCSON AZ - 0001			n	1000/100	1000/100	1970-01-01 00:00:00
B	a80c059f5a7140b2aa84588ab7c3a286	c625724b21af4c4fb6fd5e54b0450d93	2024-08-12 00:08:14	2024-08-11 19:49:23	2024-04-16 10:59:00	48c0a9bb8af04622bbb5c2e2aac3f735	Navy Rewards Card		SMG TCC PARKING TUCSON AZ - 0001	OFX ext. info: |Trans type:Generic debit|Memo:SMG TCC PARKING TUCSON AZ - 0001	SMG TCC PARKING TUCSON AZ - 0001		c	-1000/100	-1000/100	2024-08-11 20:19:10
===== END
===== START
C	a80c059f5a7140b2aa84588ab7c3a286	1008e94cf9c7493391d5cfcdc7315f90	2024-08-12 00:08:14	2024-08-11 19:49:23	2024-04-16 10:59:00	44e38748fbcf4500ae5a5affa0644881	Music/Movies		SMG TCC PARKING TUCSON AZ - 0001	OFX ext. info: |Trans type:Generic debit|Memo:SMG TCC PARKING TUCSON AZ - 0001			n	1000/100	1000/100	1970-01-01 00:00:00
C	a80c059f5a7140b2aa84588ab7c3a286	c625724b21af4c4fb6fd5e54b0450d93	2024-08-12 00:08:14	2024-08-11 19:49:23	2024-04-16 10:59:00	48c0a9bb8af04622bbb5c2e2aac3f735	Navy Rewards Card		SMG TCC PARKING TUCSON AZ - 0001	OFX ext. info: |Trans type:Generic debit|Memo:SMG TCC PARKING TUCSON AZ - 0001	SMG TCC PARKING TUCSON AZ - 0001		c	-1000/100	-1000/100	2024-08-11 20:19:10
===== END
===== START
B	68fbcc4eb6b1416c8821c798bfa047d3	2e4b3f49a71a49e989be237520defdb7	2024-08-12 00:08:28	2024-08-11 19:49:23	2024-04-22 10:59:00	39523e58dddf4d9c83c3a995e932b37f	Travel		Avis	OFX ext. info: |Trans type:Generic debit|Memo:AVIS RENT-A-CAR COLLEGE PARK GA - 0001			n	16887/100	16887/100	1970-01-01 00:00:00
B	68fbcc4eb6b1416c8821c798bfa047d3	263c4a9463cf4d8d9f2ad2e7a9d9ab4b	2024-08-12 00:08:28	2024-08-11 19:49:23	2024-04-22 10:59:00	48c0a9bb8af04622bbb5c2e2aac3f735	Navy Rewards Card		Avis	OFX ext. info: |Trans type:Generic debit|Memo:AVIS RENT-A-CAR COLLEGE PARK GA - 0001	AVIS RENT-A-CAR COLLEGE PARK GA - 0001		c	-16887/100	-16887/100	2024-08-11 20:19:10
===== END
===== START
C	68fbcc4eb6b1416c8821c798bfa047d3	2e4b3f49a71a49e989be237520defdb7	2024-08-12 00:08:28	2024-08-11 19:49:23	2024-04-22 10:59:00	d3c68d09f17f41fd847d470b8ca9a445	Transportation		Avis	OFX ext. info: |Trans type:Generic debit|Memo:AVIS RENT-A-CAR COLLEGE PARK GA - 0001			n	16887/100	16887/100	1970-01-01 00:00:00
C	68fbcc4eb6b1416c8821c798bfa047d3	263c4a9463cf4d8d9f2ad2e7a9d9ab4b	2024-08-12 00:08:28	2024-08-11 19:49:23	2024-04-22 10:59:00	48c0a9bb8af04622bbb5c2e2aac3f735	Navy Rewards Card		Avis	OFX ext. info: |Trans type:Generic debit|Memo:AVIS RENT-A-CAR COLLEGE PARK GA - 0001	AVIS RENT-A-CAR COLLEGE PARK GA - 0001		c	-16887/100	-16887/100	2024-08-11 20:19:10
===== END
===== START
B	7bf2d528684f4984be5ebd695981d84e	4b06ac737bba43219a8e4b858abc1906	2024-08-12 00:08:37	2024-08-11 19:49:23	2024-04-22 10:59:00	39523e58dddf4d9c83c3a995e932b37f	Travel		Buc-ee's	OFX ext. info: |Trans type:Generic debit|Memo:BUC-EE'S #52 CALHOUN GA - 0001			n	1820/100	1820/100	1970-01-01 00:00:00
B	7bf2d528684f4984be5ebd695981d84e	85e936d4433446d6bbfd08eab8da1d90	2024-08-12 00:08:37	2024-08-11 19:49:23	2024-04-22 10:59:00	48c0a9bb8af04622bbb5c2e2aac3f735	Navy Rewards Card		Buc-ee's	OFX ext. info: |Trans type:Generic debit|Memo:BUC-EE'S #52 CALHOUN GA - 0001	BUC-EE'S #52 CALHOUN GA - 0001		c	-1820/100	-1820/100	2024-08-11 20:19:10
===== END
===== START
C	7bf2d528684f4984be5ebd695981d84e	4b06ac737bba43219a8e4b858abc1906	2024-08-12 00:08:37	2024-08-11 19:49:23	2024-04-22 10:59:00	d6f35a86c4b64de29f6f8338a78d683d	Food		Buc-ee's	OFX ext. info: |Trans type:Generic debit|Memo:BUC-EE'S #52 CALHOUN GA - 0001			n	1820/100	1820/100	1970-01-01 00:00:00
C	7bf2d528684f4984be5ebd695981d84e	85e936d4433446d6bbfd08eab8da1d90	2024-08-12 00:08:37	2024-08-11 19:49:23	2024-04-22 10:59:00	48c0a9bb8af04622bbb5c2e2aac3f735	Navy Rewards Card		Buc-ee's	OFX ext. info: |Trans type:Generic debit|Memo:BUC-EE'S #52 CALHOUN GA - 0001	BUC-EE'S #52 CALHOUN GA - 0001		c	-1820/100	-1820/100	2024-08-11 20:19:10
===== END
===== START
B	8cac0b20366946c481fb2278062e7bc7	3441d663d7794860834dc708773b5b2c	2024-08-12 00:08:46	2024-08-11 19:49:23	2024-04-22 10:59:00	39523e58dddf4d9c83c3a995e932b37f	Travel		Carta North Garage	OFX ext. info: |Trans type:Generic debit|Memo:CARTA NORTH GARAGE CHATTANOOGA TN - 0001			n	1100/100	1100/100	1970-01-01 00:00:00
B	8cac0b20366946c481fb2278062e7bc7	f8772bdfffc14cac9b7fe38e9338e64e	2024-08-12 00:08:46	2024-08-11 19:49:23	2024-04-22 10:59:00	48c0a9bb8af04622bbb5c2e2aac3f735	Navy Rewards Card		Carta North Garage	OFX ext. info: |Trans type:Generic debit|Memo:CARTA NORTH GARAGE CHATTANOOGA TN - 0001	CARTA NORTH GARAGE CHATTANOOGA TN - 0001		c	-1100/100	-1100/100	2024-08-11 20:19:10
===== END
===== START
C	8cac0b20366946c481fb2278062e7bc7	3441d663d7794860834dc708773b5b2c	2024-08-12 00:08:46	2024-08-11 19:49:23	2024-04-22 10:59:00	d3c68d09f17f41fd847d470b8ca9a445	Transportation		Carta North Garage	OFX ext. info: |Trans type:Generic debit|Memo:CARTA NORTH GARAGE CHATTANOOGA TN - 0001			n	1100/100	1100/100	1970-01-01 00:00:00
C	8cac0b20366946c481fb2278062e7bc7	f8772bdfffc14cac9b7fe38e9338e64e	2024-08-12 00:08:46	2024-08-11 19:49:23	2024-04-22 10:59:00	48c0a9bb8af04622bbb5c2e2aac3f735	Navy Rewards Card		Carta North Garage	OFX ext. info: |Trans type:Generic debit|Memo:CARTA NORTH GARAGE CHATTANOOGA TN - 0001	CARTA NORTH GARAGE CHATTANOOGA TN - 0001		c	-1100/100	-1100/100	2024-08-11 20:19:10
===== END
===== START
B	2edd3a06518a4af4a4359a0b413ad4e4	e9fe7498d10e4498812d2f8f13339579	2024-08-12 00:09:11	2024-08-11 19:49:23	2024-04-23 10:59:00	39523e58dddf4d9c83c3a995e932b37f	Travel		Courtyard	OFX ext. info: |Trans type:Generic debit|Memo:COURTYARD BY MARRIOTT EAST POINT GA - 0001			n	13025/100	13025/100	1970-01-01 00:00:00
B	2edd3a06518a4af4a4359a0b413ad4e4	294662b01ae0434ba4c14ee1e58ad745	2024-08-12 00:09:11	2024-08-11 19:49:23	2024-04-23 10:59:00	48c0a9bb8af04622bbb5c2e2aac3f735	Navy Rewards Card		Courtyard	OFX ext. info: |Trans type:Generic debit|Memo:COURTYARD BY MARRIOTT EAST POINT GA - 0001	COURTYARD BY MARRIOTT EAST POINT GA - 0001		c	-13025/100	-13025/100	2024-08-11 20:19:10
===== END
===== START
C	2edd3a06518a4af4a4359a0b413ad4e4	e9fe7498d10e4498812d2f8f13339579	2024-08-12 00:09:11	2024-08-11 19:49:23	2024-04-23 10:59:00	fffaaae046d24a0f9f7a9fd93c9273d4	Hotel		Courtyard	OFX ext. info: |Trans type:Generic debit|Memo:COURTYARD BY MARRIOTT EAST POINT GA - 0001			n	13025/100	13025/100	1970-01-01 00:00:00
C	2edd3a06518a4af4a4359a0b413ad4e4	294662b01ae0434ba4c14ee1e58ad745	2024-08-12 00:09:11	2024-08-11 19:49:23	2024-04-23 10:59:00	48c0a9bb8af04622bbb5c2e2aac3f735	Navy Rewards Card		Courtyard	OFX ext. info: |Trans type:Generic debit|Memo:COURTYARD BY MARRIOTT EAST POINT GA - 0001	COURTYARD BY MARRIOTT EAST POINT GA - 0001		c	-13025/100	-13025/100	2024-08-11 20:19:10
===== END
===== START
B	bb6ba56e8c5d49d999fbdebe3e748fbf	0b81e28608c940848720c052fe1010d2	2024-08-12 00:09:21	2024-08-11 19:49:23	2024-05-06 10:59:00	39523e58dddf4d9c83c3a995e932b37f	Travel		GoTucson - Parking XX-2500 NC -	OFX ext. info: |Trans type:Generic debit|Memo:GoTucson - Parking 704-817-2500 NC - 0001			n	300/100	300/100	1970-01-01 00:00:00
B	bb6ba56e8c5d49d999fbdebe3e748fbf	47bf821ae05d4d3387c7300bc681dd9e	2024-08-12 00:09:21	2024-08-11 19:49:23	2024-05-06 10:59:00	48c0a9bb8af04622bbb5c2e2aac3f735	Navy Rewards Card		GoTucson - Parking XX-2500 NC -	OFX ext. info: |Trans type:Generic debit|Memo:GoTucson - Parking 704-817-2500 NC - 0001	GoTucson - Parking 704-817-2500 NC - 0001		c	-300/100	-300/100	2024-08-11 20:19:10
===== END
===== START
C	bb6ba56e8c5d49d999fbdebe3e748fbf	0b81e28608c940848720c052fe1010d2	2024-08-12 00:09:21	2024-08-11 19:49:23	2024-05-06 10:59:00	d3c68d09f17f41fd847d470b8ca9a445	Transportation		GoTucson - Parking XX-2500 NC -	OFX ext. info: |Trans type:Generic debit|Memo:GoTucson - Parking 704-817-2500 NC - 0001			n	300/100	300/100	1970-01-01 00:00:00
C	bb6ba56e8c5d49d999fbdebe3e748fbf	47bf821ae05d4d3387c7300bc681dd9e	2024-08-12 00:09:21	2024-08-11 19:49:23	2024-05-06 10:59:00	48c0a9bb8af04622bbb5c2e2aac3f735	Navy Rewards Card		GoTucson - Parking XX-2500 NC -	OFX ext. info: |Trans type:Generic debit|Memo:GoTucson - Parking 704-817-2500 NC - 0001	GoTucson - Parking 704-817-2500 NC - 0001		c	-300/100	-300/100	2024-08-11 20:19:10
===== END
===== START
B	6f0ed817c03f4c7db91ad9eefee46b6d	0c833ee32b674287816e3d4759f43ad9	2024-08-12 00:09:26	2024-08-11 19:49:23	2024-05-06 10:59:00	39523e58dddf4d9c83c3a995e932b37f	Travel		PIMA CNTY PARKING GARAGE TUCSON	OFX ext. info: |Trans type:Generic debit|Memo:PIMA CNTY PARKING GARAGE TUCSON AZ - 0001			n	200/100	200/100	1970-01-01 00:00:00
B	6f0ed817c03f4c7db91ad9eefee46b6d	23abe89eb0834bc780ff4ad797e2ab28	2024-08-12 00:09:26	2024-08-11 19:49:23	2024-05-06 10:59:00	48c0a9bb8af04622bbb5c2e2aac3f735	Navy Rewards Card		PIMA CNTY PARKING GARAGE TUCSON	OFX ext. info: |Trans type:Generic debit|Memo:PIMA CNTY PARKING GARAGE TUCSON AZ - 0001	PIMA CNTY PARKING GARAGE TUCSON AZ - 0001		c	-200/100	-200/100	2024-08-11 20:19:10
===== END
===== START
C	6f0ed817c03f4c7db91ad9eefee46b6d	0c833ee32b674287816e3d4759f43ad9	2024-08-12 00:09:26	2024-08-11 19:49:23	2024-05-06 10:59:00	d3c68d09f17f41fd847d470b8ca9a445	Transportation		PIMA CNTY PARKING GARAGE TUCSON	OFX ext. info: |Trans type:Generic debit|Memo:PIMA CNTY PARKING GARAGE TUCSON AZ - 0001			n	200/100	200/100	1970-01-01 00:00:00
C	6f0ed817c03f4c7db91ad9eefee46b6d	23abe89eb0834bc780ff4ad797e2ab28	2024-08-12 00:09:26	2024-08-11 19:49:23	2024-05-06 10:59:00	48c0a9bb8af04622bbb5c2e2aac3f735	Navy Rewards Card		PIMA CNTY PARKING GARAGE TUCSON	OFX ext. info: |Trans type:Generic debit|Memo:PIMA CNTY PARKING GARAGE TUCSON AZ - 0001	PIMA CNTY PARKING GARAGE TUCSON AZ - 0001		c	-200/100	-200/100	2024-08-11 20:19:10
===== END
===== START
B	390a6dd170d6476597134bae7dd5d616	16fcea23d6364c5090f6eb6794085c40	2024-08-12 00:09:31	2024-08-11 19:49:23	2024-06-14 10:59:00	39523e58dddf4d9c83c3a995e932b37f	Travel		Best Western	OFX ext. info: |Trans type:Generic debit|Memo:BEST WESTERN MISSION I LAS CRUCES NM - 4430			n	9260/100	9260/100	1970-01-01 00:00:00
B	390a6dd170d6476597134bae7dd5d616	fdb0a32a10ac4300978dfb1e2fab0efe	2024-08-12 00:09:31	2024-08-11 19:49:23	2024-06-14 10:59:00	48c0a9bb8af04622bbb5c2e2aac3f735	Navy Rewards Card		Best Western	OFX ext. info: |Trans type:Generic debit|Memo:BEST WESTERN MISSION I LAS CRUCES NM - 4430	BEST WESTERN MISSION I LAS CRUCES NM - 4430		c	-9260/100	-9260/100	2024-08-11 20:19:11
===== END
===== START
C	390a6dd170d6476597134bae7dd5d616	16fcea23d6364c5090f6eb6794085c40	2024-08-12 00:09:31	2024-08-11 19:49:23	2024-06-14 10:59:00	fffaaae046d24a0f9f7a9fd93c9273d4	Hotel		Best Western	OFX ext. info: |Trans type:Generic debit|Memo:BEST WESTERN MISSION I LAS CRUCES NM - 4430			n	9260/100	9260/100	1970-01-01 00:00:00
C	390a6dd170d6476597134bae7dd5d616	fdb0a32a10ac4300978dfb1e2fab0efe	2024-08-12 00:09:31	2024-08-11 19:49:23	2024-06-14 10:59:00	48c0a9bb8af04622bbb5c2e2aac3f735	Navy Rewards Card		Best Western	OFX ext. info: |Trans type:Generic debit|Memo:BEST WESTERN MISSION I LAS CRUCES NM - 4430	BEST WESTERN MISSION I LAS CRUCES NM - 4430		c	-9260/100	-9260/100	2024-08-11 20:19:11
===== END
===== START
B	70a63eb63fb94d01b9459745dd0ed4cf	2b5260f5cbbf430e8b4f0ef93daa1cee	2024-08-12 00:09:35	2024-08-11 19:49:23	2024-06-17 10:59:00	39523e58dddf4d9c83c3a995e932b37f	Travel		Fairfield Inn	OFX ext. info: |Trans type:Generic debit|Memo:FAIRFIELD INN & SUITES OKLAHOMA CITYOK - 0001			n	9463/100	9463/100	1970-01-01 00:00:00
B	70a63eb63fb94d01b9459745dd0ed4cf	3815d96301e442859e9c6126d66a8429	2024-08-12 00:09:35	2024-08-11 19:49:23	2024-06-17 10:59:00	48c0a9bb8af04622bbb5c2e2aac3f735	Navy Rewards Card		Fairfield Inn	OFX ext. info: |Trans type:Generic debit|Memo:FAIRFIELD INN & SUITES OKLAHOMA CITYOK - 0001	FAIRFIELD INN & SUITES OKLAHOMA CITYOK - 0001		c	-9463/100	-9463/100	2024-08-11 20:19:11
===== END
===== START
C	70a63eb63fb94d01b9459745dd0ed4cf	2b5260f5cbbf430e8b4f0ef93daa1cee	2024-08-12 00:09:35	2024-08-11 19:49:23	2024-06-17 10:59:00	fffaaae046d24a0f9f7a9fd93c9273d4	Hotel		Fairfield Inn	OFX ext. info: |Trans type:Generic debit|Memo:FAIRFIELD INN & SUITES OKLAHOMA CITYOK - 0001			n	9463/100	9463/100	1970-01-01 00:00:00
C	70a63eb63fb94d01b9459745dd0ed4cf	3815d96301e442859e9c6126d66a8429	2024-08-12 00:09:35	2024-08-11 19:49:23	2024-06-17 10:59:00	48c0a9bb8af04622bbb5c2e2aac3f735	Navy Rewards Card		Fairfield Inn	OFX ext. info: |Trans type:Generic debit|Memo:FAIRFIELD INN & SUITES OKLAHOMA CITYOK - 0001	FAIRFIELD INN & SUITES OKLAHOMA CITYOK - 0001		c	-9463/100	-9463/100	2024-08-11 20:19:11
===== END
===== START
B	9434e239f1ca4cff8d3b5af137acede6	0f134898b4584c7994594f027099d334	2024-08-12 00:09:41	2024-08-11 19:49:23	2024-06-19 10:59:00	39523e58dddf4d9c83c3a995e932b37f	Travel		THE CACTUS COVE INN AND SXX6089	OFX ext. info: |Trans type:Generic debit|Memo:THE CACTUS COVE INN AND S806-9056089 TX - 4430			n	8501/100	8501/100	1970-01-01 00:00:00
B	9434e239f1ca4cff8d3b5af137acede6	9a9607a3410c4d14a06428ead44312b8	2024-08-12 00:09:41	2024-08-11 19:49:23	2024-06-19 10:59:00	48c0a9bb8af04622bbb5c2e2aac3f735	Navy Rewards Card		THE CACTUS COVE INN AND SXX6089	OFX ext. info: |Trans type:Generic debit|Memo:THE CACTUS COVE INN AND S806-9056089 TX - 4430	THE CACTUS COVE INN AND S806-9056089 TX - 4430		c	-8501/100	-8501/100	2024-08-11 20:19:11
===== END
===== START
C	9434e239f1ca4cff8d3b5af137acede6	0f134898b4584c7994594f027099d334	2024-08-12 00:09:41	2024-08-11 19:49:23	2024-06-19 10:59:00	fffaaae046d24a0f9f7a9fd93c9273d4	Hotel		THE CACTUS COVE INN AND SXX6089	OFX ext. info: |Trans type:Generic debit|Memo:THE CACTUS COVE INN AND S806-9056089 TX - 4430			n	8501/100	8501/100	1970-01-01 00:00:00
C	9434e239f1ca4cff8d3b5af137acede6	9a9607a3410c4d14a06428ead44312b8	2024-08-12 00:09:41	2024-08-11 19:49:23	2024-06-19 10:59:00	48c0a9bb8af04622bbb5c2e2aac3f735	Navy Rewards Card		THE CACTUS COVE INN AND SXX6089	OFX ext. info: |Trans type:Generic debit|Memo:THE CACTUS COVE INN AND S806-9056089 TX - 4430	THE CACTUS COVE INN AND S806-9056089 TX - 4430		c	-8501/100	-8501/100	2024-08-11 20:19:11
===== END
===== START
B	eebc47372d23484ab2fe2596e0c0ede9	99c12c5742ec4979b7aca4934401e3ec	2024-08-12 00:09:47	2024-08-11 19:49:22	2024-07-15 10:59:00	39523e58dddf4d9c83c3a995e932b37f	Travel		Country Inn	OFX ext. info: |Trans type:Generic debit|Memo:COUNTRY INN & STES FLA FLAGSTAFF AZ - 0001			n	34836/100	34836/100	1970-01-01 00:00:00
B	eebc47372d23484ab2fe2596e0c0ede9	15288074e5c8422e9fbc463d604594c7	2024-08-12 00:09:47	2024-08-11 19:49:22	2024-07-15 10:59:00	48c0a9bb8af04622bbb5c2e2aac3f735	Navy Rewards Card		Country Inn	OFX ext. info: |Trans type:Generic debit|Memo:COUNTRY INN & STES FLA FLAGSTAFF AZ - 0001	COUNTRY INN & STES FLA FLAGSTAFF AZ - 0001		c	-34836/100	-34836/100	2024-08-11 20:19:11
===== END
===== START
C	eebc47372d23484ab2fe2596e0c0ede9	99c12c5742ec4979b7aca4934401e3ec	2024-08-12 00:09:47	2024-08-11 19:49:22	2024-07-15 10:59:00	fffaaae046d24a0f9f7a9fd93c9273d4	Hotel		Country Inn	OFX ext. info: |Trans type:Generic debit|Memo:COUNTRY INN & STES FLA FLAGSTAFF AZ - 0001			n	34836/100	34836/100	1970-01-01 00:00:00
C	eebc47372d23484ab2fe2596e0c0ede9	15288074e5c8422e9fbc463d604594c7	2024-08-12 00:09:47	2024-08-11 19:49:22	2024-07-15 10:59:00	48c0a9bb8af04622bbb5c2e2aac3f735	Navy Rewards Card		Country Inn	OFX ext. info: |Trans type:Generic debit|Memo:COUNTRY INN & STES FLA FLAGSTAFF AZ - 0001	COUNTRY INN & STES FLA FLAGSTAFF AZ - 0001		c	-34836/100	-34836/100	2024-08-11 20:19:11
===== END
===== START
B	e87a21570a8742fc89bf9c1935102d14	921309a71a874ea0911816532a0121dc	2024-08-12 00:09:52	2024-08-11 19:49:22	2024-07-29 10:59:00	39523e58dddf4d9c83c3a995e932b37f	Travel		American Airlines	OFX ext. info: |Trans type:Generic debit|Memo:AMERICAN AIR0012162758865FORT WORTH TX - 4430			n	36195/100	36195/100	1970-01-01 00:00:00
B	e87a21570a8742fc89bf9c1935102d14	82b975ef77bd4cf68b82d0eb30f6bc13	2024-08-12 00:09:52	2024-08-11 19:49:22	2024-07-29 10:59:00	48c0a9bb8af04622bbb5c2e2aac3f735	Navy Rewards Card		American Airlines	OFX ext. info: |Trans type:Generic debit|Memo:AMERICAN AIR0012162758865FORT WORTH TX - 4430	AMERICAN AIR0012162758865FORT WORTH TX - 4430		c	-36195/100	-36195/100	2024-08-11 20:19:11
===== END
===== START
C	e87a21570a8742fc89bf9c1935102d14	921309a71a874ea0911816532a0121dc	2024-08-12 00:09:52	2024-08-11 19:49:22	2024-07-29 10:59:00	d3c68d09f17f41fd847d470b8ca9a445	Transportation		American Airlines	OFX ext. info: |Trans type:Generic debit|Memo:AMERICAN AIR0012162758865FORT WORTH TX - 4430			n	36195/100	36195/100	1970-01-01 00:00:00
C	e87a21570a8742fc89bf9c1935102d14	82b975ef77bd4cf68b82d0eb30f6bc13	2024-08-12 00:09:52	2024-08-11 19:49:22	2024-07-29 10:59:00	48c0a9bb8af04622bbb5c2e2aac3f735	Navy Rewards Card		American Airlines	OFX ext. info: |Trans type:Generic debit|Memo:AMERICAN AIR0012162758865FORT WORTH TX - 4430	AMERICAN AIR0012162758865FORT WORTH TX - 4430		c	-36195/100	-36195/100	2024-08-11 20:19:11
===== END
===== START
B	f23e4be0bf0240bca91e440914af0681	38d2675cfbae41069d47b57f9f0b3243	2024-08-12 00:09:58	2024-08-11 19:49:22	2024-07-29 10:59:00	39523e58dddf4d9c83c3a995e932b37f	Travel		American Airlines	OFX ext. info: |Trans type:Generic debit|Memo:AMERICAN AIR0012162758866FORT WORTH TX - 4430			n	36195/100	36195/100	1970-01-01 00:00:00
B	f23e4be0bf0240bca91e440914af0681	bc2b937b95564938b73427dbb6312d00	2024-08-12 00:09:58	2024-08-11 19:49:22	2024-07-29 10:59:00	48c0a9bb8af04622bbb5c2e2aac3f735	Navy Rewards Card		American Airlines	OFX ext. info: |Trans type:Generic debit|Memo:AMERICAN AIR0012162758866FORT WORTH TX - 4430	AMERICAN AIR0012162758866FORT WORTH TX - 4430		c	-36195/100	-36195/100	2024-08-11 20:19:11
===== END
===== START
C	f23e4be0bf0240bca91e440914af0681	38d2675cfbae41069d47b57f9f0b3243	2024-08-12 00:09:58	2024-08-11 19:49:22	2024-07-29 10:59:00	d3c68d09f17f41fd847d470b8ca9a445	Transportation		American Airlines	OFX ext. info: |Trans type:Generic debit|Memo:AMERICAN AIR0012162758866FORT WORTH TX - 4430			n	36195/100	36195/100	1970-01-01 00:00:00
C	f23e4be0bf0240bca91e440914af0681	bc2b937b95564938b73427dbb6312d00	2024-08-12 00:09:58	2024-08-11 19:49:22	2024-07-29 10:59:00	48c0a9bb8af04622bbb5c2e2aac3f735	Navy Rewards Card		American Airlines	OFX ext. info: |Trans type:Generic debit|Memo:AMERICAN AIR0012162758866FORT WORTH TX - 4430	AMERICAN AIR0012162758866FORT WORTH TX - 4430		c	-36195/100	-36195/100	2024-08-11 20:19:11
===== END
===== START
D	9c69cc159b724523afe6b3425c3e969a	a7967662ba6b46b3b64c9f046ce088fd	2024-08-12 00:10:04	2024-08-12 00:10:04	2024-08-11 10:59:00								n	0/1	0/100	1970-01-01 00:00:00
===== END
===== START
===== END
===== START
B	8db71ed18d3a4b7f9478285fad390a1a	9dfc4cfb11c24fe58b46bb0071c69693	2024-08-12 00:10:46	2024-01-21 17:09:53	2024-01-08 10:59:00	00785621cb0d46609fa7bfc63b0654ff	Car	0001	Uber				n	612/100	612/100	1970-01-01 00:00:00
B	8db71ed18d3a4b7f9478285fad390a1a	3cdaa1f30c39454da95f9c93ab4534ca	2024-08-12 00:10:46	2024-01-21 17:09:53	2024-01-08 10:59:00	48c0a9bb8af04622bbb5c2e2aac3f735	Navy Rewards Card	0001	Uber				c	-612/100	-612/100	2024-01-21 17:09:53
===== END
===== START
C	8db71ed18d3a4b7f9478285fad390a1a	9dfc4cfb11c24fe58b46bb0071c69693	2024-08-12 00:10:46	2024-01-21 17:09:53	2024-01-08 10:59:00	d3c68d09f17f41fd847d470b8ca9a445	Transportation	0001	Uber				n	612/100	612/100	1970-01-01 00:00:00
C	8db71ed18d3a4b7f9478285fad390a1a	3cdaa1f30c39454da95f9c93ab4534ca	2024-08-12 00:10:46	2024-01-21 17:09:53	2024-01-08 10:59:00	48c0a9bb8af04622bbb5c2e2aac3f735	Navy Rewards Card	0001	Uber				c	-612/100	-612/100	2024-01-21 17:09:53
===== END
===== START
D	34f0213cd6f349d89565474885503c2e	cbfb10c14aef467481223b0d26e6f2bc	2024-08-12 00:10:51	2024-08-12 00:10:51	2024-08-11 10:59:00								n	0/1	0/100	1970-01-01 00:00:00
===== END
===== START
===== END
