mod	trans_guid	split_guid	time_now	date_entered	date_posted	acc_guid	acc_name	num	description	notes	memo	action	reconciled	amount	value	date_reconciled
-----------------
===== START
D	bfd98984b9464a0789b5bfa6de9be3c5	69ec04661b244e598a8fc94515fee866	2024-08-11 21:34:19	2024-08-11 21:34:19	2024-08-11 10:59:00								n	0/1	0/100	1970-01-01 00:00:00
===== END
===== START
===== END
===== START
B	32033361aefe498b92f104a8376b2ab7	7f96052ff0c44ccdb6f5d72d61a9576b	2024-08-11 21:35:06	2024-02-25 23:19:27	2024-02-22 10:59:00	67cd0bb5e93c45a2b2011c26f75311f4	Bank CD		Dirty Dawgs	OFX ext. info: |Trans type:Generic debit|Memo:DIRTY DAWGS TUCSON HTTPSDIRTYDAWAZ - 0001|Date funds available:2024-02-21 12:00:00			n	1500/100	1500/100	1970-01-01 00:00:00
B	32033361aefe498b92f104a8376b2ab7	6613a9bd956d4ac5956a55e5e95930e6	2024-08-11 21:35:06	2024-02-25 23:19:27	2024-02-22 10:59:00	48c0a9bb8af04622bbb5c2e2aac3f735	Navy Rewards Card		Dirty Dawgs	OFX ext. info: |Trans type:Generic debit|Memo:DIRTY DAWGS TUCSON HTTPSDIRTYDAWAZ - 0001|Date funds available:2024-02-21 12:00:00	DIRTY DAWGS TUCSON HTTPSDIRTYDAWAZ - 0001		c	-1500/100	-1500/100	2024-02-25 23:24:33
===== END
===== START
C	32033361aefe498b92f104a8376b2ab7	7f96052ff0c44ccdb6f5d72d61a9576b	2024-08-11 21:35:06	2024-02-25 23:19:27	2024-02-22 10:59:00	0287a1bc9c4949d4a9997f42ef1fe557	Pet Care		Dirty Dawgs	OFX ext. info: |Trans type:Generic debit|Memo:DIRTY DAWGS TUCSON HTTPSDIRTYDAWAZ - 0001|Date funds available:2024-02-21 12:00:00			n	1500/100	1500/100	1970-01-01 00:00:00
C	32033361aefe498b92f104a8376b2ab7	6613a9bd956d4ac5956a55e5e95930e6	2024-08-11 21:35:06	2024-02-25 23:19:27	2024-02-22 10:59:00	48c0a9bb8af04622bbb5c2e2aac3f735	Navy Rewards Card		Dirty Dawgs	OFX ext. info: |Trans type:Generic debit|Memo:DIRTY DAWGS TUCSON HTTPSDIRTYDAWAZ - 0001|Date funds available:2024-02-21 12:00:00	DIRTY DAWGS TUCSON HTTPSDIRTYDAWAZ - 0001		c	-1500/100	-1500/100	2024-02-25 23:24:33
===== END
===== START
D	7c3d5a77220a417d872640d68bd93bef	426cf3d0f9824b66bb887c23393d3a18	2024-08-11 21:35:09	2024-08-11 21:35:09	2024-08-11 10:59:00								n	0/1	0/100	1970-01-01 00:00:00
===== END
===== START
D	374fbe428e30460cb0d25d49b9bec325	ef30aca93b114ec395115d602135d36d	2024-08-11 21:39:33	2024-08-11 21:39:33	2024-08-11 10:59:00								n	0/1	0/100	1970-01-01 00:00:00
===== END
